[0.015s] Invoking command in '/home/harry/ur3e_ws/build/ur3e_new_moveit_config': CMAKE_PREFIX_PATH=/home/harry/ur3e_ws/install/ur3e_moveit_config:/home/harry/ur3e_ws/install/ur_moveit_config:/home/harry/ur3e_ws/install/ur_description:/home/harry/ur3e_ws/install/ur_dashboard_msgs:/home/harry/ur3e_ws/install/ur3e_ros_action_cpp:/home/harry/ur3e_ws/install/ur3e_moveit:/home/harry/ur3e_ws/install/ur3e_ros_data:/home/harry/ur3e_ws/install/ur3e_new_moveit_config:/home/harry/ur3e_ws/install/ur3e_gazebo_sim:/home/harry/ur3e_ws/install/ur3e_ros_action:/opt/ros/iron /usr/bin/cmake --build /home/harry/ur3e_ws/build/ur3e_new_moveit_config -- -j8 -l8
[0.058s] Invoked command in '/home/harry/ur3e_ws/build/ur3e_new_moveit_config' returned '0': CMAKE_PREFIX_PATH=/home/harry/ur3e_ws/install/ur3e_moveit_config:/home/harry/ur3e_ws/install/ur_moveit_config:/home/harry/ur3e_ws/install/ur_description:/home/harry/ur3e_ws/install/ur_dashboard_msgs:/home/harry/ur3e_ws/install/ur3e_ros_action_cpp:/home/harry/ur3e_ws/install/ur3e_moveit:/home/harry/ur3e_ws/install/ur3e_ros_data:/home/harry/ur3e_ws/install/ur3e_new_moveit_config:/home/harry/ur3e_ws/install/ur3e_gazebo_sim:/home/harry/ur3e_ws/install/ur3e_ros_action:/opt/ros/iron /usr/bin/cmake --build /home/harry/ur3e_ws/build/ur3e_new_moveit_config -- -j8 -l8
[0.086s] Invoking command in '/home/harry/ur3e_ws/build/ur3e_new_moveit_config': CMAKE_PREFIX_PATH=/home/harry/ur3e_ws/install/ur3e_moveit_config:/home/harry/ur3e_ws/install/ur_moveit_config:/home/harry/ur3e_ws/install/ur_description:/home/harry/ur3e_ws/install/ur_dashboard_msgs:/home/harry/ur3e_ws/install/ur3e_ros_action_cpp:/home/harry/ur3e_ws/install/ur3e_moveit:/home/harry/ur3e_ws/install/ur3e_ros_data:/home/harry/ur3e_ws/install/ur3e_new_moveit_config:/home/harry/ur3e_ws/install/ur3e_gazebo_sim:/home/harry/ur3e_ws/install/ur3e_ros_action:/opt/ros/iron /usr/bin/cmake --install /home/harry/ur3e_ws/build/ur3e_new_moveit_config
[0.090s] -- Install configuration: ""
[0.090s] -- Up-to-date: /home/harry/ur3e_ws/install/ur3e_new_moveit_config/share/ament_index/resource_index/package_run_dependencies/ur3e_new_moveit_config
[0.090s] -- Up-to-date: /home/harry/ur3e_ws/install/ur3e_new_moveit_config/share/ament_index/resource_index/parent_prefix_path/ur3e_new_moveit_config
[0.090s] -- Up-to-date: /home/harry/ur3e_ws/install/ur3e_new_moveit_config/share/ur3e_new_moveit_config/environment/ament_prefix_path.sh
[0.091s] -- Up-to-date: /home/harry/ur3e_ws/install/ur3e_new_moveit_config/share/ur3e_new_moveit_config/environment/ament_prefix_path.dsv
[0.091s] -- Up-to-date: /home/harry/ur3e_ws/install/ur3e_new_moveit_config/share/ur3e_new_moveit_config/environment/path.sh
[0.091s] -- Up-to-date: /home/harry/ur3e_ws/install/ur3e_new_moveit_config/share/ur3e_new_moveit_config/environment/path.dsv
[0.091s] -- Up-to-date: /home/harry/ur3e_ws/install/ur3e_new_moveit_config/share/ur3e_new_moveit_config/local_setup.bash
[0.091s] -- Up-to-date: /home/harry/ur3e_ws/install/ur3e_new_moveit_config/share/ur3e_new_moveit_config/local_setup.sh
[0.091s] -- Up-to-date: /home/harry/ur3e_ws/install/ur3e_new_moveit_config/share/ur3e_new_moveit_config/local_setup.zsh
[0.092s] -- Up-to-date: /home/harry/ur3e_ws/install/ur3e_new_moveit_config/share/ur3e_new_moveit_config/local_setup.dsv
[0.092s] -- Installing: /home/harry/ur3e_ws/install/ur3e_new_moveit_config/share/ur3e_new_moveit_config/package.dsv
[0.092s] -- Up-to-date: /home/harry/ur3e_ws/install/ur3e_new_moveit_config/share/ament_index/resource_index/packages/ur3e_new_moveit_config
[0.092s] -- Up-to-date: /home/harry/ur3e_ws/install/ur3e_new_moveit_config/share/ur3e_new_moveit_config/cmake/ur3e_new_moveit_configConfig.cmake
[0.093s] -- Up-to-date: /home/harry/ur3e_ws/install/ur3e_new_moveit_config/share/ur3e_new_moveit_config/cmake/ur3e_new_moveit_configConfig-version.cmake
[0.093s] -- Up-to-date: /home/harry/ur3e_ws/install/ur3e_new_moveit_config/share/ur3e_new_moveit_config/package.xml
[0.093s] -- Up-to-date: /home/harry/ur3e_ws/install/ur3e_new_moveit_config/share/ur3e_new_moveit_config/launch
[0.093s] -- Up-to-date: /home/harry/ur3e_ws/install/ur3e_new_moveit_config/share/ur3e_new_moveit_config/launch/setup_assistant.launch.py
[0.093s] -- Up-to-date: /home/harry/ur3e_ws/install/ur3e_new_moveit_config/share/ur3e_new_moveit_config/launch/spawn_controllers.launch.py
[0.093s] -- Up-to-date: /home/harry/ur3e_ws/install/ur3e_new_moveit_config/share/ur3e_new_moveit_config/launch/warehouse_db.launch.py
[0.094s] -- Up-to-date: /home/harry/ur3e_ws/install/ur3e_new_moveit_config/share/ur3e_new_moveit_config/launch/rsp.launch.py
[0.094s] -- Up-to-date: /home/harry/ur3e_ws/install/ur3e_new_moveit_config/share/ur3e_new_moveit_config/launch/static_virtual_joint_tfs.launch.py
[0.094s] -- Up-to-date: /home/harry/ur3e_ws/install/ur3e_new_moveit_config/share/ur3e_new_moveit_config/launch/move_group.launch.py
[0.094s] -- Up-to-date: /home/harry/ur3e_ws/install/ur3e_new_moveit_config/share/ur3e_new_moveit_config/launch/demo.launch.py
[0.094s] -- Up-to-date: /home/harry/ur3e_ws/install/ur3e_new_moveit_config/share/ur3e_new_moveit_config/launch/moveit_rviz.launch.py
[0.094s] -- Up-to-date: /home/harry/ur3e_ws/install/ur3e_new_moveit_config/share/ur3e_new_moveit_config/config
[0.095s] -- Up-to-date: /home/harry/ur3e_ws/install/ur3e_new_moveit_config/share/ur3e_new_moveit_config/config/initial_positions.yaml
[0.095s] -- Up-to-date: /home/harry/ur3e_ws/install/ur3e_new_moveit_config/share/ur3e_new_moveit_config/config/ur3e.ros2_control.xacro
[0.095s] -- Up-to-date: /home/harry/ur3e_ws/install/ur3e_new_moveit_config/share/ur3e_new_moveit_config/config/moveit_controllers.yaml
[0.095s] -- Up-to-date: /home/harry/ur3e_ws/install/ur3e_new_moveit_config/share/ur3e_new_moveit_config/config/ros2_controllers.yaml
[0.095s] -- Up-to-date: /home/harry/ur3e_ws/install/ur3e_new_moveit_config/share/ur3e_new_moveit_config/config/ur3e.srdf
[0.095s] -- Up-to-date: /home/harry/ur3e_ws/install/ur3e_new_moveit_config/share/ur3e_new_moveit_config/config/moveit.rviz
[0.095s] -- Up-to-date: /home/harry/ur3e_ws/install/ur3e_new_moveit_config/share/ur3e_new_moveit_config/config/ur3e.urdf.xacro
[0.095s] -- Up-to-date: /home/harry/ur3e_ws/install/ur3e_new_moveit_config/share/ur3e_new_moveit_config/config/joint_limits.yaml
[0.096s] -- Up-to-date: /home/harry/ur3e_ws/install/ur3e_new_moveit_config/share/ur3e_new_moveit_config/config/kinematics.yaml
[0.096s] -- Up-to-date: /home/harry/ur3e_ws/install/ur3e_new_moveit_config/share/ur3e_new_moveit_config/config/pilz_cartesian_limits.yaml
[0.096s] -- Up-to-date: /home/harry/ur3e_ws/install/ur3e_new_moveit_config/share/ur3e_new_moveit_config/.setup_assistant
[0.101s] Invoked command in '/home/harry/ur3e_ws/build/ur3e_new_moveit_config' returned '0': CMAKE_PREFIX_PATH=/home/harry/ur3e_ws/install/ur3e_moveit_config:/home/harry/ur3e_ws/install/ur_moveit_config:/home/harry/ur3e_ws/install/ur_description:/home/harry/ur3e_ws/install/ur_dashboard_msgs:/home/harry/ur3e_ws/install/ur3e_ros_action_cpp:/home/harry/ur3e_ws/install/ur3e_moveit:/home/harry/ur3e_ws/install/ur3e_ros_data:/home/harry/ur3e_ws/install/ur3e_new_moveit_config:/home/harry/ur3e_ws/install/ur3e_gazebo_sim:/home/harry/ur3e_ws/install/ur3e_ros_action:/opt/ros/iron /usr/bin/cmake --install /home/harry/ur3e_ws/build/ur3e_new_moveit_config
