[0.018s] Invoking command in '/home/harry/ur3e_ws/build/ur3e_moveit_config': CMAKE_PREFIX_PATH=${CMAKE_PREFIX_PATH}:/home/harry/ur3e_ws/src/install/ur3e_ros_action:/home/harry/ur3e_ws/install/ur3e_ros_action:/opt/ros/iron /usr/bin/cmake --build /home/harry/ur3e_ws/build/ur3e_moveit_config -- -j8 -l8
[0.225s] -- Found ament_cmake: 2.0.4 (/opt/ros/iron/share/ament_cmake/cmake)
[0.225s] -- Found ament_lint_auto: 0.14.3 (/opt/ros/iron/share/ament_lint_auto/cmake)
[0.225s] -- Added test 'lint_cmake' to check CMake code style
[0.225s] -- Added test 'xmllint' to check XML markup files
[0.225s] -- Configuring done
[0.225s] -- Generating done
[0.225s] -- Build files have been written to: /home/harry/ur3e_ws/build/ur3e_moveit_config
[0.231s] Invoked command in '/home/harry/ur3e_ws/build/ur3e_moveit_config' returned '0': CMAKE_PREFIX_PATH=${CMAKE_PREFIX_PATH}:/home/harry/ur3e_ws/src/install/ur3e_ros_action:/home/harry/ur3e_ws/install/ur3e_ros_action:/opt/ros/iron /usr/bin/cmake --build /home/harry/ur3e_ws/build/ur3e_moveit_config -- -j8 -l8
[0.254s] Invoking command in '/home/harry/ur3e_ws/build/ur3e_moveit_config': CMAKE_PREFIX_PATH=${CMAKE_PREFIX_PATH}:/home/harry/ur3e_ws/src/install/ur3e_ros_action:/home/harry/ur3e_ws/install/ur3e_ros_action:/opt/ros/iron /usr/bin/cmake --install /home/harry/ur3e_ws/build/ur3e_moveit_config
[0.265s] -- Install configuration: ""
[0.265s] -- Installing: /home/harry/ur3e_ws/install/ur3e_moveit_config/share/ur3e_moveit_config//urdf
[0.265s] -- Installing: /home/harry/ur3e_ws/install/ur3e_moveit_config/share/ur3e_moveit_config//urdf/ur3e_common.xacro
[0.266s] -- Installing: /home/harry/ur3e_ws/install/ur3e_moveit_config/share/ur3e_moveit_config//urdf/ur3e_ros2_control.xacro
[0.266s] -- Installing: /home/harry/ur3e_ws/install/ur3e_moveit_config/share/ur3e_moveit_config//urdf/ur3e_macro.urdf.xacro
[0.266s] -- Installing: /home/harry/ur3e_ws/install/ur3e_moveit_config/share/ur3e_moveit_config//urdf/ur3e_transmission.xacro
[0.266s] -- Installing: /home/harry/ur3e_ws/install/ur3e_moveit_config/share/ur3e_moveit_config//urdf/ur3e.urdf.xacro
[0.266s] -- Up-to-date: /home/harry/ur3e_ws/install/ur3e_moveit_config/share/ament_index/resource_index/package_run_dependencies/ur3e_moveit_config
[0.266s] -- Installing: /home/harry/ur3e_ws/install/ur3e_moveit_config/share/ament_index/resource_index/parent_prefix_path/ur3e_moveit_config
[0.266s] -- Up-to-date: /home/harry/ur3e_ws/install/ur3e_moveit_config/share/ur3e_moveit_config/environment/ament_prefix_path.sh
[0.266s] -- Up-to-date: /home/harry/ur3e_ws/install/ur3e_moveit_config/share/ur3e_moveit_config/environment/ament_prefix_path.dsv
[0.266s] -- Up-to-date: /home/harry/ur3e_ws/install/ur3e_moveit_config/share/ur3e_moveit_config/environment/path.sh
[0.266s] -- Up-to-date: /home/harry/ur3e_ws/install/ur3e_moveit_config/share/ur3e_moveit_config/environment/path.dsv
[0.266s] -- Up-to-date: /home/harry/ur3e_ws/install/ur3e_moveit_config/share/ur3e_moveit_config/local_setup.bash
[0.267s] -- Up-to-date: /home/harry/ur3e_ws/install/ur3e_moveit_config/share/ur3e_moveit_config/local_setup.sh
[0.267s] -- Up-to-date: /home/harry/ur3e_ws/install/ur3e_moveit_config/share/ur3e_moveit_config/local_setup.zsh
[0.267s] -- Up-to-date: /home/harry/ur3e_ws/install/ur3e_moveit_config/share/ur3e_moveit_config/local_setup.dsv
[0.267s] -- Up-to-date: /home/harry/ur3e_ws/install/ur3e_moveit_config/share/ur3e_moveit_config/package.dsv
[0.267s] -- Up-to-date: /home/harry/ur3e_ws/install/ur3e_moveit_config/share/ament_index/resource_index/packages/ur3e_moveit_config
[0.267s] -- Up-to-date: /home/harry/ur3e_ws/install/ur3e_moveit_config/share/ur3e_moveit_config/cmake/ur3e_moveit_configConfig.cmake
[0.267s] -- Up-to-date: /home/harry/ur3e_ws/install/ur3e_moveit_config/share/ur3e_moveit_config/cmake/ur3e_moveit_configConfig-version.cmake
[0.267s] -- Up-to-date: /home/harry/ur3e_ws/install/ur3e_moveit_config/share/ur3e_moveit_config/package.xml
[0.274s] Invoked command in '/home/harry/ur3e_ws/build/ur3e_moveit_config' returned '0': CMAKE_PREFIX_PATH=${CMAKE_PREFIX_PATH}:/home/harry/ur3e_ws/src/install/ur3e_ros_action:/home/harry/ur3e_ws/install/ur3e_ros_action:/opt/ros/iron /usr/bin/cmake --install /home/harry/ur3e_ws/build/ur3e_moveit_config
