[  2%] Built target ur3e_ros_data__rosidl_generator_type_description
[  2%] Built target ament_cmake_python_copy_ur3e_ros_data
[ 20%] Built target ur3e_ros_data__rosidl_generator_c
[ 22%] Built target ur3e_ros_data__cpp
[ 31%] Built target ur3e_ros_data__rosidl_typesupport_introspection_c
[ 50%] Built target ur3e_ros_data__rosidl_typesupport_fastrtps_c
[ 50%] Built target ur3e_ros_data__rosidl_typesupport_c
[ 59%] Built target ur3e_ros_data__rosidl_typesupport_introspection_cpp
[ 68%] Built target ur3e_ros_data__rosidl_typesupport_cpp
[ 77%] Built target ur3e_ros_data__rosidl_typesupport_fastrtps_cpp
[ 77%] Built target ur3e_ros_data
[ 79%] Built target ur3e_ros_data__py
[ 86%] Built target ur3e_ros_data__rosidl_generator_py
[ 90%] Built target ur3e_ros_data__rosidl_typesupport_introspection_c__pyext
[ 95%] Built target ur3e_ros_data__rosidl_typesupport_c__pyext
[100%] Built target ur3e_ros_data__rosidl_typesupport_fastrtps_c__pyext
running egg_info
writing ur3e_ros_data.egg-info/PKG-INFO
writing dependency_links to ur3e_ros_data.egg-info/dependency_links.txt
writing top-level names to ur3e_ros_data.egg-info/top_level.txt
reading manifest file 'ur3e_ros_data.egg-info/SOURCES.txt'
writing manifest file 'ur3e_ros_data.egg-info/SOURCES.txt'
[100%] Built target ament_cmake_python_build_ur3e_ros_data_egg
