[0.032s] Invoking command in '/home/harry/ur3e_ws/build/ur3e_ros_data': CMAKE_PREFIX_PATH=${CMAKE_PREFIX_PATH}:/home/harry/ur3e_ws/install/ur3e_ros_action:/opt/ros/iron /usr/bin/cmake --build /home/harry/ur3e_ws/build/ur3e_ros_data -- -j8 -l8
[0.211s] [  2%] Built target ur3e_ros_data__rosidl_generator_type_description
[0.211s] [  2%] Built target ament_cmake_python_copy_ur3e_ros_data
[0.211s] [ 20%] Built target ur3e_ros_data__rosidl_generator_c
[0.211s] [ 22%] Built target ur3e_ros_data__cpp
[0.211s] [ 31%] Built target ur3e_ros_data__rosidl_typesupport_introspection_c
[0.211s] [ 50%] Built target ur3e_ros_data__rosidl_typesupport_fastrtps_c
[0.211s] [ 50%] Built target ur3e_ros_data__rosidl_typesupport_c
[0.212s] [ 59%] Built target ur3e_ros_data__rosidl_typesupport_introspection_cpp
[0.212s] [ 68%] Built target ur3e_ros_data__rosidl_typesupport_cpp
[0.212s] [ 77%] Built target ur3e_ros_data__rosidl_typesupport_fastrtps_cpp
[0.212s] [ 77%] Built target ur3e_ros_data
[0.212s] [ 79%] Built target ur3e_ros_data__py
[0.212s] [ 86%] Built target ur3e_ros_data__rosidl_generator_py
[0.212s] [ 90%] Built target ur3e_ros_data__rosidl_typesupport_introspection_c__pyext
[0.212s] [ 95%] Built target ur3e_ros_data__rosidl_typesupport_c__pyext
[0.212s] [100%] Built target ur3e_ros_data__rosidl_typesupport_fastrtps_c__pyext
[0.246s] running egg_info
[0.246s] writing ur3e_ros_data.egg-info/PKG-INFO
[0.247s] writing dependency_links to ur3e_ros_data.egg-info/dependency_links.txt
[0.247s] writing top-level names to ur3e_ros_data.egg-info/top_level.txt
[0.249s] reading manifest file 'ur3e_ros_data.egg-info/SOURCES.txt'
[0.250s] writing manifest file 'ur3e_ros_data.egg-info/SOURCES.txt'
[0.270s] [100%] Built target ament_cmake_python_build_ur3e_ros_data_egg
