[0.007s] Invoking command in '/home/harry/ur3e_ws/build/ur3e_ros_action_cpp': AMENT_PREFIX_PATH=/home/harry/ur3e_ws/install/ur3e_ros_data:${AMENT_PREFIX_PATH} CMAKE_PREFIX_PATH=/home/harry/ur3e_ws/install/ur3e_ros_data:/opt/ros/iron LD_LIBRARY_PATH=/home/harry/ur3e_ws/install/ur3e_ros_data/lib:${LD_LIBRARY_PATH} PYTHONPATH=/home/harry/ur3e_ws/install/ur3e_ros_data/lib/python3.10/site-packages:${PYTHONPATH} /usr/bin/cmake --build /home/harry/ur3e_ws/build/ur3e_ros_action_cpp -- -j8 -l8
[0.022s] -- Found ament_cmake: 2.0.4 (/opt/ros/iron/share/ament_cmake/cmake)
[0.142s] -- Found ur3e_ros_data: 0.0.0 (/home/harry/ur3e_ws/install/ur3e_ros_data/share/ur3e_ros_data/cmake)
[0.158s] -- Found rosidl_generator_c: 4.0.1 (/opt/ros/iron/share/rosidl_generator_c/cmake)
[0.164s] -- Found rosidl_generator_cpp: 4.0.1 (/opt/ros/iron/share/rosidl_generator_cpp/cmake)
[0.172s] -- Using all available rosidl_typesupport_c: rosidl_typesupport_fastrtps_c;rosidl_typesupport_introspection_c
[0.182s] -- Using all available rosidl_typesupport_cpp: rosidl_typesupport_fastrtps_cpp;rosidl_typesupport_introspection_cpp
[0.330s] -- Found std_msgs: 5.0.0 (/opt/ros/iron/share/std_msgs/cmake)
[0.349s] -- Found rclcpp: 21.0.5 (/opt/ros/iron/share/rclcpp/cmake)
[0.406s] -- Found rmw_implementation_cmake: 7.1.0 (/opt/ros/iron/share/rmw_implementation_cmake/cmake)
[0.406s] -- Found rmw_fastrtps_cpp: 7.1.3 (/opt/ros/iron/share/rmw_fastrtps_cpp/cmake)
[0.482s] -- Using RMW implementation 'rmw_fastrtps_cpp' as default
[0.578s] -- Found rclcpp_action: 21.0.5 (/opt/ros/iron/share/rclcpp_action/cmake)
[0.600s] -- Found rclcpp_components: 21.0.5 (/opt/ros/iron/share/rclcpp_components/cmake)
[0.660s] [31mCMake Error at CMakeLists.txt:15 (find_package):
[0.660s]   By not providing "Findmoveit_ros_planning_interface.cmake" in
[0.660s]   CMAKE_MODULE_PATH this project has asked CMake to find a package
[0.660s]   configuration file provided by "moveit_ros_planning_interface", but CMake
[0.660s]   did not find one.
[0.660s] 
[0.660s]   Could not find a package configuration file provided by
[0.660s]   "moveit_ros_planning_interface" with any of the following names:
[0.660s] 
[0.660s]     moveit_ros_planning_interfaceConfig.cmake
[0.660s]     moveit_ros_planning_interface-config.cmake
[0.660s] 
[0.660s]   Add the installation prefix of "moveit_ros_planning_interface" to
[0.660s]   CMAKE_PREFIX_PATH or set "moveit_ros_planning_interface_DIR" to a directory
[0.660s]   containing one of the above files.  If "moveit_ros_planning_interface"
[0.660s]   provides a separate development package or SDK, be sure it has been
[0.660s]   installed.
[0.660s] 
[0.660s] [0m
[0.660s] -- Configuring incomplete, errors occurred!
[0.660s] See also "/home/harry/ur3e_ws/build/ur3e_ros_action_cpp/CMakeFiles/CMakeOutput.log".
[0.668s] gmake: *** [Makefile:267: cmake_check_build_system] Error 1
[0.669s] Invoked command in '/home/harry/ur3e_ws/build/ur3e_ros_action_cpp' returned '2': AMENT_PREFIX_PATH=/home/harry/ur3e_ws/install/ur3e_ros_data:${AMENT_PREFIX_PATH} CMAKE_PREFIX_PATH=/home/harry/ur3e_ws/install/ur3e_ros_data:/opt/ros/iron LD_LIBRARY_PATH=/home/harry/ur3e_ws/install/ur3e_ros_data/lib:${LD_LIBRARY_PATH} PYTHONPATH=/home/harry/ur3e_ws/install/ur3e_ros_data/lib/python3.10/site-packages:${PYTHONPATH} /usr/bin/cmake --build /home/harry/ur3e_ws/build/ur3e_ros_action_cpp -- -j8 -l8
