[0.606s] DEBUG:colcon:Command line arguments: ['/usr/bin/colcon', 'build', '--packages-select', 'ur3e_moveit']
[0.607s] DEBUG:colcon:Parsed command line arguments: Namespace(log_base=None, log_level=None, verb_name='build', build_base='build', install_base='install', merge_install=False, symlink_install=False, test_result_base=None, continue_on_error=False, executor='parallel', parallel_workers=2, event_handlers=None, ignore_user_meta=False, metas=['./colcon.meta'], base_paths=['.'], packages_ignore=None, packages_ignore_regex=None, paths=None, packages_up_to=None, packages_up_to_regex=None, packages_above=None, packages_above_and_dependencies=None, packages_above_depth=None, packages_select_by_dep=None, packages_skip_by_dep=None, packages_skip_up_to=None, packages_select_build_failed=False, packages_skip_build_finished=False, packages_select_test_failures=False, packages_skip_test_passed=False, packages_select=['ur3e_moveit'], packages_skip=None, packages_select_regex=None, packages_skip_regex=None, packages_start=None, packages_end=None, allow_overriding=[], cmake_args=None, cmake_target=None, cmake_target_skip_unavailable=False, cmake_clean_cache=False, cmake_clean_first=False, cmake_force_configure=False, ament_cmake_args=None, catkin_cmake_args=None, catkin_skip_building_tests=False, mixin_files=None, mixin=None, verb_parser=<colcon_mixin.mixin.mixin_argument.MixinArgumentDecorator object at 0x7ecc7a617220>, verb_extension=<colcon_core.verb.build.BuildVerb object at 0x7ecc7a737850>, main=<bound method BuildVerb.main of <colcon_core.verb.build.BuildVerb object at 0x7ecc7a737850>>, mixin_verb=('build',))
[1.311s] Level 1:colcon.colcon_core.package_discovery:discover_packages(colcon_meta) check parameters
[1.312s] Level 1:colcon.colcon_core.package_discovery:discover_packages(recursive) check parameters
[1.312s] Level 1:colcon.colcon_core.package_discovery:discover_packages(ignore) check parameters
[1.312s] Level 1:colcon.colcon_core.package_discovery:discover_packages(path) check parameters
[1.313s] Level 1:colcon.colcon_core.package_discovery:discover_packages(colcon_meta) discover
[1.313s] Level 1:colcon.colcon_core.package_discovery:discover_packages(recursive) discover
[1.313s] INFO:colcon.colcon_core.package_discovery:Crawling recursively for packages in '/home/harry/ur3e_ws/src'
[1.313s] Level 1:colcon.colcon_core.package_identification:_identify(.) by extensions ['ignore', 'ignore_ament_install']
[1.314s] Level 1:colcon.colcon_core.package_identification:_identify(.) by extension 'ignore'
[1.314s] Level 1:colcon.colcon_core.package_identification:_identify(.) by extension 'ignore_ament_install'
[1.314s] Level 1:colcon.colcon_core.package_identification:_identify(.) by extensions ['colcon_pkg']
[1.314s] Level 1:colcon.colcon_core.package_identification:_identify(.) by extension 'colcon_pkg'
[1.315s] Level 1:colcon.colcon_core.package_identification:_identify(.) by extensions ['colcon_meta']
[1.315s] Level 1:colcon.colcon_core.package_identification:_identify(.) by extension 'colcon_meta'
[1.315s] Level 1:colcon.colcon_core.package_identification:_identify(.) by extensions ['ros']
[1.315s] Level 1:colcon.colcon_core.package_identification:_identify(.) by extension 'ros'
[1.354s] Level 1:colcon.colcon_core.package_identification:_identify(.) by extensions ['cmake', 'python']
[1.355s] Level 1:colcon.colcon_core.package_identification:_identify(.) by extension 'cmake'
[1.355s] Level 1:colcon.colcon_core.package_identification:_identify(.) by extension 'python'
[1.355s] Level 1:colcon.colcon_core.package_identification:_identify(.) by extensions ['python_setup_py']
[1.355s] Level 1:colcon.colcon_core.package_identification:_identify(.) by extension 'python_setup_py'
[1.356s] Level 1:colcon.colcon_core.package_identification:_identify(build) by extensions ['ignore', 'ignore_ament_install']
[1.356s] Level 1:colcon.colcon_core.package_identification:_identify(build) by extension 'ignore'
[1.356s] Level 1:colcon.colcon_core.package_identification:_identify(build) ignored
[1.357s] Level 1:colcon.colcon_core.package_identification:_identify(install) by extensions ['ignore', 'ignore_ament_install']
[1.358s] Level 1:colcon.colcon_core.package_identification:_identify(install) by extension 'ignore'
[1.358s] Level 1:colcon.colcon_core.package_identification:_identify(install) ignored
[1.358s] Level 1:colcon.colcon_core.package_identification:_identify(log) by extensions ['ignore', 'ignore_ament_install']
[1.359s] Level 1:colcon.colcon_core.package_identification:_identify(log) by extension 'ignore'
[1.359s] Level 1:colcon.colcon_core.package_identification:_identify(log) ignored
[1.359s] Level 1:colcon.colcon_core.package_identification:_identify(ur3e_gazebo_sim) by extensions ['ignore', 'ignore_ament_install']
[1.360s] Level 1:colcon.colcon_core.package_identification:_identify(ur3e_gazebo_sim) by extension 'ignore'
[1.360s] Level 1:colcon.colcon_core.package_identification:_identify(ur3e_gazebo_sim) by extension 'ignore_ament_install'
[1.360s] Level 1:colcon.colcon_core.package_identification:_identify(ur3e_gazebo_sim) by extensions ['colcon_pkg']
[1.360s] Level 1:colcon.colcon_core.package_identification:_identify(ur3e_gazebo_sim) by extension 'colcon_pkg'
[1.360s] Level 1:colcon.colcon_core.package_identification:_identify(ur3e_gazebo_sim) by extensions ['colcon_meta']
[1.361s] Level 1:colcon.colcon_core.package_identification:_identify(ur3e_gazebo_sim) by extension 'colcon_meta'
[1.361s] Level 1:colcon.colcon_core.package_identification:_identify(ur3e_gazebo_sim) by extensions ['ros']
[1.361s] Level 1:colcon.colcon_core.package_identification:_identify(ur3e_gazebo_sim) by extension 'ros'
[1.374s] DEBUG:colcon.colcon_core.package_identification:Package 'ur3e_gazebo_sim' with type 'ros.ament_cmake' and name 'ur3e_gazebo_sim'
[1.375s] Level 1:colcon.colcon_core.package_identification:_identify(ur3e_moveit) by extensions ['ignore', 'ignore_ament_install']
[1.375s] Level 1:colcon.colcon_core.package_identification:_identify(ur3e_moveit) by extension 'ignore'
[1.376s] Level 1:colcon.colcon_core.package_identification:_identify(ur3e_moveit) by extension 'ignore_ament_install'
[1.376s] Level 1:colcon.colcon_core.package_identification:_identify(ur3e_moveit) by extensions ['colcon_pkg']
[1.376s] Level 1:colcon.colcon_core.package_identification:_identify(ur3e_moveit) by extension 'colcon_pkg'
[1.376s] Level 1:colcon.colcon_core.package_identification:_identify(ur3e_moveit) by extensions ['colcon_meta']
[1.376s] Level 1:colcon.colcon_core.package_identification:_identify(ur3e_moveit) by extension 'colcon_meta'
[1.377s] Level 1:colcon.colcon_core.package_identification:_identify(ur3e_moveit) by extensions ['ros']
[1.377s] Level 1:colcon.colcon_core.package_identification:_identify(ur3e_moveit) by extension 'ros'
[1.379s] DEBUG:colcon.colcon_core.package_identification:Package 'ur3e_moveit' with type 'ros.ament_cmake' and name 'ur3e_moveit'
[1.380s] Level 1:colcon.colcon_core.package_identification:_identify(ur3e_ros_action) by extensions ['ignore', 'ignore_ament_install']
[1.381s] Level 1:colcon.colcon_core.package_identification:_identify(ur3e_ros_action) by extension 'ignore'
[1.381s] Level 1:colcon.colcon_core.package_identification:_identify(ur3e_ros_action) by extension 'ignore_ament_install'
[1.381s] Level 1:colcon.colcon_core.package_identification:_identify(ur3e_ros_action) by extensions ['colcon_pkg']
[1.381s] Level 1:colcon.colcon_core.package_identification:_identify(ur3e_ros_action) by extension 'colcon_pkg'
[1.382s] Level 1:colcon.colcon_core.package_identification:_identify(ur3e_ros_action) by extensions ['colcon_meta']
[1.382s] Level 1:colcon.colcon_core.package_identification:_identify(ur3e_ros_action) by extension 'colcon_meta'
[1.382s] Level 1:colcon.colcon_core.package_identification:_identify(ur3e_ros_action) by extensions ['ros']
[1.382s] Level 1:colcon.colcon_core.package_identification:_identify(ur3e_ros_action) by extension 'ros'
[1.384s] DEBUG:colcon.colcon_core.package_identification:Package 'ur3e_ros_action' with type 'ros.ament_python' and name 'ur3e_ros_action'
[1.384s] Level 1:colcon.colcon_core.package_identification:_identify(ur3e_ros_action_cpp) by extensions ['ignore', 'ignore_ament_install']
[1.385s] Level 1:colcon.colcon_core.package_identification:_identify(ur3e_ros_action_cpp) by extension 'ignore'
[1.389s] Level 1:colcon.colcon_core.package_identification:_identify(ur3e_ros_action_cpp) by extension 'ignore_ament_install'
[1.389s] Level 1:colcon.colcon_core.package_identification:_identify(ur3e_ros_action_cpp) by extensions ['colcon_pkg']
[1.389s] Level 1:colcon.colcon_core.package_identification:_identify(ur3e_ros_action_cpp) by extension 'colcon_pkg'
[1.390s] Level 1:colcon.colcon_core.package_identification:_identify(ur3e_ros_action_cpp) by extensions ['colcon_meta']
[1.390s] Level 1:colcon.colcon_core.package_identification:_identify(ur3e_ros_action_cpp) by extension 'colcon_meta'
[1.390s] Level 1:colcon.colcon_core.package_identification:_identify(ur3e_ros_action_cpp) by extensions ['ros']
[1.390s] Level 1:colcon.colcon_core.package_identification:_identify(ur3e_ros_action_cpp) by extension 'ros'
[1.432s] DEBUG:colcon.colcon_core.package_identification:Package 'ur3e_ros_action_cpp' with type 'ros.ament_cmake' and name 'ur3e_ros_action_cpp'
[1.433s] Level 1:colcon.colcon_core.package_identification:_identify(ur3e_ros_data) by extensions ['ignore', 'ignore_ament_install']
[1.433s] Level 1:colcon.colcon_core.package_identification:_identify(ur3e_ros_data) by extension 'ignore'
[1.434s] Level 1:colcon.colcon_core.package_identification:_identify(ur3e_ros_data) by extension 'ignore_ament_install'
[1.434s] Level 1:colcon.colcon_core.package_identification:_identify(ur3e_ros_data) by extensions ['colcon_pkg']
[1.434s] Level 1:colcon.colcon_core.package_identification:_identify(ur3e_ros_data) by extension 'colcon_pkg'
[1.434s] Level 1:colcon.colcon_core.package_identification:_identify(ur3e_ros_data) by extensions ['colcon_meta']
[1.434s] Level 1:colcon.colcon_core.package_identification:_identify(ur3e_ros_data) by extension 'colcon_meta'
[1.434s] Level 1:colcon.colcon_core.package_identification:_identify(ur3e_ros_data) by extensions ['ros']
[1.434s] Level 1:colcon.colcon_core.package_identification:_identify(ur3e_ros_data) by extension 'ros'
[1.437s] DEBUG:colcon.colcon_core.package_identification:Package 'ur3e_ros_data' with type 'ros.ament_cmake' and name 'ur3e_ros_data'
[1.437s] Level 1:colcon.colcon_core.package_discovery:discover_packages(recursive) using defaults
[1.437s] Level 1:colcon.colcon_core.package_discovery:discover_packages(ignore) discover
[1.438s] Level 1:colcon.colcon_core.package_discovery:discover_packages(ignore) using defaults
[1.438s] Level 1:colcon.colcon_core.package_discovery:discover_packages(path) discover
[1.438s] Level 1:colcon.colcon_core.package_discovery:discover_packages(path) using defaults
[1.501s] INFO:colcon.colcon_core.package_selection:Skipping not selected package 'ur3e_gazebo_sim' in 'ur3e_gazebo_sim'
[1.501s] INFO:colcon.colcon_core.package_selection:Skipping not selected package 'ur3e_ros_action' in 'ur3e_ros_action'
[1.501s] INFO:colcon.colcon_core.package_selection:Skipping not selected package 'ur3e_ros_data' in 'ur3e_ros_data'
[1.501s] INFO:colcon.colcon_core.package_selection:Skipping not selected package 'ur3e_ros_action_cpp' in 'ur3e_ros_action_cpp'
[1.507s] Level 1:colcon.colcon_core.package_discovery:discover_packages(prefix_path) check parameters
[1.507s] Level 1:colcon.colcon_core.package_discovery:discover_packages(prefix_path) discover
[1.541s] DEBUG:colcon.colcon_installed_package_information.package_discovery:Found 5 installed packages in /home/harry/ur3e_ws/install
[1.543s] DEBUG:colcon.colcon_installed_package_information.package_discovery:Found 3 installed packages in /home/harry/ur_ws/install
[1.552s] DEBUG:colcon.colcon_installed_package_information.package_discovery:Found 0 installed packages in /home/harry/install
[1.556s] DEBUG:colcon.colcon_installed_package_information.package_discovery:Found 395 installed packages in /opt/ros/iron
[1.561s] Level 1:colcon.colcon_core.package_discovery:discover_packages(prefix_path) using defaults
[1.852s] Level 5:colcon.colcon_core.verb:set package 'ur3e_moveit' build argument 'cmake_args' from command line to 'None'
[1.852s] Level 5:colcon.colcon_core.verb:set package 'ur3e_moveit' build argument 'cmake_target' from command line to 'None'
[1.852s] Level 5:colcon.colcon_core.verb:set package 'ur3e_moveit' build argument 'cmake_target_skip_unavailable' from command line to 'False'
[1.852s] Level 5:colcon.colcon_core.verb:set package 'ur3e_moveit' build argument 'cmake_clean_cache' from command line to 'False'
[1.852s] Level 5:colcon.colcon_core.verb:set package 'ur3e_moveit' build argument 'cmake_clean_first' from command line to 'False'
[1.853s] Level 5:colcon.colcon_core.verb:set package 'ur3e_moveit' build argument 'cmake_force_configure' from command line to 'False'
[1.853s] Level 5:colcon.colcon_core.verb:set package 'ur3e_moveit' build argument 'ament_cmake_args' from command line to 'None'
[1.853s] Level 5:colcon.colcon_core.verb:set package 'ur3e_moveit' build argument 'catkin_cmake_args' from command line to 'None'
[1.853s] Level 5:colcon.colcon_core.verb:set package 'ur3e_moveit' build argument 'catkin_skip_building_tests' from command line to 'False'
[1.854s] DEBUG:colcon.colcon_core.verb:Building package 'ur3e_moveit' with the following arguments: {'ament_cmake_args': None, 'build_base': '/home/harry/ur3e_ws/src/build/ur3e_moveit', 'catkin_cmake_args': None, 'catkin_skip_building_tests': False, 'cmake_args': None, 'cmake_clean_cache': False, 'cmake_clean_first': False, 'cmake_force_configure': False, 'cmake_target': None, 'cmake_target_skip_unavailable': False, 'install_base': '/home/harry/ur3e_ws/src/install/ur3e_moveit', 'merge_install': False, 'path': '/home/harry/ur3e_ws/src/ur3e_moveit', 'symlink_install': False, 'test_result_base': None}
[1.854s] INFO:colcon.colcon_core.executor:Executing jobs using 'parallel' executor
[1.857s] DEBUG:colcon.colcon_parallel_executor.executor.parallel:run_until_complete
[1.858s] INFO:colcon.colcon_ros.task.ament_cmake.build:Building ROS package in '/home/harry/ur3e_ws/src/ur3e_moveit' with build type 'ament_cmake'
[1.858s] INFO:colcon.colcon_cmake.task.cmake.build:Building CMake package in '/home/harry/ur3e_ws/src/ur3e_moveit'
[1.885s] INFO:colcon.colcon_core.plugin_system:Skipping extension 'colcon_core.shell.bat': Not used on non-Windows systems
[1.886s] INFO:colcon.colcon_core.shell:Skip shell extension 'powershell' for command environment: Not usable outside of PowerShell
[1.886s] DEBUG:colcon.colcon_core.shell:Skip shell extension 'dsv' for command environment
[1.906s] WARNING:colcon.colcon_core.shell:The following packages are in the workspace but haven't been built:
- ur3e_ros_data
They are being used from the following locations instead:
- /home/harry/ur3e_ws/install/ur3e_ros_data
To suppress this warning ignore these packages in the workspace:
--packages-ignore ur3e_ros_data
[1.947s] DEBUG:colcon.colcon_core.event_handler.log_command:Invoking command in '/home/harry/ur3e_ws/src/build/ur3e_moveit': CMAKE_PREFIX_PATH=${CMAKE_PREFIX_PATH}:/home/harry/ur3e_ws/install/ur3e_ros_action:/home/harry/ur_ws/install/ur3e_ros_action:/home/harry/ur_ws/install/ur3e_gazebo_sim:/opt/ros/iron /usr/bin/cmake /home/harry/ur3e_ws/src/ur3e_moveit -DCMAKE_INSTALL_PREFIX=/home/harry/ur3e_ws/src/install/ur3e_moveit
[6.264s] DEBUG:colcon.colcon_core.event_handler.log_command:Invoked command in '/home/harry/ur3e_ws/src/build/ur3e_moveit' returned '0': CMAKE_PREFIX_PATH=${CMAKE_PREFIX_PATH}:/home/harry/ur3e_ws/install/ur3e_ros_action:/home/harry/ur_ws/install/ur3e_ros_action:/home/harry/ur_ws/install/ur3e_gazebo_sim:/opt/ros/iron /usr/bin/cmake /home/harry/ur3e_ws/src/ur3e_moveit -DCMAKE_INSTALL_PREFIX=/home/harry/ur3e_ws/src/install/ur3e_moveit
[6.273s] DEBUG:colcon.colcon_core.event_handler.log_command:Invoking command in '/home/harry/ur3e_ws/src/build/ur3e_moveit': CMAKE_PREFIX_PATH=${CMAKE_PREFIX_PATH}:/home/harry/ur3e_ws/install/ur3e_ros_action:/home/harry/ur_ws/install/ur3e_ros_action:/home/harry/ur_ws/install/ur3e_gazebo_sim:/opt/ros/iron /usr/bin/cmake --build /home/harry/ur3e_ws/src/build/ur3e_moveit -- -j2 -l2
[6.441s] DEBUG:colcon.colcon_core.event_handler.log_command:Invoked command in '/home/harry/ur3e_ws/src/build/ur3e_moveit' returned '0': CMAKE_PREFIX_PATH=${CMAKE_PREFIX_PATH}:/home/harry/ur3e_ws/install/ur3e_ros_action:/home/harry/ur_ws/install/ur3e_ros_action:/home/harry/ur_ws/install/ur3e_gazebo_sim:/opt/ros/iron /usr/bin/cmake --build /home/harry/ur3e_ws/src/build/ur3e_moveit -- -j2 -l2
[6.626s] DEBUG:colcon.colcon_core.event_handler.log_command:Invoking command in '/home/harry/ur3e_ws/src/build/ur3e_moveit': CMAKE_PREFIX_PATH=${CMAKE_PREFIX_PATH}:/home/harry/ur3e_ws/install/ur3e_ros_action:/home/harry/ur_ws/install/ur3e_ros_action:/home/harry/ur_ws/install/ur3e_gazebo_sim:/opt/ros/iron /usr/bin/cmake --install /home/harry/ur3e_ws/src/build/ur3e_moveit
[6.693s] Level 1:colcon.colcon_core.environment:create_environment_scripts_only(ur3e_moveit)
[6.695s] DEBUG:colcon.colcon_core.event_handler.log_command:Invoked command in '/home/harry/ur3e_ws/src/build/ur3e_moveit' returned '0': CMAKE_PREFIX_PATH=${CMAKE_PREFIX_PATH}:/home/harry/ur3e_ws/install/ur3e_ros_action:/home/harry/ur_ws/install/ur3e_ros_action:/home/harry/ur_ws/install/ur3e_gazebo_sim:/opt/ros/iron /usr/bin/cmake --install /home/harry/ur3e_ws/src/build/ur3e_moveit
[6.722s] Level 1:colcon.colcon_core.environment:checking '/home/harry/ur3e_ws/src/install/ur3e_moveit' for CMake module files
[6.724s] Level 1:colcon.colcon_core.environment:checking '/home/harry/ur3e_ws/src/install/ur3e_moveit' for CMake config files
[6.725s] Level 1:colcon.colcon_core.shell:create_environment_hook('ur3e_moveit', 'cmake_prefix_path')
[6.726s] INFO:colcon.colcon_core.shell:Creating environment hook '/home/harry/ur3e_ws/src/install/ur3e_moveit/share/ur3e_moveit/hook/cmake_prefix_path.ps1'
[6.732s] INFO:colcon.colcon_core.shell:Creating environment descriptor '/home/harry/ur3e_ws/src/install/ur3e_moveit/share/ur3e_moveit/hook/cmake_prefix_path.dsv'
[6.743s] INFO:colcon.colcon_core.shell:Creating environment hook '/home/harry/ur3e_ws/src/install/ur3e_moveit/share/ur3e_moveit/hook/cmake_prefix_path.sh'
[6.747s] Level 1:colcon.colcon_core.environment:checking '/home/harry/ur3e_ws/src/install/ur3e_moveit/bin'
[6.747s] Level 1:colcon.colcon_core.environment:checking '/home/harry/ur3e_ws/src/install/ur3e_moveit/lib/pkgconfig/ur3e_moveit.pc'
[6.748s] Level 1:colcon.colcon_core.environment:checking '/home/harry/ur3e_ws/src/install/ur3e_moveit/lib/python3.10/site-packages'
[6.749s] Level 1:colcon.colcon_core.environment:checking '/home/harry/ur3e_ws/src/install/ur3e_moveit/bin'
[6.750s] INFO:colcon.colcon_core.shell:Creating package script '/home/harry/ur3e_ws/src/install/ur3e_moveit/share/ur3e_moveit/package.ps1'
[6.761s] INFO:colcon.colcon_core.shell:Creating package descriptor '/home/harry/ur3e_ws/src/install/ur3e_moveit/share/ur3e_moveit/package.dsv'
[6.766s] INFO:colcon.colcon_core.shell:Creating package script '/home/harry/ur3e_ws/src/install/ur3e_moveit/share/ur3e_moveit/package.sh'
[6.771s] INFO:colcon.colcon_core.shell:Creating package script '/home/harry/ur3e_ws/src/install/ur3e_moveit/share/ur3e_moveit/package.bash'
[6.774s] INFO:colcon.colcon_core.shell:Creating package script '/home/harry/ur3e_ws/src/install/ur3e_moveit/share/ur3e_moveit/package.zsh'
[6.778s] Level 1:colcon.colcon_core.environment:create_file_with_runtime_dependencies(/home/harry/ur3e_ws/src/install/ur3e_moveit/share/colcon-core/packages/ur3e_moveit)
[6.894s] Level 1:colcon.colcon_core.environment:create_environment_scripts_only(ur3e_moveit)
[6.895s] Level 1:colcon.colcon_core.environment:checking '/home/harry/ur3e_ws/src/install/ur3e_moveit' for CMake module files
[6.896s] Level 1:colcon.colcon_core.environment:checking '/home/harry/ur3e_ws/src/install/ur3e_moveit' for CMake config files
[6.897s] Level 1:colcon.colcon_core.shell:create_environment_hook('ur3e_moveit', 'cmake_prefix_path')
[6.898s] INFO:colcon.colcon_core.shell:Creating environment hook '/home/harry/ur3e_ws/src/install/ur3e_moveit/share/ur3e_moveit/hook/cmake_prefix_path.ps1'
[6.907s] INFO:colcon.colcon_core.shell:Creating environment descriptor '/home/harry/ur3e_ws/src/install/ur3e_moveit/share/ur3e_moveit/hook/cmake_prefix_path.dsv'
[6.915s] INFO:colcon.colcon_core.shell:Creating environment hook '/home/harry/ur3e_ws/src/install/ur3e_moveit/share/ur3e_moveit/hook/cmake_prefix_path.sh'
[6.917s] Level 1:colcon.colcon_core.environment:checking '/home/harry/ur3e_ws/src/install/ur3e_moveit/bin'
[6.918s] Level 1:colcon.colcon_core.environment:checking '/home/harry/ur3e_ws/src/install/ur3e_moveit/lib/pkgconfig/ur3e_moveit.pc'
[6.919s] Level 1:colcon.colcon_core.environment:checking '/home/harry/ur3e_ws/src/install/ur3e_moveit/lib/python3.10/site-packages'
[6.923s] Level 1:colcon.colcon_core.environment:checking '/home/harry/ur3e_ws/src/install/ur3e_moveit/bin'
[6.924s] INFO:colcon.colcon_core.shell:Creating package script '/home/harry/ur3e_ws/src/install/ur3e_moveit/share/ur3e_moveit/package.ps1'
[6.927s] INFO:colcon.colcon_core.shell:Creating package descriptor '/home/harry/ur3e_ws/src/install/ur3e_moveit/share/ur3e_moveit/package.dsv'
[6.930s] INFO:colcon.colcon_core.shell:Creating package script '/home/harry/ur3e_ws/src/install/ur3e_moveit/share/ur3e_moveit/package.sh'
[6.933s] INFO:colcon.colcon_core.shell:Creating package script '/home/harry/ur3e_ws/src/install/ur3e_moveit/share/ur3e_moveit/package.bash'
[6.935s] INFO:colcon.colcon_core.shell:Creating package script '/home/harry/ur3e_ws/src/install/ur3e_moveit/share/ur3e_moveit/package.zsh'
[6.936s] Level 1:colcon.colcon_core.environment:create_file_with_runtime_dependencies(/home/harry/ur3e_ws/src/install/ur3e_moveit/share/colcon-core/packages/ur3e_moveit)
[6.940s] DEBUG:colcon.colcon_parallel_executor.executor.parallel:closing loop
[6.941s] DEBUG:colcon.colcon_parallel_executor.executor.parallel:loop closed
[6.941s] DEBUG:colcon.colcon_parallel_executor.executor.parallel:run_until_complete finished with '0'
[6.941s] DEBUG:colcon.colcon_core.event_reactor:joining thread
[6.975s] INFO:colcon.colcon_core.plugin_system:Skipping extension 'colcon_notification.desktop_notification.terminal_notifier': Not used on non-Darwin systems
[6.975s] INFO:colcon.colcon_core.plugin_system:Skipping extension 'colcon_notification.desktop_notification.win32': Not used on non-Windows systems
[6.975s] INFO:colcon.colcon_notification.desktop_notification:Sending desktop notification using 'notify2'
[7.054s] DEBUG:colcon.colcon_core.event_reactor:joined thread
[7.056s] INFO:colcon.colcon_core.shell:Creating prefix script '/home/harry/ur3e_ws/src/install/local_setup.ps1'
[7.059s] INFO:colcon.colcon_core.shell:Creating prefix util module '/home/harry/ur3e_ws/src/install/_local_setup_util_ps1.py'
[7.066s] INFO:colcon.colcon_core.shell:Creating prefix chain script '/home/harry/ur3e_ws/src/install/setup.ps1'
[7.080s] INFO:colcon.colcon_core.shell:Creating prefix script '/home/harry/ur3e_ws/src/install/local_setup.sh'
[7.084s] INFO:colcon.colcon_core.shell:Creating prefix util module '/home/harry/ur3e_ws/src/install/_local_setup_util_sh.py'
[7.086s] INFO:colcon.colcon_core.shell:Creating prefix chain script '/home/harry/ur3e_ws/src/install/setup.sh'
[7.093s] INFO:colcon.colcon_core.shell:Creating prefix script '/home/harry/ur3e_ws/src/install/local_setup.bash'
[7.103s] INFO:colcon.colcon_core.shell:Creating prefix chain script '/home/harry/ur3e_ws/src/install/setup.bash'
[7.111s] INFO:colcon.colcon_core.shell:Creating prefix script '/home/harry/ur3e_ws/src/install/local_setup.zsh'
[7.116s] INFO:colcon.colcon_core.shell:Creating prefix chain script '/home/harry/ur3e_ws/src/install/setup.zsh'
