[0.042s] Invoking command in '/home/harry/ur_ws/build/ur3e_ros_data': CMAKE_PREFIX_PATH=/opt/ros/iron /usr/bin/cmake --build /home/harry/ur_ws/build/ur3e_ros_data -- -j2 -l2
[0.137s] -- Found ament_cmake: 2.0.4 (/opt/ros/iron/share/ament_cmake/cmake)
[0.663s] -- Found rosidl_default_generators: 1.5.0 (/opt/ros/iron/share/rosidl_default_generators/cmake)
[0.671s] -- Using all available rosidl_typesupport_c: rosidl_typesupport_fastrtps_c;rosidl_typesupport_introspection_c
[0.787s] -- Using all available rosidl_typesupport_cpp: rosidl_typesupport_fastrtps_cpp;rosidl_typesupport_introspection_cpp
[0.902s] -- Found rosidl_adapter: 4.0.1 (/opt/ros/iron/share/rosidl_adapter/cmake)
[2.715s] -- Found ament_cmake_ros: 0.11.2 (/opt/ros/iron/share/ament_cmake_ros/cmake)
[3.361s] -- Using all available rosidl_typesupport_c: rosidl_typesupport_fastrtps_c;rosidl_typesupport_introspection_c
[4.256s] -- Using all available rosidl_typesupport_cpp: rosidl_typesupport_fastrtps_cpp;rosidl_typesupport_introspection_cpp
[4.318s] -- Found python_cmake_module: 0.10.2 (/opt/ros/iron/share/python_cmake_module/cmake)
[4.404s] -- Using PYTHON_EXECUTABLE: /usr/bin/python3
[4.404s] -- Using PYTHON_INCLUDE_DIRS: /usr/include/python3.10
[4.405s] -- Using PYTHON_LIBRARIES: /usr/lib/x86_64-linux-gnu/libpython3.10.so
[4.489s] -- Found ament_lint_auto: 0.14.3 (/opt/ros/iron/share/ament_lint_auto/cmake)
[4.512s] -- Added test 'lint_cmake' to check CMake code style
[4.513s] -- Added test 'xmllint' to check XML markup files
[4.517s] -- Configuring done
[4.657s] -- Generating done
[4.676s] -- Build files have been written to: /home/harry/ur_ws/build/ur3e_ros_data
[4.794s] [  2%] [34m[1mGenerating type hashes for ROS interfaces[0m
[5.520s] [  2%] Built target ur3e_ros_data__rosidl_generator_type_description
[5.609s] [  2%] Built target ament_cmake_python_copy_ur3e_ros_data
[5.689s] [  4%] [34m[1mGenerating C++ code for ROS interfaces[0m
[7.512s] [  4%] Built target ur3e_ros_data__cpp
[7.550s] [  6%] [34m[1mGenerating C code for ROS interfaces[0m
[9.729s] [  9%] [32mBuilding C object CMakeFiles/ur3e_ros_data__rosidl_generator_c.dir/rosidl_generator_c/ur3e_ros_data/msg/detail/joint_pose__description.c.o[0m
[9.925s] [ 11%] [32mBuilding C object CMakeFiles/ur3e_ros_data__rosidl_generator_c.dir/rosidl_generator_c/ur3e_ros_data/msg/detail/joint_pose__functions.c.o[0m
[10.068s] [ 13%] [32mBuilding C object CMakeFiles/ur3e_ros_data__rosidl_generator_c.dir/rosidl_generator_c/ur3e_ros_data/msg/detail/joint_pose__type_support.c.o[0m
[10.165s] [ 15%] [32mBuilding C object CMakeFiles/ur3e_ros_data__rosidl_generator_c.dir/rosidl_generator_c/ur3e_ros_data/action/detail/move_j__description.c.o[0m
[10.449s] [ 18%] [32mBuilding C object CMakeFiles/ur3e_ros_data__rosidl_generator_c.dir/rosidl_generator_c/ur3e_ros_data/action/detail/move_j__functions.c.o[0m
[10.976s] [ 20%] [32mBuilding C object CMakeFiles/ur3e_ros_data__rosidl_generator_c.dir/rosidl_generator_c/ur3e_ros_data/action/detail/move_j__type_support.c.o[0m
[11.100s] [ 22%] [32m[1mLinking C shared library libur3e_ros_data__rosidl_generator_c.so[0m
[11.236s] [ 22%] Built target ur3e_ros_data__rosidl_generator_c
[12.044s] running egg_info
[12.050s] writing ur3e_ros_data.egg-info/PKG-INFO
[12.052s] writing dependency_links to ur3e_ros_data.egg-info/dependency_links.txt
[12.053s] writing top-level names to ur3e_ros_data.egg-info/top_level.txt
[12.062s] reading manifest file 'ur3e_ros_data.egg-info/SOURCES.txt'
[12.062s] writing manifest file 'ur3e_ros_data.egg-info/SOURCES.txt'
[12.138s] [ 22%] Built target ament_cmake_python_build_ur3e_ros_data_egg
[12.168s] [ 25%] [34m[1mGenerating C++ type support dispatch for ROS interfaces[0m
[13.176s] [ 27%] [32mBuilding CXX object CMakeFiles/ur3e_ros_data__rosidl_typesupport_cpp.dir/rosidl_typesupport_cpp/ur3e_ros_data/msg/joint_pose__type_support.cpp.o[0m
[14.515s] [ 29%] [32mBuilding CXX object CMakeFiles/ur3e_ros_data__rosidl_typesupport_cpp.dir/rosidl_typesupport_cpp/ur3e_ros_data/action/move_j__type_support.cpp.o[0m
[17.326s] [ 31%] [32m[1mLinking CXX shared library libur3e_ros_data__rosidl_typesupport_cpp.so[0m
[17.675s] [ 31%] Built target ur3e_ros_data__rosidl_typesupport_cpp
[17.707s] [ 34%] [34m[1mGenerating C type support for eProsima Fast-RTPS[0m
[19.177s] [ 36%] [32mBuilding CXX object CMakeFiles/ur3e_ros_data__rosidl_typesupport_fastrtps_c.dir/rosidl_typesupport_fastrtps_c/ur3e_ros_data/msg/detail/joint_pose__type_support_c.cpp.o[0m
[20.260s] [ 38%] [32mBuilding CXX object CMakeFiles/ur3e_ros_data__rosidl_typesupport_fastrtps_c.dir/rosidl_typesupport_fastrtps_c/ur3e_ros_data/action/detail/move_j__type_support_c.cpp.o[0m
[21.672s] [ 40%] [32m[1mLinking CXX shared library libur3e_ros_data__rosidl_typesupport_fastrtps_c.so[0m
[21.921s] [ 40%] Built target ur3e_ros_data__rosidl_typesupport_fastrtps_c
[21.950s] [ 43%] [34m[1mGenerating C introspection for ROS interfaces[0m
[23.404s] [ 45%] [32mBuilding C object CMakeFiles/ur3e_ros_data__rosidl_typesupport_introspection_c.dir/rosidl_typesupport_introspection_c/ur3e_ros_data/msg/detail/joint_pose__type_support.c.o[0m
[23.614s] [ 47%] [32mBuilding C object CMakeFiles/ur3e_ros_data__rosidl_typesupport_introspection_c.dir/rosidl_typesupport_introspection_c/ur3e_ros_data/action/detail/move_j__type_support.c.o[0m
[23.924s] [ 50%] [32m[1mLinking C shared library libur3e_ros_data__rosidl_typesupport_introspection_c.so[0m
[24.053s] [ 50%] Built target ur3e_ros_data__rosidl_typesupport_introspection_c
[24.088s] [ 52%] [34m[1mGenerating C type support dispatch for ROS interfaces[0m
[25.097s] [ 54%] [32mBuilding CXX object CMakeFiles/ur3e_ros_data__rosidl_typesupport_c.dir/rosidl_typesupport_c/ur3e_ros_data/msg/joint_pose__type_support.cpp.o[0m
[25.328s] [ 56%] [32mBuilding CXX object CMakeFiles/ur3e_ros_data__rosidl_typesupport_c.dir/rosidl_typesupport_c/ur3e_ros_data/action/move_j__type_support.cpp.o[0m
[25.587s] [ 59%] [32m[1mLinking CXX shared library libur3e_ros_data__rosidl_typesupport_c.so[0m
[25.760s] [ 59%] Built target ur3e_ros_data__rosidl_typesupport_c
[25.798s] [ 61%] [34m[1mGenerating C++ type support for eProsima Fast-RTPS[0m
[27.389s] [ 63%] [32mBuilding CXX object CMakeFiles/ur3e_ros_data__rosidl_typesupport_fastrtps_cpp.dir/rosidl_typesupport_fastrtps_cpp/ur3e_ros_data/msg/detail/dds_fastrtps/joint_pose__type_support.cpp.o[0m
[29.232s] [ 65%] [32mBuilding CXX object CMakeFiles/ur3e_ros_data__rosidl_typesupport_fastrtps_cpp.dir/rosidl_typesupport_fastrtps_cpp/ur3e_ros_data/action/detail/dds_fastrtps/move_j__type_support.cpp.o[0m
[32.475s] [ 68%] [32m[1mLinking CXX shared library libur3e_ros_data__rosidl_typesupport_fastrtps_cpp.so[0m
[32.869s] [ 68%] Built target ur3e_ros_data__rosidl_typesupport_fastrtps_cpp
[32.902s] [ 70%] [34m[1mGenerating C++ introspection for ROS interfaces[0m
[34.034s] [ 72%] [32mBuilding CXX object CMakeFiles/ur3e_ros_data__rosidl_typesupport_introspection_cpp.dir/rosidl_typesupport_introspection_cpp/ur3e_ros_data/msg/detail/joint_pose__type_support.cpp.o[0m
[35.311s] [ 75%] [32mBuilding CXX object CMakeFiles/ur3e_ros_data__rosidl_typesupport_introspection_cpp.dir/rosidl_typesupport_introspection_cpp/ur3e_ros_data/action/detail/move_j__type_support.cpp.o[0m
[38.190s] [ 77%] [32m[1mLinking CXX shared library libur3e_ros_data__rosidl_typesupport_introspection_cpp.so[0m
[38.413s] [ 77%] Built target ur3e_ros_data__rosidl_typesupport_introspection_cpp
[38.504s] [ 77%] Built target ur3e_ros_data
[38.578s] [ 79%] [34m[1mGenerating Python code for ROS interfaces[0m
[41.557s] [ 79%] Built target ur3e_ros_data__py
[41.629s] [ 81%] [32mBuilding C object CMakeFiles/ur3e_ros_data__rosidl_generator_py.dir/rosidl_generator_py/ur3e_ros_data/msg/_joint_pose_s.c.o[0m
[41.925s] [ 84%] [32mBuilding C object CMakeFiles/ur3e_ros_data__rosidl_generator_py.dir/rosidl_generator_py/ur3e_ros_data/action/_move_j_s.c.o[0m
[42.573s] [ 86%] [32m[1mLinking C shared library rosidl_generator_py/ur3e_ros_data/libur3e_ros_data__rosidl_generator_py.so[0m
[42.715s] [ 86%] Built target ur3e_ros_data__rosidl_generator_py
[42.787s] [ 88%] [32mBuilding C object CMakeFiles/ur3e_ros_data__rosidl_typesupport_fastrtps_c__pyext.dir/rosidl_generator_py/ur3e_ros_data/_ur3e_ros_data_s.ep.rosidl_typesupport_fastrtps_c.c.o[0m
[43.213s] [ 90%] [32m[1mLinking C shared library rosidl_generator_py/ur3e_ros_data/ur3e_ros_data_s__rosidl_typesupport_fastrtps_c.cpython-310-x86_64-linux-gnu.so[0m
[43.391s] [ 90%] Built target ur3e_ros_data__rosidl_typesupport_fastrtps_c__pyext
[43.493s] [ 93%] [32mBuilding C object CMakeFiles/ur3e_ros_data__rosidl_typesupport_introspection_c__pyext.dir/rosidl_generator_py/ur3e_ros_data/_ur3e_ros_data_s.ep.rosidl_typesupport_introspection_c.c.o[0m
[43.995s] [ 95%] [32m[1mLinking C shared library rosidl_generator_py/ur3e_ros_data/ur3e_ros_data_s__rosidl_typesupport_introspection_c.cpython-310-x86_64-linux-gnu.so[0m
[44.143s] [ 95%] Built target ur3e_ros_data__rosidl_typesupport_introspection_c__pyext
[44.221s] [ 97%] [32mBuilding C object CMakeFiles/ur3e_ros_data__rosidl_typesupport_c__pyext.dir/rosidl_generator_py/ur3e_ros_data/_ur3e_ros_data_s.ep.rosidl_typesupport_c.c.o[0m
[44.686s] [100%] [32m[1mLinking C shared library rosidl_generator_py/ur3e_ros_data/ur3e_ros_data_s__rosidl_typesupport_c.cpython-310-x86_64-linux-gnu.so[0m
[44.840s] [100%] Built target ur3e_ros_data__rosidl_typesupport_c__pyext
[44.871s] Invoked command in '/home/harry/ur_ws/build/ur3e_ros_data' returned '0': CMAKE_PREFIX_PATH=/opt/ros/iron /usr/bin/cmake --build /home/harry/ur_ws/build/ur3e_ros_data -- -j2 -l2
[45.234s] Invoking command in '/home/harry/ur_ws/build/ur3e_ros_data': CMAKE_PREFIX_PATH=/opt/ros/iron /usr/bin/cmake --install /home/harry/ur_ws/build/ur3e_ros_data
[45.265s] -- Install configuration: ""
[45.267s] -- Installing: /home/harry/ur_ws/install/ur3e_ros_data/share/ament_index/resource_index/rosidl_interfaces/ur3e_ros_data
[45.268s] -- Installing: /home/harry/ur_ws/install/ur3e_ros_data/share/ur3e_ros_data/msg/JointPose.json
[45.269s] -- Installing: /home/harry/ur_ws/install/ur3e_ros_data/share/ur3e_ros_data/action/MoveJ.json
[45.270s] -- Installing: /home/harry/ur_ws/install/ur3e_ros_data/include/ur3e_ros_data/ur3e_ros_data
[45.271s] -- Installing: /home/harry/ur_ws/install/ur3e_ros_data/include/ur3e_ros_data/ur3e_ros_data/action
[45.271s] -- Installing: /home/harry/ur_ws/install/ur3e_ros_data/include/ur3e_ros_data/ur3e_ros_data/action/detail
[45.272s] -- Installing: /home/harry/ur_ws/install/ur3e_ros_data/include/ur3e_ros_data/ur3e_ros_data/action/detail/move_j__functions.c
[45.273s] -- Installing: /home/harry/ur_ws/install/ur3e_ros_data/include/ur3e_ros_data/ur3e_ros_data/action/detail/move_j__functions.h
[45.275s] -- Installing: /home/harry/ur_ws/install/ur3e_ros_data/include/ur3e_ros_data/ur3e_ros_data/action/detail/move_j__type_support.h
[45.276s] -- Installing: /home/harry/ur_ws/install/ur3e_ros_data/include/ur3e_ros_data/ur3e_ros_data/action/detail/move_j__struct.h
[45.277s] -- Installing: /home/harry/ur_ws/install/ur3e_ros_data/include/ur3e_ros_data/ur3e_ros_data/action/detail/move_j__type_support.c
[45.278s] -- Installing: /home/harry/ur_ws/install/ur3e_ros_data/include/ur3e_ros_data/ur3e_ros_data/action/detail/move_j__description.c
[45.278s] -- Installing: /home/harry/ur_ws/install/ur3e_ros_data/include/ur3e_ros_data/ur3e_ros_data/action/move_j.h
[45.279s] -- Installing: /home/harry/ur_ws/install/ur3e_ros_data/include/ur3e_ros_data/ur3e_ros_data/msg
[45.280s] -- Installing: /home/harry/ur_ws/install/ur3e_ros_data/include/ur3e_ros_data/ur3e_ros_data/msg/detail
[45.280s] -- Installing: /home/harry/ur_ws/install/ur3e_ros_data/include/ur3e_ros_data/ur3e_ros_data/msg/detail/joint_pose__struct.h
[45.281s] -- Installing: /home/harry/ur_ws/install/ur3e_ros_data/include/ur3e_ros_data/ur3e_ros_data/msg/detail/joint_pose__functions.h
[45.281s] -- Installing: /home/harry/ur_ws/install/ur3e_ros_data/include/ur3e_ros_data/ur3e_ros_data/msg/detail/joint_pose__type_support.h
[45.282s] -- Installing: /home/harry/ur_ws/install/ur3e_ros_data/include/ur3e_ros_data/ur3e_ros_data/msg/detail/joint_pose__description.c
[45.282s] -- Installing: /home/harry/ur_ws/install/ur3e_ros_data/include/ur3e_ros_data/ur3e_ros_data/msg/detail/joint_pose__type_support.c
[45.283s] -- Installing: /home/harry/ur_ws/install/ur3e_ros_data/include/ur3e_ros_data/ur3e_ros_data/msg/detail/joint_pose__functions.c
[45.283s] -- Installing: /home/harry/ur_ws/install/ur3e_ros_data/include/ur3e_ros_data/ur3e_ros_data/msg/rosidl_generator_c__visibility_control.h
[45.284s] -- Installing: /home/harry/ur_ws/install/ur3e_ros_data/include/ur3e_ros_data/ur3e_ros_data/msg/joint_pose.h
[45.285s] -- Installing: /home/harry/ur_ws/install/ur3e_ros_data/share/ur3e_ros_data/environment/library_path.sh
[45.285s] -- Installing: /home/harry/ur_ws/install/ur3e_ros_data/share/ur3e_ros_data/environment/library_path.dsv
[45.286s] -- Installing: /home/harry/ur_ws/install/ur3e_ros_data/lib/libur3e_ros_data__rosidl_generator_c.so
[45.288s] -- Set runtime path of "/home/harry/ur_ws/install/ur3e_ros_data/lib/libur3e_ros_data__rosidl_generator_c.so" to ""
[45.289s] -- Up-to-date: /home/harry/ur_ws/install/ur3e_ros_data/include/ur3e_ros_data/ur3e_ros_data
[45.289s] -- Up-to-date: /home/harry/ur_ws/install/ur3e_ros_data/include/ur3e_ros_data/ur3e_ros_data/action
[45.289s] -- Up-to-date: /home/harry/ur_ws/install/ur3e_ros_data/include/ur3e_ros_data/ur3e_ros_data/action/detail
[45.290s] -- Installing: /home/harry/ur_ws/install/ur3e_ros_data/include/ur3e_ros_data/ur3e_ros_data/action/detail/move_j__rosidl_typesupport_fastrtps_c.h
[45.290s] -- Up-to-date: /home/harry/ur_ws/install/ur3e_ros_data/include/ur3e_ros_data/ur3e_ros_data/msg
[45.291s] -- Up-to-date: /home/harry/ur_ws/install/ur3e_ros_data/include/ur3e_ros_data/ur3e_ros_data/msg/detail
[45.291s] -- Installing: /home/harry/ur_ws/install/ur3e_ros_data/include/ur3e_ros_data/ur3e_ros_data/msg/detail/joint_pose__rosidl_typesupport_fastrtps_c.h
[45.291s] -- Installing: /home/harry/ur_ws/install/ur3e_ros_data/include/ur3e_ros_data/ur3e_ros_data/msg/rosidl_typesupport_fastrtps_c__visibility_control.h
[45.293s] -- Installing: /home/harry/ur_ws/install/ur3e_ros_data/lib/libur3e_ros_data__rosidl_typesupport_fastrtps_c.so
[45.294s] -- Set runtime path of "/home/harry/ur_ws/install/ur3e_ros_data/lib/libur3e_ros_data__rosidl_typesupport_fastrtps_c.so" to ""
[45.294s] -- Up-to-date: /home/harry/ur_ws/install/ur3e_ros_data/include/ur3e_ros_data/ur3e_ros_data
[45.295s] -- Up-to-date: /home/harry/ur_ws/install/ur3e_ros_data/include/ur3e_ros_data/ur3e_ros_data/action
[45.295s] -- Up-to-date: /home/harry/ur_ws/install/ur3e_ros_data/include/ur3e_ros_data/ur3e_ros_data/action/detail
[45.296s] -- Installing: /home/harry/ur_ws/install/ur3e_ros_data/include/ur3e_ros_data/ur3e_ros_data/action/detail/move_j__rosidl_typesupport_introspection_c.h
[45.296s] -- Installing: /home/harry/ur_ws/install/ur3e_ros_data/include/ur3e_ros_data/ur3e_ros_data/action/detail/move_j__type_support.c
[45.298s] -- Up-to-date: /home/harry/ur_ws/install/ur3e_ros_data/include/ur3e_ros_data/ur3e_ros_data/msg
[45.298s] -- Up-to-date: /home/harry/ur_ws/install/ur3e_ros_data/include/ur3e_ros_data/ur3e_ros_data/msg/detail
[45.299s] -- Installing: /home/harry/ur_ws/install/ur3e_ros_data/include/ur3e_ros_data/ur3e_ros_data/msg/detail/joint_pose__rosidl_typesupport_introspection_c.h
[45.299s] -- Installing: /home/harry/ur_ws/install/ur3e_ros_data/include/ur3e_ros_data/ur3e_ros_data/msg/detail/joint_pose__type_support.c
[45.300s] -- Installing: /home/harry/ur_ws/install/ur3e_ros_data/include/ur3e_ros_data/ur3e_ros_data/msg/rosidl_typesupport_introspection_c__visibility_control.h
[45.301s] -- Installing: /home/harry/ur_ws/install/ur3e_ros_data/lib/libur3e_ros_data__rosidl_typesupport_introspection_c.so
[45.302s] -- Set runtime path of "/home/harry/ur_ws/install/ur3e_ros_data/lib/libur3e_ros_data__rosidl_typesupport_introspection_c.so" to ""
[45.303s] -- Installing: /home/harry/ur_ws/install/ur3e_ros_data/lib/libur3e_ros_data__rosidl_typesupport_c.so
[45.304s] -- Set runtime path of "/home/harry/ur_ws/install/ur3e_ros_data/lib/libur3e_ros_data__rosidl_typesupport_c.so" to ""
[45.304s] -- Up-to-date: /home/harry/ur_ws/install/ur3e_ros_data/include/ur3e_ros_data/ur3e_ros_data
[45.305s] -- Up-to-date: /home/harry/ur_ws/install/ur3e_ros_data/include/ur3e_ros_data/ur3e_ros_data/action
[45.305s] -- Up-to-date: /home/harry/ur_ws/install/ur3e_ros_data/include/ur3e_ros_data/ur3e_ros_data/action/detail
[45.306s] -- Installing: /home/harry/ur_ws/install/ur3e_ros_data/include/ur3e_ros_data/ur3e_ros_data/action/detail/move_j__builder.hpp
[45.306s] -- Installing: /home/harry/ur_ws/install/ur3e_ros_data/include/ur3e_ros_data/ur3e_ros_data/action/detail/move_j__struct.hpp
[45.307s] -- Installing: /home/harry/ur_ws/install/ur3e_ros_data/include/ur3e_ros_data/ur3e_ros_data/action/detail/move_j__traits.hpp
[45.308s] -- Installing: /home/harry/ur_ws/install/ur3e_ros_data/include/ur3e_ros_data/ur3e_ros_data/action/move_j.hpp
[45.308s] -- Up-to-date: /home/harry/ur_ws/install/ur3e_ros_data/include/ur3e_ros_data/ur3e_ros_data/msg
[45.309s] -- Up-to-date: /home/harry/ur_ws/install/ur3e_ros_data/include/ur3e_ros_data/ur3e_ros_data/msg/detail
[45.310s] -- Installing: /home/harry/ur_ws/install/ur3e_ros_data/include/ur3e_ros_data/ur3e_ros_data/msg/detail/joint_pose__builder.hpp
[45.310s] -- Installing: /home/harry/ur_ws/install/ur3e_ros_data/include/ur3e_ros_data/ur3e_ros_data/msg/detail/joint_pose__traits.hpp
[45.311s] -- Installing: /home/harry/ur_ws/install/ur3e_ros_data/include/ur3e_ros_data/ur3e_ros_data/msg/detail/joint_pose__struct.hpp
[45.312s] -- Installing: /home/harry/ur_ws/install/ur3e_ros_data/include/ur3e_ros_data/ur3e_ros_data/msg/joint_pose.hpp
[45.313s] -- Up-to-date: /home/harry/ur_ws/install/ur3e_ros_data/include/ur3e_ros_data/ur3e_ros_data
[45.313s] -- Up-to-date: /home/harry/ur_ws/install/ur3e_ros_data/include/ur3e_ros_data/ur3e_ros_data/action
[45.314s] -- Up-to-date: /home/harry/ur_ws/install/ur3e_ros_data/include/ur3e_ros_data/ur3e_ros_data/action/detail
[45.315s] -- Installing: /home/harry/ur_ws/install/ur3e_ros_data/include/ur3e_ros_data/ur3e_ros_data/action/detail/dds_fastrtps
[45.315s] -- Installing: /home/harry/ur_ws/install/ur3e_ros_data/include/ur3e_ros_data/ur3e_ros_data/action/detail/move_j__rosidl_typesupport_fastrtps_cpp.hpp
[45.317s] -- Up-to-date: /home/harry/ur_ws/install/ur3e_ros_data/include/ur3e_ros_data/ur3e_ros_data/msg
[45.318s] -- Up-to-date: /home/harry/ur_ws/install/ur3e_ros_data/include/ur3e_ros_data/ur3e_ros_data/msg/detail
[45.318s] -- Installing: /home/harry/ur_ws/install/ur3e_ros_data/include/ur3e_ros_data/ur3e_ros_data/msg/detail/dds_fastrtps
[45.318s] -- Installing: /home/harry/ur_ws/install/ur3e_ros_data/include/ur3e_ros_data/ur3e_ros_data/msg/detail/joint_pose__rosidl_typesupport_fastrtps_cpp.hpp
[45.319s] -- Installing: /home/harry/ur_ws/install/ur3e_ros_data/include/ur3e_ros_data/ur3e_ros_data/msg/rosidl_typesupport_fastrtps_cpp__visibility_control.h
[45.320s] -- Installing: /home/harry/ur_ws/install/ur3e_ros_data/lib/libur3e_ros_data__rosidl_typesupport_fastrtps_cpp.so
[45.321s] -- Set runtime path of "/home/harry/ur_ws/install/ur3e_ros_data/lib/libur3e_ros_data__rosidl_typesupport_fastrtps_cpp.so" to ""
[45.322s] -- Up-to-date: /home/harry/ur_ws/install/ur3e_ros_data/include/ur3e_ros_data/ur3e_ros_data
[45.322s] -- Up-to-date: /home/harry/ur_ws/install/ur3e_ros_data/include/ur3e_ros_data/ur3e_ros_data/action
[45.323s] -- Up-to-date: /home/harry/ur_ws/install/ur3e_ros_data/include/ur3e_ros_data/ur3e_ros_data/action/detail
[45.323s] -- Installing: /home/harry/ur_ws/install/ur3e_ros_data/include/ur3e_ros_data/ur3e_ros_data/action/detail/move_j__rosidl_typesupport_introspection_cpp.hpp
[45.324s] -- Installing: /home/harry/ur_ws/install/ur3e_ros_data/include/ur3e_ros_data/ur3e_ros_data/action/detail/move_j__type_support.cpp
[45.324s] -- Up-to-date: /home/harry/ur_ws/install/ur3e_ros_data/include/ur3e_ros_data/ur3e_ros_data/msg
[45.325s] -- Up-to-date: /home/harry/ur_ws/install/ur3e_ros_data/include/ur3e_ros_data/ur3e_ros_data/msg/detail
[45.325s] -- Installing: /home/harry/ur_ws/install/ur3e_ros_data/include/ur3e_ros_data/ur3e_ros_data/msg/detail/joint_pose__rosidl_typesupport_introspection_cpp.hpp
[45.326s] -- Installing: /home/harry/ur_ws/install/ur3e_ros_data/include/ur3e_ros_data/ur3e_ros_data/msg/detail/joint_pose__type_support.cpp
[45.327s] -- Installing: /home/harry/ur_ws/install/ur3e_ros_data/lib/libur3e_ros_data__rosidl_typesupport_introspection_cpp.so
[45.328s] -- Set runtime path of "/home/harry/ur_ws/install/ur3e_ros_data/lib/libur3e_ros_data__rosidl_typesupport_introspection_cpp.so" to ""
[45.329s] -- Installing: /home/harry/ur_ws/install/ur3e_ros_data/lib/libur3e_ros_data__rosidl_typesupport_cpp.so
[45.330s] -- Set runtime path of "/home/harry/ur_ws/install/ur3e_ros_data/lib/libur3e_ros_data__rosidl_typesupport_cpp.so" to ""
[45.331s] -- Installing: /home/harry/ur_ws/install/ur3e_ros_data/share/ur3e_ros_data/environment/pythonpath.sh
[45.332s] -- Installing: /home/harry/ur_ws/install/ur3e_ros_data/share/ur3e_ros_data/environment/pythonpath.dsv
[45.332s] -- Installing: /home/harry/ur_ws/install/ur3e_ros_data/lib/python3.10/site-packages/ur3e_ros_data-0.0.0-py3.10.egg-info
[45.333s] -- Installing: /home/harry/ur_ws/install/ur3e_ros_data/lib/python3.10/site-packages/ur3e_ros_data-0.0.0-py3.10.egg-info/dependency_links.txt
[45.333s] -- Installing: /home/harry/ur_ws/install/ur3e_ros_data/lib/python3.10/site-packages/ur3e_ros_data-0.0.0-py3.10.egg-info/top_level.txt
[45.334s] -- Installing: /home/harry/ur_ws/install/ur3e_ros_data/lib/python3.10/site-packages/ur3e_ros_data-0.0.0-py3.10.egg-info/SOURCES.txt
[45.334s] -- Installing: /home/harry/ur_ws/install/ur3e_ros_data/lib/python3.10/site-packages/ur3e_ros_data-0.0.0-py3.10.egg-info/PKG-INFO
[45.335s] -- Installing: /home/harry/ur_ws/install/ur3e_ros_data/lib/python3.10/site-packages/ur3e_ros_data
[45.335s] -- Installing: /home/harry/ur_ws/install/ur3e_ros_data/lib/python3.10/site-packages/ur3e_ros_data/ur3e_ros_data_s__rosidl_typesupport_introspection_c.cpython-310-x86_64-linux-gnu.so
[45.336s] -- Installing: /home/harry/ur_ws/install/ur3e_ros_data/lib/python3.10/site-packages/ur3e_ros_data/_ur3e_ros_data_s.ep.rosidl_typesupport_introspection_c.c
[45.337s] -- Installing: /home/harry/ur_ws/install/ur3e_ros_data/lib/python3.10/site-packages/ur3e_ros_data/ur3e_ros_data_s__rosidl_typesupport_c.cpython-310-x86_64-linux-gnu.so
[45.337s] -- Installing: /home/harry/ur_ws/install/ur3e_ros_data/lib/python3.10/site-packages/ur3e_ros_data/__init__.py
[45.338s] -- Installing: /home/harry/ur_ws/install/ur3e_ros_data/lib/python3.10/site-packages/ur3e_ros_data/ur3e_ros_data_s__rosidl_typesupport_fastrtps_c.cpython-310-x86_64-linux-gnu.so
[45.338s] -- Installing: /home/harry/ur_ws/install/ur3e_ros_data/lib/python3.10/site-packages/ur3e_ros_data/libur3e_ros_data__rosidl_generator_py.so
[45.340s] -- Installing: /home/harry/ur_ws/install/ur3e_ros_data/lib/python3.10/site-packages/ur3e_ros_data/action
[45.341s] -- Installing: /home/harry/ur_ws/install/ur3e_ros_data/lib/python3.10/site-packages/ur3e_ros_data/action/_move_j.py
[45.341s] -- Installing: /home/harry/ur_ws/install/ur3e_ros_data/lib/python3.10/site-packages/ur3e_ros_data/action/__init__.py
[45.342s] -- Installing: /home/harry/ur_ws/install/ur3e_ros_data/lib/python3.10/site-packages/ur3e_ros_data/action/_move_j_s.c
[45.342s] -- Installing: /home/harry/ur_ws/install/ur3e_ros_data/lib/python3.10/site-packages/ur3e_ros_data/_ur3e_ros_data_s.ep.rosidl_typesupport_fastrtps_c.c
[45.343s] -- Installing: /home/harry/ur_ws/install/ur3e_ros_data/lib/python3.10/site-packages/ur3e_ros_data/_ur3e_ros_data_s.ep.rosidl_typesupport_c.c
[45.344s] -- Installing: /home/harry/ur_ws/install/ur3e_ros_data/lib/python3.10/site-packages/ur3e_ros_data/msg
[45.344s] -- Installing: /home/harry/ur_ws/install/ur3e_ros_data/lib/python3.10/site-packages/ur3e_ros_data/msg/_joint_pose_s.c
[45.346s] -- Installing: /home/harry/ur_ws/install/ur3e_ros_data/lib/python3.10/site-packages/ur3e_ros_data/msg/__init__.py
[45.347s] -- Installing: /home/harry/ur_ws/install/ur3e_ros_data/lib/python3.10/site-packages/ur3e_ros_data/msg/_joint_pose.py
[45.474s] Listing '/home/harry/ur_ws/install/ur3e_ros_data/lib/python3.10/site-packages/ur3e_ros_data'...
[45.474s] Compiling '/home/harry/ur_ws/install/ur3e_ros_data/lib/python3.10/site-packages/ur3e_ros_data/__init__.py'...
[45.475s] Listing '/home/harry/ur_ws/install/ur3e_ros_data/lib/python3.10/site-packages/ur3e_ros_data/action'...
[45.476s] Compiling '/home/harry/ur_ws/install/ur3e_ros_data/lib/python3.10/site-packages/ur3e_ros_data/action/__init__.py'...
[45.476s] Compiling '/home/harry/ur_ws/install/ur3e_ros_data/lib/python3.10/site-packages/ur3e_ros_data/action/_move_j.py'...
[45.476s] Listing '/home/harry/ur_ws/install/ur3e_ros_data/lib/python3.10/site-packages/ur3e_ros_data/msg'...
[45.477s] Compiling '/home/harry/ur_ws/install/ur3e_ros_data/lib/python3.10/site-packages/ur3e_ros_data/msg/__init__.py'...
[45.477s] Compiling '/home/harry/ur_ws/install/ur3e_ros_data/lib/python3.10/site-packages/ur3e_ros_data/msg/_joint_pose.py'...
[45.494s] -- Installing: /home/harry/ur_ws/install/ur3e_ros_data/lib/python3.10/site-packages/ur3e_ros_data/ur3e_ros_data_s__rosidl_typesupport_fastrtps_c.cpython-310-x86_64-linux-gnu.so
[45.498s] -- Set runtime path of "/home/harry/ur_ws/install/ur3e_ros_data/lib/python3.10/site-packages/ur3e_ros_data/ur3e_ros_data_s__rosidl_typesupport_fastrtps_c.cpython-310-x86_64-linux-gnu.so" to ""
[45.498s] -- Installing: /home/harry/ur_ws/install/ur3e_ros_data/lib/python3.10/site-packages/ur3e_ros_data/ur3e_ros_data_s__rosidl_typesupport_introspection_c.cpython-310-x86_64-linux-gnu.so
[45.499s] -- Set runtime path of "/home/harry/ur_ws/install/ur3e_ros_data/lib/python3.10/site-packages/ur3e_ros_data/ur3e_ros_data_s__rosidl_typesupport_introspection_c.cpython-310-x86_64-linux-gnu.so" to ""
[45.503s] -- Installing: /home/harry/ur_ws/install/ur3e_ros_data/lib/python3.10/site-packages/ur3e_ros_data/ur3e_ros_data_s__rosidl_typesupport_c.cpython-310-x86_64-linux-gnu.so
[45.504s] -- Set runtime path of "/home/harry/ur_ws/install/ur3e_ros_data/lib/python3.10/site-packages/ur3e_ros_data/ur3e_ros_data_s__rosidl_typesupport_c.cpython-310-x86_64-linux-gnu.so" to ""
[45.504s] -- Installing: /home/harry/ur_ws/install/ur3e_ros_data/lib/libur3e_ros_data__rosidl_generator_py.so
[45.504s] -- Set runtime path of "/home/harry/ur_ws/install/ur3e_ros_data/lib/libur3e_ros_data__rosidl_generator_py.so" to ""
[45.504s] -- Installing: /home/harry/ur_ws/install/ur3e_ros_data/share/ur3e_ros_data/msg/JointPose.idl
[45.504s] -- Installing: /home/harry/ur_ws/install/ur3e_ros_data/share/ur3e_ros_data/action/MoveJ.idl
[45.505s] -- Installing: /home/harry/ur_ws/install/ur3e_ros_data/share/ur3e_ros_data/msg/JointPose.msg
[45.506s] -- Installing: /home/harry/ur_ws/install/ur3e_ros_data/share/ur3e_ros_data/action/MoveJ.action
[45.508s] -- Installing: /home/harry/ur_ws/install/ur3e_ros_data/share/ament_index/resource_index/package_run_dependencies/ur3e_ros_data
[45.509s] -- Installing: /home/harry/ur_ws/install/ur3e_ros_data/share/ament_index/resource_index/parent_prefix_path/ur3e_ros_data
[45.510s] -- Installing: /home/harry/ur_ws/install/ur3e_ros_data/share/ur3e_ros_data/environment/ament_prefix_path.sh
[45.511s] -- Installing: /home/harry/ur_ws/install/ur3e_ros_data/share/ur3e_ros_data/environment/ament_prefix_path.dsv
[45.512s] -- Installing: /home/harry/ur_ws/install/ur3e_ros_data/share/ur3e_ros_data/environment/path.sh
[45.514s] -- Installing: /home/harry/ur_ws/install/ur3e_ros_data/share/ur3e_ros_data/environment/path.dsv
[45.514s] -- Installing: /home/harry/ur_ws/install/ur3e_ros_data/share/ur3e_ros_data/local_setup.bash
[45.515s] -- Installing: /home/harry/ur_ws/install/ur3e_ros_data/share/ur3e_ros_data/local_setup.sh
[45.516s] -- Installing: /home/harry/ur_ws/install/ur3e_ros_data/share/ur3e_ros_data/local_setup.zsh
[45.517s] -- Installing: /home/harry/ur_ws/install/ur3e_ros_data/share/ur3e_ros_data/local_setup.dsv
[45.518s] -- Installing: /home/harry/ur_ws/install/ur3e_ros_data/share/ur3e_ros_data/package.dsv
[45.519s] -- Installing: /home/harry/ur_ws/install/ur3e_ros_data/share/ament_index/resource_index/packages/ur3e_ros_data
[45.520s] -- Installing: /home/harry/ur_ws/install/ur3e_ros_data/share/ur3e_ros_data/cmake/export_ur3e_ros_data__rosidl_generator_cExport.cmake
[45.521s] -- Installing: /home/harry/ur_ws/install/ur3e_ros_data/share/ur3e_ros_data/cmake/export_ur3e_ros_data__rosidl_generator_cExport-noconfig.cmake
[45.528s] -- Installing: /home/harry/ur_ws/install/ur3e_ros_data/share/ur3e_ros_data/cmake/export_ur3e_ros_data__rosidl_typesupport_fastrtps_cExport.cmake
[45.530s] -- Installing: /home/harry/ur_ws/install/ur3e_ros_data/share/ur3e_ros_data/cmake/export_ur3e_ros_data__rosidl_typesupport_fastrtps_cExport-noconfig.cmake
[45.531s] -- Installing: /home/harry/ur_ws/install/ur3e_ros_data/share/ur3e_ros_data/cmake/ur3e_ros_data__rosidl_typesupport_introspection_cExport.cmake
[45.532s] -- Installing: /home/harry/ur_ws/install/ur3e_ros_data/share/ur3e_ros_data/cmake/ur3e_ros_data__rosidl_typesupport_introspection_cExport-noconfig.cmake
[45.533s] -- Installing: /home/harry/ur_ws/install/ur3e_ros_data/share/ur3e_ros_data/cmake/ur3e_ros_data__rosidl_typesupport_cExport.cmake
[45.534s] -- Installing: /home/harry/ur_ws/install/ur3e_ros_data/share/ur3e_ros_data/cmake/ur3e_ros_data__rosidl_typesupport_cExport-noconfig.cmake
[45.535s] -- Installing: /home/harry/ur_ws/install/ur3e_ros_data/share/ur3e_ros_data/cmake/export_ur3e_ros_data__rosidl_generator_cppExport.cmake
[45.538s] -- Installing: /home/harry/ur_ws/install/ur3e_ros_data/share/ur3e_ros_data/cmake/export_ur3e_ros_data__rosidl_typesupport_fastrtps_cppExport.cmake
[45.539s] -- Installing: /home/harry/ur_ws/install/ur3e_ros_data/share/ur3e_ros_data/cmake/export_ur3e_ros_data__rosidl_typesupport_fastrtps_cppExport-noconfig.cmake
[45.540s] -- Installing: /home/harry/ur_ws/install/ur3e_ros_data/share/ur3e_ros_data/cmake/ur3e_ros_data__rosidl_typesupport_introspection_cppExport.cmake
[45.541s] -- Installing: /home/harry/ur_ws/install/ur3e_ros_data/share/ur3e_ros_data/cmake/ur3e_ros_data__rosidl_typesupport_introspection_cppExport-noconfig.cmake
[45.542s] -- Installing: /home/harry/ur_ws/install/ur3e_ros_data/share/ur3e_ros_data/cmake/ur3e_ros_data__rosidl_typesupport_cppExport.cmake
[45.544s] -- Installing: /home/harry/ur_ws/install/ur3e_ros_data/share/ur3e_ros_data/cmake/ur3e_ros_data__rosidl_typesupport_cppExport-noconfig.cmake
[45.545s] -- Installing: /home/harry/ur_ws/install/ur3e_ros_data/share/ur3e_ros_data/cmake/export_ur3e_ros_data__rosidl_generator_pyExport.cmake
[45.546s] -- Installing: /home/harry/ur_ws/install/ur3e_ros_data/share/ur3e_ros_data/cmake/export_ur3e_ros_data__rosidl_generator_pyExport-noconfig.cmake
[45.547s] -- Installing: /home/harry/ur_ws/install/ur3e_ros_data/share/ur3e_ros_data/cmake/rosidl_cmake-extras.cmake
[45.548s] -- Installing: /home/harry/ur_ws/install/ur3e_ros_data/share/ur3e_ros_data/cmake/ament_cmake_export_dependencies-extras.cmake
[45.549s] -- Installing: /home/harry/ur_ws/install/ur3e_ros_data/share/ur3e_ros_data/cmake/ament_cmake_export_include_directories-extras.cmake
[45.549s] -- Installing: /home/harry/ur_ws/install/ur3e_ros_data/share/ur3e_ros_data/cmake/ament_cmake_export_libraries-extras.cmake
[45.550s] -- Installing: /home/harry/ur_ws/install/ur3e_ros_data/share/ur3e_ros_data/cmake/ament_cmake_export_targets-extras.cmake
[45.552s] -- Installing: /home/harry/ur_ws/install/ur3e_ros_data/share/ur3e_ros_data/cmake/rosidl_cmake_export_typesupport_targets-extras.cmake
[45.552s] -- Installing: /home/harry/ur_ws/install/ur3e_ros_data/share/ur3e_ros_data/cmake/rosidl_cmake_export_typesupport_libraries-extras.cmake
[45.553s] -- Installing: /home/harry/ur_ws/install/ur3e_ros_data/share/ur3e_ros_data/cmake/ur3e_ros_dataConfig.cmake
[45.554s] -- Installing: /home/harry/ur_ws/install/ur3e_ros_data/share/ur3e_ros_data/cmake/ur3e_ros_dataConfig-version.cmake
[45.556s] -- Installing: /home/harry/ur_ws/install/ur3e_ros_data/share/ur3e_ros_data/package.xml
[45.575s] Invoked command in '/home/harry/ur_ws/build/ur3e_ros_data' returned '0': CMAKE_PREFIX_PATH=/opt/ros/iron /usr/bin/cmake --install /home/harry/ur_ws/build/ur3e_ros_data
