[0.007s] Invoking command in '/home/harry/ur3e_ws/build/ur3e_moveit': AMENT_PREFIX_PATH=/home/harry/ur3e_ws/install/ur3e_ros_data:${AMENT_PREFIX_PATH} CMAKE_PREFIX_PATH=/home/harry/ur3e_ws/install/ur3e_ros_data:/opt/ros/iron LD_LIBRARY_PATH=/home/harry/ur3e_ws/install/ur3e_ros_data/lib:${LD_LIBRARY_PATH} PYTHONPATH=/home/harry/ur3e_ws/install/ur3e_ros_data/lib/python3.10/site-packages:${PYTHONPATH} /usr/bin/cmake --build /home/harry/ur3e_ws/build/ur3e_moveit -- -j8 -l8
[0.035s] Invoked command in '/home/harry/ur3e_ws/build/ur3e_moveit' returned '0': AMENT_PREFIX_PATH=/home/harry/ur3e_ws/install/ur3e_ros_data:${AMENT_PREFIX_PATH} CMAKE_PREFIX_PATH=/home/harry/ur3e_ws/install/ur3e_ros_data:/opt/ros/iron LD_LIBRARY_PATH=/home/harry/ur3e_ws/install/ur3e_ros_data/lib:${LD_LIBRARY_PATH} PYTHONPATH=/home/harry/ur3e_ws/install/ur3e_ros_data/lib/python3.10/site-packages:${PYTHONPATH} /usr/bin/cmake --build /home/harry/ur3e_ws/build/ur3e_moveit -- -j8 -l8
[0.049s] Invoking command in '/home/harry/ur3e_ws/build/ur3e_moveit': AMENT_PREFIX_PATH=/home/harry/ur3e_ws/install/ur3e_ros_data:${AMENT_PREFIX_PATH} CMAKE_PREFIX_PATH=/home/harry/ur3e_ws/install/ur3e_ros_data:/opt/ros/iron LD_LIBRARY_PATH=/home/harry/ur3e_ws/install/ur3e_ros_data/lib:${LD_LIBRARY_PATH} PYTHONPATH=/home/harry/ur3e_ws/install/ur3e_ros_data/lib/python3.10/site-packages:${PYTHONPATH} /usr/bin/cmake --install /home/harry/ur3e_ws/build/ur3e_moveit
[0.054s] -- Install configuration: ""
[0.054s] -- Up-to-date: /home/harry/ur3e_ws/install/ur3e_moveit/share/ur3e_moveit/config
[0.054s] -- Up-to-date: /home/harry/ur3e_ws/install/ur3e_moveit/share/ur3e_moveit/config/ur3e_controllers.yaml
[0.054s] -- Up-to-date: /home/harry/ur3e_ws/install/ur3e_moveit/share/ur3e_moveit/config/ur3e_moveit2.rviz
[0.054s] -- Up-to-date: /home/harry/ur3e_ws/install/ur3e_moveit/share/ur3e_moveit/config/chomp_planning.yaml
[0.054s] -- Up-to-date: /home/harry/ur3e_ws/install/ur3e_moveit/share/ur3e_moveit/config/ur3e.srdf
[0.054s] -- Up-to-date: /home/harry/ur3e_ws/install/ur3e_moveit/share/ur3e_moveit/config/ompl_planning.yaml
[0.054s] -- Up-to-date: /home/harry/ur3e_ws/install/ur3e_moveit/share/ur3e_moveit/config/kinematics.yaml
[0.054s] -- Up-to-date: /home/harry/ur3e_ws/install/ur3e_moveit/share/ur3e_moveit/launch
[0.054s] -- Up-to-date: /home/harry/ur3e_ws/install/ur3e_moveit/share/ur3e_moveit/launch/ur3e.launch.py
[0.054s] -- Up-to-date: /home/harry/ur3e_ws/install/ur3e_moveit/share/ur3e_moveit/launch/ur3e_action_interface.launch.py
[0.054s] -- Up-to-date: /home/harry/ur3e_ws/install/ur3e_moveit/share/ament_index/resource_index/package_run_dependencies/ur3e_moveit
[0.054s] -- Up-to-date: /home/harry/ur3e_ws/install/ur3e_moveit/share/ament_index/resource_index/parent_prefix_path/ur3e_moveit
[0.054s] -- Up-to-date: /home/harry/ur3e_ws/install/ur3e_moveit/share/ur3e_moveit/environment/ament_prefix_path.sh
[0.054s] -- Up-to-date: /home/harry/ur3e_ws/install/ur3e_moveit/share/ur3e_moveit/environment/ament_prefix_path.dsv
[0.054s] -- Up-to-date: /home/harry/ur3e_ws/install/ur3e_moveit/share/ur3e_moveit/environment/path.sh
[0.054s] -- Up-to-date: /home/harry/ur3e_ws/install/ur3e_moveit/share/ur3e_moveit/environment/path.dsv
[0.055s] -- Up-to-date: /home/harry/ur3e_ws/install/ur3e_moveit/share/ur3e_moveit/local_setup.bash
[0.055s] -- Up-to-date: /home/harry/ur3e_ws/install/ur3e_moveit/share/ur3e_moveit/local_setup.sh
[0.055s] -- Up-to-date: /home/harry/ur3e_ws/install/ur3e_moveit/share/ur3e_moveit/local_setup.zsh
[0.055s] -- Up-to-date: /home/harry/ur3e_ws/install/ur3e_moveit/share/ur3e_moveit/local_setup.dsv
[0.055s] -- Installing: /home/harry/ur3e_ws/install/ur3e_moveit/share/ur3e_moveit/package.dsv
[0.055s] -- Up-to-date: /home/harry/ur3e_ws/install/ur3e_moveit/share/ament_index/resource_index/packages/ur3e_moveit
[0.055s] -- Up-to-date: /home/harry/ur3e_ws/install/ur3e_moveit/share/ur3e_moveit/cmake/ur3e_moveitConfig.cmake
[0.055s] -- Up-to-date: /home/harry/ur3e_ws/install/ur3e_moveit/share/ur3e_moveit/cmake/ur3e_moveitConfig-version.cmake
[0.055s] -- Up-to-date: /home/harry/ur3e_ws/install/ur3e_moveit/share/ur3e_moveit/package.xml
[0.056s] Invoked command in '/home/harry/ur3e_ws/build/ur3e_moveit' returned '0': AMENT_PREFIX_PATH=/home/harry/ur3e_ws/install/ur3e_ros_data:${AMENT_PREFIX_PATH} CMAKE_PREFIX_PATH=/home/harry/ur3e_ws/install/ur3e_ros_data:/opt/ros/iron LD_LIBRARY_PATH=/home/harry/ur3e_ws/install/ur3e_ros_data/lib:${LD_LIBRARY_PATH} PYTHONPATH=/home/harry/ur3e_ws/install/ur3e_ros_data/lib/python3.10/site-packages:${PYTHONPATH} /usr/bin/cmake --install /home/harry/ur3e_ws/build/ur3e_moveit
