[5.376s] Invoking command in '/home/harry/ur3e_ws/src/ur3e_ros_action': PYTHONPATH=/home/harry/ur3e_ws/build/ur3e_ros_action/prefix_override:/home/harry/ur3e_ws/install/ur3e_ros_action/lib/python3.10/site-packages:${PYTHONPATH} /usr/bin/python3 -W ignore:setup.py install is deprecated setup.py egg_info --egg-base ../../build/ur3e_ros_action build --build-base /home/harry/ur3e_ws/build/ur3e_ros_action/build install --record /home/harry/ur3e_ws/build/ur3e_ros_action/install.log --single-version-externally-managed install_data
[7.422s] running egg_info
[7.425s] writing ../../build/ur3e_ros_action/ur3e_ros_action.egg-info/PKG-INFO
[7.435s] writing dependency_links to ../../build/ur3e_ros_action/ur3e_ros_action.egg-info/dependency_links.txt
[7.437s] writing entry points to ../../build/ur3e_ros_action/ur3e_ros_action.egg-info/entry_points.txt
[7.438s] writing requirements to ../../build/ur3e_ros_action/ur3e_ros_action.egg-info/requires.txt
[7.454s] writing top-level names to ../../build/ur3e_ros_action/ur3e_ros_action.egg-info/top_level.txt
[7.454s] reading manifest file '../../build/ur3e_ros_action/ur3e_ros_action.egg-info/SOURCES.txt'
[7.467s] writing manifest file '../../build/ur3e_ros_action/ur3e_ros_action.egg-info/SOURCES.txt'
[7.467s] running build
[7.467s] running build_py
[7.467s] running install
[7.468s] running install_lib
[7.478s] running install_data
[7.478s] running install_egg_info
[7.478s] removing '/home/harry/ur3e_ws/install/ur3e_ros_action/lib/python3.10/site-packages/ur3e_ros_action-0.0.0-py3.10.egg-info' (and everything under it)
[7.491s] Copying ../../build/ur3e_ros_action/ur3e_ros_action.egg-info to /home/harry/ur3e_ws/install/ur3e_ros_action/lib/python3.10/site-packages/ur3e_ros_action-0.0.0-py3.10.egg-info
[7.500s] running install_scripts
[7.648s] Installing moveJ script to /home/harry/ur3e_ws/install/ur3e_ros_action/lib/ur3e_ros_action
[7.649s] writing list of installed files to '/home/harry/ur3e_ws/build/ur3e_ros_action/install.log'
[7.878s] Invoked command in '/home/harry/ur3e_ws/src/ur3e_ros_action' returned '0': PYTHONPATH=/home/harry/ur3e_ws/build/ur3e_ros_action/prefix_override:/home/harry/ur3e_ws/install/ur3e_ros_action/lib/python3.10/site-packages:${PYTHONPATH} /usr/bin/python3 -W ignore:setup.py install is deprecated setup.py egg_info --egg-base ../../build/ur3e_ros_action build --build-base /home/harry/ur3e_ws/build/ur3e_ros_action/build install --record /home/harry/ur3e_ws/build/ur3e_ros_action/install.log --single-version-externally-managed install_data
