[  2%] Built target ur3e_ros_data__rosidl_generator_type_description
[  2%] Built target ament_cmake_python_copy_ur3e_ros_data
[  4%] Built target ur3e_ros_data__cpp
[ 22%] Built target ur3e_ros_data__rosidl_generator_c
[ 36%] Built target ur3e_ros_data__rosidl_typesupport_fastrtps_c
[ 50%] Built target ur3e_ros_data__rosidl_typesupport_c
[ 50%] Built target ur3e_ros_data__rosidl_typesupport_cpp
[ 59%] Built target ur3e_ros_data__rosidl_typesupport_fastrtps_cpp
[ 68%] Built target ur3e_ros_data__rosidl_typesupport_introspection_cpp
[ 77%] Built target ur3e_ros_data__rosidl_typesupport_introspection_c
[ 77%] Built target ur3e_ros_data
[ 79%] Built target ur3e_ros_data__py
[ 86%] Built target ur3e_ros_data__rosidl_generator_py
[ 90%] Built target ur3e_ros_data__rosidl_typesupport_fastrtps_c__pyext
[ 95%] Built target ur3e_ros_data__rosidl_typesupport_c__pyext
[100%] Built target ur3e_ros_data__rosidl_typesupport_introspection_c__pyext
running egg_info
writing ur3e_ros_data.egg-info/PKG-INFO
writing dependency_links to ur3e_ros_data.egg-info/dependency_links.txt
writing top-level names to ur3e_ros_data.egg-info/top_level.txt
reading manifest file 'ur3e_ros_data.egg-info/SOURCES.txt'
writing manifest file 'ur3e_ros_data.egg-info/SOURCES.txt'
[100%] Built target ament_cmake_python_build_ur3e_ros_data_egg
-- Install configuration: ""
-- Up-to-date: /home/harry/ur3e_ws/src/install/ur3e_ros_data/share/ament_index/resource_index/rosidl_interfaces/ur3e_ros_data
-- Up-to-date: /home/harry/ur3e_ws/src/install/ur3e_ros_data/share/ur3e_ros_data/msg/JointPose.json
-- Up-to-date: /home/harry/ur3e_ws/src/install/ur3e_ros_data/share/ur3e_ros_data/action/MoveJ.json
-- Up-to-date: /home/harry/ur3e_ws/src/install/ur3e_ros_data/include/ur3e_ros_data/ur3e_ros_data
-- Up-to-date: /home/harry/ur3e_ws/src/install/ur3e_ros_data/include/ur3e_ros_data/ur3e_ros_data/action
-- Up-to-date: /home/harry/ur3e_ws/src/install/ur3e_ros_data/include/ur3e_ros_data/ur3e_ros_data/action/detail
-- Up-to-date: /home/harry/ur3e_ws/src/install/ur3e_ros_data/include/ur3e_ros_data/ur3e_ros_data/action/detail/move_j__functions.c
-- Up-to-date: /home/harry/ur3e_ws/src/install/ur3e_ros_data/include/ur3e_ros_data/ur3e_ros_data/action/detail/move_j__struct.h
-- Up-to-date: /home/harry/ur3e_ws/src/install/ur3e_ros_data/include/ur3e_ros_data/ur3e_ros_data/action/detail/move_j__description.c
-- Up-to-date: /home/harry/ur3e_ws/src/install/ur3e_ros_data/include/ur3e_ros_data/ur3e_ros_data/action/detail/move_j__type_support.h
-- Up-to-date: /home/harry/ur3e_ws/src/install/ur3e_ros_data/include/ur3e_ros_data/ur3e_ros_data/action/detail/move_j__functions.h
-- Up-to-date: /home/harry/ur3e_ws/src/install/ur3e_ros_data/include/ur3e_ros_data/ur3e_ros_data/action/detail/move_j__type_support.c
-- Up-to-date: /home/harry/ur3e_ws/src/install/ur3e_ros_data/include/ur3e_ros_data/ur3e_ros_data/action/move_j.h
-- Up-to-date: /home/harry/ur3e_ws/src/install/ur3e_ros_data/include/ur3e_ros_data/ur3e_ros_data/msg
-- Up-to-date: /home/harry/ur3e_ws/src/install/ur3e_ros_data/include/ur3e_ros_data/ur3e_ros_data/msg/detail
-- Up-to-date: /home/harry/ur3e_ws/src/install/ur3e_ros_data/include/ur3e_ros_data/ur3e_ros_data/msg/detail/joint_pose__type_support.c
-- Up-to-date: /home/harry/ur3e_ws/src/install/ur3e_ros_data/include/ur3e_ros_data/ur3e_ros_data/msg/detail/joint_pose__struct.h
-- Up-to-date: /home/harry/ur3e_ws/src/install/ur3e_ros_data/include/ur3e_ros_data/ur3e_ros_data/msg/detail/joint_pose__functions.h
-- Up-to-date: /home/harry/ur3e_ws/src/install/ur3e_ros_data/include/ur3e_ros_data/ur3e_ros_data/msg/detail/joint_pose__type_support.h
-- Up-to-date: /home/harry/ur3e_ws/src/install/ur3e_ros_data/include/ur3e_ros_data/ur3e_ros_data/msg/detail/joint_pose__functions.c
-- Up-to-date: /home/harry/ur3e_ws/src/install/ur3e_ros_data/include/ur3e_ros_data/ur3e_ros_data/msg/detail/joint_pose__description.c
-- Up-to-date: /home/harry/ur3e_ws/src/install/ur3e_ros_data/include/ur3e_ros_data/ur3e_ros_data/msg/joint_pose.h
-- Up-to-date: /home/harry/ur3e_ws/src/install/ur3e_ros_data/include/ur3e_ros_data/ur3e_ros_data/msg/rosidl_generator_c__visibility_control.h
-- Up-to-date: /home/harry/ur3e_ws/src/install/ur3e_ros_data/share/ur3e_ros_data/environment/library_path.sh
-- Up-to-date: /home/harry/ur3e_ws/src/install/ur3e_ros_data/share/ur3e_ros_data/environment/library_path.dsv
-- Up-to-date: /home/harry/ur3e_ws/src/install/ur3e_ros_data/lib/libur3e_ros_data__rosidl_generator_c.so
-- Up-to-date: /home/harry/ur3e_ws/src/install/ur3e_ros_data/include/ur3e_ros_data/ur3e_ros_data
-- Up-to-date: /home/harry/ur3e_ws/src/install/ur3e_ros_data/include/ur3e_ros_data/ur3e_ros_data/action
-- Up-to-date: /home/harry/ur3e_ws/src/install/ur3e_ros_data/include/ur3e_ros_data/ur3e_ros_data/action/detail
-- Up-to-date: /home/harry/ur3e_ws/src/install/ur3e_ros_data/include/ur3e_ros_data/ur3e_ros_data/action/detail/move_j__rosidl_typesupport_fastrtps_c.h
-- Up-to-date: /home/harry/ur3e_ws/src/install/ur3e_ros_data/include/ur3e_ros_data/ur3e_ros_data/msg
-- Up-to-date: /home/harry/ur3e_ws/src/install/ur3e_ros_data/include/ur3e_ros_data/ur3e_ros_data/msg/rosidl_typesupport_fastrtps_c__visibility_control.h
-- Up-to-date: /home/harry/ur3e_ws/src/install/ur3e_ros_data/include/ur3e_ros_data/ur3e_ros_data/msg/detail
-- Up-to-date: /home/harry/ur3e_ws/src/install/ur3e_ros_data/include/ur3e_ros_data/ur3e_ros_data/msg/detail/joint_pose__rosidl_typesupport_fastrtps_c.h
-- Up-to-date: /home/harry/ur3e_ws/src/install/ur3e_ros_data/lib/libur3e_ros_data__rosidl_typesupport_fastrtps_c.so
-- Up-to-date: /home/harry/ur3e_ws/src/install/ur3e_ros_data/include/ur3e_ros_data/ur3e_ros_data
-- Up-to-date: /home/harry/ur3e_ws/src/install/ur3e_ros_data/include/ur3e_ros_data/ur3e_ros_data/action
-- Up-to-date: /home/harry/ur3e_ws/src/install/ur3e_ros_data/include/ur3e_ros_data/ur3e_ros_data/action/detail
-- Up-to-date: /home/harry/ur3e_ws/src/install/ur3e_ros_data/include/ur3e_ros_data/ur3e_ros_data/action/detail/move_j__rosidl_typesupport_introspection_c.h
-- Up-to-date: /home/harry/ur3e_ws/src/install/ur3e_ros_data/include/ur3e_ros_data/ur3e_ros_data/action/detail/move_j__type_support.c
-- Up-to-date: /home/harry/ur3e_ws/src/install/ur3e_ros_data/include/ur3e_ros_data/ur3e_ros_data/msg
-- Up-to-date: /home/harry/ur3e_ws/src/install/ur3e_ros_data/include/ur3e_ros_data/ur3e_ros_data/msg/rosidl_typesupport_introspection_c__visibility_control.h
-- Up-to-date: /home/harry/ur3e_ws/src/install/ur3e_ros_data/include/ur3e_ros_data/ur3e_ros_data/msg/detail
-- Up-to-date: /home/harry/ur3e_ws/src/install/ur3e_ros_data/include/ur3e_ros_data/ur3e_ros_data/msg/detail/joint_pose__type_support.c
-- Up-to-date: /home/harry/ur3e_ws/src/install/ur3e_ros_data/include/ur3e_ros_data/ur3e_ros_data/msg/detail/joint_pose__rosidl_typesupport_introspection_c.h
-- Up-to-date: /home/harry/ur3e_ws/src/install/ur3e_ros_data/lib/libur3e_ros_data__rosidl_typesupport_introspection_c.so
-- Up-to-date: /home/harry/ur3e_ws/src/install/ur3e_ros_data/lib/libur3e_ros_data__rosidl_typesupport_c.so
-- Up-to-date: /home/harry/ur3e_ws/src/install/ur3e_ros_data/include/ur3e_ros_data/ur3e_ros_data
-- Up-to-date: /home/harry/ur3e_ws/src/install/ur3e_ros_data/include/ur3e_ros_data/ur3e_ros_data/action
-- Up-to-date: /home/harry/ur3e_ws/src/install/ur3e_ros_data/include/ur3e_ros_data/ur3e_ros_data/action/move_j.hpp
-- Up-to-date: /home/harry/ur3e_ws/src/install/ur3e_ros_data/include/ur3e_ros_data/ur3e_ros_data/action/detail
-- Up-to-date: /home/harry/ur3e_ws/src/install/ur3e_ros_data/include/ur3e_ros_data/ur3e_ros_data/action/detail/move_j__builder.hpp
-- Up-to-date: /home/harry/ur3e_ws/src/install/ur3e_ros_data/include/ur3e_ros_data/ur3e_ros_data/action/detail/move_j__traits.hpp
-- Up-to-date: /home/harry/ur3e_ws/src/install/ur3e_ros_data/include/ur3e_ros_data/ur3e_ros_data/action/detail/move_j__struct.hpp
-- Up-to-date: /home/harry/ur3e_ws/src/install/ur3e_ros_data/include/ur3e_ros_data/ur3e_ros_data/msg
-- Up-to-date: /home/harry/ur3e_ws/src/install/ur3e_ros_data/include/ur3e_ros_data/ur3e_ros_data/msg/detail
-- Up-to-date: /home/harry/ur3e_ws/src/install/ur3e_ros_data/include/ur3e_ros_data/ur3e_ros_data/msg/detail/joint_pose__traits.hpp
-- Up-to-date: /home/harry/ur3e_ws/src/install/ur3e_ros_data/include/ur3e_ros_data/ur3e_ros_data/msg/detail/joint_pose__builder.hpp
-- Up-to-date: /home/harry/ur3e_ws/src/install/ur3e_ros_data/include/ur3e_ros_data/ur3e_ros_data/msg/detail/joint_pose__struct.hpp
-- Up-to-date: /home/harry/ur3e_ws/src/install/ur3e_ros_data/include/ur3e_ros_data/ur3e_ros_data/msg/joint_pose.hpp
-- Up-to-date: /home/harry/ur3e_ws/src/install/ur3e_ros_data/include/ur3e_ros_data/ur3e_ros_data
-- Up-to-date: /home/harry/ur3e_ws/src/install/ur3e_ros_data/include/ur3e_ros_data/ur3e_ros_data/action
-- Up-to-date: /home/harry/ur3e_ws/src/install/ur3e_ros_data/include/ur3e_ros_data/ur3e_ros_data/action/detail
-- Up-to-date: /home/harry/ur3e_ws/src/install/ur3e_ros_data/include/ur3e_ros_data/ur3e_ros_data/action/detail/move_j__rosidl_typesupport_fastrtps_cpp.hpp
-- Up-to-date: /home/harry/ur3e_ws/src/install/ur3e_ros_data/include/ur3e_ros_data/ur3e_ros_data/action/detail/dds_fastrtps
-- Up-to-date: /home/harry/ur3e_ws/src/install/ur3e_ros_data/include/ur3e_ros_data/ur3e_ros_data/msg
-- Up-to-date: /home/harry/ur3e_ws/src/install/ur3e_ros_data/include/ur3e_ros_data/ur3e_ros_data/msg/rosidl_typesupport_fastrtps_cpp__visibility_control.h
-- Up-to-date: /home/harry/ur3e_ws/src/install/ur3e_ros_data/include/ur3e_ros_data/ur3e_ros_data/msg/detail
-- Up-to-date: /home/harry/ur3e_ws/src/install/ur3e_ros_data/include/ur3e_ros_data/ur3e_ros_data/msg/detail/joint_pose__rosidl_typesupport_fastrtps_cpp.hpp
-- Up-to-date: /home/harry/ur3e_ws/src/install/ur3e_ros_data/include/ur3e_ros_data/ur3e_ros_data/msg/detail/dds_fastrtps
-- Up-to-date: /home/harry/ur3e_ws/src/install/ur3e_ros_data/lib/libur3e_ros_data__rosidl_typesupport_fastrtps_cpp.so
-- Up-to-date: /home/harry/ur3e_ws/src/install/ur3e_ros_data/include/ur3e_ros_data/ur3e_ros_data
-- Up-to-date: /home/harry/ur3e_ws/src/install/ur3e_ros_data/include/ur3e_ros_data/ur3e_ros_data/action
-- Up-to-date: /home/harry/ur3e_ws/src/install/ur3e_ros_data/include/ur3e_ros_data/ur3e_ros_data/action/detail
-- Up-to-date: /home/harry/ur3e_ws/src/install/ur3e_ros_data/include/ur3e_ros_data/ur3e_ros_data/action/detail/move_j__rosidl_typesupport_introspection_cpp.hpp
-- Up-to-date: /home/harry/ur3e_ws/src/install/ur3e_ros_data/include/ur3e_ros_data/ur3e_ros_data/action/detail/move_j__type_support.cpp
-- Up-to-date: /home/harry/ur3e_ws/src/install/ur3e_ros_data/include/ur3e_ros_data/ur3e_ros_data/msg
-- Up-to-date: /home/harry/ur3e_ws/src/install/ur3e_ros_data/include/ur3e_ros_data/ur3e_ros_data/msg/detail
-- Up-to-date: /home/harry/ur3e_ws/src/install/ur3e_ros_data/include/ur3e_ros_data/ur3e_ros_data/msg/detail/joint_pose__type_support.cpp
-- Up-to-date: /home/harry/ur3e_ws/src/install/ur3e_ros_data/include/ur3e_ros_data/ur3e_ros_data/msg/detail/joint_pose__rosidl_typesupport_introspection_cpp.hpp
-- Up-to-date: /home/harry/ur3e_ws/src/install/ur3e_ros_data/lib/libur3e_ros_data__rosidl_typesupport_introspection_cpp.so
-- Up-to-date: /home/harry/ur3e_ws/src/install/ur3e_ros_data/lib/libur3e_ros_data__rosidl_typesupport_cpp.so
-- Up-to-date: /home/harry/ur3e_ws/src/install/ur3e_ros_data/share/ur3e_ros_data/environment/pythonpath.sh
-- Up-to-date: /home/harry/ur3e_ws/src/install/ur3e_ros_data/share/ur3e_ros_data/environment/pythonpath.dsv
-- Up-to-date: /home/harry/ur3e_ws/src/install/ur3e_ros_data/lib/python3.10/site-packages/ur3e_ros_data-0.0.0-py3.10.egg-info
-- Installing: /home/harry/ur3e_ws/src/install/ur3e_ros_data/lib/python3.10/site-packages/ur3e_ros_data-0.0.0-py3.10.egg-info/PKG-INFO
-- Installing: /home/harry/ur3e_ws/src/install/ur3e_ros_data/lib/python3.10/site-packages/ur3e_ros_data-0.0.0-py3.10.egg-info/top_level.txt
-- Installing: /home/harry/ur3e_ws/src/install/ur3e_ros_data/lib/python3.10/site-packages/ur3e_ros_data-0.0.0-py3.10.egg-info/SOURCES.txt
-- Installing: /home/harry/ur3e_ws/src/install/ur3e_ros_data/lib/python3.10/site-packages/ur3e_ros_data-0.0.0-py3.10.egg-info/dependency_links.txt
-- Up-to-date: /home/harry/ur3e_ws/src/install/ur3e_ros_data/lib/python3.10/site-packages/ur3e_ros_data
-- Up-to-date: /home/harry/ur3e_ws/src/install/ur3e_ros_data/lib/python3.10/site-packages/ur3e_ros_data/_ur3e_ros_data_s.ep.rosidl_typesupport_introspection_c.c
-- Up-to-date: /home/harry/ur3e_ws/src/install/ur3e_ros_data/lib/python3.10/site-packages/ur3e_ros_data/_ur3e_ros_data_s.ep.rosidl_typesupport_fastrtps_c.c
-- Up-to-date: /home/harry/ur3e_ws/src/install/ur3e_ros_data/lib/python3.10/site-packages/ur3e_ros_data/__init__.py
-- Up-to-date: /home/harry/ur3e_ws/src/install/ur3e_ros_data/lib/python3.10/site-packages/ur3e_ros_data/ur3e_ros_data_s__rosidl_typesupport_introspection_c.cpython-310-x86_64-linux-gnu.so
-- Up-to-date: /home/harry/ur3e_ws/src/install/ur3e_ros_data/lib/python3.10/site-packages/ur3e_ros_data/ur3e_ros_data_s__rosidl_typesupport_fastrtps_c.cpython-310-x86_64-linux-gnu.so
-- Up-to-date: /home/harry/ur3e_ws/src/install/ur3e_ros_data/lib/python3.10/site-packages/ur3e_ros_data/ur3e_ros_data_s__rosidl_typesupport_c.cpython-310-x86_64-linux-gnu.so
-- Up-to-date: /home/harry/ur3e_ws/src/install/ur3e_ros_data/lib/python3.10/site-packages/ur3e_ros_data/action
-- Up-to-date: /home/harry/ur3e_ws/src/install/ur3e_ros_data/lib/python3.10/site-packages/ur3e_ros_data/action/__init__.py
-- Up-to-date: /home/harry/ur3e_ws/src/install/ur3e_ros_data/lib/python3.10/site-packages/ur3e_ros_data/action/_move_j_s.c
-- Up-to-date: /home/harry/ur3e_ws/src/install/ur3e_ros_data/lib/python3.10/site-packages/ur3e_ros_data/action/_move_j.py
-- Up-to-date: /home/harry/ur3e_ws/src/install/ur3e_ros_data/lib/python3.10/site-packages/ur3e_ros_data/msg
-- Up-to-date: /home/harry/ur3e_ws/src/install/ur3e_ros_data/lib/python3.10/site-packages/ur3e_ros_data/msg/_joint_pose.py
-- Up-to-date: /home/harry/ur3e_ws/src/install/ur3e_ros_data/lib/python3.10/site-packages/ur3e_ros_data/msg/__init__.py
-- Up-to-date: /home/harry/ur3e_ws/src/install/ur3e_ros_data/lib/python3.10/site-packages/ur3e_ros_data/msg/_joint_pose_s.c
-- Up-to-date: /home/harry/ur3e_ws/src/install/ur3e_ros_data/lib/python3.10/site-packages/ur3e_ros_data/_ur3e_ros_data_s.ep.rosidl_typesupport_c.c
-- Up-to-date: /home/harry/ur3e_ws/src/install/ur3e_ros_data/lib/python3.10/site-packages/ur3e_ros_data/libur3e_ros_data__rosidl_generator_py.so
Listing '/home/harry/ur3e_ws/src/install/ur3e_ros_data/lib/python3.10/site-packages/ur3e_ros_data'...
Listing '/home/harry/ur3e_ws/src/install/ur3e_ros_data/lib/python3.10/site-packages/ur3e_ros_data/action'...
Listing '/home/harry/ur3e_ws/src/install/ur3e_ros_data/lib/python3.10/site-packages/ur3e_ros_data/msg'...
-- Up-to-date: /home/harry/ur3e_ws/src/install/ur3e_ros_data/lib/python3.10/site-packages/ur3e_ros_data/ur3e_ros_data_s__rosidl_typesupport_fastrtps_c.cpython-310-x86_64-linux-gnu.so
-- Up-to-date: /home/harry/ur3e_ws/src/install/ur3e_ros_data/lib/python3.10/site-packages/ur3e_ros_data/ur3e_ros_data_s__rosidl_typesupport_introspection_c.cpython-310-x86_64-linux-gnu.so
-- Up-to-date: /home/harry/ur3e_ws/src/install/ur3e_ros_data/lib/python3.10/site-packages/ur3e_ros_data/ur3e_ros_data_s__rosidl_typesupport_c.cpython-310-x86_64-linux-gnu.so
-- Up-to-date: /home/harry/ur3e_ws/src/install/ur3e_ros_data/lib/libur3e_ros_data__rosidl_generator_py.so
-- Up-to-date: /home/harry/ur3e_ws/src/install/ur3e_ros_data/share/ur3e_ros_data/msg/JointPose.idl
-- Up-to-date: /home/harry/ur3e_ws/src/install/ur3e_ros_data/share/ur3e_ros_data/action/MoveJ.idl
-- Up-to-date: /home/harry/ur3e_ws/src/install/ur3e_ros_data/share/ur3e_ros_data/msg/JointPose.msg
-- Up-to-date: /home/harry/ur3e_ws/src/install/ur3e_ros_data/share/ur3e_ros_data/action/MoveJ.action
-- Up-to-date: /home/harry/ur3e_ws/src/install/ur3e_ros_data/share/ament_index/resource_index/package_run_dependencies/ur3e_ros_data
-- Up-to-date: /home/harry/ur3e_ws/src/install/ur3e_ros_data/share/ament_index/resource_index/parent_prefix_path/ur3e_ros_data
-- Up-to-date: /home/harry/ur3e_ws/src/install/ur3e_ros_data/share/ur3e_ros_data/environment/ament_prefix_path.sh
-- Up-to-date: /home/harry/ur3e_ws/src/install/ur3e_ros_data/share/ur3e_ros_data/environment/ament_prefix_path.dsv
-- Up-to-date: /home/harry/ur3e_ws/src/install/ur3e_ros_data/share/ur3e_ros_data/environment/path.sh
-- Up-to-date: /home/harry/ur3e_ws/src/install/ur3e_ros_data/share/ur3e_ros_data/environment/path.dsv
-- Up-to-date: /home/harry/ur3e_ws/src/install/ur3e_ros_data/share/ur3e_ros_data/local_setup.bash
-- Up-to-date: /home/harry/ur3e_ws/src/install/ur3e_ros_data/share/ur3e_ros_data/local_setup.sh
-- Up-to-date: /home/harry/ur3e_ws/src/install/ur3e_ros_data/share/ur3e_ros_data/local_setup.zsh
-- Up-to-date: /home/harry/ur3e_ws/src/install/ur3e_ros_data/share/ur3e_ros_data/local_setup.dsv
-- Installing: /home/harry/ur3e_ws/src/install/ur3e_ros_data/share/ur3e_ros_data/package.dsv
-- Up-to-date: /home/harry/ur3e_ws/src/install/ur3e_ros_data/share/ament_index/resource_index/packages/ur3e_ros_data
-- Up-to-date: /home/harry/ur3e_ws/src/install/ur3e_ros_data/share/ur3e_ros_data/cmake/export_ur3e_ros_data__rosidl_generator_cExport.cmake
-- Up-to-date: /home/harry/ur3e_ws/src/install/ur3e_ros_data/share/ur3e_ros_data/cmake/export_ur3e_ros_data__rosidl_generator_cExport-noconfig.cmake
-- Up-to-date: /home/harry/ur3e_ws/src/install/ur3e_ros_data/share/ur3e_ros_data/cmake/export_ur3e_ros_data__rosidl_typesupport_fastrtps_cExport.cmake
-- Up-to-date: /home/harry/ur3e_ws/src/install/ur3e_ros_data/share/ur3e_ros_data/cmake/export_ur3e_ros_data__rosidl_typesupport_fastrtps_cExport-noconfig.cmake
-- Up-to-date: /home/harry/ur3e_ws/src/install/ur3e_ros_data/share/ur3e_ros_data/cmake/ur3e_ros_data__rosidl_typesupport_introspection_cExport.cmake
-- Up-to-date: /home/harry/ur3e_ws/src/install/ur3e_ros_data/share/ur3e_ros_data/cmake/ur3e_ros_data__rosidl_typesupport_introspection_cExport-noconfig.cmake
-- Up-to-date: /home/harry/ur3e_ws/src/install/ur3e_ros_data/share/ur3e_ros_data/cmake/ur3e_ros_data__rosidl_typesupport_cExport.cmake
-- Up-to-date: /home/harry/ur3e_ws/src/install/ur3e_ros_data/share/ur3e_ros_data/cmake/ur3e_ros_data__rosidl_typesupport_cExport-noconfig.cmake
-- Up-to-date: /home/harry/ur3e_ws/src/install/ur3e_ros_data/share/ur3e_ros_data/cmake/export_ur3e_ros_data__rosidl_generator_cppExport.cmake
-- Up-to-date: /home/harry/ur3e_ws/src/install/ur3e_ros_data/share/ur3e_ros_data/cmake/export_ur3e_ros_data__rosidl_typesupport_fastrtps_cppExport.cmake
-- Up-to-date: /home/harry/ur3e_ws/src/install/ur3e_ros_data/share/ur3e_ros_data/cmake/export_ur3e_ros_data__rosidl_typesupport_fastrtps_cppExport-noconfig.cmake
-- Up-to-date: /home/harry/ur3e_ws/src/install/ur3e_ros_data/share/ur3e_ros_data/cmake/ur3e_ros_data__rosidl_typesupport_introspection_cppExport.cmake
-- Up-to-date: /home/harry/ur3e_ws/src/install/ur3e_ros_data/share/ur3e_ros_data/cmake/ur3e_ros_data__rosidl_typesupport_introspection_cppExport-noconfig.cmake
-- Up-to-date: /home/harry/ur3e_ws/src/install/ur3e_ros_data/share/ur3e_ros_data/cmake/ur3e_ros_data__rosidl_typesupport_cppExport.cmake
-- Up-to-date: /home/harry/ur3e_ws/src/install/ur3e_ros_data/share/ur3e_ros_data/cmake/ur3e_ros_data__rosidl_typesupport_cppExport-noconfig.cmake
-- Up-to-date: /home/harry/ur3e_ws/src/install/ur3e_ros_data/share/ur3e_ros_data/cmake/export_ur3e_ros_data__rosidl_generator_pyExport.cmake
-- Up-to-date: /home/harry/ur3e_ws/src/install/ur3e_ros_data/share/ur3e_ros_data/cmake/export_ur3e_ros_data__rosidl_generator_pyExport-noconfig.cmake
-- Up-to-date: /home/harry/ur3e_ws/src/install/ur3e_ros_data/share/ur3e_ros_data/cmake/rosidl_cmake-extras.cmake
-- Up-to-date: /home/harry/ur3e_ws/src/install/ur3e_ros_data/share/ur3e_ros_data/cmake/ament_cmake_export_dependencies-extras.cmake
-- Up-to-date: /home/harry/ur3e_ws/src/install/ur3e_ros_data/share/ur3e_ros_data/cmake/ament_cmake_export_include_directories-extras.cmake
-- Up-to-date: /home/harry/ur3e_ws/src/install/ur3e_ros_data/share/ur3e_ros_data/cmake/ament_cmake_export_libraries-extras.cmake
-- Up-to-date: /home/harry/ur3e_ws/src/install/ur3e_ros_data/share/ur3e_ros_data/cmake/ament_cmake_export_targets-extras.cmake
-- Up-to-date: /home/harry/ur3e_ws/src/install/ur3e_ros_data/share/ur3e_ros_data/cmake/rosidl_cmake_export_typesupport_targets-extras.cmake
-- Up-to-date: /home/harry/ur3e_ws/src/install/ur3e_ros_data/share/ur3e_ros_data/cmake/rosidl_cmake_export_typesupport_libraries-extras.cmake
-- Up-to-date: /home/harry/ur3e_ws/src/install/ur3e_ros_data/share/ur3e_ros_data/cmake/ur3e_ros_dataConfig.cmake
-- Up-to-date: /home/harry/ur3e_ws/src/install/ur3e_ros_data/share/ur3e_ros_data/cmake/ur3e_ros_dataConfig-version.cmake
-- Up-to-date: /home/harry/ur3e_ws/src/install/ur3e_ros_data/share/ur3e_ros_data/package.xml
