[0.504s] DEBUG:colcon:Command line arguments: ['/usr/bin/colcon', 'build', '--packages-select', 'ur3e_ros_action_cpp']
[0.505s] DEBUG:colcon:Parsed command line arguments: Namespace(log_base=None, log_level=None, verb_name='build', build_base='build', install_base='install', merge_install=False, symlink_install=False, test_result_base=None, continue_on_error=False, executor='parallel', parallel_workers=2, event_handlers=None, ignore_user_meta=False, metas=['./colcon.meta'], base_paths=['.'], packages_ignore=None, packages_ignore_regex=None, paths=None, packages_up_to=None, packages_up_to_regex=None, packages_above=None, packages_above_and_dependencies=None, packages_above_depth=None, packages_select_by_dep=None, packages_skip_by_dep=None, packages_skip_up_to=None, packages_select_build_failed=False, packages_skip_build_finished=False, packages_select_test_failures=False, packages_skip_test_passed=False, packages_select=['ur3e_ros_action_cpp'], packages_skip=None, packages_select_regex=None, packages_skip_regex=None, packages_start=None, packages_end=None, allow_overriding=[], cmake_args=None, cmake_target=None, cmake_target_skip_unavailable=False, cmake_clean_cache=False, cmake_clean_first=False, cmake_force_configure=False, ament_cmake_args=None, catkin_cmake_args=None, catkin_skip_building_tests=False, mixin_files=None, mixin=None, verb_parser=<colcon_mixin.mixin.mixin_argument.MixinArgumentDecorator object at 0x7c051f0f7220>, verb_extension=<colcon_core.verb.build.BuildVerb object at 0x7c051f233850>, main=<bound method BuildVerb.main of <colcon_core.verb.build.BuildVerb object at 0x7c051f233850>>, mixin_verb=('build',))
[1.257s] Level 1:colcon.colcon_core.package_discovery:discover_packages(colcon_meta) check parameters
[1.257s] Level 1:colcon.colcon_core.package_discovery:discover_packages(recursive) check parameters
[1.257s] Level 1:colcon.colcon_core.package_discovery:discover_packages(ignore) check parameters
[1.257s] Level 1:colcon.colcon_core.package_discovery:discover_packages(path) check parameters
[1.258s] Level 1:colcon.colcon_core.package_discovery:discover_packages(colcon_meta) discover
[1.258s] Level 1:colcon.colcon_core.package_discovery:discover_packages(recursive) discover
[1.258s] INFO:colcon.colcon_core.package_discovery:Crawling recursively for packages in '/home/harry/ur3e_ws'
[1.258s] Level 1:colcon.colcon_core.package_identification:_identify(.) by extensions ['ignore', 'ignore_ament_install']
[1.259s] Level 1:colcon.colcon_core.package_identification:_identify(.) by extension 'ignore'
[1.259s] Level 1:colcon.colcon_core.package_identification:_identify(.) by extension 'ignore_ament_install'
[1.259s] Level 1:colcon.colcon_core.package_identification:_identify(.) by extensions ['colcon_pkg']
[1.259s] Level 1:colcon.colcon_core.package_identification:_identify(.) by extension 'colcon_pkg'
[1.259s] Level 1:colcon.colcon_core.package_identification:_identify(.) by extensions ['colcon_meta']
[1.259s] Level 1:colcon.colcon_core.package_identification:_identify(.) by extension 'colcon_meta'
[1.260s] Level 1:colcon.colcon_core.package_identification:_identify(.) by extensions ['ros']
[1.260s] Level 1:colcon.colcon_core.package_identification:_identify(.) by extension 'ros'
[1.306s] Level 1:colcon.colcon_core.package_identification:_identify(.) by extensions ['cmake', 'python']
[1.306s] Level 1:colcon.colcon_core.package_identification:_identify(.) by extension 'cmake'
[1.306s] Level 1:colcon.colcon_core.package_identification:_identify(.) by extension 'python'
[1.307s] Level 1:colcon.colcon_core.package_identification:_identify(.) by extensions ['python_setup_py']
[1.307s] Level 1:colcon.colcon_core.package_identification:_identify(.) by extension 'python_setup_py'
[1.307s] Level 1:colcon.colcon_core.package_identification:_identify(build) by extensions ['ignore', 'ignore_ament_install']
[1.308s] Level 1:colcon.colcon_core.package_identification:_identify(build) by extension 'ignore'
[1.308s] Level 1:colcon.colcon_core.package_identification:_identify(build) ignored
[1.309s] Level 1:colcon.colcon_core.package_identification:_identify(install) by extensions ['ignore', 'ignore_ament_install']
[1.309s] Level 1:colcon.colcon_core.package_identification:_identify(install) by extension 'ignore'
[1.309s] Level 1:colcon.colcon_core.package_identification:_identify(install) ignored
[1.310s] Level 1:colcon.colcon_core.package_identification:_identify(log) by extensions ['ignore', 'ignore_ament_install']
[1.310s] Level 1:colcon.colcon_core.package_identification:_identify(log) by extension 'ignore'
[1.310s] Level 1:colcon.colcon_core.package_identification:_identify(log) ignored
[1.310s] Level 1:colcon.colcon_core.package_identification:_identify(src) by extensions ['ignore', 'ignore_ament_install']
[1.311s] Level 1:colcon.colcon_core.package_identification:_identify(src) by extension 'ignore'
[1.311s] Level 1:colcon.colcon_core.package_identification:_identify(src) by extension 'ignore_ament_install'
[1.311s] Level 1:colcon.colcon_core.package_identification:_identify(src) by extensions ['colcon_pkg']
[1.311s] Level 1:colcon.colcon_core.package_identification:_identify(src) by extension 'colcon_pkg'
[1.311s] Level 1:colcon.colcon_core.package_identification:_identify(src) by extensions ['colcon_meta']
[1.311s] Level 1:colcon.colcon_core.package_identification:_identify(src) by extension 'colcon_meta'
[1.312s] Level 1:colcon.colcon_core.package_identification:_identify(src) by extensions ['ros']
[1.312s] Level 1:colcon.colcon_core.package_identification:_identify(src) by extension 'ros'
[1.312s] Level 1:colcon.colcon_core.package_identification:_identify(src) by extensions ['cmake', 'python']
[1.312s] Level 1:colcon.colcon_core.package_identification:_identify(src) by extension 'cmake'
[1.312s] Level 1:colcon.colcon_core.package_identification:_identify(src) by extension 'python'
[1.312s] Level 1:colcon.colcon_core.package_identification:_identify(src) by extensions ['python_setup_py']
[1.312s] Level 1:colcon.colcon_core.package_identification:_identify(src) by extension 'python_setup_py'
[1.313s] Level 1:colcon.colcon_core.package_identification:_identify(src/ur3e_gazebo_sim) by extensions ['ignore', 'ignore_ament_install']
[1.313s] Level 1:colcon.colcon_core.package_identification:_identify(src/ur3e_gazebo_sim) by extension 'ignore'
[1.313s] Level 1:colcon.colcon_core.package_identification:_identify(src/ur3e_gazebo_sim) by extension 'ignore_ament_install'
[1.313s] Level 1:colcon.colcon_core.package_identification:_identify(src/ur3e_gazebo_sim) by extensions ['colcon_pkg']
[1.314s] Level 1:colcon.colcon_core.package_identification:_identify(src/ur3e_gazebo_sim) by extension 'colcon_pkg'
[1.314s] Level 1:colcon.colcon_core.package_identification:_identify(src/ur3e_gazebo_sim) by extensions ['colcon_meta']
[1.314s] Level 1:colcon.colcon_core.package_identification:_identify(src/ur3e_gazebo_sim) by extension 'colcon_meta'
[1.314s] Level 1:colcon.colcon_core.package_identification:_identify(src/ur3e_gazebo_sim) by extensions ['ros']
[1.314s] Level 1:colcon.colcon_core.package_identification:_identify(src/ur3e_gazebo_sim) by extension 'ros'
[1.326s] DEBUG:colcon.colcon_core.package_identification:Package 'src/ur3e_gazebo_sim' with type 'ros.ament_cmake' and name 'ur3e_gazebo_sim'
[1.327s] Level 1:colcon.colcon_core.package_identification:_identify(src/ur3e_ros_action) by extensions ['ignore', 'ignore_ament_install']
[1.327s] Level 1:colcon.colcon_core.package_identification:_identify(src/ur3e_ros_action) by extension 'ignore'
[1.328s] Level 1:colcon.colcon_core.package_identification:_identify(src/ur3e_ros_action) by extension 'ignore_ament_install'
[1.328s] Level 1:colcon.colcon_core.package_identification:_identify(src/ur3e_ros_action) by extensions ['colcon_pkg']
[1.328s] Level 1:colcon.colcon_core.package_identification:_identify(src/ur3e_ros_action) by extension 'colcon_pkg'
[1.328s] Level 1:colcon.colcon_core.package_identification:_identify(src/ur3e_ros_action) by extensions ['colcon_meta']
[1.328s] Level 1:colcon.colcon_core.package_identification:_identify(src/ur3e_ros_action) by extension 'colcon_meta'
[1.328s] Level 1:colcon.colcon_core.package_identification:_identify(src/ur3e_ros_action) by extensions ['ros']
[1.329s] Level 1:colcon.colcon_core.package_identification:_identify(src/ur3e_ros_action) by extension 'ros'
[1.331s] DEBUG:colcon.colcon_core.package_identification:Package 'src/ur3e_ros_action' with type 'ros.ament_python' and name 'ur3e_ros_action'
[1.331s] Level 1:colcon.colcon_core.package_identification:_identify(src/ur3e_ros_action_cpp) by extensions ['ignore', 'ignore_ament_install']
[1.331s] Level 1:colcon.colcon_core.package_identification:_identify(src/ur3e_ros_action_cpp) by extension 'ignore'
[1.332s] Level 1:colcon.colcon_core.package_identification:_identify(src/ur3e_ros_action_cpp) by extension 'ignore_ament_install'
[1.332s] Level 1:colcon.colcon_core.package_identification:_identify(src/ur3e_ros_action_cpp) by extensions ['colcon_pkg']
[1.332s] Level 1:colcon.colcon_core.package_identification:_identify(src/ur3e_ros_action_cpp) by extension 'colcon_pkg'
[1.332s] Level 1:colcon.colcon_core.package_identification:_identify(src/ur3e_ros_action_cpp) by extensions ['colcon_meta']
[1.332s] Level 1:colcon.colcon_core.package_identification:_identify(src/ur3e_ros_action_cpp) by extension 'colcon_meta'
[1.332s] Level 1:colcon.colcon_core.package_identification:_identify(src/ur3e_ros_action_cpp) by extensions ['ros']
[1.332s] Level 1:colcon.colcon_core.package_identification:_identify(src/ur3e_ros_action_cpp) by extension 'ros'
[1.335s] DEBUG:colcon.colcon_core.package_identification:Package 'src/ur3e_ros_action_cpp' with type 'ros.ament_cmake' and name 'ur3e_ros_action_cpp'
[1.336s] Level 1:colcon.colcon_core.package_identification:_identify(src/ur3e_ros_data) by extensions ['ignore', 'ignore_ament_install']
[1.336s] Level 1:colcon.colcon_core.package_identification:_identify(src/ur3e_ros_data) by extension 'ignore'
[1.338s] Level 1:colcon.colcon_core.package_identification:_identify(src/ur3e_ros_data) by extension 'ignore_ament_install'
[1.339s] Level 1:colcon.colcon_core.package_identification:_identify(src/ur3e_ros_data) by extensions ['colcon_pkg']
[1.339s] Level 1:colcon.colcon_core.package_identification:_identify(src/ur3e_ros_data) by extension 'colcon_pkg'
[1.339s] Level 1:colcon.colcon_core.package_identification:_identify(src/ur3e_ros_data) by extensions ['colcon_meta']
[1.339s] Level 1:colcon.colcon_core.package_identification:_identify(src/ur3e_ros_data) by extension 'colcon_meta'
[1.339s] Level 1:colcon.colcon_core.package_identification:_identify(src/ur3e_ros_data) by extensions ['ros']
[1.339s] Level 1:colcon.colcon_core.package_identification:_identify(src/ur3e_ros_data) by extension 'ros'
[1.375s] DEBUG:colcon.colcon_core.package_identification:Package 'src/ur3e_ros_data' with type 'ros.ament_cmake' and name 'ur3e_ros_data'
[1.375s] Level 1:colcon.colcon_core.package_discovery:discover_packages(recursive) using defaults
[1.375s] Level 1:colcon.colcon_core.package_discovery:discover_packages(ignore) discover
[1.375s] Level 1:colcon.colcon_core.package_discovery:discover_packages(ignore) using defaults
[1.375s] Level 1:colcon.colcon_core.package_discovery:discover_packages(path) discover
[1.375s] Level 1:colcon.colcon_core.package_discovery:discover_packages(path) using defaults
[1.460s] INFO:colcon.colcon_core.package_selection:Skipping not selected package 'ur3e_gazebo_sim' in 'src/ur3e_gazebo_sim'
[1.460s] INFO:colcon.colcon_core.package_selection:Skipping not selected package 'ur3e_ros_action' in 'src/ur3e_ros_action'
[1.460s] INFO:colcon.colcon_core.package_selection:Skipping not selected package 'ur3e_ros_data' in 'src/ur3e_ros_data'
[1.461s] Level 1:colcon.colcon_core.package_discovery:discover_packages(prefix_path) check parameters
[1.461s] Level 1:colcon.colcon_core.package_discovery:discover_packages(prefix_path) discover
[1.466s] DEBUG:colcon.colcon_installed_package_information.package_discovery:Found 4 installed packages in /home/harry/ur3e_ws/install
[1.467s] DEBUG:colcon.colcon_installed_package_information.package_discovery:Found 3 installed packages in /home/harry/ur_ws/install
[1.472s] DEBUG:colcon.colcon_installed_package_information.package_discovery:Found 395 installed packages in /opt/ros/iron
[1.481s] Level 1:colcon.colcon_core.package_discovery:discover_packages(prefix_path) using defaults
[1.703s] Level 5:colcon.colcon_core.verb:set package 'ur3e_ros_action_cpp' build argument 'cmake_args' from command line to 'None'
[1.703s] Level 5:colcon.colcon_core.verb:set package 'ur3e_ros_action_cpp' build argument 'cmake_target' from command line to 'None'
[1.703s] Level 5:colcon.colcon_core.verb:set package 'ur3e_ros_action_cpp' build argument 'cmake_target_skip_unavailable' from command line to 'False'
[1.704s] Level 5:colcon.colcon_core.verb:set package 'ur3e_ros_action_cpp' build argument 'cmake_clean_cache' from command line to 'False'
[1.704s] Level 5:colcon.colcon_core.verb:set package 'ur3e_ros_action_cpp' build argument 'cmake_clean_first' from command line to 'False'
[1.704s] Level 5:colcon.colcon_core.verb:set package 'ur3e_ros_action_cpp' build argument 'cmake_force_configure' from command line to 'False'
[1.704s] Level 5:colcon.colcon_core.verb:set package 'ur3e_ros_action_cpp' build argument 'ament_cmake_args' from command line to 'None'
[1.704s] Level 5:colcon.colcon_core.verb:set package 'ur3e_ros_action_cpp' build argument 'catkin_cmake_args' from command line to 'None'
[1.704s] Level 5:colcon.colcon_core.verb:set package 'ur3e_ros_action_cpp' build argument 'catkin_skip_building_tests' from command line to 'False'
[1.704s] DEBUG:colcon.colcon_core.verb:Building package 'ur3e_ros_action_cpp' with the following arguments: {'ament_cmake_args': None, 'build_base': '/home/harry/ur3e_ws/build/ur3e_ros_action_cpp', 'catkin_cmake_args': None, 'catkin_skip_building_tests': False, 'cmake_args': None, 'cmake_clean_cache': False, 'cmake_clean_first': False, 'cmake_force_configure': False, 'cmake_target': None, 'cmake_target_skip_unavailable': False, 'install_base': '/home/harry/ur3e_ws/install/ur3e_ros_action_cpp', 'merge_install': False, 'path': '/home/harry/ur3e_ws/src/ur3e_ros_action_cpp', 'symlink_install': False, 'test_result_base': None}
[1.705s] INFO:colcon.colcon_core.executor:Executing jobs using 'parallel' executor
[1.708s] DEBUG:colcon.colcon_parallel_executor.executor.parallel:run_until_complete
[1.708s] INFO:colcon.colcon_ros.task.ament_cmake.build:Building ROS package in '/home/harry/ur3e_ws/src/ur3e_ros_action_cpp' with build type 'ament_cmake'
[1.709s] INFO:colcon.colcon_cmake.task.cmake.build:Building CMake package in '/home/harry/ur3e_ws/src/ur3e_ros_action_cpp'
[1.716s] INFO:colcon.colcon_core.plugin_system:Skipping extension 'colcon_core.shell.bat': Not used on non-Windows systems
[1.718s] INFO:colcon.colcon_core.shell:Skip shell extension 'powershell' for command environment: Not usable outside of PowerShell
[1.718s] DEBUG:colcon.colcon_core.shell:Skip shell extension 'dsv' for command environment
[1.756s] DEBUG:colcon.colcon_core.event_handler.log_command:Invoking command in '/home/harry/ur3e_ws/build/ur3e_ros_action_cpp': CMAKE_PREFIX_PATH=${CMAKE_PREFIX_PATH}:/home/harry/ur3e_ws/install/ur3e_ros_action:/home/harry/ur_ws/install/ur3e_ros_action:/opt/ros/iron /usr/bin/cmake --build /home/harry/ur3e_ws/build/ur3e_ros_action_cpp -- -j2 -l2
[39.258s] DEBUG:colcon.colcon_core.event_handler.log_command:Invoked command in '/home/harry/ur3e_ws/build/ur3e_ros_action_cpp' returned '0': CMAKE_PREFIX_PATH=${CMAKE_PREFIX_PATH}:/home/harry/ur3e_ws/install/ur3e_ros_action:/home/harry/ur_ws/install/ur3e_ros_action:/opt/ros/iron /usr/bin/cmake --build /home/harry/ur3e_ws/build/ur3e_ros_action_cpp -- -j2 -l2
[39.395s] DEBUG:colcon.colcon_core.event_handler.log_command:Invoking command in '/home/harry/ur3e_ws/build/ur3e_ros_action_cpp': CMAKE_PREFIX_PATH=${CMAKE_PREFIX_PATH}:/home/harry/ur3e_ws/install/ur3e_ros_action:/home/harry/ur_ws/install/ur3e_ros_action:/opt/ros/iron /usr/bin/cmake --install /home/harry/ur3e_ws/build/ur3e_ros_action_cpp
[39.440s] Level 1:colcon.colcon_core.environment:create_environment_scripts_only(ur3e_ros_action_cpp)
[39.443s] DEBUG:colcon.colcon_core.event_handler.log_command:Invoked command in '/home/harry/ur3e_ws/build/ur3e_ros_action_cpp' returned '0': CMAKE_PREFIX_PATH=${CMAKE_PREFIX_PATH}:/home/harry/ur3e_ws/install/ur3e_ros_action:/home/harry/ur_ws/install/ur3e_ros_action:/opt/ros/iron /usr/bin/cmake --install /home/harry/ur3e_ws/build/ur3e_ros_action_cpp
[39.457s] Level 1:colcon.colcon_core.environment:checking '/home/harry/ur3e_ws/install/ur3e_ros_action_cpp' for CMake module files
[39.458s] Level 1:colcon.colcon_core.environment:checking '/home/harry/ur3e_ws/install/ur3e_ros_action_cpp' for CMake config files
[39.459s] Level 1:colcon.colcon_core.shell:create_environment_hook('ur3e_ros_action_cpp', 'cmake_prefix_path')
[39.460s] INFO:colcon.colcon_core.shell:Creating environment hook '/home/harry/ur3e_ws/install/ur3e_ros_action_cpp/share/ur3e_ros_action_cpp/hook/cmake_prefix_path.ps1'
[39.464s] INFO:colcon.colcon_core.shell:Creating environment descriptor '/home/harry/ur3e_ws/install/ur3e_ros_action_cpp/share/ur3e_ros_action_cpp/hook/cmake_prefix_path.dsv'
[39.468s] INFO:colcon.colcon_core.shell:Creating environment hook '/home/harry/ur3e_ws/install/ur3e_ros_action_cpp/share/ur3e_ros_action_cpp/hook/cmake_prefix_path.sh'
[39.471s] Level 1:colcon.colcon_core.environment:checking '/home/harry/ur3e_ws/install/ur3e_ros_action_cpp/lib'
[39.472s] Level 1:colcon.colcon_core.environment:checking '/home/harry/ur3e_ws/install/ur3e_ros_action_cpp/bin'
[39.472s] Level 1:colcon.colcon_core.environment:checking '/home/harry/ur3e_ws/install/ur3e_ros_action_cpp/lib/pkgconfig/ur3e_ros_action_cpp.pc'
[39.473s] Level 1:colcon.colcon_core.environment:checking '/home/harry/ur3e_ws/install/ur3e_ros_action_cpp/lib/python3.10/site-packages'
[39.475s] Level 1:colcon.colcon_core.environment:checking '/home/harry/ur3e_ws/install/ur3e_ros_action_cpp/bin'
[39.477s] INFO:colcon.colcon_core.shell:Creating package script '/home/harry/ur3e_ws/install/ur3e_ros_action_cpp/share/ur3e_ros_action_cpp/package.ps1'
[39.481s] INFO:colcon.colcon_core.shell:Creating package descriptor '/home/harry/ur3e_ws/install/ur3e_ros_action_cpp/share/ur3e_ros_action_cpp/package.dsv'
[39.484s] INFO:colcon.colcon_core.shell:Creating package script '/home/harry/ur3e_ws/install/ur3e_ros_action_cpp/share/ur3e_ros_action_cpp/package.sh'
[39.487s] INFO:colcon.colcon_core.shell:Creating package script '/home/harry/ur3e_ws/install/ur3e_ros_action_cpp/share/ur3e_ros_action_cpp/package.bash'
[39.491s] INFO:colcon.colcon_core.shell:Creating package script '/home/harry/ur3e_ws/install/ur3e_ros_action_cpp/share/ur3e_ros_action_cpp/package.zsh'
[39.494s] Level 1:colcon.colcon_core.environment:create_file_with_runtime_dependencies(/home/harry/ur3e_ws/install/ur3e_ros_action_cpp/share/colcon-core/packages/ur3e_ros_action_cpp)
[39.616s] Level 1:colcon.colcon_core.environment:create_environment_scripts_only(ur3e_ros_action_cpp)
[39.617s] Level 1:colcon.colcon_core.environment:checking '/home/harry/ur3e_ws/install/ur3e_ros_action_cpp' for CMake module files
[39.618s] Level 1:colcon.colcon_core.environment:checking '/home/harry/ur3e_ws/install/ur3e_ros_action_cpp' for CMake config files
[39.620s] Level 1:colcon.colcon_core.shell:create_environment_hook('ur3e_ros_action_cpp', 'cmake_prefix_path')
[39.621s] INFO:colcon.colcon_core.shell:Creating environment hook '/home/harry/ur3e_ws/install/ur3e_ros_action_cpp/share/ur3e_ros_action_cpp/hook/cmake_prefix_path.ps1'
[39.624s] INFO:colcon.colcon_core.shell:Creating environment descriptor '/home/harry/ur3e_ws/install/ur3e_ros_action_cpp/share/ur3e_ros_action_cpp/hook/cmake_prefix_path.dsv'
[39.626s] INFO:colcon.colcon_core.shell:Creating environment hook '/home/harry/ur3e_ws/install/ur3e_ros_action_cpp/share/ur3e_ros_action_cpp/hook/cmake_prefix_path.sh'
[39.629s] Level 1:colcon.colcon_core.environment:checking '/home/harry/ur3e_ws/install/ur3e_ros_action_cpp/lib'
[39.629s] Level 1:colcon.colcon_core.environment:checking '/home/harry/ur3e_ws/install/ur3e_ros_action_cpp/bin'
[39.629s] Level 1:colcon.colcon_core.environment:checking '/home/harry/ur3e_ws/install/ur3e_ros_action_cpp/lib/pkgconfig/ur3e_ros_action_cpp.pc'
[39.630s] Level 1:colcon.colcon_core.environment:checking '/home/harry/ur3e_ws/install/ur3e_ros_action_cpp/lib/python3.10/site-packages'
[39.631s] Level 1:colcon.colcon_core.environment:checking '/home/harry/ur3e_ws/install/ur3e_ros_action_cpp/bin'
[39.633s] INFO:colcon.colcon_core.shell:Creating package script '/home/harry/ur3e_ws/install/ur3e_ros_action_cpp/share/ur3e_ros_action_cpp/package.ps1'
[39.640s] INFO:colcon.colcon_core.shell:Creating package descriptor '/home/harry/ur3e_ws/install/ur3e_ros_action_cpp/share/ur3e_ros_action_cpp/package.dsv'
[39.642s] INFO:colcon.colcon_core.shell:Creating package script '/home/harry/ur3e_ws/install/ur3e_ros_action_cpp/share/ur3e_ros_action_cpp/package.sh'
[39.649s] INFO:colcon.colcon_core.shell:Creating package script '/home/harry/ur3e_ws/install/ur3e_ros_action_cpp/share/ur3e_ros_action_cpp/package.bash'
[39.651s] INFO:colcon.colcon_core.shell:Creating package script '/home/harry/ur3e_ws/install/ur3e_ros_action_cpp/share/ur3e_ros_action_cpp/package.zsh'
[39.654s] Level 1:colcon.colcon_core.environment:create_file_with_runtime_dependencies(/home/harry/ur3e_ws/install/ur3e_ros_action_cpp/share/colcon-core/packages/ur3e_ros_action_cpp)
[39.662s] DEBUG:colcon.colcon_parallel_executor.executor.parallel:closing loop
[39.665s] DEBUG:colcon.colcon_parallel_executor.executor.parallel:loop closed
[39.665s] DEBUG:colcon.colcon_parallel_executor.executor.parallel:run_until_complete finished with '0'
[39.665s] DEBUG:colcon.colcon_core.event_reactor:joining thread
[39.691s] INFO:colcon.colcon_core.plugin_system:Skipping extension 'colcon_notification.desktop_notification.terminal_notifier': Not used on non-Darwin systems
[39.691s] INFO:colcon.colcon_core.plugin_system:Skipping extension 'colcon_notification.desktop_notification.win32': Not used on non-Windows systems
[39.692s] INFO:colcon.colcon_notification.desktop_notification:Sending desktop notification using 'notify2'
[39.781s] DEBUG:colcon.colcon_core.event_reactor:joined thread
[39.782s] INFO:colcon.colcon_core.shell:Creating prefix script '/home/harry/ur3e_ws/install/local_setup.ps1'
[39.787s] INFO:colcon.colcon_core.shell:Creating prefix util module '/home/harry/ur3e_ws/install/_local_setup_util_ps1.py'
[39.804s] INFO:colcon.colcon_core.shell:Creating prefix chain script '/home/harry/ur3e_ws/install/setup.ps1'
[39.811s] INFO:colcon.colcon_core.shell:Creating prefix script '/home/harry/ur3e_ws/install/local_setup.sh'
[39.814s] INFO:colcon.colcon_core.shell:Creating prefix util module '/home/harry/ur3e_ws/install/_local_setup_util_sh.py'
[39.816s] INFO:colcon.colcon_core.shell:Creating prefix chain script '/home/harry/ur3e_ws/install/setup.sh'
[39.820s] INFO:colcon.colcon_core.shell:Creating prefix script '/home/harry/ur3e_ws/install/local_setup.bash'
[39.828s] INFO:colcon.colcon_core.shell:Creating prefix chain script '/home/harry/ur3e_ws/install/setup.bash'
[39.830s] INFO:colcon.colcon_core.shell:Creating prefix script '/home/harry/ur3e_ws/install/local_setup.zsh'
[39.831s] INFO:colcon.colcon_core.shell:Creating prefix chain script '/home/harry/ur3e_ws/install/setup.zsh'
