[0.006s] Invoking command in '/home/harry/ur3e_ws/build/ur3e_moveit': AMENT_PREFIX_PATH=/home/harry/ur3e_ws/install/ur3e_ros_data:${AMENT_PREFIX_PATH} CMAKE_PREFIX_PATH=/home/harry/ur3e_ws/install/ur3e_ros_data:/opt/ros/iron LD_LIBRARY_PATH=/home/harry/ur3e_ws/install/ur3e_ros_data/lib:${LD_LIBRARY_PATH} PYTHONPATH=/home/harry/ur3e_ws/install/ur3e_ros_data/lib/python3.10/site-packages:${PYTHONPATH} /usr/bin/cmake --build /home/harry/ur3e_ws/build/ur3e_moveit -- -j8 -l8
[0.026s] -- Found ament_cmake: 2.0.4 (/opt/ros/iron/share/ament_cmake/cmake)
[0.116s] -- Found ament_lint_auto: 0.14.3 (/opt/ros/iron/share/ament_lint_auto/cmake)
[0.156s] -- Added test 'flake8' to check Python code syntax and style conventions
[0.157s] -- Configured 'flake8' exclude dirs and/or files: 
[0.157s] -- Added test 'lint_cmake' to check CMake code style
[0.157s] -- Added test 'pep257' to check Python code against some of the docstring style conventions in PEP 257
[0.158s] -- Added test 'xmllint' to check XML markup files
[0.158s] -- Configuring done
[0.160s] -- Generating done
[0.160s] -- Build files have been written to: /home/harry/ur3e_ws/build/ur3e_moveit
[0.176s] Invoked command in '/home/harry/ur3e_ws/build/ur3e_moveit' returned '0': AMENT_PREFIX_PATH=/home/harry/ur3e_ws/install/ur3e_ros_data:${AMENT_PREFIX_PATH} CMAKE_PREFIX_PATH=/home/harry/ur3e_ws/install/ur3e_ros_data:/opt/ros/iron LD_LIBRARY_PATH=/home/harry/ur3e_ws/install/ur3e_ros_data/lib:${LD_LIBRARY_PATH} PYTHONPATH=/home/harry/ur3e_ws/install/ur3e_ros_data/lib/python3.10/site-packages:${PYTHONPATH} /usr/bin/cmake --build /home/harry/ur3e_ws/build/ur3e_moveit -- -j8 -l8
[0.190s] Invoking command in '/home/harry/ur3e_ws/build/ur3e_moveit': AMENT_PREFIX_PATH=/home/harry/ur3e_ws/install/ur3e_ros_data:${AMENT_PREFIX_PATH} CMAKE_PREFIX_PATH=/home/harry/ur3e_ws/install/ur3e_ros_data:/opt/ros/iron LD_LIBRARY_PATH=/home/harry/ur3e_ws/install/ur3e_ros_data/lib:${LD_LIBRARY_PATH} PYTHONPATH=/home/harry/ur3e_ws/install/ur3e_ros_data/lib/python3.10/site-packages:${PYTHONPATH} /usr/bin/cmake --install /home/harry/ur3e_ws/build/ur3e_moveit
[0.195s] -- Install configuration: ""
[0.195s] -- Up-to-date: /home/harry/ur3e_ws/install/ur3e_moveit/share/ur3e_moveit/config
[0.195s] -- Up-to-date: /home/harry/ur3e_ws/install/ur3e_moveit/share/ur3e_moveit/config/ur3e_controllers.yaml
[0.195s] -- Up-to-date: /home/harry/ur3e_ws/install/ur3e_moveit/share/ur3e_moveit/config/ur3e_moveit2.rviz
[0.195s] -- Up-to-date: /home/harry/ur3e_ws/install/ur3e_moveit/share/ur3e_moveit/config/chomp_planning.yaml
[0.195s] -- Up-to-date: /home/harry/ur3e_ws/install/ur3e_moveit/share/ur3e_moveit/config/ur3e.srdf
[0.195s] -- Up-to-date: /home/harry/ur3e_ws/install/ur3e_moveit/share/ur3e_moveit/config/ompl_planning.yaml
[0.195s] -- Up-to-date: /home/harry/ur3e_ws/install/ur3e_moveit/share/ur3e_moveit/config/kinematics.yaml
[0.195s] -- Up-to-date: /home/harry/ur3e_ws/install/ur3e_moveit/share/ur3e_moveit/launch
[0.195s] -- Up-to-date: /home/harry/ur3e_ws/install/ur3e_moveit/share/ur3e_moveit/launch/ur3e.launch.py
[0.195s] -- Up-to-date: /home/harry/ur3e_ws/install/ur3e_moveit/share/ur3e_moveit/launch/ur3e_action_interface.launch.py
[0.195s] -- Up-to-date: /home/harry/ur3e_ws/install/ur3e_moveit/share/ament_index/resource_index/package_run_dependencies/ur3e_moveit
[0.195s] -- Installing: /home/harry/ur3e_ws/install/ur3e_moveit/share/ament_index/resource_index/parent_prefix_path/ur3e_moveit
[0.195s] -- Installing: /home/harry/ur3e_ws/install/ur3e_moveit/share/ur3e_moveit/environment/ament_prefix_path.sh
[0.195s] -- Up-to-date: /home/harry/ur3e_ws/install/ur3e_moveit/share/ur3e_moveit/environment/ament_prefix_path.dsv
[0.195s] -- Installing: /home/harry/ur3e_ws/install/ur3e_moveit/share/ur3e_moveit/environment/path.sh
[0.195s] -- Up-to-date: /home/harry/ur3e_ws/install/ur3e_moveit/share/ur3e_moveit/environment/path.dsv
[0.196s] -- Up-to-date: /home/harry/ur3e_ws/install/ur3e_moveit/share/ur3e_moveit/local_setup.bash
[0.196s] -- Up-to-date: /home/harry/ur3e_ws/install/ur3e_moveit/share/ur3e_moveit/local_setup.sh
[0.196s] -- Up-to-date: /home/harry/ur3e_ws/install/ur3e_moveit/share/ur3e_moveit/local_setup.zsh
[0.196s] -- Up-to-date: /home/harry/ur3e_ws/install/ur3e_moveit/share/ur3e_moveit/local_setup.dsv
[0.196s] -- Up-to-date: /home/harry/ur3e_ws/install/ur3e_moveit/share/ur3e_moveit/package.dsv
[0.196s] -- Up-to-date: /home/harry/ur3e_ws/install/ur3e_moveit/share/ament_index/resource_index/packages/ur3e_moveit
[0.196s] -- Up-to-date: /home/harry/ur3e_ws/install/ur3e_moveit/share/ur3e_moveit/cmake/ur3e_moveitConfig.cmake
[0.196s] -- Up-to-date: /home/harry/ur3e_ws/install/ur3e_moveit/share/ur3e_moveit/cmake/ur3e_moveitConfig-version.cmake
[0.196s] -- Up-to-date: /home/harry/ur3e_ws/install/ur3e_moveit/share/ur3e_moveit/package.xml
[0.197s] Invoked command in '/home/harry/ur3e_ws/build/ur3e_moveit' returned '0': AMENT_PREFIX_PATH=/home/harry/ur3e_ws/install/ur3e_ros_data:${AMENT_PREFIX_PATH} CMAKE_PREFIX_PATH=/home/harry/ur3e_ws/install/ur3e_ros_data:/opt/ros/iron LD_LIBRARY_PATH=/home/harry/ur3e_ws/install/ur3e_ros_data/lib:${LD_LIBRARY_PATH} PYTHONPATH=/home/harry/ur3e_ws/install/ur3e_ros_data/lib/python3.10/site-packages:${PYTHONPATH} /usr/bin/cmake --install /home/harry/ur3e_ws/build/ur3e_moveit
