[0.060s] DEBUG:colcon:Command line arguments: ['/usr/bin/colcon', 'build']
[0.060s] DEBUG:colcon:Parsed command line arguments: Namespace(log_base=None, log_level=None, verb_name='build', build_base='build', install_base='install', merge_install=False, symlink_install=False, test_result_base=None, continue_on_error=False, executor='parallel', parallel_workers=8, event_handlers=None, ignore_user_meta=False, metas=['./colcon.meta'], base_paths=['.'], packages_ignore=None, packages_ignore_regex=None, paths=None, packages_up_to=None, packages_up_to_regex=None, packages_above=None, packages_above_and_dependencies=None, packages_above_depth=None, packages_select_by_dep=None, packages_skip_by_dep=None, packages_skip_up_to=None, packages_select_build_failed=False, packages_skip_build_finished=False, packages_select_test_failures=False, packages_skip_test_passed=False, packages_select=None, packages_skip=None, packages_select_regex=None, packages_skip_regex=None, packages_start=None, packages_end=None, allow_overriding=[], cmake_args=None, cmake_target=None, cmake_target_skip_unavailable=False, cmake_clean_cache=False, cmake_clean_first=False, cmake_force_configure=False, ament_cmake_args=None, catkin_cmake_args=None, catkin_skip_building_tests=False, verb_parser=<colcon_defaults.argument_parser.defaults.DefaultArgumentsDecorator object at 0x7d510d1b0b50>, verb_extension=<colcon_core.verb.build.BuildVerb object at 0x7d510d1b0700>, main=<bound method BuildVerb.main of <colcon_core.verb.build.BuildVerb object at 0x7d510d1b0700>>)
[0.155s] Level 1:colcon.colcon_core.package_discovery:discover_packages(colcon_meta) check parameters
[0.155s] Level 1:colcon.colcon_core.package_discovery:discover_packages(recursive) check parameters
[0.155s] Level 1:colcon.colcon_core.package_discovery:discover_packages(ignore) check parameters
[0.155s] Level 1:colcon.colcon_core.package_discovery:discover_packages(path) check parameters
[0.155s] Level 1:colcon.colcon_core.package_discovery:discover_packages(colcon_meta) discover
[0.155s] Level 1:colcon.colcon_core.package_discovery:discover_packages(recursive) discover
[0.155s] INFO:colcon.colcon_core.package_discovery:Crawling recursively for packages in '/home/harry/ur3e_ws'
[0.155s] Level 1:colcon.colcon_core.package_identification:_identify(.) by extensions ['ignore', 'ignore_ament_install']
[0.155s] Level 1:colcon.colcon_core.package_identification:_identify(.) by extension 'ignore'
[0.155s] Level 1:colcon.colcon_core.package_identification:_identify(.) by extension 'ignore_ament_install'
[0.155s] Level 1:colcon.colcon_core.package_identification:_identify(.) by extensions ['colcon_pkg']
[0.155s] Level 1:colcon.colcon_core.package_identification:_identify(.) by extension 'colcon_pkg'
[0.155s] Level 1:colcon.colcon_core.package_identification:_identify(.) by extensions ['colcon_meta']
[0.155s] Level 1:colcon.colcon_core.package_identification:_identify(.) by extension 'colcon_meta'
[0.155s] Level 1:colcon.colcon_core.package_identification:_identify(.) by extensions ['ros']
[0.155s] Level 1:colcon.colcon_core.package_identification:_identify(.) by extension 'ros'
[0.162s] Level 1:colcon.colcon_core.package_identification:_identify(.) by extensions ['cmake', 'python']
[0.162s] Level 1:colcon.colcon_core.package_identification:_identify(.) by extension 'cmake'
[0.162s] Level 1:colcon.colcon_core.package_identification:_identify(.) by extension 'python'
[0.162s] Level 1:colcon.colcon_core.package_identification:_identify(.) by extensions ['python_setup_py']
[0.162s] Level 1:colcon.colcon_core.package_identification:_identify(.) by extension 'python_setup_py'
[0.162s] Level 1:colcon.colcon_core.package_identification:_identify(build) by extensions ['ignore', 'ignore_ament_install']
[0.162s] Level 1:colcon.colcon_core.package_identification:_identify(build) by extension 'ignore'
[0.162s] Level 1:colcon.colcon_core.package_identification:_identify(build) ignored
[0.162s] Level 1:colcon.colcon_core.package_identification:_identify(include) by extensions ['ignore', 'ignore_ament_install']
[0.162s] Level 1:colcon.colcon_core.package_identification:_identify(include) by extension 'ignore'
[0.162s] Level 1:colcon.colcon_core.package_identification:_identify(include) by extension 'ignore_ament_install'
[0.162s] Level 1:colcon.colcon_core.package_identification:_identify(include) by extensions ['colcon_pkg']
[0.162s] Level 1:colcon.colcon_core.package_identification:_identify(include) by extension 'colcon_pkg'
[0.162s] Level 1:colcon.colcon_core.package_identification:_identify(include) by extensions ['colcon_meta']
[0.162s] Level 1:colcon.colcon_core.package_identification:_identify(include) by extension 'colcon_meta'
[0.162s] Level 1:colcon.colcon_core.package_identification:_identify(include) by extensions ['ros']
[0.162s] Level 1:colcon.colcon_core.package_identification:_identify(include) by extension 'ros'
[0.162s] Level 1:colcon.colcon_core.package_identification:_identify(include) by extensions ['cmake', 'python']
[0.162s] Level 1:colcon.colcon_core.package_identification:_identify(include) by extension 'cmake'
[0.162s] Level 1:colcon.colcon_core.package_identification:_identify(include) by extension 'python'
[0.162s] Level 1:colcon.colcon_core.package_identification:_identify(include) by extensions ['python_setup_py']
[0.162s] Level 1:colcon.colcon_core.package_identification:_identify(include) by extension 'python_setup_py'
[0.162s] Level 1:colcon.colcon_core.package_identification:_identify(install) by extensions ['ignore', 'ignore_ament_install']
[0.162s] Level 1:colcon.colcon_core.package_identification:_identify(install) by extension 'ignore'
[0.162s] Level 1:colcon.colcon_core.package_identification:_identify(install) ignored
[0.163s] Level 1:colcon.colcon_core.package_identification:_identify(log) by extensions ['ignore', 'ignore_ament_install']
[0.163s] Level 1:colcon.colcon_core.package_identification:_identify(log) by extension 'ignore'
[0.163s] Level 1:colcon.colcon_core.package_identification:_identify(log) ignored
[0.163s] Level 1:colcon.colcon_core.package_identification:_identify(src) by extensions ['ignore', 'ignore_ament_install']
[0.163s] Level 1:colcon.colcon_core.package_identification:_identify(src) by extension 'ignore'
[0.163s] Level 1:colcon.colcon_core.package_identification:_identify(src) by extension 'ignore_ament_install'
[0.163s] Level 1:colcon.colcon_core.package_identification:_identify(src) by extensions ['colcon_pkg']
[0.163s] Level 1:colcon.colcon_core.package_identification:_identify(src) by extension 'colcon_pkg'
[0.163s] Level 1:colcon.colcon_core.package_identification:_identify(src) by extensions ['colcon_meta']
[0.163s] Level 1:colcon.colcon_core.package_identification:_identify(src) by extension 'colcon_meta'
[0.163s] Level 1:colcon.colcon_core.package_identification:_identify(src) by extensions ['ros']
[0.163s] Level 1:colcon.colcon_core.package_identification:_identify(src) by extension 'ros'
[0.163s] Level 1:colcon.colcon_core.package_identification:_identify(src) by extensions ['cmake', 'python']
[0.163s] Level 1:colcon.colcon_core.package_identification:_identify(src) by extension 'cmake'
[0.163s] Level 1:colcon.colcon_core.package_identification:_identify(src) by extension 'python'
[0.163s] Level 1:colcon.colcon_core.package_identification:_identify(src) by extensions ['python_setup_py']
[0.163s] Level 1:colcon.colcon_core.package_identification:_identify(src) by extension 'python_setup_py'
[0.163s] Level 1:colcon.colcon_core.package_identification:_identify(src/build) by extensions ['ignore', 'ignore_ament_install']
[0.163s] Level 1:colcon.colcon_core.package_identification:_identify(src/build) by extension 'ignore'
[0.163s] Level 1:colcon.colcon_core.package_identification:_identify(src/build) ignored
[0.163s] Level 1:colcon.colcon_core.package_identification:_identify(src/install) by extensions ['ignore', 'ignore_ament_install']
[0.163s] Level 1:colcon.colcon_core.package_identification:_identify(src/install) by extension 'ignore'
[0.163s] Level 1:colcon.colcon_core.package_identification:_identify(src/install) ignored
[0.163s] Level 1:colcon.colcon_core.package_identification:_identify(src/log) by extensions ['ignore', 'ignore_ament_install']
[0.163s] Level 1:colcon.colcon_core.package_identification:_identify(src/log) by extension 'ignore'
[0.163s] Level 1:colcon.colcon_core.package_identification:_identify(src/log) ignored
[0.163s] Level 1:colcon.colcon_core.package_identification:_identify(src/ur3e_gazebo_sim) by extensions ['ignore', 'ignore_ament_install']
[0.163s] Level 1:colcon.colcon_core.package_identification:_identify(src/ur3e_gazebo_sim) by extension 'ignore'
[0.163s] Level 1:colcon.colcon_core.package_identification:_identify(src/ur3e_gazebo_sim) by extension 'ignore_ament_install'
[0.163s] Level 1:colcon.colcon_core.package_identification:_identify(src/ur3e_gazebo_sim) by extensions ['colcon_pkg']
[0.164s] Level 1:colcon.colcon_core.package_identification:_identify(src/ur3e_gazebo_sim) by extension 'colcon_pkg'
[0.164s] Level 1:colcon.colcon_core.package_identification:_identify(src/ur3e_gazebo_sim) by extensions ['colcon_meta']
[0.164s] Level 1:colcon.colcon_core.package_identification:_identify(src/ur3e_gazebo_sim) by extension 'colcon_meta'
[0.164s] Level 1:colcon.colcon_core.package_identification:_identify(src/ur3e_gazebo_sim) by extensions ['ros']
[0.164s] Level 1:colcon.colcon_core.package_identification:_identify(src/ur3e_gazebo_sim) by extension 'ros'
[0.165s] DEBUG:colcon.colcon_core.package_identification:Package 'src/ur3e_gazebo_sim' with type 'ros.ament_cmake' and name 'ur3e_gazebo_sim'
[0.165s] Level 1:colcon.colcon_core.package_identification:_identify(src/ur3e_moveit) by extensions ['ignore', 'ignore_ament_install']
[0.165s] Level 1:colcon.colcon_core.package_identification:_identify(src/ur3e_moveit) by extension 'ignore'
[0.165s] Level 1:colcon.colcon_core.package_identification:_identify(src/ur3e_moveit) by extension 'ignore_ament_install'
[0.165s] Level 1:colcon.colcon_core.package_identification:_identify(src/ur3e_moveit) by extensions ['colcon_pkg']
[0.165s] Level 1:colcon.colcon_core.package_identification:_identify(src/ur3e_moveit) by extension 'colcon_pkg'
[0.165s] Level 1:colcon.colcon_core.package_identification:_identify(src/ur3e_moveit) by extensions ['colcon_meta']
[0.165s] Level 1:colcon.colcon_core.package_identification:_identify(src/ur3e_moveit) by extension 'colcon_meta'
[0.165s] Level 1:colcon.colcon_core.package_identification:_identify(src/ur3e_moveit) by extensions ['ros']
[0.165s] Level 1:colcon.colcon_core.package_identification:_identify(src/ur3e_moveit) by extension 'ros'
[0.166s] DEBUG:colcon.colcon_core.package_identification:Package 'src/ur3e_moveit' with type 'ros.ament_cmake' and name 'ur3e_moveit'
[0.166s] Level 1:colcon.colcon_core.package_identification:_identify(src/ur3e_ros_action) by extensions ['ignore', 'ignore_ament_install']
[0.166s] Level 1:colcon.colcon_core.package_identification:_identify(src/ur3e_ros_action) by extension 'ignore'
[0.166s] Level 1:colcon.colcon_core.package_identification:_identify(src/ur3e_ros_action) by extension 'ignore_ament_install'
[0.166s] Level 1:colcon.colcon_core.package_identification:_identify(src/ur3e_ros_action) by extensions ['colcon_pkg']
[0.166s] Level 1:colcon.colcon_core.package_identification:_identify(src/ur3e_ros_action) by extension 'colcon_pkg'
[0.166s] Level 1:colcon.colcon_core.package_identification:_identify(src/ur3e_ros_action) by extensions ['colcon_meta']
[0.166s] Level 1:colcon.colcon_core.package_identification:_identify(src/ur3e_ros_action) by extension 'colcon_meta'
[0.166s] Level 1:colcon.colcon_core.package_identification:_identify(src/ur3e_ros_action) by extensions ['ros']
[0.166s] Level 1:colcon.colcon_core.package_identification:_identify(src/ur3e_ros_action) by extension 'ros'
[0.166s] DEBUG:colcon.colcon_core.package_identification:Package 'src/ur3e_ros_action' with type 'ros.ament_python' and name 'ur3e_ros_action'
[0.166s] Level 1:colcon.colcon_core.package_identification:_identify(src/ur3e_ros_action_cpp) by extensions ['ignore', 'ignore_ament_install']
[0.166s] Level 1:colcon.colcon_core.package_identification:_identify(src/ur3e_ros_action_cpp) by extension 'ignore'
[0.166s] Level 1:colcon.colcon_core.package_identification:_identify(src/ur3e_ros_action_cpp) by extension 'ignore_ament_install'
[0.166s] Level 1:colcon.colcon_core.package_identification:_identify(src/ur3e_ros_action_cpp) by extensions ['colcon_pkg']
[0.166s] Level 1:colcon.colcon_core.package_identification:_identify(src/ur3e_ros_action_cpp) by extension 'colcon_pkg'
[0.166s] Level 1:colcon.colcon_core.package_identification:_identify(src/ur3e_ros_action_cpp) by extensions ['colcon_meta']
[0.166s] Level 1:colcon.colcon_core.package_identification:_identify(src/ur3e_ros_action_cpp) by extension 'colcon_meta'
[0.166s] Level 1:colcon.colcon_core.package_identification:_identify(src/ur3e_ros_action_cpp) by extensions ['ros']
[0.166s] Level 1:colcon.colcon_core.package_identification:_identify(src/ur3e_ros_action_cpp) by extension 'ros'
[0.167s] DEBUG:colcon.colcon_core.package_identification:Package 'src/ur3e_ros_action_cpp' with type 'ros.ament_cmake' and name 'ur3e_ros_action_cpp'
[0.167s] Level 1:colcon.colcon_core.package_identification:_identify(src/ur3e_ros_data) by extensions ['ignore', 'ignore_ament_install']
[0.167s] Level 1:colcon.colcon_core.package_identification:_identify(src/ur3e_ros_data) by extension 'ignore'
[0.167s] Level 1:colcon.colcon_core.package_identification:_identify(src/ur3e_ros_data) by extension 'ignore_ament_install'
[0.167s] Level 1:colcon.colcon_core.package_identification:_identify(src/ur3e_ros_data) by extensions ['colcon_pkg']
[0.167s] Level 1:colcon.colcon_core.package_identification:_identify(src/ur3e_ros_data) by extension 'colcon_pkg'
[0.167s] Level 1:colcon.colcon_core.package_identification:_identify(src/ur3e_ros_data) by extensions ['colcon_meta']
[0.167s] Level 1:colcon.colcon_core.package_identification:_identify(src/ur3e_ros_data) by extension 'colcon_meta'
[0.167s] Level 1:colcon.colcon_core.package_identification:_identify(src/ur3e_ros_data) by extensions ['ros']
[0.167s] Level 1:colcon.colcon_core.package_identification:_identify(src/ur3e_ros_data) by extension 'ros'
[0.167s] DEBUG:colcon.colcon_core.package_identification:Package 'src/ur3e_ros_data' with type 'ros.ament_cmake' and name 'ur3e_ros_data'
[0.168s] Level 1:colcon.colcon_core.package_discovery:discover_packages(recursive) using defaults
[0.168s] Level 1:colcon.colcon_core.package_discovery:discover_packages(ignore) discover
[0.168s] Level 1:colcon.colcon_core.package_discovery:discover_packages(ignore) using defaults
[0.168s] Level 1:colcon.colcon_core.package_discovery:discover_packages(path) discover
[0.168s] Level 1:colcon.colcon_core.package_discovery:discover_packages(path) using defaults
[0.186s] Level 1:colcon.colcon_core.package_discovery:discover_packages(prefix_path) check parameters
[0.186s] Level 1:colcon.colcon_core.package_discovery:discover_packages(prefix_path) discover
[0.187s] DEBUG:colcon.colcon_installed_package_information.package_discovery:Found 5 installed packages in /home/harry/ur3e_ws/install
[0.188s] DEBUG:colcon.colcon_installed_package_information.package_discovery:Found 335 installed packages in /opt/ros/iron
[0.189s] Level 1:colcon.colcon_core.package_discovery:discover_packages(prefix_path) using defaults
[0.215s] Level 5:colcon.colcon_core.verb:set package 'ur3e_gazebo_sim' build argument 'cmake_args' from command line to 'None'
[0.215s] Level 5:colcon.colcon_core.verb:set package 'ur3e_gazebo_sim' build argument 'cmake_target' from command line to 'None'
[0.215s] Level 5:colcon.colcon_core.verb:set package 'ur3e_gazebo_sim' build argument 'cmake_target_skip_unavailable' from command line to 'False'
[0.215s] Level 5:colcon.colcon_core.verb:set package 'ur3e_gazebo_sim' build argument 'cmake_clean_cache' from command line to 'False'
[0.216s] Level 5:colcon.colcon_core.verb:set package 'ur3e_gazebo_sim' build argument 'cmake_clean_first' from command line to 'False'
[0.216s] Level 5:colcon.colcon_core.verb:set package 'ur3e_gazebo_sim' build argument 'cmake_force_configure' from command line to 'False'
[0.216s] Level 5:colcon.colcon_core.verb:set package 'ur3e_gazebo_sim' build argument 'ament_cmake_args' from command line to 'None'
[0.216s] Level 5:colcon.colcon_core.verb:set package 'ur3e_gazebo_sim' build argument 'catkin_cmake_args' from command line to 'None'
[0.216s] Level 5:colcon.colcon_core.verb:set package 'ur3e_gazebo_sim' build argument 'catkin_skip_building_tests' from command line to 'False'
[0.216s] DEBUG:colcon.colcon_core.verb:Building package 'ur3e_gazebo_sim' with the following arguments: {'ament_cmake_args': None, 'build_base': '/home/harry/ur3e_ws/build/ur3e_gazebo_sim', 'catkin_cmake_args': None, 'catkin_skip_building_tests': False, 'cmake_args': None, 'cmake_clean_cache': False, 'cmake_clean_first': False, 'cmake_force_configure': False, 'cmake_target': None, 'cmake_target_skip_unavailable': False, 'install_base': '/home/harry/ur3e_ws/install/ur3e_gazebo_sim', 'merge_install': False, 'path': '/home/harry/ur3e_ws/src/ur3e_gazebo_sim', 'symlink_install': False, 'test_result_base': None}
[0.216s] Level 5:colcon.colcon_core.verb:set package 'ur3e_ros_action' build argument 'cmake_args' from command line to 'None'
[0.216s] Level 5:colcon.colcon_core.verb:set package 'ur3e_ros_action' build argument 'cmake_target' from command line to 'None'
[0.216s] Level 5:colcon.colcon_core.verb:set package 'ur3e_ros_action' build argument 'cmake_target_skip_unavailable' from command line to 'False'
[0.216s] Level 5:colcon.colcon_core.verb:set package 'ur3e_ros_action' build argument 'cmake_clean_cache' from command line to 'False'
[0.216s] Level 5:colcon.colcon_core.verb:set package 'ur3e_ros_action' build argument 'cmake_clean_first' from command line to 'False'
[0.216s] Level 5:colcon.colcon_core.verb:set package 'ur3e_ros_action' build argument 'cmake_force_configure' from command line to 'False'
[0.216s] Level 5:colcon.colcon_core.verb:set package 'ur3e_ros_action' build argument 'ament_cmake_args' from command line to 'None'
[0.216s] Level 5:colcon.colcon_core.verb:set package 'ur3e_ros_action' build argument 'catkin_cmake_args' from command line to 'None'
[0.216s] Level 5:colcon.colcon_core.verb:set package 'ur3e_ros_action' build argument 'catkin_skip_building_tests' from command line to 'False'
[0.216s] DEBUG:colcon.colcon_core.verb:Building package 'ur3e_ros_action' with the following arguments: {'ament_cmake_args': None, 'build_base': '/home/harry/ur3e_ws/build/ur3e_ros_action', 'catkin_cmake_args': None, 'catkin_skip_building_tests': False, 'cmake_args': None, 'cmake_clean_cache': False, 'cmake_clean_first': False, 'cmake_force_configure': False, 'cmake_target': None, 'cmake_target_skip_unavailable': False, 'install_base': '/home/harry/ur3e_ws/install/ur3e_ros_action', 'merge_install': False, 'path': '/home/harry/ur3e_ws/src/ur3e_ros_action', 'symlink_install': False, 'test_result_base': None}
[0.216s] Level 5:colcon.colcon_core.verb:set package 'ur3e_ros_data' build argument 'cmake_args' from command line to 'None'
[0.216s] Level 5:colcon.colcon_core.verb:set package 'ur3e_ros_data' build argument 'cmake_target' from command line to 'None'
[0.216s] Level 5:colcon.colcon_core.verb:set package 'ur3e_ros_data' build argument 'cmake_target_skip_unavailable' from command line to 'False'
[0.216s] Level 5:colcon.colcon_core.verb:set package 'ur3e_ros_data' build argument 'cmake_clean_cache' from command line to 'False'
[0.216s] Level 5:colcon.colcon_core.verb:set package 'ur3e_ros_data' build argument 'cmake_clean_first' from command line to 'False'
[0.216s] Level 5:colcon.colcon_core.verb:set package 'ur3e_ros_data' build argument 'cmake_force_configure' from command line to 'False'
[0.216s] Level 5:colcon.colcon_core.verb:set package 'ur3e_ros_data' build argument 'ament_cmake_args' from command line to 'None'
[0.216s] Level 5:colcon.colcon_core.verb:set package 'ur3e_ros_data' build argument 'catkin_cmake_args' from command line to 'None'
[0.216s] Level 5:colcon.colcon_core.verb:set package 'ur3e_ros_data' build argument 'catkin_skip_building_tests' from command line to 'False'
[0.216s] DEBUG:colcon.colcon_core.verb:Building package 'ur3e_ros_data' with the following arguments: {'ament_cmake_args': None, 'build_base': '/home/harry/ur3e_ws/build/ur3e_ros_data', 'catkin_cmake_args': None, 'catkin_skip_building_tests': False, 'cmake_args': None, 'cmake_clean_cache': False, 'cmake_clean_first': False, 'cmake_force_configure': False, 'cmake_target': None, 'cmake_target_skip_unavailable': False, 'install_base': '/home/harry/ur3e_ws/install/ur3e_ros_data', 'merge_install': False, 'path': '/home/harry/ur3e_ws/src/ur3e_ros_data', 'symlink_install': False, 'test_result_base': None}
[0.217s] Level 5:colcon.colcon_core.verb:set package 'ur3e_moveit' build argument 'cmake_args' from command line to 'None'
[0.217s] Level 5:colcon.colcon_core.verb:set package 'ur3e_moveit' build argument 'cmake_target' from command line to 'None'
[0.217s] Level 5:colcon.colcon_core.verb:set package 'ur3e_moveit' build argument 'cmake_target_skip_unavailable' from command line to 'False'
[0.217s] Level 5:colcon.colcon_core.verb:set package 'ur3e_moveit' build argument 'cmake_clean_cache' from command line to 'False'
[0.217s] Level 5:colcon.colcon_core.verb:set package 'ur3e_moveit' build argument 'cmake_clean_first' from command line to 'False'
[0.217s] Level 5:colcon.colcon_core.verb:set package 'ur3e_moveit' build argument 'cmake_force_configure' from command line to 'False'
[0.217s] Level 5:colcon.colcon_core.verb:set package 'ur3e_moveit' build argument 'ament_cmake_args' from command line to 'None'
[0.217s] Level 5:colcon.colcon_core.verb:set package 'ur3e_moveit' build argument 'catkin_cmake_args' from command line to 'None'
[0.217s] Level 5:colcon.colcon_core.verb:set package 'ur3e_moveit' build argument 'catkin_skip_building_tests' from command line to 'False'
[0.217s] DEBUG:colcon.colcon_core.verb:Building package 'ur3e_moveit' with the following arguments: {'ament_cmake_args': None, 'build_base': '/home/harry/ur3e_ws/build/ur3e_moveit', 'catkin_cmake_args': None, 'catkin_skip_building_tests': False, 'cmake_args': None, 'cmake_clean_cache': False, 'cmake_clean_first': False, 'cmake_force_configure': False, 'cmake_target': None, 'cmake_target_skip_unavailable': False, 'install_base': '/home/harry/ur3e_ws/install/ur3e_moveit', 'merge_install': False, 'path': '/home/harry/ur3e_ws/src/ur3e_moveit', 'symlink_install': False, 'test_result_base': None}
[0.217s] Level 5:colcon.colcon_core.verb:set package 'ur3e_ros_action_cpp' build argument 'cmake_args' from command line to 'None'
[0.217s] Level 5:colcon.colcon_core.verb:set package 'ur3e_ros_action_cpp' build argument 'cmake_target' from command line to 'None'
[0.217s] Level 5:colcon.colcon_core.verb:set package 'ur3e_ros_action_cpp' build argument 'cmake_target_skip_unavailable' from command line to 'False'
[0.217s] Level 5:colcon.colcon_core.verb:set package 'ur3e_ros_action_cpp' build argument 'cmake_clean_cache' from command line to 'False'
[0.217s] Level 5:colcon.colcon_core.verb:set package 'ur3e_ros_action_cpp' build argument 'cmake_clean_first' from command line to 'False'
[0.217s] Level 5:colcon.colcon_core.verb:set package 'ur3e_ros_action_cpp' build argument 'cmake_force_configure' from command line to 'False'
[0.217s] Level 5:colcon.colcon_core.verb:set package 'ur3e_ros_action_cpp' build argument 'ament_cmake_args' from command line to 'None'
[0.217s] Level 5:colcon.colcon_core.verb:set package 'ur3e_ros_action_cpp' build argument 'catkin_cmake_args' from command line to 'None'
[0.217s] Level 5:colcon.colcon_core.verb:set package 'ur3e_ros_action_cpp' build argument 'catkin_skip_building_tests' from command line to 'False'
[0.217s] DEBUG:colcon.colcon_core.verb:Building package 'ur3e_ros_action_cpp' with the following arguments: {'ament_cmake_args': None, 'build_base': '/home/harry/ur3e_ws/build/ur3e_ros_action_cpp', 'catkin_cmake_args': None, 'catkin_skip_building_tests': False, 'cmake_args': None, 'cmake_clean_cache': False, 'cmake_clean_first': False, 'cmake_force_configure': False, 'cmake_target': None, 'cmake_target_skip_unavailable': False, 'install_base': '/home/harry/ur3e_ws/install/ur3e_ros_action_cpp', 'merge_install': False, 'path': '/home/harry/ur3e_ws/src/ur3e_ros_action_cpp', 'symlink_install': False, 'test_result_base': None}
[0.217s] INFO:colcon.colcon_core.executor:Executing jobs using 'parallel' executor
[0.218s] DEBUG:colcon.colcon_parallel_executor.executor.parallel:run_until_complete
[0.218s] INFO:colcon.colcon_ros.task.ament_cmake.build:Building ROS package in '/home/harry/ur3e_ws/src/ur3e_ros_data' with build type 'ament_cmake'
[0.218s] INFO:colcon.colcon_cmake.task.cmake.build:Building CMake package in '/home/harry/ur3e_ws/src/ur3e_ros_data'
[0.219s] INFO:colcon.colcon_core.plugin_system:Skipping extension 'colcon_core.shell.bat': Not used on non-Windows systems
[0.220s] INFO:colcon.colcon_core.shell:Skip shell extension 'powershell' for command environment: Not usable outside of PowerShell
[0.220s] DEBUG:colcon.colcon_core.shell:Skip shell extension 'dsv' for command environment
[0.222s] INFO:colcon.colcon_ros.task.ament_cmake.build:Building ROS package in '/home/harry/ur3e_ws/src/ur3e_gazebo_sim' with build type 'ament_cmake'
[0.222s] INFO:colcon.colcon_cmake.task.cmake.build:Building CMake package in '/home/harry/ur3e_ws/src/ur3e_gazebo_sim'
[0.222s] INFO:colcon.colcon_core.shell:Skip shell extension 'powershell' for command environment: Not usable outside of PowerShell
[0.222s] DEBUG:colcon.colcon_core.shell:Skip shell extension 'dsv' for command environment
[0.224s] INFO:colcon.colcon_ros.task.ament_python.build:Building ROS package in '/home/harry/ur3e_ws/src/ur3e_ros_action' with build type 'ament_python'
[0.224s] Level 1:colcon.colcon_core.shell:create_environment_hook('ur3e_ros_action', 'ament_prefix_path')
[0.224s] INFO:colcon.colcon_core.shell:Creating environment hook '/home/harry/ur3e_ws/install/ur3e_ros_action/share/ur3e_ros_action/hook/ament_prefix_path.ps1'
[0.225s] INFO:colcon.colcon_core.shell:Creating environment descriptor '/home/harry/ur3e_ws/install/ur3e_ros_action/share/ur3e_ros_action/hook/ament_prefix_path.dsv'
[0.225s] INFO:colcon.colcon_core.shell:Creating environment hook '/home/harry/ur3e_ws/install/ur3e_ros_action/share/ur3e_ros_action/hook/ament_prefix_path.sh'
[0.225s] INFO:colcon.colcon_core.shell:Skip shell extension 'powershell' for command environment: Not usable outside of PowerShell
[0.225s] DEBUG:colcon.colcon_core.shell:Skip shell extension 'dsv' for command environment
[0.231s] DEBUG:colcon.colcon_core.event_handler.log_command:Invoking command in '/home/harry/ur3e_ws/build/ur3e_ros_data': CMAKE_PREFIX_PATH=${CMAKE_PREFIX_PATH}:/home/harry/ur3e_ws/install/ur3e_ros_action:/opt/ros/iron /usr/bin/cmake --build /home/harry/ur3e_ws/build/ur3e_ros_data -- -j8 -l8
[0.250s] DEBUG:colcon.colcon_core.event_handler.log_command:Invoking command in '/home/harry/ur3e_ws/build/ur3e_gazebo_sim': CMAKE_PREFIX_PATH=${CMAKE_PREFIX_PATH}:/home/harry/ur3e_ws/install/ur3e_ros_action:/opt/ros/iron /usr/bin/cmake --build /home/harry/ur3e_ws/build/ur3e_gazebo_sim -- -j8 -l8
[0.422s] INFO:colcon.colcon_core.task.python.build:Building Python package in '/home/harry/ur3e_ws/src/ur3e_ros_action'
[0.423s] INFO:colcon.colcon_core.shell:Skip shell extension 'powershell' for command environment: Not usable outside of PowerShell
[0.423s] DEBUG:colcon.colcon_core.shell:Skip shell extension 'dsv' for command environment
[0.426s] DEBUG:colcon.colcon_core.event_handler.log_command:Invoked command in '/home/harry/ur3e_ws/build/ur3e_gazebo_sim' returned '0': CMAKE_PREFIX_PATH=${CMAKE_PREFIX_PATH}:/home/harry/ur3e_ws/install/ur3e_ros_action:/opt/ros/iron /usr/bin/cmake --build /home/harry/ur3e_ws/build/ur3e_gazebo_sim -- -j8 -l8
[0.447s] DEBUG:colcon.colcon_core.event_handler.log_command:Invoking command in '/home/harry/ur3e_ws/build/ur3e_gazebo_sim': CMAKE_PREFIX_PATH=${CMAKE_PREFIX_PATH}:/home/harry/ur3e_ws/install/ur3e_ros_action:/opt/ros/iron /usr/bin/cmake --install /home/harry/ur3e_ws/build/ur3e_gazebo_sim
[0.454s] Level 1:colcon.colcon_core.environment:create_environment_scripts_only(ur3e_gazebo_sim)
[0.455s] DEBUG:colcon.colcon_core.event_handler.log_command:Invoked command in '/home/harry/ur3e_ws/build/ur3e_gazebo_sim' returned '0': CMAKE_PREFIX_PATH=${CMAKE_PREFIX_PATH}:/home/harry/ur3e_ws/install/ur3e_ros_action:/opt/ros/iron /usr/bin/cmake --install /home/harry/ur3e_ws/build/ur3e_gazebo_sim
[0.456s] Level 1:colcon.colcon_core.environment:checking '/home/harry/ur3e_ws/install/ur3e_gazebo_sim' for CMake module files
[0.457s] Level 1:colcon.colcon_core.environment:checking '/home/harry/ur3e_ws/install/ur3e_gazebo_sim' for CMake config files
[0.457s] Level 1:colcon.colcon_core.shell:create_environment_hook('ur3e_gazebo_sim', 'cmake_prefix_path')
[0.457s] INFO:colcon.colcon_core.shell:Creating environment hook '/home/harry/ur3e_ws/install/ur3e_gazebo_sim/share/ur3e_gazebo_sim/hook/cmake_prefix_path.ps1'
[0.457s] INFO:colcon.colcon_core.shell:Creating environment descriptor '/home/harry/ur3e_ws/install/ur3e_gazebo_sim/share/ur3e_gazebo_sim/hook/cmake_prefix_path.dsv'
[0.458s] INFO:colcon.colcon_core.shell:Creating environment hook '/home/harry/ur3e_ws/install/ur3e_gazebo_sim/share/ur3e_gazebo_sim/hook/cmake_prefix_path.sh'
[0.458s] Level 1:colcon.colcon_core.environment:checking '/home/harry/ur3e_ws/install/ur3e_gazebo_sim/bin'
[0.458s] Level 1:colcon.colcon_core.environment:checking '/home/harry/ur3e_ws/install/ur3e_gazebo_sim/lib/pkgconfig/ur3e_gazebo_sim.pc'
[0.458s] Level 1:colcon.colcon_core.environment:checking '/home/harry/ur3e_ws/install/ur3e_gazebo_sim/lib/python3.10/site-packages'
[0.458s] Level 1:colcon.colcon_core.environment:checking '/home/harry/ur3e_ws/install/ur3e_gazebo_sim/bin'
[0.459s] INFO:colcon.colcon_core.shell:Creating package script '/home/harry/ur3e_ws/install/ur3e_gazebo_sim/share/ur3e_gazebo_sim/package.ps1'
[0.459s] INFO:colcon.colcon_core.shell:Creating package descriptor '/home/harry/ur3e_ws/install/ur3e_gazebo_sim/share/ur3e_gazebo_sim/package.dsv'
[0.459s] INFO:colcon.colcon_core.shell:Creating package script '/home/harry/ur3e_ws/install/ur3e_gazebo_sim/share/ur3e_gazebo_sim/package.sh'
[0.460s] INFO:colcon.colcon_core.shell:Creating package script '/home/harry/ur3e_ws/install/ur3e_gazebo_sim/share/ur3e_gazebo_sim/package.bash'
[0.460s] INFO:colcon.colcon_core.shell:Creating package script '/home/harry/ur3e_ws/install/ur3e_gazebo_sim/share/ur3e_gazebo_sim/package.zsh'
[0.461s] Level 1:colcon.colcon_core.environment:create_file_with_runtime_dependencies(/home/harry/ur3e_ws/install/ur3e_gazebo_sim/share/colcon-core/packages/ur3e_gazebo_sim)
[0.465s] DEBUG:colcon.colcon_core.event_handler.log_command:Invoked command in '/home/harry/ur3e_ws/build/ur3e_ros_data' returned '0': CMAKE_PREFIX_PATH=${CMAKE_PREFIX_PATH}:/home/harry/ur3e_ws/install/ur3e_ros_action:/opt/ros/iron /usr/bin/cmake --build /home/harry/ur3e_ws/build/ur3e_ros_data -- -j8 -l8
[0.474s] Level 1:colcon.colcon_core.environment:create_environment_scripts_only(ur3e_gazebo_sim)
[0.474s] Level 1:colcon.colcon_core.environment:checking '/home/harry/ur3e_ws/install/ur3e_gazebo_sim' for CMake module files
[0.475s] Level 1:colcon.colcon_core.environment:checking '/home/harry/ur3e_ws/install/ur3e_gazebo_sim' for CMake config files
[0.475s] Level 1:colcon.colcon_core.shell:create_environment_hook('ur3e_gazebo_sim', 'cmake_prefix_path')
[0.475s] INFO:colcon.colcon_core.shell:Creating environment hook '/home/harry/ur3e_ws/install/ur3e_gazebo_sim/share/ur3e_gazebo_sim/hook/cmake_prefix_path.ps1'
[0.475s] INFO:colcon.colcon_core.shell:Creating environment descriptor '/home/harry/ur3e_ws/install/ur3e_gazebo_sim/share/ur3e_gazebo_sim/hook/cmake_prefix_path.dsv'
[0.476s] INFO:colcon.colcon_core.shell:Creating environment hook '/home/harry/ur3e_ws/install/ur3e_gazebo_sim/share/ur3e_gazebo_sim/hook/cmake_prefix_path.sh'
[0.476s] Level 1:colcon.colcon_core.environment:checking '/home/harry/ur3e_ws/install/ur3e_gazebo_sim/bin'
[0.476s] Level 1:colcon.colcon_core.environment:checking '/home/harry/ur3e_ws/install/ur3e_gazebo_sim/lib/pkgconfig/ur3e_gazebo_sim.pc'
[0.476s] Level 1:colcon.colcon_core.environment:checking '/home/harry/ur3e_ws/install/ur3e_gazebo_sim/lib/python3.10/site-packages'
[0.476s] Level 1:colcon.colcon_core.environment:checking '/home/harry/ur3e_ws/install/ur3e_gazebo_sim/bin'
[0.476s] INFO:colcon.colcon_core.shell:Creating package script '/home/harry/ur3e_ws/install/ur3e_gazebo_sim/share/ur3e_gazebo_sim/package.ps1'
[0.477s] INFO:colcon.colcon_core.shell:Creating package descriptor '/home/harry/ur3e_ws/install/ur3e_gazebo_sim/share/ur3e_gazebo_sim/package.dsv'
[0.477s] INFO:colcon.colcon_core.shell:Creating package script '/home/harry/ur3e_ws/install/ur3e_gazebo_sim/share/ur3e_gazebo_sim/package.sh'
[0.477s] INFO:colcon.colcon_core.shell:Creating package script '/home/harry/ur3e_ws/install/ur3e_gazebo_sim/share/ur3e_gazebo_sim/package.bash'
[0.478s] INFO:colcon.colcon_core.shell:Creating package script '/home/harry/ur3e_ws/install/ur3e_gazebo_sim/share/ur3e_gazebo_sim/package.zsh'
[0.478s] Level 1:colcon.colcon_core.environment:create_file_with_runtime_dependencies(/home/harry/ur3e_ws/install/ur3e_gazebo_sim/share/colcon-core/packages/ur3e_gazebo_sim)
[0.516s] DEBUG:colcon.colcon_core.event_handler.log_command:Invoking command in '/home/harry/ur3e_ws/build/ur3e_ros_data': CMAKE_PREFIX_PATH=${CMAKE_PREFIX_PATH}:/home/harry/ur3e_ws/install/ur3e_ros_action:/opt/ros/iron /usr/bin/cmake --install /home/harry/ur3e_ws/build/ur3e_ros_data
[0.551s] Level 1:colcon.colcon_core.environment:create_environment_scripts_only(ur3e_ros_data)
[0.551s] Level 1:colcon.colcon_core.environment:checking '/home/harry/ur3e_ws/install/ur3e_ros_data' for CMake module files
[0.552s] DEBUG:colcon.colcon_core.event_handler.log_command:Invoked command in '/home/harry/ur3e_ws/build/ur3e_ros_data' returned '0': CMAKE_PREFIX_PATH=${CMAKE_PREFIX_PATH}:/home/harry/ur3e_ws/install/ur3e_ros_action:/opt/ros/iron /usr/bin/cmake --install /home/harry/ur3e_ws/build/ur3e_ros_data
[0.552s] Level 1:colcon.colcon_core.environment:checking '/home/harry/ur3e_ws/install/ur3e_ros_data' for CMake config files
[0.552s] Level 1:colcon.colcon_core.shell:create_environment_hook('ur3e_ros_data', 'cmake_prefix_path')
[0.553s] INFO:colcon.colcon_core.shell:Creating environment hook '/home/harry/ur3e_ws/install/ur3e_ros_data/share/ur3e_ros_data/hook/cmake_prefix_path.ps1'
[0.553s] INFO:colcon.colcon_core.shell:Creating environment descriptor '/home/harry/ur3e_ws/install/ur3e_ros_data/share/ur3e_ros_data/hook/cmake_prefix_path.dsv'
[0.553s] INFO:colcon.colcon_core.shell:Creating environment hook '/home/harry/ur3e_ws/install/ur3e_ros_data/share/ur3e_ros_data/hook/cmake_prefix_path.sh'
[0.553s] Level 1:colcon.colcon_core.environment:checking '/home/harry/ur3e_ws/install/ur3e_ros_data/lib'
[0.553s] Level 1:colcon.colcon_core.shell:create_environment_hook('ur3e_ros_data', 'ld_library_path_lib')
[0.554s] INFO:colcon.colcon_core.shell:Creating environment hook '/home/harry/ur3e_ws/install/ur3e_ros_data/share/ur3e_ros_data/hook/ld_library_path_lib.ps1'
[0.554s] INFO:colcon.colcon_core.shell:Creating environment descriptor '/home/harry/ur3e_ws/install/ur3e_ros_data/share/ur3e_ros_data/hook/ld_library_path_lib.dsv'
[0.554s] INFO:colcon.colcon_core.shell:Creating environment hook '/home/harry/ur3e_ws/install/ur3e_ros_data/share/ur3e_ros_data/hook/ld_library_path_lib.sh'
[0.554s] Level 1:colcon.colcon_core.environment:checking '/home/harry/ur3e_ws/install/ur3e_ros_data/bin'
[0.554s] Level 1:colcon.colcon_core.environment:checking '/home/harry/ur3e_ws/install/ur3e_ros_data/lib/pkgconfig/ur3e_ros_data.pc'
[0.554s] Level 1:colcon.colcon_core.environment:checking '/home/harry/ur3e_ws/install/ur3e_ros_data/lib/python3.10/site-packages'
[0.554s] Level 1:colcon.colcon_core.shell:create_environment_hook('ur3e_ros_data', 'pythonpath')
[0.555s] INFO:colcon.colcon_core.shell:Creating environment hook '/home/harry/ur3e_ws/install/ur3e_ros_data/share/ur3e_ros_data/hook/pythonpath.ps1'
[0.555s] INFO:colcon.colcon_core.shell:Creating environment descriptor '/home/harry/ur3e_ws/install/ur3e_ros_data/share/ur3e_ros_data/hook/pythonpath.dsv'
[0.555s] INFO:colcon.colcon_core.shell:Creating environment hook '/home/harry/ur3e_ws/install/ur3e_ros_data/share/ur3e_ros_data/hook/pythonpath.sh'
[0.555s] Level 1:colcon.colcon_core.environment:checking '/home/harry/ur3e_ws/install/ur3e_ros_data/bin'
[0.555s] INFO:colcon.colcon_core.shell:Creating package script '/home/harry/ur3e_ws/install/ur3e_ros_data/share/ur3e_ros_data/package.ps1'
[0.556s] INFO:colcon.colcon_core.shell:Creating package descriptor '/home/harry/ur3e_ws/install/ur3e_ros_data/share/ur3e_ros_data/package.dsv'
[0.556s] INFO:colcon.colcon_core.shell:Creating package script '/home/harry/ur3e_ws/install/ur3e_ros_data/share/ur3e_ros_data/package.sh'
[0.556s] INFO:colcon.colcon_core.shell:Creating package script '/home/harry/ur3e_ws/install/ur3e_ros_data/share/ur3e_ros_data/package.bash'
[0.556s] INFO:colcon.colcon_core.shell:Creating package script '/home/harry/ur3e_ws/install/ur3e_ros_data/share/ur3e_ros_data/package.zsh'
[0.557s] Level 1:colcon.colcon_core.environment:create_file_with_runtime_dependencies(/home/harry/ur3e_ws/install/ur3e_ros_data/share/colcon-core/packages/ur3e_ros_data)
[0.610s] Level 1:colcon.colcon_core.environment:create_environment_scripts_only(ur3e_ros_data)
[0.610s] Level 1:colcon.colcon_core.environment:checking '/home/harry/ur3e_ws/install/ur3e_ros_data' for CMake module files
[0.610s] Level 1:colcon.colcon_core.environment:checking '/home/harry/ur3e_ws/install/ur3e_ros_data' for CMake config files
[0.610s] Level 1:colcon.colcon_core.shell:create_environment_hook('ur3e_ros_data', 'cmake_prefix_path')
[0.611s] INFO:colcon.colcon_core.shell:Creating environment hook '/home/harry/ur3e_ws/install/ur3e_ros_data/share/ur3e_ros_data/hook/cmake_prefix_path.ps1'
[0.611s] INFO:colcon.colcon_core.shell:Creating environment descriptor '/home/harry/ur3e_ws/install/ur3e_ros_data/share/ur3e_ros_data/hook/cmake_prefix_path.dsv'
[0.611s] INFO:colcon.colcon_core.shell:Creating environment hook '/home/harry/ur3e_ws/install/ur3e_ros_data/share/ur3e_ros_data/hook/cmake_prefix_path.sh'
[0.612s] Level 1:colcon.colcon_core.environment:checking '/home/harry/ur3e_ws/install/ur3e_ros_data/lib'
[0.612s] Level 1:colcon.colcon_core.shell:create_environment_hook('ur3e_ros_data', 'ld_library_path_lib')
[0.612s] INFO:colcon.colcon_core.shell:Creating environment hook '/home/harry/ur3e_ws/install/ur3e_ros_data/share/ur3e_ros_data/hook/ld_library_path_lib.ps1'
[0.612s] INFO:colcon.colcon_core.shell:Creating environment descriptor '/home/harry/ur3e_ws/install/ur3e_ros_data/share/ur3e_ros_data/hook/ld_library_path_lib.dsv'
[0.612s] INFO:colcon.colcon_core.shell:Creating environment hook '/home/harry/ur3e_ws/install/ur3e_ros_data/share/ur3e_ros_data/hook/ld_library_path_lib.sh'
[0.613s] Level 1:colcon.colcon_core.environment:checking '/home/harry/ur3e_ws/install/ur3e_ros_data/bin'
[0.613s] Level 1:colcon.colcon_core.environment:checking '/home/harry/ur3e_ws/install/ur3e_ros_data/lib/pkgconfig/ur3e_ros_data.pc'
[0.613s] Level 1:colcon.colcon_core.environment:checking '/home/harry/ur3e_ws/install/ur3e_ros_data/lib/python3.10/site-packages'
[0.613s] Level 1:colcon.colcon_core.shell:create_environment_hook('ur3e_ros_data', 'pythonpath')
[0.613s] INFO:colcon.colcon_core.shell:Creating environment hook '/home/harry/ur3e_ws/install/ur3e_ros_data/share/ur3e_ros_data/hook/pythonpath.ps1'
[0.613s] INFO:colcon.colcon_core.shell:Creating environment descriptor '/home/harry/ur3e_ws/install/ur3e_ros_data/share/ur3e_ros_data/hook/pythonpath.dsv'
[0.614s] INFO:colcon.colcon_core.shell:Creating environment hook '/home/harry/ur3e_ws/install/ur3e_ros_data/share/ur3e_ros_data/hook/pythonpath.sh'
[0.614s] Level 1:colcon.colcon_core.environment:checking '/home/harry/ur3e_ws/install/ur3e_ros_data/bin'
[0.614s] INFO:colcon.colcon_core.shell:Creating package script '/home/harry/ur3e_ws/install/ur3e_ros_data/share/ur3e_ros_data/package.ps1'
[0.615s] INFO:colcon.colcon_core.shell:Creating package descriptor '/home/harry/ur3e_ws/install/ur3e_ros_data/share/ur3e_ros_data/package.dsv'
[0.615s] INFO:colcon.colcon_core.shell:Creating package script '/home/harry/ur3e_ws/install/ur3e_ros_data/share/ur3e_ros_data/package.sh'
[0.615s] INFO:colcon.colcon_core.shell:Creating package script '/home/harry/ur3e_ws/install/ur3e_ros_data/share/ur3e_ros_data/package.bash'
[0.616s] INFO:colcon.colcon_core.shell:Creating package script '/home/harry/ur3e_ws/install/ur3e_ros_data/share/ur3e_ros_data/package.zsh'
[0.616s] Level 1:colcon.colcon_core.environment:create_file_with_runtime_dependencies(/home/harry/ur3e_ws/install/ur3e_ros_data/share/colcon-core/packages/ur3e_ros_data)
[0.616s] INFO:colcon.colcon_ros.task.ament_cmake.build:Building ROS package in '/home/harry/ur3e_ws/src/ur3e_moveit' with build type 'ament_cmake'
[0.616s] INFO:colcon.colcon_cmake.task.cmake.build:Building CMake package in '/home/harry/ur3e_ws/src/ur3e_moveit'
[0.617s] INFO:colcon.colcon_core.shell:Skip shell extension 'powershell' for command environment: Not usable outside of PowerShell
[0.617s] DEBUG:colcon.colcon_core.shell:Skip shell extension 'dsv' for command environment
[0.619s] INFO:colcon.colcon_ros.task.ament_cmake.build:Building ROS package in '/home/harry/ur3e_ws/src/ur3e_ros_action_cpp' with build type 'ament_cmake'
[0.619s] INFO:colcon.colcon_cmake.task.cmake.build:Building CMake package in '/home/harry/ur3e_ws/src/ur3e_ros_action_cpp'
[0.619s] INFO:colcon.colcon_core.shell:Skip shell extension 'powershell' for command environment: Not usable outside of PowerShell
[0.619s] DEBUG:colcon.colcon_core.shell:Skip shell extension 'dsv' for command environment
[0.623s] DEBUG:colcon.colcon_core.event_handler.log_command:Invoking command in '/home/harry/ur3e_ws/build/ur3e_moveit': CMAKE_PREFIX_PATH=/home/harry/ur3e_ws/install/ur3e_ros_data:/home/harry/ur3e_ws/install/ur3e_ros_action_cpp:/home/harry/ur3e_ws/install/ur3e_moveit:/home/harry/ur3e_ws/install/ur3e_gazebo_sim:/home/harry/ur3e_ws/install/ur3e_ros_action:/opt/ros/iron LD_LIBRARY_PATH=/home/harry/ur3e_ws/install/ur3e_ros_data/lib:/usr/lib/x86_64-linux-gnu/gazebo-11/plugins:/opt/ros/iron/opt/rviz_ogre_vendor/lib:/opt/ros/iron/lib/x86_64-linux-gnu:/opt/ros/iron/lib /usr/bin/cmake --build /home/harry/ur3e_ws/build/ur3e_moveit -- -j8 -l8
[0.627s] DEBUG:colcon.colcon_core.event_handler.log_command:Invoking command in '/home/harry/ur3e_ws/build/ur3e_ros_action_cpp': CMAKE_PREFIX_PATH=/home/harry/ur3e_ws/install/ur3e_ros_data:/home/harry/ur3e_ws/install/ur3e_ros_action_cpp:/home/harry/ur3e_ws/install/ur3e_moveit:/home/harry/ur3e_ws/install/ur3e_gazebo_sim:/home/harry/ur3e_ws/install/ur3e_ros_action:/opt/ros/iron LD_LIBRARY_PATH=/home/harry/ur3e_ws/install/ur3e_ros_data/lib:/usr/lib/x86_64-linux-gnu/gazebo-11/plugins:/opt/ros/iron/opt/rviz_ogre_vendor/lib:/opt/ros/iron/lib/x86_64-linux-gnu:/opt/ros/iron/lib /usr/bin/cmake --build /home/harry/ur3e_ws/build/ur3e_ros_action_cpp -- -j8 -l8
[0.650s] DEBUG:colcon.colcon_core.event_handler.log_command:Invoked command in '/home/harry/ur3e_ws/build/ur3e_moveit' returned '0': CMAKE_PREFIX_PATH=/home/harry/ur3e_ws/install/ur3e_ros_data:/home/harry/ur3e_ws/install/ur3e_ros_action_cpp:/home/harry/ur3e_ws/install/ur3e_moveit:/home/harry/ur3e_ws/install/ur3e_gazebo_sim:/home/harry/ur3e_ws/install/ur3e_ros_action:/opt/ros/iron LD_LIBRARY_PATH=/home/harry/ur3e_ws/install/ur3e_ros_data/lib:/usr/lib/x86_64-linux-gnu/gazebo-11/plugins:/opt/ros/iron/opt/rviz_ogre_vendor/lib:/opt/ros/iron/lib/x86_64-linux-gnu:/opt/ros/iron/lib /usr/bin/cmake --build /home/harry/ur3e_ws/build/ur3e_moveit -- -j8 -l8
[0.661s] DEBUG:colcon.colcon_core.event_handler.log_command:Invoking command in '/home/harry/ur3e_ws/src/ur3e_ros_action': PYTHONPATH=/home/harry/ur3e_ws/build/ur3e_ros_action/prefix_override:/home/harry/ur3e_ws/install/ur3e_ros_action/lib/python3.10/site-packages:${PYTHONPATH} /usr/bin/python3 -W ignore:setup.py install is deprecated setup.py egg_info --egg-base ../../build/ur3e_ros_action build --build-base /home/harry/ur3e_ws/build/ur3e_ros_action/build install --record /home/harry/ur3e_ws/build/ur3e_ros_action/install.log --single-version-externally-managed install_data
[0.666s] DEBUG:colcon.colcon_core.event_handler.log_command:Invoking command in '/home/harry/ur3e_ws/build/ur3e_moveit': CMAKE_PREFIX_PATH=/home/harry/ur3e_ws/install/ur3e_ros_data:/home/harry/ur3e_ws/install/ur3e_ros_action_cpp:/home/harry/ur3e_ws/install/ur3e_moveit:/home/harry/ur3e_ws/install/ur3e_gazebo_sim:/home/harry/ur3e_ws/install/ur3e_ros_action:/opt/ros/iron LD_LIBRARY_PATH=/home/harry/ur3e_ws/install/ur3e_ros_data/lib:/usr/lib/x86_64-linux-gnu/gazebo-11/plugins:/opt/ros/iron/opt/rviz_ogre_vendor/lib:/opt/ros/iron/lib/x86_64-linux-gnu:/opt/ros/iron/lib /usr/bin/cmake --install /home/harry/ur3e_ws/build/ur3e_moveit
[0.671s] Level 1:colcon.colcon_core.environment:create_environment_scripts_only(ur3e_moveit)
[0.672s] Level 1:colcon.colcon_core.environment:checking '/home/harry/ur3e_ws/install/ur3e_moveit' for CMake module files
[0.672s] Level 1:colcon.colcon_core.environment:checking '/home/harry/ur3e_ws/install/ur3e_moveit' for CMake config files
[0.673s] DEBUG:colcon.colcon_core.event_handler.log_command:Invoked command in '/home/harry/ur3e_ws/build/ur3e_moveit' returned '0': CMAKE_PREFIX_PATH=/home/harry/ur3e_ws/install/ur3e_ros_data:/home/harry/ur3e_ws/install/ur3e_ros_action_cpp:/home/harry/ur3e_ws/install/ur3e_moveit:/home/harry/ur3e_ws/install/ur3e_gazebo_sim:/home/harry/ur3e_ws/install/ur3e_ros_action:/opt/ros/iron LD_LIBRARY_PATH=/home/harry/ur3e_ws/install/ur3e_ros_data/lib:/usr/lib/x86_64-linux-gnu/gazebo-11/plugins:/opt/ros/iron/opt/rviz_ogre_vendor/lib:/opt/ros/iron/lib/x86_64-linux-gnu:/opt/ros/iron/lib /usr/bin/cmake --install /home/harry/ur3e_ws/build/ur3e_moveit
[0.673s] Level 1:colcon.colcon_core.shell:create_environment_hook('ur3e_moveit', 'cmake_prefix_path')
[0.674s] INFO:colcon.colcon_core.shell:Creating environment hook '/home/harry/ur3e_ws/install/ur3e_moveit/share/ur3e_moveit/hook/cmake_prefix_path.ps1'
[0.674s] INFO:colcon.colcon_core.shell:Creating environment descriptor '/home/harry/ur3e_ws/install/ur3e_moveit/share/ur3e_moveit/hook/cmake_prefix_path.dsv'
[0.674s] INFO:colcon.colcon_core.shell:Creating environment hook '/home/harry/ur3e_ws/install/ur3e_moveit/share/ur3e_moveit/hook/cmake_prefix_path.sh'
[0.674s] Level 1:colcon.colcon_core.environment:checking '/home/harry/ur3e_ws/install/ur3e_moveit/bin'
[0.674s] Level 1:colcon.colcon_core.environment:checking '/home/harry/ur3e_ws/install/ur3e_moveit/lib/pkgconfig/ur3e_moveit.pc'
[0.675s] Level 1:colcon.colcon_core.environment:checking '/home/harry/ur3e_ws/install/ur3e_moveit/lib/python3.10/site-packages'
[0.675s] Level 1:colcon.colcon_core.environment:checking '/home/harry/ur3e_ws/install/ur3e_moveit/bin'
[0.675s] INFO:colcon.colcon_core.shell:Creating package script '/home/harry/ur3e_ws/install/ur3e_moveit/share/ur3e_moveit/package.ps1'
[0.675s] INFO:colcon.colcon_core.shell:Creating package descriptor '/home/harry/ur3e_ws/install/ur3e_moveit/share/ur3e_moveit/package.dsv'
[0.675s] INFO:colcon.colcon_core.shell:Creating package script '/home/harry/ur3e_ws/install/ur3e_moveit/share/ur3e_moveit/package.sh'
[0.676s] INFO:colcon.colcon_core.shell:Creating package script '/home/harry/ur3e_ws/install/ur3e_moveit/share/ur3e_moveit/package.bash'
[0.676s] INFO:colcon.colcon_core.shell:Creating package script '/home/harry/ur3e_ws/install/ur3e_moveit/share/ur3e_moveit/package.zsh'
[0.676s] Level 1:colcon.colcon_core.environment:create_file_with_runtime_dependencies(/home/harry/ur3e_ws/install/ur3e_moveit/share/colcon-core/packages/ur3e_moveit)
[0.690s] Level 1:colcon.colcon_core.environment:create_environment_scripts_only(ur3e_moveit)
[0.690s] Level 1:colcon.colcon_core.environment:checking '/home/harry/ur3e_ws/install/ur3e_moveit' for CMake module files
[0.690s] Level 1:colcon.colcon_core.environment:checking '/home/harry/ur3e_ws/install/ur3e_moveit' for CMake config files
[0.691s] Level 1:colcon.colcon_core.shell:create_environment_hook('ur3e_moveit', 'cmake_prefix_path')
[0.691s] INFO:colcon.colcon_core.shell:Creating environment hook '/home/harry/ur3e_ws/install/ur3e_moveit/share/ur3e_moveit/hook/cmake_prefix_path.ps1'
[0.691s] INFO:colcon.colcon_core.shell:Creating environment descriptor '/home/harry/ur3e_ws/install/ur3e_moveit/share/ur3e_moveit/hook/cmake_prefix_path.dsv'
[0.691s] INFO:colcon.colcon_core.shell:Creating environment hook '/home/harry/ur3e_ws/install/ur3e_moveit/share/ur3e_moveit/hook/cmake_prefix_path.sh'
[0.692s] Level 1:colcon.colcon_core.environment:checking '/home/harry/ur3e_ws/install/ur3e_moveit/bin'
[0.692s] Level 1:colcon.colcon_core.environment:checking '/home/harry/ur3e_ws/install/ur3e_moveit/lib/pkgconfig/ur3e_moveit.pc'
[0.692s] Level 1:colcon.colcon_core.environment:checking '/home/harry/ur3e_ws/install/ur3e_moveit/lib/python3.10/site-packages'
[0.692s] Level 1:colcon.colcon_core.environment:checking '/home/harry/ur3e_ws/install/ur3e_moveit/bin'
[0.692s] INFO:colcon.colcon_core.shell:Creating package script '/home/harry/ur3e_ws/install/ur3e_moveit/share/ur3e_moveit/package.ps1'
[0.693s] INFO:colcon.colcon_core.shell:Creating package descriptor '/home/harry/ur3e_ws/install/ur3e_moveit/share/ur3e_moveit/package.dsv'
[0.693s] INFO:colcon.colcon_core.shell:Creating package script '/home/harry/ur3e_ws/install/ur3e_moveit/share/ur3e_moveit/package.sh'
[0.693s] INFO:colcon.colcon_core.shell:Creating package script '/home/harry/ur3e_ws/install/ur3e_moveit/share/ur3e_moveit/package.bash'
[0.694s] INFO:colcon.colcon_core.shell:Creating package script '/home/harry/ur3e_ws/install/ur3e_moveit/share/ur3e_moveit/package.zsh'
[0.694s] Level 1:colcon.colcon_core.environment:create_file_with_runtime_dependencies(/home/harry/ur3e_ws/install/ur3e_moveit/share/colcon-core/packages/ur3e_moveit)
[0.696s] DEBUG:colcon.colcon_core.event_handler.log_command:Invoked command in '/home/harry/ur3e_ws/build/ur3e_ros_action_cpp' returned '0': CMAKE_PREFIX_PATH=/home/harry/ur3e_ws/install/ur3e_ros_data:/home/harry/ur3e_ws/install/ur3e_ros_action_cpp:/home/harry/ur3e_ws/install/ur3e_moveit:/home/harry/ur3e_ws/install/ur3e_gazebo_sim:/home/harry/ur3e_ws/install/ur3e_ros_action:/opt/ros/iron LD_LIBRARY_PATH=/home/harry/ur3e_ws/install/ur3e_ros_data/lib:/usr/lib/x86_64-linux-gnu/gazebo-11/plugins:/opt/ros/iron/opt/rviz_ogre_vendor/lib:/opt/ros/iron/lib/x86_64-linux-gnu:/opt/ros/iron/lib /usr/bin/cmake --build /home/harry/ur3e_ws/build/ur3e_ros_action_cpp -- -j8 -l8
[0.711s] DEBUG:colcon.colcon_core.event_handler.log_command:Invoking command in '/home/harry/ur3e_ws/build/ur3e_ros_action_cpp': CMAKE_PREFIX_PATH=/home/harry/ur3e_ws/install/ur3e_ros_data:/home/harry/ur3e_ws/install/ur3e_ros_action_cpp:/home/harry/ur3e_ws/install/ur3e_moveit:/home/harry/ur3e_ws/install/ur3e_gazebo_sim:/home/harry/ur3e_ws/install/ur3e_ros_action:/opt/ros/iron LD_LIBRARY_PATH=/home/harry/ur3e_ws/install/ur3e_ros_data/lib:/usr/lib/x86_64-linux-gnu/gazebo-11/plugins:/opt/ros/iron/opt/rviz_ogre_vendor/lib:/opt/ros/iron/lib/x86_64-linux-gnu:/opt/ros/iron/lib /usr/bin/cmake --install /home/harry/ur3e_ws/build/ur3e_ros_action_cpp
[0.718s] Level 1:colcon.colcon_core.environment:create_environment_scripts_only(ur3e_ros_action_cpp)
[0.718s] Level 1:colcon.colcon_core.environment:checking '/home/harry/ur3e_ws/install/ur3e_ros_action_cpp' for CMake module files
[0.719s] DEBUG:colcon.colcon_core.event_handler.log_command:Invoked command in '/home/harry/ur3e_ws/build/ur3e_ros_action_cpp' returned '0': CMAKE_PREFIX_PATH=/home/harry/ur3e_ws/install/ur3e_ros_data:/home/harry/ur3e_ws/install/ur3e_ros_action_cpp:/home/harry/ur3e_ws/install/ur3e_moveit:/home/harry/ur3e_ws/install/ur3e_gazebo_sim:/home/harry/ur3e_ws/install/ur3e_ros_action:/opt/ros/iron LD_LIBRARY_PATH=/home/harry/ur3e_ws/install/ur3e_ros_data/lib:/usr/lib/x86_64-linux-gnu/gazebo-11/plugins:/opt/ros/iron/opt/rviz_ogre_vendor/lib:/opt/ros/iron/lib/x86_64-linux-gnu:/opt/ros/iron/lib /usr/bin/cmake --install /home/harry/ur3e_ws/build/ur3e_ros_action_cpp
[0.719s] Level 1:colcon.colcon_core.environment:checking '/home/harry/ur3e_ws/install/ur3e_ros_action_cpp' for CMake config files
[0.719s] Level 1:colcon.colcon_core.shell:create_environment_hook('ur3e_ros_action_cpp', 'cmake_prefix_path')
[0.719s] INFO:colcon.colcon_core.shell:Creating environment hook '/home/harry/ur3e_ws/install/ur3e_ros_action_cpp/share/ur3e_ros_action_cpp/hook/cmake_prefix_path.ps1'
[0.720s] INFO:colcon.colcon_core.shell:Creating environment descriptor '/home/harry/ur3e_ws/install/ur3e_ros_action_cpp/share/ur3e_ros_action_cpp/hook/cmake_prefix_path.dsv'
[0.720s] INFO:colcon.colcon_core.shell:Creating environment hook '/home/harry/ur3e_ws/install/ur3e_ros_action_cpp/share/ur3e_ros_action_cpp/hook/cmake_prefix_path.sh'
[0.720s] Level 1:colcon.colcon_core.environment:checking '/home/harry/ur3e_ws/install/ur3e_ros_action_cpp/lib'
[0.720s] Level 1:colcon.colcon_core.environment:checking '/home/harry/ur3e_ws/install/ur3e_ros_action_cpp/bin'
[0.720s] Level 1:colcon.colcon_core.environment:checking '/home/harry/ur3e_ws/install/ur3e_ros_action_cpp/lib/pkgconfig/ur3e_ros_action_cpp.pc'
[0.720s] Level 1:colcon.colcon_core.environment:checking '/home/harry/ur3e_ws/install/ur3e_ros_action_cpp/lib/python3.10/site-packages'
[0.721s] Level 1:colcon.colcon_core.environment:checking '/home/harry/ur3e_ws/install/ur3e_ros_action_cpp/bin'
[0.721s] INFO:colcon.colcon_core.shell:Creating package script '/home/harry/ur3e_ws/install/ur3e_ros_action_cpp/share/ur3e_ros_action_cpp/package.ps1'
[0.721s] INFO:colcon.colcon_core.shell:Creating package descriptor '/home/harry/ur3e_ws/install/ur3e_ros_action_cpp/share/ur3e_ros_action_cpp/package.dsv'
[0.721s] INFO:colcon.colcon_core.shell:Creating package script '/home/harry/ur3e_ws/install/ur3e_ros_action_cpp/share/ur3e_ros_action_cpp/package.sh'
[0.722s] INFO:colcon.colcon_core.shell:Creating package script '/home/harry/ur3e_ws/install/ur3e_ros_action_cpp/share/ur3e_ros_action_cpp/package.bash'
[0.722s] INFO:colcon.colcon_core.shell:Creating package script '/home/harry/ur3e_ws/install/ur3e_ros_action_cpp/share/ur3e_ros_action_cpp/package.zsh'
[0.722s] Level 1:colcon.colcon_core.environment:create_file_with_runtime_dependencies(/home/harry/ur3e_ws/install/ur3e_ros_action_cpp/share/colcon-core/packages/ur3e_ros_action_cpp)
[0.739s] Level 1:colcon.colcon_core.environment:create_environment_scripts_only(ur3e_ros_action_cpp)
[0.739s] Level 1:colcon.colcon_core.environment:checking '/home/harry/ur3e_ws/install/ur3e_ros_action_cpp' for CMake module files
[0.740s] Level 1:colcon.colcon_core.environment:checking '/home/harry/ur3e_ws/install/ur3e_ros_action_cpp' for CMake config files
[0.740s] Level 1:colcon.colcon_core.shell:create_environment_hook('ur3e_ros_action_cpp', 'cmake_prefix_path')
[0.740s] INFO:colcon.colcon_core.shell:Creating environment hook '/home/harry/ur3e_ws/install/ur3e_ros_action_cpp/share/ur3e_ros_action_cpp/hook/cmake_prefix_path.ps1'
[0.740s] INFO:colcon.colcon_core.shell:Creating environment descriptor '/home/harry/ur3e_ws/install/ur3e_ros_action_cpp/share/ur3e_ros_action_cpp/hook/cmake_prefix_path.dsv'
[0.740s] INFO:colcon.colcon_core.shell:Creating environment hook '/home/harry/ur3e_ws/install/ur3e_ros_action_cpp/share/ur3e_ros_action_cpp/hook/cmake_prefix_path.sh'
[0.741s] Level 1:colcon.colcon_core.environment:checking '/home/harry/ur3e_ws/install/ur3e_ros_action_cpp/lib'
[0.741s] Level 1:colcon.colcon_core.environment:checking '/home/harry/ur3e_ws/install/ur3e_ros_action_cpp/bin'
[0.741s] Level 1:colcon.colcon_core.environment:checking '/home/harry/ur3e_ws/install/ur3e_ros_action_cpp/lib/pkgconfig/ur3e_ros_action_cpp.pc'
[0.741s] Level 1:colcon.colcon_core.environment:checking '/home/harry/ur3e_ws/install/ur3e_ros_action_cpp/lib/python3.10/site-packages'
[0.741s] Level 1:colcon.colcon_core.environment:checking '/home/harry/ur3e_ws/install/ur3e_ros_action_cpp/bin'
[0.742s] INFO:colcon.colcon_core.shell:Creating package script '/home/harry/ur3e_ws/install/ur3e_ros_action_cpp/share/ur3e_ros_action_cpp/package.ps1'
[0.742s] INFO:colcon.colcon_core.shell:Creating package descriptor '/home/harry/ur3e_ws/install/ur3e_ros_action_cpp/share/ur3e_ros_action_cpp/package.dsv'
[0.742s] INFO:colcon.colcon_core.shell:Creating package script '/home/harry/ur3e_ws/install/ur3e_ros_action_cpp/share/ur3e_ros_action_cpp/package.sh'
[0.743s] INFO:colcon.colcon_core.shell:Creating package script '/home/harry/ur3e_ws/install/ur3e_ros_action_cpp/share/ur3e_ros_action_cpp/package.bash'
[0.743s] INFO:colcon.colcon_core.shell:Creating package script '/home/harry/ur3e_ws/install/ur3e_ros_action_cpp/share/ur3e_ros_action_cpp/package.zsh'
[0.743s] Level 1:colcon.colcon_core.environment:create_file_with_runtime_dependencies(/home/harry/ur3e_ws/install/ur3e_ros_action_cpp/share/colcon-core/packages/ur3e_ros_action_cpp)
[0.841s] Level 1:colcon.colcon_core.environment:checking '/home/harry/ur3e_ws/install/ur3e_ros_action' for CMake module files
[0.841s] DEBUG:colcon.colcon_core.event_handler.log_command:Invoked command in '/home/harry/ur3e_ws/src/ur3e_ros_action' returned '0': PYTHONPATH=/home/harry/ur3e_ws/build/ur3e_ros_action/prefix_override:/home/harry/ur3e_ws/install/ur3e_ros_action/lib/python3.10/site-packages:${PYTHONPATH} /usr/bin/python3 -W ignore:setup.py install is deprecated setup.py egg_info --egg-base ../../build/ur3e_ros_action build --build-base /home/harry/ur3e_ws/build/ur3e_ros_action/build install --record /home/harry/ur3e_ws/build/ur3e_ros_action/install.log --single-version-externally-managed install_data
[0.841s] Level 1:colcon.colcon_core.environment:checking '/home/harry/ur3e_ws/install/ur3e_ros_action' for CMake config files
[0.842s] Level 1:colcon.colcon_core.environment:checking '/home/harry/ur3e_ws/install/ur3e_ros_action/lib'
[0.842s] Level 1:colcon.colcon_core.environment:checking '/home/harry/ur3e_ws/install/ur3e_ros_action/bin'
[0.842s] Level 1:colcon.colcon_core.environment:checking '/home/harry/ur3e_ws/install/ur3e_ros_action/lib/pkgconfig/ur3e_ros_action.pc'
[0.842s] Level 1:colcon.colcon_core.environment:checking '/home/harry/ur3e_ws/install/ur3e_ros_action/lib/python3.10/site-packages'
[0.842s] Level 1:colcon.colcon_core.shell:create_environment_hook('ur3e_ros_action', 'pythonpath')
[0.842s] INFO:colcon.colcon_core.shell:Creating environment hook '/home/harry/ur3e_ws/install/ur3e_ros_action/share/ur3e_ros_action/hook/pythonpath.ps1'
[0.843s] INFO:colcon.colcon_core.shell:Creating environment descriptor '/home/harry/ur3e_ws/install/ur3e_ros_action/share/ur3e_ros_action/hook/pythonpath.dsv'
[0.843s] INFO:colcon.colcon_core.shell:Creating environment hook '/home/harry/ur3e_ws/install/ur3e_ros_action/share/ur3e_ros_action/hook/pythonpath.sh'
[0.843s] Level 1:colcon.colcon_core.environment:checking '/home/harry/ur3e_ws/install/ur3e_ros_action/bin'
[0.843s] Level 1:colcon.colcon_core.environment:create_environment_scripts_only(ur3e_ros_action)
[0.843s] INFO:colcon.colcon_core.shell:Creating package script '/home/harry/ur3e_ws/install/ur3e_ros_action/share/ur3e_ros_action/package.ps1'
[0.844s] INFO:colcon.colcon_core.shell:Creating package descriptor '/home/harry/ur3e_ws/install/ur3e_ros_action/share/ur3e_ros_action/package.dsv'
[0.844s] INFO:colcon.colcon_core.shell:Creating package script '/home/harry/ur3e_ws/install/ur3e_ros_action/share/ur3e_ros_action/package.sh'
[0.844s] INFO:colcon.colcon_core.shell:Creating package script '/home/harry/ur3e_ws/install/ur3e_ros_action/share/ur3e_ros_action/package.bash'
[0.844s] INFO:colcon.colcon_core.shell:Creating package script '/home/harry/ur3e_ws/install/ur3e_ros_action/share/ur3e_ros_action/package.zsh'
[0.844s] Level 1:colcon.colcon_core.environment:create_file_with_runtime_dependencies(/home/harry/ur3e_ws/install/ur3e_ros_action/share/colcon-core/packages/ur3e_ros_action)
[0.844s] DEBUG:colcon.colcon_parallel_executor.executor.parallel:closing loop
[0.845s] DEBUG:colcon.colcon_parallel_executor.executor.parallel:loop closed
[0.845s] DEBUG:colcon.colcon_parallel_executor.executor.parallel:run_until_complete finished with '0'
[0.845s] DEBUG:colcon.colcon_core.event_reactor:joining thread
[0.848s] INFO:colcon.colcon_core.plugin_system:Skipping extension 'colcon_notification.desktop_notification.terminal_notifier': Not used on non-Darwin systems
[0.848s] INFO:colcon.colcon_core.plugin_system:Skipping extension 'colcon_notification.desktop_notification.win32': Not used on non-Windows systems
[0.848s] INFO:colcon.colcon_notification.desktop_notification:Sending desktop notification using 'notify2'
[0.855s] DEBUG:colcon.colcon_core.event_reactor:joined thread
[0.855s] INFO:colcon.colcon_core.shell:Creating prefix script '/home/harry/ur3e_ws/install/local_setup.ps1'
[0.856s] INFO:colcon.colcon_core.shell:Creating prefix util module '/home/harry/ur3e_ws/install/_local_setup_util_ps1.py'
[0.857s] INFO:colcon.colcon_core.shell:Creating prefix chain script '/home/harry/ur3e_ws/install/setup.ps1'
[0.858s] INFO:colcon.colcon_core.shell:Creating prefix script '/home/harry/ur3e_ws/install/local_setup.sh'
[0.858s] INFO:colcon.colcon_core.shell:Creating prefix util module '/home/harry/ur3e_ws/install/_local_setup_util_sh.py'
[0.858s] INFO:colcon.colcon_core.shell:Creating prefix chain script '/home/harry/ur3e_ws/install/setup.sh'
[0.859s] INFO:colcon.colcon_core.shell:Creating prefix script '/home/harry/ur3e_ws/install/local_setup.bash'
[0.859s] INFO:colcon.colcon_core.shell:Creating prefix chain script '/home/harry/ur3e_ws/install/setup.bash'
[0.860s] INFO:colcon.colcon_core.shell:Creating prefix script '/home/harry/ur3e_ws/install/local_setup.zsh'
[0.860s] INFO:colcon.colcon_core.shell:Creating prefix chain script '/home/harry/ur3e_ws/install/setup.zsh'
