[0.054s] Invoking command in '/home/harry/ur3e_ws/build/ur3e_ros_data': CMAKE_PREFIX_PATH=${CMAKE_PREFIX_PATH}:/home/harry/ur3e_ws/install/ur3e_ros_action:/home/harry/ur_ws/install/ur3e_ros_action:/opt/ros/iron /usr/bin/cmake --build /home/harry/ur3e_ws/build/ur3e_ros_data -- -j2 -l2
[0.461s] [  2%] Built target ur3e_ros_data__rosidl_generator_type_description
[0.621s] [  2%] Built target ament_cmake_python_copy_ur3e_ros_data
[0.785s] [  4%] Built target ur3e_ros_data__cpp
[0.912s] [35m[1mConsolidate compiler generated dependencies of target ur3e_ros_data__rosidl_generator_c[0m
[0.972s] [ 22%] Built target ur3e_ros_data__rosidl_generator_c
[2.927s] running egg_info
[2.941s] writing ur3e_ros_data.egg-info/PKG-INFO
[2.941s] writing dependency_links to ur3e_ros_data.egg-info/dependency_links.txt
[2.941s] writing top-level names to ur3e_ros_data.egg-info/top_level.txt
[2.956s] reading manifest file 'ur3e_ros_data.egg-info/SOURCES.txt'
[2.976s] writing manifest file 'ur3e_ros_data.egg-info/SOURCES.txt'
[3.160s] [ 22%] Built target ament_cmake_python_build_ur3e_ros_data_egg
[3.221s] [35m[1mConsolidate compiler generated dependencies of target ur3e_ros_data__rosidl_typesupport_cpp[0m
[3.344s] [ 31%] Built target ur3e_ros_data__rosidl_typesupport_cpp
[3.445s] [35m[1mConsolidate compiler generated dependencies of target ur3e_ros_data__rosidl_typesupport_fastrtps_c[0m
[3.597s] [ 40%] Built target ur3e_ros_data__rosidl_typesupport_fastrtps_c
[3.684s] [35m[1mConsolidate compiler generated dependencies of target ur3e_ros_data__rosidl_typesupport_introspection_c[0m
[3.767s] [ 50%] Built target ur3e_ros_data__rosidl_typesupport_introspection_c
[3.848s] [35m[1mConsolidate compiler generated dependencies of target ur3e_ros_data__rosidl_typesupport_c[0m
[3.947s] [ 59%] Built target ur3e_ros_data__rosidl_typesupport_c
[4.042s] [35m[1mConsolidate compiler generated dependencies of target ur3e_ros_data__rosidl_typesupport_fastrtps_cpp[0m
[4.166s] [ 68%] Built target ur3e_ros_data__rosidl_typesupport_fastrtps_cpp
[4.289s] [35m[1mConsolidate compiler generated dependencies of target ur3e_ros_data__rosidl_typesupport_introspection_cpp[0m
[4.421s] [ 77%] Built target ur3e_ros_data__rosidl_typesupport_introspection_cpp
[4.610s] [ 77%] Built target ur3e_ros_data
[4.780s] [ 79%] Built target ur3e_ros_data__py
[4.980s] [ 86%] Built target ur3e_ros_data__rosidl_generator_py
[5.083s] [35m[1mConsolidate compiler generated dependencies of target ur3e_ros_data__rosidl_typesupport_fastrtps_c__pyext[0m
[5.169s] [ 90%] Built target ur3e_ros_data__rosidl_typesupport_fastrtps_c__pyext
[5.277s] [35m[1mConsolidate compiler generated dependencies of target ur3e_ros_data__rosidl_typesupport_introspection_c__pyext[0m
[5.380s] [ 95%] Built target ur3e_ros_data__rosidl_typesupport_introspection_c__pyext
[5.439s] [35m[1mConsolidate compiler generated dependencies of target ur3e_ros_data__rosidl_typesupport_c__pyext[0m
[5.538s] [100%] Built target ur3e_ros_data__rosidl_typesupport_c__pyext
[5.635s] Invoked command in '/home/harry/ur3e_ws/build/ur3e_ros_data' returned '0': CMAKE_PREFIX_PATH=${CMAKE_PREFIX_PATH}:/home/harry/ur3e_ws/install/ur3e_ros_action:/home/harry/ur_ws/install/ur3e_ros_action:/opt/ros/iron /usr/bin/cmake --build /home/harry/ur3e_ws/build/ur3e_ros_data -- -j2 -l2
[6.603s] Invoking command in '/home/harry/ur3e_ws/build/ur3e_ros_data': CMAKE_PREFIX_PATH=${CMAKE_PREFIX_PATH}:/home/harry/ur3e_ws/install/ur3e_ros_action:/home/harry/ur_ws/install/ur3e_ros_action:/opt/ros/iron /usr/bin/cmake --install /home/harry/ur3e_ws/build/ur3e_ros_data
[6.672s] -- Install configuration: ""
[6.673s] -- Up-to-date: /home/harry/ur3e_ws/install/ur3e_ros_data/share/ament_index/resource_index/rosidl_interfaces/ur3e_ros_data
[6.673s] -- Up-to-date: /home/harry/ur3e_ws/install/ur3e_ros_data/share/ur3e_ros_data/msg/JointPose.json
[6.676s] -- Up-to-date: /home/harry/ur3e_ws/install/ur3e_ros_data/share/ur3e_ros_data/action/MoveJ.json
[6.676s] -- Up-to-date: /home/harry/ur3e_ws/install/ur3e_ros_data/include/ur3e_ros_data/ur3e_ros_data
[6.676s] -- Up-to-date: /home/harry/ur3e_ws/install/ur3e_ros_data/include/ur3e_ros_data/ur3e_ros_data/action
[6.676s] -- Up-to-date: /home/harry/ur3e_ws/install/ur3e_ros_data/include/ur3e_ros_data/ur3e_ros_data/action/detail
[6.677s] -- Up-to-date: /home/harry/ur3e_ws/install/ur3e_ros_data/include/ur3e_ros_data/ur3e_ros_data/action/detail/move_j__functions.c
[6.677s] -- Up-to-date: /home/harry/ur3e_ws/install/ur3e_ros_data/include/ur3e_ros_data/ur3e_ros_data/action/detail/move_j__functions.h
[6.677s] -- Up-to-date: /home/harry/ur3e_ws/install/ur3e_ros_data/include/ur3e_ros_data/ur3e_ros_data/action/detail/move_j__type_support.h
[6.677s] -- Up-to-date: /home/harry/ur3e_ws/install/ur3e_ros_data/include/ur3e_ros_data/ur3e_ros_data/action/detail/move_j__struct.h
[6.688s] -- Installing: /home/harry/ur3e_ws/install/ur3e_ros_data/include/ur3e_ros_data/ur3e_ros_data/action/detail/move_j__type_support.c
[6.689s] -- Up-to-date: /home/harry/ur3e_ws/install/ur3e_ros_data/include/ur3e_ros_data/ur3e_ros_data/action/detail/move_j__description.c
[6.689s] -- Up-to-date: /home/harry/ur3e_ws/install/ur3e_ros_data/include/ur3e_ros_data/ur3e_ros_data/action/move_j.h
[6.689s] -- Up-to-date: /home/harry/ur3e_ws/install/ur3e_ros_data/include/ur3e_ros_data/ur3e_ros_data/msg
[6.689s] -- Up-to-date: /home/harry/ur3e_ws/install/ur3e_ros_data/include/ur3e_ros_data/ur3e_ros_data/msg/detail
[6.689s] -- Up-to-date: /home/harry/ur3e_ws/install/ur3e_ros_data/include/ur3e_ros_data/ur3e_ros_data/msg/detail/joint_pose__struct.h
[6.689s] -- Up-to-date: /home/harry/ur3e_ws/install/ur3e_ros_data/include/ur3e_ros_data/ur3e_ros_data/msg/detail/joint_pose__functions.h
[6.689s] -- Up-to-date: /home/harry/ur3e_ws/install/ur3e_ros_data/include/ur3e_ros_data/ur3e_ros_data/msg/detail/joint_pose__type_support.h
[6.690s] -- Up-to-date: /home/harry/ur3e_ws/install/ur3e_ros_data/include/ur3e_ros_data/ur3e_ros_data/msg/detail/joint_pose__description.c
[6.690s] -- Installing: /home/harry/ur3e_ws/install/ur3e_ros_data/include/ur3e_ros_data/ur3e_ros_data/msg/detail/joint_pose__type_support.c
[6.690s] -- Up-to-date: /home/harry/ur3e_ws/install/ur3e_ros_data/include/ur3e_ros_data/ur3e_ros_data/msg/detail/joint_pose__functions.c
[6.690s] -- Up-to-date: /home/harry/ur3e_ws/install/ur3e_ros_data/include/ur3e_ros_data/ur3e_ros_data/msg/rosidl_generator_c__visibility_control.h
[6.690s] -- Up-to-date: /home/harry/ur3e_ws/install/ur3e_ros_data/include/ur3e_ros_data/ur3e_ros_data/msg/joint_pose.h
[6.690s] -- Up-to-date: /home/harry/ur3e_ws/install/ur3e_ros_data/share/ur3e_ros_data/environment/library_path.sh
[6.690s] -- Up-to-date: /home/harry/ur3e_ws/install/ur3e_ros_data/share/ur3e_ros_data/environment/library_path.dsv
[6.691s] -- Up-to-date: /home/harry/ur3e_ws/install/ur3e_ros_data/lib/libur3e_ros_data__rosidl_generator_c.so
[6.691s] -- Up-to-date: /home/harry/ur3e_ws/install/ur3e_ros_data/include/ur3e_ros_data/ur3e_ros_data
[6.691s] -- Up-to-date: /home/harry/ur3e_ws/install/ur3e_ros_data/include/ur3e_ros_data/ur3e_ros_data/action
[6.691s] -- Up-to-date: /home/harry/ur3e_ws/install/ur3e_ros_data/include/ur3e_ros_data/ur3e_ros_data/action/detail
[6.691s] -- Up-to-date: /home/harry/ur3e_ws/install/ur3e_ros_data/include/ur3e_ros_data/ur3e_ros_data/action/detail/move_j__rosidl_typesupport_fastrtps_c.h
[6.691s] -- Up-to-date: /home/harry/ur3e_ws/install/ur3e_ros_data/include/ur3e_ros_data/ur3e_ros_data/msg
[6.691s] -- Up-to-date: /home/harry/ur3e_ws/install/ur3e_ros_data/include/ur3e_ros_data/ur3e_ros_data/msg/detail
[6.692s] -- Up-to-date: /home/harry/ur3e_ws/install/ur3e_ros_data/include/ur3e_ros_data/ur3e_ros_data/msg/detail/joint_pose__rosidl_typesupport_fastrtps_c.h
[6.692s] -- Up-to-date: /home/harry/ur3e_ws/install/ur3e_ros_data/include/ur3e_ros_data/ur3e_ros_data/msg/rosidl_typesupport_fastrtps_c__visibility_control.h
[6.692s] -- Up-to-date: /home/harry/ur3e_ws/install/ur3e_ros_data/lib/libur3e_ros_data__rosidl_typesupport_fastrtps_c.so
[6.692s] -- Up-to-date: /home/harry/ur3e_ws/install/ur3e_ros_data/include/ur3e_ros_data/ur3e_ros_data
[6.692s] -- Up-to-date: /home/harry/ur3e_ws/install/ur3e_ros_data/include/ur3e_ros_data/ur3e_ros_data/action
[6.692s] -- Up-to-date: /home/harry/ur3e_ws/install/ur3e_ros_data/include/ur3e_ros_data/ur3e_ros_data/action/detail
[6.692s] -- Up-to-date: /home/harry/ur3e_ws/install/ur3e_ros_data/include/ur3e_ros_data/ur3e_ros_data/action/detail/move_j__rosidl_typesupport_introspection_c.h
[6.693s] -- Installing: /home/harry/ur3e_ws/install/ur3e_ros_data/include/ur3e_ros_data/ur3e_ros_data/action/detail/move_j__type_support.c
[6.693s] -- Up-to-date: /home/harry/ur3e_ws/install/ur3e_ros_data/include/ur3e_ros_data/ur3e_ros_data/msg
[6.693s] -- Up-to-date: /home/harry/ur3e_ws/install/ur3e_ros_data/include/ur3e_ros_data/ur3e_ros_data/msg/detail
[6.693s] -- Up-to-date: /home/harry/ur3e_ws/install/ur3e_ros_data/include/ur3e_ros_data/ur3e_ros_data/msg/detail/joint_pose__rosidl_typesupport_introspection_c.h
[6.693s] -- Installing: /home/harry/ur3e_ws/install/ur3e_ros_data/include/ur3e_ros_data/ur3e_ros_data/msg/detail/joint_pose__type_support.c
[6.693s] -- Up-to-date: /home/harry/ur3e_ws/install/ur3e_ros_data/include/ur3e_ros_data/ur3e_ros_data/msg/rosidl_typesupport_introspection_c__visibility_control.h
[6.708s] -- Up-to-date: /home/harry/ur3e_ws/install/ur3e_ros_data/lib/libur3e_ros_data__rosidl_typesupport_introspection_c.so
[6.709s] -- Up-to-date: /home/harry/ur3e_ws/install/ur3e_ros_data/lib/libur3e_ros_data__rosidl_typesupport_c.so
[6.709s] -- Up-to-date: /home/harry/ur3e_ws/install/ur3e_ros_data/include/ur3e_ros_data/ur3e_ros_data
[6.709s] -- Up-to-date: /home/harry/ur3e_ws/install/ur3e_ros_data/include/ur3e_ros_data/ur3e_ros_data/action
[6.709s] -- Up-to-date: /home/harry/ur3e_ws/install/ur3e_ros_data/include/ur3e_ros_data/ur3e_ros_data/action/detail
[6.709s] -- Up-to-date: /home/harry/ur3e_ws/install/ur3e_ros_data/include/ur3e_ros_data/ur3e_ros_data/action/detail/move_j__builder.hpp
[6.710s] -- Up-to-date: /home/harry/ur3e_ws/install/ur3e_ros_data/include/ur3e_ros_data/ur3e_ros_data/action/detail/move_j__struct.hpp
[6.710s] -- Up-to-date: /home/harry/ur3e_ws/install/ur3e_ros_data/include/ur3e_ros_data/ur3e_ros_data/action/detail/move_j__traits.hpp
[6.716s] -- Up-to-date: /home/harry/ur3e_ws/install/ur3e_ros_data/include/ur3e_ros_data/ur3e_ros_data/action/move_j.hpp
[6.717s] -- Up-to-date: /home/harry/ur3e_ws/install/ur3e_ros_data/include/ur3e_ros_data/ur3e_ros_data/msg
[6.717s] -- Up-to-date: /home/harry/ur3e_ws/install/ur3e_ros_data/include/ur3e_ros_data/ur3e_ros_data/msg/detail
[6.717s] -- Up-to-date: /home/harry/ur3e_ws/install/ur3e_ros_data/include/ur3e_ros_data/ur3e_ros_data/msg/detail/joint_pose__builder.hpp
[6.717s] -- Up-to-date: /home/harry/ur3e_ws/install/ur3e_ros_data/include/ur3e_ros_data/ur3e_ros_data/msg/detail/joint_pose__traits.hpp
[6.717s] -- Up-to-date: /home/harry/ur3e_ws/install/ur3e_ros_data/include/ur3e_ros_data/ur3e_ros_data/msg/detail/joint_pose__struct.hpp
[6.717s] -- Up-to-date: /home/harry/ur3e_ws/install/ur3e_ros_data/include/ur3e_ros_data/ur3e_ros_data/msg/joint_pose.hpp
[6.718s] -- Up-to-date: /home/harry/ur3e_ws/install/ur3e_ros_data/include/ur3e_ros_data/ur3e_ros_data
[6.718s] -- Up-to-date: /home/harry/ur3e_ws/install/ur3e_ros_data/include/ur3e_ros_data/ur3e_ros_data/action
[6.718s] -- Up-to-date: /home/harry/ur3e_ws/install/ur3e_ros_data/include/ur3e_ros_data/ur3e_ros_data/action/detail
[6.718s] -- Up-to-date: /home/harry/ur3e_ws/install/ur3e_ros_data/include/ur3e_ros_data/ur3e_ros_data/action/detail/dds_fastrtps
[6.718s] -- Up-to-date: /home/harry/ur3e_ws/install/ur3e_ros_data/include/ur3e_ros_data/ur3e_ros_data/action/detail/move_j__rosidl_typesupport_fastrtps_cpp.hpp
[6.718s] -- Up-to-date: /home/harry/ur3e_ws/install/ur3e_ros_data/include/ur3e_ros_data/ur3e_ros_data/msg
[6.719s] -- Up-to-date: /home/harry/ur3e_ws/install/ur3e_ros_data/include/ur3e_ros_data/ur3e_ros_data/msg/detail
[6.719s] -- Up-to-date: /home/harry/ur3e_ws/install/ur3e_ros_data/include/ur3e_ros_data/ur3e_ros_data/msg/detail/dds_fastrtps
[6.719s] -- Up-to-date: /home/harry/ur3e_ws/install/ur3e_ros_data/include/ur3e_ros_data/ur3e_ros_data/msg/detail/joint_pose__rosidl_typesupport_fastrtps_cpp.hpp
[6.719s] -- Up-to-date: /home/harry/ur3e_ws/install/ur3e_ros_data/include/ur3e_ros_data/ur3e_ros_data/msg/rosidl_typesupport_fastrtps_cpp__visibility_control.h
[6.719s] -- Up-to-date: /home/harry/ur3e_ws/install/ur3e_ros_data/lib/libur3e_ros_data__rosidl_typesupport_fastrtps_cpp.so
[6.719s] -- Up-to-date: /home/harry/ur3e_ws/install/ur3e_ros_data/include/ur3e_ros_data/ur3e_ros_data
[6.728s] -- Up-to-date: /home/harry/ur3e_ws/install/ur3e_ros_data/include/ur3e_ros_data/ur3e_ros_data/action
[6.728s] -- Up-to-date: /home/harry/ur3e_ws/install/ur3e_ros_data/include/ur3e_ros_data/ur3e_ros_data/action/detail
[6.729s] -- Up-to-date: /home/harry/ur3e_ws/install/ur3e_ros_data/include/ur3e_ros_data/ur3e_ros_data/action/detail/move_j__rosidl_typesupport_introspection_cpp.hpp
[6.729s] -- Up-to-date: /home/harry/ur3e_ws/install/ur3e_ros_data/include/ur3e_ros_data/ur3e_ros_data/action/detail/move_j__type_support.cpp
[6.729s] -- Up-to-date: /home/harry/ur3e_ws/install/ur3e_ros_data/include/ur3e_ros_data/ur3e_ros_data/msg
[6.729s] -- Up-to-date: /home/harry/ur3e_ws/install/ur3e_ros_data/include/ur3e_ros_data/ur3e_ros_data/msg/detail
[6.729s] -- Up-to-date: /home/harry/ur3e_ws/install/ur3e_ros_data/include/ur3e_ros_data/ur3e_ros_data/msg/detail/joint_pose__rosidl_typesupport_introspection_cpp.hpp
[6.729s] -- Up-to-date: /home/harry/ur3e_ws/install/ur3e_ros_data/include/ur3e_ros_data/ur3e_ros_data/msg/detail/joint_pose__type_support.cpp
[6.729s] -- Up-to-date: /home/harry/ur3e_ws/install/ur3e_ros_data/lib/libur3e_ros_data__rosidl_typesupport_introspection_cpp.so
[6.730s] -- Up-to-date: /home/harry/ur3e_ws/install/ur3e_ros_data/lib/libur3e_ros_data__rosidl_typesupport_cpp.so
[6.730s] -- Up-to-date: /home/harry/ur3e_ws/install/ur3e_ros_data/share/ur3e_ros_data/environment/pythonpath.sh
[6.730s] -- Up-to-date: /home/harry/ur3e_ws/install/ur3e_ros_data/share/ur3e_ros_data/environment/pythonpath.dsv
[6.730s] -- Up-to-date: /home/harry/ur3e_ws/install/ur3e_ros_data/lib/python3.10/site-packages/ur3e_ros_data-0.0.0-py3.10.egg-info
[6.730s] -- Installing: /home/harry/ur3e_ws/install/ur3e_ros_data/lib/python3.10/site-packages/ur3e_ros_data-0.0.0-py3.10.egg-info/dependency_links.txt
[6.730s] -- Installing: /home/harry/ur3e_ws/install/ur3e_ros_data/lib/python3.10/site-packages/ur3e_ros_data-0.0.0-py3.10.egg-info/top_level.txt
[6.731s] -- Installing: /home/harry/ur3e_ws/install/ur3e_ros_data/lib/python3.10/site-packages/ur3e_ros_data-0.0.0-py3.10.egg-info/SOURCES.txt
[6.731s] -- Installing: /home/harry/ur3e_ws/install/ur3e_ros_data/lib/python3.10/site-packages/ur3e_ros_data-0.0.0-py3.10.egg-info/PKG-INFO
[6.736s] -- Up-to-date: /home/harry/ur3e_ws/install/ur3e_ros_data/lib/python3.10/site-packages/ur3e_ros_data
[6.736s] -- Up-to-date: /home/harry/ur3e_ws/install/ur3e_ros_data/lib/python3.10/site-packages/ur3e_ros_data/ur3e_ros_data_s__rosidl_typesupport_introspection_c.cpython-310-x86_64-linux-gnu.so
[6.736s] -- Up-to-date: /home/harry/ur3e_ws/install/ur3e_ros_data/lib/python3.10/site-packages/ur3e_ros_data/_ur3e_ros_data_s.ep.rosidl_typesupport_introspection_c.c
[6.736s] -- Up-to-date: /home/harry/ur3e_ws/install/ur3e_ros_data/lib/python3.10/site-packages/ur3e_ros_data/ur3e_ros_data_s__rosidl_typesupport_c.cpython-310-x86_64-linux-gnu.so
[6.736s] -- Up-to-date: /home/harry/ur3e_ws/install/ur3e_ros_data/lib/python3.10/site-packages/ur3e_ros_data/__init__.py
[6.736s] -- Up-to-date: /home/harry/ur3e_ws/install/ur3e_ros_data/lib/python3.10/site-packages/ur3e_ros_data/ur3e_ros_data_s__rosidl_typesupport_fastrtps_c.cpython-310-x86_64-linux-gnu.so
[6.736s] -- Up-to-date: /home/harry/ur3e_ws/install/ur3e_ros_data/lib/python3.10/site-packages/ur3e_ros_data/libur3e_ros_data__rosidl_generator_py.so
[6.737s] -- Up-to-date: /home/harry/ur3e_ws/install/ur3e_ros_data/lib/python3.10/site-packages/ur3e_ros_data/action
[6.737s] -- Up-to-date: /home/harry/ur3e_ws/install/ur3e_ros_data/lib/python3.10/site-packages/ur3e_ros_data/action/_move_j.py
[6.737s] -- Up-to-date: /home/harry/ur3e_ws/install/ur3e_ros_data/lib/python3.10/site-packages/ur3e_ros_data/action/__init__.py
[6.737s] -- Up-to-date: /home/harry/ur3e_ws/install/ur3e_ros_data/lib/python3.10/site-packages/ur3e_ros_data/action/_move_j_s.c
[6.737s] -- Up-to-date: /home/harry/ur3e_ws/install/ur3e_ros_data/lib/python3.10/site-packages/ur3e_ros_data/_ur3e_ros_data_s.ep.rosidl_typesupport_fastrtps_c.c
[6.737s] -- Up-to-date: /home/harry/ur3e_ws/install/ur3e_ros_data/lib/python3.10/site-packages/ur3e_ros_data/_ur3e_ros_data_s.ep.rosidl_typesupport_c.c
[6.737s] -- Up-to-date: /home/harry/ur3e_ws/install/ur3e_ros_data/lib/python3.10/site-packages/ur3e_ros_data/msg
[6.738s] -- Up-to-date: /home/harry/ur3e_ws/install/ur3e_ros_data/lib/python3.10/site-packages/ur3e_ros_data/msg/_joint_pose_s.c
[6.738s] -- Up-to-date: /home/harry/ur3e_ws/install/ur3e_ros_data/lib/python3.10/site-packages/ur3e_ros_data/msg/__init__.py
[6.738s] -- Up-to-date: /home/harry/ur3e_ws/install/ur3e_ros_data/lib/python3.10/site-packages/ur3e_ros_data/msg/_joint_pose.py
[6.996s] Listing '/home/harry/ur3e_ws/install/ur3e_ros_data/lib/python3.10/site-packages/ur3e_ros_data'...
[6.996s] Listing '/home/harry/ur3e_ws/install/ur3e_ros_data/lib/python3.10/site-packages/ur3e_ros_data/action'...
[6.996s] Listing '/home/harry/ur3e_ws/install/ur3e_ros_data/lib/python3.10/site-packages/ur3e_ros_data/msg'...
[7.037s] -- Up-to-date: /home/harry/ur3e_ws/install/ur3e_ros_data/lib/python3.10/site-packages/ur3e_ros_data/ur3e_ros_data_s__rosidl_typesupport_fastrtps_c.cpython-310-x86_64-linux-gnu.so
[7.038s] -- Up-to-date: /home/harry/ur3e_ws/install/ur3e_ros_data/lib/python3.10/site-packages/ur3e_ros_data/ur3e_ros_data_s__rosidl_typesupport_introspection_c.cpython-310-x86_64-linux-gnu.so
[7.038s] -- Up-to-date: /home/harry/ur3e_ws/install/ur3e_ros_data/lib/python3.10/site-packages/ur3e_ros_data/ur3e_ros_data_s__rosidl_typesupport_c.cpython-310-x86_64-linux-gnu.so
[7.039s] -- Up-to-date: /home/harry/ur3e_ws/install/ur3e_ros_data/lib/libur3e_ros_data__rosidl_generator_py.so
[7.045s] -- Up-to-date: /home/harry/ur3e_ws/install/ur3e_ros_data/share/ur3e_ros_data/msg/JointPose.idl
[7.045s] -- Up-to-date: /home/harry/ur3e_ws/install/ur3e_ros_data/share/ur3e_ros_data/action/MoveJ.idl
[7.045s] -- Up-to-date: /home/harry/ur3e_ws/install/ur3e_ros_data/share/ur3e_ros_data/msg/JointPose.msg
[7.046s] -- Up-to-date: /home/harry/ur3e_ws/install/ur3e_ros_data/share/ur3e_ros_data/action/MoveJ.action
[7.046s] -- Up-to-date: /home/harry/ur3e_ws/install/ur3e_ros_data/share/ament_index/resource_index/package_run_dependencies/ur3e_ros_data
[7.046s] -- Up-to-date: /home/harry/ur3e_ws/install/ur3e_ros_data/share/ament_index/resource_index/parent_prefix_path/ur3e_ros_data
[7.047s] -- Up-to-date: /home/harry/ur3e_ws/install/ur3e_ros_data/share/ur3e_ros_data/environment/ament_prefix_path.sh
[7.047s] -- Up-to-date: /home/harry/ur3e_ws/install/ur3e_ros_data/share/ur3e_ros_data/environment/ament_prefix_path.dsv
[7.048s] -- Up-to-date: /home/harry/ur3e_ws/install/ur3e_ros_data/share/ur3e_ros_data/environment/path.sh
[7.049s] -- Up-to-date: /home/harry/ur3e_ws/install/ur3e_ros_data/share/ur3e_ros_data/environment/path.dsv
[7.049s] -- Up-to-date: /home/harry/ur3e_ws/install/ur3e_ros_data/share/ur3e_ros_data/local_setup.bash
[7.049s] -- Up-to-date: /home/harry/ur3e_ws/install/ur3e_ros_data/share/ur3e_ros_data/local_setup.sh
[7.049s] -- Up-to-date: /home/harry/ur3e_ws/install/ur3e_ros_data/share/ur3e_ros_data/local_setup.zsh
[7.049s] -- Up-to-date: /home/harry/ur3e_ws/install/ur3e_ros_data/share/ur3e_ros_data/local_setup.dsv
[7.050s] -- Installing: /home/harry/ur3e_ws/install/ur3e_ros_data/share/ur3e_ros_data/package.dsv
[7.050s] -- Up-to-date: /home/harry/ur3e_ws/install/ur3e_ros_data/share/ament_index/resource_index/packages/ur3e_ros_data
[7.050s] -- Up-to-date: /home/harry/ur3e_ws/install/ur3e_ros_data/share/ur3e_ros_data/cmake/export_ur3e_ros_data__rosidl_generator_cExport.cmake
[7.050s] -- Up-to-date: /home/harry/ur3e_ws/install/ur3e_ros_data/share/ur3e_ros_data/cmake/export_ur3e_ros_data__rosidl_generator_cExport-noconfig.cmake
[7.050s] -- Up-to-date: /home/harry/ur3e_ws/install/ur3e_ros_data/share/ur3e_ros_data/cmake/export_ur3e_ros_data__rosidl_typesupport_fastrtps_cExport.cmake
[7.051s] -- Up-to-date: /home/harry/ur3e_ws/install/ur3e_ros_data/share/ur3e_ros_data/cmake/export_ur3e_ros_data__rosidl_typesupport_fastrtps_cExport-noconfig.cmake
[7.058s] -- Up-to-date: /home/harry/ur3e_ws/install/ur3e_ros_data/share/ur3e_ros_data/cmake/ur3e_ros_data__rosidl_typesupport_introspection_cExport.cmake
[7.058s] -- Up-to-date: /home/harry/ur3e_ws/install/ur3e_ros_data/share/ur3e_ros_data/cmake/ur3e_ros_data__rosidl_typesupport_introspection_cExport-noconfig.cmake
[7.059s] -- Up-to-date: /home/harry/ur3e_ws/install/ur3e_ros_data/share/ur3e_ros_data/cmake/ur3e_ros_data__rosidl_typesupport_cExport.cmake
[7.059s] -- Up-to-date: /home/harry/ur3e_ws/install/ur3e_ros_data/share/ur3e_ros_data/cmake/ur3e_ros_data__rosidl_typesupport_cExport-noconfig.cmake
[7.059s] -- Up-to-date: /home/harry/ur3e_ws/install/ur3e_ros_data/share/ur3e_ros_data/cmake/export_ur3e_ros_data__rosidl_generator_cppExport.cmake
[7.068s] -- Up-to-date: /home/harry/ur3e_ws/install/ur3e_ros_data/share/ur3e_ros_data/cmake/export_ur3e_ros_data__rosidl_typesupport_fastrtps_cppExport.cmake
[7.071s] -- Up-to-date: /home/harry/ur3e_ws/install/ur3e_ros_data/share/ur3e_ros_data/cmake/export_ur3e_ros_data__rosidl_typesupport_fastrtps_cppExport-noconfig.cmake
[7.072s] -- Up-to-date: /home/harry/ur3e_ws/install/ur3e_ros_data/share/ur3e_ros_data/cmake/ur3e_ros_data__rosidl_typesupport_introspection_cppExport.cmake
[7.072s] -- Up-to-date: /home/harry/ur3e_ws/install/ur3e_ros_data/share/ur3e_ros_data/cmake/ur3e_ros_data__rosidl_typesupport_introspection_cppExport-noconfig.cmake
[7.072s] -- Up-to-date: /home/harry/ur3e_ws/install/ur3e_ros_data/share/ur3e_ros_data/cmake/ur3e_ros_data__rosidl_typesupport_cppExport.cmake
[7.072s] -- Up-to-date: /home/harry/ur3e_ws/install/ur3e_ros_data/share/ur3e_ros_data/cmake/ur3e_ros_data__rosidl_typesupport_cppExport-noconfig.cmake
[7.072s] -- Up-to-date: /home/harry/ur3e_ws/install/ur3e_ros_data/share/ur3e_ros_data/cmake/export_ur3e_ros_data__rosidl_generator_pyExport.cmake
[7.072s] -- Up-to-date: /home/harry/ur3e_ws/install/ur3e_ros_data/share/ur3e_ros_data/cmake/export_ur3e_ros_data__rosidl_generator_pyExport-noconfig.cmake
[7.078s] -- Up-to-date: /home/harry/ur3e_ws/install/ur3e_ros_data/share/ur3e_ros_data/cmake/rosidl_cmake-extras.cmake
[7.079s] -- Up-to-date: /home/harry/ur3e_ws/install/ur3e_ros_data/share/ur3e_ros_data/cmake/ament_cmake_export_dependencies-extras.cmake
[7.080s] -- Up-to-date: /home/harry/ur3e_ws/install/ur3e_ros_data/share/ur3e_ros_data/cmake/ament_cmake_export_include_directories-extras.cmake
[7.080s] -- Up-to-date: /home/harry/ur3e_ws/install/ur3e_ros_data/share/ur3e_ros_data/cmake/ament_cmake_export_libraries-extras.cmake
[7.080s] -- Up-to-date: /home/harry/ur3e_ws/install/ur3e_ros_data/share/ur3e_ros_data/cmake/ament_cmake_export_targets-extras.cmake
[7.080s] -- Up-to-date: /home/harry/ur3e_ws/install/ur3e_ros_data/share/ur3e_ros_data/cmake/rosidl_cmake_export_typesupport_targets-extras.cmake
[7.081s] -- Up-to-date: /home/harry/ur3e_ws/install/ur3e_ros_data/share/ur3e_ros_data/cmake/rosidl_cmake_export_typesupport_libraries-extras.cmake
[7.083s] -- Up-to-date: /home/harry/ur3e_ws/install/ur3e_ros_data/share/ur3e_ros_data/cmake/ur3e_ros_dataConfig.cmake
[7.084s] -- Up-to-date: /home/harry/ur3e_ws/install/ur3e_ros_data/share/ur3e_ros_data/cmake/ur3e_ros_dataConfig-version.cmake
[7.084s] -- Up-to-date: /home/harry/ur3e_ws/install/ur3e_ros_data/share/ur3e_ros_data/package.xml
[7.097s] Invoked command in '/home/harry/ur3e_ws/build/ur3e_ros_data' returned '0': CMAKE_PREFIX_PATH=${CMAKE_PREFIX_PATH}:/home/harry/ur3e_ws/install/ur3e_ros_action:/home/harry/ur_ws/install/ur3e_ros_action:/opt/ros/iron /usr/bin/cmake --install /home/harry/ur3e_ws/build/ur3e_ros_data
