[0.068s] Invoking command in '/home/harry/ur3e_ws/build/ur3e_ros_action_cpp': CMAKE_PREFIX_PATH=${CMAKE_PREFIX_PATH}:/home/harry/ur3e_ws/install/ur3e_ros_action:/home/harry/ur_ws/install/ur3e_ros_action:/opt/ros/iron /usr/bin/cmake --build /home/harry/ur3e_ws/build/ur3e_ros_action_cpp -- -j2 -l2
[0.365s] [35m[1mConsolidate compiler generated dependencies of target moveJ_action[0m
[0.469s] [ 50%] [32mBuilding CXX object CMakeFiles/moveJ_action.dir/src/moveJ_action.cpp.o[0m
[0.550s] [01m[K/home/harry/ur3e_ws/src/ur3e_ros_action_cpp/src/moveJ_action.cpp:[m[K In function ‘[01m[Kint main(int, char**)[m[K’:
[0.550s] [01m[K/home/harry/ur3e_ws/src/ur3e_ros_action_cpp/src/moveJ_action.cpp:1:14:[m[K [01;35m[Kwarning: [m[Kunused parameter ‘[01m[Kargc[m[K’ [[01;35m[K]8;;https://gcc.gnu.org/onlinedocs/gcc/Warning-Options.html#index-Wunused-parameter-Wunused-parameter]8;;[m[K]
[0.551s]     1 | int main([01;35m[Kint argc[m[K, char ** argv)
[0.551s]       |          [01;35m[K~~~~^~~~[m[K
[0.551s] [01m[K/home/harry/ur3e_ws/src/ur3e_ros_action_cpp/src/moveJ_action.cpp:1:28:[m[K [01;35m[Kwarning: [m[Kunused parameter ‘[01m[Kargv[m[K’ [[01;35m[K]8;;https://gcc.gnu.org/onlinedocs/gcc/Warning-Options.html#index-Wunused-parameter-Wunused-parameter]8;;[m[K]
[0.551s]     1 | int main(int argc, [01;35m[Kchar ** argv[m[K)
[0.552s]       |                    [01;35m[K~~~~~~~~^~~~[m[K
[0.703s] [100%] [32m[1mLinking CXX executable moveJ_action[0m
[88.217s] [100%] Built target moveJ_action
[88.278s] Invoked command in '/home/harry/ur3e_ws/build/ur3e_ros_action_cpp' returned '0': CMAKE_PREFIX_PATH=${CMAKE_PREFIX_PATH}:/home/harry/ur3e_ws/install/ur3e_ros_action:/home/harry/ur_ws/install/ur3e_ros_action:/opt/ros/iron /usr/bin/cmake --build /home/harry/ur3e_ws/build/ur3e_ros_action_cpp -- -j2 -l2
[88.394s] Invoking command in '/home/harry/ur3e_ws/build/ur3e_ros_action_cpp': CMAKE_PREFIX_PATH=${CMAKE_PREFIX_PATH}:/home/harry/ur3e_ws/install/ur3e_ros_action:/home/harry/ur_ws/install/ur3e_ros_action:/opt/ros/iron /usr/bin/cmake --install /home/harry/ur3e_ws/build/ur3e_ros_action_cpp
[88.435s] -- Install configuration: ""
[88.436s] -- Installing: /home/harry/ur3e_ws/install/ur3e_ros_action_cpp/lib/ur3e_ros_action_cpp/moveJ_action
[88.440s] -- Set runtime path of "/home/harry/ur3e_ws/install/ur3e_ros_action_cpp/lib/ur3e_ros_action_cpp/moveJ_action" to ""
[88.442s] -- Up-to-date: /home/harry/ur3e_ws/install/ur3e_ros_action_cpp/share/ament_index/resource_index/package_run_dependencies/ur3e_ros_action_cpp
[88.443s] -- Up-to-date: /home/harry/ur3e_ws/install/ur3e_ros_action_cpp/share/ament_index/resource_index/parent_prefix_path/ur3e_ros_action_cpp
[88.443s] -- Up-to-date: /home/harry/ur3e_ws/install/ur3e_ros_action_cpp/share/ur3e_ros_action_cpp/environment/ament_prefix_path.sh
[88.445s] -- Up-to-date: /home/harry/ur3e_ws/install/ur3e_ros_action_cpp/share/ur3e_ros_action_cpp/environment/ament_prefix_path.dsv
[88.445s] -- Up-to-date: /home/harry/ur3e_ws/install/ur3e_ros_action_cpp/share/ur3e_ros_action_cpp/environment/path.sh
[88.446s] -- Up-to-date: /home/harry/ur3e_ws/install/ur3e_ros_action_cpp/share/ur3e_ros_action_cpp/environment/path.dsv
[88.447s] -- Up-to-date: /home/harry/ur3e_ws/install/ur3e_ros_action_cpp/share/ur3e_ros_action_cpp/local_setup.bash
[88.449s] -- Up-to-date: /home/harry/ur3e_ws/install/ur3e_ros_action_cpp/share/ur3e_ros_action_cpp/local_setup.sh
[88.449s] -- Up-to-date: /home/harry/ur3e_ws/install/ur3e_ros_action_cpp/share/ur3e_ros_action_cpp/local_setup.zsh
[88.450s] -- Up-to-date: /home/harry/ur3e_ws/install/ur3e_ros_action_cpp/share/ur3e_ros_action_cpp/local_setup.dsv
[88.451s] -- Installing: /home/harry/ur3e_ws/install/ur3e_ros_action_cpp/share/ur3e_ros_action_cpp/package.dsv
[88.452s] -- Up-to-date: /home/harry/ur3e_ws/install/ur3e_ros_action_cpp/share/ament_index/resource_index/packages/ur3e_ros_action_cpp
[88.453s] -- Up-to-date: /home/harry/ur3e_ws/install/ur3e_ros_action_cpp/share/ur3e_ros_action_cpp/cmake/ur3e_ros_action_cppConfig.cmake
[88.454s] -- Up-to-date: /home/harry/ur3e_ws/install/ur3e_ros_action_cpp/share/ur3e_ros_action_cpp/cmake/ur3e_ros_action_cppConfig-version.cmake
[88.454s] -- Up-to-date: /home/harry/ur3e_ws/install/ur3e_ros_action_cpp/share/ur3e_ros_action_cpp/package.xml
[88.468s] Invoked command in '/home/harry/ur3e_ws/build/ur3e_ros_action_cpp' returned '0': CMAKE_PREFIX_PATH=${CMAKE_PREFIX_PATH}:/home/harry/ur3e_ws/install/ur3e_ros_action:/home/harry/ur_ws/install/ur3e_ros_action:/opt/ros/iron /usr/bin/cmake --install /home/harry/ur3e_ws/build/ur3e_ros_action_cpp
