In file included from [01m[K/home/harry/ur3e_ws/src/ur3e_ros_action_cpp/src/moveJ_action.cpp:6[m[K:
[01m[K/opt/ros/iron/include/moveit_ros_planning_interface/moveit/move_group_interface/move_group_interface_improved.h:157:84:[m[K [01;31m[Kerror: [m[Kno matching function for call to ‘[01m[Krclcpp::Duration::Duration(int)[m[K’
  157 |       const rclcpp::Duration& wait_for_servers = rclcpp::Duration(-1[01;31m[K)[m[K);
      |                                                                     [01;31m[K^[m[K

In file included from [01m[K/opt/ros/iron/include/rclcpp/rclcpp/time.hpp:24[m[K,
                 from [01m[K/opt/ros/iron/include/rclcpp/rclcpp/clock.hpp:24[m[K,
                 from [01m[K/opt/ros/iron/include/rclcpp/rclcpp/client.hpp:38[m[K,
                 from [01m[K/opt/ros/iron/include/rclcpp/rclcpp/callback_group.hpp:24[m[K,
                 from [01m[K/opt/ros/iron/include/rclcpp/rclcpp/node.hpp:40[m[K,
                 from [01m[K/opt/ros/iron/include/moveit_core/moveit/kinematics_base/kinematics_base.h:43[m[K,
                 from [01m[K/opt/ros/iron/include/moveit_core/moveit/robot_model/joint_model_group.h:42[m[K,
                 from [01m[K/opt/ros/iron/include/moveit_core/moveit/robot_model/robot_model.h:45[m[K,
                 from [01m[K/opt/ros/iron/include/moveit_core/moveit/robot_state/robot_state.h:40[m[K,
                 from [01m[K/opt/ros/iron/include/moveit_ros_planning_interface/moveit/move_group_interface/move_group_interface_improved.h:41[m[K,
                 from [01m[K/home/harry/ur3e_ws/src/ur3e_ros_action_cpp/src/moveJ_action.cpp:6[m[K:
[01m[K/opt/ros/iron/include/rclcpp/rclcpp/duration.hpp:48:3:[m[K [01;36m[Knote: [m[Kcandidate: ‘[01m[Ktemplate<class Rep, class Period> rclcpp::Duration::Duration(const std::chrono::duration<_Rep1, _Period1>&)[m[K’
   48 |   [01;36m[KDuration[m[K(const std::chrono::duration<Rep, Period> & duration)  // NOLINT(runtime/explicit)
      |   [01;36m[K^~~~~~~~[m[K
[01m[K/opt/ros/iron/include/rclcpp/rclcpp/duration.hpp:48:3:[m[K [01;36m[Knote: [m[K  template argument deduction/substitution failed:
In file included from [01m[K/home/harry/ur3e_ws/src/ur3e_ros_action_cpp/src/moveJ_action.cpp:6[m[K:
[01m[K/opt/ros/iron/include/moveit_ros_planning_interface/moveit/move_group_interface/move_group_interface_improved.h:157:84:[m[K [01;36m[Knote: [m[K  mismatched types ‘[01m[Kconst std::chrono::duration<_Rep1, _Period1>[m[K’ and ‘[01m[Kint[m[K’
  157 |       const rclcpp::Duration& wait_for_servers = rclcpp::Duration(-1[01;36m[K)[m[K);
      |                                                                     [01;36m[K^[m[K

In file included from [01m[K/opt/ros/iron/include/rclcpp/rclcpp/time.hpp:24[m[K,
                 from [01m[K/opt/ros/iron/include/rclcpp/rclcpp/clock.hpp:24[m[K,
                 from [01m[K/opt/ros/iron/include/rclcpp/rclcpp/client.hpp:38[m[K,
                 from [01m[K/opt/ros/iron/include/rclcpp/rclcpp/callback_group.hpp:24[m[K,
                 from [01m[K/opt/ros/iron/include/rclcpp/rclcpp/node.hpp:40[m[K,
                 from [01m[K/opt/ros/iron/include/moveit_core/moveit/kinematics_base/kinematics_base.h:43[m[K,
                 from [01m[K/opt/ros/iron/include/moveit_core/moveit/robot_model/joint_model_group.h:42[m[K,
                 from [01m[K/opt/ros/iron/include/moveit_core/moveit/robot_model/robot_model.h:45[m[K,
                 from [01m[K/opt/ros/iron/include/moveit_core/moveit/robot_state/robot_state.h:40[m[K,
                 from [01m[K/opt/ros/iron/include/moveit_ros_planning_interface/moveit/move_group_interface/move_group_interface_improved.h:41[m[K,
                 from [01m[K/home/harry/ur3e_ws/src/ur3e_ros_action_cpp/src/moveJ_action.cpp:6[m[K:
[01m[K/opt/ros/iron/include/rclcpp/rclcpp/duration.hpp:158:3:[m[K [01;36m[Knote: [m[Kcandidate: ‘[01m[Krclcpp::Duration::Duration()[m[K’
  158 |   [01;36m[KDuration[m[K() = default;
      |   [01;36m[K^~~~~~~~[m[K
[01m[K/opt/ros/iron/include/rclcpp/rclcpp/duration.hpp:158:3:[m[K [01;36m[Knote: [m[K  candidate expects 0 arguments, 1 provided
[01m[K/opt/ros/iron/include/rclcpp/rclcpp/duration.hpp:61:3:[m[K [01;36m[Knote: [m[Kcandidate: ‘[01m[Krclcpp::Duration::Duration(const rclcpp::Duration&)[m[K’
   61 |   [01;36m[KDuration[m[K(const Duration & rhs);
      |   [01;36m[K^~~~~~~~[m[K
[01m[K/opt/ros/iron/include/rclcpp/rclcpp/duration.hpp:61:29:[m[K [01;36m[Knote: [m[K  no known conversion for argument 1 from ‘[01m[Kint[m[K’ to ‘[01m[Kconst rclcpp::Duration&[m[K’
   61 |   Duration([01;36m[Kconst Duration & rhs[m[K);
      |            [01;36m[K~~~~~~~~~~~~~~~~~^~~[m[K
[01m[K/opt/ros/iron/include/rclcpp/rclcpp/duration.hpp:59:12:[m[K [01;36m[Knote: [m[Kcandidate: ‘[01m[Krclcpp::Duration::Duration(const rcl_duration_t&)[m[K’
   59 |   explicit [01;36m[KDuration[m[K(const rcl_duration_t & duration);
      |            [01;36m[K^~~~~~~~[m[K
[01m[K/opt/ros/iron/include/rclcpp/rclcpp/duration.hpp:59:44:[m[K [01;36m[Knote: [m[K  no known conversion for argument 1 from ‘[01m[Kint[m[K’ to ‘[01m[Kconst rcl_duration_t&[m[K’ {aka ‘[01m[Kconst rcl_duration_s&[m[K’}
   59 |   explicit Duration([01;36m[Kconst rcl_duration_t & duration[m[K);
      |                     [01;36m[K~~~~~~~~~~~~~~~~~~~~~~~^~~~~~~~[m[K
[01m[K/opt/ros/iron/include/rclcpp/rclcpp/duration.hpp:53:3:[m[K [01;36m[Knote: [m[Kcandidate: ‘[01m[Krclcpp::Duration::Duration(const Duration&)[m[K’
   53 |   [01;36m[KDuration[m[K(const builtin_interfaces::msg::Duration & duration_msg);  // NOLINT(runtime/explicit)
      |   [01;36m[K^~~~~~~~[m[K
[01m[K/opt/ros/iron/include/rclcpp/rclcpp/duration.hpp:53:54:[m[K [01;36m[Knote: [m[K  no known conversion for argument 1 from ‘[01m[Kint[m[K’ to ‘[01m[Kconst Duration&[m[K’ {aka ‘[01m[Kconst builtin_interfaces::msg::Duration_<std::allocator<void> >&[m[K’}
   53 |   Duration([01;36m[Kconst builtin_interfaces::msg::Duration & duration_msg[m[K);  // NOLINT(runtime/explicit)
      |            [01;36m[K~~~~~~~~~~~~~~~~~~~~~~~~~~~~~~~~~~~~~~~~~~^~~~~~~~~~~~[m[K
[01m[K/opt/ros/iron/include/rclcpp/rclcpp/duration.hpp:42:12:[m[K [01;36m[Knote: [m[Kcandidate: ‘[01m[Krclcpp::Duration::Duration(std::chrono::nanoseconds)[m[K’
   42 |   explicit [01;36m[KDuration[m[K(std::chrono::nanoseconds nanoseconds);
      |            [01;36m[K^~~~~~~~[m[K
[01m[K/opt/ros/iron/include/rclcpp/rclcpp/duration.hpp:42:46:[m[K [01;36m[Knote: [m[K  no known conversion for argument 1 from ‘[01m[Kint[m[K’ to ‘[01m[Kstd::chrono::nanoseconds[m[K’ {aka ‘[01m[Kstd::chrono::duration<long int, std::ratio<1, 1000000000> >[m[K’}
   42 |   explicit Duration([01;36m[Kstd::chrono::nanoseconds nanoseconds[m[K);
      |                     [01;36m[K~~~~~~~~~~~~~~~~~~~~~~~~~^~~~~~~~~~~[m[K
[01m[K/opt/ros/iron/include/rclcpp/rclcpp/duration.hpp:39:3:[m[K [01;36m[Knote: [m[Kcandidate: ‘[01m[Krclcpp::Duration::Duration(int32_t, uint32_t)[m[K’
   39 |   [01;36m[KDuration[m[K(int32_t seconds, uint32_t nanoseconds);
      |   [01;36m[K^~~~~~~~[m[K
[01m[K/opt/ros/iron/include/rclcpp/rclcpp/duration.hpp:39:3:[m[K [01;36m[Knote: [m[K  candidate expects 2 arguments, 1 provided
In file included from [01m[K/home/harry/ur3e_ws/src/ur3e_ros_action_cpp/src/moveJ_action.cpp:6[m[K:
[01m[K/opt/ros/iron/include/moveit_ros_planning_interface/moveit/move_group_interface/move_group_interface_improved.h:168:84:[m[K [01;31m[Kerror: [m[Kno matching function for call to ‘[01m[Krclcpp::Duration::Duration(int)[m[K’
  168 |       const rclcpp::Duration& wait_for_servers = rclcpp::Duration(-1[01;31m[K)[m[K);
      |                                                                     [01;31m[K^[m[K

In file included from [01m[K/opt/ros/iron/include/rclcpp/rclcpp/time.hpp:24[m[K,
                 from [01m[K/opt/ros/iron/include/rclcpp/rclcpp/clock.hpp:24[m[K,
                 from [01m[K/opt/ros/iron/include/rclcpp/rclcpp/client.hpp:38[m[K,
                 from [01m[K/opt/ros/iron/include/rclcpp/rclcpp/callback_group.hpp:24[m[K,
                 from [01m[K/opt/ros/iron/include/rclcpp/rclcpp/node.hpp:40[m[K,
                 from [01m[K/opt/ros/iron/include/moveit_core/moveit/kinematics_base/kinematics_base.h:43[m[K,
                 from [01m[K/opt/ros/iron/include/moveit_core/moveit/robot_model/joint_model_group.h:42[m[K,
                 from [01m[K/opt/ros/iron/include/moveit_core/moveit/robot_model/robot_model.h:45[m[K,
                 from [01m[K/opt/ros/iron/include/moveit_core/moveit/robot_state/robot_state.h:40[m[K,
                 from [01m[K/opt/ros/iron/include/moveit_ros_planning_interface/moveit/move_group_interface/move_group_interface_improved.h:41[m[K,
                 from [01m[K/home/harry/ur3e_ws/src/ur3e_ros_action_cpp/src/moveJ_action.cpp:6[m[K:
[01m[K/opt/ros/iron/include/rclcpp/rclcpp/duration.hpp:48:3:[m[K [01;36m[Knote: [m[Kcandidate: ‘[01m[Ktemplate<class Rep, class Period> rclcpp::Duration::Duration(const std::chrono::duration<_Rep1, _Period1>&)[m[K’
   48 |   [01;36m[KDuration[m[K(const std::chrono::duration<Rep, Period> & duration)  // NOLINT(runtime/explicit)
      |   [01;36m[K^~~~~~~~[m[K
[01m[K/opt/ros/iron/include/rclcpp/rclcpp/duration.hpp:48:3:[m[K [01;36m[Knote: [m[K  template argument deduction/substitution failed:
In file included from [01m[K/home/harry/ur3e_ws/src/ur3e_ros_action_cpp/src/moveJ_action.cpp:6[m[K:
[01m[K/opt/ros/iron/include/moveit_ros_planning_interface/moveit/move_group_interface/move_group_interface_improved.h:168:84:[m[K [01;36m[Knote: [m[K  mismatched types ‘[01m[Kconst std::chrono::duration<_Rep1, _Period1>[m[K’ and ‘[01m[Kint[m[K’
  168 |       const rclcpp::Duration& wait_for_servers = rclcpp::Duration(-1[01;36m[K)[m[K);
      |                                                                     [01;36m[K^[m[K

In file included from [01m[K/opt/ros/iron/include/rclcpp/rclcpp/time.hpp:24[m[K,
                 from [01m[K/opt/ros/iron/include/rclcpp/rclcpp/clock.hpp:24[m[K,
                 from [01m[K/opt/ros/iron/include/rclcpp/rclcpp/client.hpp:38[m[K,
                 from [01m[K/opt/ros/iron/include/rclcpp/rclcpp/callback_group.hpp:24[m[K,
                 from [01m[K/opt/ros/iron/include/rclcpp/rclcpp/node.hpp:40[m[K,
                 from [01m[K/opt/ros/iron/include/moveit_core/moveit/kinematics_base/kinematics_base.h:43[m[K,
                 from [01m[K/opt/ros/iron/include/moveit_core/moveit/robot_model/joint_model_group.h:42[m[K,
                 from [01m[K/opt/ros/iron/include/moveit_core/moveit/robot_model/robot_model.h:45[m[K,
                 from [01m[K/opt/ros/iron/include/moveit_core/moveit/robot_state/robot_state.h:40[m[K,
                 from [01m[K/opt/ros/iron/include/moveit_ros_planning_interface/moveit/move_group_interface/move_group_interface_improved.h:41[m[K,
                 from [01m[K/home/harry/ur3e_ws/src/ur3e_ros_action_cpp/src/moveJ_action.cpp:6[m[K:
[01m[K/opt/ros/iron/include/rclcpp/rclcpp/duration.hpp:158:3:[m[K [01;36m[Knote: [m[Kcandidate: ‘[01m[Krclcpp::Duration::Duration()[m[K’
  158 |   [01;36m[KDuration[m[K() = default;
      |   [01;36m[K^~~~~~~~[m[K
[01m[K/opt/ros/iron/include/rclcpp/rclcpp/duration.hpp:158:3:[m[K [01;36m[Knote: [m[K  candidate expects 0 arguments, 1 provided
[01m[K/opt/ros/iron/include/rclcpp/rclcpp/duration.hpp:61:3:[m[K [01;36m[Knote: [m[Kcandidate: ‘[01m[Krclcpp::Duration::Duration(const rclcpp::Duration&)[m[K’
   61 |   [01;36m[KDuration[m[K(const Duration & rhs);
      |   [01;36m[K^~~~~~~~[m[K
[01m[K/opt/ros/iron/include/rclcpp/rclcpp/duration.hpp:61:29:[m[K [01;36m[Knote: [m[K  no known conversion for argument 1 from ‘[01m[Kint[m[K’ to ‘[01m[Kconst rclcpp::Duration&[m[K’
   61 |   Duration([01;36m[Kconst Duration & rhs[m[K);
      |            [01;36m[K~~~~~~~~~~~~~~~~~^~~[m[K
[01m[K/opt/ros/iron/include/rclcpp/rclcpp/duration.hpp:59:12:[m[K [01;36m[Knote: [m[Kcandidate: ‘[01m[Krclcpp::Duration::Duration(const rcl_duration_t&)[m[K’
   59 |   explicit [01;36m[KDuration[m[K(const rcl_duration_t & duration);
      |            [01;36m[K^~~~~~~~[m[K
[01m[K/opt/ros/iron/include/rclcpp/rclcpp/duration.hpp:59:44:[m[K [01;36m[Knote: [m[K  no known conversion for argument 1 from ‘[01m[Kint[m[K’ to ‘[01m[Kconst rcl_duration_t&[m[K’ {aka ‘[01m[Kconst rcl_duration_s&[m[K’}
   59 |   explicit Duration([01;36m[Kconst rcl_duration_t & duration[m[K);
      |                     [01;36m[K~~~~~~~~~~~~~~~~~~~~~~~^~~~~~~~[m[K
[01m[K/opt/ros/iron/include/rclcpp/rclcpp/duration.hpp:53:3:[m[K [01;36m[Knote: [m[Kcandidate: ‘[01m[Krclcpp::Duration::Duration(const Duration&)[m[K’
   53 |   [01;36m[KDuration[m[K(const builtin_interfaces::msg::Duration & duration_msg);  // NOLINT(runtime/explicit)
      |   [01;36m[K^~~~~~~~[m[K
[01m[K/opt/ros/iron/include/rclcpp/rclcpp/duration.hpp:53:54:[m[K [01;36m[Knote: [m[K  no known conversion for argument 1 from ‘[01m[Kint[m[K’ to ‘[01m[Kconst Duration&[m[K’ {aka ‘[01m[Kconst builtin_interfaces::msg::Duration_<std::allocator<void> >&[m[K’}
   53 |   Duration([01;36m[Kconst builtin_interfaces::msg::Duration & duration_msg[m[K);  // NOLINT(runtime/explicit)
      |            [01;36m[K~~~~~~~~~~~~~~~~~~~~~~~~~~~~~~~~~~~~~~~~~~^~~~~~~~~~~~[m[K
[01m[K/opt/ros/iron/include/rclcpp/rclcpp/duration.hpp:42:12:[m[K [01;36m[Knote: [m[Kcandidate: ‘[01m[Krclcpp::Duration::Duration(std::chrono::nanoseconds)[m[K’
   42 |   explicit [01;36m[KDuration[m[K(std::chrono::nanoseconds nanoseconds);
      |            [01;36m[K^~~~~~~~[m[K
[01m[K/opt/ros/iron/include/rclcpp/rclcpp/duration.hpp:42:46:[m[K [01;36m[Knote: [m[K  no known conversion for argument 1 from ‘[01m[Kint[m[K’ to ‘[01m[Kstd::chrono::nanoseconds[m[K’ {aka ‘[01m[Kstd::chrono::duration<long int, std::ratio<1, 1000000000> >[m[K’}
   42 |   explicit Duration([01;36m[Kstd::chrono::nanoseconds nanoseconds[m[K);
      |                     [01;36m[K~~~~~~~~~~~~~~~~~~~~~~~~~^~~~~~~~~~~[m[K
[01m[K/opt/ros/iron/include/rclcpp/rclcpp/duration.hpp:39:3:[m[K [01;36m[Knote: [m[Kcandidate: ‘[01m[Krclcpp::Duration::Duration(int32_t, uint32_t)[m[K’
   39 |   [01;36m[KDuration[m[K(int32_t seconds, uint32_t nanoseconds);
      |   [01;36m[K^~~~~~~~[m[K
[01m[K/opt/ros/iron/include/rclcpp/rclcpp/duration.hpp:39:3:[m[K [01;36m[Knote: [m[K  candidate expects 2 arguments, 1 provided
gmake[2]: *** [CMakeFiles/moveJ_action.dir/build.make:76: CMakeFiles/moveJ_action.dir/src/moveJ_action.cpp.o] Error 1
gmake[1]: *** [CMakeFiles/Makefile2:137: CMakeFiles/moveJ_action.dir/all] Error 2
gmake: *** [Makefile:146: all] Error 2
