[0.078s] Invoking command in '/home/harry/ur3e_ws/build/ur3e_ros_action_cpp': CMAKE_PREFIX_PATH=${CMAKE_PREFIX_PATH}:/home/harry/ur3e_ws/install/ur3e_ros_action:/home/harry/ur_ws/install/ur3e_ros_action:/opt/ros/iron /usr/bin/cmake --build /home/harry/ur3e_ws/build/ur3e_ros_action_cpp -- -j2 -l2
[0.390s] [ 50%] [32mBuilding CXX object CMakeFiles/moveJ_action.dir/src/moveJ_action.cpp.o[0m
[30.742s] In file included from [01m[K/home/harry/ur3e_ws/src/ur3e_ros_action_cpp/src/moveJ_action.cpp:6[m[K:
[30.743s] [01m[K/opt/ros/iron/include/moveit_ros_planning_interface/moveit/move_group_interface/move_group_interface_improved.h:157:84:[m[K [01;31m[Kerror: [m[Kno matching function for call to ‘[01m[Krclcpp::Duration::Duration(int)[m[K’
[30.743s]   157 |       const rclcpp::Duration& wait_for_servers = rclcpp::Duration(-1[01;31m[K)[m[K);
[30.743s]       |                                                                     [01;31m[K^[m[K
[30.743s] 
[30.757s] In file included from [01m[K/opt/ros/iron/include/rclcpp/rclcpp/time.hpp:24[m[K,
[30.757s]                  from [01m[K/opt/ros/iron/include/rclcpp/rclcpp/clock.hpp:24[m[K,
[30.758s]                  from [01m[K/opt/ros/iron/include/rclcpp/rclcpp/client.hpp:38[m[K,
[30.758s]                  from [01m[K/opt/ros/iron/include/rclcpp/rclcpp/callback_group.hpp:24[m[K,
[30.758s]                  from [01m[K/opt/ros/iron/include/rclcpp/rclcpp/node.hpp:40[m[K,
[30.758s]                  from [01m[K/opt/ros/iron/include/moveit_core/moveit/kinematics_base/kinematics_base.h:43[m[K,
[30.758s]                  from [01m[K/opt/ros/iron/include/moveit_core/moveit/robot_model/joint_model_group.h:42[m[K,
[30.759s]                  from [01m[K/opt/ros/iron/include/moveit_core/moveit/robot_model/robot_model.h:45[m[K,
[30.760s]                  from [01m[K/opt/ros/iron/include/moveit_core/moveit/robot_state/robot_state.h:40[m[K,
[30.760s]                  from [01m[K/opt/ros/iron/include/moveit_ros_planning_interface/moveit/move_group_interface/move_group_interface_improved.h:41[m[K,
[30.760s]                  from [01m[K/home/harry/ur3e_ws/src/ur3e_ros_action_cpp/src/moveJ_action.cpp:6[m[K:
[30.760s] [01m[K/opt/ros/iron/include/rclcpp/rclcpp/duration.hpp:48:3:[m[K [01;36m[Knote: [m[Kcandidate: ‘[01m[Ktemplate<class Rep, class Period> rclcpp::Duration::Duration(const std::chrono::duration<_Rep1, _Period1>&)[m[K’
[30.761s]    48 |   [01;36m[KDuration[m[K(const std::chrono::duration<Rep, Period> & duration)  // NOLINT(runtime/explicit)
[30.761s]       |   [01;36m[K^~~~~~~~[m[K
[30.761s] [01m[K/opt/ros/iron/include/rclcpp/rclcpp/duration.hpp:48:3:[m[K [01;36m[Knote: [m[K  template argument deduction/substitution failed:
[30.761s] In file included from [01m[K/home/harry/ur3e_ws/src/ur3e_ros_action_cpp/src/moveJ_action.cpp:6[m[K:
[30.763s] [01m[K/opt/ros/iron/include/moveit_ros_planning_interface/moveit/move_group_interface/move_group_interface_improved.h:157:84:[m[K [01;36m[Knote: [m[K  mismatched types ‘[01m[Kconst std::chrono::duration<_Rep1, _Period1>[m[K’ and ‘[01m[Kint[m[K’
[30.763s]   157 |       const rclcpp::Duration& wait_for_servers = rclcpp::Duration(-1[01;36m[K)[m[K);
[30.763s]       |                                                                     [01;36m[K^[m[K
[30.764s] 
[30.764s] In file included from [01m[K/opt/ros/iron/include/rclcpp/rclcpp/time.hpp:24[m[K,
[30.764s]                  from [01m[K/opt/ros/iron/include/rclcpp/rclcpp/clock.hpp:24[m[K,
[30.764s]                  from [01m[K/opt/ros/iron/include/rclcpp/rclcpp/client.hpp:38[m[K,
[30.774s]                  from [01m[K/opt/ros/iron/include/rclcpp/rclcpp/callback_group.hpp:24[m[K,
[30.775s]                  from [01m[K/opt/ros/iron/include/rclcpp/rclcpp/node.hpp:40[m[K,
[30.775s]                  from [01m[K/opt/ros/iron/include/moveit_core/moveit/kinematics_base/kinematics_base.h:43[m[K,
[30.775s]                  from [01m[K/opt/ros/iron/include/moveit_core/moveit/robot_model/joint_model_group.h:42[m[K,
[30.775s]                  from [01m[K/opt/ros/iron/include/moveit_core/moveit/robot_model/robot_model.h:45[m[K,
[30.776s]                  from [01m[K/opt/ros/iron/include/moveit_core/moveit/robot_state/robot_state.h:40[m[K,
[30.776s]                  from [01m[K/opt/ros/iron/include/moveit_ros_planning_interface/moveit/move_group_interface/move_group_interface_improved.h:41[m[K,
[30.777s]                  from [01m[K/home/harry/ur3e_ws/src/ur3e_ros_action_cpp/src/moveJ_action.cpp:6[m[K:
[30.777s] [01m[K/opt/ros/iron/include/rclcpp/rclcpp/duration.hpp:158:3:[m[K [01;36m[Knote: [m[Kcandidate: ‘[01m[Krclcpp::Duration::Duration()[m[K’
[30.777s]   158 |   [01;36m[KDuration[m[K() = default;
[30.777s]       |   [01;36m[K^~~~~~~~[m[K
[30.778s] [01m[K/opt/ros/iron/include/rclcpp/rclcpp/duration.hpp:158:3:[m[K [01;36m[Knote: [m[K  candidate expects 0 arguments, 1 provided
[30.778s] [01m[K/opt/ros/iron/include/rclcpp/rclcpp/duration.hpp:61:3:[m[K [01;36m[Knote: [m[Kcandidate: ‘[01m[Krclcpp::Duration::Duration(const rclcpp::Duration&)[m[K’
[30.778s]    61 |   [01;36m[KDuration[m[K(const Duration & rhs);
[30.778s]       |   [01;36m[K^~~~~~~~[m[K
[30.779s] [01m[K/opt/ros/iron/include/rclcpp/rclcpp/duration.hpp:61:29:[m[K [01;36m[Knote: [m[K  no known conversion for argument 1 from ‘[01m[Kint[m[K’ to ‘[01m[Kconst rclcpp::Duration&[m[K’
[30.779s]    61 |   Duration([01;36m[Kconst Duration & rhs[m[K);
[30.779s]       |            [01;36m[K~~~~~~~~~~~~~~~~~^~~[m[K
[30.779s] [01m[K/opt/ros/iron/include/rclcpp/rclcpp/duration.hpp:59:12:[m[K [01;36m[Knote: [m[Kcandidate: ‘[01m[Krclcpp::Duration::Duration(const rcl_duration_t&)[m[K’
[30.779s]    59 |   explicit [01;36m[KDuration[m[K(const rcl_duration_t & duration);
[30.786s]       |            [01;36m[K^~~~~~~~[m[K
[30.787s] [01m[K/opt/ros/iron/include/rclcpp/rclcpp/duration.hpp:59:44:[m[K [01;36m[Knote: [m[K  no known conversion for argument 1 from ‘[01m[Kint[m[K’ to ‘[01m[Kconst rcl_duration_t&[m[K’ {aka ‘[01m[Kconst rcl_duration_s&[m[K’}
[30.788s]    59 |   explicit Duration([01;36m[Kconst rcl_duration_t & duration[m[K);
[30.788s]       |                     [01;36m[K~~~~~~~~~~~~~~~~~~~~~~~^~~~~~~~[m[K
[30.788s] [01m[K/opt/ros/iron/include/rclcpp/rclcpp/duration.hpp:53:3:[m[K [01;36m[Knote: [m[Kcandidate: ‘[01m[Krclcpp::Duration::Duration(const Duration&)[m[K’
[30.788s]    53 |   [01;36m[KDuration[m[K(const builtin_interfaces::msg::Duration & duration_msg);  // NOLINT(runtime/explicit)
[30.789s]       |   [01;36m[K^~~~~~~~[m[K
[30.789s] [01m[K/opt/ros/iron/include/rclcpp/rclcpp/duration.hpp:53:54:[m[K [01;36m[Knote: [m[K  no known conversion for argument 1 from ‘[01m[Kint[m[K’ to ‘[01m[Kconst Duration&[m[K’ {aka ‘[01m[Kconst builtin_interfaces::msg::Duration_<std::allocator<void> >&[m[K’}
[30.789s]    53 |   Duration([01;36m[Kconst builtin_interfaces::msg::Duration & duration_msg[m[K);  // NOLINT(runtime/explicit)
[30.789s]       |            [01;36m[K~~~~~~~~~~~~~~~~~~~~~~~~~~~~~~~~~~~~~~~~~~^~~~~~~~~~~~[m[K
[30.789s] [01m[K/opt/ros/iron/include/rclcpp/rclcpp/duration.hpp:42:12:[m[K [01;36m[Knote: [m[Kcandidate: ‘[01m[Krclcpp::Duration::Duration(std::chrono::nanoseconds)[m[K’
[30.790s]    42 |   explicit [01;36m[KDuration[m[K(std::chrono::nanoseconds nanoseconds);
[30.790s]       |            [01;36m[K^~~~~~~~[m[K
[30.790s] [01m[K/opt/ros/iron/include/rclcpp/rclcpp/duration.hpp:42:46:[m[K [01;36m[Knote: [m[K  no known conversion for argument 1 from ‘[01m[Kint[m[K’ to ‘[01m[Kstd::chrono::nanoseconds[m[K’ {aka ‘[01m[Kstd::chrono::duration<long int, std::ratio<1, 1000000000> >[m[K’}
[30.790s]    42 |   explicit Duration([01;36m[Kstd::chrono::nanoseconds nanoseconds[m[K);
[30.791s]       |                     [01;36m[K~~~~~~~~~~~~~~~~~~~~~~~~~^~~~~~~~~~~[m[K
[30.791s] [01m[K/opt/ros/iron/include/rclcpp/rclcpp/duration.hpp:39:3:[m[K [01;36m[Knote: [m[Kcandidate: ‘[01m[Krclcpp::Duration::Duration(int32_t, uint32_t)[m[K’
[30.791s]    39 |   [01;36m[KDuration[m[K(int32_t seconds, uint32_t nanoseconds);
[30.792s]       |   [01;36m[K^~~~~~~~[m[K
[30.792s] [01m[K/opt/ros/iron/include/rclcpp/rclcpp/duration.hpp:39:3:[m[K [01;36m[Knote: [m[K  candidate expects 2 arguments, 1 provided
[30.792s] In file included from [01m[K/home/harry/ur3e_ws/src/ur3e_ros_action_cpp/src/moveJ_action.cpp:6[m[K:
[30.793s] [01m[K/opt/ros/iron/include/moveit_ros_planning_interface/moveit/move_group_interface/move_group_interface_improved.h:168:84:[m[K [01;31m[Kerror: [m[Kno matching function for call to ‘[01m[Krclcpp::Duration::Duration(int)[m[K’
[30.793s]   168 |       const rclcpp::Duration& wait_for_servers = rclcpp::Duration(-1[01;31m[K)[m[K);
[30.793s]       |                                                                     [01;31m[K^[m[K
[30.793s] 
[30.793s] In file included from [01m[K/opt/ros/iron/include/rclcpp/rclcpp/time.hpp:24[m[K,
[30.794s]                  from [01m[K/opt/ros/iron/include/rclcpp/rclcpp/clock.hpp:24[m[K,
[30.794s]                  from [01m[K/opt/ros/iron/include/rclcpp/rclcpp/client.hpp:38[m[K,
[30.794s]                  from [01m[K/opt/ros/iron/include/rclcpp/rclcpp/callback_group.hpp:24[m[K,
[30.794s]                  from [01m[K/opt/ros/iron/include/rclcpp/rclcpp/node.hpp:40[m[K,
[30.794s]                  from [01m[K/opt/ros/iron/include/moveit_core/moveit/kinematics_base/kinematics_base.h:43[m[K,
[30.806s]                  from [01m[K/opt/ros/iron/include/moveit_core/moveit/robot_model/joint_model_group.h:42[m[K,
[30.806s]                  from [01m[K/opt/ros/iron/include/moveit_core/moveit/robot_model/robot_model.h:45[m[K,
[30.806s]                  from [01m[K/opt/ros/iron/include/moveit_core/moveit/robot_state/robot_state.h:40[m[K,
[30.806s]                  from [01m[K/opt/ros/iron/include/moveit_ros_planning_interface/moveit/move_group_interface/move_group_interface_improved.h:41[m[K,
[30.806s]                  from [01m[K/home/harry/ur3e_ws/src/ur3e_ros_action_cpp/src/moveJ_action.cpp:6[m[K:
[30.807s] [01m[K/opt/ros/iron/include/rclcpp/rclcpp/duration.hpp:48:3:[m[K [01;36m[Knote: [m[Kcandidate: ‘[01m[Ktemplate<class Rep, class Period> rclcpp::Duration::Duration(const std::chrono::duration<_Rep1, _Period1>&)[m[K’
[30.807s]    48 |   [01;36m[KDuration[m[K(const std::chrono::duration<Rep, Period> & duration)  // NOLINT(runtime/explicit)
[30.808s]       |   [01;36m[K^~~~~~~~[m[K
[30.808s] [01m[K/opt/ros/iron/include/rclcpp/rclcpp/duration.hpp:48:3:[m[K [01;36m[Knote: [m[K  template argument deduction/substitution failed:
[30.808s] In file included from [01m[K/home/harry/ur3e_ws/src/ur3e_ros_action_cpp/src/moveJ_action.cpp:6[m[K:
[30.808s] [01m[K/opt/ros/iron/include/moveit_ros_planning_interface/moveit/move_group_interface/move_group_interface_improved.h:168:84:[m[K [01;36m[Knote: [m[K  mismatched types ‘[01m[Kconst std::chrono::duration<_Rep1, _Period1>[m[K’ and ‘[01m[Kint[m[K’
[30.809s]   168 |       const rclcpp::Duration& wait_for_servers = rclcpp::Duration(-1[01;36m[K)[m[K);
[30.809s]       |                                                                     [01;36m[K^[m[K
[30.809s] 
[30.809s] In file included from [01m[K/opt/ros/iron/include/rclcpp/rclcpp/time.hpp:24[m[K,
[30.809s]                  from [01m[K/opt/ros/iron/include/rclcpp/rclcpp/clock.hpp:24[m[K,
[30.810s]                  from [01m[K/opt/ros/iron/include/rclcpp/rclcpp/client.hpp:38[m[K,
[30.810s]                  from [01m[K/opt/ros/iron/include/rclcpp/rclcpp/callback_group.hpp:24[m[K,
[30.810s]                  from [01m[K/opt/ros/iron/include/rclcpp/rclcpp/node.hpp:40[m[K,
[30.811s]                  from [01m[K/opt/ros/iron/include/moveit_core/moveit/kinematics_base/kinematics_base.h:43[m[K,
[30.811s]                  from [01m[K/opt/ros/iron/include/moveit_core/moveit/robot_model/joint_model_group.h:42[m[K,
[30.811s]                  from [01m[K/opt/ros/iron/include/moveit_core/moveit/robot_model/robot_model.h:45[m[K,
[30.811s]                  from [01m[K/opt/ros/iron/include/moveit_core/moveit/robot_state/robot_state.h:40[m[K,
[30.812s]                  from [01m[K/opt/ros/iron/include/moveit_ros_planning_interface/moveit/move_group_interface/move_group_interface_improved.h:41[m[K,
[30.812s]                  from [01m[K/home/harry/ur3e_ws/src/ur3e_ros_action_cpp/src/moveJ_action.cpp:6[m[K:
[30.812s] [01m[K/opt/ros/iron/include/rclcpp/rclcpp/duration.hpp:158:3:[m[K [01;36m[Knote: [m[Kcandidate: ‘[01m[Krclcpp::Duration::Duration()[m[K’
[30.824s]   158 |   [01;36m[KDuration[m[K() = default;
[30.824s]       |   [01;36m[K^~~~~~~~[m[K
[30.824s] [01m[K/opt/ros/iron/include/rclcpp/rclcpp/duration.hpp:158:3:[m[K [01;36m[Knote: [m[K  candidate expects 0 arguments, 1 provided
[30.824s] [01m[K/opt/ros/iron/include/rclcpp/rclcpp/duration.hpp:61:3:[m[K [01;36m[Knote: [m[Kcandidate: ‘[01m[Krclcpp::Duration::Duration(const rclcpp::Duration&)[m[K’
[30.825s]    61 |   [01;36m[KDuration[m[K(const Duration & rhs);
[30.825s]       |   [01;36m[K^~~~~~~~[m[K
[30.825s] [01m[K/opt/ros/iron/include/rclcpp/rclcpp/duration.hpp:61:29:[m[K [01;36m[Knote: [m[K  no known conversion for argument 1 from ‘[01m[Kint[m[K’ to ‘[01m[Kconst rclcpp::Duration&[m[K’
[30.825s]    61 |   Duration([01;36m[Kconst Duration & rhs[m[K);
[30.826s]       |            [01;36m[K~~~~~~~~~~~~~~~~~^~~[m[K
[30.826s] [01m[K/opt/ros/iron/include/rclcpp/rclcpp/duration.hpp:59:12:[m[K [01;36m[Knote: [m[Kcandidate: ‘[01m[Krclcpp::Duration::Duration(const rcl_duration_t&)[m[K’
[30.826s]    59 |   explicit [01;36m[KDuration[m[K(const rcl_duration_t & duration);
[30.826s]       |            [01;36m[K^~~~~~~~[m[K
[30.826s] [01m[K/opt/ros/iron/include/rclcpp/rclcpp/duration.hpp:59:44:[m[K [01;36m[Knote: [m[K  no known conversion for argument 1 from ‘[01m[Kint[m[K’ to ‘[01m[Kconst rcl_duration_t&[m[K’ {aka ‘[01m[Kconst rcl_duration_s&[m[K’}
[30.827s]    59 |   explicit Duration([01;36m[Kconst rcl_duration_t & duration[m[K);
[30.827s]       |                     [01;36m[K~~~~~~~~~~~~~~~~~~~~~~~^~~~~~~~[m[K
[30.827s] [01m[K/opt/ros/iron/include/rclcpp/rclcpp/duration.hpp:53:3:[m[K [01;36m[Knote: [m[Kcandidate: ‘[01m[Krclcpp::Duration::Duration(const Duration&)[m[K’
[30.827s]    53 |   [01;36m[KDuration[m[K(const builtin_interfaces::msg::Duration & duration_msg);  // NOLINT(runtime/explicit)
[30.827s]       |   [01;36m[K^~~~~~~~[m[K
[30.828s] [01m[K/opt/ros/iron/include/rclcpp/rclcpp/duration.hpp:53:54:[m[K [01;36m[Knote: [m[K  no known conversion for argument 1 from ‘[01m[Kint[m[K’ to ‘[01m[Kconst Duration&[m[K’ {aka ‘[01m[Kconst builtin_interfaces::msg::Duration_<std::allocator<void> >&[m[K’}
[30.828s]    53 |   Duration([01;36m[Kconst builtin_interfaces::msg::Duration & duration_msg[m[K);  // NOLINT(runtime/explicit)
[30.838s]       |            [01;36m[K~~~~~~~~~~~~~~~~~~~~~~~~~~~~~~~~~~~~~~~~~~^~~~~~~~~~~~[m[K
[30.838s] [01m[K/opt/ros/iron/include/rclcpp/rclcpp/duration.hpp:42:12:[m[K [01;36m[Knote: [m[Kcandidate: ‘[01m[Krclcpp::Duration::Duration(std::chrono::nanoseconds)[m[K’
[30.838s]    42 |   explicit [01;36m[KDuration[m[K(std::chrono::nanoseconds nanoseconds);
[30.838s]       |            [01;36m[K^~~~~~~~[m[K
[30.838s] [01m[K/opt/ros/iron/include/rclcpp/rclcpp/duration.hpp:42:46:[m[K [01;36m[Knote: [m[K  no known conversion for argument 1 from ‘[01m[Kint[m[K’ to ‘[01m[Kstd::chrono::nanoseconds[m[K’ {aka ‘[01m[Kstd::chrono::duration<long int, std::ratio<1, 1000000000> >[m[K’}
[30.838s]    42 |   explicit Duration([01;36m[Kstd::chrono::nanoseconds nanoseconds[m[K);
[30.838s]       |                     [01;36m[K~~~~~~~~~~~~~~~~~~~~~~~~~^~~~~~~~~~~[m[K
[30.839s] [01m[K/opt/ros/iron/include/rclcpp/rclcpp/duration.hpp:39:3:[m[K [01;36m[Knote: [m[Kcandidate: ‘[01m[Krclcpp::Duration::Duration(int32_t, uint32_t)[m[K’
[30.839s]    39 |   [01;36m[KDuration[m[K(int32_t seconds, uint32_t nanoseconds);
[30.839s]       |   [01;36m[K^~~~~~~~[m[K
[30.839s] [01m[K/opt/ros/iron/include/rclcpp/rclcpp/duration.hpp:39:3:[m[K [01;36m[Knote: [m[K  candidate expects 2 arguments, 1 provided
[46.367s] gmake[2]: *** [CMakeFiles/moveJ_action.dir/build.make:76: CMakeFiles/moveJ_action.dir/src/moveJ_action.cpp.o] Error 1
[46.367s] gmake[1]: *** [CMakeFiles/Makefile2:137: CMakeFiles/moveJ_action.dir/all] Error 2
[46.368s] gmake: *** [Makefile:146: all] Error 2
[46.373s] Invoked command in '/home/harry/ur3e_ws/build/ur3e_ros_action_cpp' returned '2': CMAKE_PREFIX_PATH=${CMAKE_PREFIX_PATH}:/home/harry/ur3e_ws/install/ur3e_ros_action:/home/harry/ur_ws/install/ur3e_ros_action:/opt/ros/iron /usr/bin/cmake --build /home/harry/ur3e_ws/build/ur3e_ros_action_cpp -- -j2 -l2
