[0.012s] Invoking command in '/home/harry/ur3e_ws/build/ur3e_gazebo_sim': CMAKE_PREFIX_PATH=${CMAKE_PREFIX_PATH}:/home/harry/ur3e_ws/install/ur3e_ros_action:/opt/ros/iron /usr/bin/cmake /home/harry/ur3e_ws/src/ur3e_gazebo_sim -DCMAKE_INSTALL_PREFIX=/home/harry/ur3e_ws/install/ur3e_gazebo_sim
[0.199s] -- The C compiler identification is GNU 11.4.0
[0.199s] -- The CXX compiler identification is GNU 11.4.0
[0.199s] -- Detecting C compiler ABI info
[0.199s] -- Detecting C compiler ABI info - done
[0.199s] -- Check for working C compiler: /usr/bin/cc - skipped
[0.199s] -- Detecting C compile features
[0.200s] -- Detecting C compile features - done
[0.200s] -- Detecting CXX compiler ABI info
[0.204s] -- Detecting CXX compiler ABI info - done
[0.210s] -- Check for working CXX compiler: /usr/bin/c++ - skipped
[0.210s] -- Detecting CXX compile features
[0.211s] -- Detecting CXX compile features - done
[0.213s] -- Found ament_cmake: 2.0.4 (/opt/ros/iron/share/ament_cmake/cmake)
[0.330s] -- Found Python3: /usr/bin/python3.10 (found version "3.10.12") found components: Interpreter 
[0.420s] -- Found ament_lint_auto: 0.14.3 (/opt/ros/iron/share/ament_lint_auto/cmake)
[0.482s] -- Added test 'flake8' to check Python code syntax and style conventions
[0.482s] -- Configured 'flake8' exclude dirs and/or files: 
[0.483s] -- Added test 'lint_cmake' to check CMake code style
[0.484s] -- Added test 'pep257' to check Python code against some of the docstring style conventions in PEP 257
[0.485s] -- Added test 'xmllint' to check XML markup files
[0.486s] -- Configuring done
[0.489s] -- Generating done
[0.490s] -- Build files have been written to: /home/harry/ur3e_ws/build/ur3e_gazebo_sim
[0.494s] Invoked command in '/home/harry/ur3e_ws/build/ur3e_gazebo_sim' returned '0': CMAKE_PREFIX_PATH=${CMAKE_PREFIX_PATH}:/home/harry/ur3e_ws/install/ur3e_ros_action:/opt/ros/iron /usr/bin/cmake /home/harry/ur3e_ws/src/ur3e_gazebo_sim -DCMAKE_INSTALL_PREFIX=/home/harry/ur3e_ws/install/ur3e_gazebo_sim
[0.495s] Invoking command in '/home/harry/ur3e_ws/build/ur3e_gazebo_sim': CMAKE_PREFIX_PATH=${CMAKE_PREFIX_PATH}:/home/harry/ur3e_ws/install/ur3e_ros_action:/opt/ros/iron /usr/bin/cmake --build /home/harry/ur3e_ws/build/ur3e_gazebo_sim -- -j8 -l8
[0.521s] Invoked command in '/home/harry/ur3e_ws/build/ur3e_gazebo_sim' returned '0': CMAKE_PREFIX_PATH=${CMAKE_PREFIX_PATH}:/home/harry/ur3e_ws/install/ur3e_ros_action:/opt/ros/iron /usr/bin/cmake --build /home/harry/ur3e_ws/build/ur3e_gazebo_sim -- -j8 -l8
[0.543s] Invoking command in '/home/harry/ur3e_ws/build/ur3e_gazebo_sim': CMAKE_PREFIX_PATH=${CMAKE_PREFIX_PATH}:/home/harry/ur3e_ws/install/ur3e_ros_action:/opt/ros/iron /usr/bin/cmake --install /home/harry/ur3e_ws/build/ur3e_gazebo_sim
[0.548s] -- Install configuration: ""
[0.548s] -- Up-to-date: /home/harry/ur3e_ws/install/ur3e_gazebo_sim/share/ur3e_gazebo_sim/config
[0.549s] -- Up-to-date: /home/harry/ur3e_ws/install/ur3e_gazebo_sim/share/ur3e_gazebo_sim/config/initial_positions.yaml
[0.549s] -- Up-to-date: /home/harry/ur3e_ws/install/ur3e_gazebo_sim/share/ur3e_gazebo_sim/config/visual_parameters.yaml
[0.549s] -- Up-to-date: /home/harry/ur3e_ws/install/ur3e_gazebo_sim/share/ur3e_gazebo_sim/config/default_kinematics.yaml
[0.549s] -- Up-to-date: /home/harry/ur3e_ws/install/ur3e_gazebo_sim/share/ur3e_gazebo_sim/config/ur3e_controller.yaml
[0.549s] -- Up-to-date: /home/harry/ur3e_ws/install/ur3e_gazebo_sim/share/ur3e_gazebo_sim/config/physical_parameters.yaml
[0.549s] -- Up-to-date: /home/harry/ur3e_ws/install/ur3e_gazebo_sim/share/ur3e_gazebo_sim/config/joint_limits.yaml
[0.549s] -- Up-to-date: /home/harry/ur3e_ws/install/ur3e_gazebo_sim/share/ur3e_gazebo_sim/launch
[0.549s] -- Up-to-date: /home/harry/ur3e_ws/install/ur3e_gazebo_sim/share/ur3e_gazebo_sim/launch/ur3e_sim.launch.py
[0.549s] -- Up-to-date: /home/harry/ur3e_ws/install/ur3e_gazebo_sim/share/ur3e_gazebo_sim/urdf
[0.549s] -- Up-to-date: /home/harry/ur3e_ws/install/ur3e_gazebo_sim/share/ur3e_gazebo_sim/urdf/temp.xacro
[0.549s] -- Up-to-date: /home/harry/ur3e_ws/install/ur3e_gazebo_sim/share/ur3e_gazebo_sim/urdf/ur3e_common.xacro
[0.549s] -- Up-to-date: /home/harry/ur3e_ws/install/ur3e_gazebo_sim/share/ur3e_gazebo_sim/urdf/ur3e_ros2_control.xacro
[0.549s] -- Up-to-date: /home/harry/ur3e_ws/install/ur3e_gazebo_sim/share/ur3e_gazebo_sim/urdf/ur3e_macro.urdf.xacro
[0.550s] -- Up-to-date: /home/harry/ur3e_ws/install/ur3e_gazebo_sim/share/ur3e_gazebo_sim/urdf/ur3e_transmission.xacro
[0.550s] -- Up-to-date: /home/harry/ur3e_ws/install/ur3e_gazebo_sim/share/ur3e_gazebo_sim/urdf/ur3e.urdf.xacro
[0.550s] -- Up-to-date: /home/harry/ur3e_ws/install/ur3e_gazebo_sim/share/ur3e_gazebo_sim/worlds
[0.550s] -- Up-to-date: /home/harry/ur3e_ws/install/ur3e_gazebo_sim/share/ur3e_gazebo_sim/worlds/ur3e.world
[0.550s] -- Up-to-date: /home/harry/ur3e_ws/install/ur3e_gazebo_sim/share/ur3e_gazebo_sim/worlds/ur3e_2.world
[0.550s] -- Up-to-date: /home/harry/ur3e_ws/install/ur3e_gazebo_sim/share/ur3e_gazebo_sim/meshes
[0.550s] -- Up-to-date: /home/harry/ur3e_ws/install/ur3e_gazebo_sim/share/ur3e_gazebo_sim/meshes/visual
[0.550s] -- Up-to-date: /home/harry/ur3e_ws/install/ur3e_gazebo_sim/share/ur3e_gazebo_sim/meshes/visual/wrist2.dae
[0.550s] -- Up-to-date: /home/harry/ur3e_ws/install/ur3e_gazebo_sim/share/ur3e_gazebo_sim/meshes/visual/wrist3.dae
[0.550s] -- Up-to-date: /home/harry/ur3e_ws/install/ur3e_gazebo_sim/share/ur3e_gazebo_sim/meshes/visual/base.dae
[0.550s] -- Up-to-date: /home/harry/ur3e_ws/install/ur3e_gazebo_sim/share/ur3e_gazebo_sim/meshes/visual/wrist1.dae
[0.550s] -- Up-to-date: /home/harry/ur3e_ws/install/ur3e_gazebo_sim/share/ur3e_gazebo_sim/meshes/visual/shoulder.dae
[0.551s] -- Up-to-date: /home/harry/ur3e_ws/install/ur3e_gazebo_sim/share/ur3e_gazebo_sim/meshes/visual/forearm.dae
[0.551s] -- Up-to-date: /home/harry/ur3e_ws/install/ur3e_gazebo_sim/share/ur3e_gazebo_sim/meshes/visual/upperarm.dae
[0.551s] -- Up-to-date: /home/harry/ur3e_ws/install/ur3e_gazebo_sim/share/ur3e_gazebo_sim/meshes/collision
[0.551s] -- Up-to-date: /home/harry/ur3e_ws/install/ur3e_gazebo_sim/share/ur3e_gazebo_sim/meshes/collision/upperarm.stl
[0.552s] -- Up-to-date: /home/harry/ur3e_ws/install/ur3e_gazebo_sim/share/ur3e_gazebo_sim/meshes/collision/base.stl
[0.552s] -- Up-to-date: /home/harry/ur3e_ws/install/ur3e_gazebo_sim/share/ur3e_gazebo_sim/meshes/collision/wrist2.stl
[0.552s] -- Up-to-date: /home/harry/ur3e_ws/install/ur3e_gazebo_sim/share/ur3e_gazebo_sim/meshes/collision/wrist1.stl
[0.552s] -- Up-to-date: /home/harry/ur3e_ws/install/ur3e_gazebo_sim/share/ur3e_gazebo_sim/meshes/collision/wrist3.stl
[0.552s] -- Up-to-date: /home/harry/ur3e_ws/install/ur3e_gazebo_sim/share/ur3e_gazebo_sim/meshes/collision/shoulder.stl
[0.552s] -- Up-to-date: /home/harry/ur3e_ws/install/ur3e_gazebo_sim/share/ur3e_gazebo_sim/meshes/collision/forearm.stl
[0.552s] -- Installing: /home/harry/ur3e_ws/install/ur3e_gazebo_sim/share/ament_index/resource_index/package_run_dependencies/ur3e_gazebo_sim
[0.552s] -- Installing: /home/harry/ur3e_ws/install/ur3e_gazebo_sim/share/ament_index/resource_index/parent_prefix_path/ur3e_gazebo_sim
[0.552s] -- Up-to-date: /home/harry/ur3e_ws/install/ur3e_gazebo_sim/share/ur3e_gazebo_sim/environment/ament_prefix_path.sh
[0.552s] -- Installing: /home/harry/ur3e_ws/install/ur3e_gazebo_sim/share/ur3e_gazebo_sim/environment/ament_prefix_path.dsv
[0.552s] -- Up-to-date: /home/harry/ur3e_ws/install/ur3e_gazebo_sim/share/ur3e_gazebo_sim/environment/path.sh
[0.552s] -- Installing: /home/harry/ur3e_ws/install/ur3e_gazebo_sim/share/ur3e_gazebo_sim/environment/path.dsv
[0.552s] -- Installing: /home/harry/ur3e_ws/install/ur3e_gazebo_sim/share/ur3e_gazebo_sim/local_setup.bash
[0.552s] -- Installing: /home/harry/ur3e_ws/install/ur3e_gazebo_sim/share/ur3e_gazebo_sim/local_setup.sh
[0.553s] -- Installing: /home/harry/ur3e_ws/install/ur3e_gazebo_sim/share/ur3e_gazebo_sim/local_setup.zsh
[0.553s] -- Installing: /home/harry/ur3e_ws/install/ur3e_gazebo_sim/share/ur3e_gazebo_sim/local_setup.dsv
[0.553s] -- Installing: /home/harry/ur3e_ws/install/ur3e_gazebo_sim/share/ur3e_gazebo_sim/package.dsv
[0.553s] -- Installing: /home/harry/ur3e_ws/install/ur3e_gazebo_sim/share/ament_index/resource_index/packages/ur3e_gazebo_sim
[0.553s] -- Installing: /home/harry/ur3e_ws/install/ur3e_gazebo_sim/share/ur3e_gazebo_sim/cmake/ur3e_gazebo_simConfig.cmake
[0.553s] -- Installing: /home/harry/ur3e_ws/install/ur3e_gazebo_sim/share/ur3e_gazebo_sim/cmake/ur3e_gazebo_simConfig-version.cmake
[0.553s] -- Up-to-date: /home/harry/ur3e_ws/install/ur3e_gazebo_sim/share/ur3e_gazebo_sim/package.xml
[0.553s] Invoked command in '/home/harry/ur3e_ws/build/ur3e_gazebo_sim' returned '0': CMAKE_PREFIX_PATH=${CMAKE_PREFIX_PATH}:/home/harry/ur3e_ws/install/ur3e_ros_action:/opt/ros/iron /usr/bin/cmake --install /home/harry/ur3e_ws/build/ur3e_gazebo_sim
