[0.006s] Invoking command in '/home/harry/ur3e_ws/build/ur_controllers': AMENT_PREFIX_PATH=/home/harry/ur3e_ws/install/ur_dashboard_msgs:${AMENT_PREFIX_PATH} CMAKE_PREFIX_PATH=/home/harry/ur3e_ws/install/ur_dashboard_msgs:/home/harry/ur3e_ws/install/ur_description:/home/harry/ur3e_ws/install/ur3e_ros_action_cpp:/home/harry/ur3e_ws/install/ur3e_moveit:/home/harry/ur3e_ws/install/ur3e_ros_data:/home/harry/ur3e_ws/install/ur3e_gazebo_sim:/home/harry/ur3e_ws/install/ur3e_ros_action:/opt/ros/iron LD_LIBRARY_PATH=/home/harry/ur3e_ws/install/ur_dashboard_msgs/lib:${LD_LIBRARY_PATH} PYTHONPATH=/home/harry/ur3e_ws/install/ur_dashboard_msgs/lib/python3.10/site-packages:${PYTHONPATH} /usr/bin/cmake /home/harry/ur3e_ws/src/ur_robot_driver/Universal_Robots_ROS2_Driver/ur_controllers -DCMAKE_INSTALL_PREFIX=/home/harry/ur3e_ws/install/ur_controllers
[0.046s] -- The C compiler identification is GNU 11.4.0
[0.086s] -- The CXX compiler identification is GNU 11.4.0
[0.091s] -- Detecting C compiler ABI info
[0.137s] -- Detecting C compiler ABI info - done
[0.142s] -- Check for working C compiler: /usr/bin/cc - skipped
[0.142s] -- Detecting C compile features
[0.142s] -- Detecting C compile features - done
[0.145s] -- Detecting CXX compiler ABI info
[0.197s] -- Detecting CXX compiler ABI info - done
[0.202s] -- Check for working CXX compiler: /usr/bin/c++ - skipped
[0.202s] -- Detecting CXX compile features
[0.203s] -- Detecting CXX compile features - done
[0.204s] -- Found ament_cmake: 2.0.4 (/opt/ros/iron/share/ament_cmake/cmake)
[0.321s] -- Found Python3: /usr/bin/python3.10 (found version "3.10.12") found components: Interpreter 
[0.378s] -- Found angles: 1.16.0 (/opt/ros/iron/share/angles/cmake)
[0.382s] -- Found controller_interface: 3.24.0 (/opt/ros/iron/share/controller_interface/cmake)
[0.412s] -- Found rosidl_generator_c: 4.0.1 (/opt/ros/iron/share/rosidl_generator_c/cmake)
[0.420s] -- Found rosidl_generator_cpp: 4.0.1 (/opt/ros/iron/share/rosidl_generator_cpp/cmake)
[0.431s] -- Using all available rosidl_typesupport_c: rosidl_typesupport_fastrtps_c;rosidl_typesupport_introspection_c
[0.445s] -- Using all available rosidl_typesupport_cpp: rosidl_typesupport_fastrtps_cpp;rosidl_typesupport_introspection_cpp
[0.971s] -- Found rmw_implementation_cmake: 7.1.0 (/opt/ros/iron/share/rmw_implementation_cmake/cmake)
[0.972s] -- Found rmw_fastrtps_cpp: 7.1.3 (/opt/ros/iron/share/rmw_fastrtps_cpp/cmake)
[1.001s] -- Found TinyXML2 via Config file: TinyXML2_DIR-NOTFOUND
[1.037s] -- Found OpenSSL: /usr/lib/x86_64-linux-gnu/libcrypto.so (found version "3.0.2")  
[1.039s] -- Found TinyXML2 via Config file: TinyXML2_DIR-NOTFOUND
[1.048s] -- Found FastRTPS: /opt/ros/iron/include  
[1.052s] -- Found TinyXML2 via Config file: TinyXML2_DIR-NOTFOUND
[1.058s] -- Found TinyXML2 via Config file: TinyXML2_DIR-NOTFOUND
[1.064s] -- Using RMW implementation 'rmw_fastrtps_cpp' as default
[1.239s] -- Found joint_trajectory_controller: 3.22.0 (/opt/ros/iron/share/joint_trajectory_controller/cmake)
[1.409s] -- Found parameter_traits: 0.3.7 (/opt/ros/iron/share/parameter_traits/cmake)
[1.484s] -- Found std_srvs: 5.0.0 (/opt/ros/iron/share/std_srvs/cmake)
[1.514s] -- Found ur_dashboard_msgs: 2.4.4 (/home/harry/ur3e_ws/install/ur_dashboard_msgs/share/ur_dashboard_msgs/cmake)
[1.620s] [31mCMake Error at CMakeLists.txt:20 (find_package):
[1.620s]   By not providing "Findur_msgs.cmake" in CMAKE_MODULE_PATH this project has
[1.620s]   asked CMake to find a package configuration file provided by "ur_msgs", but
[1.620s]   CMake did not find one.
[1.620s] 
[1.620s]   Could not find a package configuration file provided by "ur_msgs" with any
[1.620s]   of the following names:
[1.620s] 
[1.620s]     ur_msgsConfig.cmake
[1.620s]     ur_msgs-config.cmake
[1.621s] 
[1.621s]   Add the installation prefix of "ur_msgs" to CMAKE_PREFIX_PATH or set
[1.621s]   "ur_msgs_DIR" to a directory containing one of the above files.  If
[1.621s]   "ur_msgs" provides a separate development package or SDK, be sure it has
[1.621s]   been installed.
[1.621s] 
[1.621s] [0m
[1.621s] -- Configuring incomplete, errors occurred!
[1.621s] See also "/home/harry/ur3e_ws/build/ur_controllers/CMakeFiles/CMakeOutput.log".
[1.628s] Invoked command in '/home/harry/ur3e_ws/build/ur_controllers' returned '1': AMENT_PREFIX_PATH=/home/harry/ur3e_ws/install/ur_dashboard_msgs:${AMENT_PREFIX_PATH} CMAKE_PREFIX_PATH=/home/harry/ur3e_ws/install/ur_dashboard_msgs:/home/harry/ur3e_ws/install/ur_description:/home/harry/ur3e_ws/install/ur3e_ros_action_cpp:/home/harry/ur3e_ws/install/ur3e_moveit:/home/harry/ur3e_ws/install/ur3e_ros_data:/home/harry/ur3e_ws/install/ur3e_gazebo_sim:/home/harry/ur3e_ws/install/ur3e_ros_action:/opt/ros/iron LD_LIBRARY_PATH=/home/harry/ur3e_ws/install/ur_dashboard_msgs/lib:${LD_LIBRARY_PATH} PYTHONPATH=/home/harry/ur3e_ws/install/ur_dashboard_msgs/lib/python3.10/site-packages:${PYTHONPATH} /usr/bin/cmake /home/harry/ur3e_ws/src/ur_robot_driver/Universal_Robots_ROS2_Driver/ur_controllers -DCMAKE_INSTALL_PREFIX=/home/harry/ur3e_ws/install/ur_controllers
