[0.019s] Invoking command in '/home/harry/ur3e_ws/src/build/ur3e_moveit_config': CMAKE_PREFIX_PATH=${CMAKE_PREFIX_PATH}:/home/harry/ur3e_ws/src/install/ur3e_ros_action:/home/harry/ur3e_ws/install/ur3e_ros_action:/opt/ros/iron /usr/bin/cmake --build /home/harry/ur3e_ws/src/build/ur3e_moveit_config -- -j8 -l8
[0.216s] Invoked command in '/home/harry/ur3e_ws/src/build/ur3e_moveit_config' returned '0': CMAKE_PREFIX_PATH=${CMAKE_PREFIX_PATH}:/home/harry/ur3e_ws/src/install/ur3e_ros_action:/home/harry/ur3e_ws/install/ur3e_ros_action:/opt/ros/iron /usr/bin/cmake --build /home/harry/ur3e_ws/src/build/ur3e_moveit_config -- -j8 -l8
[0.239s] Invoking command in '/home/harry/ur3e_ws/src/build/ur3e_moveit_config': CMAKE_PREFIX_PATH=${CMAKE_PREFIX_PATH}:/home/harry/ur3e_ws/src/install/ur3e_ros_action:/home/harry/ur3e_ws/install/ur3e_ros_action:/opt/ros/iron /usr/bin/cmake --install /home/harry/ur3e_ws/src/build/ur3e_moveit_config
[0.247s] -- Install configuration: ""
[0.247s] -- Up-to-date: /home/harry/ur3e_ws/src/install/ur3e_moveit_config/share/ament_index/resource_index/package_run_dependencies/ur3e_moveit_config
[0.247s] -- Up-to-date: /home/harry/ur3e_ws/src/install/ur3e_moveit_config/share/ament_index/resource_index/parent_prefix_path/ur3e_moveit_config
[0.247s] -- Up-to-date: /home/harry/ur3e_ws/src/install/ur3e_moveit_config/share/ur3e_moveit_config/environment/ament_prefix_path.sh
[0.247s] -- Up-to-date: /home/harry/ur3e_ws/src/install/ur3e_moveit_config/share/ur3e_moveit_config/environment/ament_prefix_path.dsv
[0.248s] -- Up-to-date: /home/harry/ur3e_ws/src/install/ur3e_moveit_config/share/ur3e_moveit_config/environment/path.sh
[0.248s] -- Up-to-date: /home/harry/ur3e_ws/src/install/ur3e_moveit_config/share/ur3e_moveit_config/environment/path.dsv
[0.248s] -- Up-to-date: /home/harry/ur3e_ws/src/install/ur3e_moveit_config/share/ur3e_moveit_config/local_setup.bash
[0.248s] -- Up-to-date: /home/harry/ur3e_ws/src/install/ur3e_moveit_config/share/ur3e_moveit_config/local_setup.sh
[0.248s] -- Up-to-date: /home/harry/ur3e_ws/src/install/ur3e_moveit_config/share/ur3e_moveit_config/local_setup.zsh
[0.248s] -- Up-to-date: /home/harry/ur3e_ws/src/install/ur3e_moveit_config/share/ur3e_moveit_config/local_setup.dsv
[0.248s] -- Up-to-date: /home/harry/ur3e_ws/src/install/ur3e_moveit_config/share/ur3e_moveit_config/package.dsv
[0.248s] -- Up-to-date: /home/harry/ur3e_ws/src/install/ur3e_moveit_config/share/ament_index/resource_index/packages/ur3e_moveit_config
[0.248s] -- Up-to-date: /home/harry/ur3e_ws/src/install/ur3e_moveit_config/share/ur3e_moveit_config/cmake/ur3e_moveit_configConfig.cmake
[0.248s] -- Up-to-date: /home/harry/ur3e_ws/src/install/ur3e_moveit_config/share/ur3e_moveit_config/cmake/ur3e_moveit_configConfig-version.cmake
[0.248s] -- Up-to-date: /home/harry/ur3e_ws/src/install/ur3e_moveit_config/share/ur3e_moveit_config/package.xml
[0.262s] Invoked command in '/home/harry/ur3e_ws/src/build/ur3e_moveit_config' returned '0': CMAKE_PREFIX_PATH=${CMAKE_PREFIX_PATH}:/home/harry/ur3e_ws/src/install/ur3e_ros_action:/home/harry/ur3e_ws/install/ur3e_ros_action:/opt/ros/iron /usr/bin/cmake --install /home/harry/ur3e_ws/src/build/ur3e_moveit_config
