[1.508s] DEBUG:colcon:Command line arguments: ['/usr/bin/colcon', 'list', '-p', '--base-paths', '/home/harry/ur3e_ws']
[1.510s] DEBUG:colcon:Parsed command line arguments: Namespace(log_base=None, log_level=None, verb_name='list', build_base='build', ignore_user_meta=False, metas=['./colcon.meta'], base_paths=['/home/harry/ur3e_ws'], packages_ignore=None, packages_ignore_regex=None, paths=None, packages_up_to=None, packages_up_to_regex=None, packages_above=None, packages_above_and_dependencies=None, packages_above_depth=None, packages_select_by_dep=None, packages_skip_by_dep=None, packages_skip_up_to=None, packages_select_build_failed=False, packages_skip_build_finished=False, packages_select_test_failures=False, packages_skip_test_passed=False, packages_select=None, packages_skip=None, packages_select_regex=None, packages_skip_regex=None, packages_start=None, packages_end=None, allow_overriding=[], topological_order=False, names_only=False, paths_only=True, topological_graph=False, topological_graph_dot=False, topological_graph_density=False, topological_graph_legend=False, topological_graph_dot_cluster=False, topological_graph_dot_include_skipped=False, mixin_files=None, mixin=None, verb_parser=<colcon_mixin.mixin.mixin_argument.MixinArgumentDecorator object at 0x76d9f737c130>, verb_extension=<colcon_package_information.verb.list.ListVerb object at 0x76d9f734b160>, main=<bound method ListVerb.main of <colcon_package_information.verb.list.ListVerb object at 0x76d9f734b160>>, mixin_verb=('list',))
[4.034s] Level 1:colcon.colcon_core.package_discovery:discover_packages(colcon_meta) check parameters
[4.035s] Level 1:colcon.colcon_core.package_discovery:discover_packages(recursive) check parameters
[4.035s] Level 1:colcon.colcon_core.package_discovery:discover_packages(ignore) check parameters
[4.035s] Level 1:colcon.colcon_core.package_discovery:discover_packages(path) check parameters
[4.035s] Level 1:colcon.colcon_core.package_discovery:discover_packages(recursive) discover
[4.035s] INFO:colcon.colcon_core.package_discovery:Crawling recursively for packages in '/home/harry/ur3e_ws'
[4.036s] Level 1:colcon.colcon_core.package_identification:_identify(/home/harry/ur3e_ws) by extensions ['ignore', 'ignore_ament_install']
[4.036s] Level 1:colcon.colcon_core.package_identification:_identify(/home/harry/ur3e_ws) by extension 'ignore'
[4.036s] Level 1:colcon.colcon_core.package_identification:_identify(/home/harry/ur3e_ws) by extension 'ignore_ament_install'
[4.037s] Level 1:colcon.colcon_core.package_identification:_identify(/home/harry/ur3e_ws) by extensions ['colcon_pkg']
[4.037s] Level 1:colcon.colcon_core.package_identification:_identify(/home/harry/ur3e_ws) by extension 'colcon_pkg'
[4.037s] Level 1:colcon.colcon_core.package_identification:_identify(/home/harry/ur3e_ws) by extensions ['colcon_meta']
[4.037s] Level 1:colcon.colcon_core.package_identification:_identify(/home/harry/ur3e_ws) by extension 'colcon_meta'
[4.037s] Level 1:colcon.colcon_core.package_identification:_identify(/home/harry/ur3e_ws) by extensions ['ros']
[4.038s] Level 1:colcon.colcon_core.package_identification:_identify(/home/harry/ur3e_ws) by extension 'ros'
[4.220s] Level 1:colcon.colcon_core.package_identification:_identify(/home/harry/ur3e_ws) by extensions ['cmake', 'python']
[4.220s] Level 1:colcon.colcon_core.package_identification:_identify(/home/harry/ur3e_ws) by extension 'cmake'
[4.221s] Level 1:colcon.colcon_core.package_identification:_identify(/home/harry/ur3e_ws) by extension 'python'
[4.221s] Level 1:colcon.colcon_core.package_identification:_identify(/home/harry/ur3e_ws) by extensions ['python_setup_py']
[4.221s] Level 1:colcon.colcon_core.package_identification:_identify(/home/harry/ur3e_ws) by extension 'python_setup_py'
[4.222s] Level 1:colcon.colcon_core.package_identification:_identify(/home/harry/ur3e_ws/build) by extensions ['ignore', 'ignore_ament_install']
[4.222s] Level 1:colcon.colcon_core.package_identification:_identify(/home/harry/ur3e_ws/build) by extension 'ignore'
[4.223s] Level 1:colcon.colcon_core.package_identification:_identify(/home/harry/ur3e_ws/build) ignored
[4.223s] Level 1:colcon.colcon_core.package_identification:_identify(/home/harry/ur3e_ws/install) by extensions ['ignore', 'ignore_ament_install']
[4.237s] Level 1:colcon.colcon_core.package_identification:_identify(/home/harry/ur3e_ws/install) by extension 'ignore'
[4.238s] Level 1:colcon.colcon_core.package_identification:_identify(/home/harry/ur3e_ws/install) ignored
[4.239s] Level 1:colcon.colcon_core.package_identification:_identify(/home/harry/ur3e_ws/log) by extensions ['ignore', 'ignore_ament_install']
[4.239s] Level 1:colcon.colcon_core.package_identification:_identify(/home/harry/ur3e_ws/log) by extension 'ignore'
[4.239s] Level 1:colcon.colcon_core.package_identification:_identify(/home/harry/ur3e_ws/log) ignored
[4.241s] Level 1:colcon.colcon_core.package_identification:_identify(/home/harry/ur3e_ws/src) by extensions ['ignore', 'ignore_ament_install']
[4.242s] Level 1:colcon.colcon_core.package_identification:_identify(/home/harry/ur3e_ws/src) by extension 'ignore'
[4.242s] Level 1:colcon.colcon_core.package_identification:_identify(/home/harry/ur3e_ws/src) by extension 'ignore_ament_install'
[4.250s] Level 1:colcon.colcon_core.package_identification:_identify(/home/harry/ur3e_ws/src) by extensions ['colcon_pkg']
[4.250s] Level 1:colcon.colcon_core.package_identification:_identify(/home/harry/ur3e_ws/src) by extension 'colcon_pkg'
[4.250s] Level 1:colcon.colcon_core.package_identification:_identify(/home/harry/ur3e_ws/src) by extensions ['colcon_meta']
[4.250s] Level 1:colcon.colcon_core.package_identification:_identify(/home/harry/ur3e_ws/src) by extension 'colcon_meta'
[4.250s] Level 1:colcon.colcon_core.package_identification:_identify(/home/harry/ur3e_ws/src) by extensions ['ros']
[4.251s] Level 1:colcon.colcon_core.package_identification:_identify(/home/harry/ur3e_ws/src) by extension 'ros'
[4.251s] Level 1:colcon.colcon_core.package_identification:_identify(/home/harry/ur3e_ws/src) by extensions ['cmake', 'python']
[4.251s] Level 1:colcon.colcon_core.package_identification:_identify(/home/harry/ur3e_ws/src) by extension 'cmake'
[4.252s] Level 1:colcon.colcon_core.package_identification:_identify(/home/harry/ur3e_ws/src) by extension 'python'
[4.252s] Level 1:colcon.colcon_core.package_identification:_identify(/home/harry/ur3e_ws/src) by extensions ['python_setup_py']
[4.252s] Level 1:colcon.colcon_core.package_identification:_identify(/home/harry/ur3e_ws/src) by extension 'python_setup_py'
[4.252s] Level 1:colcon.colcon_core.package_identification:_identify(/home/harry/ur3e_ws/src/ur3e_gazebo_sim) by extensions ['ignore', 'ignore_ament_install']
[4.253s] Level 1:colcon.colcon_core.package_identification:_identify(/home/harry/ur3e_ws/src/ur3e_gazebo_sim) by extension 'ignore'
[4.253s] Level 1:colcon.colcon_core.package_identification:_identify(/home/harry/ur3e_ws/src/ur3e_gazebo_sim) by extension 'ignore_ament_install'
[4.253s] Level 1:colcon.colcon_core.package_identification:_identify(/home/harry/ur3e_ws/src/ur3e_gazebo_sim) by extensions ['colcon_pkg']
[4.254s] Level 1:colcon.colcon_core.package_identification:_identify(/home/harry/ur3e_ws/src/ur3e_gazebo_sim) by extension 'colcon_pkg'
[4.254s] Level 1:colcon.colcon_core.package_identification:_identify(/home/harry/ur3e_ws/src/ur3e_gazebo_sim) by extensions ['colcon_meta']
[4.254s] Level 1:colcon.colcon_core.package_identification:_identify(/home/harry/ur3e_ws/src/ur3e_gazebo_sim) by extension 'colcon_meta'
[4.254s] Level 1:colcon.colcon_core.package_identification:_identify(/home/harry/ur3e_ws/src/ur3e_gazebo_sim) by extensions ['ros']
[4.254s] Level 1:colcon.colcon_core.package_identification:_identify(/home/harry/ur3e_ws/src/ur3e_gazebo_sim) by extension 'ros'
[4.281s] DEBUG:colcon.colcon_core.package_identification:Package '/home/harry/ur3e_ws/src/ur3e_gazebo_sim' with type 'ros.ament_cmake' and name 'ur3e_gazebo_sim'
[4.284s] Level 1:colcon.colcon_core.package_identification:_identify(/home/harry/ur3e_ws/src/ur3e_ros_action) by extensions ['ignore', 'ignore_ament_install']
[4.285s] Level 1:colcon.colcon_core.package_identification:_identify(/home/harry/ur3e_ws/src/ur3e_ros_action) by extension 'ignore'
[4.285s] Level 1:colcon.colcon_core.package_identification:_identify(/home/harry/ur3e_ws/src/ur3e_ros_action) by extension 'ignore_ament_install'
[4.285s] Level 1:colcon.colcon_core.package_identification:_identify(/home/harry/ur3e_ws/src/ur3e_ros_action) by extensions ['colcon_pkg']
[4.286s] Level 1:colcon.colcon_core.package_identification:_identify(/home/harry/ur3e_ws/src/ur3e_ros_action) by extension 'colcon_pkg'
[4.286s] Level 1:colcon.colcon_core.package_identification:_identify(/home/harry/ur3e_ws/src/ur3e_ros_action) by extensions ['colcon_meta']
[4.286s] Level 1:colcon.colcon_core.package_identification:_identify(/home/harry/ur3e_ws/src/ur3e_ros_action) by extension 'colcon_meta'
[4.287s] Level 1:colcon.colcon_core.package_identification:_identify(/home/harry/ur3e_ws/src/ur3e_ros_action) by extensions ['ros']
[4.287s] Level 1:colcon.colcon_core.package_identification:_identify(/home/harry/ur3e_ws/src/ur3e_ros_action) by extension 'ros'
[4.289s] DEBUG:colcon.colcon_core.package_identification:Package '/home/harry/ur3e_ws/src/ur3e_ros_action' with type 'ros.ament_python' and name 'ur3e_ros_action'
[4.289s] Level 1:colcon.colcon_core.package_identification:_identify(/home/harry/ur3e_ws/src/ur3e_ros_action_cpp) by extensions ['ignore', 'ignore_ament_install']
[4.290s] Level 1:colcon.colcon_core.package_identification:_identify(/home/harry/ur3e_ws/src/ur3e_ros_action_cpp) by extension 'ignore'
[4.290s] Level 1:colcon.colcon_core.package_identification:_identify(/home/harry/ur3e_ws/src/ur3e_ros_action_cpp) by extension 'ignore_ament_install'
[4.290s] Level 1:colcon.colcon_core.package_identification:_identify(/home/harry/ur3e_ws/src/ur3e_ros_action_cpp) by extensions ['colcon_pkg']
[4.290s] Level 1:colcon.colcon_core.package_identification:_identify(/home/harry/ur3e_ws/src/ur3e_ros_action_cpp) by extension 'colcon_pkg'
[4.291s] Level 1:colcon.colcon_core.package_identification:_identify(/home/harry/ur3e_ws/src/ur3e_ros_action_cpp) by extensions ['colcon_meta']
[4.291s] Level 1:colcon.colcon_core.package_identification:_identify(/home/harry/ur3e_ws/src/ur3e_ros_action_cpp) by extension 'colcon_meta'
[4.291s] Level 1:colcon.colcon_core.package_identification:_identify(/home/harry/ur3e_ws/src/ur3e_ros_action_cpp) by extensions ['ros']
[4.291s] Level 1:colcon.colcon_core.package_identification:_identify(/home/harry/ur3e_ws/src/ur3e_ros_action_cpp) by extension 'ros'
[4.322s] DEBUG:colcon.colcon_core.package_identification:Package '/home/harry/ur3e_ws/src/ur3e_ros_action_cpp' with type 'ros.ament_cmake' and name 'ur3e_ros_action_cpp'
[4.322s] Level 1:colcon.colcon_core.package_identification:_identify(/home/harry/ur3e_ws/src/ur3e_ros_data) by extensions ['ignore', 'ignore_ament_install']
[4.323s] Level 1:colcon.colcon_core.package_identification:_identify(/home/harry/ur3e_ws/src/ur3e_ros_data) by extension 'ignore'
[4.323s] Level 1:colcon.colcon_core.package_identification:_identify(/home/harry/ur3e_ws/src/ur3e_ros_data) by extension 'ignore_ament_install'
[4.323s] Level 1:colcon.colcon_core.package_identification:_identify(/home/harry/ur3e_ws/src/ur3e_ros_data) by extensions ['colcon_pkg']
[4.324s] Level 1:colcon.colcon_core.package_identification:_identify(/home/harry/ur3e_ws/src/ur3e_ros_data) by extension 'colcon_pkg'
[4.324s] Level 1:colcon.colcon_core.package_identification:_identify(/home/harry/ur3e_ws/src/ur3e_ros_data) by extensions ['colcon_meta']
[4.324s] Level 1:colcon.colcon_core.package_identification:_identify(/home/harry/ur3e_ws/src/ur3e_ros_data) by extension 'colcon_meta'
[4.324s] Level 1:colcon.colcon_core.package_identification:_identify(/home/harry/ur3e_ws/src/ur3e_ros_data) by extensions ['ros']
[4.324s] Level 1:colcon.colcon_core.package_identification:_identify(/home/harry/ur3e_ws/src/ur3e_ros_data) by extension 'ros'
[4.327s] DEBUG:colcon.colcon_core.package_identification:Package '/home/harry/ur3e_ws/src/ur3e_ros_data' with type 'ros.ament_cmake' and name 'ur3e_ros_data'
[4.327s] Level 1:colcon.colcon_core.package_discovery:discover_packages(recursive) using defaults
