[0.008s] Invoking command in '/home/harry/ur3e_ws/build/ur3e_new_moveit_config': AMENT_PREFIX_PATH=/home/harry/ur3e_ws/install/ur3e_moveit_config:${AMENT_PREFIX_PATH} CMAKE_PREFIX_PATH=/home/harry/ur3e_ws/install/ur3e_moveit_config:/home/harry/ur3e_ws/src/install/ur3e_moveit_config:/home/harry/ur3e_ws/src/install/ur_description:/home/harry/ur3e_ws/src/install/ur3e_ros_action_cpp:/home/harry/ur3e_ws/src/install/ur3e_moveit:/home/harry/ur3e_ws/src/install/ur3e_ros_data:/home/harry/ur3e_ws/src/install/ur3e_gazebo_sim:/home/harry/ur3e_ws/install/ur_moveit_config:/home/harry/ur3e_ws/install/ur_dashboard_msgs:/home/harry/ur3e_ws/install/ur_description:/home/harry/ur3e_ws/install/ur3e_ros_action_cpp:/home/harry/ur3e_ws/install/ur3e_moveit:/home/harry/ur3e_ws/install/ur3e_ros_data:/home/harry/ur3e_ws/install/ur3e_gazebo_sim:/home/harry/ur3e_ws/src/install/ur3e_ros_action:/home/harry/ur3e_ws/install/ur3e_ros_action:/opt/ros/iron /usr/bin/cmake /home/harry/ur3e_ws/src/ur3e_new_moveit_config -DCMAKE_INSTALL_PREFIX=/home/harry/ur3e_ws/install/ur3e_new_moveit_config
[0.047s] -- The C compiler identification is GNU 11.4.0
[0.084s] -- The CXX compiler identification is GNU 11.4.0
[0.089s] -- Detecting C compiler ABI info
[0.136s] -- Detecting C compiler ABI info - done
[0.143s] -- Check for working C compiler: /usr/bin/cc - skipped
[0.143s] -- Detecting C compile features
[0.144s] -- Detecting C compile features - done
[0.147s] -- Detecting CXX compiler ABI info
[0.199s] -- Detecting CXX compiler ABI info - done
[0.204s] -- Check for working CXX compiler: /usr/bin/c++ - skipped
[0.204s] -- Detecting CXX compile features
[0.205s] -- Detecting CXX compile features - done
[0.207s] -- Found ament_cmake: 2.0.4 (/opt/ros/iron/share/ament_cmake/cmake)
[0.327s] -- Found Python3: /usr/bin/python3.10 (found version "3.10.12") found components: Interpreter 
[0.430s] -- Configuring done
[0.432s] -- Generating done
[0.432s] -- Build files have been written to: /home/harry/ur3e_ws/build/ur3e_new_moveit_config
[0.436s] Invoked command in '/home/harry/ur3e_ws/build/ur3e_new_moveit_config' returned '0': AMENT_PREFIX_PATH=/home/harry/ur3e_ws/install/ur3e_moveit_config:${AMENT_PREFIX_PATH} CMAKE_PREFIX_PATH=/home/harry/ur3e_ws/install/ur3e_moveit_config:/home/harry/ur3e_ws/src/install/ur3e_moveit_config:/home/harry/ur3e_ws/src/install/ur_description:/home/harry/ur3e_ws/src/install/ur3e_ros_action_cpp:/home/harry/ur3e_ws/src/install/ur3e_moveit:/home/harry/ur3e_ws/src/install/ur3e_ros_data:/home/harry/ur3e_ws/src/install/ur3e_gazebo_sim:/home/harry/ur3e_ws/install/ur_moveit_config:/home/harry/ur3e_ws/install/ur_dashboard_msgs:/home/harry/ur3e_ws/install/ur_description:/home/harry/ur3e_ws/install/ur3e_ros_action_cpp:/home/harry/ur3e_ws/install/ur3e_moveit:/home/harry/ur3e_ws/install/ur3e_ros_data:/home/harry/ur3e_ws/install/ur3e_gazebo_sim:/home/harry/ur3e_ws/src/install/ur3e_ros_action:/home/harry/ur3e_ws/install/ur3e_ros_action:/opt/ros/iron /usr/bin/cmake /home/harry/ur3e_ws/src/ur3e_new_moveit_config -DCMAKE_INSTALL_PREFIX=/home/harry/ur3e_ws/install/ur3e_new_moveit_config
[0.436s] Invoking command in '/home/harry/ur3e_ws/build/ur3e_new_moveit_config': AMENT_PREFIX_PATH=/home/harry/ur3e_ws/install/ur3e_moveit_config:${AMENT_PREFIX_PATH} CMAKE_PREFIX_PATH=/home/harry/ur3e_ws/install/ur3e_moveit_config:/home/harry/ur3e_ws/src/install/ur3e_moveit_config:/home/harry/ur3e_ws/src/install/ur_description:/home/harry/ur3e_ws/src/install/ur3e_ros_action_cpp:/home/harry/ur3e_ws/src/install/ur3e_moveit:/home/harry/ur3e_ws/src/install/ur3e_ros_data:/home/harry/ur3e_ws/src/install/ur3e_gazebo_sim:/home/harry/ur3e_ws/install/ur_moveit_config:/home/harry/ur3e_ws/install/ur_dashboard_msgs:/home/harry/ur3e_ws/install/ur_description:/home/harry/ur3e_ws/install/ur3e_ros_action_cpp:/home/harry/ur3e_ws/install/ur3e_moveit:/home/harry/ur3e_ws/install/ur3e_ros_data:/home/harry/ur3e_ws/install/ur3e_gazebo_sim:/home/harry/ur3e_ws/src/install/ur3e_ros_action:/home/harry/ur3e_ws/install/ur3e_ros_action:/opt/ros/iron /usr/bin/cmake --build /home/harry/ur3e_ws/build/ur3e_new_moveit_config -- -j8 -l8
[0.459s] Invoked command in '/home/harry/ur3e_ws/build/ur3e_new_moveit_config' returned '0': AMENT_PREFIX_PATH=/home/harry/ur3e_ws/install/ur3e_moveit_config:${AMENT_PREFIX_PATH} CMAKE_PREFIX_PATH=/home/harry/ur3e_ws/install/ur3e_moveit_config:/home/harry/ur3e_ws/src/install/ur3e_moveit_config:/home/harry/ur3e_ws/src/install/ur_description:/home/harry/ur3e_ws/src/install/ur3e_ros_action_cpp:/home/harry/ur3e_ws/src/install/ur3e_moveit:/home/harry/ur3e_ws/src/install/ur3e_ros_data:/home/harry/ur3e_ws/src/install/ur3e_gazebo_sim:/home/harry/ur3e_ws/install/ur_moveit_config:/home/harry/ur3e_ws/install/ur_dashboard_msgs:/home/harry/ur3e_ws/install/ur_description:/home/harry/ur3e_ws/install/ur3e_ros_action_cpp:/home/harry/ur3e_ws/install/ur3e_moveit:/home/harry/ur3e_ws/install/ur3e_ros_data:/home/harry/ur3e_ws/install/ur3e_gazebo_sim:/home/harry/ur3e_ws/src/install/ur3e_ros_action:/home/harry/ur3e_ws/install/ur3e_ros_action:/opt/ros/iron /usr/bin/cmake --build /home/harry/ur3e_ws/build/ur3e_new_moveit_config -- -j8 -l8
[0.477s] Invoking command in '/home/harry/ur3e_ws/build/ur3e_new_moveit_config': AMENT_PREFIX_PATH=/home/harry/ur3e_ws/install/ur3e_moveit_config:${AMENT_PREFIX_PATH} CMAKE_PREFIX_PATH=/home/harry/ur3e_ws/install/ur3e_moveit_config:/home/harry/ur3e_ws/src/install/ur3e_moveit_config:/home/harry/ur3e_ws/src/install/ur_description:/home/harry/ur3e_ws/src/install/ur3e_ros_action_cpp:/home/harry/ur3e_ws/src/install/ur3e_moveit:/home/harry/ur3e_ws/src/install/ur3e_ros_data:/home/harry/ur3e_ws/src/install/ur3e_gazebo_sim:/home/harry/ur3e_ws/install/ur_moveit_config:/home/harry/ur3e_ws/install/ur_dashboard_msgs:/home/harry/ur3e_ws/install/ur_description:/home/harry/ur3e_ws/install/ur3e_ros_action_cpp:/home/harry/ur3e_ws/install/ur3e_moveit:/home/harry/ur3e_ws/install/ur3e_ros_data:/home/harry/ur3e_ws/install/ur3e_gazebo_sim:/home/harry/ur3e_ws/src/install/ur3e_ros_action:/home/harry/ur3e_ws/install/ur3e_ros_action:/opt/ros/iron /usr/bin/cmake --install /home/harry/ur3e_ws/build/ur3e_new_moveit_config
[0.483s] -- Install configuration: ""
[0.483s] -- Installing: /home/harry/ur3e_ws/install/ur3e_new_moveit_config/share/ament_index/resource_index/package_run_dependencies/ur3e_new_moveit_config
[0.483s] -- Installing: /home/harry/ur3e_ws/install/ur3e_new_moveit_config/share/ament_index/resource_index/parent_prefix_path/ur3e_new_moveit_config
[0.483s] -- Installing: /home/harry/ur3e_ws/install/ur3e_new_moveit_config/share/ur3e_new_moveit_config/environment/ament_prefix_path.sh
[0.483s] -- Installing: /home/harry/ur3e_ws/install/ur3e_new_moveit_config/share/ur3e_new_moveit_config/environment/ament_prefix_path.dsv
[0.483s] -- Installing: /home/harry/ur3e_ws/install/ur3e_new_moveit_config/share/ur3e_new_moveit_config/environment/path.sh
[0.484s] -- Installing: /home/harry/ur3e_ws/install/ur3e_new_moveit_config/share/ur3e_new_moveit_config/environment/path.dsv
[0.484s] -- Installing: /home/harry/ur3e_ws/install/ur3e_new_moveit_config/share/ur3e_new_moveit_config/local_setup.bash
[0.484s] -- Installing: /home/harry/ur3e_ws/install/ur3e_new_moveit_config/share/ur3e_new_moveit_config/local_setup.sh
[0.484s] -- Installing: /home/harry/ur3e_ws/install/ur3e_new_moveit_config/share/ur3e_new_moveit_config/local_setup.zsh
[0.484s] -- Installing: /home/harry/ur3e_ws/install/ur3e_new_moveit_config/share/ur3e_new_moveit_config/local_setup.dsv
[0.484s] -- Installing: /home/harry/ur3e_ws/install/ur3e_new_moveit_config/share/ur3e_new_moveit_config/package.dsv
[0.484s] -- Installing: /home/harry/ur3e_ws/install/ur3e_new_moveit_config/share/ament_index/resource_index/packages/ur3e_new_moveit_config
[0.484s] -- Installing: /home/harry/ur3e_ws/install/ur3e_new_moveit_config/share/ur3e_new_moveit_config/cmake/ur3e_new_moveit_configConfig.cmake
[0.484s] -- Installing: /home/harry/ur3e_ws/install/ur3e_new_moveit_config/share/ur3e_new_moveit_config/cmake/ur3e_new_moveit_configConfig-version.cmake
[0.485s] -- Installing: /home/harry/ur3e_ws/install/ur3e_new_moveit_config/share/ur3e_new_moveit_config/package.xml
[0.485s] -- Installing: /home/harry/ur3e_ws/install/ur3e_new_moveit_config/share/ur3e_new_moveit_config/launch
[0.485s] -- Installing: /home/harry/ur3e_ws/install/ur3e_new_moveit_config/share/ur3e_new_moveit_config/launch/setup_assistant.launch.py
[0.485s] -- Installing: /home/harry/ur3e_ws/install/ur3e_new_moveit_config/share/ur3e_new_moveit_config/launch/spawn_controllers.launch.py
[0.485s] -- Installing: /home/harry/ur3e_ws/install/ur3e_new_moveit_config/share/ur3e_new_moveit_config/launch/warehouse_db.launch.py
[0.485s] -- Installing: /home/harry/ur3e_ws/install/ur3e_new_moveit_config/share/ur3e_new_moveit_config/launch/rsp.launch.py
[0.485s] -- Installing: /home/harry/ur3e_ws/install/ur3e_new_moveit_config/share/ur3e_new_moveit_config/launch/static_virtual_joint_tfs.launch.py
[0.485s] -- Installing: /home/harry/ur3e_ws/install/ur3e_new_moveit_config/share/ur3e_new_moveit_config/launch/move_group.launch.py
[0.485s] -- Installing: /home/harry/ur3e_ws/install/ur3e_new_moveit_config/share/ur3e_new_moveit_config/launch/demo.launch.py
[0.485s] -- Installing: /home/harry/ur3e_ws/install/ur3e_new_moveit_config/share/ur3e_new_moveit_config/launch/moveit_rviz.launch.py
[0.486s] -- Installing: /home/harry/ur3e_ws/install/ur3e_new_moveit_config/share/ur3e_new_moveit_config/config
[0.486s] -- Installing: /home/harry/ur3e_ws/install/ur3e_new_moveit_config/share/ur3e_new_moveit_config/config/initial_positions.yaml
[0.486s] -- Installing: /home/harry/ur3e_ws/install/ur3e_new_moveit_config/share/ur3e_new_moveit_config/config/ur3e.ros2_control.xacro
[0.486s] -- Installing: /home/harry/ur3e_ws/install/ur3e_new_moveit_config/share/ur3e_new_moveit_config/config/moveit_controllers.yaml
[0.486s] -- Installing: /home/harry/ur3e_ws/install/ur3e_new_moveit_config/share/ur3e_new_moveit_config/config/ros2_controllers.yaml
[0.486s] -- Installing: /home/harry/ur3e_ws/install/ur3e_new_moveit_config/share/ur3e_new_moveit_config/config/ur3e.srdf
[0.486s] -- Installing: /home/harry/ur3e_ws/install/ur3e_new_moveit_config/share/ur3e_new_moveit_config/config/moveit.rviz
[0.486s] -- Installing: /home/harry/ur3e_ws/install/ur3e_new_moveit_config/share/ur3e_new_moveit_config/config/ur3e.urdf.xacro
[0.486s] -- Installing: /home/harry/ur3e_ws/install/ur3e_new_moveit_config/share/ur3e_new_moveit_config/config/joint_limits.yaml
[0.486s] -- Installing: /home/harry/ur3e_ws/install/ur3e_new_moveit_config/share/ur3e_new_moveit_config/config/kinematics.yaml
[0.486s] -- Installing: /home/harry/ur3e_ws/install/ur3e_new_moveit_config/share/ur3e_new_moveit_config/config/pilz_cartesian_limits.yaml
[0.486s] -- Installing: /home/harry/ur3e_ws/install/ur3e_new_moveit_config/share/ur3e_new_moveit_config/.setup_assistant
[0.488s] Invoked command in '/home/harry/ur3e_ws/build/ur3e_new_moveit_config' returned '0': AMENT_PREFIX_PATH=/home/harry/ur3e_ws/install/ur3e_moveit_config:${AMENT_PREFIX_PATH} CMAKE_PREFIX_PATH=/home/harry/ur3e_ws/install/ur3e_moveit_config:/home/harry/ur3e_ws/src/install/ur3e_moveit_config:/home/harry/ur3e_ws/src/install/ur_description:/home/harry/ur3e_ws/src/install/ur3e_ros_action_cpp:/home/harry/ur3e_ws/src/install/ur3e_moveit:/home/harry/ur3e_ws/src/install/ur3e_ros_data:/home/harry/ur3e_ws/src/install/ur3e_gazebo_sim:/home/harry/ur3e_ws/install/ur_moveit_config:/home/harry/ur3e_ws/install/ur_dashboard_msgs:/home/harry/ur3e_ws/install/ur_description:/home/harry/ur3e_ws/install/ur3e_ros_action_cpp:/home/harry/ur3e_ws/install/ur3e_moveit:/home/harry/ur3e_ws/install/ur3e_ros_data:/home/harry/ur3e_ws/install/ur3e_gazebo_sim:/home/harry/ur3e_ws/src/install/ur3e_ros_action:/home/harry/ur3e_ws/install/ur3e_ros_action:/opt/ros/iron /usr/bin/cmake --install /home/harry/ur3e_ws/build/ur3e_new_moveit_config
