[0.009s] Invoking command in '/home/harry/ur3e_ws/src/build/ur3e_ros_action_cpp': AMENT_PREFIX_PATH=/home/harry/ur3e_ws/src/install/ur3e_ros_data:${AMENT_PREFIX_PATH} CMAKE_PREFIX_PATH=/home/harry/ur3e_ws/src/install/ur3e_ros_data:/home/harry/ur3e_ws/install/ur_moveit_config:/home/harry/ur3e_ws/install/ur_dashboard_msgs:/home/harry/ur3e_ws/install/ur_description:/home/harry/ur3e_ws/install/ur3e_ros_action_cpp:/home/harry/ur3e_ws/install/ur3e_moveit:/home/harry/ur3e_ws/install/ur3e_ros_data:/home/harry/ur3e_ws/install/ur3e_gazebo_sim:/home/harry/ur3e_ws/install/ur3e_ros_action:/opt/ros/iron LD_LIBRARY_PATH=/home/harry/ur3e_ws/src/install/ur3e_ros_data/lib:${LD_LIBRARY_PATH} PYTHONPATH=/home/harry/ur3e_ws/src/install/ur3e_ros_data/lib/python3.10/site-packages:${PYTHONPATH} /usr/bin/cmake --build /home/harry/ur3e_ws/src/build/ur3e_ros_action_cpp -- -j8 -l8
[0.042s] [35m[1mConsolidate compiler generated dependencies of target moveJ_action[0m
[0.063s] [100%] Built target moveJ_action
[0.071s] Invoked command in '/home/harry/ur3e_ws/src/build/ur3e_ros_action_cpp' returned '0': AMENT_PREFIX_PATH=/home/harry/ur3e_ws/src/install/ur3e_ros_data:${AMENT_PREFIX_PATH} CMAKE_PREFIX_PATH=/home/harry/ur3e_ws/src/install/ur3e_ros_data:/home/harry/ur3e_ws/install/ur_moveit_config:/home/harry/ur3e_ws/install/ur_dashboard_msgs:/home/harry/ur3e_ws/install/ur_description:/home/harry/ur3e_ws/install/ur3e_ros_action_cpp:/home/harry/ur3e_ws/install/ur3e_moveit:/home/harry/ur3e_ws/install/ur3e_ros_data:/home/harry/ur3e_ws/install/ur3e_gazebo_sim:/home/harry/ur3e_ws/install/ur3e_ros_action:/opt/ros/iron LD_LIBRARY_PATH=/home/harry/ur3e_ws/src/install/ur3e_ros_data/lib:${LD_LIBRARY_PATH} PYTHONPATH=/home/harry/ur3e_ws/src/install/ur3e_ros_data/lib/python3.10/site-packages:${PYTHONPATH} /usr/bin/cmake --build /home/harry/ur3e_ws/src/build/ur3e_ros_action_cpp -- -j8 -l8
[0.092s] Invoking command in '/home/harry/ur3e_ws/src/build/ur3e_ros_action_cpp': AMENT_PREFIX_PATH=/home/harry/ur3e_ws/src/install/ur3e_ros_data:${AMENT_PREFIX_PATH} CMAKE_PREFIX_PATH=/home/harry/ur3e_ws/src/install/ur3e_ros_data:/home/harry/ur3e_ws/install/ur_moveit_config:/home/harry/ur3e_ws/install/ur_dashboard_msgs:/home/harry/ur3e_ws/install/ur_description:/home/harry/ur3e_ws/install/ur3e_ros_action_cpp:/home/harry/ur3e_ws/install/ur3e_moveit:/home/harry/ur3e_ws/install/ur3e_ros_data:/home/harry/ur3e_ws/install/ur3e_gazebo_sim:/home/harry/ur3e_ws/install/ur3e_ros_action:/opt/ros/iron LD_LIBRARY_PATH=/home/harry/ur3e_ws/src/install/ur3e_ros_data/lib:${LD_LIBRARY_PATH} PYTHONPATH=/home/harry/ur3e_ws/src/install/ur3e_ros_data/lib/python3.10/site-packages:${PYTHONPATH} /usr/bin/cmake --install /home/harry/ur3e_ws/src/build/ur3e_ros_action_cpp
[0.097s] -- Install configuration: ""
[0.097s] -- Up-to-date: /home/harry/ur3e_ws/src/install/ur3e_ros_action_cpp/lib/ur3e_ros_action_cpp/moveJ_action
[0.097s] -- Up-to-date: /home/harry/ur3e_ws/src/install/ur3e_ros_action_cpp/share/ament_index/resource_index/package_run_dependencies/ur3e_ros_action_cpp
[0.097s] -- Up-to-date: /home/harry/ur3e_ws/src/install/ur3e_ros_action_cpp/share/ament_index/resource_index/parent_prefix_path/ur3e_ros_action_cpp
[0.097s] -- Up-to-date: /home/harry/ur3e_ws/src/install/ur3e_ros_action_cpp/share/ur3e_ros_action_cpp/environment/ament_prefix_path.sh
[0.097s] -- Up-to-date: /home/harry/ur3e_ws/src/install/ur3e_ros_action_cpp/share/ur3e_ros_action_cpp/environment/ament_prefix_path.dsv
[0.098s] -- Up-to-date: /home/harry/ur3e_ws/src/install/ur3e_ros_action_cpp/share/ur3e_ros_action_cpp/environment/path.sh
[0.098s] -- Up-to-date: /home/harry/ur3e_ws/src/install/ur3e_ros_action_cpp/share/ur3e_ros_action_cpp/environment/path.dsv
[0.098s] -- Up-to-date: /home/harry/ur3e_ws/src/install/ur3e_ros_action_cpp/share/ur3e_ros_action_cpp/local_setup.bash
[0.098s] -- Up-to-date: /home/harry/ur3e_ws/src/install/ur3e_ros_action_cpp/share/ur3e_ros_action_cpp/local_setup.sh
[0.098s] -- Up-to-date: /home/harry/ur3e_ws/src/install/ur3e_ros_action_cpp/share/ur3e_ros_action_cpp/local_setup.zsh
[0.098s] -- Up-to-date: /home/harry/ur3e_ws/src/install/ur3e_ros_action_cpp/share/ur3e_ros_action_cpp/local_setup.dsv
[0.098s] -- Installing: /home/harry/ur3e_ws/src/install/ur3e_ros_action_cpp/share/ur3e_ros_action_cpp/package.dsv
[0.098s] -- Up-to-date: /home/harry/ur3e_ws/src/install/ur3e_ros_action_cpp/share/ament_index/resource_index/packages/ur3e_ros_action_cpp
[0.098s] -- Up-to-date: /home/harry/ur3e_ws/src/install/ur3e_ros_action_cpp/share/ur3e_ros_action_cpp/cmake/ur3e_ros_action_cppConfig.cmake
[0.098s] -- Up-to-date: /home/harry/ur3e_ws/src/install/ur3e_ros_action_cpp/share/ur3e_ros_action_cpp/cmake/ur3e_ros_action_cppConfig-version.cmake
[0.099s] -- Up-to-date: /home/harry/ur3e_ws/src/install/ur3e_ros_action_cpp/share/ur3e_ros_action_cpp/package.xml
[0.100s] Invoked command in '/home/harry/ur3e_ws/src/build/ur3e_ros_action_cpp' returned '0': AMENT_PREFIX_PATH=/home/harry/ur3e_ws/src/install/ur3e_ros_data:${AMENT_PREFIX_PATH} CMAKE_PREFIX_PATH=/home/harry/ur3e_ws/src/install/ur3e_ros_data:/home/harry/ur3e_ws/install/ur_moveit_config:/home/harry/ur3e_ws/install/ur_dashboard_msgs:/home/harry/ur3e_ws/install/ur_description:/home/harry/ur3e_ws/install/ur3e_ros_action_cpp:/home/harry/ur3e_ws/install/ur3e_moveit:/home/harry/ur3e_ws/install/ur3e_ros_data:/home/harry/ur3e_ws/install/ur3e_gazebo_sim:/home/harry/ur3e_ws/install/ur3e_ros_action:/opt/ros/iron LD_LIBRARY_PATH=/home/harry/ur3e_ws/src/install/ur3e_ros_data/lib:${LD_LIBRARY_PATH} PYTHONPATH=/home/harry/ur3e_ws/src/install/ur3e_ros_data/lib/python3.10/site-packages:${PYTHONPATH} /usr/bin/cmake --install /home/harry/ur3e_ws/src/build/ur3e_ros_action_cpp
