[0.016s] Invoking command in '/home/harry/ur3e_ws/src/build/ur3e_ros_data': CMAKE_PREFIX_PATH=${CMAKE_PREFIX_PATH}:/home/harry/ur3e_ws/install/ur3e_ros_action:/opt/ros/iron /usr/bin/cmake /home/harry/ur3e_ws/src/ur3e_ros_data -DCMAKE_INSTALL_PREFIX=/home/harry/ur3e_ws/src/install/ur3e_ros_data
[0.220s] -- The C compiler identification is GNU 11.4.0
[0.220s] -- The CXX compiler identification is GNU 11.4.0
[0.220s] -- Detecting C compiler ABI info
[0.221s] -- Detecting C compiler ABI info - done
[0.221s] -- Check for working C compiler: /usr/bin/cc - skipped
[0.221s] -- Detecting C compile features
[0.221s] -- Detecting C compile features - done
[0.222s] -- Detecting CXX compiler ABI info
[0.222s] -- Detecting CXX compiler ABI info - done
[0.222s] -- Check for working CXX compiler: /usr/bin/c++ - skipped
[0.222s] -- Detecting CXX compile features
[0.222s] -- Detecting CXX compile features - done
[0.222s] -- Found ament_cmake: 2.0.4 (/opt/ros/iron/share/ament_cmake/cmake)
[0.361s] -- Found Python3: /usr/bin/python3.10 (found version "3.10.12") found components: Interpreter 
[0.445s] -- Found rosidl_default_generators: 1.5.0 (/opt/ros/iron/share/rosidl_default_generators/cmake)
[0.453s] -- Using all available rosidl_typesupport_c: rosidl_typesupport_fastrtps_c;rosidl_typesupport_introspection_c
[0.514s] -- Using all available rosidl_typesupport_cpp: rosidl_typesupport_fastrtps_cpp;rosidl_typesupport_introspection_cpp
[0.554s] -- Found rosidl_adapter: 4.0.1 (/opt/ros/iron/share/rosidl_adapter/cmake)
[0.905s] -- Found ament_cmake_ros: 0.11.2 (/opt/ros/iron/share/ament_cmake_ros/cmake)
[1.043s] -- Using all available rosidl_typesupport_c: rosidl_typesupport_fastrtps_c;rosidl_typesupport_introspection_c
[1.215s] -- Using all available rosidl_typesupport_cpp: rosidl_typesupport_fastrtps_cpp;rosidl_typesupport_introspection_cpp
[1.233s] -- Found PythonInterp: /usr/bin/python3 (found suitable version "3.10.12", minimum required is "3.6") 
[1.235s] -- Found python_cmake_module: 0.10.2 (/opt/ros/iron/share/python_cmake_module/cmake)
[1.253s] -- Found PythonLibs: /usr/lib/x86_64-linux-gnu/libpython3.10.so (found suitable version "3.10.12", minimum required is "3.5") 
[1.253s] -- Using PYTHON_EXECUTABLE: /usr/bin/python3
[1.253s] -- Using PYTHON_INCLUDE_DIRS: /usr/include/python3.10
[1.253s] -- Using PYTHON_LIBRARIES: /usr/lib/x86_64-linux-gnu/libpython3.10.so
[1.269s] -- Found PythonExtra: .so  
[1.301s] -- Found ament_lint_auto: 0.14.3 (/opt/ros/iron/share/ament_lint_auto/cmake)
[1.316s] -- Added test 'lint_cmake' to check CMake code style
[1.317s] -- Added test 'xmllint' to check XML markup files
[1.320s] -- Configuring done
[1.342s] -- Generating done
[1.344s] -- Build files have been written to: /home/harry/ur3e_ws/src/build/ur3e_ros_data
[1.350s] Invoked command in '/home/harry/ur3e_ws/src/build/ur3e_ros_data' returned '0': CMAKE_PREFIX_PATH=${CMAKE_PREFIX_PATH}:/home/harry/ur3e_ws/install/ur3e_ros_action:/opt/ros/iron /usr/bin/cmake /home/harry/ur3e_ws/src/ur3e_ros_data -DCMAKE_INSTALL_PREFIX=/home/harry/ur3e_ws/src/install/ur3e_ros_data
[1.351s] Invoking command in '/home/harry/ur3e_ws/src/build/ur3e_ros_data': CMAKE_PREFIX_PATH=${CMAKE_PREFIX_PATH}:/home/harry/ur3e_ws/install/ur3e_ros_action:/opt/ros/iron /usr/bin/cmake --build /home/harry/ur3e_ws/src/build/ur3e_ros_data -- -j8 -l8
[1.390s] [  2%] [34m[1mGenerating type hashes for ROS interfaces[0m
[1.402s] [  2%] Built target ament_cmake_python_copy_ur3e_ros_data
[1.548s] [  2%] Built target ur3e_ros_data__rosidl_generator_type_description
[1.557s] [  4%] [34m[1mGenerating C code for ROS interfaces[0m
[1.558s] running egg_info
[1.559s] creating ur3e_ros_data.egg-info
[1.559s] writing ur3e_ros_data.egg-info/PKG-INFO
[1.559s] writing dependency_links to ur3e_ros_data.egg-info/dependency_links.txt
[1.559s] writing top-level names to ur3e_ros_data.egg-info/top_level.txt
[1.559s] writing manifest file 'ur3e_ros_data.egg-info/SOURCES.txt'
[1.560s] reading manifest file 'ur3e_ros_data.egg-info/SOURCES.txt'
[1.561s] writing manifest file 'ur3e_ros_data.egg-info/SOURCES.txt'
[1.562s] [  6%] [34m[1mGenerating C++ code for ROS interfaces[0m
[1.579s] [  6%] Built target ament_cmake_python_build_ur3e_ros_data_egg
[1.905s] [  6%] Built target ur3e_ros_data__cpp
[1.967s] [ 11%] [32mBuilding C object CMakeFiles/ur3e_ros_data__rosidl_generator_c.dir/rosidl_generator_c/ur3e_ros_data/action/detail/move_j__type_support.c.o[0m
[1.967s] [ 11%] [32mBuilding C object CMakeFiles/ur3e_ros_data__rosidl_generator_c.dir/rosidl_generator_c/ur3e_ros_data/action/detail/move_j__description.c.o[0m
[1.967s] [ 13%] [32mBuilding C object CMakeFiles/ur3e_ros_data__rosidl_generator_c.dir/rosidl_generator_c/ur3e_ros_data/msg/detail/joint_pose__description.c.o[0m
[1.968s] [ 15%] [32mBuilding C object CMakeFiles/ur3e_ros_data__rosidl_generator_c.dir/rosidl_generator_c/ur3e_ros_data/msg/detail/joint_pose__type_support.c.o[0m
[1.968s] [ 18%] [32mBuilding C object CMakeFiles/ur3e_ros_data__rosidl_generator_c.dir/rosidl_generator_c/ur3e_ros_data/msg/detail/joint_pose__functions.c.o[0m
[1.968s] [ 20%] [32mBuilding C object CMakeFiles/ur3e_ros_data__rosidl_generator_c.dir/rosidl_generator_c/ur3e_ros_data/action/detail/move_j__functions.c.o[0m
[2.075s] [ 22%] [32m[1mLinking C shared library libur3e_ros_data__rosidl_generator_c.so[0m
[2.099s] [ 22%] Built target ur3e_ros_data__rosidl_generator_c
[2.106s] [ 25%] [34m[1mGenerating C type support for eProsima Fast-RTPS[0m
[2.106s] [ 27%] [34m[1mGenerating C type support dispatch for ROS interfaces[0m
[2.107s] [ 29%] [34m[1mGenerating C++ type support dispatch for ROS interfaces[0m
[2.107s] [ 31%] [34m[1mGenerating C introspection for ROS interfaces[0m
[2.108s] [ 34%] [34m[1mGenerating C++ type support for eProsima Fast-RTPS[0m
[2.108s] [ 36%] [34m[1mGenerating C++ introspection for ROS interfaces[0m
[2.434s] [ 38%] [32mBuilding C object CMakeFiles/ur3e_ros_data__rosidl_typesupport_introspection_c.dir/rosidl_typesupport_introspection_c/ur3e_ros_data/action/detail/move_j__type_support.c.o[0m
[2.437s] [ 40%] [32mBuilding C object CMakeFiles/ur3e_ros_data__rosidl_typesupport_introspection_c.dir/rosidl_typesupport_introspection_c/ur3e_ros_data/msg/detail/joint_pose__type_support.c.o[0m
[2.460s] [ 43%] [32mBuilding CXX object CMakeFiles/ur3e_ros_data__rosidl_typesupport_fastrtps_c.dir/rosidl_typesupport_fastrtps_c/ur3e_ros_data/msg/detail/joint_pose__type_support_c.cpp.o[0m
[2.460s] [ 45%] [32mBuilding CXX object CMakeFiles/ur3e_ros_data__rosidl_typesupport_fastrtps_c.dir/rosidl_typesupport_fastrtps_c/ur3e_ros_data/action/detail/move_j__type_support_c.cpp.o[0m
[2.488s] [ 47%] [32m[1mLinking C shared library libur3e_ros_data__rosidl_typesupport_introspection_c.so[0m
[2.513s] [ 47%] Built target ur3e_ros_data__rosidl_typesupport_introspection_c
[2.539s] [ 52%] [32mBuilding CXX object CMakeFiles/ur3e_ros_data__rosidl_typesupport_cpp.dir/rosidl_typesupport_cpp/ur3e_ros_data/action/move_j__type_support.cpp.o[0m
[2.540s] [ 52%] [32mBuilding CXX object CMakeFiles/ur3e_ros_data__rosidl_typesupport_cpp.dir/rosidl_typesupport_cpp/ur3e_ros_data/msg/joint_pose__type_support.cpp.o[0m
[2.548s] [ 54%] [32mBuilding CXX object CMakeFiles/ur3e_ros_data__rosidl_typesupport_c.dir/rosidl_typesupport_c/ur3e_ros_data/action/move_j__type_support.cpp.o[0m
[2.549s] [ 56%] [32mBuilding CXX object CMakeFiles/ur3e_ros_data__rosidl_typesupport_c.dir/rosidl_typesupport_c/ur3e_ros_data/msg/joint_pose__type_support.cpp.o[0m
[2.609s] [ 59%] [32m[1mLinking CXX shared library libur3e_ros_data__rosidl_typesupport_c.so[0m
[2.626s] [ 63%] [32mBuilding CXX object CMakeFiles/ur3e_ros_data__rosidl_typesupport_introspection_cpp.dir/rosidl_typesupport_introspection_cpp/ur3e_ros_data/action/detail/move_j__type_support.cpp.o[0m
[2.627s] [ 63%] [32mBuilding CXX object CMakeFiles/ur3e_ros_data__rosidl_typesupport_introspection_cpp.dir/rosidl_typesupport_introspection_cpp/ur3e_ros_data/msg/detail/joint_pose__type_support.cpp.o[0m
[2.662s] [ 63%] Built target ur3e_ros_data__rosidl_typesupport_c
[2.718s] [ 68%] [32mBuilding CXX object CMakeFiles/ur3e_ros_data__rosidl_typesupport_fastrtps_cpp.dir/rosidl_typesupport_fastrtps_cpp/ur3e_ros_data/action/detail/dds_fastrtps/move_j__type_support.cpp.o[0m
[2.718s] [ 68%] [32mBuilding CXX object CMakeFiles/ur3e_ros_data__rosidl_typesupport_fastrtps_cpp.dir/rosidl_typesupport_fastrtps_cpp/ur3e_ros_data/msg/detail/dds_fastrtps/joint_pose__type_support.cpp.o[0m
[2.900s] [ 70%] [32m[1mLinking CXX shared library libur3e_ros_data__rosidl_typesupport_fastrtps_c.so[0m
[2.989s] [ 70%] Built target ur3e_ros_data__rosidl_typesupport_fastrtps_c
[3.197s] [ 72%] [32m[1mLinking CXX shared library libur3e_ros_data__rosidl_typesupport_cpp.so[0m
[3.254s] [ 72%] Built target ur3e_ros_data__rosidl_typesupport_cpp
[3.332s] [ 75%] [32m[1mLinking CXX shared library libur3e_ros_data__rosidl_typesupport_introspection_cpp.so[0m
[3.386s] [ 75%] Built target ur3e_ros_data__rosidl_typesupport_introspection_cpp
[3.444s] [ 77%] [32m[1mLinking CXX shared library libur3e_ros_data__rosidl_typesupport_fastrtps_cpp.so[0m
[3.497s] [ 77%] Built target ur3e_ros_data__rosidl_typesupport_fastrtps_cpp
[3.510s] [ 77%] Built target ur3e_ros_data
[3.529s] [ 79%] [34m[1mGenerating Python code for ROS interfaces[0m
[4.106s] [ 79%] Built target ur3e_ros_data__py
[4.119s] [ 84%] [32mBuilding C object CMakeFiles/ur3e_ros_data__rosidl_generator_py.dir/rosidl_generator_py/ur3e_ros_data/msg/_joint_pose_s.c.o[0m
[4.119s] [ 84%] [32mBuilding C object CMakeFiles/ur3e_ros_data__rosidl_generator_py.dir/rosidl_generator_py/ur3e_ros_data/action/_move_j_s.c.o[0m
[4.222s] [ 86%] [32m[1mLinking C shared library rosidl_generator_py/ur3e_ros_data/libur3e_ros_data__rosidl_generator_py.so[0m
[4.252s] [ 86%] Built target ur3e_ros_data__rosidl_generator_py
[4.266s] [ 93%] [32mBuilding C object CMakeFiles/ur3e_ros_data__rosidl_typesupport_c__pyext.dir/rosidl_generator_py/ur3e_ros_data/_ur3e_ros_data_s.ep.rosidl_typesupport_c.c.o[0m
[4.266s] [ 93%] [32mBuilding C object CMakeFiles/ur3e_ros_data__rosidl_typesupport_introspection_c__pyext.dir/rosidl_generator_py/ur3e_ros_data/_ur3e_ros_data_s.ep.rosidl_typesupport_introspection_c.c.o[0m
[4.267s] [ 93%] [32mBuilding C object CMakeFiles/ur3e_ros_data__rosidl_typesupport_fastrtps_c__pyext.dir/rosidl_generator_py/ur3e_ros_data/_ur3e_ros_data_s.ep.rosidl_typesupport_fastrtps_c.c.o[0m
[4.353s] [ 95%] [32m[1mLinking C shared library rosidl_generator_py/ur3e_ros_data/ur3e_ros_data_s__rosidl_typesupport_fastrtps_c.cpython-310-x86_64-linux-gnu.so[0m
[4.353s] [ 97%] [32m[1mLinking C shared library rosidl_generator_py/ur3e_ros_data/ur3e_ros_data_s__rosidl_typesupport_introspection_c.cpython-310-x86_64-linux-gnu.so[0m
[4.354s] [100%] [32m[1mLinking C shared library rosidl_generator_py/ur3e_ros_data/ur3e_ros_data_s__rosidl_typesupport_c.cpython-310-x86_64-linux-gnu.so[0m
[4.382s] [100%] Built target ur3e_ros_data__rosidl_typesupport_introspection_c__pyext
[4.382s] [100%] Built target ur3e_ros_data__rosidl_typesupport_c__pyext
[4.382s] [100%] Built target ur3e_ros_data__rosidl_typesupport_fastrtps_c__pyext
[4.389s] Invoked command in '/home/harry/ur3e_ws/src/build/ur3e_ros_data' returned '0': CMAKE_PREFIX_PATH=${CMAKE_PREFIX_PATH}:/home/harry/ur3e_ws/install/ur3e_ros_action:/opt/ros/iron /usr/bin/cmake --build /home/harry/ur3e_ws/src/build/ur3e_ros_data -- -j8 -l8
[4.448s] Invoking command in '/home/harry/ur3e_ws/src/build/ur3e_ros_data': CMAKE_PREFIX_PATH=${CMAKE_PREFIX_PATH}:/home/harry/ur3e_ws/install/ur3e_ros_action:/opt/ros/iron /usr/bin/cmake --install /home/harry/ur3e_ws/src/build/ur3e_ros_data
[4.454s] -- Install configuration: ""
[4.454s] -- Installing: /home/harry/ur3e_ws/src/install/ur3e_ros_data/share/ament_index/resource_index/rosidl_interfaces/ur3e_ros_data
[4.454s] -- Installing: /home/harry/ur3e_ws/src/install/ur3e_ros_data/share/ur3e_ros_data/msg/JointPose.json
[4.454s] -- Installing: /home/harry/ur3e_ws/src/install/ur3e_ros_data/share/ur3e_ros_data/action/MoveJ.json
[4.454s] -- Installing: /home/harry/ur3e_ws/src/install/ur3e_ros_data/include/ur3e_ros_data/ur3e_ros_data
[4.454s] -- Installing: /home/harry/ur3e_ws/src/install/ur3e_ros_data/include/ur3e_ros_data/ur3e_ros_data/action
[4.454s] -- Installing: /home/harry/ur3e_ws/src/install/ur3e_ros_data/include/ur3e_ros_data/ur3e_ros_data/action/detail
[4.455s] -- Installing: /home/harry/ur3e_ws/src/install/ur3e_ros_data/include/ur3e_ros_data/ur3e_ros_data/action/detail/move_j__functions.c
[4.455s] -- Installing: /home/harry/ur3e_ws/src/install/ur3e_ros_data/include/ur3e_ros_data/ur3e_ros_data/action/detail/move_j__struct.h
[4.455s] -- Installing: /home/harry/ur3e_ws/src/install/ur3e_ros_data/include/ur3e_ros_data/ur3e_ros_data/action/detail/move_j__description.c
[4.455s] -- Installing: /home/harry/ur3e_ws/src/install/ur3e_ros_data/include/ur3e_ros_data/ur3e_ros_data/action/detail/move_j__type_support.h
[4.455s] -- Installing: /home/harry/ur3e_ws/src/install/ur3e_ros_data/include/ur3e_ros_data/ur3e_ros_data/action/detail/move_j__functions.h
[4.455s] -- Installing: /home/harry/ur3e_ws/src/install/ur3e_ros_data/include/ur3e_ros_data/ur3e_ros_data/action/detail/move_j__type_support.c
[4.455s] -- Installing: /home/harry/ur3e_ws/src/install/ur3e_ros_data/include/ur3e_ros_data/ur3e_ros_data/action/move_j.h
[4.455s] -- Installing: /home/harry/ur3e_ws/src/install/ur3e_ros_data/include/ur3e_ros_data/ur3e_ros_data/msg
[4.455s] -- Installing: /home/harry/ur3e_ws/src/install/ur3e_ros_data/include/ur3e_ros_data/ur3e_ros_data/msg/detail
[4.455s] -- Installing: /home/harry/ur3e_ws/src/install/ur3e_ros_data/include/ur3e_ros_data/ur3e_ros_data/msg/detail/joint_pose__type_support.c
[4.455s] -- Installing: /home/harry/ur3e_ws/src/install/ur3e_ros_data/include/ur3e_ros_data/ur3e_ros_data/msg/detail/joint_pose__struct.h
[4.455s] -- Installing: /home/harry/ur3e_ws/src/install/ur3e_ros_data/include/ur3e_ros_data/ur3e_ros_data/msg/detail/joint_pose__functions.h
[4.455s] -- Installing: /home/harry/ur3e_ws/src/install/ur3e_ros_data/include/ur3e_ros_data/ur3e_ros_data/msg/detail/joint_pose__type_support.h
[4.455s] -- Installing: /home/harry/ur3e_ws/src/install/ur3e_ros_data/include/ur3e_ros_data/ur3e_ros_data/msg/detail/joint_pose__functions.c
[4.455s] -- Installing: /home/harry/ur3e_ws/src/install/ur3e_ros_data/include/ur3e_ros_data/ur3e_ros_data/msg/detail/joint_pose__description.c
[4.455s] -- Installing: /home/harry/ur3e_ws/src/install/ur3e_ros_data/include/ur3e_ros_data/ur3e_ros_data/msg/joint_pose.h
[4.455s] -- Installing: /home/harry/ur3e_ws/src/install/ur3e_ros_data/include/ur3e_ros_data/ur3e_ros_data/msg/rosidl_generator_c__visibility_control.h
[4.455s] -- Installing: /home/harry/ur3e_ws/src/install/ur3e_ros_data/share/ur3e_ros_data/environment/library_path.sh
[4.456s] -- Installing: /home/harry/ur3e_ws/src/install/ur3e_ros_data/share/ur3e_ros_data/environment/library_path.dsv
[4.456s] -- Installing: /home/harry/ur3e_ws/src/install/ur3e_ros_data/lib/libur3e_ros_data__rosidl_generator_c.so
[4.456s] -- Set runtime path of "/home/harry/ur3e_ws/src/install/ur3e_ros_data/lib/libur3e_ros_data__rosidl_generator_c.so" to ""
[4.456s] -- Up-to-date: /home/harry/ur3e_ws/src/install/ur3e_ros_data/include/ur3e_ros_data/ur3e_ros_data
[4.456s] -- Up-to-date: /home/harry/ur3e_ws/src/install/ur3e_ros_data/include/ur3e_ros_data/ur3e_ros_data/action
[4.456s] -- Up-to-date: /home/harry/ur3e_ws/src/install/ur3e_ros_data/include/ur3e_ros_data/ur3e_ros_data/action/detail
[4.456s] -- Installing: /home/harry/ur3e_ws/src/install/ur3e_ros_data/include/ur3e_ros_data/ur3e_ros_data/action/detail/move_j__rosidl_typesupport_fastrtps_c.h
[4.456s] -- Up-to-date: /home/harry/ur3e_ws/src/install/ur3e_ros_data/include/ur3e_ros_data/ur3e_ros_data/msg
[4.456s] -- Installing: /home/harry/ur3e_ws/src/install/ur3e_ros_data/include/ur3e_ros_data/ur3e_ros_data/msg/rosidl_typesupport_fastrtps_c__visibility_control.h
[4.456s] -- Up-to-date: /home/harry/ur3e_ws/src/install/ur3e_ros_data/include/ur3e_ros_data/ur3e_ros_data/msg/detail
[4.456s] -- Installing: /home/harry/ur3e_ws/src/install/ur3e_ros_data/include/ur3e_ros_data/ur3e_ros_data/msg/detail/joint_pose__rosidl_typesupport_fastrtps_c.h
[4.456s] -- Installing: /home/harry/ur3e_ws/src/install/ur3e_ros_data/lib/libur3e_ros_data__rosidl_typesupport_fastrtps_c.so
[4.456s] -- Set runtime path of "/home/harry/ur3e_ws/src/install/ur3e_ros_data/lib/libur3e_ros_data__rosidl_typesupport_fastrtps_c.so" to ""
[4.456s] -- Up-to-date: /home/harry/ur3e_ws/src/install/ur3e_ros_data/include/ur3e_ros_data/ur3e_ros_data
[4.457s] -- Up-to-date: /home/harry/ur3e_ws/src/install/ur3e_ros_data/include/ur3e_ros_data/ur3e_ros_data/action
[4.457s] -- Up-to-date: /home/harry/ur3e_ws/src/install/ur3e_ros_data/include/ur3e_ros_data/ur3e_ros_data/action/detail
[4.457s] -- Installing: /home/harry/ur3e_ws/src/install/ur3e_ros_data/include/ur3e_ros_data/ur3e_ros_data/action/detail/move_j__rosidl_typesupport_introspection_c.h
[4.457s] -- Up-to-date: /home/harry/ur3e_ws/src/install/ur3e_ros_data/include/ur3e_ros_data/ur3e_ros_data/action/detail/move_j__type_support.c
[4.457s] -- Up-to-date: /home/harry/ur3e_ws/src/install/ur3e_ros_data/include/ur3e_ros_data/ur3e_ros_data/msg
[4.457s] -- Installing: /home/harry/ur3e_ws/src/install/ur3e_ros_data/include/ur3e_ros_data/ur3e_ros_data/msg/rosidl_typesupport_introspection_c__visibility_control.h
[4.457s] -- Up-to-date: /home/harry/ur3e_ws/src/install/ur3e_ros_data/include/ur3e_ros_data/ur3e_ros_data/msg/detail
[4.457s] -- Up-to-date: /home/harry/ur3e_ws/src/install/ur3e_ros_data/include/ur3e_ros_data/ur3e_ros_data/msg/detail/joint_pose__type_support.c
[4.457s] -- Installing: /home/harry/ur3e_ws/src/install/ur3e_ros_data/include/ur3e_ros_data/ur3e_ros_data/msg/detail/joint_pose__rosidl_typesupport_introspection_c.h
[4.457s] -- Installing: /home/harry/ur3e_ws/src/install/ur3e_ros_data/lib/libur3e_ros_data__rosidl_typesupport_introspection_c.so
[4.457s] -- Set runtime path of "/home/harry/ur3e_ws/src/install/ur3e_ros_data/lib/libur3e_ros_data__rosidl_typesupport_introspection_c.so" to ""
[4.457s] -- Installing: /home/harry/ur3e_ws/src/install/ur3e_ros_data/lib/libur3e_ros_data__rosidl_typesupport_c.so
[4.457s] -- Set runtime path of "/home/harry/ur3e_ws/src/install/ur3e_ros_data/lib/libur3e_ros_data__rosidl_typesupport_c.so" to ""
[4.457s] -- Up-to-date: /home/harry/ur3e_ws/src/install/ur3e_ros_data/include/ur3e_ros_data/ur3e_ros_data
[4.457s] -- Up-to-date: /home/harry/ur3e_ws/src/install/ur3e_ros_data/include/ur3e_ros_data/ur3e_ros_data/action
[4.457s] -- Installing: /home/harry/ur3e_ws/src/install/ur3e_ros_data/include/ur3e_ros_data/ur3e_ros_data/action/move_j.hpp
[4.457s] -- Up-to-date: /home/harry/ur3e_ws/src/install/ur3e_ros_data/include/ur3e_ros_data/ur3e_ros_data/action/detail
[4.457s] -- Installing: /home/harry/ur3e_ws/src/install/ur3e_ros_data/include/ur3e_ros_data/ur3e_ros_data/action/detail/move_j__builder.hpp
[4.457s] -- Installing: /home/harry/ur3e_ws/src/install/ur3e_ros_data/include/ur3e_ros_data/ur3e_ros_data/action/detail/move_j__traits.hpp
[4.457s] -- Installing: /home/harry/ur3e_ws/src/install/ur3e_ros_data/include/ur3e_ros_data/ur3e_ros_data/action/detail/move_j__struct.hpp
[4.457s] -- Up-to-date: /home/harry/ur3e_ws/src/install/ur3e_ros_data/include/ur3e_ros_data/ur3e_ros_data/msg
[4.458s] -- Up-to-date: /home/harry/ur3e_ws/src/install/ur3e_ros_data/include/ur3e_ros_data/ur3e_ros_data/msg/detail
[4.458s] -- Installing: /home/harry/ur3e_ws/src/install/ur3e_ros_data/include/ur3e_ros_data/ur3e_ros_data/msg/detail/joint_pose__traits.hpp
[4.458s] -- Installing: /home/harry/ur3e_ws/src/install/ur3e_ros_data/include/ur3e_ros_data/ur3e_ros_data/msg/detail/joint_pose__builder.hpp
[4.458s] -- Installing: /home/harry/ur3e_ws/src/install/ur3e_ros_data/include/ur3e_ros_data/ur3e_ros_data/msg/detail/joint_pose__struct.hpp
[4.458s] -- Installing: /home/harry/ur3e_ws/src/install/ur3e_ros_data/include/ur3e_ros_data/ur3e_ros_data/msg/joint_pose.hpp
[4.458s] -- Up-to-date: /home/harry/ur3e_ws/src/install/ur3e_ros_data/include/ur3e_ros_data/ur3e_ros_data
[4.458s] -- Up-to-date: /home/harry/ur3e_ws/src/install/ur3e_ros_data/include/ur3e_ros_data/ur3e_ros_data/action
[4.458s] -- Up-to-date: /home/harry/ur3e_ws/src/install/ur3e_ros_data/include/ur3e_ros_data/ur3e_ros_data/action/detail
[4.458s] -- Installing: /home/harry/ur3e_ws/src/install/ur3e_ros_data/include/ur3e_ros_data/ur3e_ros_data/action/detail/move_j__rosidl_typesupport_fastrtps_cpp.hpp
[4.458s] -- Installing: /home/harry/ur3e_ws/src/install/ur3e_ros_data/include/ur3e_ros_data/ur3e_ros_data/action/detail/dds_fastrtps
[4.458s] -- Up-to-date: /home/harry/ur3e_ws/src/install/ur3e_ros_data/include/ur3e_ros_data/ur3e_ros_data/msg
[4.458s] -- Installing: /home/harry/ur3e_ws/src/install/ur3e_ros_data/include/ur3e_ros_data/ur3e_ros_data/msg/rosidl_typesupport_fastrtps_cpp__visibility_control.h
[4.458s] -- Up-to-date: /home/harry/ur3e_ws/src/install/ur3e_ros_data/include/ur3e_ros_data/ur3e_ros_data/msg/detail
[4.458s] -- Installing: /home/harry/ur3e_ws/src/install/ur3e_ros_data/include/ur3e_ros_data/ur3e_ros_data/msg/detail/joint_pose__rosidl_typesupport_fastrtps_cpp.hpp
[4.458s] -- Installing: /home/harry/ur3e_ws/src/install/ur3e_ros_data/include/ur3e_ros_data/ur3e_ros_data/msg/detail/dds_fastrtps
[4.458s] -- Installing: /home/harry/ur3e_ws/src/install/ur3e_ros_data/lib/libur3e_ros_data__rosidl_typesupport_fastrtps_cpp.so
[4.458s] -- Set runtime path of "/home/harry/ur3e_ws/src/install/ur3e_ros_data/lib/libur3e_ros_data__rosidl_typesupport_fastrtps_cpp.so" to ""
[4.458s] -- Up-to-date: /home/harry/ur3e_ws/src/install/ur3e_ros_data/include/ur3e_ros_data/ur3e_ros_data
[4.459s] -- Up-to-date: /home/harry/ur3e_ws/src/install/ur3e_ros_data/include/ur3e_ros_data/ur3e_ros_data/action
[4.459s] -- Up-to-date: /home/harry/ur3e_ws/src/install/ur3e_ros_data/include/ur3e_ros_data/ur3e_ros_data/action/detail
[4.459s] -- Installing: /home/harry/ur3e_ws/src/install/ur3e_ros_data/include/ur3e_ros_data/ur3e_ros_data/action/detail/move_j__rosidl_typesupport_introspection_cpp.hpp
[4.459s] -- Installing: /home/harry/ur3e_ws/src/install/ur3e_ros_data/include/ur3e_ros_data/ur3e_ros_data/action/detail/move_j__type_support.cpp
[4.459s] -- Up-to-date: /home/harry/ur3e_ws/src/install/ur3e_ros_data/include/ur3e_ros_data/ur3e_ros_data/msg
[4.459s] -- Up-to-date: /home/harry/ur3e_ws/src/install/ur3e_ros_data/include/ur3e_ros_data/ur3e_ros_data/msg/detail
[4.459s] -- Installing: /home/harry/ur3e_ws/src/install/ur3e_ros_data/include/ur3e_ros_data/ur3e_ros_data/msg/detail/joint_pose__type_support.cpp
[4.459s] -- Installing: /home/harry/ur3e_ws/src/install/ur3e_ros_data/include/ur3e_ros_data/ur3e_ros_data/msg/detail/joint_pose__rosidl_typesupport_introspection_cpp.hpp
[4.459s] -- Installing: /home/harry/ur3e_ws/src/install/ur3e_ros_data/lib/libur3e_ros_data__rosidl_typesupport_introspection_cpp.so
[4.459s] -- Set runtime path of "/home/harry/ur3e_ws/src/install/ur3e_ros_data/lib/libur3e_ros_data__rosidl_typesupport_introspection_cpp.so" to ""
[4.459s] -- Installing: /home/harry/ur3e_ws/src/install/ur3e_ros_data/lib/libur3e_ros_data__rosidl_typesupport_cpp.so
[4.459s] -- Set runtime path of "/home/harry/ur3e_ws/src/install/ur3e_ros_data/lib/libur3e_ros_data__rosidl_typesupport_cpp.so" to ""
[4.459s] -- Installing: /home/harry/ur3e_ws/src/install/ur3e_ros_data/share/ur3e_ros_data/environment/pythonpath.sh
[4.459s] -- Installing: /home/harry/ur3e_ws/src/install/ur3e_ros_data/share/ur3e_ros_data/environment/pythonpath.dsv
[4.459s] -- Installing: /home/harry/ur3e_ws/src/install/ur3e_ros_data/lib/python3.10/site-packages/ur3e_ros_data-0.0.0-py3.10.egg-info
[4.459s] -- Installing: /home/harry/ur3e_ws/src/install/ur3e_ros_data/lib/python3.10/site-packages/ur3e_ros_data-0.0.0-py3.10.egg-info/PKG-INFO
[4.459s] -- Installing: /home/harry/ur3e_ws/src/install/ur3e_ros_data/lib/python3.10/site-packages/ur3e_ros_data-0.0.0-py3.10.egg-info/top_level.txt
[4.459s] -- Installing: /home/harry/ur3e_ws/src/install/ur3e_ros_data/lib/python3.10/site-packages/ur3e_ros_data-0.0.0-py3.10.egg-info/SOURCES.txt
[4.459s] -- Installing: /home/harry/ur3e_ws/src/install/ur3e_ros_data/lib/python3.10/site-packages/ur3e_ros_data-0.0.0-py3.10.egg-info/dependency_links.txt
[4.460s] -- Installing: /home/harry/ur3e_ws/src/install/ur3e_ros_data/lib/python3.10/site-packages/ur3e_ros_data
[4.460s] -- Installing: /home/harry/ur3e_ws/src/install/ur3e_ros_data/lib/python3.10/site-packages/ur3e_ros_data/_ur3e_ros_data_s.ep.rosidl_typesupport_introspection_c.c
[4.460s] -- Installing: /home/harry/ur3e_ws/src/install/ur3e_ros_data/lib/python3.10/site-packages/ur3e_ros_data/_ur3e_ros_data_s.ep.rosidl_typesupport_fastrtps_c.c
[4.460s] -- Installing: /home/harry/ur3e_ws/src/install/ur3e_ros_data/lib/python3.10/site-packages/ur3e_ros_data/__init__.py
[4.460s] -- Installing: /home/harry/ur3e_ws/src/install/ur3e_ros_data/lib/python3.10/site-packages/ur3e_ros_data/ur3e_ros_data_s__rosidl_typesupport_introspection_c.cpython-310-x86_64-linux-gnu.so
[4.460s] -- Installing: /home/harry/ur3e_ws/src/install/ur3e_ros_data/lib/python3.10/site-packages/ur3e_ros_data/ur3e_ros_data_s__rosidl_typesupport_fastrtps_c.cpython-310-x86_64-linux-gnu.so
[4.460s] -- Installing: /home/harry/ur3e_ws/src/install/ur3e_ros_data/lib/python3.10/site-packages/ur3e_ros_data/ur3e_ros_data_s__rosidl_typesupport_c.cpython-310-x86_64-linux-gnu.so
[4.460s] -- Installing: /home/harry/ur3e_ws/src/install/ur3e_ros_data/lib/python3.10/site-packages/ur3e_ros_data/action
[4.460s] -- Installing: /home/harry/ur3e_ws/src/install/ur3e_ros_data/lib/python3.10/site-packages/ur3e_ros_data/action/__init__.py
[4.460s] -- Installing: /home/harry/ur3e_ws/src/install/ur3e_ros_data/lib/python3.10/site-packages/ur3e_ros_data/action/_move_j_s.c
[4.460s] -- Installing: /home/harry/ur3e_ws/src/install/ur3e_ros_data/lib/python3.10/site-packages/ur3e_ros_data/action/_move_j.py
[4.460s] -- Installing: /home/harry/ur3e_ws/src/install/ur3e_ros_data/lib/python3.10/site-packages/ur3e_ros_data/msg
[4.460s] -- Installing: /home/harry/ur3e_ws/src/install/ur3e_ros_data/lib/python3.10/site-packages/ur3e_ros_data/msg/_joint_pose.py
[4.460s] -- Installing: /home/harry/ur3e_ws/src/install/ur3e_ros_data/lib/python3.10/site-packages/ur3e_ros_data/msg/__init__.py
[4.460s] -- Installing: /home/harry/ur3e_ws/src/install/ur3e_ros_data/lib/python3.10/site-packages/ur3e_ros_data/msg/_joint_pose_s.c
[4.460s] -- Installing: /home/harry/ur3e_ws/src/install/ur3e_ros_data/lib/python3.10/site-packages/ur3e_ros_data/_ur3e_ros_data_s.ep.rosidl_typesupport_c.c
[4.460s] -- Installing: /home/harry/ur3e_ws/src/install/ur3e_ros_data/lib/python3.10/site-packages/ur3e_ros_data/libur3e_ros_data__rosidl_generator_py.so
[4.488s] Listing '/home/harry/ur3e_ws/src/install/ur3e_ros_data/lib/python3.10/site-packages/ur3e_ros_data'...
[4.488s] Compiling '/home/harry/ur3e_ws/src/install/ur3e_ros_data/lib/python3.10/site-packages/ur3e_ros_data/__init__.py'...
[4.488s] Listing '/home/harry/ur3e_ws/src/install/ur3e_ros_data/lib/python3.10/site-packages/ur3e_ros_data/action'...
[4.488s] Compiling '/home/harry/ur3e_ws/src/install/ur3e_ros_data/lib/python3.10/site-packages/ur3e_ros_data/action/__init__.py'...
[4.488s] Compiling '/home/harry/ur3e_ws/src/install/ur3e_ros_data/lib/python3.10/site-packages/ur3e_ros_data/action/_move_j.py'...
[4.488s] Listing '/home/harry/ur3e_ws/src/install/ur3e_ros_data/lib/python3.10/site-packages/ur3e_ros_data/msg'...
[4.488s] Compiling '/home/harry/ur3e_ws/src/install/ur3e_ros_data/lib/python3.10/site-packages/ur3e_ros_data/msg/__init__.py'...
[4.488s] Compiling '/home/harry/ur3e_ws/src/install/ur3e_ros_data/lib/python3.10/site-packages/ur3e_ros_data/msg/_joint_pose.py'...
[4.490s] -- Installing: /home/harry/ur3e_ws/src/install/ur3e_ros_data/lib/python3.10/site-packages/ur3e_ros_data/ur3e_ros_data_s__rosidl_typesupport_fastrtps_c.cpython-310-x86_64-linux-gnu.so
[4.490s] -- Set runtime path of "/home/harry/ur3e_ws/src/install/ur3e_ros_data/lib/python3.10/site-packages/ur3e_ros_data/ur3e_ros_data_s__rosidl_typesupport_fastrtps_c.cpython-310-x86_64-linux-gnu.so" to ""
[4.490s] -- Installing: /home/harry/ur3e_ws/src/install/ur3e_ros_data/lib/python3.10/site-packages/ur3e_ros_data/ur3e_ros_data_s__rosidl_typesupport_introspection_c.cpython-310-x86_64-linux-gnu.so
[4.491s] -- Set runtime path of "/home/harry/ur3e_ws/src/install/ur3e_ros_data/lib/python3.10/site-packages/ur3e_ros_data/ur3e_ros_data_s__rosidl_typesupport_introspection_c.cpython-310-x86_64-linux-gnu.so" to ""
[4.491s] -- Installing: /home/harry/ur3e_ws/src/install/ur3e_ros_data/lib/python3.10/site-packages/ur3e_ros_data/ur3e_ros_data_s__rosidl_typesupport_c.cpython-310-x86_64-linux-gnu.so
[4.491s] -- Set runtime path of "/home/harry/ur3e_ws/src/install/ur3e_ros_data/lib/python3.10/site-packages/ur3e_ros_data/ur3e_ros_data_s__rosidl_typesupport_c.cpython-310-x86_64-linux-gnu.so" to ""
[4.491s] -- Installing: /home/harry/ur3e_ws/src/install/ur3e_ros_data/lib/libur3e_ros_data__rosidl_generator_py.so
[4.491s] -- Set runtime path of "/home/harry/ur3e_ws/src/install/ur3e_ros_data/lib/libur3e_ros_data__rosidl_generator_py.so" to ""
[4.491s] -- Installing: /home/harry/ur3e_ws/src/install/ur3e_ros_data/share/ur3e_ros_data/msg/JointPose.idl
[4.491s] -- Installing: /home/harry/ur3e_ws/src/install/ur3e_ros_data/share/ur3e_ros_data/action/MoveJ.idl
[4.491s] -- Installing: /home/harry/ur3e_ws/src/install/ur3e_ros_data/share/ur3e_ros_data/msg/JointPose.msg
[4.491s] -- Installing: /home/harry/ur3e_ws/src/install/ur3e_ros_data/share/ur3e_ros_data/action/MoveJ.action
[4.491s] -- Installing: /home/harry/ur3e_ws/src/install/ur3e_ros_data/share/ament_index/resource_index/package_run_dependencies/ur3e_ros_data
[4.492s] -- Installing: /home/harry/ur3e_ws/src/install/ur3e_ros_data/share/ament_index/resource_index/parent_prefix_path/ur3e_ros_data
[4.492s] -- Installing: /home/harry/ur3e_ws/src/install/ur3e_ros_data/share/ur3e_ros_data/environment/ament_prefix_path.sh
[4.492s] -- Installing: /home/harry/ur3e_ws/src/install/ur3e_ros_data/share/ur3e_ros_data/environment/ament_prefix_path.dsv
[4.492s] -- Installing: /home/harry/ur3e_ws/src/install/ur3e_ros_data/share/ur3e_ros_data/environment/path.sh
[4.492s] -- Installing: /home/harry/ur3e_ws/src/install/ur3e_ros_data/share/ur3e_ros_data/environment/path.dsv
[4.492s] -- Installing: /home/harry/ur3e_ws/src/install/ur3e_ros_data/share/ur3e_ros_data/local_setup.bash
[4.492s] -- Installing: /home/harry/ur3e_ws/src/install/ur3e_ros_data/share/ur3e_ros_data/local_setup.sh
[4.492s] -- Installing: /home/harry/ur3e_ws/src/install/ur3e_ros_data/share/ur3e_ros_data/local_setup.zsh
[4.492s] -- Installing: /home/harry/ur3e_ws/src/install/ur3e_ros_data/share/ur3e_ros_data/local_setup.dsv
[4.492s] -- Installing: /home/harry/ur3e_ws/src/install/ur3e_ros_data/share/ur3e_ros_data/package.dsv
[4.492s] -- Installing: /home/harry/ur3e_ws/src/install/ur3e_ros_data/share/ament_index/resource_index/packages/ur3e_ros_data
[4.492s] -- Installing: /home/harry/ur3e_ws/src/install/ur3e_ros_data/share/ur3e_ros_data/cmake/export_ur3e_ros_data__rosidl_generator_cExport.cmake
[4.492s] -- Installing: /home/harry/ur3e_ws/src/install/ur3e_ros_data/share/ur3e_ros_data/cmake/export_ur3e_ros_data__rosidl_generator_cExport-noconfig.cmake
[4.492s] -- Installing: /home/harry/ur3e_ws/src/install/ur3e_ros_data/share/ur3e_ros_data/cmake/export_ur3e_ros_data__rosidl_typesupport_fastrtps_cExport.cmake
[4.492s] -- Installing: /home/harry/ur3e_ws/src/install/ur3e_ros_data/share/ur3e_ros_data/cmake/export_ur3e_ros_data__rosidl_typesupport_fastrtps_cExport-noconfig.cmake
[4.493s] -- Installing: /home/harry/ur3e_ws/src/install/ur3e_ros_data/share/ur3e_ros_data/cmake/ur3e_ros_data__rosidl_typesupport_introspection_cExport.cmake
[4.493s] -- Installing: /home/harry/ur3e_ws/src/install/ur3e_ros_data/share/ur3e_ros_data/cmake/ur3e_ros_data__rosidl_typesupport_introspection_cExport-noconfig.cmake
[4.493s] -- Installing: /home/harry/ur3e_ws/src/install/ur3e_ros_data/share/ur3e_ros_data/cmake/ur3e_ros_data__rosidl_typesupport_cExport.cmake
[4.493s] -- Installing: /home/harry/ur3e_ws/src/install/ur3e_ros_data/share/ur3e_ros_data/cmake/ur3e_ros_data__rosidl_typesupport_cExport-noconfig.cmake
[4.493s] -- Installing: /home/harry/ur3e_ws/src/install/ur3e_ros_data/share/ur3e_ros_data/cmake/export_ur3e_ros_data__rosidl_generator_cppExport.cmake
[4.493s] -- Installing: /home/harry/ur3e_ws/src/install/ur3e_ros_data/share/ur3e_ros_data/cmake/export_ur3e_ros_data__rosidl_typesupport_fastrtps_cppExport.cmake
[4.493s] -- Installing: /home/harry/ur3e_ws/src/install/ur3e_ros_data/share/ur3e_ros_data/cmake/export_ur3e_ros_data__rosidl_typesupport_fastrtps_cppExport-noconfig.cmake
[4.493s] -- Installing: /home/harry/ur3e_ws/src/install/ur3e_ros_data/share/ur3e_ros_data/cmake/ur3e_ros_data__rosidl_typesupport_introspection_cppExport.cmake
[4.493s] -- Installing: /home/harry/ur3e_ws/src/install/ur3e_ros_data/share/ur3e_ros_data/cmake/ur3e_ros_data__rosidl_typesupport_introspection_cppExport-noconfig.cmake
[4.493s] -- Installing: /home/harry/ur3e_ws/src/install/ur3e_ros_data/share/ur3e_ros_data/cmake/ur3e_ros_data__rosidl_typesupport_cppExport.cmake
[4.493s] -- Installing: /home/harry/ur3e_ws/src/install/ur3e_ros_data/share/ur3e_ros_data/cmake/ur3e_ros_data__rosidl_typesupport_cppExport-noconfig.cmake
[4.493s] -- Installing: /home/harry/ur3e_ws/src/install/ur3e_ros_data/share/ur3e_ros_data/cmake/export_ur3e_ros_data__rosidl_generator_pyExport.cmake
[4.493s] -- Installing: /home/harry/ur3e_ws/src/install/ur3e_ros_data/share/ur3e_ros_data/cmake/export_ur3e_ros_data__rosidl_generator_pyExport-noconfig.cmake
[4.493s] -- Installing: /home/harry/ur3e_ws/src/install/ur3e_ros_data/share/ur3e_ros_data/cmake/rosidl_cmake-extras.cmake
[4.493s] -- Installing: /home/harry/ur3e_ws/src/install/ur3e_ros_data/share/ur3e_ros_data/cmake/ament_cmake_export_dependencies-extras.cmake
[4.494s] -- Installing: /home/harry/ur3e_ws/src/install/ur3e_ros_data/share/ur3e_ros_data/cmake/ament_cmake_export_include_directories-extras.cmake
[4.494s] -- Installing: /home/harry/ur3e_ws/src/install/ur3e_ros_data/share/ur3e_ros_data/cmake/ament_cmake_export_libraries-extras.cmake
[4.494s] -- Installing: /home/harry/ur3e_ws/src/install/ur3e_ros_data/share/ur3e_ros_data/cmake/ament_cmake_export_targets-extras.cmake
[4.494s] -- Installing: /home/harry/ur3e_ws/src/install/ur3e_ros_data/share/ur3e_ros_data/cmake/rosidl_cmake_export_typesupport_targets-extras.cmake
[4.494s] -- Installing: /home/harry/ur3e_ws/src/install/ur3e_ros_data/share/ur3e_ros_data/cmake/rosidl_cmake_export_typesupport_libraries-extras.cmake
[4.494s] -- Installing: /home/harry/ur3e_ws/src/install/ur3e_ros_data/share/ur3e_ros_data/cmake/ur3e_ros_dataConfig.cmake
[4.494s] -- Installing: /home/harry/ur3e_ws/src/install/ur3e_ros_data/share/ur3e_ros_data/cmake/ur3e_ros_dataConfig-version.cmake
[4.494s] -- Installing: /home/harry/ur3e_ws/src/install/ur3e_ros_data/share/ur3e_ros_data/package.xml
[4.496s] Invoked command in '/home/harry/ur3e_ws/src/build/ur3e_ros_data' returned '0': CMAKE_PREFIX_PATH=${CMAKE_PREFIX_PATH}:/home/harry/ur3e_ws/install/ur3e_ros_action:/opt/ros/iron /usr/bin/cmake --install /home/harry/ur3e_ws/src/build/ur3e_ros_data
