-- Found ament_cmake: 2.0.4 (/opt/ros/iron/share/ament_cmake/cmake)
-- Found angles: 1.16.0 (/opt/ros/iron/share/angles/cmake)
-- Found controller_interface: 3.24.0 (/opt/ros/iron/share/controller_interface/cmake)
-- Found rosidl_generator_c: 4.0.1 (/opt/ros/iron/share/rosidl_generator_c/cmake)
-- Found rosidl_generator_cpp: 4.0.1 (/opt/ros/iron/share/rosidl_generator_cpp/cmake)
-- Using all available rosidl_typesupport_c: rosidl_typesupport_fastrtps_c;rosidl_typesupport_introspection_c
-- Using all available rosidl_typesupport_cpp: rosidl_typesupport_fastrtps_cpp;rosidl_typesupport_introspection_cpp
-- Found rmw_implementation_cmake: 7.1.0 (/opt/ros/iron/share/rmw_implementation_cmake/cmake)
-- Found rmw_fastrtps_cpp: 7.1.3 (/opt/ros/iron/share/rmw_fastrtps_cpp/cmake)
-- Found TinyXML2 via Config file: TinyXML2_DIR-NOTFOUND
-- Found TinyXML2 via Config file: TinyXML2_DIR-NOTFOUND
-- Found TinyXML2 via Config file: TinyXML2_DIR-NOTFOUND
-- Found TinyXML2 via Config file: TinyXML2_DIR-NOTFOUND
-- Using RMW implementation 'rmw_fastrtps_cpp' as default
-- Found joint_trajectory_controller: 3.22.0 (/opt/ros/iron/share/joint_trajectory_controller/cmake)
-- Found parameter_traits: 0.3.7 (/opt/ros/iron/share/parameter_traits/cmake)
-- Found std_srvs: 5.0.0 (/opt/ros/iron/share/std_srvs/cmake)
-- Found ur_dashboard_msgs: 2.4.4 (/home/harry/ur3e_ws/install/ur_dashboard_msgs/share/ur_dashboard_msgs/cmake)
[31mCMake Error at CMakeLists.txt:20 (find_package):
  By not providing "Findur_msgs.cmake" in CMAKE_MODULE_PATH this project has
  asked CMake to find a package configuration file provided by "ur_msgs", but
  CMake did not find one.

  Could not find a package configuration file provided by "ur_msgs" with any
  of the following names:

    ur_msgsConfig.cmake
    ur_msgs-config.cmake

  Add the installation prefix of "ur_msgs" to CMAKE_PREFIX_PATH or set
  "ur_msgs_DIR" to a directory containing one of the above files.  If
  "ur_msgs" provides a separate development package or SDK, be sure it has
  been installed.

[0m
-- Configuring incomplete, errors occurred!
See also "/home/harry/ur3e_ws/build/ur_controllers/CMakeFiles/CMakeOutput.log".
