[0.029s] Invoking command in '/home/harry/ur3e_ws/src/build/ur3e_moveit_config': CMAKE_PREFIX_PATH=${CMAKE_PREFIX_PATH}:/home/harry/ur3e_ws/src/install/ur3e_ros_action:/home/harry/ur3e_ws/install/ur3e_ros_action:/opt/ros/iron /usr/bin/cmake /home/harry/ur3e_ws/src/ur3e_moveit_config -DCMAKE_INSTALL_PREFIX=/home/harry/ur3e_ws/src/install/ur3e_moveit_config
[0.246s] -- The C compiler identification is GNU 11.4.0
[0.246s] -- The CXX compiler identification is GNU 11.4.0
[0.246s] -- Detecting C compiler ABI info
[0.246s] -- Detecting C compiler ABI info - done
[0.246s] -- Check for working C compiler: /usr/bin/cc - skipped
[0.246s] -- Detecting C compile features
[0.246s] -- Detecting C compile features - done
[0.246s] -- Detecting CXX compiler ABI info
[0.251s] -- Detecting CXX compiler ABI info - done
[0.258s] -- Check for working CXX compiler: /usr/bin/c++ - skipped
[0.258s] -- Detecting CXX compile features
[0.258s] -- Detecting CXX compile features - done
[0.261s] -- Found ament_cmake: 2.0.4 (/opt/ros/iron/share/ament_cmake/cmake)
[0.415s] -- Found Python3: /usr/bin/python3.10 (found version "3.10.12") found components: Interpreter 
[0.518s] -- Found ament_lint_auto: 0.14.3 (/opt/ros/iron/share/ament_lint_auto/cmake)
[0.587s] -- Added test 'lint_cmake' to check CMake code style
[0.588s] -- Added test 'xmllint' to check XML markup files
[0.589s] -- Configuring done
[0.592s] -- Generating done
[0.593s] -- Build files have been written to: /home/harry/ur3e_ws/src/build/ur3e_moveit_config
[0.597s] Invoked command in '/home/harry/ur3e_ws/src/build/ur3e_moveit_config' returned '0': CMAKE_PREFIX_PATH=${CMAKE_PREFIX_PATH}:/home/harry/ur3e_ws/src/install/ur3e_ros_action:/home/harry/ur3e_ws/install/ur3e_ros_action:/opt/ros/iron /usr/bin/cmake /home/harry/ur3e_ws/src/ur3e_moveit_config -DCMAKE_INSTALL_PREFIX=/home/harry/ur3e_ws/src/install/ur3e_moveit_config
[0.598s] Invoking command in '/home/harry/ur3e_ws/src/build/ur3e_moveit_config': CMAKE_PREFIX_PATH=${CMAKE_PREFIX_PATH}:/home/harry/ur3e_ws/src/install/ur3e_ros_action:/home/harry/ur3e_ws/install/ur3e_ros_action:/opt/ros/iron /usr/bin/cmake --build /home/harry/ur3e_ws/src/build/ur3e_moveit_config -- -j8 -l8
[0.637s] Invoked command in '/home/harry/ur3e_ws/src/build/ur3e_moveit_config' returned '0': CMAKE_PREFIX_PATH=${CMAKE_PREFIX_PATH}:/home/harry/ur3e_ws/src/install/ur3e_ros_action:/home/harry/ur3e_ws/install/ur3e_ros_action:/opt/ros/iron /usr/bin/cmake --build /home/harry/ur3e_ws/src/build/ur3e_moveit_config -- -j8 -l8
[0.653s] Invoking command in '/home/harry/ur3e_ws/src/build/ur3e_moveit_config': CMAKE_PREFIX_PATH=${CMAKE_PREFIX_PATH}:/home/harry/ur3e_ws/src/install/ur3e_ros_action:/home/harry/ur3e_ws/install/ur3e_ros_action:/opt/ros/iron /usr/bin/cmake --install /home/harry/ur3e_ws/src/build/ur3e_moveit_config
[0.659s] -- Install configuration: ""
[0.660s] -- Installing: /home/harry/ur3e_ws/src/install/ur3e_moveit_config/share/ament_index/resource_index/package_run_dependencies/ur3e_moveit_config
[0.660s] -- Installing: /home/harry/ur3e_ws/src/install/ur3e_moveit_config/share/ament_index/resource_index/parent_prefix_path/ur3e_moveit_config
[0.660s] -- Installing: /home/harry/ur3e_ws/src/install/ur3e_moveit_config/share/ur3e_moveit_config/environment/ament_prefix_path.sh
[0.661s] -- Installing: /home/harry/ur3e_ws/src/install/ur3e_moveit_config/share/ur3e_moveit_config/environment/ament_prefix_path.dsv
[0.661s] -- Installing: /home/harry/ur3e_ws/src/install/ur3e_moveit_config/share/ur3e_moveit_config/environment/path.sh
[0.661s] -- Installing: /home/harry/ur3e_ws/src/install/ur3e_moveit_config/share/ur3e_moveit_config/environment/path.dsv
[0.661s] -- Installing: /home/harry/ur3e_ws/src/install/ur3e_moveit_config/share/ur3e_moveit_config/local_setup.bash
[0.662s] -- Installing: /home/harry/ur3e_ws/src/install/ur3e_moveit_config/share/ur3e_moveit_config/local_setup.sh
[0.662s] -- Installing: /home/harry/ur3e_ws/src/install/ur3e_moveit_config/share/ur3e_moveit_config/local_setup.zsh
[0.662s] -- Installing: /home/harry/ur3e_ws/src/install/ur3e_moveit_config/share/ur3e_moveit_config/local_setup.dsv
[0.662s] -- Installing: /home/harry/ur3e_ws/src/install/ur3e_moveit_config/share/ur3e_moveit_config/package.dsv
[0.663s] -- Installing: /home/harry/ur3e_ws/src/install/ur3e_moveit_config/share/ament_index/resource_index/packages/ur3e_moveit_config
[0.663s] -- Installing: /home/harry/ur3e_ws/src/install/ur3e_moveit_config/share/ur3e_moveit_config/cmake/ur3e_moveit_configConfig.cmake
[0.663s] -- Installing: /home/harry/ur3e_ws/src/install/ur3e_moveit_config/share/ur3e_moveit_config/cmake/ur3e_moveit_configConfig-version.cmake
[0.663s] -- Installing: /home/harry/ur3e_ws/src/install/ur3e_moveit_config/share/ur3e_moveit_config/package.xml
[0.664s] Invoked command in '/home/harry/ur3e_ws/src/build/ur3e_moveit_config' returned '0': CMAKE_PREFIX_PATH=${CMAKE_PREFIX_PATH}:/home/harry/ur3e_ws/src/install/ur3e_ros_action:/home/harry/ur3e_ws/install/ur3e_ros_action:/opt/ros/iron /usr/bin/cmake --install /home/harry/ur3e_ws/src/build/ur3e_moveit_config
