[2.362s] Invoking command in '/home/harry/ur_ws/src/ur3e_ros_action': PYTHONPATH=/home/harry/ur_ws/build/ur3e_ros_action/prefix_override:/home/harry/ur_ws/install/ur3e_ros_action/lib/python3.10/site-packages:${PYTHONPATH} /usr/bin/python3 -W ignore:setup.py install is deprecated setup.py egg_info --egg-base ../../build/ur3e_ros_action build --build-base /home/harry/ur_ws/build/ur3e_ros_action/build install --record /home/harry/ur_ws/build/ur3e_ros_action/install.log --single-version-externally-managed install_data
[3.209s] running egg_info
[3.209s] creating ../../build/ur3e_ros_action/ur3e_ros_action.egg-info
[3.218s] writing ../../build/ur3e_ros_action/ur3e_ros_action.egg-info/PKG-INFO
[3.223s] writing dependency_links to ../../build/ur3e_ros_action/ur3e_ros_action.egg-info/dependency_links.txt
[3.227s] writing entry points to ../../build/ur3e_ros_action/ur3e_ros_action.egg-info/entry_points.txt
[3.229s] writing requirements to ../../build/ur3e_ros_action/ur3e_ros_action.egg-info/requires.txt
[3.231s] writing top-level names to ../../build/ur3e_ros_action/ur3e_ros_action.egg-info/top_level.txt
[3.233s] writing manifest file '../../build/ur3e_ros_action/ur3e_ros_action.egg-info/SOURCES.txt'
[3.241s] reading manifest file '../../build/ur3e_ros_action/ur3e_ros_action.egg-info/SOURCES.txt'
[3.244s] writing manifest file '../../build/ur3e_ros_action/ur3e_ros_action.egg-info/SOURCES.txt'
[3.247s] running build
[3.247s] running build_py
[3.250s] creating /home/harry/ur_ws/build/ur3e_ros_action/build
[3.250s] creating /home/harry/ur_ws/build/ur3e_ros_action/build/lib
[3.251s] creating /home/harry/ur_ws/build/ur3e_ros_action/build/lib/ur3e_ros_action
[3.251s] copying ur3e_ros_action/moveJ_action.py -> /home/harry/ur_ws/build/ur3e_ros_action/build/lib/ur3e_ros_action
[3.252s] copying ur3e_ros_action/__init__.py -> /home/harry/ur_ws/build/ur3e_ros_action/build/lib/ur3e_ros_action
[3.254s] running install
[3.256s] running install_lib
[3.259s] creating /home/harry/ur_ws/install/ur3e_ros_action/lib/python3.10/site-packages/ur3e_ros_action
[3.260s] copying /home/harry/ur_ws/build/ur3e_ros_action/build/lib/ur3e_ros_action/moveJ_action.py -> /home/harry/ur_ws/install/ur3e_ros_action/lib/python3.10/site-packages/ur3e_ros_action
[3.263s] copying /home/harry/ur_ws/build/ur3e_ros_action/build/lib/ur3e_ros_action/__init__.py -> /home/harry/ur_ws/install/ur3e_ros_action/lib/python3.10/site-packages/ur3e_ros_action
[3.266s] byte-compiling /home/harry/ur_ws/install/ur3e_ros_action/lib/python3.10/site-packages/ur3e_ros_action/moveJ_action.py to moveJ_action.cpython-310.pyc
[3.270s] byte-compiling /home/harry/ur_ws/install/ur3e_ros_action/lib/python3.10/site-packages/ur3e_ros_action/__init__.py to __init__.cpython-310.pyc
[3.273s] running install_data
[3.275s] creating /home/harry/ur_ws/install/ur3e_ros_action/share/ament_index
[3.276s] creating /home/harry/ur_ws/install/ur3e_ros_action/share/ament_index/resource_index
[3.277s] creating /home/harry/ur_ws/install/ur3e_ros_action/share/ament_index/resource_index/packages
[3.279s] copying resource/ur3e_ros_action -> /home/harry/ur_ws/install/ur3e_ros_action/share/ament_index/resource_index/packages
[3.281s] copying package.xml -> /home/harry/ur_ws/install/ur3e_ros_action/share/ur3e_ros_action
[3.283s] running install_egg_info
[3.288s] Copying ../../build/ur3e_ros_action/ur3e_ros_action.egg-info to /home/harry/ur_ws/install/ur3e_ros_action/lib/python3.10/site-packages/ur3e_ros_action-0.0.0-py3.10.egg-info
[3.306s] running install_scripts
[3.377s] Installing moveJ script to /home/harry/ur_ws/install/ur3e_ros_action/lib/ur3e_ros_action
[3.380s] writing list of installed files to '/home/harry/ur_ws/build/ur3e_ros_action/install.log'
[3.494s] Invoked command in '/home/harry/ur_ws/src/ur3e_ros_action' returned '0': PYTHONPATH=/home/harry/ur_ws/build/ur3e_ros_action/prefix_override:/home/harry/ur_ws/install/ur3e_ros_action/lib/python3.10/site-packages:${PYTHONPATH} /usr/bin/python3 -W ignore:setup.py install is deprecated setup.py egg_info --egg-base ../../build/ur3e_ros_action build --build-base /home/harry/ur_ws/build/ur3e_ros_action/build install --record /home/harry/ur_ws/build/ur3e_ros_action/install.log --single-version-externally-managed install_data
