[0.652s] DEBUG:colcon:Command line arguments: ['/usr/bin/colcon', 'build', '--packages-select', 'ur3e_moveit']
[0.652s] DEBUG:colcon:Parsed command line arguments: Namespace(log_base=None, log_level=None, verb_name='build', build_base='build', install_base='install', merge_install=False, symlink_install=False, test_result_base=None, continue_on_error=False, executor='parallel', parallel_workers=2, event_handlers=None, ignore_user_meta=False, metas=['./colcon.meta'], base_paths=['.'], packages_ignore=None, packages_ignore_regex=None, paths=None, packages_up_to=None, packages_up_to_regex=None, packages_above=None, packages_above_and_dependencies=None, packages_above_depth=None, packages_select_by_dep=None, packages_skip_by_dep=None, packages_skip_up_to=None, packages_select_build_failed=False, packages_skip_build_finished=False, packages_select_test_failures=False, packages_skip_test_passed=False, packages_select=['ur3e_moveit'], packages_skip=None, packages_select_regex=None, packages_skip_regex=None, packages_start=None, packages_end=None, allow_overriding=[], cmake_args=None, cmake_target=None, cmake_target_skip_unavailable=False, cmake_clean_cache=False, cmake_clean_first=False, cmake_force_configure=False, ament_cmake_args=None, catkin_cmake_args=None, catkin_skip_building_tests=False, mixin_files=None, mixin=None, verb_parser=<colcon_mixin.mixin.mixin_argument.MixinArgumentDecorator object at 0x74259971f220>, verb_extension=<colcon_core.verb.build.BuildVerb object at 0x74259983f850>, main=<bound method BuildVerb.main of <colcon_core.verb.build.BuildVerb object at 0x74259983f850>>, mixin_verb=('build',))
[1.621s] Level 1:colcon.colcon_core.package_discovery:discover_packages(colcon_meta) check parameters
[1.629s] Level 1:colcon.colcon_core.package_discovery:discover_packages(recursive) check parameters
[1.629s] Level 1:colcon.colcon_core.package_discovery:discover_packages(ignore) check parameters
[1.629s] Level 1:colcon.colcon_core.package_discovery:discover_packages(path) check parameters
[1.629s] Level 1:colcon.colcon_core.package_discovery:discover_packages(colcon_meta) discover
[1.630s] Level 1:colcon.colcon_core.package_discovery:discover_packages(recursive) discover
[1.630s] INFO:colcon.colcon_core.package_discovery:Crawling recursively for packages in '/home/harry/ur3e_ws'
[1.630s] Level 1:colcon.colcon_core.package_identification:_identify(.) by extensions ['ignore', 'ignore_ament_install']
[1.630s] Level 1:colcon.colcon_core.package_identification:_identify(.) by extension 'ignore'
[1.630s] Level 1:colcon.colcon_core.package_identification:_identify(.) by extension 'ignore_ament_install'
[1.631s] Level 1:colcon.colcon_core.package_identification:_identify(.) by extensions ['colcon_pkg']
[1.631s] Level 1:colcon.colcon_core.package_identification:_identify(.) by extension 'colcon_pkg'
[1.631s] Level 1:colcon.colcon_core.package_identification:_identify(.) by extensions ['colcon_meta']
[1.631s] Level 1:colcon.colcon_core.package_identification:_identify(.) by extension 'colcon_meta'
[1.631s] Level 1:colcon.colcon_core.package_identification:_identify(.) by extensions ['ros']
[1.631s] Level 1:colcon.colcon_core.package_identification:_identify(.) by extension 'ros'
[1.681s] Level 1:colcon.colcon_core.package_identification:_identify(.) by extensions ['cmake', 'python']
[1.681s] Level 1:colcon.colcon_core.package_identification:_identify(.) by extension 'cmake'
[1.681s] Level 1:colcon.colcon_core.package_identification:_identify(.) by extension 'python'
[1.682s] Level 1:colcon.colcon_core.package_identification:_identify(.) by extensions ['python_setup_py']
[1.682s] Level 1:colcon.colcon_core.package_identification:_identify(.) by extension 'python_setup_py'
[1.682s] Level 1:colcon.colcon_core.package_identification:_identify(build) by extensions ['ignore', 'ignore_ament_install']
[1.683s] Level 1:colcon.colcon_core.package_identification:_identify(build) by extension 'ignore'
[1.683s] Level 1:colcon.colcon_core.package_identification:_identify(build) ignored
[1.683s] Level 1:colcon.colcon_core.package_identification:_identify(include) by extensions ['ignore', 'ignore_ament_install']
[1.684s] Level 1:colcon.colcon_core.package_identification:_identify(include) by extension 'ignore'
[1.684s] Level 1:colcon.colcon_core.package_identification:_identify(include) by extension 'ignore_ament_install'
[1.684s] Level 1:colcon.colcon_core.package_identification:_identify(include) by extensions ['colcon_pkg']
[1.684s] Level 1:colcon.colcon_core.package_identification:_identify(include) by extension 'colcon_pkg'
[1.684s] Level 1:colcon.colcon_core.package_identification:_identify(include) by extensions ['colcon_meta']
[1.684s] Level 1:colcon.colcon_core.package_identification:_identify(include) by extension 'colcon_meta'
[1.684s] Level 1:colcon.colcon_core.package_identification:_identify(include) by extensions ['ros']
[1.684s] Level 1:colcon.colcon_core.package_identification:_identify(include) by extension 'ros'
[1.685s] Level 1:colcon.colcon_core.package_identification:_identify(include) by extensions ['cmake', 'python']
[1.685s] Level 1:colcon.colcon_core.package_identification:_identify(include) by extension 'cmake'
[1.685s] Level 1:colcon.colcon_core.package_identification:_identify(include) by extension 'python'
[1.685s] Level 1:colcon.colcon_core.package_identification:_identify(include) by extensions ['python_setup_py']
[1.685s] Level 1:colcon.colcon_core.package_identification:_identify(include) by extension 'python_setup_py'
[1.686s] Level 1:colcon.colcon_core.package_identification:_identify(install) by extensions ['ignore', 'ignore_ament_install']
[1.686s] Level 1:colcon.colcon_core.package_identification:_identify(install) by extension 'ignore'
[1.686s] Level 1:colcon.colcon_core.package_identification:_identify(install) ignored
[1.687s] Level 1:colcon.colcon_core.package_identification:_identify(log) by extensions ['ignore', 'ignore_ament_install']
[1.687s] Level 1:colcon.colcon_core.package_identification:_identify(log) by extension 'ignore'
[1.687s] Level 1:colcon.colcon_core.package_identification:_identify(log) ignored
[1.687s] Level 1:colcon.colcon_core.package_identification:_identify(src) by extensions ['ignore', 'ignore_ament_install']
[1.688s] Level 1:colcon.colcon_core.package_identification:_identify(src) by extension 'ignore'
[1.688s] Level 1:colcon.colcon_core.package_identification:_identify(src) by extension 'ignore_ament_install'
[1.688s] Level 1:colcon.colcon_core.package_identification:_identify(src) by extensions ['colcon_pkg']
[1.688s] Level 1:colcon.colcon_core.package_identification:_identify(src) by extension 'colcon_pkg'
[1.688s] Level 1:colcon.colcon_core.package_identification:_identify(src) by extensions ['colcon_meta']
[1.688s] Level 1:colcon.colcon_core.package_identification:_identify(src) by extension 'colcon_meta'
[1.688s] Level 1:colcon.colcon_core.package_identification:_identify(src) by extensions ['ros']
[1.688s] Level 1:colcon.colcon_core.package_identification:_identify(src) by extension 'ros'
[1.689s] Level 1:colcon.colcon_core.package_identification:_identify(src) by extensions ['cmake', 'python']
[1.689s] Level 1:colcon.colcon_core.package_identification:_identify(src) by extension 'cmake'
[1.690s] Level 1:colcon.colcon_core.package_identification:_identify(src) by extension 'python'
[1.690s] Level 1:colcon.colcon_core.package_identification:_identify(src) by extensions ['python_setup_py']
[1.690s] Level 1:colcon.colcon_core.package_identification:_identify(src) by extension 'python_setup_py'
[1.690s] Level 1:colcon.colcon_core.package_identification:_identify(src/ur3e_gazebo_sim) by extensions ['ignore', 'ignore_ament_install']
[1.691s] Level 1:colcon.colcon_core.package_identification:_identify(src/ur3e_gazebo_sim) by extension 'ignore'
[1.691s] Level 1:colcon.colcon_core.package_identification:_identify(src/ur3e_gazebo_sim) by extension 'ignore_ament_install'
[1.691s] Level 1:colcon.colcon_core.package_identification:_identify(src/ur3e_gazebo_sim) by extensions ['colcon_pkg']
[1.691s] Level 1:colcon.colcon_core.package_identification:_identify(src/ur3e_gazebo_sim) by extension 'colcon_pkg'
[1.691s] Level 1:colcon.colcon_core.package_identification:_identify(src/ur3e_gazebo_sim) by extensions ['colcon_meta']
[1.691s] Level 1:colcon.colcon_core.package_identification:_identify(src/ur3e_gazebo_sim) by extension 'colcon_meta'
[1.691s] Level 1:colcon.colcon_core.package_identification:_identify(src/ur3e_gazebo_sim) by extensions ['ros']
[1.691s] Level 1:colcon.colcon_core.package_identification:_identify(src/ur3e_gazebo_sim) by extension 'ros'
[1.717s] DEBUG:colcon.colcon_core.package_identification:Package 'src/ur3e_gazebo_sim' with type 'ros.ament_cmake' and name 'ur3e_gazebo_sim'
[1.717s] Level 1:colcon.colcon_core.package_identification:_identify(src/ur3e_moveit) by extensions ['ignore', 'ignore_ament_install']
[1.719s] Level 1:colcon.colcon_core.package_identification:_identify(src/ur3e_moveit) by extension 'ignore'
[1.720s] Level 1:colcon.colcon_core.package_identification:_identify(src/ur3e_moveit) by extension 'ignore_ament_install'
[1.720s] Level 1:colcon.colcon_core.package_identification:_identify(src/ur3e_moveit) by extensions ['colcon_pkg']
[1.720s] Level 1:colcon.colcon_core.package_identification:_identify(src/ur3e_moveit) by extension 'colcon_pkg'
[1.720s] Level 1:colcon.colcon_core.package_identification:_identify(src/ur3e_moveit) by extensions ['colcon_meta']
[1.720s] Level 1:colcon.colcon_core.package_identification:_identify(src/ur3e_moveit) by extension 'colcon_meta'
[1.720s] Level 1:colcon.colcon_core.package_identification:_identify(src/ur3e_moveit) by extensions ['ros']
[1.720s] Level 1:colcon.colcon_core.package_identification:_identify(src/ur3e_moveit) by extension 'ros'
[1.725s] DEBUG:colcon.colcon_core.package_identification:Package 'src/ur3e_moveit' with type 'ros.ament_cmake' and name 'ur3e_moveit'
[1.729s] Level 1:colcon.colcon_core.package_identification:_identify(src/ur3e_ros_action) by extensions ['ignore', 'ignore_ament_install']
[1.730s] Level 1:colcon.colcon_core.package_identification:_identify(src/ur3e_ros_action) by extension 'ignore'
[1.731s] Level 1:colcon.colcon_core.package_identification:_identify(src/ur3e_ros_action) by extension 'ignore_ament_install'
[1.731s] Level 1:colcon.colcon_core.package_identification:_identify(src/ur3e_ros_action) by extensions ['colcon_pkg']
[1.731s] Level 1:colcon.colcon_core.package_identification:_identify(src/ur3e_ros_action) by extension 'colcon_pkg'
[1.732s] Level 1:colcon.colcon_core.package_identification:_identify(src/ur3e_ros_action) by extensions ['colcon_meta']
[1.732s] Level 1:colcon.colcon_core.package_identification:_identify(src/ur3e_ros_action) by extension 'colcon_meta'
[1.732s] Level 1:colcon.colcon_core.package_identification:_identify(src/ur3e_ros_action) by extensions ['ros']
[1.732s] Level 1:colcon.colcon_core.package_identification:_identify(src/ur3e_ros_action) by extension 'ros'
[1.734s] DEBUG:colcon.colcon_core.package_identification:Package 'src/ur3e_ros_action' with type 'ros.ament_python' and name 'ur3e_ros_action'
[1.734s] Level 1:colcon.colcon_core.package_identification:_identify(src/ur3e_ros_action_cpp) by extensions ['ignore', 'ignore_ament_install']
[1.734s] Level 1:colcon.colcon_core.package_identification:_identify(src/ur3e_ros_action_cpp) by extension 'ignore'
[1.735s] Level 1:colcon.colcon_core.package_identification:_identify(src/ur3e_ros_action_cpp) by extension 'ignore_ament_install'
[1.735s] Level 1:colcon.colcon_core.package_identification:_identify(src/ur3e_ros_action_cpp) by extensions ['colcon_pkg']
[1.735s] Level 1:colcon.colcon_core.package_identification:_identify(src/ur3e_ros_action_cpp) by extension 'colcon_pkg'
[1.736s] Level 1:colcon.colcon_core.package_identification:_identify(src/ur3e_ros_action_cpp) by extensions ['colcon_meta']
[1.736s] Level 1:colcon.colcon_core.package_identification:_identify(src/ur3e_ros_action_cpp) by extension 'colcon_meta'
[1.736s] Level 1:colcon.colcon_core.package_identification:_identify(src/ur3e_ros_action_cpp) by extensions ['ros']
[1.736s] Level 1:colcon.colcon_core.package_identification:_identify(src/ur3e_ros_action_cpp) by extension 'ros'
[1.770s] DEBUG:colcon.colcon_core.package_identification:Package 'src/ur3e_ros_action_cpp' with type 'ros.ament_cmake' and name 'ur3e_ros_action_cpp'
[1.772s] Level 1:colcon.colcon_core.package_identification:_identify(src/ur3e_ros_data) by extensions ['ignore', 'ignore_ament_install']
[1.772s] Level 1:colcon.colcon_core.package_identification:_identify(src/ur3e_ros_data) by extension 'ignore'
[1.772s] Level 1:colcon.colcon_core.package_identification:_identify(src/ur3e_ros_data) by extension 'ignore_ament_install'
[1.772s] Level 1:colcon.colcon_core.package_identification:_identify(src/ur3e_ros_data) by extensions ['colcon_pkg']
[1.772s] Level 1:colcon.colcon_core.package_identification:_identify(src/ur3e_ros_data) by extension 'colcon_pkg'
[1.772s] Level 1:colcon.colcon_core.package_identification:_identify(src/ur3e_ros_data) by extensions ['colcon_meta']
[1.772s] Level 1:colcon.colcon_core.package_identification:_identify(src/ur3e_ros_data) by extension 'colcon_meta'
[1.772s] Level 1:colcon.colcon_core.package_identification:_identify(src/ur3e_ros_data) by extensions ['ros']
[1.773s] Level 1:colcon.colcon_core.package_identification:_identify(src/ur3e_ros_data) by extension 'ros'
[1.774s] DEBUG:colcon.colcon_core.package_identification:Package 'src/ur3e_ros_data' with type 'ros.ament_cmake' and name 'ur3e_ros_data'
[1.774s] Level 1:colcon.colcon_core.package_discovery:discover_packages(recursive) using defaults
[1.774s] Level 1:colcon.colcon_core.package_discovery:discover_packages(ignore) discover
[1.774s] Level 1:colcon.colcon_core.package_discovery:discover_packages(ignore) using defaults
[1.774s] Level 1:colcon.colcon_core.package_discovery:discover_packages(path) discover
[1.774s] Level 1:colcon.colcon_core.package_discovery:discover_packages(path) using defaults
[1.818s] INFO:colcon.colcon_core.package_selection:Skipping not selected package 'ur3e_gazebo_sim' in 'src/ur3e_gazebo_sim'
[1.818s] INFO:colcon.colcon_core.package_selection:Skipping not selected package 'ur3e_ros_action' in 'src/ur3e_ros_action'
[1.818s] INFO:colcon.colcon_core.package_selection:Skipping not selected package 'ur3e_ros_data' in 'src/ur3e_ros_data'
[1.818s] INFO:colcon.colcon_core.package_selection:Skipping not selected package 'ur3e_ros_action_cpp' in 'src/ur3e_ros_action_cpp'
[1.819s] Level 1:colcon.colcon_core.package_discovery:discover_packages(prefix_path) check parameters
[1.819s] Level 1:colcon.colcon_core.package_discovery:discover_packages(prefix_path) discover
[1.822s] DEBUG:colcon.colcon_installed_package_information.package_discovery:Found 5 installed packages in /home/harry/ur3e_ws/install
[1.823s] DEBUG:colcon.colcon_installed_package_information.package_discovery:Found 3 installed packages in /home/harry/ur_ws/install
[1.825s] DEBUG:colcon.colcon_installed_package_information.package_discovery:Found 395 installed packages in /opt/ros/iron
[1.831s] Level 1:colcon.colcon_core.package_discovery:discover_packages(prefix_path) using defaults
[2.195s] Level 5:colcon.colcon_core.verb:set package 'ur3e_moveit' build argument 'cmake_args' from command line to 'None'
[2.195s] Level 5:colcon.colcon_core.verb:set package 'ur3e_moveit' build argument 'cmake_target' from command line to 'None'
[2.195s] Level 5:colcon.colcon_core.verb:set package 'ur3e_moveit' build argument 'cmake_target_skip_unavailable' from command line to 'False'
[2.195s] Level 5:colcon.colcon_core.verb:set package 'ur3e_moveit' build argument 'cmake_clean_cache' from command line to 'False'
[2.195s] Level 5:colcon.colcon_core.verb:set package 'ur3e_moveit' build argument 'cmake_clean_first' from command line to 'False'
[2.195s] Level 5:colcon.colcon_core.verb:set package 'ur3e_moveit' build argument 'cmake_force_configure' from command line to 'False'
[2.195s] Level 5:colcon.colcon_core.verb:set package 'ur3e_moveit' build argument 'ament_cmake_args' from command line to 'None'
[2.195s] Level 5:colcon.colcon_core.verb:set package 'ur3e_moveit' build argument 'catkin_cmake_args' from command line to 'None'
[2.195s] Level 5:colcon.colcon_core.verb:set package 'ur3e_moveit' build argument 'catkin_skip_building_tests' from command line to 'False'
[2.196s] DEBUG:colcon.colcon_core.verb:Building package 'ur3e_moveit' with the following arguments: {'ament_cmake_args': None, 'build_base': '/home/harry/ur3e_ws/build/ur3e_moveit', 'catkin_cmake_args': None, 'catkin_skip_building_tests': False, 'cmake_args': None, 'cmake_clean_cache': False, 'cmake_clean_first': False, 'cmake_force_configure': False, 'cmake_target': None, 'cmake_target_skip_unavailable': False, 'install_base': '/home/harry/ur3e_ws/install/ur3e_moveit', 'merge_install': False, 'path': '/home/harry/ur3e_ws/src/ur3e_moveit', 'symlink_install': False, 'test_result_base': None}
[2.196s] INFO:colcon.colcon_core.executor:Executing jobs using 'parallel' executor
[2.200s] DEBUG:colcon.colcon_parallel_executor.executor.parallel:run_until_complete
[2.201s] INFO:colcon.colcon_ros.task.ament_cmake.build:Building ROS package in '/home/harry/ur3e_ws/src/ur3e_moveit' with build type 'ament_cmake'
[2.201s] INFO:colcon.colcon_cmake.task.cmake.build:Building CMake package in '/home/harry/ur3e_ws/src/ur3e_moveit'
[2.208s] INFO:colcon.colcon_core.plugin_system:Skipping extension 'colcon_core.shell.bat': Not used on non-Windows systems
[2.209s] INFO:colcon.colcon_core.shell:Skip shell extension 'powershell' for command environment: Not usable outside of PowerShell
[2.209s] DEBUG:colcon.colcon_core.shell:Skip shell extension 'dsv' for command environment
[2.265s] DEBUG:colcon.colcon_core.event_handler.log_command:Invoking command in '/home/harry/ur3e_ws/build/ur3e_moveit': CMAKE_PREFIX_PATH=/home/harry/ur3e_ws/install/ur3e_ros_data:/home/harry/ur3e_ws/install/ur3e_moveit:/home/harry/ur3e_ws/install/ur3e_ros_action_cpp:/home/harry/ur3e_ws/install/ur3e_gazebo_sim:/home/harry/ur_ws/install/ur3e_ros_data:/home/harry/ur3e_ws/install/ur3e_ros_action:/home/harry/ur_ws/install/ur3e_ros_action:/home/harry/ur_ws/install/ur3e_gazebo_sim:/opt/ros/iron /usr/bin/cmake --build /home/harry/ur3e_ws/build/ur3e_moveit -- -j2 -l2
[2.485s] DEBUG:colcon.colcon_core.event_handler.log_command:Invoked command in '/home/harry/ur3e_ws/build/ur3e_moveit' returned '0': CMAKE_PREFIX_PATH=/home/harry/ur3e_ws/install/ur3e_ros_data:/home/harry/ur3e_ws/install/ur3e_moveit:/home/harry/ur3e_ws/install/ur3e_ros_action_cpp:/home/harry/ur3e_ws/install/ur3e_gazebo_sim:/home/harry/ur_ws/install/ur3e_ros_data:/home/harry/ur3e_ws/install/ur3e_ros_action:/home/harry/ur_ws/install/ur3e_ros_action:/home/harry/ur_ws/install/ur3e_gazebo_sim:/opt/ros/iron /usr/bin/cmake --build /home/harry/ur3e_ws/build/ur3e_moveit -- -j2 -l2
[2.701s] DEBUG:colcon.colcon_core.event_handler.log_command:Invoking command in '/home/harry/ur3e_ws/build/ur3e_moveit': CMAKE_PREFIX_PATH=/home/harry/ur3e_ws/install/ur3e_ros_data:/home/harry/ur3e_ws/install/ur3e_moveit:/home/harry/ur3e_ws/install/ur3e_ros_action_cpp:/home/harry/ur3e_ws/install/ur3e_gazebo_sim:/home/harry/ur_ws/install/ur3e_ros_data:/home/harry/ur3e_ws/install/ur3e_ros_action:/home/harry/ur_ws/install/ur3e_ros_action:/home/harry/ur_ws/install/ur3e_gazebo_sim:/opt/ros/iron /usr/bin/cmake --install /home/harry/ur3e_ws/build/ur3e_moveit
[2.813s] Level 1:colcon.colcon_core.environment:create_environment_scripts_only(ur3e_moveit)
[2.836s] DEBUG:colcon.colcon_core.event_handler.log_command:Invoked command in '/home/harry/ur3e_ws/build/ur3e_moveit' returned '0': CMAKE_PREFIX_PATH=/home/harry/ur3e_ws/install/ur3e_ros_data:/home/harry/ur3e_ws/install/ur3e_moveit:/home/harry/ur3e_ws/install/ur3e_ros_action_cpp:/home/harry/ur3e_ws/install/ur3e_gazebo_sim:/home/harry/ur_ws/install/ur3e_ros_data:/home/harry/ur3e_ws/install/ur3e_ros_action:/home/harry/ur_ws/install/ur3e_ros_action:/home/harry/ur_ws/install/ur3e_gazebo_sim:/opt/ros/iron /usr/bin/cmake --install /home/harry/ur3e_ws/build/ur3e_moveit
[2.840s] Level 1:colcon.colcon_core.environment:checking '/home/harry/ur3e_ws/install/ur3e_moveit' for CMake module files
[2.852s] Level 1:colcon.colcon_core.environment:checking '/home/harry/ur3e_ws/install/ur3e_moveit' for CMake config files
[2.853s] Level 1:colcon.colcon_core.shell:create_environment_hook('ur3e_moveit', 'cmake_prefix_path')
[2.854s] INFO:colcon.colcon_core.shell:Creating environment hook '/home/harry/ur3e_ws/install/ur3e_moveit/share/ur3e_moveit/hook/cmake_prefix_path.ps1'
[2.858s] INFO:colcon.colcon_core.shell:Creating environment descriptor '/home/harry/ur3e_ws/install/ur3e_moveit/share/ur3e_moveit/hook/cmake_prefix_path.dsv'
[2.868s] INFO:colcon.colcon_core.shell:Creating environment hook '/home/harry/ur3e_ws/install/ur3e_moveit/share/ur3e_moveit/hook/cmake_prefix_path.sh'
[2.873s] Level 1:colcon.colcon_core.environment:checking '/home/harry/ur3e_ws/install/ur3e_moveit/bin'
[2.873s] Level 1:colcon.colcon_core.environment:checking '/home/harry/ur3e_ws/install/ur3e_moveit/lib/pkgconfig/ur3e_moveit.pc'
[2.874s] Level 1:colcon.colcon_core.environment:checking '/home/harry/ur3e_ws/install/ur3e_moveit/lib/python3.10/site-packages'
[2.874s] Level 1:colcon.colcon_core.environment:checking '/home/harry/ur3e_ws/install/ur3e_moveit/bin'
[2.876s] INFO:colcon.colcon_core.shell:Creating package script '/home/harry/ur3e_ws/install/ur3e_moveit/share/ur3e_moveit/package.ps1'
[2.879s] INFO:colcon.colcon_core.shell:Creating package descriptor '/home/harry/ur3e_ws/install/ur3e_moveit/share/ur3e_moveit/package.dsv'
[2.883s] INFO:colcon.colcon_core.shell:Creating package script '/home/harry/ur3e_ws/install/ur3e_moveit/share/ur3e_moveit/package.sh'
[2.889s] INFO:colcon.colcon_core.shell:Creating package script '/home/harry/ur3e_ws/install/ur3e_moveit/share/ur3e_moveit/package.bash'
[2.894s] INFO:colcon.colcon_core.shell:Creating package script '/home/harry/ur3e_ws/install/ur3e_moveit/share/ur3e_moveit/package.zsh'
[2.897s] Level 1:colcon.colcon_core.environment:create_file_with_runtime_dependencies(/home/harry/ur3e_ws/install/ur3e_moveit/share/colcon-core/packages/ur3e_moveit)
[3.046s] Level 1:colcon.colcon_core.environment:create_environment_scripts_only(ur3e_moveit)
[3.047s] Level 1:colcon.colcon_core.environment:checking '/home/harry/ur3e_ws/install/ur3e_moveit' for CMake module files
[3.049s] Level 1:colcon.colcon_core.environment:checking '/home/harry/ur3e_ws/install/ur3e_moveit' for CMake config files
[3.052s] Level 1:colcon.colcon_core.shell:create_environment_hook('ur3e_moveit', 'cmake_prefix_path')
[3.053s] INFO:colcon.colcon_core.shell:Creating environment hook '/home/harry/ur3e_ws/install/ur3e_moveit/share/ur3e_moveit/hook/cmake_prefix_path.ps1'
[3.060s] INFO:colcon.colcon_core.shell:Creating environment descriptor '/home/harry/ur3e_ws/install/ur3e_moveit/share/ur3e_moveit/hook/cmake_prefix_path.dsv'
[3.063s] INFO:colcon.colcon_core.shell:Creating environment hook '/home/harry/ur3e_ws/install/ur3e_moveit/share/ur3e_moveit/hook/cmake_prefix_path.sh'
[3.066s] Level 1:colcon.colcon_core.environment:checking '/home/harry/ur3e_ws/install/ur3e_moveit/bin'
[3.074s] Level 1:colcon.colcon_core.environment:checking '/home/harry/ur3e_ws/install/ur3e_moveit/lib/pkgconfig/ur3e_moveit.pc'
[3.076s] Level 1:colcon.colcon_core.environment:checking '/home/harry/ur3e_ws/install/ur3e_moveit/lib/python3.10/site-packages'
[3.077s] Level 1:colcon.colcon_core.environment:checking '/home/harry/ur3e_ws/install/ur3e_moveit/bin'
[3.079s] INFO:colcon.colcon_core.shell:Creating package script '/home/harry/ur3e_ws/install/ur3e_moveit/share/ur3e_moveit/package.ps1'
[3.084s] INFO:colcon.colcon_core.shell:Creating package descriptor '/home/harry/ur3e_ws/install/ur3e_moveit/share/ur3e_moveit/package.dsv'
[3.087s] INFO:colcon.colcon_core.shell:Creating package script '/home/harry/ur3e_ws/install/ur3e_moveit/share/ur3e_moveit/package.sh'
[3.091s] INFO:colcon.colcon_core.shell:Creating package script '/home/harry/ur3e_ws/install/ur3e_moveit/share/ur3e_moveit/package.bash'
[3.093s] INFO:colcon.colcon_core.shell:Creating package script '/home/harry/ur3e_ws/install/ur3e_moveit/share/ur3e_moveit/package.zsh'
[3.097s] Level 1:colcon.colcon_core.environment:create_file_with_runtime_dependencies(/home/harry/ur3e_ws/install/ur3e_moveit/share/colcon-core/packages/ur3e_moveit)
[3.101s] DEBUG:colcon.colcon_parallel_executor.executor.parallel:closing loop
[3.102s] DEBUG:colcon.colcon_parallel_executor.executor.parallel:loop closed
[3.102s] DEBUG:colcon.colcon_parallel_executor.executor.parallel:run_until_complete finished with '0'
[3.103s] DEBUG:colcon.colcon_core.event_reactor:joining thread
[3.145s] INFO:colcon.colcon_core.plugin_system:Skipping extension 'colcon_notification.desktop_notification.terminal_notifier': Not used on non-Darwin systems
[3.146s] INFO:colcon.colcon_core.plugin_system:Skipping extension 'colcon_notification.desktop_notification.win32': Not used on non-Windows systems
[3.146s] INFO:colcon.colcon_notification.desktop_notification:Sending desktop notification using 'notify2'
[3.254s] DEBUG:colcon.colcon_core.event_reactor:joined thread
[3.255s] INFO:colcon.colcon_core.shell:Creating prefix script '/home/harry/ur3e_ws/install/local_setup.ps1'
[3.260s] INFO:colcon.colcon_core.shell:Creating prefix util module '/home/harry/ur3e_ws/install/_local_setup_util_ps1.py'
[3.269s] INFO:colcon.colcon_core.shell:Creating prefix chain script '/home/harry/ur3e_ws/install/setup.ps1'
[3.285s] INFO:colcon.colcon_core.shell:Creating prefix script '/home/harry/ur3e_ws/install/local_setup.sh'
[3.289s] INFO:colcon.colcon_core.shell:Creating prefix util module '/home/harry/ur3e_ws/install/_local_setup_util_sh.py'
[3.291s] INFO:colcon.colcon_core.shell:Creating prefix chain script '/home/harry/ur3e_ws/install/setup.sh'
[3.307s] INFO:colcon.colcon_core.shell:Creating prefix script '/home/harry/ur3e_ws/install/local_setup.bash'
[3.309s] INFO:colcon.colcon_core.shell:Creating prefix chain script '/home/harry/ur3e_ws/install/setup.bash'
[3.320s] INFO:colcon.colcon_core.shell:Creating prefix script '/home/harry/ur3e_ws/install/local_setup.zsh'
[3.322s] INFO:colcon.colcon_core.shell:Creating prefix chain script '/home/harry/ur3e_ws/install/setup.zsh'
