[0.060s] Invoking command in '/home/harry/ur_ws/build/ur3e_gazebo_sim': CMAKE_PREFIX_PATH=${CMAKE_PREFIX_PATH}:/home/harry/ros2_ws/install/py_srvcli:/home/harry/ros2_ws/install/py_pubsub:/home/harry/ros2_ws/install/python_parameters:/home/harry/ros2_ws/install/py_example_package:/home/harry/ros2_ws/install/launch_testing_examples:/home/harry/ros2_ws/install/examples_rclpy_pointcloud_publisher:/home/harry/ros2_ws/install/examples_rclpy_minimal_subscriber:/home/harry/ros2_ws/install/examples_rclpy_minimal_service:/home/harry/ros2_ws/install/examples_rclpy_minimal_publisher:/home/harry/ros2_ws/install/examples_rclpy_minimal_client:/home/harry/ros2_ws/install/examples_rclpy_minimal_action_server:/home/harry/ros2_ws/install/examples_rclpy_minimal_action_client:/home/harry/ros2_ws/install/examples_rclpy_guard_conditions:/home/harry/ros2_ws/install/examples_rclpy_executors:/opt/ros/iron /usr/bin/cmake --build /home/harry/ur_ws/build/ur3e_gazebo_sim -- -j2 -l2
[0.276s] Invoked command in '/home/harry/ur_ws/build/ur3e_gazebo_sim' returned '0': CMAKE_PREFIX_PATH=${CMAKE_PREFIX_PATH}:/home/harry/ros2_ws/install/py_srvcli:/home/harry/ros2_ws/install/py_pubsub:/home/harry/ros2_ws/install/python_parameters:/home/harry/ros2_ws/install/py_example_package:/home/harry/ros2_ws/install/launch_testing_examples:/home/harry/ros2_ws/install/examples_rclpy_pointcloud_publisher:/home/harry/ros2_ws/install/examples_rclpy_minimal_subscriber:/home/harry/ros2_ws/install/examples_rclpy_minimal_service:/home/harry/ros2_ws/install/examples_rclpy_minimal_publisher:/home/harry/ros2_ws/install/examples_rclpy_minimal_client:/home/harry/ros2_ws/install/examples_rclpy_minimal_action_server:/home/harry/ros2_ws/install/examples_rclpy_minimal_action_client:/home/harry/ros2_ws/install/examples_rclpy_guard_conditions:/home/harry/ros2_ws/install/examples_rclpy_executors:/opt/ros/iron /usr/bin/cmake --build /home/harry/ur_ws/build/ur3e_gazebo_sim -- -j2 -l2
[0.494s] Invoking command in '/home/harry/ur_ws/build/ur3e_gazebo_sim': CMAKE_PREFIX_PATH=${CMAKE_PREFIX_PATH}:/home/harry/ros2_ws/install/py_srvcli:/home/harry/ros2_ws/install/py_pubsub:/home/harry/ros2_ws/install/python_parameters:/home/harry/ros2_ws/install/py_example_package:/home/harry/ros2_ws/install/launch_testing_examples:/home/harry/ros2_ws/install/examples_rclpy_pointcloud_publisher:/home/harry/ros2_ws/install/examples_rclpy_minimal_subscriber:/home/harry/ros2_ws/install/examples_rclpy_minimal_service:/home/harry/ros2_ws/install/examples_rclpy_minimal_publisher:/home/harry/ros2_ws/install/examples_rclpy_minimal_client:/home/harry/ros2_ws/install/examples_rclpy_minimal_action_server:/home/harry/ros2_ws/install/examples_rclpy_minimal_action_client:/home/harry/ros2_ws/install/examples_rclpy_guard_conditions:/home/harry/ros2_ws/install/examples_rclpy_executors:/opt/ros/iron /usr/bin/cmake --install /home/harry/ur_ws/build/ur3e_gazebo_sim
[0.572s] -- Install configuration: ""
[0.574s] -- Up-to-date: /home/harry/ur_ws/install/ur3e_gazebo_sim/share/ur3e_gazebo_sim/config
[0.575s] -- Up-to-date: /home/harry/ur_ws/install/ur3e_gazebo_sim/share/ur3e_gazebo_sim/config/joint_limits.yaml
[0.575s] -- Up-to-date: /home/harry/ur_ws/install/ur3e_gazebo_sim/share/ur3e_gazebo_sim/config/visual_parameters.yaml
[0.575s] -- Up-to-date: /home/harry/ur_ws/install/ur3e_gazebo_sim/share/ur3e_gazebo_sim/config/default_kinematics.yaml
[0.576s] -- Up-to-date: /home/harry/ur_ws/install/ur3e_gazebo_sim/share/ur3e_gazebo_sim/config/physical_parameters.yaml
[0.576s] -- Up-to-date: /home/harry/ur_ws/install/ur3e_gazebo_sim/share/ur3e_gazebo_sim/config/ur3e_controller.yaml
[0.576s] -- Up-to-date: /home/harry/ur_ws/install/ur3e_gazebo_sim/share/ur3e_gazebo_sim/config/initial_positions.yaml
[0.578s] -- Up-to-date: /home/harry/ur_ws/install/ur3e_gazebo_sim/share/ur3e_gazebo_sim/launch
[0.579s] -- Up-to-date: /home/harry/ur_ws/install/ur3e_gazebo_sim/share/ur3e_gazebo_sim/launch/ur3e_sim.launch.py
[0.579s] -- Up-to-date: /home/harry/ur_ws/install/ur3e_gazebo_sim/share/ur3e_gazebo_sim/urdf
[0.580s] -- Up-to-date: /home/harry/ur_ws/install/ur3e_gazebo_sim/share/ur3e_gazebo_sim/urdf/ur3e_ros2_control.xacro
[0.581s] -- Up-to-date: /home/harry/ur_ws/install/ur3e_gazebo_sim/share/ur3e_gazebo_sim/urdf/ur3e.urdf.xacro
[0.581s] -- Up-to-date: /home/harry/ur_ws/install/ur3e_gazebo_sim/share/ur3e_gazebo_sim/urdf/ur3e_common.xacro
[0.581s] -- Installing: /home/harry/ur_ws/install/ur3e_gazebo_sim/share/ur3e_gazebo_sim/urdf/ur3e_macro.urdf.xacro
[0.583s] -- Up-to-date: /home/harry/ur_ws/install/ur3e_gazebo_sim/share/ur3e_gazebo_sim/urdf/ur3e_transmission.xacro
[0.583s] -- Up-to-date: /home/harry/ur_ws/install/ur3e_gazebo_sim/share/ur3e_gazebo_sim/worlds
[0.584s] -- Up-to-date: /home/harry/ur_ws/install/ur3e_gazebo_sim/share/ur3e_gazebo_sim/worlds/ur3e.world
[0.587s] -- Up-to-date: /home/harry/ur_ws/install/ur3e_gazebo_sim/share/ur3e_gazebo_sim/worlds/ur3e_2.world
[0.587s] -- Up-to-date: /home/harry/ur_ws/install/ur3e_gazebo_sim/share/ur3e_gazebo_sim/meshes
[0.589s] -- Up-to-date: /home/harry/ur_ws/install/ur3e_gazebo_sim/share/ur3e_gazebo_sim/meshes/visual
[0.589s] -- Up-to-date: /home/harry/ur_ws/install/ur3e_gazebo_sim/share/ur3e_gazebo_sim/meshes/visual/wrist1.dae
[0.591s] -- Up-to-date: /home/harry/ur_ws/install/ur3e_gazebo_sim/share/ur3e_gazebo_sim/meshes/visual/base.dae
[0.592s] -- Up-to-date: /home/harry/ur_ws/install/ur3e_gazebo_sim/share/ur3e_gazebo_sim/meshes/visual/shoulder.dae
[0.592s] -- Up-to-date: /home/harry/ur_ws/install/ur3e_gazebo_sim/share/ur3e_gazebo_sim/meshes/visual/forearm.dae
[0.593s] -- Up-to-date: /home/harry/ur_ws/install/ur3e_gazebo_sim/share/ur3e_gazebo_sim/meshes/visual/upperarm.dae
[0.595s] -- Up-to-date: /home/harry/ur_ws/install/ur3e_gazebo_sim/share/ur3e_gazebo_sim/meshes/visual/wrist3.dae
[0.595s] -- Up-to-date: /home/harry/ur_ws/install/ur3e_gazebo_sim/share/ur3e_gazebo_sim/meshes/visual/wrist2.dae
[0.595s] -- Up-to-date: /home/harry/ur_ws/install/ur3e_gazebo_sim/share/ur3e_gazebo_sim/meshes/collision
[0.601s] -- Up-to-date: /home/harry/ur_ws/install/ur3e_gazebo_sim/share/ur3e_gazebo_sim/meshes/collision/shoulder.stl
[0.601s] -- Up-to-date: /home/harry/ur_ws/install/ur3e_gazebo_sim/share/ur3e_gazebo_sim/meshes/collision/wrist3.stl
[0.602s] -- Up-to-date: /home/harry/ur_ws/install/ur3e_gazebo_sim/share/ur3e_gazebo_sim/meshes/collision/wrist1.stl
[0.602s] -- Up-to-date: /home/harry/ur_ws/install/ur3e_gazebo_sim/share/ur3e_gazebo_sim/meshes/collision/forearm.stl
[0.603s] -- Up-to-date: /home/harry/ur_ws/install/ur3e_gazebo_sim/share/ur3e_gazebo_sim/meshes/collision/wrist2.stl
[0.603s] -- Up-to-date: /home/harry/ur_ws/install/ur3e_gazebo_sim/share/ur3e_gazebo_sim/meshes/collision/upperarm.stl
[0.613s] -- Up-to-date: /home/harry/ur_ws/install/ur3e_gazebo_sim/share/ur3e_gazebo_sim/meshes/collision/base.stl
[0.614s] -- Up-to-date: /home/harry/ur_ws/install/ur3e_gazebo_sim/share/ament_index/resource_index/package_run_dependencies/ur3e_gazebo_sim
[0.614s] -- Up-to-date: /home/harry/ur_ws/install/ur3e_gazebo_sim/share/ament_index/resource_index/parent_prefix_path/ur3e_gazebo_sim
[0.614s] -- Up-to-date: /home/harry/ur_ws/install/ur3e_gazebo_sim/share/ur3e_gazebo_sim/environment/ament_prefix_path.sh
[0.617s] -- Up-to-date: /home/harry/ur_ws/install/ur3e_gazebo_sim/share/ur3e_gazebo_sim/environment/ament_prefix_path.dsv
[0.618s] -- Up-to-date: /home/harry/ur_ws/install/ur3e_gazebo_sim/share/ur3e_gazebo_sim/environment/path.sh
[0.618s] -- Up-to-date: /home/harry/ur_ws/install/ur3e_gazebo_sim/share/ur3e_gazebo_sim/environment/path.dsv
[0.618s] -- Up-to-date: /home/harry/ur_ws/install/ur3e_gazebo_sim/share/ur3e_gazebo_sim/local_setup.bash
[0.619s] -- Up-to-date: /home/harry/ur_ws/install/ur3e_gazebo_sim/share/ur3e_gazebo_sim/local_setup.sh
[0.619s] -- Up-to-date: /home/harry/ur_ws/install/ur3e_gazebo_sim/share/ur3e_gazebo_sim/local_setup.zsh
[0.619s] -- Up-to-date: /home/harry/ur_ws/install/ur3e_gazebo_sim/share/ur3e_gazebo_sim/local_setup.dsv
[0.619s] -- Installing: /home/harry/ur_ws/install/ur3e_gazebo_sim/share/ur3e_gazebo_sim/package.dsv
[0.620s] -- Up-to-date: /home/harry/ur_ws/install/ur3e_gazebo_sim/share/ament_index/resource_index/packages/ur3e_gazebo_sim
[0.621s] -- Up-to-date: /home/harry/ur_ws/install/ur3e_gazebo_sim/share/ur3e_gazebo_sim/cmake/ur3e_gazebo_simConfig.cmake
[0.621s] -- Up-to-date: /home/harry/ur_ws/install/ur3e_gazebo_sim/share/ur3e_gazebo_sim/cmake/ur3e_gazebo_simConfig-version.cmake
[0.646s] -- Up-to-date: /home/harry/ur_ws/install/ur3e_gazebo_sim/share/ur3e_gazebo_sim/package.xml
[0.647s] Invoked command in '/home/harry/ur_ws/build/ur3e_gazebo_sim' returned '0': CMAKE_PREFIX_PATH=${CMAKE_PREFIX_PATH}:/home/harry/ros2_ws/install/py_srvcli:/home/harry/ros2_ws/install/py_pubsub:/home/harry/ros2_ws/install/python_parameters:/home/harry/ros2_ws/install/py_example_package:/home/harry/ros2_ws/install/launch_testing_examples:/home/harry/ros2_ws/install/examples_rclpy_pointcloud_publisher:/home/harry/ros2_ws/install/examples_rclpy_minimal_subscriber:/home/harry/ros2_ws/install/examples_rclpy_minimal_service:/home/harry/ros2_ws/install/examples_rclpy_minimal_publisher:/home/harry/ros2_ws/install/examples_rclpy_minimal_client:/home/harry/ros2_ws/install/examples_rclpy_minimal_action_server:/home/harry/ros2_ws/install/examples_rclpy_minimal_action_client:/home/harry/ros2_ws/install/examples_rclpy_guard_conditions:/home/harry/ros2_ws/install/examples_rclpy_executors:/opt/ros/iron /usr/bin/cmake --install /home/harry/ur_ws/build/ur3e_gazebo_sim
