[5.032s] Invoking command in '/home/harry/ur3e_ws/src/ur3e_ros_action': PYTHONPATH=/home/harry/ur3e_ws/build/ur3e_ros_action/prefix_override:/home/harry/ur3e_ws/install/ur3e_ros_action/lib/python3.10/site-packages:${PYTHONPATH} /usr/bin/python3 -W ignore:setup.py install is deprecated setup.py egg_info --egg-base ../../build/ur3e_ros_action build --build-base /home/harry/ur3e_ws/build/ur3e_ros_action/build install --record /home/harry/ur3e_ws/build/ur3e_ros_action/install.log --single-version-externally-managed install_data
[6.935s] running egg_info
[6.938s] writing ../../build/ur3e_ros_action/ur3e_ros_action.egg-info/PKG-INFO
[6.942s] writing dependency_links to ../../build/ur3e_ros_action/ur3e_ros_action.egg-info/dependency_links.txt
[6.943s] writing entry points to ../../build/ur3e_ros_action/ur3e_ros_action.egg-info/entry_points.txt
[6.955s] writing requirements to ../../build/ur3e_ros_action/ur3e_ros_action.egg-info/requires.txt
[6.955s] writing top-level names to ../../build/ur3e_ros_action/ur3e_ros_action.egg-info/top_level.txt
[6.960s] reading manifest file '../../build/ur3e_ros_action/ur3e_ros_action.egg-info/SOURCES.txt'
[6.962s] writing manifest file '../../build/ur3e_ros_action/ur3e_ros_action.egg-info/SOURCES.txt'
[6.963s] running build
[6.963s] running build_py
[6.969s] running install
[6.970s] running install_lib
[6.970s] running install_data
[6.970s] running install_egg_info
[6.974s] removing '/home/harry/ur3e_ws/install/ur3e_ros_action/lib/python3.10/site-packages/ur3e_ros_action-0.0.0-py3.10.egg-info' (and everything under it)
[6.983s] Copying ../../build/ur3e_ros_action/ur3e_ros_action.egg-info to /home/harry/ur3e_ws/install/ur3e_ros_action/lib/python3.10/site-packages/ur3e_ros_action-0.0.0-py3.10.egg-info
[6.984s] running install_scripts
[7.172s] Installing moveJ script to /home/harry/ur3e_ws/install/ur3e_ros_action/lib/ur3e_ros_action
[7.177s] writing list of installed files to '/home/harry/ur3e_ws/build/ur3e_ros_action/install.log'
[7.431s] Invoked command in '/home/harry/ur3e_ws/src/ur3e_ros_action' returned '0': PYTHONPATH=/home/harry/ur3e_ws/build/ur3e_ros_action/prefix_override:/home/harry/ur3e_ws/install/ur3e_ros_action/lib/python3.10/site-packages:${PYTHONPATH} /usr/bin/python3 -W ignore:setup.py install is deprecated setup.py egg_info --egg-base ../../build/ur3e_ros_action build --build-base /home/harry/ur3e_ws/build/ur3e_ros_action/build install --record /home/harry/ur3e_ws/build/ur3e_ros_action/install.log --single-version-externally-managed install_data
