[35m[1mConsolidate compiler generated dependencies of target moveXYZ_action[0m
[ 25%] Built target moveL_action
[ 50%] Built target moveJ_action
[ 75%] Built target moveXYZW_action
[ 87%] [32mBuilding CXX object CMakeFiles/moveXYZ_action.dir/src/moveXYZ_action.cpp.o[0m
[01m[K/home/harry/ur3e_ws/src/ur3e_ros_action_cpp/src/moveXYZ_action.cpp:[m[K In member function ‘[01m[Krclcpp_action::GoalResponse MoveXYZ_ActionServer::handle_goal(const GoalUUID&, std::shared_ptr<const ur3e_ros_data::action::MoveXYZ_Goal_<std::allocator<void> > >)[m[K’:
[01m[K/home/harry/ur3e_ws/src/ur3e_ros_action_cpp/src/moveXYZ_action.cpp:55:45:[m[K [01;35m[Kwarning: [m[Kunused parameter ‘[01m[Kuuid[m[K’ [[01;35m[K]8;;https://gcc.gnu.org/onlinedocs/gcc/Warning-Options.html#index-Wunused-parameter-Wunused-parameter]8;;[m[K]
   55 |             [01;35m[Kconst rclcpp_action::GoalUUID & uuid[m[K,
      |             [01;35m[K~~~~~~~~~~~~~~~~~~~~~~~~~~~~~~~~^~~~[m[K
[01m[K/home/harry/ur3e_ws/src/ur3e_ros_action_cpp/src/moveXYZ_action.cpp:[m[K In member function ‘[01m[Kvoid MoveXYZ_ActionServer::execute(std::shared_ptr<rclcpp_action::ServerGoalHandle<ur3e_ros_data::action::MoveXYZ> >)[m[K’:
[01m[K/home/harry/ur3e_ws/src/ur3e_ros_action_cpp/src/moveXYZ_action.cpp:106:50:[m[K [01;35m[Kwarning: [m[Kunused variable ‘[01m[Kjoint_model_group[m[K’ [[01;35m[K]8;;https://gcc.gnu.org/onlinedocs/gcc/Warning-Options.html#index-Wunused-variable-Wunused-variable]8;;[m[K]
  106 |             const moveit::core::JointModelGroup* [01;35m[Kjoint_model_group[m[K = move_group_interface.getCurrentState()->getJointModelGroup("ur3e_arm");
      |                                                  [01;35m[K^~~~~~~~~~~~~~~~~[m[K
[100%] [32m[1mLinking CXX executable moveXYZ_action[0m
[100%] Built target moveXYZ_action
-- Install configuration: ""
-- Up-to-date: /home/harry/ur3e_ws/install/ur3e_ros_action_cpp/lib/ur3e_ros_action_cpp/moveJ_action
-- Up-to-date: /home/harry/ur3e_ws/install/ur3e_ros_action_cpp/lib/ur3e_ros_action_cpp/moveL_action
-- Up-to-date: /home/harry/ur3e_ws/install/ur3e_ros_action_cpp/lib/ur3e_ros_action_cpp/moveXYZW_action
-- Installing: /home/harry/ur3e_ws/install/ur3e_ros_action_cpp/lib/ur3e_ros_action_cpp/moveXYZ_action
-- Set runtime path of "/home/harry/ur3e_ws/install/ur3e_ros_action_cpp/lib/ur3e_ros_action_cpp/moveXYZ_action" to ""
-- Up-to-date: /home/harry/ur3e_ws/install/ur3e_ros_action_cpp/share/ament_index/resource_index/package_run_dependencies/ur3e_ros_action_cpp
-- Up-to-date: /home/harry/ur3e_ws/install/ur3e_ros_action_cpp/share/ament_index/resource_index/parent_prefix_path/ur3e_ros_action_cpp
-- Up-to-date: /home/harry/ur3e_ws/install/ur3e_ros_action_cpp/share/ur3e_ros_action_cpp/environment/ament_prefix_path.sh
-- Up-to-date: /home/harry/ur3e_ws/install/ur3e_ros_action_cpp/share/ur3e_ros_action_cpp/environment/ament_prefix_path.dsv
-- Up-to-date: /home/harry/ur3e_ws/install/ur3e_ros_action_cpp/share/ur3e_ros_action_cpp/environment/path.sh
-- Up-to-date: /home/harry/ur3e_ws/install/ur3e_ros_action_cpp/share/ur3e_ros_action_cpp/environment/path.dsv
-- Up-to-date: /home/harry/ur3e_ws/install/ur3e_ros_action_cpp/share/ur3e_ros_action_cpp/local_setup.bash
-- Up-to-date: /home/harry/ur3e_ws/install/ur3e_ros_action_cpp/share/ur3e_ros_action_cpp/local_setup.sh
-- Up-to-date: /home/harry/ur3e_ws/install/ur3e_ros_action_cpp/share/ur3e_ros_action_cpp/local_setup.zsh
-- Up-to-date: /home/harry/ur3e_ws/install/ur3e_ros_action_cpp/share/ur3e_ros_action_cpp/local_setup.dsv
-- Installing: /home/harry/ur3e_ws/install/ur3e_ros_action_cpp/share/ur3e_ros_action_cpp/package.dsv
-- Up-to-date: /home/harry/ur3e_ws/install/ur3e_ros_action_cpp/share/ament_index/resource_index/packages/ur3e_ros_action_cpp
-- Up-to-date: /home/harry/ur3e_ws/install/ur3e_ros_action_cpp/share/ur3e_ros_action_cpp/cmake/ur3e_ros_action_cppConfig.cmake
-- Up-to-date: /home/harry/ur3e_ws/install/ur3e_ros_action_cpp/share/ur3e_ros_action_cpp/cmake/ur3e_ros_action_cppConfig-version.cmake
-- Up-to-date: /home/harry/ur3e_ws/install/ur3e_ros_action_cpp/share/ur3e_ros_action_cpp/package.xml
