[0.048s] Invoking command in '/home/harry/ur3e_ws/build/ur3e_ros_data': CMAKE_PREFIX_PATH=${CMAKE_PREFIX_PATH}:/home/harry/ur3e_ws/install/ur3e_ros_action:/home/harry/ur_ws/install/ur3e_ros_action:/opt/ros/iron /usr/bin/cmake --build /home/harry/ur3e_ws/build/ur3e_ros_data -- -j2 -l2
[0.079s] [0mCMake Error: The current CMakeCache.txt directory /home/harry/ur3e_ws/build/ur3e_ros_data/CMakeCache.txt is different than the directory /home/harry/ur_ws/build/ur3e_ros_data where CMakeCache.txt was created. This may result in binaries being created in the wrong place. If you are not sure, reedit the CMakeCache.txt[0m
[0.150s] -- Found ament_cmake: 2.0.4 (/opt/ros/iron/share/ament_cmake/cmake)
[0.704s] -- Found rosidl_default_generators: 1.5.0 (/opt/ros/iron/share/rosidl_default_generators/cmake)
[0.715s] -- Using all available rosidl_typesupport_c: rosidl_typesupport_fastrtps_c;rosidl_typesupport_introspection_c
[0.845s] -- Using all available rosidl_typesupport_cpp: rosidl_typesupport_fastrtps_cpp;rosidl_typesupport_introspection_cpp
[0.965s] -- Found rosidl_adapter: 4.0.1 (/opt/ros/iron/share/rosidl_adapter/cmake)
[2.831s] -- Found ament_cmake_ros: 0.11.2 (/opt/ros/iron/share/ament_cmake_ros/cmake)
[3.620s] -- Using all available rosidl_typesupport_c: rosidl_typesupport_fastrtps_c;rosidl_typesupport_introspection_c
[4.590s] -- Using all available rosidl_typesupport_cpp: rosidl_typesupport_fastrtps_cpp;rosidl_typesupport_introspection_cpp
[4.677s] -- Found python_cmake_module: 0.10.2 (/opt/ros/iron/share/python_cmake_module/cmake)
[4.750s] -- Using PYTHON_EXECUTABLE: /usr/bin/python3
[4.750s] -- Using PYTHON_INCLUDE_DIRS: /usr/include/python3.10
[4.750s] -- Using PYTHON_LIBRARIES: /usr/lib/x86_64-linux-gnu/libpython3.10.so
[4.873s] -- Found ament_lint_auto: 0.14.3 (/opt/ros/iron/share/ament_lint_auto/cmake)
[4.902s] -- Added test 'lint_cmake' to check CMake code style
[4.906s] -- Added test 'xmllint' to check XML markup files
[4.909s] -- Configuring done
[5.049s] -- Generating done
[5.066s] -- Build files have been written to: /home/harry/ur_ws/build/ur3e_ros_data
[5.201s] [  2%] Built target ur3e_ros_data__rosidl_generator_type_description
[5.227s] [  2%] Built target ament_cmake_python_copy_ur3e_ros_data
[5.296s] [  4%] Built target ur3e_ros_data__cpp
[5.551s] [35m[1mConsolidate compiler generated dependencies of target ur3e_ros_data__rosidl_generator_c[0m
[5.609s] [  6%] [32mBuilding C object CMakeFiles/ur3e_ros_data__rosidl_generator_c.dir/rosidl_generator_c/ur3e_ros_data/msg/detail/joint_pose__description.c.o[0m
[5.757s] [  9%] [32mBuilding C object CMakeFiles/ur3e_ros_data__rosidl_generator_c.dir/rosidl_generator_c/ur3e_ros_data/msg/detail/joint_pose__functions.c.o[0m
[5.946s] [ 11%] [32mBuilding C object CMakeFiles/ur3e_ros_data__rosidl_generator_c.dir/rosidl_generator_c/ur3e_ros_data/msg/detail/joint_pose__type_support.c.o[0m
[6.065s] [ 13%] [32mBuilding C object CMakeFiles/ur3e_ros_data__rosidl_generator_c.dir/rosidl_generator_c/ur3e_ros_data/action/detail/move_j__description.c.o[0m
[6.368s] running egg_info
[6.370s] writing ur3e_ros_data.egg-info/PKG-INFO
[6.372s] writing dependency_links to ur3e_ros_data.egg-info/dependency_links.txt
[6.373s] writing top-level names to ur3e_ros_data.egg-info/top_level.txt
[6.380s] [ 15%] [32mBuilding C object CMakeFiles/ur3e_ros_data__rosidl_generator_c.dir/rosidl_generator_c/ur3e_ros_data/action/detail/move_j__functions.c.o[0m
[6.382s] reading manifest file 'ur3e_ros_data.egg-info/SOURCES.txt'
[6.384s] writing manifest file 'ur3e_ros_data.egg-info/SOURCES.txt'
[6.475s] [ 15%] Built target ament_cmake_python_build_ur3e_ros_data_egg
[6.514s] [ 18%] [32mBuilding C object CMakeFiles/ur3e_ros_data__rosidl_generator_c.dir/rosidl_generator_c/ur3e_ros_data/action/detail/move_j__type_support.c.o[0m
[6.945s] [ 20%] [32m[1mLinking C shared library libur3e_ros_data__rosidl_generator_c.so[0m
[7.093s] [ 22%] Built target ur3e_ros_data__rosidl_generator_c
[7.128s] [35m[1mConsolidate compiler generated dependencies of target ur3e_ros_data__rosidl_typesupport_cpp[0m
[7.165s] [35m[1mConsolidate compiler generated dependencies of target ur3e_ros_data__rosidl_typesupport_fastrtps_c[0m
[7.200s] [ 25%] [32mBuilding CXX object CMakeFiles/ur3e_ros_data__rosidl_typesupport_cpp.dir/rosidl_typesupport_cpp/ur3e_ros_data/msg/joint_pose__type_support.cpp.o[0m
[7.226s] [ 27%] [32mBuilding CXX object CMakeFiles/ur3e_ros_data__rosidl_typesupport_fastrtps_c.dir/rosidl_typesupport_fastrtps_c/ur3e_ros_data/msg/detail/joint_pose__type_support_c.cpp.o[0m
[8.740s] [ 29%] [32mBuilding CXX object CMakeFiles/ur3e_ros_data__rosidl_typesupport_fastrtps_c.dir/rosidl_typesupport_fastrtps_c/ur3e_ros_data/action/detail/move_j__type_support_c.cpp.o[0m
[8.783s] [ 31%] [32mBuilding CXX object CMakeFiles/ur3e_ros_data__rosidl_typesupport_cpp.dir/rosidl_typesupport_cpp/ur3e_ros_data/action/move_j__type_support.cpp.o[0m
[10.475s] [ 34%] [32m[1mLinking CXX shared library libur3e_ros_data__rosidl_typesupport_fastrtps_c.so[0m
[10.743s] [ 36%] Built target ur3e_ros_data__rosidl_typesupport_fastrtps_c
[10.775s] [35m[1mConsolidate compiler generated dependencies of target ur3e_ros_data__rosidl_typesupport_introspection_c[0m
[10.832s] [ 38%] [32mBuilding C object CMakeFiles/ur3e_ros_data__rosidl_typesupport_introspection_c.dir/rosidl_typesupport_introspection_c/ur3e_ros_data/msg/detail/joint_pose__type_support.c.o[0m
[10.940s] [ 40%] [32mBuilding C object CMakeFiles/ur3e_ros_data__rosidl_typesupport_introspection_c.dir/rosidl_typesupport_introspection_c/ur3e_ros_data/action/detail/move_j__type_support.c.o[0m
[11.185s] [ 43%] [32m[1mLinking C shared library libur3e_ros_data__rosidl_typesupport_introspection_c.so[0m
[11.322s] [ 45%] Built target ur3e_ros_data__rosidl_typesupport_introspection_c
[11.361s] [35m[1mConsolidate compiler generated dependencies of target ur3e_ros_data__rosidl_typesupport_c[0m
[11.423s] [ 47%] [32mBuilding CXX object CMakeFiles/ur3e_ros_data__rosidl_typesupport_c.dir/rosidl_typesupport_c/ur3e_ros_data/msg/joint_pose__type_support.cpp.o[0m
[11.584s] [ 50%] [32mBuilding CXX object CMakeFiles/ur3e_ros_data__rosidl_typesupport_c.dir/rosidl_typesupport_c/ur3e_ros_data/action/move_j__type_support.cpp.o[0m
[11.767s] [ 52%] [32m[1mLinking CXX shared library libur3e_ros_data__rosidl_typesupport_c.so[0m
[11.924s] [ 54%] Built target ur3e_ros_data__rosidl_typesupport_c
[11.960s] [35m[1mConsolidate compiler generated dependencies of target ur3e_ros_data__rosidl_typesupport_fastrtps_cpp[0m
[12.031s] [ 56%] [32mBuilding CXX object CMakeFiles/ur3e_ros_data__rosidl_typesupport_fastrtps_cpp.dir/rosidl_typesupport_fastrtps_cpp/ur3e_ros_data/msg/detail/dds_fastrtps/joint_pose__type_support.cpp.o[0m
[12.066s] [ 59%] [32m[1mLinking CXX shared library libur3e_ros_data__rosidl_typesupport_cpp.so[0m
[12.375s] [ 61%] Built target ur3e_ros_data__rosidl_typesupport_cpp
[12.411s] [35m[1mConsolidate compiler generated dependencies of target ur3e_ros_data__rosidl_typesupport_introspection_cpp[0m
[12.451s] [ 63%] [32mBuilding CXX object CMakeFiles/ur3e_ros_data__rosidl_typesupport_introspection_cpp.dir/rosidl_typesupport_introspection_cpp/ur3e_ros_data/msg/detail/joint_pose__type_support.cpp.o[0m
[13.856s] [ 65%] [32mBuilding CXX object CMakeFiles/ur3e_ros_data__rosidl_typesupport_introspection_cpp.dir/rosidl_typesupport_introspection_cpp/ur3e_ros_data/action/detail/move_j__type_support.cpp.o[0m
[14.154s] [ 68%] [32mBuilding CXX object CMakeFiles/ur3e_ros_data__rosidl_typesupport_fastrtps_cpp.dir/rosidl_typesupport_fastrtps_cpp/ur3e_ros_data/action/detail/dds_fastrtps/move_j__type_support.cpp.o[0m
[17.575s] [ 70%] [32m[1mLinking CXX shared library libur3e_ros_data__rosidl_typesupport_introspection_cpp.so[0m
[17.873s] [ 72%] Built target ur3e_ros_data__rosidl_typesupport_introspection_cpp
[18.270s] [ 75%] [32m[1mLinking CXX shared library libur3e_ros_data__rosidl_typesupport_fastrtps_cpp.so[0m
[18.593s] [ 77%] Built target ur3e_ros_data__rosidl_typesupport_fastrtps_cpp
[18.693s] [ 77%] Built target ur3e_ros_data
[18.780s] [ 79%] Built target ur3e_ros_data__py
[18.837s] [35m[1mConsolidate compiler generated dependencies of target ur3e_ros_data__rosidl_generator_py[0m
[18.889s] [ 81%] [32mBuilding C object CMakeFiles/ur3e_ros_data__rosidl_generator_py.dir/rosidl_generator_py/ur3e_ros_data/msg/_joint_pose_s.c.o[0m
[18.893s] [ 84%] [32mBuilding C object CMakeFiles/ur3e_ros_data__rosidl_generator_py.dir/rosidl_generator_py/ur3e_ros_data/action/_move_j_s.c.o[0m
[19.588s] [ 86%] [32m[1mLinking C shared library rosidl_generator_py/ur3e_ros_data/libur3e_ros_data__rosidl_generator_py.so[0m
[19.779s] [ 86%] Built target ur3e_ros_data__rosidl_generator_py
[19.824s] [35m[1mConsolidate compiler generated dependencies of target ur3e_ros_data__rosidl_typesupport_fastrtps_c__pyext[0m
[19.827s] [35m[1mConsolidate compiler generated dependencies of target ur3e_ros_data__rosidl_typesupport_introspection_c__pyext[0m
[19.870s] [ 88%] [32mBuilding C object CMakeFiles/ur3e_ros_data__rosidl_typesupport_introspection_c__pyext.dir/rosidl_generator_py/ur3e_ros_data/_ur3e_ros_data_s.ep.rosidl_typesupport_introspection_c.c.o[0m
[19.889s] [ 90%] [32mBuilding C object CMakeFiles/ur3e_ros_data__rosidl_typesupport_fastrtps_c__pyext.dir/rosidl_generator_py/ur3e_ros_data/_ur3e_ros_data_s.ep.rosidl_typesupport_fastrtps_c.c.o[0m
[20.453s] [ 93%] [32m[1mLinking C shared library rosidl_generator_py/ur3e_ros_data/ur3e_ros_data_s__rosidl_typesupport_fastrtps_c.cpython-310-x86_64-linux-gnu.so[0m
[20.497s] [ 95%] [32m[1mLinking C shared library rosidl_generator_py/ur3e_ros_data/ur3e_ros_data_s__rosidl_typesupport_introspection_c.cpython-310-x86_64-linux-gnu.so[0m
[20.634s] [ 95%] Built target ur3e_ros_data__rosidl_typesupport_fastrtps_c__pyext
[20.674s] [35m[1mConsolidate compiler generated dependencies of target ur3e_ros_data__rosidl_typesupport_c__pyext[0m
[20.690s] [ 95%] Built target ur3e_ros_data__rosidl_typesupport_introspection_c__pyext
[20.747s] [ 97%] [32mBuilding C object CMakeFiles/ur3e_ros_data__rosidl_typesupport_c__pyext.dir/rosidl_generator_py/ur3e_ros_data/_ur3e_ros_data_s.ep.rosidl_typesupport_c.c.o[0m
[21.351s] [100%] [32m[1mLinking C shared library rosidl_generator_py/ur3e_ros_data/ur3e_ros_data_s__rosidl_typesupport_c.cpython-310-x86_64-linux-gnu.so[0m
[21.531s] [100%] Built target ur3e_ros_data__rosidl_typesupport_c__pyext
[21.600s] Invoked command in '/home/harry/ur3e_ws/build/ur3e_ros_data' returned '0': CMAKE_PREFIX_PATH=${CMAKE_PREFIX_PATH}:/home/harry/ur3e_ws/install/ur3e_ros_action:/home/harry/ur_ws/install/ur3e_ros_action:/opt/ros/iron /usr/bin/cmake --build /home/harry/ur3e_ws/build/ur3e_ros_data -- -j2 -l2
[21.947s] Invoking command in '/home/harry/ur3e_ws/build/ur3e_ros_data': CMAKE_PREFIX_PATH=${CMAKE_PREFIX_PATH}:/home/harry/ur3e_ws/install/ur3e_ros_action:/home/harry/ur_ws/install/ur3e_ros_action:/opt/ros/iron /usr/bin/cmake --install /home/harry/ur3e_ws/build/ur3e_ros_data
[21.986s] -- Install configuration: ""
[21.986s] -- Up-to-date: /home/harry/ur_ws/install/ur3e_ros_data/share/ament_index/resource_index/rosidl_interfaces/ur3e_ros_data
[21.986s] -- Up-to-date: /home/harry/ur_ws/install/ur3e_ros_data/share/ur3e_ros_data/msg/JointPose.json
[21.992s] -- Up-to-date: /home/harry/ur_ws/install/ur3e_ros_data/share/ur3e_ros_data/action/MoveJ.json
[21.992s] -- Up-to-date: /home/harry/ur_ws/install/ur3e_ros_data/include/ur3e_ros_data/ur3e_ros_data
[21.992s] -- Up-to-date: /home/harry/ur_ws/install/ur3e_ros_data/include/ur3e_ros_data/ur3e_ros_data/action
[21.992s] -- Up-to-date: /home/harry/ur_ws/install/ur3e_ros_data/include/ur3e_ros_data/ur3e_ros_data/action/detail
[21.992s] -- Up-to-date: /home/harry/ur_ws/install/ur3e_ros_data/include/ur3e_ros_data/ur3e_ros_data/action/detail/move_j__functions.c
[21.992s] -- Up-to-date: /home/harry/ur_ws/install/ur3e_ros_data/include/ur3e_ros_data/ur3e_ros_data/action/detail/move_j__functions.h
[21.993s] -- Up-to-date: /home/harry/ur_ws/install/ur3e_ros_data/include/ur3e_ros_data/ur3e_ros_data/action/detail/move_j__type_support.h
[21.993s] -- Up-to-date: /home/harry/ur_ws/install/ur3e_ros_data/include/ur3e_ros_data/ur3e_ros_data/action/detail/move_j__struct.h
[21.993s] -- Installing: /home/harry/ur_ws/install/ur3e_ros_data/include/ur3e_ros_data/ur3e_ros_data/action/detail/move_j__type_support.c
[21.996s] -- Up-to-date: /home/harry/ur_ws/install/ur3e_ros_data/include/ur3e_ros_data/ur3e_ros_data/action/detail/move_j__description.c
[22.030s] -- Up-to-date: /home/harry/ur_ws/install/ur3e_ros_data/include/ur3e_ros_data/ur3e_ros_data/action/move_j.h
[22.030s] -- Up-to-date: /home/harry/ur_ws/install/ur3e_ros_data/include/ur3e_ros_data/ur3e_ros_data/msg
[22.030s] -- Up-to-date: /home/harry/ur_ws/install/ur3e_ros_data/include/ur3e_ros_data/ur3e_ros_data/msg/detail
[22.031s] -- Up-to-date: /home/harry/ur_ws/install/ur3e_ros_data/include/ur3e_ros_data/ur3e_ros_data/msg/detail/joint_pose__struct.h
[22.031s] -- Up-to-date: /home/harry/ur_ws/install/ur3e_ros_data/include/ur3e_ros_data/ur3e_ros_data/msg/detail/joint_pose__functions.h
[22.031s] -- Up-to-date: /home/harry/ur_ws/install/ur3e_ros_data/include/ur3e_ros_data/ur3e_ros_data/msg/detail/joint_pose__type_support.h
[22.031s] -- Up-to-date: /home/harry/ur_ws/install/ur3e_ros_data/include/ur3e_ros_data/ur3e_ros_data/msg/detail/joint_pose__description.c
[22.032s] -- Installing: /home/harry/ur_ws/install/ur3e_ros_data/include/ur3e_ros_data/ur3e_ros_data/msg/detail/joint_pose__type_support.c
[22.032s] -- Up-to-date: /home/harry/ur_ws/install/ur3e_ros_data/include/ur3e_ros_data/ur3e_ros_data/msg/detail/joint_pose__functions.c
[22.032s] -- Up-to-date: /home/harry/ur_ws/install/ur3e_ros_data/include/ur3e_ros_data/ur3e_ros_data/msg/rosidl_generator_c__visibility_control.h
[22.032s] -- Up-to-date: /home/harry/ur_ws/install/ur3e_ros_data/include/ur3e_ros_data/ur3e_ros_data/msg/joint_pose.h
[22.032s] -- Up-to-date: /home/harry/ur_ws/install/ur3e_ros_data/share/ur3e_ros_data/environment/library_path.sh
[22.033s] -- Up-to-date: /home/harry/ur_ws/install/ur3e_ros_data/share/ur3e_ros_data/environment/library_path.dsv
[22.033s] -- Up-to-date: /home/harry/ur_ws/install/ur3e_ros_data/lib/libur3e_ros_data__rosidl_generator_c.so
[22.033s] -- Up-to-date: /home/harry/ur_ws/install/ur3e_ros_data/include/ur3e_ros_data/ur3e_ros_data
[22.035s] -- Up-to-date: /home/harry/ur_ws/install/ur3e_ros_data/include/ur3e_ros_data/ur3e_ros_data/action
[22.035s] -- Up-to-date: /home/harry/ur_ws/install/ur3e_ros_data/include/ur3e_ros_data/ur3e_ros_data/action/detail
[22.035s] -- Up-to-date: /home/harry/ur_ws/install/ur3e_ros_data/include/ur3e_ros_data/ur3e_ros_data/action/detail/move_j__rosidl_typesupport_fastrtps_c.h
[22.036s] -- Up-to-date: /home/harry/ur_ws/install/ur3e_ros_data/include/ur3e_ros_data/ur3e_ros_data/msg
[22.036s] -- Up-to-date: /home/harry/ur_ws/install/ur3e_ros_data/include/ur3e_ros_data/ur3e_ros_data/msg/detail
[22.036s] -- Up-to-date: /home/harry/ur_ws/install/ur3e_ros_data/include/ur3e_ros_data/ur3e_ros_data/msg/detail/joint_pose__rosidl_typesupport_fastrtps_c.h
[22.036s] -- Up-to-date: /home/harry/ur_ws/install/ur3e_ros_data/include/ur3e_ros_data/ur3e_ros_data/msg/rosidl_typesupport_fastrtps_c__visibility_control.h
[22.037s] -- Up-to-date: /home/harry/ur_ws/install/ur3e_ros_data/lib/libur3e_ros_data__rosidl_typesupport_fastrtps_c.so
[22.037s] -- Up-to-date: /home/harry/ur_ws/install/ur3e_ros_data/include/ur3e_ros_data/ur3e_ros_data
[22.037s] -- Up-to-date: /home/harry/ur_ws/install/ur3e_ros_data/include/ur3e_ros_data/ur3e_ros_data/action
[22.038s] -- Up-to-date: /home/harry/ur_ws/install/ur3e_ros_data/include/ur3e_ros_data/ur3e_ros_data/action/detail
[22.038s] -- Up-to-date: /home/harry/ur_ws/install/ur3e_ros_data/include/ur3e_ros_data/ur3e_ros_data/action/detail/move_j__rosidl_typesupport_introspection_c.h
[22.038s] -- Installing: /home/harry/ur_ws/install/ur3e_ros_data/include/ur3e_ros_data/ur3e_ros_data/action/detail/move_j__type_support.c
[22.039s] -- Up-to-date: /home/harry/ur_ws/install/ur3e_ros_data/include/ur3e_ros_data/ur3e_ros_data/msg
[22.050s] -- Up-to-date: /home/harry/ur_ws/install/ur3e_ros_data/include/ur3e_ros_data/ur3e_ros_data/msg/detail
[22.051s] -- Up-to-date: /home/harry/ur_ws/install/ur3e_ros_data/include/ur3e_ros_data/ur3e_ros_data/msg/detail/joint_pose__rosidl_typesupport_introspection_c.h
[22.051s] -- Installing: /home/harry/ur_ws/install/ur3e_ros_data/include/ur3e_ros_data/ur3e_ros_data/msg/detail/joint_pose__type_support.c
[22.051s] -- Up-to-date: /home/harry/ur_ws/install/ur3e_ros_data/include/ur3e_ros_data/ur3e_ros_data/msg/rosidl_typesupport_introspection_c__visibility_control.h
[22.051s] -- Up-to-date: /home/harry/ur_ws/install/ur3e_ros_data/lib/libur3e_ros_data__rosidl_typesupport_introspection_c.so
[22.052s] -- Up-to-date: /home/harry/ur_ws/install/ur3e_ros_data/lib/libur3e_ros_data__rosidl_typesupport_c.so
[22.052s] -- Up-to-date: /home/harry/ur_ws/install/ur3e_ros_data/include/ur3e_ros_data/ur3e_ros_data
[22.052s] -- Up-to-date: /home/harry/ur_ws/install/ur3e_ros_data/include/ur3e_ros_data/ur3e_ros_data/action
[22.052s] -- Up-to-date: /home/harry/ur_ws/install/ur3e_ros_data/include/ur3e_ros_data/ur3e_ros_data/action/detail
[22.052s] -- Up-to-date: /home/harry/ur_ws/install/ur3e_ros_data/include/ur3e_ros_data/ur3e_ros_data/action/detail/move_j__builder.hpp
[22.053s] -- Up-to-date: /home/harry/ur_ws/install/ur3e_ros_data/include/ur3e_ros_data/ur3e_ros_data/action/detail/move_j__struct.hpp
[22.053s] -- Up-to-date: /home/harry/ur_ws/install/ur3e_ros_data/include/ur3e_ros_data/ur3e_ros_data/action/detail/move_j__traits.hpp
[22.053s] -- Up-to-date: /home/harry/ur_ws/install/ur3e_ros_data/include/ur3e_ros_data/ur3e_ros_data/action/move_j.hpp
[22.053s] -- Up-to-date: /home/harry/ur_ws/install/ur3e_ros_data/include/ur3e_ros_data/ur3e_ros_data/msg
[22.053s] -- Up-to-date: /home/harry/ur_ws/install/ur3e_ros_data/include/ur3e_ros_data/ur3e_ros_data/msg/detail
[22.054s] -- Up-to-date: /home/harry/ur_ws/install/ur3e_ros_data/include/ur3e_ros_data/ur3e_ros_data/msg/detail/joint_pose__builder.hpp
[22.057s] -- Up-to-date: /home/harry/ur_ws/install/ur3e_ros_data/include/ur3e_ros_data/ur3e_ros_data/msg/detail/joint_pose__traits.hpp
[22.057s] -- Up-to-date: /home/harry/ur_ws/install/ur3e_ros_data/include/ur3e_ros_data/ur3e_ros_data/msg/detail/joint_pose__struct.hpp
[22.058s] -- Up-to-date: /home/harry/ur_ws/install/ur3e_ros_data/include/ur3e_ros_data/ur3e_ros_data/msg/joint_pose.hpp
[22.058s] -- Up-to-date: /home/harry/ur_ws/install/ur3e_ros_data/include/ur3e_ros_data/ur3e_ros_data
[22.058s] -- Up-to-date: /home/harry/ur_ws/install/ur3e_ros_data/include/ur3e_ros_data/ur3e_ros_data/action
[22.059s] -- Up-to-date: /home/harry/ur_ws/install/ur3e_ros_data/include/ur3e_ros_data/ur3e_ros_data/action/detail
[22.059s] -- Up-to-date: /home/harry/ur_ws/install/ur3e_ros_data/include/ur3e_ros_data/ur3e_ros_data/action/detail/dds_fastrtps
[22.059s] [31mCMake Error at cmake_install.cmake:174 (file):
[22.059s]   file INSTALL cannot set permissions on
[22.059s]   "/home/harry/ur_ws/install/ur3e_ros_data/include/ur3e_ros_data/ur3e_ros_data/action/detail/dds_fastrtps":
[22.060s]   Operation not permitted.
[22.060s] 
[22.060s] [0m
[22.060s] Invoked command in '/home/harry/ur3e_ws/build/ur3e_ros_data' returned '1': CMAKE_PREFIX_PATH=${CMAKE_PREFIX_PATH}:/home/harry/ur3e_ws/install/ur3e_ros_action:/home/harry/ur_ws/install/ur3e_ros_action:/opt/ros/iron /usr/bin/cmake --install /home/harry/ur3e_ws/build/ur3e_ros_data
