[0.009s] Invoking command in '/home/harry/ur3e_ws/build/ur3e_moveit': CMAKE_PREFIX_PATH=/home/harry/ur3e_ws/install/ur3e_ros_data:/home/harry/ur3e_ws/install/ur3e_ros_action_cpp:/home/harry/ur3e_ws/install/ur3e_moveit:/home/harry/ur3e_ws/install/ur3e_gazebo_sim:/home/harry/ur3e_ws/install/ur3e_ros_action:/opt/ros/iron /usr/bin/cmake --build /home/harry/ur3e_ws/build/ur3e_moveit -- -j8 -l8
[0.025s] -- Found ament_cmake: 2.0.4 (/opt/ros/iron/share/ament_cmake/cmake)
[0.133s] -- Found ament_lint_auto: 0.14.3 (/opt/ros/iron/share/ament_lint_auto/cmake)
[0.188s] -- Added test 'flake8' to check Python code syntax and style conventions
[0.188s] -- Configured 'flake8' exclude dirs and/or files: 
[0.189s] -- Added test 'lint_cmake' to check CMake code style
[0.189s] -- Added test 'pep257' to check Python code against some of the docstring style conventions in PEP 257
[0.190s] -- Added test 'xmllint' to check XML markup files
[0.191s] -- Configuring done
[0.194s] -- Generating done
[0.195s] -- Build files have been written to: /home/harry/ur3e_ws/build/ur3e_moveit
[0.218s] Invoked command in '/home/harry/ur3e_ws/build/ur3e_moveit' returned '0': CMAKE_PREFIX_PATH=/home/harry/ur3e_ws/install/ur3e_ros_data:/home/harry/ur3e_ws/install/ur3e_ros_action_cpp:/home/harry/ur3e_ws/install/ur3e_moveit:/home/harry/ur3e_ws/install/ur3e_gazebo_sim:/home/harry/ur3e_ws/install/ur3e_ros_action:/opt/ros/iron /usr/bin/cmake --build /home/harry/ur3e_ws/build/ur3e_moveit -- -j8 -l8
[0.233s] Invoking command in '/home/harry/ur3e_ws/build/ur3e_moveit': CMAKE_PREFIX_PATH=/home/harry/ur3e_ws/install/ur3e_ros_data:/home/harry/ur3e_ws/install/ur3e_ros_action_cpp:/home/harry/ur3e_ws/install/ur3e_moveit:/home/harry/ur3e_ws/install/ur3e_gazebo_sim:/home/harry/ur3e_ws/install/ur3e_ros_action:/opt/ros/iron /usr/bin/cmake --install /home/harry/ur3e_ws/build/ur3e_moveit
[0.237s] -- Install configuration: ""
[0.238s] -- Up-to-date: /home/harry/ur3e_ws/install/ur3e_moveit/share/ur3e_moveit/config
[0.238s] -- Up-to-date: /home/harry/ur3e_ws/install/ur3e_moveit/share/ur3e_moveit/config/ur3e_controllers.yaml
[0.238s] -- Up-to-date: /home/harry/ur3e_ws/install/ur3e_moveit/share/ur3e_moveit/config/ur3e_moveit2.rviz
[0.238s] -- Up-to-date: /home/harry/ur3e_ws/install/ur3e_moveit/share/ur3e_moveit/config/chomp_planning.yaml
[0.239s] -- Up-to-date: /home/harry/ur3e_ws/install/ur3e_moveit/share/ur3e_moveit/config/ur3e.srdf
[0.239s] -- Up-to-date: /home/harry/ur3e_ws/install/ur3e_moveit/share/ur3e_moveit/config/ompl_planning.yaml
[0.239s] -- Up-to-date: /home/harry/ur3e_ws/install/ur3e_moveit/share/ur3e_moveit/config/kinematics.yaml
[0.240s] -- Up-to-date: /home/harry/ur3e_ws/install/ur3e_moveit/share/ur3e_moveit/launch
[0.240s] -- Up-to-date: /home/harry/ur3e_ws/install/ur3e_moveit/share/ur3e_moveit/launch/ur3e.launch.py
[0.240s] -- Installing: /home/harry/ur3e_ws/install/ur3e_moveit/share/ur3e_moveit/launch/ur3e_action_interface.launch.py
[0.241s] -- Up-to-date: /home/harry/ur3e_ws/install/ur3e_moveit/share/ament_index/resource_index/package_run_dependencies/ur3e_moveit
[0.241s] -- Installing: /home/harry/ur3e_ws/install/ur3e_moveit/share/ament_index/resource_index/parent_prefix_path/ur3e_moveit
[0.241s] -- Up-to-date: /home/harry/ur3e_ws/install/ur3e_moveit/share/ur3e_moveit/environment/ament_prefix_path.sh
[0.241s] -- Up-to-date: /home/harry/ur3e_ws/install/ur3e_moveit/share/ur3e_moveit/environment/ament_prefix_path.dsv
[0.241s] -- Up-to-date: /home/harry/ur3e_ws/install/ur3e_moveit/share/ur3e_moveit/environment/path.sh
[0.241s] -- Up-to-date: /home/harry/ur3e_ws/install/ur3e_moveit/share/ur3e_moveit/environment/path.dsv
[0.241s] -- Up-to-date: /home/harry/ur3e_ws/install/ur3e_moveit/share/ur3e_moveit/local_setup.bash
[0.241s] -- Up-to-date: /home/harry/ur3e_ws/install/ur3e_moveit/share/ur3e_moveit/local_setup.sh
[0.241s] -- Up-to-date: /home/harry/ur3e_ws/install/ur3e_moveit/share/ur3e_moveit/local_setup.zsh
[0.241s] -- Up-to-date: /home/harry/ur3e_ws/install/ur3e_moveit/share/ur3e_moveit/local_setup.dsv
[0.241s] -- Installing: /home/harry/ur3e_ws/install/ur3e_moveit/share/ur3e_moveit/package.dsv
[0.242s] -- Up-to-date: /home/harry/ur3e_ws/install/ur3e_moveit/share/ament_index/resource_index/packages/ur3e_moveit
[0.242s] -- Up-to-date: /home/harry/ur3e_ws/install/ur3e_moveit/share/ur3e_moveit/cmake/ur3e_moveitConfig.cmake
[0.242s] -- Up-to-date: /home/harry/ur3e_ws/install/ur3e_moveit/share/ur3e_moveit/cmake/ur3e_moveitConfig-version.cmake
[0.242s] -- Installing: /home/harry/ur3e_ws/install/ur3e_moveit/share/ur3e_moveit/package.xml
[0.242s] Invoked command in '/home/harry/ur3e_ws/build/ur3e_moveit' returned '0': CMAKE_PREFIX_PATH=/home/harry/ur3e_ws/install/ur3e_ros_data:/home/harry/ur3e_ws/install/ur3e_ros_action_cpp:/home/harry/ur3e_ws/install/ur3e_moveit:/home/harry/ur3e_ws/install/ur3e_gazebo_sim:/home/harry/ur3e_ws/install/ur3e_ros_action:/opt/ros/iron /usr/bin/cmake --install /home/harry/ur3e_ws/build/ur3e_moveit
