[0.064s] DEBUG:colcon:Command line arguments: ['/usr/bin/colcon', 'build']
[0.064s] DEBUG:colcon:Parsed command line arguments: Namespace(log_base=None, log_level=None, verb_name='build', build_base='build', install_base='install', merge_install=False, symlink_install=False, test_result_base=None, continue_on_error=False, executor='parallel', parallel_workers=8, event_handlers=None, ignore_user_meta=False, metas=['./colcon.meta'], base_paths=['.'], packages_ignore=None, packages_ignore_regex=None, paths=None, packages_up_to=None, packages_up_to_regex=None, packages_above=None, packages_above_and_dependencies=None, packages_above_depth=None, packages_select_by_dep=None, packages_skip_by_dep=None, packages_skip_up_to=None, packages_select_build_failed=False, packages_skip_build_finished=False, packages_select_test_failures=False, packages_skip_test_passed=False, packages_select=None, packages_skip=None, packages_select_regex=None, packages_skip_regex=None, packages_start=None, packages_end=None, allow_overriding=[], cmake_args=None, cmake_target=None, cmake_target_skip_unavailable=False, cmake_clean_cache=False, cmake_clean_first=False, cmake_force_configure=False, ament_cmake_args=None, catkin_cmake_args=None, catkin_skip_building_tests=False, mixin_files=None, mixin=None, verb_parser=<colcon_mixin.mixin.mixin_argument.MixinArgumentDecorator object at 0x75aeb8b4fa30>, verb_extension=<colcon_core.verb.build.BuildVerb object at 0x75aeb8b4f520>, main=<bound method BuildVerb.main of <colcon_core.verb.build.BuildVerb object at 0x75aeb8b4f520>>, mixin_verb=('build',))
[0.168s] Level 1:colcon.colcon_core.package_discovery:discover_packages(colcon_meta) check parameters
[0.168s] Level 1:colcon.colcon_core.package_discovery:discover_packages(recursive) check parameters
[0.168s] Level 1:colcon.colcon_core.package_discovery:discover_packages(ignore) check parameters
[0.168s] Level 1:colcon.colcon_core.package_discovery:discover_packages(path) check parameters
[0.168s] Level 1:colcon.colcon_core.package_discovery:discover_packages(colcon_meta) discover
[0.168s] Level 1:colcon.colcon_core.package_discovery:discover_packages(recursive) discover
[0.168s] INFO:colcon.colcon_core.package_discovery:Crawling recursively for packages in '/home/harry/ur3e_ws'
[0.168s] Level 1:colcon.colcon_core.package_identification:_identify(.) by extensions ['ignore', 'ignore_ament_install']
[0.169s] Level 1:colcon.colcon_core.package_identification:_identify(.) by extension 'ignore'
[0.169s] Level 1:colcon.colcon_core.package_identification:_identify(.) by extension 'ignore_ament_install'
[0.169s] Level 1:colcon.colcon_core.package_identification:_identify(.) by extensions ['colcon_pkg']
[0.169s] Level 1:colcon.colcon_core.package_identification:_identify(.) by extension 'colcon_pkg'
[0.169s] Level 1:colcon.colcon_core.package_identification:_identify(.) by extensions ['colcon_meta']
[0.169s] Level 1:colcon.colcon_core.package_identification:_identify(.) by extension 'colcon_meta'
[0.169s] Level 1:colcon.colcon_core.package_identification:_identify(.) by extensions ['ros']
[0.169s] Level 1:colcon.colcon_core.package_identification:_identify(.) by extension 'ros'
[0.176s] Level 1:colcon.colcon_core.package_identification:_identify(.) by extensions ['cmake', 'python']
[0.176s] Level 1:colcon.colcon_core.package_identification:_identify(.) by extension 'cmake'
[0.176s] Level 1:colcon.colcon_core.package_identification:_identify(.) by extension 'python'
[0.176s] Level 1:colcon.colcon_core.package_identification:_identify(.) by extensions ['python_setup_py']
[0.176s] Level 1:colcon.colcon_core.package_identification:_identify(.) by extension 'python_setup_py'
[0.176s] Level 1:colcon.colcon_core.package_identification:_identify(build) by extensions ['ignore', 'ignore_ament_install']
[0.176s] Level 1:colcon.colcon_core.package_identification:_identify(build) by extension 'ignore'
[0.176s] Level 1:colcon.colcon_core.package_identification:_identify(build) ignored
[0.176s] Level 1:colcon.colcon_core.package_identification:_identify(include) by extensions ['ignore', 'ignore_ament_install']
[0.176s] Level 1:colcon.colcon_core.package_identification:_identify(include) by extension 'ignore'
[0.176s] Level 1:colcon.colcon_core.package_identification:_identify(include) by extension 'ignore_ament_install'
[0.176s] Level 1:colcon.colcon_core.package_identification:_identify(include) by extensions ['colcon_pkg']
[0.176s] Level 1:colcon.colcon_core.package_identification:_identify(include) by extension 'colcon_pkg'
[0.176s] Level 1:colcon.colcon_core.package_identification:_identify(include) by extensions ['colcon_meta']
[0.176s] Level 1:colcon.colcon_core.package_identification:_identify(include) by extension 'colcon_meta'
[0.176s] Level 1:colcon.colcon_core.package_identification:_identify(include) by extensions ['ros']
[0.176s] Level 1:colcon.colcon_core.package_identification:_identify(include) by extension 'ros'
[0.176s] Level 1:colcon.colcon_core.package_identification:_identify(include) by extensions ['cmake', 'python']
[0.176s] Level 1:colcon.colcon_core.package_identification:_identify(include) by extension 'cmake'
[0.176s] Level 1:colcon.colcon_core.package_identification:_identify(include) by extension 'python'
[0.176s] Level 1:colcon.colcon_core.package_identification:_identify(include) by extensions ['python_setup_py']
[0.176s] Level 1:colcon.colcon_core.package_identification:_identify(include) by extension 'python_setup_py'
[0.177s] Level 1:colcon.colcon_core.package_identification:_identify(install) by extensions ['ignore', 'ignore_ament_install']
[0.177s] Level 1:colcon.colcon_core.package_identification:_identify(install) by extension 'ignore'
[0.177s] Level 1:colcon.colcon_core.package_identification:_identify(install) ignored
[0.177s] Level 1:colcon.colcon_core.package_identification:_identify(log) by extensions ['ignore', 'ignore_ament_install']
[0.177s] Level 1:colcon.colcon_core.package_identification:_identify(log) by extension 'ignore'
[0.177s] Level 1:colcon.colcon_core.package_identification:_identify(log) ignored
[0.177s] Level 1:colcon.colcon_core.package_identification:_identify(src) by extensions ['ignore', 'ignore_ament_install']
[0.177s] Level 1:colcon.colcon_core.package_identification:_identify(src) by extension 'ignore'
[0.177s] Level 1:colcon.colcon_core.package_identification:_identify(src) by extension 'ignore_ament_install'
[0.177s] Level 1:colcon.colcon_core.package_identification:_identify(src) by extensions ['colcon_pkg']
[0.177s] Level 1:colcon.colcon_core.package_identification:_identify(src) by extension 'colcon_pkg'
[0.177s] Level 1:colcon.colcon_core.package_identification:_identify(src) by extensions ['colcon_meta']
[0.177s] Level 1:colcon.colcon_core.package_identification:_identify(src) by extension 'colcon_meta'
[0.177s] Level 1:colcon.colcon_core.package_identification:_identify(src) by extensions ['ros']
[0.177s] Level 1:colcon.colcon_core.package_identification:_identify(src) by extension 'ros'
[0.177s] Level 1:colcon.colcon_core.package_identification:_identify(src) by extensions ['cmake', 'python']
[0.177s] Level 1:colcon.colcon_core.package_identification:_identify(src) by extension 'cmake'
[0.177s] Level 1:colcon.colcon_core.package_identification:_identify(src) by extension 'python'
[0.177s] Level 1:colcon.colcon_core.package_identification:_identify(src) by extensions ['python_setup_py']
[0.177s] Level 1:colcon.colcon_core.package_identification:_identify(src) by extension 'python_setup_py'
[0.177s] Level 1:colcon.colcon_core.package_identification:_identify(src/ur3e_gazebo_sim) by extensions ['ignore', 'ignore_ament_install']
[0.177s] Level 1:colcon.colcon_core.package_identification:_identify(src/ur3e_gazebo_sim) by extension 'ignore'
[0.177s] Level 1:colcon.colcon_core.package_identification:_identify(src/ur3e_gazebo_sim) by extension 'ignore_ament_install'
[0.177s] Level 1:colcon.colcon_core.package_identification:_identify(src/ur3e_gazebo_sim) by extensions ['colcon_pkg']
[0.177s] Level 1:colcon.colcon_core.package_identification:_identify(src/ur3e_gazebo_sim) by extension 'colcon_pkg'
[0.177s] Level 1:colcon.colcon_core.package_identification:_identify(src/ur3e_gazebo_sim) by extensions ['colcon_meta']
[0.177s] Level 1:colcon.colcon_core.package_identification:_identify(src/ur3e_gazebo_sim) by extension 'colcon_meta'
[0.177s] Level 1:colcon.colcon_core.package_identification:_identify(src/ur3e_gazebo_sim) by extensions ['ros']
[0.177s] Level 1:colcon.colcon_core.package_identification:_identify(src/ur3e_gazebo_sim) by extension 'ros'
[0.179s] DEBUG:colcon.colcon_core.package_identification:Package 'src/ur3e_gazebo_sim' with type 'ros.ament_cmake' and name 'ur3e_gazebo_sim'
[0.179s] Level 1:colcon.colcon_core.package_identification:_identify(src/ur3e_moveit) by extensions ['ignore', 'ignore_ament_install']
[0.179s] Level 1:colcon.colcon_core.package_identification:_identify(src/ur3e_moveit) by extension 'ignore'
[0.179s] Level 1:colcon.colcon_core.package_identification:_identify(src/ur3e_moveit) by extension 'ignore_ament_install'
[0.179s] Level 1:colcon.colcon_core.package_identification:_identify(src/ur3e_moveit) by extensions ['colcon_pkg']
[0.179s] Level 1:colcon.colcon_core.package_identification:_identify(src/ur3e_moveit) by extension 'colcon_pkg'
[0.179s] Level 1:colcon.colcon_core.package_identification:_identify(src/ur3e_moveit) by extensions ['colcon_meta']
[0.179s] Level 1:colcon.colcon_core.package_identification:_identify(src/ur3e_moveit) by extension 'colcon_meta'
[0.179s] Level 1:colcon.colcon_core.package_identification:_identify(src/ur3e_moveit) by extensions ['ros']
[0.179s] Level 1:colcon.colcon_core.package_identification:_identify(src/ur3e_moveit) by extension 'ros'
[0.180s] DEBUG:colcon.colcon_core.package_identification:Package 'src/ur3e_moveit' with type 'ros.ament_cmake' and name 'ur3e_moveit'
[0.180s] Level 1:colcon.colcon_core.package_identification:_identify(src/ur3e_ros_action) by extensions ['ignore', 'ignore_ament_install']
[0.180s] Level 1:colcon.colcon_core.package_identification:_identify(src/ur3e_ros_action) by extension 'ignore'
[0.180s] Level 1:colcon.colcon_core.package_identification:_identify(src/ur3e_ros_action) by extension 'ignore_ament_install'
[0.180s] Level 1:colcon.colcon_core.package_identification:_identify(src/ur3e_ros_action) by extensions ['colcon_pkg']
[0.180s] Level 1:colcon.colcon_core.package_identification:_identify(src/ur3e_ros_action) by extension 'colcon_pkg'
[0.180s] Level 1:colcon.colcon_core.package_identification:_identify(src/ur3e_ros_action) by extensions ['colcon_meta']
[0.180s] Level 1:colcon.colcon_core.package_identification:_identify(src/ur3e_ros_action) by extension 'colcon_meta'
[0.180s] Level 1:colcon.colcon_core.package_identification:_identify(src/ur3e_ros_action) by extensions ['ros']
[0.180s] Level 1:colcon.colcon_core.package_identification:_identify(src/ur3e_ros_action) by extension 'ros'
[0.181s] DEBUG:colcon.colcon_core.package_identification:Package 'src/ur3e_ros_action' with type 'ros.ament_python' and name 'ur3e_ros_action'
[0.181s] Level 1:colcon.colcon_core.package_identification:_identify(src/ur3e_ros_action_cpp) by extensions ['ignore', 'ignore_ament_install']
[0.181s] Level 1:colcon.colcon_core.package_identification:_identify(src/ur3e_ros_action_cpp) by extension 'ignore'
[0.181s] Level 1:colcon.colcon_core.package_identification:_identify(src/ur3e_ros_action_cpp) by extension 'ignore_ament_install'
[0.181s] Level 1:colcon.colcon_core.package_identification:_identify(src/ur3e_ros_action_cpp) by extensions ['colcon_pkg']
[0.181s] Level 1:colcon.colcon_core.package_identification:_identify(src/ur3e_ros_action_cpp) by extension 'colcon_pkg'
[0.181s] Level 1:colcon.colcon_core.package_identification:_identify(src/ur3e_ros_action_cpp) by extensions ['colcon_meta']
[0.181s] Level 1:colcon.colcon_core.package_identification:_identify(src/ur3e_ros_action_cpp) by extension 'colcon_meta'
[0.181s] Level 1:colcon.colcon_core.package_identification:_identify(src/ur3e_ros_action_cpp) by extensions ['ros']
[0.181s] Level 1:colcon.colcon_core.package_identification:_identify(src/ur3e_ros_action_cpp) by extension 'ros'
[0.182s] DEBUG:colcon.colcon_core.package_identification:Package 'src/ur3e_ros_action_cpp' with type 'ros.ament_cmake' and name 'ur3e_ros_action_cpp'
[0.182s] Level 1:colcon.colcon_core.package_identification:_identify(src/ur3e_ros_data) by extensions ['ignore', 'ignore_ament_install']
[0.182s] Level 1:colcon.colcon_core.package_identification:_identify(src/ur3e_ros_data) by extension 'ignore'
[0.182s] Level 1:colcon.colcon_core.package_identification:_identify(src/ur3e_ros_data) by extension 'ignore_ament_install'
[0.182s] Level 1:colcon.colcon_core.package_identification:_identify(src/ur3e_ros_data) by extensions ['colcon_pkg']
[0.182s] Level 1:colcon.colcon_core.package_identification:_identify(src/ur3e_ros_data) by extension 'colcon_pkg'
[0.182s] Level 1:colcon.colcon_core.package_identification:_identify(src/ur3e_ros_data) by extensions ['colcon_meta']
[0.182s] Level 1:colcon.colcon_core.package_identification:_identify(src/ur3e_ros_data) by extension 'colcon_meta'
[0.182s] Level 1:colcon.colcon_core.package_identification:_identify(src/ur3e_ros_data) by extensions ['ros']
[0.182s] Level 1:colcon.colcon_core.package_identification:_identify(src/ur3e_ros_data) by extension 'ros'
[0.183s] DEBUG:colcon.colcon_core.package_identification:Package 'src/ur3e_ros_data' with type 'ros.ament_cmake' and name 'ur3e_ros_data'
[0.183s] Level 1:colcon.colcon_core.package_discovery:discover_packages(recursive) using defaults
[0.183s] Level 1:colcon.colcon_core.package_discovery:discover_packages(ignore) discover
[0.183s] Level 1:colcon.colcon_core.package_discovery:discover_packages(ignore) using defaults
[0.183s] Level 1:colcon.colcon_core.package_discovery:discover_packages(path) discover
[0.183s] Level 1:colcon.colcon_core.package_discovery:discover_packages(path) using defaults
[0.202s] Level 1:colcon.colcon_core.package_discovery:discover_packages(prefix_path) check parameters
[0.202s] Level 1:colcon.colcon_core.package_discovery:discover_packages(prefix_path) discover
[0.203s] WARNING:colcon.colcon_ros.prefix_path.ament:The path '/home/harry/ur3e_ws/install/ur_moveit_config' in the environment variable AMENT_PREFIX_PATH doesn't exist
[0.203s] WARNING:colcon.colcon_ros.prefix_path.ament:The path '/home/harry/ur3e_ws/install/ur_description' in the environment variable AMENT_PREFIX_PATH doesn't exist
[0.203s] WARNING:colcon.colcon_ros.prefix_path.ament:The path '/home/harry/ur3e_ws/install/ur_dashboard_msgs' in the environment variable AMENT_PREFIX_PATH doesn't exist
[0.203s] WARNING:colcon.colcon_ros.prefix_path.ament:The path '/home/harry/ur3e_ws/install/ur3e_new_moveit_config' in the environment variable AMENT_PREFIX_PATH doesn't exist
[0.203s] WARNING:colcon.colcon_ros.prefix_path.ament:The path '/home/harry/ur3e_ws/install/ur3e_moveit_config' in the environment variable AMENT_PREFIX_PATH doesn't exist
[0.203s] WARNING:colcon.colcon_ros.prefix_path.catkin:The path '/home/harry/ur3e_ws/install/ur_moveit_config' in the environment variable CMAKE_PREFIX_PATH doesn't exist
[0.203s] WARNING:colcon.colcon_ros.prefix_path.catkin:The path '/home/harry/ur3e_ws/install/ur_description' in the environment variable CMAKE_PREFIX_PATH doesn't exist
[0.203s] WARNING:colcon.colcon_ros.prefix_path.catkin:The path '/home/harry/ur3e_ws/install/ur_dashboard_msgs' in the environment variable CMAKE_PREFIX_PATH doesn't exist
[0.203s] WARNING:colcon.colcon_ros.prefix_path.catkin:The path '/home/harry/ur3e_ws/install/ur3e_new_moveit_config' in the environment variable CMAKE_PREFIX_PATH doesn't exist
[0.203s] WARNING:colcon.colcon_ros.prefix_path.catkin:The path '/home/harry/ur3e_ws/install/ur3e_moveit_config' in the environment variable CMAKE_PREFIX_PATH doesn't exist
[0.203s] DEBUG:colcon.colcon_installed_package_information.package_discovery:Found 5 installed packages in /home/harry/ur3e_ws/install
[0.205s] DEBUG:colcon.colcon_installed_package_information.package_discovery:Found 382 installed packages in /opt/ros/iron
[0.206s] Level 1:colcon.colcon_core.package_discovery:discover_packages(prefix_path) using defaults
[0.236s] Level 5:colcon.colcon_core.verb:set package 'ur3e_gazebo_sim' build argument 'cmake_args' from command line to 'None'
[0.236s] Level 5:colcon.colcon_core.verb:set package 'ur3e_gazebo_sim' build argument 'cmake_target' from command line to 'None'
[0.236s] Level 5:colcon.colcon_core.verb:set package 'ur3e_gazebo_sim' build argument 'cmake_target_skip_unavailable' from command line to 'False'
[0.236s] Level 5:colcon.colcon_core.verb:set package 'ur3e_gazebo_sim' build argument 'cmake_clean_cache' from command line to 'False'
[0.236s] Level 5:colcon.colcon_core.verb:set package 'ur3e_gazebo_sim' build argument 'cmake_clean_first' from command line to 'False'
[0.236s] Level 5:colcon.colcon_core.verb:set package 'ur3e_gazebo_sim' build argument 'cmake_force_configure' from command line to 'False'
[0.236s] Level 5:colcon.colcon_core.verb:set package 'ur3e_gazebo_sim' build argument 'ament_cmake_args' from command line to 'None'
[0.236s] Level 5:colcon.colcon_core.verb:set package 'ur3e_gazebo_sim' build argument 'catkin_cmake_args' from command line to 'None'
[0.236s] Level 5:colcon.colcon_core.verb:set package 'ur3e_gazebo_sim' build argument 'catkin_skip_building_tests' from command line to 'False'
[0.236s] DEBUG:colcon.colcon_core.verb:Building package 'ur3e_gazebo_sim' with the following arguments: {'ament_cmake_args': None, 'build_base': '/home/harry/ur3e_ws/build/ur3e_gazebo_sim', 'catkin_cmake_args': None, 'catkin_skip_building_tests': False, 'cmake_args': None, 'cmake_clean_cache': False, 'cmake_clean_first': False, 'cmake_force_configure': False, 'cmake_target': None, 'cmake_target_skip_unavailable': False, 'install_base': '/home/harry/ur3e_ws/install/ur3e_gazebo_sim', 'merge_install': False, 'path': '/home/harry/ur3e_ws/src/ur3e_gazebo_sim', 'symlink_install': False, 'test_result_base': None}
[0.236s] Level 5:colcon.colcon_core.verb:set package 'ur3e_ros_action' build argument 'cmake_args' from command line to 'None'
[0.236s] Level 5:colcon.colcon_core.verb:set package 'ur3e_ros_action' build argument 'cmake_target' from command line to 'None'
[0.236s] Level 5:colcon.colcon_core.verb:set package 'ur3e_ros_action' build argument 'cmake_target_skip_unavailable' from command line to 'False'
[0.236s] Level 5:colcon.colcon_core.verb:set package 'ur3e_ros_action' build argument 'cmake_clean_cache' from command line to 'False'
[0.236s] Level 5:colcon.colcon_core.verb:set package 'ur3e_ros_action' build argument 'cmake_clean_first' from command line to 'False'
[0.236s] Level 5:colcon.colcon_core.verb:set package 'ur3e_ros_action' build argument 'cmake_force_configure' from command line to 'False'
[0.236s] Level 5:colcon.colcon_core.verb:set package 'ur3e_ros_action' build argument 'ament_cmake_args' from command line to 'None'
[0.236s] Level 5:colcon.colcon_core.verb:set package 'ur3e_ros_action' build argument 'catkin_cmake_args' from command line to 'None'
[0.236s] Level 5:colcon.colcon_core.verb:set package 'ur3e_ros_action' build argument 'catkin_skip_building_tests' from command line to 'False'
[0.236s] DEBUG:colcon.colcon_core.verb:Building package 'ur3e_ros_action' with the following arguments: {'ament_cmake_args': None, 'build_base': '/home/harry/ur3e_ws/build/ur3e_ros_action', 'catkin_cmake_args': None, 'catkin_skip_building_tests': False, 'cmake_args': None, 'cmake_clean_cache': False, 'cmake_clean_first': False, 'cmake_force_configure': False, 'cmake_target': None, 'cmake_target_skip_unavailable': False, 'install_base': '/home/harry/ur3e_ws/install/ur3e_ros_action', 'merge_install': False, 'path': '/home/harry/ur3e_ws/src/ur3e_ros_action', 'symlink_install': False, 'test_result_base': None}
[0.237s] Level 5:colcon.colcon_core.verb:set package 'ur3e_ros_data' build argument 'cmake_args' from command line to 'None'
[0.237s] Level 5:colcon.colcon_core.verb:set package 'ur3e_ros_data' build argument 'cmake_target' from command line to 'None'
[0.237s] Level 5:colcon.colcon_core.verb:set package 'ur3e_ros_data' build argument 'cmake_target_skip_unavailable' from command line to 'False'
[0.237s] Level 5:colcon.colcon_core.verb:set package 'ur3e_ros_data' build argument 'cmake_clean_cache' from command line to 'False'
[0.237s] Level 5:colcon.colcon_core.verb:set package 'ur3e_ros_data' build argument 'cmake_clean_first' from command line to 'False'
[0.237s] Level 5:colcon.colcon_core.verb:set package 'ur3e_ros_data' build argument 'cmake_force_configure' from command line to 'False'
[0.237s] Level 5:colcon.colcon_core.verb:set package 'ur3e_ros_data' build argument 'ament_cmake_args' from command line to 'None'
[0.237s] Level 5:colcon.colcon_core.verb:set package 'ur3e_ros_data' build argument 'catkin_cmake_args' from command line to 'None'
[0.237s] Level 5:colcon.colcon_core.verb:set package 'ur3e_ros_data' build argument 'catkin_skip_building_tests' from command line to 'False'
[0.237s] DEBUG:colcon.colcon_core.verb:Building package 'ur3e_ros_data' with the following arguments: {'ament_cmake_args': None, 'build_base': '/home/harry/ur3e_ws/build/ur3e_ros_data', 'catkin_cmake_args': None, 'catkin_skip_building_tests': False, 'cmake_args': None, 'cmake_clean_cache': False, 'cmake_clean_first': False, 'cmake_force_configure': False, 'cmake_target': None, 'cmake_target_skip_unavailable': False, 'install_base': '/home/harry/ur3e_ws/install/ur3e_ros_data', 'merge_install': False, 'path': '/home/harry/ur3e_ws/src/ur3e_ros_data', 'symlink_install': False, 'test_result_base': None}
[0.237s] Level 5:colcon.colcon_core.verb:set package 'ur3e_moveit' build argument 'cmake_args' from command line to 'None'
[0.237s] Level 5:colcon.colcon_core.verb:set package 'ur3e_moveit' build argument 'cmake_target' from command line to 'None'
[0.237s] Level 5:colcon.colcon_core.verb:set package 'ur3e_moveit' build argument 'cmake_target_skip_unavailable' from command line to 'False'
[0.237s] Level 5:colcon.colcon_core.verb:set package 'ur3e_moveit' build argument 'cmake_clean_cache' from command line to 'False'
[0.237s] Level 5:colcon.colcon_core.verb:set package 'ur3e_moveit' build argument 'cmake_clean_first' from command line to 'False'
[0.237s] Level 5:colcon.colcon_core.verb:set package 'ur3e_moveit' build argument 'cmake_force_configure' from command line to 'False'
[0.237s] Level 5:colcon.colcon_core.verb:set package 'ur3e_moveit' build argument 'ament_cmake_args' from command line to 'None'
[0.237s] Level 5:colcon.colcon_core.verb:set package 'ur3e_moveit' build argument 'catkin_cmake_args' from command line to 'None'
[0.237s] Level 5:colcon.colcon_core.verb:set package 'ur3e_moveit' build argument 'catkin_skip_building_tests' from command line to 'False'
[0.237s] DEBUG:colcon.colcon_core.verb:Building package 'ur3e_moveit' with the following arguments: {'ament_cmake_args': None, 'build_base': '/home/harry/ur3e_ws/build/ur3e_moveit', 'catkin_cmake_args': None, 'catkin_skip_building_tests': False, 'cmake_args': None, 'cmake_clean_cache': False, 'cmake_clean_first': False, 'cmake_force_configure': False, 'cmake_target': None, 'cmake_target_skip_unavailable': False, 'install_base': '/home/harry/ur3e_ws/install/ur3e_moveit', 'merge_install': False, 'path': '/home/harry/ur3e_ws/src/ur3e_moveit', 'symlink_install': False, 'test_result_base': None}
[0.237s] Level 5:colcon.colcon_core.verb:set package 'ur3e_ros_action_cpp' build argument 'cmake_args' from command line to 'None'
[0.237s] Level 5:colcon.colcon_core.verb:set package 'ur3e_ros_action_cpp' build argument 'cmake_target' from command line to 'None'
[0.237s] Level 5:colcon.colcon_core.verb:set package 'ur3e_ros_action_cpp' build argument 'cmake_target_skip_unavailable' from command line to 'False'
[0.237s] Level 5:colcon.colcon_core.verb:set package 'ur3e_ros_action_cpp' build argument 'cmake_clean_cache' from command line to 'False'
[0.237s] Level 5:colcon.colcon_core.verb:set package 'ur3e_ros_action_cpp' build argument 'cmake_clean_first' from command line to 'False'
[0.237s] Level 5:colcon.colcon_core.verb:set package 'ur3e_ros_action_cpp' build argument 'cmake_force_configure' from command line to 'False'
[0.237s] Level 5:colcon.colcon_core.verb:set package 'ur3e_ros_action_cpp' build argument 'ament_cmake_args' from command line to 'None'
[0.237s] Level 5:colcon.colcon_core.verb:set package 'ur3e_ros_action_cpp' build argument 'catkin_cmake_args' from command line to 'None'
[0.237s] Level 5:colcon.colcon_core.verb:set package 'ur3e_ros_action_cpp' build argument 'catkin_skip_building_tests' from command line to 'False'
[0.237s] DEBUG:colcon.colcon_core.verb:Building package 'ur3e_ros_action_cpp' with the following arguments: {'ament_cmake_args': None, 'build_base': '/home/harry/ur3e_ws/build/ur3e_ros_action_cpp', 'catkin_cmake_args': None, 'catkin_skip_building_tests': False, 'cmake_args': None, 'cmake_clean_cache': False, 'cmake_clean_first': False, 'cmake_force_configure': False, 'cmake_target': None, 'cmake_target_skip_unavailable': False, 'install_base': '/home/harry/ur3e_ws/install/ur3e_ros_action_cpp', 'merge_install': False, 'path': '/home/harry/ur3e_ws/src/ur3e_ros_action_cpp', 'symlink_install': False, 'test_result_base': None}
[0.237s] INFO:colcon.colcon_core.executor:Executing jobs using 'parallel' executor
[0.238s] DEBUG:colcon.colcon_parallel_executor.executor.parallel:run_until_complete
[0.238s] INFO:colcon.colcon_ros.task.ament_cmake.build:Building ROS package in '/home/harry/ur3e_ws/src/ur3e_ros_data' with build type 'ament_cmake'
[0.238s] INFO:colcon.colcon_cmake.task.cmake.build:Building CMake package in '/home/harry/ur3e_ws/src/ur3e_ros_data'
[0.240s] INFO:colcon.colcon_core.plugin_system:Skipping extension 'colcon_core.shell.bat': Not used on non-Windows systems
[0.240s] INFO:colcon.colcon_core.shell:Skip shell extension 'powershell' for command environment: Not usable outside of PowerShell
[0.240s] DEBUG:colcon.colcon_core.shell:Skip shell extension 'dsv' for command environment
[0.242s] INFO:colcon.colcon_ros.task.ament_cmake.build:Building ROS package in '/home/harry/ur3e_ws/src/ur3e_gazebo_sim' with build type 'ament_cmake'
[0.242s] INFO:colcon.colcon_cmake.task.cmake.build:Building CMake package in '/home/harry/ur3e_ws/src/ur3e_gazebo_sim'
[0.243s] INFO:colcon.colcon_core.shell:Skip shell extension 'powershell' for command environment: Not usable outside of PowerShell
[0.243s] DEBUG:colcon.colcon_core.shell:Skip shell extension 'dsv' for command environment
[0.245s] INFO:colcon.colcon_ros.task.ament_python.build:Building ROS package in '/home/harry/ur3e_ws/src/ur3e_ros_action' with build type 'ament_python'
[0.245s] Level 1:colcon.colcon_core.shell:create_environment_hook('ur3e_ros_action', 'ament_prefix_path')
[0.245s] INFO:colcon.colcon_core.shell:Creating environment hook '/home/harry/ur3e_ws/install/ur3e_ros_action/share/ur3e_ros_action/hook/ament_prefix_path.ps1'
[0.245s] INFO:colcon.colcon_core.shell:Creating environment descriptor '/home/harry/ur3e_ws/install/ur3e_ros_action/share/ur3e_ros_action/hook/ament_prefix_path.dsv'
[0.245s] INFO:colcon.colcon_core.shell:Creating environment hook '/home/harry/ur3e_ws/install/ur3e_ros_action/share/ur3e_ros_action/hook/ament_prefix_path.sh'
[0.246s] INFO:colcon.colcon_core.shell:Skip shell extension 'powershell' for command environment: Not usable outside of PowerShell
[0.246s] DEBUG:colcon.colcon_core.shell:Skip shell extension 'dsv' for command environment
[0.251s] DEBUG:colcon.colcon_core.event_handler.log_command:Invoking command in '/home/harry/ur3e_ws/build/ur3e_ros_data': CMAKE_PREFIX_PATH=${CMAKE_PREFIX_PATH}:/home/harry/ur3e_ws/install/ur3e_ros_action:/opt/ros/iron /usr/bin/cmake --build /home/harry/ur3e_ws/build/ur3e_ros_data -- -j8 -l8
[0.271s] DEBUG:colcon.colcon_core.event_handler.log_command:Invoking command in '/home/harry/ur3e_ws/build/ur3e_gazebo_sim': CMAKE_PREFIX_PATH=${CMAKE_PREFIX_PATH}:/home/harry/ur3e_ws/install/ur3e_ros_action:/opt/ros/iron /usr/bin/cmake --build /home/harry/ur3e_ws/build/ur3e_gazebo_sim -- -j8 -l8
[0.436s] INFO:colcon.colcon_core.task.python.build:Building Python package in '/home/harry/ur3e_ws/src/ur3e_ros_action'
[0.436s] INFO:colcon.colcon_core.shell:Skip shell extension 'powershell' for command environment: Not usable outside of PowerShell
[0.436s] DEBUG:colcon.colcon_core.shell:Skip shell extension 'dsv' for command environment
[0.439s] DEBUG:colcon.colcon_core.event_handler.log_command:Invoked command in '/home/harry/ur3e_ws/build/ur3e_gazebo_sim' returned '0': CMAKE_PREFIX_PATH=${CMAKE_PREFIX_PATH}:/home/harry/ur3e_ws/install/ur3e_ros_action:/opt/ros/iron /usr/bin/cmake --build /home/harry/ur3e_ws/build/ur3e_gazebo_sim -- -j8 -l8
[0.459s] DEBUG:colcon.colcon_core.event_handler.log_command:Invoking command in '/home/harry/ur3e_ws/build/ur3e_gazebo_sim': CMAKE_PREFIX_PATH=${CMAKE_PREFIX_PATH}:/home/harry/ur3e_ws/install/ur3e_ros_action:/opt/ros/iron /usr/bin/cmake --install /home/harry/ur3e_ws/build/ur3e_gazebo_sim
[0.466s] Level 1:colcon.colcon_core.environment:create_environment_scripts_only(ur3e_gazebo_sim)
[0.469s] Level 1:colcon.colcon_core.environment:checking '/home/harry/ur3e_ws/install/ur3e_gazebo_sim' for CMake module files
[0.469s] Level 1:colcon.colcon_core.environment:checking '/home/harry/ur3e_ws/install/ur3e_gazebo_sim' for CMake config files
[0.470s] Level 1:colcon.colcon_core.shell:create_environment_hook('ur3e_gazebo_sim', 'cmake_prefix_path')
[0.470s] INFO:colcon.colcon_core.shell:Creating environment hook '/home/harry/ur3e_ws/install/ur3e_gazebo_sim/share/ur3e_gazebo_sim/hook/cmake_prefix_path.ps1'
[0.471s] INFO:colcon.colcon_core.shell:Creating environment descriptor '/home/harry/ur3e_ws/install/ur3e_gazebo_sim/share/ur3e_gazebo_sim/hook/cmake_prefix_path.dsv'
[0.472s] DEBUG:colcon.colcon_core.event_handler.log_command:Invoked command in '/home/harry/ur3e_ws/build/ur3e_gazebo_sim' returned '0': CMAKE_PREFIX_PATH=${CMAKE_PREFIX_PATH}:/home/harry/ur3e_ws/install/ur3e_ros_action:/opt/ros/iron /usr/bin/cmake --install /home/harry/ur3e_ws/build/ur3e_gazebo_sim
[0.472s] INFO:colcon.colcon_core.shell:Creating environment hook '/home/harry/ur3e_ws/install/ur3e_gazebo_sim/share/ur3e_gazebo_sim/hook/cmake_prefix_path.sh'
[0.473s] Level 1:colcon.colcon_core.environment:checking '/home/harry/ur3e_ws/install/ur3e_gazebo_sim/bin'
[0.473s] Level 1:colcon.colcon_core.environment:checking '/home/harry/ur3e_ws/install/ur3e_gazebo_sim/lib/pkgconfig/ur3e_gazebo_sim.pc'
[0.473s] Level 1:colcon.colcon_core.environment:checking '/home/harry/ur3e_ws/install/ur3e_gazebo_sim/lib/python3.10/site-packages'
[0.473s] Level 1:colcon.colcon_core.environment:checking '/home/harry/ur3e_ws/install/ur3e_gazebo_sim/bin'
[0.473s] INFO:colcon.colcon_core.shell:Creating package script '/home/harry/ur3e_ws/install/ur3e_gazebo_sim/share/ur3e_gazebo_sim/package.ps1'
[0.474s] INFO:colcon.colcon_core.shell:Creating package descriptor '/home/harry/ur3e_ws/install/ur3e_gazebo_sim/share/ur3e_gazebo_sim/package.dsv'
[0.475s] INFO:colcon.colcon_core.shell:Creating package script '/home/harry/ur3e_ws/install/ur3e_gazebo_sim/share/ur3e_gazebo_sim/package.sh'
[0.475s] INFO:colcon.colcon_core.shell:Creating package script '/home/harry/ur3e_ws/install/ur3e_gazebo_sim/share/ur3e_gazebo_sim/package.bash'
[0.477s] INFO:colcon.colcon_core.shell:Creating package script '/home/harry/ur3e_ws/install/ur3e_gazebo_sim/share/ur3e_gazebo_sim/package.zsh'
[0.477s] Level 1:colcon.colcon_core.environment:create_file_with_runtime_dependencies(/home/harry/ur3e_ws/install/ur3e_gazebo_sim/share/colcon-core/packages/ur3e_gazebo_sim)
[0.491s] Level 1:colcon.colcon_core.environment:create_environment_scripts_only(ur3e_gazebo_sim)
[0.491s] Level 1:colcon.colcon_core.environment:checking '/home/harry/ur3e_ws/install/ur3e_gazebo_sim' for CMake module files
[0.492s] Level 1:colcon.colcon_core.environment:checking '/home/harry/ur3e_ws/install/ur3e_gazebo_sim' for CMake config files
[0.492s] Level 1:colcon.colcon_core.shell:create_environment_hook('ur3e_gazebo_sim', 'cmake_prefix_path')
[0.492s] INFO:colcon.colcon_core.shell:Creating environment hook '/home/harry/ur3e_ws/install/ur3e_gazebo_sim/share/ur3e_gazebo_sim/hook/cmake_prefix_path.ps1'
[0.492s] INFO:colcon.colcon_core.shell:Creating environment descriptor '/home/harry/ur3e_ws/install/ur3e_gazebo_sim/share/ur3e_gazebo_sim/hook/cmake_prefix_path.dsv'
[0.493s] INFO:colcon.colcon_core.shell:Creating environment hook '/home/harry/ur3e_ws/install/ur3e_gazebo_sim/share/ur3e_gazebo_sim/hook/cmake_prefix_path.sh'
[0.493s] Level 1:colcon.colcon_core.environment:checking '/home/harry/ur3e_ws/install/ur3e_gazebo_sim/bin'
[0.493s] Level 1:colcon.colcon_core.environment:checking '/home/harry/ur3e_ws/install/ur3e_gazebo_sim/lib/pkgconfig/ur3e_gazebo_sim.pc'
[0.493s] Level 1:colcon.colcon_core.environment:checking '/home/harry/ur3e_ws/install/ur3e_gazebo_sim/lib/python3.10/site-packages'
[0.493s] Level 1:colcon.colcon_core.environment:checking '/home/harry/ur3e_ws/install/ur3e_gazebo_sim/bin'
[0.494s] INFO:colcon.colcon_core.shell:Creating package script '/home/harry/ur3e_ws/install/ur3e_gazebo_sim/share/ur3e_gazebo_sim/package.ps1'
[0.494s] INFO:colcon.colcon_core.shell:Creating package descriptor '/home/harry/ur3e_ws/install/ur3e_gazebo_sim/share/ur3e_gazebo_sim/package.dsv'
[0.494s] INFO:colcon.colcon_core.shell:Creating package script '/home/harry/ur3e_ws/install/ur3e_gazebo_sim/share/ur3e_gazebo_sim/package.sh'
[0.494s] INFO:colcon.colcon_core.shell:Creating package script '/home/harry/ur3e_ws/install/ur3e_gazebo_sim/share/ur3e_gazebo_sim/package.bash'
[0.495s] INFO:colcon.colcon_core.shell:Creating package script '/home/harry/ur3e_ws/install/ur3e_gazebo_sim/share/ur3e_gazebo_sim/package.zsh'
[0.495s] Level 1:colcon.colcon_core.environment:create_file_with_runtime_dependencies(/home/harry/ur3e_ws/install/ur3e_gazebo_sim/share/colcon-core/packages/ur3e_gazebo_sim)
[0.703s] DEBUG:colcon.colcon_core.event_handler.log_command:Invoking command in '/home/harry/ur3e_ws/src/ur3e_ros_action': PYTHONPATH=/home/harry/ur3e_ws/build/ur3e_ros_action/prefix_override:/home/harry/ur3e_ws/install/ur3e_ros_action/lib/python3.10/site-packages:${PYTHONPATH} /usr/bin/python3 -W ignore:setup.py install is deprecated setup.py egg_info --egg-base ../../build/ur3e_ros_action build --build-base /home/harry/ur3e_ws/build/ur3e_ros_action/build install --record /home/harry/ur3e_ws/build/ur3e_ros_action/install.log --single-version-externally-managed install_data
[0.900s] Level 1:colcon.colcon_core.environment:checking '/home/harry/ur3e_ws/install/ur3e_ros_action' for CMake module files
[0.901s] DEBUG:colcon.colcon_core.event_handler.log_command:Invoked command in '/home/harry/ur3e_ws/src/ur3e_ros_action' returned '0': PYTHONPATH=/home/harry/ur3e_ws/build/ur3e_ros_action/prefix_override:/home/harry/ur3e_ws/install/ur3e_ros_action/lib/python3.10/site-packages:${PYTHONPATH} /usr/bin/python3 -W ignore:setup.py install is deprecated setup.py egg_info --egg-base ../../build/ur3e_ros_action build --build-base /home/harry/ur3e_ws/build/ur3e_ros_action/build install --record /home/harry/ur3e_ws/build/ur3e_ros_action/install.log --single-version-externally-managed install_data
[0.901s] Level 1:colcon.colcon_core.environment:checking '/home/harry/ur3e_ws/install/ur3e_ros_action' for CMake config files
[0.901s] Level 1:colcon.colcon_core.environment:checking '/home/harry/ur3e_ws/install/ur3e_ros_action/lib'
[0.901s] Level 1:colcon.colcon_core.environment:checking '/home/harry/ur3e_ws/install/ur3e_ros_action/bin'
[0.901s] Level 1:colcon.colcon_core.environment:checking '/home/harry/ur3e_ws/install/ur3e_ros_action/lib/pkgconfig/ur3e_ros_action.pc'
[0.902s] Level 1:colcon.colcon_core.environment:checking '/home/harry/ur3e_ws/install/ur3e_ros_action/lib/python3.10/site-packages'
[0.902s] Level 1:colcon.colcon_core.shell:create_environment_hook('ur3e_ros_action', 'pythonpath')
[0.902s] INFO:colcon.colcon_core.shell:Creating environment hook '/home/harry/ur3e_ws/install/ur3e_ros_action/share/ur3e_ros_action/hook/pythonpath.ps1'
[0.902s] INFO:colcon.colcon_core.shell:Creating environment descriptor '/home/harry/ur3e_ws/install/ur3e_ros_action/share/ur3e_ros_action/hook/pythonpath.dsv'
[0.902s] INFO:colcon.colcon_core.shell:Creating environment hook '/home/harry/ur3e_ws/install/ur3e_ros_action/share/ur3e_ros_action/hook/pythonpath.sh'
[0.903s] Level 1:colcon.colcon_core.environment:checking '/home/harry/ur3e_ws/install/ur3e_ros_action/bin'
[0.903s] Level 1:colcon.colcon_core.environment:create_environment_scripts_only(ur3e_ros_action)
[0.903s] INFO:colcon.colcon_core.shell:Creating package script '/home/harry/ur3e_ws/install/ur3e_ros_action/share/ur3e_ros_action/package.ps1'
[0.903s] INFO:colcon.colcon_core.shell:Creating package descriptor '/home/harry/ur3e_ws/install/ur3e_ros_action/share/ur3e_ros_action/package.dsv'
[0.904s] INFO:colcon.colcon_core.shell:Creating package script '/home/harry/ur3e_ws/install/ur3e_ros_action/share/ur3e_ros_action/package.sh'
[0.904s] INFO:colcon.colcon_core.shell:Creating package script '/home/harry/ur3e_ws/install/ur3e_ros_action/share/ur3e_ros_action/package.bash'
[0.904s] INFO:colcon.colcon_core.shell:Creating package script '/home/harry/ur3e_ws/install/ur3e_ros_action/share/ur3e_ros_action/package.zsh'
[0.904s] Level 1:colcon.colcon_core.environment:create_file_with_runtime_dependencies(/home/harry/ur3e_ws/install/ur3e_ros_action/share/colcon-core/packages/ur3e_ros_action)
[8.446s] DEBUG:colcon.colcon_core.event_handler.log_command:Invoked command in '/home/harry/ur3e_ws/build/ur3e_ros_data' returned '0': CMAKE_PREFIX_PATH=${CMAKE_PREFIX_PATH}:/home/harry/ur3e_ws/install/ur3e_ros_action:/opt/ros/iron /usr/bin/cmake --build /home/harry/ur3e_ws/build/ur3e_ros_data -- -j8 -l8
[8.541s] DEBUG:colcon.colcon_core.event_handler.log_command:Invoking command in '/home/harry/ur3e_ws/build/ur3e_ros_data': CMAKE_PREFIX_PATH=${CMAKE_PREFIX_PATH}:/home/harry/ur3e_ws/install/ur3e_ros_action:/opt/ros/iron /usr/bin/cmake --install /home/harry/ur3e_ws/build/ur3e_ros_data
[8.623s] Level 1:colcon.colcon_core.environment:create_environment_scripts_only(ur3e_ros_data)
[8.623s] Level 1:colcon.colcon_core.environment:checking '/home/harry/ur3e_ws/install/ur3e_ros_data' for CMake module files
[8.623s] DEBUG:colcon.colcon_core.event_handler.log_command:Invoked command in '/home/harry/ur3e_ws/build/ur3e_ros_data' returned '0': CMAKE_PREFIX_PATH=${CMAKE_PREFIX_PATH}:/home/harry/ur3e_ws/install/ur3e_ros_action:/opt/ros/iron /usr/bin/cmake --install /home/harry/ur3e_ws/build/ur3e_ros_data
[8.624s] Level 1:colcon.colcon_core.environment:checking '/home/harry/ur3e_ws/install/ur3e_ros_data' for CMake config files
[8.624s] Level 1:colcon.colcon_core.shell:create_environment_hook('ur3e_ros_data', 'cmake_prefix_path')
[8.624s] INFO:colcon.colcon_core.shell:Creating environment hook '/home/harry/ur3e_ws/install/ur3e_ros_data/share/ur3e_ros_data/hook/cmake_prefix_path.ps1'
[8.624s] INFO:colcon.colcon_core.shell:Creating environment descriptor '/home/harry/ur3e_ws/install/ur3e_ros_data/share/ur3e_ros_data/hook/cmake_prefix_path.dsv'
[8.625s] INFO:colcon.colcon_core.shell:Creating environment hook '/home/harry/ur3e_ws/install/ur3e_ros_data/share/ur3e_ros_data/hook/cmake_prefix_path.sh'
[8.625s] Level 1:colcon.colcon_core.environment:checking '/home/harry/ur3e_ws/install/ur3e_ros_data/lib'
[8.625s] Level 1:colcon.colcon_core.shell:create_environment_hook('ur3e_ros_data', 'ld_library_path_lib')
[8.625s] INFO:colcon.colcon_core.shell:Creating environment hook '/home/harry/ur3e_ws/install/ur3e_ros_data/share/ur3e_ros_data/hook/ld_library_path_lib.ps1'
[8.625s] INFO:colcon.colcon_core.shell:Creating environment descriptor '/home/harry/ur3e_ws/install/ur3e_ros_data/share/ur3e_ros_data/hook/ld_library_path_lib.dsv'
[8.625s] INFO:colcon.colcon_core.shell:Creating environment hook '/home/harry/ur3e_ws/install/ur3e_ros_data/share/ur3e_ros_data/hook/ld_library_path_lib.sh'
[8.626s] Level 1:colcon.colcon_core.environment:checking '/home/harry/ur3e_ws/install/ur3e_ros_data/bin'
[8.626s] Level 1:colcon.colcon_core.environment:checking '/home/harry/ur3e_ws/install/ur3e_ros_data/lib/pkgconfig/ur3e_ros_data.pc'
[8.626s] Level 1:colcon.colcon_core.environment:checking '/home/harry/ur3e_ws/install/ur3e_ros_data/lib/python3.10/site-packages'
[8.626s] Level 1:colcon.colcon_core.shell:create_environment_hook('ur3e_ros_data', 'pythonpath')
[8.626s] INFO:colcon.colcon_core.shell:Creating environment hook '/home/harry/ur3e_ws/install/ur3e_ros_data/share/ur3e_ros_data/hook/pythonpath.ps1'
[8.626s] INFO:colcon.colcon_core.shell:Creating environment descriptor '/home/harry/ur3e_ws/install/ur3e_ros_data/share/ur3e_ros_data/hook/pythonpath.dsv'
[8.626s] INFO:colcon.colcon_core.shell:Creating environment hook '/home/harry/ur3e_ws/install/ur3e_ros_data/share/ur3e_ros_data/hook/pythonpath.sh'
[8.627s] Level 1:colcon.colcon_core.environment:checking '/home/harry/ur3e_ws/install/ur3e_ros_data/bin'
[8.627s] INFO:colcon.colcon_core.shell:Creating package script '/home/harry/ur3e_ws/install/ur3e_ros_data/share/ur3e_ros_data/package.ps1'
[8.627s] INFO:colcon.colcon_core.shell:Creating package descriptor '/home/harry/ur3e_ws/install/ur3e_ros_data/share/ur3e_ros_data/package.dsv'
[8.627s] INFO:colcon.colcon_core.shell:Creating package script '/home/harry/ur3e_ws/install/ur3e_ros_data/share/ur3e_ros_data/package.sh'
[8.628s] INFO:colcon.colcon_core.shell:Creating package script '/home/harry/ur3e_ws/install/ur3e_ros_data/share/ur3e_ros_data/package.bash'
[8.628s] INFO:colcon.colcon_core.shell:Creating package script '/home/harry/ur3e_ws/install/ur3e_ros_data/share/ur3e_ros_data/package.zsh'
[8.628s] Level 1:colcon.colcon_core.environment:create_file_with_runtime_dependencies(/home/harry/ur3e_ws/install/ur3e_ros_data/share/colcon-core/packages/ur3e_ros_data)
[8.724s] Level 1:colcon.colcon_core.environment:create_environment_scripts_only(ur3e_ros_data)
[8.724s] Level 1:colcon.colcon_core.environment:checking '/home/harry/ur3e_ws/install/ur3e_ros_data' for CMake module files
[8.724s] Level 1:colcon.colcon_core.environment:checking '/home/harry/ur3e_ws/install/ur3e_ros_data' for CMake config files
[8.724s] Level 1:colcon.colcon_core.shell:create_environment_hook('ur3e_ros_data', 'cmake_prefix_path')
[8.725s] INFO:colcon.colcon_core.shell:Creating environment hook '/home/harry/ur3e_ws/install/ur3e_ros_data/share/ur3e_ros_data/hook/cmake_prefix_path.ps1'
[8.725s] INFO:colcon.colcon_core.shell:Creating environment descriptor '/home/harry/ur3e_ws/install/ur3e_ros_data/share/ur3e_ros_data/hook/cmake_prefix_path.dsv'
[8.725s] INFO:colcon.colcon_core.shell:Creating environment hook '/home/harry/ur3e_ws/install/ur3e_ros_data/share/ur3e_ros_data/hook/cmake_prefix_path.sh'
[8.725s] Level 1:colcon.colcon_core.environment:checking '/home/harry/ur3e_ws/install/ur3e_ros_data/lib'
[8.725s] Level 1:colcon.colcon_core.shell:create_environment_hook('ur3e_ros_data', 'ld_library_path_lib')
[8.726s] INFO:colcon.colcon_core.shell:Creating environment hook '/home/harry/ur3e_ws/install/ur3e_ros_data/share/ur3e_ros_data/hook/ld_library_path_lib.ps1'
[8.726s] INFO:colcon.colcon_core.shell:Creating environment descriptor '/home/harry/ur3e_ws/install/ur3e_ros_data/share/ur3e_ros_data/hook/ld_library_path_lib.dsv'
[8.726s] INFO:colcon.colcon_core.shell:Creating environment hook '/home/harry/ur3e_ws/install/ur3e_ros_data/share/ur3e_ros_data/hook/ld_library_path_lib.sh'
[8.726s] Level 1:colcon.colcon_core.environment:checking '/home/harry/ur3e_ws/install/ur3e_ros_data/bin'
[8.726s] Level 1:colcon.colcon_core.environment:checking '/home/harry/ur3e_ws/install/ur3e_ros_data/lib/pkgconfig/ur3e_ros_data.pc'
[8.726s] Level 1:colcon.colcon_core.environment:checking '/home/harry/ur3e_ws/install/ur3e_ros_data/lib/python3.10/site-packages'
[8.726s] Level 1:colcon.colcon_core.shell:create_environment_hook('ur3e_ros_data', 'pythonpath')
[8.727s] INFO:colcon.colcon_core.shell:Creating environment hook '/home/harry/ur3e_ws/install/ur3e_ros_data/share/ur3e_ros_data/hook/pythonpath.ps1'
[8.727s] INFO:colcon.colcon_core.shell:Creating environment descriptor '/home/harry/ur3e_ws/install/ur3e_ros_data/share/ur3e_ros_data/hook/pythonpath.dsv'
[8.727s] INFO:colcon.colcon_core.shell:Creating environment hook '/home/harry/ur3e_ws/install/ur3e_ros_data/share/ur3e_ros_data/hook/pythonpath.sh'
[8.727s] Level 1:colcon.colcon_core.environment:checking '/home/harry/ur3e_ws/install/ur3e_ros_data/bin'
[8.727s] INFO:colcon.colcon_core.shell:Creating package script '/home/harry/ur3e_ws/install/ur3e_ros_data/share/ur3e_ros_data/package.ps1'
[8.728s] INFO:colcon.colcon_core.shell:Creating package descriptor '/home/harry/ur3e_ws/install/ur3e_ros_data/share/ur3e_ros_data/package.dsv'
[8.728s] INFO:colcon.colcon_core.shell:Creating package script '/home/harry/ur3e_ws/install/ur3e_ros_data/share/ur3e_ros_data/package.sh'
[8.728s] INFO:colcon.colcon_core.shell:Creating package script '/home/harry/ur3e_ws/install/ur3e_ros_data/share/ur3e_ros_data/package.bash'
[8.728s] INFO:colcon.colcon_core.shell:Creating package script '/home/harry/ur3e_ws/install/ur3e_ros_data/share/ur3e_ros_data/package.zsh'
[8.729s] Level 1:colcon.colcon_core.environment:create_file_with_runtime_dependencies(/home/harry/ur3e_ws/install/ur3e_ros_data/share/colcon-core/packages/ur3e_ros_data)
[8.729s] INFO:colcon.colcon_ros.task.ament_cmake.build:Building ROS package in '/home/harry/ur3e_ws/src/ur3e_moveit' with build type 'ament_cmake'
[8.729s] INFO:colcon.colcon_cmake.task.cmake.build:Building CMake package in '/home/harry/ur3e_ws/src/ur3e_moveit'
[8.729s] INFO:colcon.colcon_core.shell:Skip shell extension 'powershell' for command environment: Not usable outside of PowerShell
[8.729s] DEBUG:colcon.colcon_core.shell:Skip shell extension 'dsv' for command environment
[8.732s] INFO:colcon.colcon_ros.task.ament_cmake.build:Building ROS package in '/home/harry/ur3e_ws/src/ur3e_ros_action_cpp' with build type 'ament_cmake'
[8.732s] INFO:colcon.colcon_cmake.task.cmake.build:Building CMake package in '/home/harry/ur3e_ws/src/ur3e_ros_action_cpp'
[8.732s] INFO:colcon.colcon_core.shell:Skip shell extension 'powershell' for command environment: Not usable outside of PowerShell
[8.732s] DEBUG:colcon.colcon_core.shell:Skip shell extension 'dsv' for command environment
[8.736s] DEBUG:colcon.colcon_core.event_handler.log_command:Invoking command in '/home/harry/ur3e_ws/build/ur3e_moveit': CMAKE_PREFIX_PATH=/home/harry/ur3e_ws/install/ur3e_ros_data:/home/harry/ur3e_ws/install/ur_moveit_config:/home/harry/ur3e_ws/install/ur_description:/home/harry/ur3e_ws/install/ur_dashboard_msgs:/home/harry/ur3e_ws/install/ur3e_ros_action_cpp:/home/harry/ur3e_ws/install/ur3e_moveit:/home/harry/ur3e_ws/install/ur3e_new_moveit_config:/home/harry/ur3e_ws/install/ur3e_moveit_config:/home/harry/ur3e_ws/install/ur3e_gazebo_sim:/home/harry/ur3e_ws/install/ur3e_ros_action:/opt/ros/iron LD_LIBRARY_PATH=/home/harry/ur3e_ws/install/ur3e_ros_data/lib:/home/harry/ur3e_ws/install/ur_dashboard_msgs/lib:/usr/lib/x86_64-linux-gnu/gazebo-11/plugins:/opt/ros/iron/opt/rviz_ogre_vendor/lib:/opt/ros/iron/lib/x86_64-linux-gnu:/opt/ros/iron/lib PYTHONPATH=/home/harry/ur3e_ws/install/ur3e_ros_data/lib/python3.10/site-packages:/home/harry/ur3e_ws/install/ur_moveit_config/lib/python3.10/site-packages:/home/harry/ur3e_ws/install/ur_dashboard_msgs/lib/python3.10/site-packages:/home/harry/ur3e_ws/install/ur3e_ros_action/lib/python3.10/site-packages:/opt/ros/iron/lib/python3.10/site-packages /usr/bin/cmake --build /home/harry/ur3e_ws/build/ur3e_moveit -- -j8 -l8
[8.738s] DEBUG:colcon.colcon_core.event_handler.log_command:Invoking command in '/home/harry/ur3e_ws/build/ur3e_ros_action_cpp': CMAKE_PREFIX_PATH=/home/harry/ur3e_ws/install/ur3e_ros_data:/home/harry/ur3e_ws/install/ur_moveit_config:/home/harry/ur3e_ws/install/ur_description:/home/harry/ur3e_ws/install/ur_dashboard_msgs:/home/harry/ur3e_ws/install/ur3e_ros_action_cpp:/home/harry/ur3e_ws/install/ur3e_moveit:/home/harry/ur3e_ws/install/ur3e_new_moveit_config:/home/harry/ur3e_ws/install/ur3e_moveit_config:/home/harry/ur3e_ws/install/ur3e_gazebo_sim:/home/harry/ur3e_ws/install/ur3e_ros_action:/opt/ros/iron LD_LIBRARY_PATH=/home/harry/ur3e_ws/install/ur3e_ros_data/lib:/home/harry/ur3e_ws/install/ur_dashboard_msgs/lib:/usr/lib/x86_64-linux-gnu/gazebo-11/plugins:/opt/ros/iron/opt/rviz_ogre_vendor/lib:/opt/ros/iron/lib/x86_64-linux-gnu:/opt/ros/iron/lib PYTHONPATH=/home/harry/ur3e_ws/install/ur3e_ros_data/lib/python3.10/site-packages:/home/harry/ur3e_ws/install/ur_moveit_config/lib/python3.10/site-packages:/home/harry/ur3e_ws/install/ur_dashboard_msgs/lib/python3.10/site-packages:/home/harry/ur3e_ws/install/ur3e_ros_action/lib/python3.10/site-packages:/opt/ros/iron/lib/python3.10/site-packages /usr/bin/cmake --build /home/harry/ur3e_ws/build/ur3e_ros_action_cpp -- -j8 -l8
[8.761s] DEBUG:colcon.colcon_core.event_handler.log_command:Invoked command in '/home/harry/ur3e_ws/build/ur3e_moveit' returned '0': CMAKE_PREFIX_PATH=/home/harry/ur3e_ws/install/ur3e_ros_data:/home/harry/ur3e_ws/install/ur_moveit_config:/home/harry/ur3e_ws/install/ur_description:/home/harry/ur3e_ws/install/ur_dashboard_msgs:/home/harry/ur3e_ws/install/ur3e_ros_action_cpp:/home/harry/ur3e_ws/install/ur3e_moveit:/home/harry/ur3e_ws/install/ur3e_new_moveit_config:/home/harry/ur3e_ws/install/ur3e_moveit_config:/home/harry/ur3e_ws/install/ur3e_gazebo_sim:/home/harry/ur3e_ws/install/ur3e_ros_action:/opt/ros/iron LD_LIBRARY_PATH=/home/harry/ur3e_ws/install/ur3e_ros_data/lib:/home/harry/ur3e_ws/install/ur_dashboard_msgs/lib:/usr/lib/x86_64-linux-gnu/gazebo-11/plugins:/opt/ros/iron/opt/rviz_ogre_vendor/lib:/opt/ros/iron/lib/x86_64-linux-gnu:/opt/ros/iron/lib PYTHONPATH=/home/harry/ur3e_ws/install/ur3e_ros_data/lib/python3.10/site-packages:/home/harry/ur3e_ws/install/ur_moveit_config/lib/python3.10/site-packages:/home/harry/ur3e_ws/install/ur_dashboard_msgs/lib/python3.10/site-packages:/home/harry/ur3e_ws/install/ur3e_ros_action/lib/python3.10/site-packages:/opt/ros/iron/lib/python3.10/site-packages /usr/bin/cmake --build /home/harry/ur3e_ws/build/ur3e_moveit -- -j8 -l8
[8.775s] DEBUG:colcon.colcon_core.event_handler.log_command:Invoking command in '/home/harry/ur3e_ws/build/ur3e_moveit': CMAKE_PREFIX_PATH=/home/harry/ur3e_ws/install/ur3e_ros_data:/home/harry/ur3e_ws/install/ur_moveit_config:/home/harry/ur3e_ws/install/ur_description:/home/harry/ur3e_ws/install/ur_dashboard_msgs:/home/harry/ur3e_ws/install/ur3e_ros_action_cpp:/home/harry/ur3e_ws/install/ur3e_moveit:/home/harry/ur3e_ws/install/ur3e_new_moveit_config:/home/harry/ur3e_ws/install/ur3e_moveit_config:/home/harry/ur3e_ws/install/ur3e_gazebo_sim:/home/harry/ur3e_ws/install/ur3e_ros_action:/opt/ros/iron LD_LIBRARY_PATH=/home/harry/ur3e_ws/install/ur3e_ros_data/lib:/home/harry/ur3e_ws/install/ur_dashboard_msgs/lib:/usr/lib/x86_64-linux-gnu/gazebo-11/plugins:/opt/ros/iron/opt/rviz_ogre_vendor/lib:/opt/ros/iron/lib/x86_64-linux-gnu:/opt/ros/iron/lib PYTHONPATH=/home/harry/ur3e_ws/install/ur3e_ros_data/lib/python3.10/site-packages:/home/harry/ur3e_ws/install/ur_moveit_config/lib/python3.10/site-packages:/home/harry/ur3e_ws/install/ur_dashboard_msgs/lib/python3.10/site-packages:/home/harry/ur3e_ws/install/ur3e_ros_action/lib/python3.10/site-packages:/opt/ros/iron/lib/python3.10/site-packages /usr/bin/cmake --install /home/harry/ur3e_ws/build/ur3e_moveit
[8.782s] Level 1:colcon.colcon_core.environment:create_environment_scripts_only(ur3e_moveit)
[8.782s] Level 1:colcon.colcon_core.environment:checking '/home/harry/ur3e_ws/install/ur3e_moveit' for CMake module files
[8.783s] Level 1:colcon.colcon_core.environment:checking '/home/harry/ur3e_ws/install/ur3e_moveit' for CMake config files
[8.783s] DEBUG:colcon.colcon_core.event_handler.log_command:Invoked command in '/home/harry/ur3e_ws/build/ur3e_moveit' returned '0': CMAKE_PREFIX_PATH=/home/harry/ur3e_ws/install/ur3e_ros_data:/home/harry/ur3e_ws/install/ur_moveit_config:/home/harry/ur3e_ws/install/ur_description:/home/harry/ur3e_ws/install/ur_dashboard_msgs:/home/harry/ur3e_ws/install/ur3e_ros_action_cpp:/home/harry/ur3e_ws/install/ur3e_moveit:/home/harry/ur3e_ws/install/ur3e_new_moveit_config:/home/harry/ur3e_ws/install/ur3e_moveit_config:/home/harry/ur3e_ws/install/ur3e_gazebo_sim:/home/harry/ur3e_ws/install/ur3e_ros_action:/opt/ros/iron LD_LIBRARY_PATH=/home/harry/ur3e_ws/install/ur3e_ros_data/lib:/home/harry/ur3e_ws/install/ur_dashboard_msgs/lib:/usr/lib/x86_64-linux-gnu/gazebo-11/plugins:/opt/ros/iron/opt/rviz_ogre_vendor/lib:/opt/ros/iron/lib/x86_64-linux-gnu:/opt/ros/iron/lib PYTHONPATH=/home/harry/ur3e_ws/install/ur3e_ros_data/lib/python3.10/site-packages:/home/harry/ur3e_ws/install/ur_moveit_config/lib/python3.10/site-packages:/home/harry/ur3e_ws/install/ur_dashboard_msgs/lib/python3.10/site-packages:/home/harry/ur3e_ws/install/ur3e_ros_action/lib/python3.10/site-packages:/opt/ros/iron/lib/python3.10/site-packages /usr/bin/cmake --install /home/harry/ur3e_ws/build/ur3e_moveit
[8.784s] Level 1:colcon.colcon_core.shell:create_environment_hook('ur3e_moveit', 'cmake_prefix_path')
[8.784s] INFO:colcon.colcon_core.shell:Creating environment hook '/home/harry/ur3e_ws/install/ur3e_moveit/share/ur3e_moveit/hook/cmake_prefix_path.ps1'
[8.784s] INFO:colcon.colcon_core.shell:Creating environment descriptor '/home/harry/ur3e_ws/install/ur3e_moveit/share/ur3e_moveit/hook/cmake_prefix_path.dsv'
[8.784s] INFO:colcon.colcon_core.shell:Creating environment hook '/home/harry/ur3e_ws/install/ur3e_moveit/share/ur3e_moveit/hook/cmake_prefix_path.sh'
[8.785s] Level 1:colcon.colcon_core.environment:checking '/home/harry/ur3e_ws/install/ur3e_moveit/bin'
[8.785s] Level 1:colcon.colcon_core.environment:checking '/home/harry/ur3e_ws/install/ur3e_moveit/lib/pkgconfig/ur3e_moveit.pc'
[8.785s] Level 1:colcon.colcon_core.environment:checking '/home/harry/ur3e_ws/install/ur3e_moveit/lib/python3.10/site-packages'
[8.785s] Level 1:colcon.colcon_core.environment:checking '/home/harry/ur3e_ws/install/ur3e_moveit/bin'
[8.785s] INFO:colcon.colcon_core.shell:Creating package script '/home/harry/ur3e_ws/install/ur3e_moveit/share/ur3e_moveit/package.ps1'
[8.785s] INFO:colcon.colcon_core.shell:Creating package descriptor '/home/harry/ur3e_ws/install/ur3e_moveit/share/ur3e_moveit/package.dsv'
[8.786s] INFO:colcon.colcon_core.shell:Creating package script '/home/harry/ur3e_ws/install/ur3e_moveit/share/ur3e_moveit/package.sh'
[8.786s] INFO:colcon.colcon_core.shell:Creating package script '/home/harry/ur3e_ws/install/ur3e_moveit/share/ur3e_moveit/package.bash'
[8.786s] INFO:colcon.colcon_core.shell:Creating package script '/home/harry/ur3e_ws/install/ur3e_moveit/share/ur3e_moveit/package.zsh'
[8.786s] Level 1:colcon.colcon_core.environment:create_file_with_runtime_dependencies(/home/harry/ur3e_ws/install/ur3e_moveit/share/colcon-core/packages/ur3e_moveit)
[8.801s] Level 1:colcon.colcon_core.environment:create_environment_scripts_only(ur3e_moveit)
[8.801s] Level 1:colcon.colcon_core.environment:checking '/home/harry/ur3e_ws/install/ur3e_moveit' for CMake module files
[8.801s] Level 1:colcon.colcon_core.environment:checking '/home/harry/ur3e_ws/install/ur3e_moveit' for CMake config files
[8.802s] Level 1:colcon.colcon_core.shell:create_environment_hook('ur3e_moveit', 'cmake_prefix_path')
[8.802s] INFO:colcon.colcon_core.shell:Creating environment hook '/home/harry/ur3e_ws/install/ur3e_moveit/share/ur3e_moveit/hook/cmake_prefix_path.ps1'
[8.802s] INFO:colcon.colcon_core.shell:Creating environment descriptor '/home/harry/ur3e_ws/install/ur3e_moveit/share/ur3e_moveit/hook/cmake_prefix_path.dsv'
[8.802s] INFO:colcon.colcon_core.shell:Creating environment hook '/home/harry/ur3e_ws/install/ur3e_moveit/share/ur3e_moveit/hook/cmake_prefix_path.sh'
[8.803s] Level 1:colcon.colcon_core.environment:checking '/home/harry/ur3e_ws/install/ur3e_moveit/bin'
[8.803s] Level 1:colcon.colcon_core.environment:checking '/home/harry/ur3e_ws/install/ur3e_moveit/lib/pkgconfig/ur3e_moveit.pc'
[8.803s] Level 1:colcon.colcon_core.environment:checking '/home/harry/ur3e_ws/install/ur3e_moveit/lib/python3.10/site-packages'
[8.803s] Level 1:colcon.colcon_core.environment:checking '/home/harry/ur3e_ws/install/ur3e_moveit/bin'
[8.803s] INFO:colcon.colcon_core.shell:Creating package script '/home/harry/ur3e_ws/install/ur3e_moveit/share/ur3e_moveit/package.ps1'
[8.804s] INFO:colcon.colcon_core.shell:Creating package descriptor '/home/harry/ur3e_ws/install/ur3e_moveit/share/ur3e_moveit/package.dsv'
[8.804s] INFO:colcon.colcon_core.shell:Creating package script '/home/harry/ur3e_ws/install/ur3e_moveit/share/ur3e_moveit/package.sh'
[8.804s] INFO:colcon.colcon_core.shell:Creating package script '/home/harry/ur3e_ws/install/ur3e_moveit/share/ur3e_moveit/package.bash'
[8.804s] INFO:colcon.colcon_core.shell:Creating package script '/home/harry/ur3e_ws/install/ur3e_moveit/share/ur3e_moveit/package.zsh'
[8.805s] Level 1:colcon.colcon_core.environment:create_file_with_runtime_dependencies(/home/harry/ur3e_ws/install/ur3e_moveit/share/colcon-core/packages/ur3e_moveit)
[25.155s] DEBUG:colcon.colcon_core.event_handler.log_command:Invoked command in '/home/harry/ur3e_ws/build/ur3e_ros_action_cpp' returned '2': CMAKE_PREFIX_PATH=/home/harry/ur3e_ws/install/ur3e_ros_data:/home/harry/ur3e_ws/install/ur_moveit_config:/home/harry/ur3e_ws/install/ur_description:/home/harry/ur3e_ws/install/ur_dashboard_msgs:/home/harry/ur3e_ws/install/ur3e_ros_action_cpp:/home/harry/ur3e_ws/install/ur3e_moveit:/home/harry/ur3e_ws/install/ur3e_new_moveit_config:/home/harry/ur3e_ws/install/ur3e_moveit_config:/home/harry/ur3e_ws/install/ur3e_gazebo_sim:/home/harry/ur3e_ws/install/ur3e_ros_action:/opt/ros/iron LD_LIBRARY_PATH=/home/harry/ur3e_ws/install/ur3e_ros_data/lib:/home/harry/ur3e_ws/install/ur_dashboard_msgs/lib:/usr/lib/x86_64-linux-gnu/gazebo-11/plugins:/opt/ros/iron/opt/rviz_ogre_vendor/lib:/opt/ros/iron/lib/x86_64-linux-gnu:/opt/ros/iron/lib PYTHONPATH=/home/harry/ur3e_ws/install/ur3e_ros_data/lib/python3.10/site-packages:/home/harry/ur3e_ws/install/ur_moveit_config/lib/python3.10/site-packages:/home/harry/ur3e_ws/install/ur_dashboard_msgs/lib/python3.10/site-packages:/home/harry/ur3e_ws/install/ur3e_ros_action/lib/python3.10/site-packages:/opt/ros/iron/lib/python3.10/site-packages /usr/bin/cmake --build /home/harry/ur3e_ws/build/ur3e_ros_action_cpp -- -j8 -l8
[25.176s] Level 1:colcon.colcon_core.environment:create_environment_scripts_only(ur3e_ros_action_cpp)
[25.177s] Level 1:colcon.colcon_core.environment:checking '/home/harry/ur3e_ws/install/ur3e_ros_action_cpp' for CMake module files
[25.177s] Level 1:colcon.colcon_core.environment:checking '/home/harry/ur3e_ws/install/ur3e_ros_action_cpp' for CMake config files
[25.177s] Level 1:colcon.colcon_core.shell:create_environment_hook('ur3e_ros_action_cpp', 'cmake_prefix_path')
[25.177s] INFO:colcon.colcon_core.shell:Creating environment hook '/home/harry/ur3e_ws/install/ur3e_ros_action_cpp/share/ur3e_ros_action_cpp/hook/cmake_prefix_path.ps1'
[25.178s] INFO:colcon.colcon_core.shell:Creating environment descriptor '/home/harry/ur3e_ws/install/ur3e_ros_action_cpp/share/ur3e_ros_action_cpp/hook/cmake_prefix_path.dsv'
[25.178s] INFO:colcon.colcon_core.shell:Creating environment hook '/home/harry/ur3e_ws/install/ur3e_ros_action_cpp/share/ur3e_ros_action_cpp/hook/cmake_prefix_path.sh'
[25.178s] Level 1:colcon.colcon_core.environment:checking '/home/harry/ur3e_ws/install/ur3e_ros_action_cpp/lib'
[25.178s] Level 1:colcon.colcon_core.environment:checking '/home/harry/ur3e_ws/install/ur3e_ros_action_cpp/bin'
[25.178s] Level 1:colcon.colcon_core.environment:checking '/home/harry/ur3e_ws/install/ur3e_ros_action_cpp/lib/pkgconfig/ur3e_ros_action_cpp.pc'
[25.179s] Level 1:colcon.colcon_core.environment:checking '/home/harry/ur3e_ws/install/ur3e_ros_action_cpp/lib/python3.10/site-packages'
[25.179s] Level 1:colcon.colcon_core.environment:checking '/home/harry/ur3e_ws/install/ur3e_ros_action_cpp/bin'
[25.179s] INFO:colcon.colcon_core.shell:Creating package script '/home/harry/ur3e_ws/install/ur3e_ros_action_cpp/share/ur3e_ros_action_cpp/package.ps1'
[25.179s] INFO:colcon.colcon_core.shell:Creating package descriptor '/home/harry/ur3e_ws/install/ur3e_ros_action_cpp/share/ur3e_ros_action_cpp/package.dsv'
[25.180s] INFO:colcon.colcon_core.shell:Creating package script '/home/harry/ur3e_ws/install/ur3e_ros_action_cpp/share/ur3e_ros_action_cpp/package.sh'
[25.180s] INFO:colcon.colcon_core.shell:Creating package script '/home/harry/ur3e_ws/install/ur3e_ros_action_cpp/share/ur3e_ros_action_cpp/package.bash'
[25.180s] INFO:colcon.colcon_core.shell:Creating package script '/home/harry/ur3e_ws/install/ur3e_ros_action_cpp/share/ur3e_ros_action_cpp/package.zsh'
[25.180s] Level 1:colcon.colcon_core.environment:create_file_with_runtime_dependencies(/home/harry/ur3e_ws/install/ur3e_ros_action_cpp/share/colcon-core/packages/ur3e_ros_action_cpp)
[25.215s] DEBUG:colcon.colcon_parallel_executor.executor.parallel:closing loop
[25.215s] DEBUG:colcon.colcon_parallel_executor.executor.parallel:loop closed
[25.215s] DEBUG:colcon.colcon_parallel_executor.executor.parallel:run_until_complete finished with '2'
[25.215s] DEBUG:colcon.colcon_core.event_reactor:joining thread
[25.224s] INFO:colcon.colcon_core.plugin_system:Skipping extension 'colcon_notification.desktop_notification.terminal_notifier': Not used on non-Darwin systems
[25.224s] INFO:colcon.colcon_core.plugin_system:Skipping extension 'colcon_notification.desktop_notification.win32': Not used on non-Windows systems
[25.224s] INFO:colcon.colcon_notification.desktop_notification:Sending desktop notification using 'notify2'
[25.245s] DEBUG:colcon.colcon_core.event_reactor:joined thread
[25.246s] INFO:colcon.colcon_core.shell:Creating prefix script '/home/harry/ur3e_ws/install/local_setup.ps1'
[25.247s] INFO:colcon.colcon_core.shell:Creating prefix util module '/home/harry/ur3e_ws/install/_local_setup_util_ps1.py'
[25.248s] INFO:colcon.colcon_core.shell:Creating prefix chain script '/home/harry/ur3e_ws/install/setup.ps1'
[25.249s] INFO:colcon.colcon_core.shell:Creating prefix script '/home/harry/ur3e_ws/install/local_setup.sh'
[25.249s] INFO:colcon.colcon_core.shell:Creating prefix util module '/home/harry/ur3e_ws/install/_local_setup_util_sh.py'
[25.249s] INFO:colcon.colcon_core.shell:Creating prefix chain script '/home/harry/ur3e_ws/install/setup.sh'
[25.250s] INFO:colcon.colcon_core.shell:Creating prefix script '/home/harry/ur3e_ws/install/local_setup.bash'
[25.250s] INFO:colcon.colcon_core.shell:Creating prefix chain script '/home/harry/ur3e_ws/install/setup.bash'
[25.251s] INFO:colcon.colcon_core.shell:Creating prefix script '/home/harry/ur3e_ws/install/local_setup.zsh'
[25.251s] INFO:colcon.colcon_core.shell:Creating prefix chain script '/home/harry/ur3e_ws/install/setup.zsh'
