[0.062s] DEBUG:colcon:Command line arguments: ['/usr/bin/colcon', 'build']
[0.062s] DEBUG:colcon:Parsed command line arguments: Namespace(log_base=None, log_level=None, verb_name='build', build_base='build', install_base='install', merge_install=False, symlink_install=False, test_result_base=None, continue_on_error=False, executor='parallel', parallel_workers=8, event_handlers=None, ignore_user_meta=False, metas=['./colcon.meta'], base_paths=['.'], packages_ignore=None, packages_ignore_regex=None, paths=None, packages_up_to=None, packages_up_to_regex=None, packages_above=None, packages_above_and_dependencies=None, packages_above_depth=None, packages_select_by_dep=None, packages_skip_by_dep=None, packages_skip_up_to=None, packages_select_build_failed=False, packages_skip_build_finished=False, packages_select_test_failures=False, packages_skip_test_passed=False, packages_select=None, packages_skip=None, packages_select_regex=None, packages_skip_regex=None, packages_start=None, packages_end=None, allow_overriding=[], cmake_args=None, cmake_target=None, cmake_target_skip_unavailable=False, cmake_clean_cache=False, cmake_clean_first=False, cmake_force_configure=False, ament_cmake_args=None, catkin_cmake_args=None, catkin_skip_building_tests=False, verb_parser=<colcon_defaults.argument_parser.defaults.DefaultArgumentsDecorator object at 0x790f3d449000>, verb_extension=<colcon_core.verb.build.BuildVerb object at 0x790f3d448bb0>, main=<bound method BuildVerb.main of <colcon_core.verb.build.BuildVerb object at 0x790f3d448bb0>>)
[0.159s] Level 1:colcon.colcon_core.package_discovery:discover_packages(colcon_meta) check parameters
[0.159s] Level 1:colcon.colcon_core.package_discovery:discover_packages(recursive) check parameters
[0.159s] Level 1:colcon.colcon_core.package_discovery:discover_packages(ignore) check parameters
[0.159s] Level 1:colcon.colcon_core.package_discovery:discover_packages(path) check parameters
[0.159s] Level 1:colcon.colcon_core.package_discovery:discover_packages(colcon_meta) discover
[0.159s] Level 1:colcon.colcon_core.package_discovery:discover_packages(recursive) discover
[0.159s] INFO:colcon.colcon_core.package_discovery:Crawling recursively for packages in '/home/harry/ur3e_ws'
[0.159s] Level 1:colcon.colcon_core.package_identification:_identify(.) by extensions ['ignore', 'ignore_ament_install']
[0.159s] Level 1:colcon.colcon_core.package_identification:_identify(.) by extension 'ignore'
[0.159s] Level 1:colcon.colcon_core.package_identification:_identify(.) by extension 'ignore_ament_install'
[0.159s] Level 1:colcon.colcon_core.package_identification:_identify(.) by extensions ['colcon_pkg']
[0.159s] Level 1:colcon.colcon_core.package_identification:_identify(.) by extension 'colcon_pkg'
[0.159s] Level 1:colcon.colcon_core.package_identification:_identify(.) by extensions ['colcon_meta']
[0.159s] Level 1:colcon.colcon_core.package_identification:_identify(.) by extension 'colcon_meta'
[0.159s] Level 1:colcon.colcon_core.package_identification:_identify(.) by extensions ['ros']
[0.159s] Level 1:colcon.colcon_core.package_identification:_identify(.) by extension 'ros'
[0.166s] Level 1:colcon.colcon_core.package_identification:_identify(.) by extensions ['cmake', 'python']
[0.166s] Level 1:colcon.colcon_core.package_identification:_identify(.) by extension 'cmake'
[0.166s] Level 1:colcon.colcon_core.package_identification:_identify(.) by extension 'python'
[0.166s] Level 1:colcon.colcon_core.package_identification:_identify(.) by extensions ['python_setup_py']
[0.166s] Level 1:colcon.colcon_core.package_identification:_identify(.) by extension 'python_setup_py'
[0.166s] Level 1:colcon.colcon_core.package_identification:_identify(build) by extensions ['ignore', 'ignore_ament_install']
[0.166s] Level 1:colcon.colcon_core.package_identification:_identify(build) by extension 'ignore'
[0.166s] Level 1:colcon.colcon_core.package_identification:_identify(build) ignored
[0.166s] Level 1:colcon.colcon_core.package_identification:_identify(include) by extensions ['ignore', 'ignore_ament_install']
[0.166s] Level 1:colcon.colcon_core.package_identification:_identify(include) by extension 'ignore'
[0.166s] Level 1:colcon.colcon_core.package_identification:_identify(include) by extension 'ignore_ament_install'
[0.166s] Level 1:colcon.colcon_core.package_identification:_identify(include) by extensions ['colcon_pkg']
[0.166s] Level 1:colcon.colcon_core.package_identification:_identify(include) by extension 'colcon_pkg'
[0.166s] Level 1:colcon.colcon_core.package_identification:_identify(include) by extensions ['colcon_meta']
[0.166s] Level 1:colcon.colcon_core.package_identification:_identify(include) by extension 'colcon_meta'
[0.166s] Level 1:colcon.colcon_core.package_identification:_identify(include) by extensions ['ros']
[0.166s] Level 1:colcon.colcon_core.package_identification:_identify(include) by extension 'ros'
[0.166s] Level 1:colcon.colcon_core.package_identification:_identify(include) by extensions ['cmake', 'python']
[0.166s] Level 1:colcon.colcon_core.package_identification:_identify(include) by extension 'cmake'
[0.166s] Level 1:colcon.colcon_core.package_identification:_identify(include) by extension 'python'
[0.166s] Level 1:colcon.colcon_core.package_identification:_identify(include) by extensions ['python_setup_py']
[0.167s] Level 1:colcon.colcon_core.package_identification:_identify(include) by extension 'python_setup_py'
[0.167s] Level 1:colcon.colcon_core.package_identification:_identify(install) by extensions ['ignore', 'ignore_ament_install']
[0.167s] Level 1:colcon.colcon_core.package_identification:_identify(install) by extension 'ignore'
[0.167s] Level 1:colcon.colcon_core.package_identification:_identify(install) ignored
[0.167s] Level 1:colcon.colcon_core.package_identification:_identify(log) by extensions ['ignore', 'ignore_ament_install']
[0.167s] Level 1:colcon.colcon_core.package_identification:_identify(log) by extension 'ignore'
[0.167s] Level 1:colcon.colcon_core.package_identification:_identify(log) ignored
[0.167s] Level 1:colcon.colcon_core.package_identification:_identify(src) by extensions ['ignore', 'ignore_ament_install']
[0.167s] Level 1:colcon.colcon_core.package_identification:_identify(src) by extension 'ignore'
[0.167s] Level 1:colcon.colcon_core.package_identification:_identify(src) by extension 'ignore_ament_install'
[0.167s] Level 1:colcon.colcon_core.package_identification:_identify(src) by extensions ['colcon_pkg']
[0.167s] Level 1:colcon.colcon_core.package_identification:_identify(src) by extension 'colcon_pkg'
[0.167s] Level 1:colcon.colcon_core.package_identification:_identify(src) by extensions ['colcon_meta']
[0.167s] Level 1:colcon.colcon_core.package_identification:_identify(src) by extension 'colcon_meta'
[0.167s] Level 1:colcon.colcon_core.package_identification:_identify(src) by extensions ['ros']
[0.167s] Level 1:colcon.colcon_core.package_identification:_identify(src) by extension 'ros'
[0.167s] Level 1:colcon.colcon_core.package_identification:_identify(src) by extensions ['cmake', 'python']
[0.167s] Level 1:colcon.colcon_core.package_identification:_identify(src) by extension 'cmake'
[0.167s] Level 1:colcon.colcon_core.package_identification:_identify(src) by extension 'python'
[0.167s] Level 1:colcon.colcon_core.package_identification:_identify(src) by extensions ['python_setup_py']
[0.167s] Level 1:colcon.colcon_core.package_identification:_identify(src) by extension 'python_setup_py'
[0.167s] Level 1:colcon.colcon_core.package_identification:_identify(src/build) by extensions ['ignore', 'ignore_ament_install']
[0.167s] Level 1:colcon.colcon_core.package_identification:_identify(src/build) by extension 'ignore'
[0.167s] Level 1:colcon.colcon_core.package_identification:_identify(src/build) ignored
[0.167s] Level 1:colcon.colcon_core.package_identification:_identify(src/install) by extensions ['ignore', 'ignore_ament_install']
[0.168s] Level 1:colcon.colcon_core.package_identification:_identify(src/install) by extension 'ignore'
[0.168s] Level 1:colcon.colcon_core.package_identification:_identify(src/install) ignored
[0.168s] Level 1:colcon.colcon_core.package_identification:_identify(src/log) by extensions ['ignore', 'ignore_ament_install']
[0.168s] Level 1:colcon.colcon_core.package_identification:_identify(src/log) by extension 'ignore'
[0.168s] Level 1:colcon.colcon_core.package_identification:_identify(src/log) ignored
[0.168s] Level 1:colcon.colcon_core.package_identification:_identify(src/ur3e_gazebo_sim) by extensions ['ignore', 'ignore_ament_install']
[0.168s] Level 1:colcon.colcon_core.package_identification:_identify(src/ur3e_gazebo_sim) by extension 'ignore'
[0.168s] Level 1:colcon.colcon_core.package_identification:_identify(src/ur3e_gazebo_sim) by extension 'ignore_ament_install'
[0.168s] Level 1:colcon.colcon_core.package_identification:_identify(src/ur3e_gazebo_sim) by extensions ['colcon_pkg']
[0.168s] Level 1:colcon.colcon_core.package_identification:_identify(src/ur3e_gazebo_sim) by extension 'colcon_pkg'
[0.168s] Level 1:colcon.colcon_core.package_identification:_identify(src/ur3e_gazebo_sim) by extensions ['colcon_meta']
[0.168s] Level 1:colcon.colcon_core.package_identification:_identify(src/ur3e_gazebo_sim) by extension 'colcon_meta'
[0.168s] Level 1:colcon.colcon_core.package_identification:_identify(src/ur3e_gazebo_sim) by extensions ['ros']
[0.168s] Level 1:colcon.colcon_core.package_identification:_identify(src/ur3e_gazebo_sim) by extension 'ros'
[0.169s] DEBUG:colcon.colcon_core.package_identification:Package 'src/ur3e_gazebo_sim' with type 'ros.ament_cmake' and name 'ur3e_gazebo_sim'
[0.170s] Level 1:colcon.colcon_core.package_identification:_identify(src/ur3e_moveit) by extensions ['ignore', 'ignore_ament_install']
[0.170s] Level 1:colcon.colcon_core.package_identification:_identify(src/ur3e_moveit) by extension 'ignore'
[0.170s] Level 1:colcon.colcon_core.package_identification:_identify(src/ur3e_moveit) by extension 'ignore_ament_install'
[0.170s] Level 1:colcon.colcon_core.package_identification:_identify(src/ur3e_moveit) by extensions ['colcon_pkg']
[0.170s] Level 1:colcon.colcon_core.package_identification:_identify(src/ur3e_moveit) by extension 'colcon_pkg'
[0.170s] Level 1:colcon.colcon_core.package_identification:_identify(src/ur3e_moveit) by extensions ['colcon_meta']
[0.170s] Level 1:colcon.colcon_core.package_identification:_identify(src/ur3e_moveit) by extension 'colcon_meta'
[0.170s] Level 1:colcon.colcon_core.package_identification:_identify(src/ur3e_moveit) by extensions ['ros']
[0.170s] Level 1:colcon.colcon_core.package_identification:_identify(src/ur3e_moveit) by extension 'ros'
[0.170s] DEBUG:colcon.colcon_core.package_identification:Package 'src/ur3e_moveit' with type 'ros.ament_cmake' and name 'ur3e_moveit'
[0.170s] Level 1:colcon.colcon_core.package_identification:_identify(src/ur3e_ros_action) by extensions ['ignore', 'ignore_ament_install']
[0.170s] Level 1:colcon.colcon_core.package_identification:_identify(src/ur3e_ros_action) by extension 'ignore'
[0.170s] Level 1:colcon.colcon_core.package_identification:_identify(src/ur3e_ros_action) by extension 'ignore_ament_install'
[0.170s] Level 1:colcon.colcon_core.package_identification:_identify(src/ur3e_ros_action) by extensions ['colcon_pkg']
[0.170s] Level 1:colcon.colcon_core.package_identification:_identify(src/ur3e_ros_action) by extension 'colcon_pkg'
[0.171s] Level 1:colcon.colcon_core.package_identification:_identify(src/ur3e_ros_action) by extensions ['colcon_meta']
[0.171s] Level 1:colcon.colcon_core.package_identification:_identify(src/ur3e_ros_action) by extension 'colcon_meta'
[0.171s] Level 1:colcon.colcon_core.package_identification:_identify(src/ur3e_ros_action) by extensions ['ros']
[0.171s] Level 1:colcon.colcon_core.package_identification:_identify(src/ur3e_ros_action) by extension 'ros'
[0.171s] DEBUG:colcon.colcon_core.package_identification:Package 'src/ur3e_ros_action' with type 'ros.ament_python' and name 'ur3e_ros_action'
[0.171s] Level 1:colcon.colcon_core.package_identification:_identify(src/ur3e_ros_action_cpp) by extensions ['ignore', 'ignore_ament_install']
[0.171s] Level 1:colcon.colcon_core.package_identification:_identify(src/ur3e_ros_action_cpp) by extension 'ignore'
[0.171s] Level 1:colcon.colcon_core.package_identification:_identify(src/ur3e_ros_action_cpp) by extension 'ignore_ament_install'
[0.171s] Level 1:colcon.colcon_core.package_identification:_identify(src/ur3e_ros_action_cpp) by extensions ['colcon_pkg']
[0.171s] Level 1:colcon.colcon_core.package_identification:_identify(src/ur3e_ros_action_cpp) by extension 'colcon_pkg'
[0.171s] Level 1:colcon.colcon_core.package_identification:_identify(src/ur3e_ros_action_cpp) by extensions ['colcon_meta']
[0.171s] Level 1:colcon.colcon_core.package_identification:_identify(src/ur3e_ros_action_cpp) by extension 'colcon_meta'
[0.171s] Level 1:colcon.colcon_core.package_identification:_identify(src/ur3e_ros_action_cpp) by extensions ['ros']
[0.171s] Level 1:colcon.colcon_core.package_identification:_identify(src/ur3e_ros_action_cpp) by extension 'ros'
[0.172s] DEBUG:colcon.colcon_core.package_identification:Package 'src/ur3e_ros_action_cpp' with type 'ros.ament_cmake' and name 'ur3e_ros_action_cpp'
[0.172s] Level 1:colcon.colcon_core.package_identification:_identify(src/ur3e_ros_data) by extensions ['ignore', 'ignore_ament_install']
[0.172s] Level 1:colcon.colcon_core.package_identification:_identify(src/ur3e_ros_data) by extension 'ignore'
[0.172s] Level 1:colcon.colcon_core.package_identification:_identify(src/ur3e_ros_data) by extension 'ignore_ament_install'
[0.172s] Level 1:colcon.colcon_core.package_identification:_identify(src/ur3e_ros_data) by extensions ['colcon_pkg']
[0.172s] Level 1:colcon.colcon_core.package_identification:_identify(src/ur3e_ros_data) by extension 'colcon_pkg'
[0.172s] Level 1:colcon.colcon_core.package_identification:_identify(src/ur3e_ros_data) by extensions ['colcon_meta']
[0.172s] Level 1:colcon.colcon_core.package_identification:_identify(src/ur3e_ros_data) by extension 'colcon_meta'
[0.172s] Level 1:colcon.colcon_core.package_identification:_identify(src/ur3e_ros_data) by extensions ['ros']
[0.172s] Level 1:colcon.colcon_core.package_identification:_identify(src/ur3e_ros_data) by extension 'ros'
[0.172s] DEBUG:colcon.colcon_core.package_identification:Package 'src/ur3e_ros_data' with type 'ros.ament_cmake' and name 'ur3e_ros_data'
[0.172s] Level 1:colcon.colcon_core.package_discovery:discover_packages(recursive) using defaults
[0.173s] Level 1:colcon.colcon_core.package_discovery:discover_packages(ignore) discover
[0.173s] Level 1:colcon.colcon_core.package_discovery:discover_packages(ignore) using defaults
[0.173s] Level 1:colcon.colcon_core.package_discovery:discover_packages(path) discover
[0.173s] Level 1:colcon.colcon_core.package_discovery:discover_packages(path) using defaults
[0.192s] Level 1:colcon.colcon_core.package_discovery:discover_packages(prefix_path) check parameters
[0.192s] Level 1:colcon.colcon_core.package_discovery:discover_packages(prefix_path) discover
[0.193s] DEBUG:colcon.colcon_installed_package_information.package_discovery:Found 5 installed packages in /home/harry/ur3e_ws/install
[0.194s] DEBUG:colcon.colcon_installed_package_information.package_discovery:Found 371 installed packages in /opt/ros/iron
[0.195s] Level 1:colcon.colcon_core.package_discovery:discover_packages(prefix_path) using defaults
[0.224s] Level 5:colcon.colcon_core.verb:set package 'ur3e_gazebo_sim' build argument 'cmake_args' from command line to 'None'
[0.224s] Level 5:colcon.colcon_core.verb:set package 'ur3e_gazebo_sim' build argument 'cmake_target' from command line to 'None'
[0.224s] Level 5:colcon.colcon_core.verb:set package 'ur3e_gazebo_sim' build argument 'cmake_target_skip_unavailable' from command line to 'False'
[0.224s] Level 5:colcon.colcon_core.verb:set package 'ur3e_gazebo_sim' build argument 'cmake_clean_cache' from command line to 'False'
[0.224s] Level 5:colcon.colcon_core.verb:set package 'ur3e_gazebo_sim' build argument 'cmake_clean_first' from command line to 'False'
[0.224s] Level 5:colcon.colcon_core.verb:set package 'ur3e_gazebo_sim' build argument 'cmake_force_configure' from command line to 'False'
[0.224s] Level 5:colcon.colcon_core.verb:set package 'ur3e_gazebo_sim' build argument 'ament_cmake_args' from command line to 'None'
[0.224s] Level 5:colcon.colcon_core.verb:set package 'ur3e_gazebo_sim' build argument 'catkin_cmake_args' from command line to 'None'
[0.224s] Level 5:colcon.colcon_core.verb:set package 'ur3e_gazebo_sim' build argument 'catkin_skip_building_tests' from command line to 'False'
[0.224s] DEBUG:colcon.colcon_core.verb:Building package 'ur3e_gazebo_sim' with the following arguments: {'ament_cmake_args': None, 'build_base': '/home/harry/ur3e_ws/build/ur3e_gazebo_sim', 'catkin_cmake_args': None, 'catkin_skip_building_tests': False, 'cmake_args': None, 'cmake_clean_cache': False, 'cmake_clean_first': False, 'cmake_force_configure': False, 'cmake_target': None, 'cmake_target_skip_unavailable': False, 'install_base': '/home/harry/ur3e_ws/install/ur3e_gazebo_sim', 'merge_install': False, 'path': '/home/harry/ur3e_ws/src/ur3e_gazebo_sim', 'symlink_install': False, 'test_result_base': None}
[0.224s] Level 5:colcon.colcon_core.verb:set package 'ur3e_ros_action' build argument 'cmake_args' from command line to 'None'
[0.224s] Level 5:colcon.colcon_core.verb:set package 'ur3e_ros_action' build argument 'cmake_target' from command line to 'None'
[0.224s] Level 5:colcon.colcon_core.verb:set package 'ur3e_ros_action' build argument 'cmake_target_skip_unavailable' from command line to 'False'
[0.224s] Level 5:colcon.colcon_core.verb:set package 'ur3e_ros_action' build argument 'cmake_clean_cache' from command line to 'False'
[0.224s] Level 5:colcon.colcon_core.verb:set package 'ur3e_ros_action' build argument 'cmake_clean_first' from command line to 'False'
[0.224s] Level 5:colcon.colcon_core.verb:set package 'ur3e_ros_action' build argument 'cmake_force_configure' from command line to 'False'
[0.224s] Level 5:colcon.colcon_core.verb:set package 'ur3e_ros_action' build argument 'ament_cmake_args' from command line to 'None'
[0.224s] Level 5:colcon.colcon_core.verb:set package 'ur3e_ros_action' build argument 'catkin_cmake_args' from command line to 'None'
[0.224s] Level 5:colcon.colcon_core.verb:set package 'ur3e_ros_action' build argument 'catkin_skip_building_tests' from command line to 'False'
[0.224s] DEBUG:colcon.colcon_core.verb:Building package 'ur3e_ros_action' with the following arguments: {'ament_cmake_args': None, 'build_base': '/home/harry/ur3e_ws/build/ur3e_ros_action', 'catkin_cmake_args': None, 'catkin_skip_building_tests': False, 'cmake_args': None, 'cmake_clean_cache': False, 'cmake_clean_first': False, 'cmake_force_configure': False, 'cmake_target': None, 'cmake_target_skip_unavailable': False, 'install_base': '/home/harry/ur3e_ws/install/ur3e_ros_action', 'merge_install': False, 'path': '/home/harry/ur3e_ws/src/ur3e_ros_action', 'symlink_install': False, 'test_result_base': None}
[0.224s] Level 5:colcon.colcon_core.verb:set package 'ur3e_ros_data' build argument 'cmake_args' from command line to 'None'
[0.224s] Level 5:colcon.colcon_core.verb:set package 'ur3e_ros_data' build argument 'cmake_target' from command line to 'None'
[0.224s] Level 5:colcon.colcon_core.verb:set package 'ur3e_ros_data' build argument 'cmake_target_skip_unavailable' from command line to 'False'
[0.224s] Level 5:colcon.colcon_core.verb:set package 'ur3e_ros_data' build argument 'cmake_clean_cache' from command line to 'False'
[0.224s] Level 5:colcon.colcon_core.verb:set package 'ur3e_ros_data' build argument 'cmake_clean_first' from command line to 'False'
[0.224s] Level 5:colcon.colcon_core.verb:set package 'ur3e_ros_data' build argument 'cmake_force_configure' from command line to 'False'
[0.225s] Level 5:colcon.colcon_core.verb:set package 'ur3e_ros_data' build argument 'ament_cmake_args' from command line to 'None'
[0.225s] Level 5:colcon.colcon_core.verb:set package 'ur3e_ros_data' build argument 'catkin_cmake_args' from command line to 'None'
[0.225s] Level 5:colcon.colcon_core.verb:set package 'ur3e_ros_data' build argument 'catkin_skip_building_tests' from command line to 'False'
[0.225s] DEBUG:colcon.colcon_core.verb:Building package 'ur3e_ros_data' with the following arguments: {'ament_cmake_args': None, 'build_base': '/home/harry/ur3e_ws/build/ur3e_ros_data', 'catkin_cmake_args': None, 'catkin_skip_building_tests': False, 'cmake_args': None, 'cmake_clean_cache': False, 'cmake_clean_first': False, 'cmake_force_configure': False, 'cmake_target': None, 'cmake_target_skip_unavailable': False, 'install_base': '/home/harry/ur3e_ws/install/ur3e_ros_data', 'merge_install': False, 'path': '/home/harry/ur3e_ws/src/ur3e_ros_data', 'symlink_install': False, 'test_result_base': None}
[0.225s] Level 5:colcon.colcon_core.verb:set package 'ur3e_moveit' build argument 'cmake_args' from command line to 'None'
[0.225s] Level 5:colcon.colcon_core.verb:set package 'ur3e_moveit' build argument 'cmake_target' from command line to 'None'
[0.225s] Level 5:colcon.colcon_core.verb:set package 'ur3e_moveit' build argument 'cmake_target_skip_unavailable' from command line to 'False'
[0.225s] Level 5:colcon.colcon_core.verb:set package 'ur3e_moveit' build argument 'cmake_clean_cache' from command line to 'False'
[0.225s] Level 5:colcon.colcon_core.verb:set package 'ur3e_moveit' build argument 'cmake_clean_first' from command line to 'False'
[0.225s] Level 5:colcon.colcon_core.verb:set package 'ur3e_moveit' build argument 'cmake_force_configure' from command line to 'False'
[0.225s] Level 5:colcon.colcon_core.verb:set package 'ur3e_moveit' build argument 'ament_cmake_args' from command line to 'None'
[0.225s] Level 5:colcon.colcon_core.verb:set package 'ur3e_moveit' build argument 'catkin_cmake_args' from command line to 'None'
[0.225s] Level 5:colcon.colcon_core.verb:set package 'ur3e_moveit' build argument 'catkin_skip_building_tests' from command line to 'False'
[0.225s] DEBUG:colcon.colcon_core.verb:Building package 'ur3e_moveit' with the following arguments: {'ament_cmake_args': None, 'build_base': '/home/harry/ur3e_ws/build/ur3e_moveit', 'catkin_cmake_args': None, 'catkin_skip_building_tests': False, 'cmake_args': None, 'cmake_clean_cache': False, 'cmake_clean_first': False, 'cmake_force_configure': False, 'cmake_target': None, 'cmake_target_skip_unavailable': False, 'install_base': '/home/harry/ur3e_ws/install/ur3e_moveit', 'merge_install': False, 'path': '/home/harry/ur3e_ws/src/ur3e_moveit', 'symlink_install': False, 'test_result_base': None}
[0.225s] Level 5:colcon.colcon_core.verb:set package 'ur3e_ros_action_cpp' build argument 'cmake_args' from command line to 'None'
[0.225s] Level 5:colcon.colcon_core.verb:set package 'ur3e_ros_action_cpp' build argument 'cmake_target' from command line to 'None'
[0.225s] Level 5:colcon.colcon_core.verb:set package 'ur3e_ros_action_cpp' build argument 'cmake_target_skip_unavailable' from command line to 'False'
[0.225s] Level 5:colcon.colcon_core.verb:set package 'ur3e_ros_action_cpp' build argument 'cmake_clean_cache' from command line to 'False'
[0.225s] Level 5:colcon.colcon_core.verb:set package 'ur3e_ros_action_cpp' build argument 'cmake_clean_first' from command line to 'False'
[0.225s] Level 5:colcon.colcon_core.verb:set package 'ur3e_ros_action_cpp' build argument 'cmake_force_configure' from command line to 'False'
[0.225s] Level 5:colcon.colcon_core.verb:set package 'ur3e_ros_action_cpp' build argument 'ament_cmake_args' from command line to 'None'
[0.225s] Level 5:colcon.colcon_core.verb:set package 'ur3e_ros_action_cpp' build argument 'catkin_cmake_args' from command line to 'None'
[0.225s] Level 5:colcon.colcon_core.verb:set package 'ur3e_ros_action_cpp' build argument 'catkin_skip_building_tests' from command line to 'False'
[0.225s] DEBUG:colcon.colcon_core.verb:Building package 'ur3e_ros_action_cpp' with the following arguments: {'ament_cmake_args': None, 'build_base': '/home/harry/ur3e_ws/build/ur3e_ros_action_cpp', 'catkin_cmake_args': None, 'catkin_skip_building_tests': False, 'cmake_args': None, 'cmake_clean_cache': False, 'cmake_clean_first': False, 'cmake_force_configure': False, 'cmake_target': None, 'cmake_target_skip_unavailable': False, 'install_base': '/home/harry/ur3e_ws/install/ur3e_ros_action_cpp', 'merge_install': False, 'path': '/home/harry/ur3e_ws/src/ur3e_ros_action_cpp', 'symlink_install': False, 'test_result_base': None}
[0.225s] INFO:colcon.colcon_core.executor:Executing jobs using 'parallel' executor
[0.226s] DEBUG:colcon.colcon_parallel_executor.executor.parallel:run_until_complete
[0.226s] INFO:colcon.colcon_ros.task.ament_cmake.build:Building ROS package in '/home/harry/ur3e_ws/src/ur3e_ros_data' with build type 'ament_cmake'
[0.226s] INFO:colcon.colcon_cmake.task.cmake.build:Building CMake package in '/home/harry/ur3e_ws/src/ur3e_ros_data'
[0.228s] INFO:colcon.colcon_core.plugin_system:Skipping extension 'colcon_core.shell.bat': Not used on non-Windows systems
[0.228s] INFO:colcon.colcon_core.shell:Skip shell extension 'powershell' for command environment: Not usable outside of PowerShell
[0.228s] DEBUG:colcon.colcon_core.shell:Skip shell extension 'dsv' for command environment
[0.230s] INFO:colcon.colcon_ros.task.ament_cmake.build:Building ROS package in '/home/harry/ur3e_ws/src/ur3e_gazebo_sim' with build type 'ament_cmake'
[0.230s] INFO:colcon.colcon_cmake.task.cmake.build:Building CMake package in '/home/harry/ur3e_ws/src/ur3e_gazebo_sim'
[0.230s] INFO:colcon.colcon_core.shell:Skip shell extension 'powershell' for command environment: Not usable outside of PowerShell
[0.230s] DEBUG:colcon.colcon_core.shell:Skip shell extension 'dsv' for command environment
[0.233s] INFO:colcon.colcon_ros.task.ament_python.build:Building ROS package in '/home/harry/ur3e_ws/src/ur3e_ros_action' with build type 'ament_python'
[0.233s] Level 1:colcon.colcon_core.shell:create_environment_hook('ur3e_ros_action', 'ament_prefix_path')
[0.233s] INFO:colcon.colcon_core.shell:Creating environment hook '/home/harry/ur3e_ws/install/ur3e_ros_action/share/ur3e_ros_action/hook/ament_prefix_path.ps1'
[0.233s] INFO:colcon.colcon_core.shell:Creating environment descriptor '/home/harry/ur3e_ws/install/ur3e_ros_action/share/ur3e_ros_action/hook/ament_prefix_path.dsv'
[0.234s] INFO:colcon.colcon_core.shell:Creating environment hook '/home/harry/ur3e_ws/install/ur3e_ros_action/share/ur3e_ros_action/hook/ament_prefix_path.sh'
[0.234s] INFO:colcon.colcon_core.shell:Skip shell extension 'powershell' for command environment: Not usable outside of PowerShell
[0.234s] DEBUG:colcon.colcon_core.shell:Skip shell extension 'dsv' for command environment
[0.240s] DEBUG:colcon.colcon_core.event_handler.log_command:Invoking command in '/home/harry/ur3e_ws/build/ur3e_ros_data': CMAKE_PREFIX_PATH=${CMAKE_PREFIX_PATH}:/home/harry/ur3e_ws/install/ur3e_ros_action:/opt/ros/iron /usr/bin/cmake --build /home/harry/ur3e_ws/build/ur3e_ros_data -- -j8 -l8
[0.243s] DEBUG:colcon.colcon_core.event_handler.log_command:Invoking command in '/home/harry/ur3e_ws/build/ur3e_gazebo_sim': CMAKE_PREFIX_PATH=${CMAKE_PREFIX_PATH}:/home/harry/ur3e_ws/install/ur3e_ros_action:/opt/ros/iron /usr/bin/cmake --build /home/harry/ur3e_ws/build/ur3e_gazebo_sim -- -j8 -l8
[0.434s] INFO:colcon.colcon_core.task.python.build:Building Python package in '/home/harry/ur3e_ws/src/ur3e_ros_action'
[0.435s] INFO:colcon.colcon_core.shell:Skip shell extension 'powershell' for command environment: Not usable outside of PowerShell
[0.435s] DEBUG:colcon.colcon_core.shell:Skip shell extension 'dsv' for command environment
[0.438s] DEBUG:colcon.colcon_core.event_handler.log_command:Invoked command in '/home/harry/ur3e_ws/build/ur3e_gazebo_sim' returned '0': CMAKE_PREFIX_PATH=${CMAKE_PREFIX_PATH}:/home/harry/ur3e_ws/install/ur3e_ros_action:/opt/ros/iron /usr/bin/cmake --build /home/harry/ur3e_ws/build/ur3e_gazebo_sim -- -j8 -l8
[0.461s] DEBUG:colcon.colcon_core.event_handler.log_command:Invoking command in '/home/harry/ur3e_ws/build/ur3e_gazebo_sim': CMAKE_PREFIX_PATH=${CMAKE_PREFIX_PATH}:/home/harry/ur3e_ws/install/ur3e_ros_action:/opt/ros/iron /usr/bin/cmake --install /home/harry/ur3e_ws/build/ur3e_gazebo_sim
[0.476s] Level 1:colcon.colcon_core.environment:create_environment_scripts_only(ur3e_gazebo_sim)
[0.476s] DEBUG:colcon.colcon_core.event_handler.log_command:Invoked command in '/home/harry/ur3e_ws/build/ur3e_gazebo_sim' returned '0': CMAKE_PREFIX_PATH=${CMAKE_PREFIX_PATH}:/home/harry/ur3e_ws/install/ur3e_ros_action:/opt/ros/iron /usr/bin/cmake --install /home/harry/ur3e_ws/build/ur3e_gazebo_sim
[0.478s] Level 1:colcon.colcon_core.environment:checking '/home/harry/ur3e_ws/install/ur3e_gazebo_sim' for CMake module files
[0.479s] Level 1:colcon.colcon_core.environment:checking '/home/harry/ur3e_ws/install/ur3e_gazebo_sim' for CMake config files
[0.479s] Level 1:colcon.colcon_core.shell:create_environment_hook('ur3e_gazebo_sim', 'cmake_prefix_path')
[0.480s] INFO:colcon.colcon_core.shell:Creating environment hook '/home/harry/ur3e_ws/install/ur3e_gazebo_sim/share/ur3e_gazebo_sim/hook/cmake_prefix_path.ps1'
[0.480s] INFO:colcon.colcon_core.shell:Creating environment descriptor '/home/harry/ur3e_ws/install/ur3e_gazebo_sim/share/ur3e_gazebo_sim/hook/cmake_prefix_path.dsv'
[0.480s] INFO:colcon.colcon_core.shell:Creating environment hook '/home/harry/ur3e_ws/install/ur3e_gazebo_sim/share/ur3e_gazebo_sim/hook/cmake_prefix_path.sh'
[0.481s] Level 1:colcon.colcon_core.environment:checking '/home/harry/ur3e_ws/install/ur3e_gazebo_sim/bin'
[0.481s] Level 1:colcon.colcon_core.environment:checking '/home/harry/ur3e_ws/install/ur3e_gazebo_sim/lib/pkgconfig/ur3e_gazebo_sim.pc'
[0.481s] Level 1:colcon.colcon_core.environment:checking '/home/harry/ur3e_ws/install/ur3e_gazebo_sim/lib/python3.10/site-packages'
[0.482s] Level 1:colcon.colcon_core.environment:checking '/home/harry/ur3e_ws/install/ur3e_gazebo_sim/bin'
[0.482s] INFO:colcon.colcon_core.shell:Creating package script '/home/harry/ur3e_ws/install/ur3e_gazebo_sim/share/ur3e_gazebo_sim/package.ps1'
[0.483s] INFO:colcon.colcon_core.shell:Creating package descriptor '/home/harry/ur3e_ws/install/ur3e_gazebo_sim/share/ur3e_gazebo_sim/package.dsv'
[0.483s] INFO:colcon.colcon_core.shell:Creating package script '/home/harry/ur3e_ws/install/ur3e_gazebo_sim/share/ur3e_gazebo_sim/package.sh'
[0.484s] INFO:colcon.colcon_core.shell:Creating package script '/home/harry/ur3e_ws/install/ur3e_gazebo_sim/share/ur3e_gazebo_sim/package.bash'
[0.485s] INFO:colcon.colcon_core.shell:Creating package script '/home/harry/ur3e_ws/install/ur3e_gazebo_sim/share/ur3e_gazebo_sim/package.zsh'
[0.485s] Level 1:colcon.colcon_core.environment:create_file_with_runtime_dependencies(/home/harry/ur3e_ws/install/ur3e_gazebo_sim/share/colcon-core/packages/ur3e_gazebo_sim)
[0.501s] Level 1:colcon.colcon_core.environment:create_environment_scripts_only(ur3e_gazebo_sim)
[0.501s] Level 1:colcon.colcon_core.environment:checking '/home/harry/ur3e_ws/install/ur3e_gazebo_sim' for CMake module files
[0.502s] Level 1:colcon.colcon_core.environment:checking '/home/harry/ur3e_ws/install/ur3e_gazebo_sim' for CMake config files
[0.502s] Level 1:colcon.colcon_core.shell:create_environment_hook('ur3e_gazebo_sim', 'cmake_prefix_path')
[0.502s] INFO:colcon.colcon_core.shell:Creating environment hook '/home/harry/ur3e_ws/install/ur3e_gazebo_sim/share/ur3e_gazebo_sim/hook/cmake_prefix_path.ps1'
[0.503s] INFO:colcon.colcon_core.shell:Creating environment descriptor '/home/harry/ur3e_ws/install/ur3e_gazebo_sim/share/ur3e_gazebo_sim/hook/cmake_prefix_path.dsv'
[0.503s] INFO:colcon.colcon_core.shell:Creating environment hook '/home/harry/ur3e_ws/install/ur3e_gazebo_sim/share/ur3e_gazebo_sim/hook/cmake_prefix_path.sh'
[0.504s] Level 1:colcon.colcon_core.environment:checking '/home/harry/ur3e_ws/install/ur3e_gazebo_sim/bin'
[0.504s] Level 1:colcon.colcon_core.environment:checking '/home/harry/ur3e_ws/install/ur3e_gazebo_sim/lib/pkgconfig/ur3e_gazebo_sim.pc'
[0.504s] Level 1:colcon.colcon_core.environment:checking '/home/harry/ur3e_ws/install/ur3e_gazebo_sim/lib/python3.10/site-packages'
[0.504s] Level 1:colcon.colcon_core.environment:checking '/home/harry/ur3e_ws/install/ur3e_gazebo_sim/bin'
[0.504s] INFO:colcon.colcon_core.shell:Creating package script '/home/harry/ur3e_ws/install/ur3e_gazebo_sim/share/ur3e_gazebo_sim/package.ps1'
[0.505s] INFO:colcon.colcon_core.shell:Creating package descriptor '/home/harry/ur3e_ws/install/ur3e_gazebo_sim/share/ur3e_gazebo_sim/package.dsv'
[0.505s] INFO:colcon.colcon_core.shell:Creating package script '/home/harry/ur3e_ws/install/ur3e_gazebo_sim/share/ur3e_gazebo_sim/package.sh'
[0.506s] INFO:colcon.colcon_core.shell:Creating package script '/home/harry/ur3e_ws/install/ur3e_gazebo_sim/share/ur3e_gazebo_sim/package.bash'
[0.506s] INFO:colcon.colcon_core.shell:Creating package script '/home/harry/ur3e_ws/install/ur3e_gazebo_sim/share/ur3e_gazebo_sim/package.zsh'
[0.506s] Level 1:colcon.colcon_core.environment:create_file_with_runtime_dependencies(/home/harry/ur3e_ws/install/ur3e_gazebo_sim/share/colcon-core/packages/ur3e_gazebo_sim)
[0.508s] DEBUG:colcon.colcon_core.event_handler.log_command:Invoked command in '/home/harry/ur3e_ws/build/ur3e_ros_data' returned '0': CMAKE_PREFIX_PATH=${CMAKE_PREFIX_PATH}:/home/harry/ur3e_ws/install/ur3e_ros_action:/opt/ros/iron /usr/bin/cmake --build /home/harry/ur3e_ws/build/ur3e_ros_data -- -j8 -l8
[0.576s] DEBUG:colcon.colcon_core.event_handler.log_command:Invoking command in '/home/harry/ur3e_ws/build/ur3e_ros_data': CMAKE_PREFIX_PATH=${CMAKE_PREFIX_PATH}:/home/harry/ur3e_ws/install/ur3e_ros_action:/opt/ros/iron /usr/bin/cmake --install /home/harry/ur3e_ws/build/ur3e_ros_data
[0.611s] Level 1:colcon.colcon_core.environment:create_environment_scripts_only(ur3e_ros_data)
[0.611s] Level 1:colcon.colcon_core.environment:checking '/home/harry/ur3e_ws/install/ur3e_ros_data' for CMake module files
[0.611s] DEBUG:colcon.colcon_core.event_handler.log_command:Invoked command in '/home/harry/ur3e_ws/build/ur3e_ros_data' returned '0': CMAKE_PREFIX_PATH=${CMAKE_PREFIX_PATH}:/home/harry/ur3e_ws/install/ur3e_ros_action:/opt/ros/iron /usr/bin/cmake --install /home/harry/ur3e_ws/build/ur3e_ros_data
[0.612s] Level 1:colcon.colcon_core.environment:checking '/home/harry/ur3e_ws/install/ur3e_ros_data' for CMake config files
[0.612s] Level 1:colcon.colcon_core.shell:create_environment_hook('ur3e_ros_data', 'cmake_prefix_path')
[0.612s] INFO:colcon.colcon_core.shell:Creating environment hook '/home/harry/ur3e_ws/install/ur3e_ros_data/share/ur3e_ros_data/hook/cmake_prefix_path.ps1'
[0.612s] INFO:colcon.colcon_core.shell:Creating environment descriptor '/home/harry/ur3e_ws/install/ur3e_ros_data/share/ur3e_ros_data/hook/cmake_prefix_path.dsv'
[0.612s] INFO:colcon.colcon_core.shell:Creating environment hook '/home/harry/ur3e_ws/install/ur3e_ros_data/share/ur3e_ros_data/hook/cmake_prefix_path.sh'
[0.613s] Level 1:colcon.colcon_core.environment:checking '/home/harry/ur3e_ws/install/ur3e_ros_data/lib'
[0.613s] Level 1:colcon.colcon_core.shell:create_environment_hook('ur3e_ros_data', 'ld_library_path_lib')
[0.613s] INFO:colcon.colcon_core.shell:Creating environment hook '/home/harry/ur3e_ws/install/ur3e_ros_data/share/ur3e_ros_data/hook/ld_library_path_lib.ps1'
[0.613s] INFO:colcon.colcon_core.shell:Creating environment descriptor '/home/harry/ur3e_ws/install/ur3e_ros_data/share/ur3e_ros_data/hook/ld_library_path_lib.dsv'
[0.613s] INFO:colcon.colcon_core.shell:Creating environment hook '/home/harry/ur3e_ws/install/ur3e_ros_data/share/ur3e_ros_data/hook/ld_library_path_lib.sh'
[0.614s] Level 1:colcon.colcon_core.environment:checking '/home/harry/ur3e_ws/install/ur3e_ros_data/bin'
[0.614s] Level 1:colcon.colcon_core.environment:checking '/home/harry/ur3e_ws/install/ur3e_ros_data/lib/pkgconfig/ur3e_ros_data.pc'
[0.614s] Level 1:colcon.colcon_core.environment:checking '/home/harry/ur3e_ws/install/ur3e_ros_data/lib/python3.10/site-packages'
[0.614s] Level 1:colcon.colcon_core.shell:create_environment_hook('ur3e_ros_data', 'pythonpath')
[0.614s] INFO:colcon.colcon_core.shell:Creating environment hook '/home/harry/ur3e_ws/install/ur3e_ros_data/share/ur3e_ros_data/hook/pythonpath.ps1'
[0.614s] INFO:colcon.colcon_core.shell:Creating environment descriptor '/home/harry/ur3e_ws/install/ur3e_ros_data/share/ur3e_ros_data/hook/pythonpath.dsv'
[0.614s] INFO:colcon.colcon_core.shell:Creating environment hook '/home/harry/ur3e_ws/install/ur3e_ros_data/share/ur3e_ros_data/hook/pythonpath.sh'
[0.615s] Level 1:colcon.colcon_core.environment:checking '/home/harry/ur3e_ws/install/ur3e_ros_data/bin'
[0.615s] INFO:colcon.colcon_core.shell:Creating package script '/home/harry/ur3e_ws/install/ur3e_ros_data/share/ur3e_ros_data/package.ps1'
[0.615s] INFO:colcon.colcon_core.shell:Creating package descriptor '/home/harry/ur3e_ws/install/ur3e_ros_data/share/ur3e_ros_data/package.dsv'
[0.615s] INFO:colcon.colcon_core.shell:Creating package script '/home/harry/ur3e_ws/install/ur3e_ros_data/share/ur3e_ros_data/package.sh'
[0.616s] INFO:colcon.colcon_core.shell:Creating package script '/home/harry/ur3e_ws/install/ur3e_ros_data/share/ur3e_ros_data/package.bash'
[0.616s] INFO:colcon.colcon_core.shell:Creating package script '/home/harry/ur3e_ws/install/ur3e_ros_data/share/ur3e_ros_data/package.zsh'
[0.616s] Level 1:colcon.colcon_core.environment:create_file_with_runtime_dependencies(/home/harry/ur3e_ws/install/ur3e_ros_data/share/colcon-core/packages/ur3e_ros_data)
[0.667s] Level 1:colcon.colcon_core.environment:create_environment_scripts_only(ur3e_ros_data)
[0.667s] Level 1:colcon.colcon_core.environment:checking '/home/harry/ur3e_ws/install/ur3e_ros_data' for CMake module files
[0.668s] Level 1:colcon.colcon_core.environment:checking '/home/harry/ur3e_ws/install/ur3e_ros_data' for CMake config files
[0.669s] Level 1:colcon.colcon_core.shell:create_environment_hook('ur3e_ros_data', 'cmake_prefix_path')
[0.669s] INFO:colcon.colcon_core.shell:Creating environment hook '/home/harry/ur3e_ws/install/ur3e_ros_data/share/ur3e_ros_data/hook/cmake_prefix_path.ps1'
[0.670s] INFO:colcon.colcon_core.shell:Creating environment descriptor '/home/harry/ur3e_ws/install/ur3e_ros_data/share/ur3e_ros_data/hook/cmake_prefix_path.dsv'
[0.670s] INFO:colcon.colcon_core.shell:Creating environment hook '/home/harry/ur3e_ws/install/ur3e_ros_data/share/ur3e_ros_data/hook/cmake_prefix_path.sh'
[0.671s] Level 1:colcon.colcon_core.environment:checking '/home/harry/ur3e_ws/install/ur3e_ros_data/lib'
[0.671s] Level 1:colcon.colcon_core.shell:create_environment_hook('ur3e_ros_data', 'ld_library_path_lib')
[0.671s] INFO:colcon.colcon_core.shell:Creating environment hook '/home/harry/ur3e_ws/install/ur3e_ros_data/share/ur3e_ros_data/hook/ld_library_path_lib.ps1'
[0.671s] INFO:colcon.colcon_core.shell:Creating environment descriptor '/home/harry/ur3e_ws/install/ur3e_ros_data/share/ur3e_ros_data/hook/ld_library_path_lib.dsv'
[0.672s] INFO:colcon.colcon_core.shell:Creating environment hook '/home/harry/ur3e_ws/install/ur3e_ros_data/share/ur3e_ros_data/hook/ld_library_path_lib.sh'
[0.672s] Level 1:colcon.colcon_core.environment:checking '/home/harry/ur3e_ws/install/ur3e_ros_data/bin'
[0.672s] Level 1:colcon.colcon_core.environment:checking '/home/harry/ur3e_ws/install/ur3e_ros_data/lib/pkgconfig/ur3e_ros_data.pc'
[0.672s] Level 1:colcon.colcon_core.environment:checking '/home/harry/ur3e_ws/install/ur3e_ros_data/lib/python3.10/site-packages'
[0.672s] Level 1:colcon.colcon_core.shell:create_environment_hook('ur3e_ros_data', 'pythonpath')
[0.673s] INFO:colcon.colcon_core.shell:Creating environment hook '/home/harry/ur3e_ws/install/ur3e_ros_data/share/ur3e_ros_data/hook/pythonpath.ps1'
[0.673s] INFO:colcon.colcon_core.shell:Creating environment descriptor '/home/harry/ur3e_ws/install/ur3e_ros_data/share/ur3e_ros_data/hook/pythonpath.dsv'
[0.673s] INFO:colcon.colcon_core.shell:Creating environment hook '/home/harry/ur3e_ws/install/ur3e_ros_data/share/ur3e_ros_data/hook/pythonpath.sh'
[0.674s] Level 1:colcon.colcon_core.environment:checking '/home/harry/ur3e_ws/install/ur3e_ros_data/bin'
[0.674s] INFO:colcon.colcon_core.shell:Creating package script '/home/harry/ur3e_ws/install/ur3e_ros_data/share/ur3e_ros_data/package.ps1'
[0.675s] INFO:colcon.colcon_core.shell:Creating package descriptor '/home/harry/ur3e_ws/install/ur3e_ros_data/share/ur3e_ros_data/package.dsv'
[0.675s] INFO:colcon.colcon_core.shell:Creating package script '/home/harry/ur3e_ws/install/ur3e_ros_data/share/ur3e_ros_data/package.sh'
[0.676s] INFO:colcon.colcon_core.shell:Creating package script '/home/harry/ur3e_ws/install/ur3e_ros_data/share/ur3e_ros_data/package.bash'
[0.676s] INFO:colcon.colcon_core.shell:Creating package script '/home/harry/ur3e_ws/install/ur3e_ros_data/share/ur3e_ros_data/package.zsh'
[0.676s] Level 1:colcon.colcon_core.environment:create_file_with_runtime_dependencies(/home/harry/ur3e_ws/install/ur3e_ros_data/share/colcon-core/packages/ur3e_ros_data)
[0.677s] INFO:colcon.colcon_ros.task.ament_cmake.build:Building ROS package in '/home/harry/ur3e_ws/src/ur3e_moveit' with build type 'ament_cmake'
[0.677s] INFO:colcon.colcon_cmake.task.cmake.build:Building CMake package in '/home/harry/ur3e_ws/src/ur3e_moveit'
[0.677s] INFO:colcon.colcon_core.shell:Skip shell extension 'powershell' for command environment: Not usable outside of PowerShell
[0.677s] DEBUG:colcon.colcon_core.shell:Skip shell extension 'dsv' for command environment
[0.681s] INFO:colcon.colcon_ros.task.ament_cmake.build:Building ROS package in '/home/harry/ur3e_ws/src/ur3e_ros_action_cpp' with build type 'ament_cmake'
[0.682s] INFO:colcon.colcon_cmake.task.cmake.build:Building CMake package in '/home/harry/ur3e_ws/src/ur3e_ros_action_cpp'
[0.682s] INFO:colcon.colcon_core.shell:Skip shell extension 'powershell' for command environment: Not usable outside of PowerShell
[0.682s] DEBUG:colcon.colcon_core.shell:Skip shell extension 'dsv' for command environment
[0.690s] DEBUG:colcon.colcon_core.event_handler.log_command:Invoking command in '/home/harry/ur3e_ws/build/ur3e_moveit': CMAKE_PREFIX_PATH=/home/harry/ur3e_ws/install/ur3e_ros_data:/home/harry/ur3e_ws/install/ur3e_ros_action_cpp:/home/harry/ur3e_ws/install/ur3e_moveit:/home/harry/ur3e_ws/install/ur3e_gazebo_sim:/home/harry/ur3e_ws/install/ur3e_ros_action:/opt/ros/iron /usr/bin/cmake --build /home/harry/ur3e_ws/build/ur3e_moveit -- -j8 -l8
[0.692s] DEBUG:colcon.colcon_core.event_handler.log_command:Invoking command in '/home/harry/ur3e_ws/build/ur3e_ros_action_cpp': CMAKE_PREFIX_PATH=/home/harry/ur3e_ws/install/ur3e_ros_data:/home/harry/ur3e_ws/install/ur3e_ros_action_cpp:/home/harry/ur3e_ws/install/ur3e_moveit:/home/harry/ur3e_ws/install/ur3e_gazebo_sim:/home/harry/ur3e_ws/install/ur3e_ros_action:/opt/ros/iron /usr/bin/cmake --build /home/harry/ur3e_ws/build/ur3e_ros_action_cpp -- -j8 -l8
[0.694s] DEBUG:colcon.colcon_core.event_handler.log_command:Invoking command in '/home/harry/ur3e_ws/src/ur3e_ros_action': PYTHONPATH=/home/harry/ur3e_ws/build/ur3e_ros_action/prefix_override:/home/harry/ur3e_ws/install/ur3e_ros_action/lib/python3.10/site-packages:${PYTHONPATH} /usr/bin/python3 -W ignore:setup.py install is deprecated setup.py egg_info --egg-base ../../build/ur3e_ros_action build --build-base /home/harry/ur3e_ws/build/ur3e_ros_action/build install --record /home/harry/ur3e_ws/build/ur3e_ros_action/install.log --single-version-externally-managed install_data
[0.715s] DEBUG:colcon.colcon_core.event_handler.log_command:Invoked command in '/home/harry/ur3e_ws/build/ur3e_moveit' returned '0': CMAKE_PREFIX_PATH=/home/harry/ur3e_ws/install/ur3e_ros_data:/home/harry/ur3e_ws/install/ur3e_ros_action_cpp:/home/harry/ur3e_ws/install/ur3e_moveit:/home/harry/ur3e_ws/install/ur3e_gazebo_sim:/home/harry/ur3e_ws/install/ur3e_ros_action:/opt/ros/iron /usr/bin/cmake --build /home/harry/ur3e_ws/build/ur3e_moveit -- -j8 -l8
[0.730s] DEBUG:colcon.colcon_core.event_handler.log_command:Invoking command in '/home/harry/ur3e_ws/build/ur3e_moveit': CMAKE_PREFIX_PATH=/home/harry/ur3e_ws/install/ur3e_ros_data:/home/harry/ur3e_ws/install/ur3e_ros_action_cpp:/home/harry/ur3e_ws/install/ur3e_moveit:/home/harry/ur3e_ws/install/ur3e_gazebo_sim:/home/harry/ur3e_ws/install/ur3e_ros_action:/opt/ros/iron /usr/bin/cmake --install /home/harry/ur3e_ws/build/ur3e_moveit
[0.735s] Level 1:colcon.colcon_core.environment:create_environment_scripts_only(ur3e_moveit)
[0.736s] Level 1:colcon.colcon_core.environment:checking '/home/harry/ur3e_ws/install/ur3e_moveit' for CMake module files
[0.737s] Level 1:colcon.colcon_core.environment:checking '/home/harry/ur3e_ws/install/ur3e_moveit' for CMake config files
[0.737s] DEBUG:colcon.colcon_core.event_handler.log_command:Invoked command in '/home/harry/ur3e_ws/build/ur3e_moveit' returned '0': CMAKE_PREFIX_PATH=/home/harry/ur3e_ws/install/ur3e_ros_data:/home/harry/ur3e_ws/install/ur3e_ros_action_cpp:/home/harry/ur3e_ws/install/ur3e_moveit:/home/harry/ur3e_ws/install/ur3e_gazebo_sim:/home/harry/ur3e_ws/install/ur3e_ros_action:/opt/ros/iron /usr/bin/cmake --install /home/harry/ur3e_ws/build/ur3e_moveit
[0.737s] Level 1:colcon.colcon_core.shell:create_environment_hook('ur3e_moveit', 'cmake_prefix_path')
[0.738s] INFO:colcon.colcon_core.shell:Creating environment hook '/home/harry/ur3e_ws/install/ur3e_moveit/share/ur3e_moveit/hook/cmake_prefix_path.ps1'
[0.738s] INFO:colcon.colcon_core.shell:Creating environment descriptor '/home/harry/ur3e_ws/install/ur3e_moveit/share/ur3e_moveit/hook/cmake_prefix_path.dsv'
[0.738s] INFO:colcon.colcon_core.shell:Creating environment hook '/home/harry/ur3e_ws/install/ur3e_moveit/share/ur3e_moveit/hook/cmake_prefix_path.sh'
[0.739s] Level 1:colcon.colcon_core.environment:checking '/home/harry/ur3e_ws/install/ur3e_moveit/bin'
[0.739s] Level 1:colcon.colcon_core.environment:checking '/home/harry/ur3e_ws/install/ur3e_moveit/lib/pkgconfig/ur3e_moveit.pc'
[0.739s] Level 1:colcon.colcon_core.environment:checking '/home/harry/ur3e_ws/install/ur3e_moveit/lib/python3.10/site-packages'
[0.739s] Level 1:colcon.colcon_core.environment:checking '/home/harry/ur3e_ws/install/ur3e_moveit/bin'
[0.739s] INFO:colcon.colcon_core.shell:Creating package script '/home/harry/ur3e_ws/install/ur3e_moveit/share/ur3e_moveit/package.ps1'
[0.739s] INFO:colcon.colcon_core.shell:Creating package descriptor '/home/harry/ur3e_ws/install/ur3e_moveit/share/ur3e_moveit/package.dsv'
[0.740s] INFO:colcon.colcon_core.shell:Creating package script '/home/harry/ur3e_ws/install/ur3e_moveit/share/ur3e_moveit/package.sh'
[0.740s] INFO:colcon.colcon_core.shell:Creating package script '/home/harry/ur3e_ws/install/ur3e_moveit/share/ur3e_moveit/package.bash'
[0.740s] INFO:colcon.colcon_core.shell:Creating package script '/home/harry/ur3e_ws/install/ur3e_moveit/share/ur3e_moveit/package.zsh'
[0.740s] Level 1:colcon.colcon_core.environment:create_file_with_runtime_dependencies(/home/harry/ur3e_ws/install/ur3e_moveit/share/colcon-core/packages/ur3e_moveit)
[0.754s] DEBUG:colcon.colcon_core.event_handler.log_command:Invoked command in '/home/harry/ur3e_ws/build/ur3e_ros_action_cpp' returned '0': CMAKE_PREFIX_PATH=/home/harry/ur3e_ws/install/ur3e_ros_data:/home/harry/ur3e_ws/install/ur3e_ros_action_cpp:/home/harry/ur3e_ws/install/ur3e_moveit:/home/harry/ur3e_ws/install/ur3e_gazebo_sim:/home/harry/ur3e_ws/install/ur3e_ros_action:/opt/ros/iron /usr/bin/cmake --build /home/harry/ur3e_ws/build/ur3e_ros_action_cpp -- -j8 -l8
[0.755s] Level 1:colcon.colcon_core.environment:create_environment_scripts_only(ur3e_moveit)
[0.755s] Level 1:colcon.colcon_core.environment:checking '/home/harry/ur3e_ws/install/ur3e_moveit' for CMake module files
[0.756s] Level 1:colcon.colcon_core.environment:checking '/home/harry/ur3e_ws/install/ur3e_moveit' for CMake config files
[0.756s] Level 1:colcon.colcon_core.shell:create_environment_hook('ur3e_moveit', 'cmake_prefix_path')
[0.757s] INFO:colcon.colcon_core.shell:Creating environment hook '/home/harry/ur3e_ws/install/ur3e_moveit/share/ur3e_moveit/hook/cmake_prefix_path.ps1'
[0.757s] INFO:colcon.colcon_core.shell:Creating environment descriptor '/home/harry/ur3e_ws/install/ur3e_moveit/share/ur3e_moveit/hook/cmake_prefix_path.dsv'
[0.758s] INFO:colcon.colcon_core.shell:Creating environment hook '/home/harry/ur3e_ws/install/ur3e_moveit/share/ur3e_moveit/hook/cmake_prefix_path.sh'
[0.758s] Level 1:colcon.colcon_core.environment:checking '/home/harry/ur3e_ws/install/ur3e_moveit/bin'
[0.758s] Level 1:colcon.colcon_core.environment:checking '/home/harry/ur3e_ws/install/ur3e_moveit/lib/pkgconfig/ur3e_moveit.pc'
[0.759s] Level 1:colcon.colcon_core.environment:checking '/home/harry/ur3e_ws/install/ur3e_moveit/lib/python3.10/site-packages'
[0.759s] Level 1:colcon.colcon_core.environment:checking '/home/harry/ur3e_ws/install/ur3e_moveit/bin'
[0.759s] INFO:colcon.colcon_core.shell:Creating package script '/home/harry/ur3e_ws/install/ur3e_moveit/share/ur3e_moveit/package.ps1'
[0.760s] INFO:colcon.colcon_core.shell:Creating package descriptor '/home/harry/ur3e_ws/install/ur3e_moveit/share/ur3e_moveit/package.dsv'
[0.760s] INFO:colcon.colcon_core.shell:Creating package script '/home/harry/ur3e_ws/install/ur3e_moveit/share/ur3e_moveit/package.sh'
[0.761s] INFO:colcon.colcon_core.shell:Creating package script '/home/harry/ur3e_ws/install/ur3e_moveit/share/ur3e_moveit/package.bash'
[0.761s] INFO:colcon.colcon_core.shell:Creating package script '/home/harry/ur3e_ws/install/ur3e_moveit/share/ur3e_moveit/package.zsh'
[0.761s] Level 1:colcon.colcon_core.environment:create_file_with_runtime_dependencies(/home/harry/ur3e_ws/install/ur3e_moveit/share/colcon-core/packages/ur3e_moveit)
[0.771s] DEBUG:colcon.colcon_core.event_handler.log_command:Invoking command in '/home/harry/ur3e_ws/build/ur3e_ros_action_cpp': CMAKE_PREFIX_PATH=/home/harry/ur3e_ws/install/ur3e_ros_data:/home/harry/ur3e_ws/install/ur3e_ros_action_cpp:/home/harry/ur3e_ws/install/ur3e_moveit:/home/harry/ur3e_ws/install/ur3e_gazebo_sim:/home/harry/ur3e_ws/install/ur3e_ros_action:/opt/ros/iron /usr/bin/cmake --install /home/harry/ur3e_ws/build/ur3e_ros_action_cpp
[0.778s] Level 1:colcon.colcon_core.environment:create_environment_scripts_only(ur3e_ros_action_cpp)
[0.778s] Level 1:colcon.colcon_core.environment:checking '/home/harry/ur3e_ws/install/ur3e_ros_action_cpp' for CMake module files
[0.779s] DEBUG:colcon.colcon_core.event_handler.log_command:Invoked command in '/home/harry/ur3e_ws/build/ur3e_ros_action_cpp' returned '0': CMAKE_PREFIX_PATH=/home/harry/ur3e_ws/install/ur3e_ros_data:/home/harry/ur3e_ws/install/ur3e_ros_action_cpp:/home/harry/ur3e_ws/install/ur3e_moveit:/home/harry/ur3e_ws/install/ur3e_gazebo_sim:/home/harry/ur3e_ws/install/ur3e_ros_action:/opt/ros/iron /usr/bin/cmake --install /home/harry/ur3e_ws/build/ur3e_ros_action_cpp
[0.779s] Level 1:colcon.colcon_core.environment:checking '/home/harry/ur3e_ws/install/ur3e_ros_action_cpp' for CMake config files
[0.779s] Level 1:colcon.colcon_core.shell:create_environment_hook('ur3e_ros_action_cpp', 'cmake_prefix_path')
[0.779s] INFO:colcon.colcon_core.shell:Creating environment hook '/home/harry/ur3e_ws/install/ur3e_ros_action_cpp/share/ur3e_ros_action_cpp/hook/cmake_prefix_path.ps1'
[0.779s] INFO:colcon.colcon_core.shell:Creating environment descriptor '/home/harry/ur3e_ws/install/ur3e_ros_action_cpp/share/ur3e_ros_action_cpp/hook/cmake_prefix_path.dsv'
[0.780s] INFO:colcon.colcon_core.shell:Creating environment hook '/home/harry/ur3e_ws/install/ur3e_ros_action_cpp/share/ur3e_ros_action_cpp/hook/cmake_prefix_path.sh'
[0.780s] Level 1:colcon.colcon_core.environment:checking '/home/harry/ur3e_ws/install/ur3e_ros_action_cpp/lib'
[0.780s] Level 1:colcon.colcon_core.environment:checking '/home/harry/ur3e_ws/install/ur3e_ros_action_cpp/bin'
[0.780s] Level 1:colcon.colcon_core.environment:checking '/home/harry/ur3e_ws/install/ur3e_ros_action_cpp/lib/pkgconfig/ur3e_ros_action_cpp.pc'
[0.780s] Level 1:colcon.colcon_core.environment:checking '/home/harry/ur3e_ws/install/ur3e_ros_action_cpp/lib/python3.10/site-packages'
[0.780s] Level 1:colcon.colcon_core.environment:checking '/home/harry/ur3e_ws/install/ur3e_ros_action_cpp/bin'
[0.780s] INFO:colcon.colcon_core.shell:Creating package script '/home/harry/ur3e_ws/install/ur3e_ros_action_cpp/share/ur3e_ros_action_cpp/package.ps1'
[0.781s] INFO:colcon.colcon_core.shell:Creating package descriptor '/home/harry/ur3e_ws/install/ur3e_ros_action_cpp/share/ur3e_ros_action_cpp/package.dsv'
[0.781s] INFO:colcon.colcon_core.shell:Creating package script '/home/harry/ur3e_ws/install/ur3e_ros_action_cpp/share/ur3e_ros_action_cpp/package.sh'
[0.781s] INFO:colcon.colcon_core.shell:Creating package script '/home/harry/ur3e_ws/install/ur3e_ros_action_cpp/share/ur3e_ros_action_cpp/package.bash'
[0.781s] INFO:colcon.colcon_core.shell:Creating package script '/home/harry/ur3e_ws/install/ur3e_ros_action_cpp/share/ur3e_ros_action_cpp/package.zsh'
[0.781s] Level 1:colcon.colcon_core.environment:create_file_with_runtime_dependencies(/home/harry/ur3e_ws/install/ur3e_ros_action_cpp/share/colcon-core/packages/ur3e_ros_action_cpp)
[0.799s] Level 1:colcon.colcon_core.environment:create_environment_scripts_only(ur3e_ros_action_cpp)
[0.799s] Level 1:colcon.colcon_core.environment:checking '/home/harry/ur3e_ws/install/ur3e_ros_action_cpp' for CMake module files
[0.799s] Level 1:colcon.colcon_core.environment:checking '/home/harry/ur3e_ws/install/ur3e_ros_action_cpp' for CMake config files
[0.799s] Level 1:colcon.colcon_core.shell:create_environment_hook('ur3e_ros_action_cpp', 'cmake_prefix_path')
[0.799s] INFO:colcon.colcon_core.shell:Creating environment hook '/home/harry/ur3e_ws/install/ur3e_ros_action_cpp/share/ur3e_ros_action_cpp/hook/cmake_prefix_path.ps1'
[0.800s] INFO:colcon.colcon_core.shell:Creating environment descriptor '/home/harry/ur3e_ws/install/ur3e_ros_action_cpp/share/ur3e_ros_action_cpp/hook/cmake_prefix_path.dsv'
[0.800s] INFO:colcon.colcon_core.shell:Creating environment hook '/home/harry/ur3e_ws/install/ur3e_ros_action_cpp/share/ur3e_ros_action_cpp/hook/cmake_prefix_path.sh'
[0.800s] Level 1:colcon.colcon_core.environment:checking '/home/harry/ur3e_ws/install/ur3e_ros_action_cpp/lib'
[0.800s] Level 1:colcon.colcon_core.environment:checking '/home/harry/ur3e_ws/install/ur3e_ros_action_cpp/bin'
[0.800s] Level 1:colcon.colcon_core.environment:checking '/home/harry/ur3e_ws/install/ur3e_ros_action_cpp/lib/pkgconfig/ur3e_ros_action_cpp.pc'
[0.800s] Level 1:colcon.colcon_core.environment:checking '/home/harry/ur3e_ws/install/ur3e_ros_action_cpp/lib/python3.10/site-packages'
[0.801s] Level 1:colcon.colcon_core.environment:checking '/home/harry/ur3e_ws/install/ur3e_ros_action_cpp/bin'
[0.801s] INFO:colcon.colcon_core.shell:Creating package script '/home/harry/ur3e_ws/install/ur3e_ros_action_cpp/share/ur3e_ros_action_cpp/package.ps1'
[0.801s] INFO:colcon.colcon_core.shell:Creating package descriptor '/home/harry/ur3e_ws/install/ur3e_ros_action_cpp/share/ur3e_ros_action_cpp/package.dsv'
[0.801s] INFO:colcon.colcon_core.shell:Creating package script '/home/harry/ur3e_ws/install/ur3e_ros_action_cpp/share/ur3e_ros_action_cpp/package.sh'
[0.802s] INFO:colcon.colcon_core.shell:Creating package script '/home/harry/ur3e_ws/install/ur3e_ros_action_cpp/share/ur3e_ros_action_cpp/package.bash'
[0.802s] INFO:colcon.colcon_core.shell:Creating package script '/home/harry/ur3e_ws/install/ur3e_ros_action_cpp/share/ur3e_ros_action_cpp/package.zsh'
[0.802s] Level 1:colcon.colcon_core.environment:create_file_with_runtime_dependencies(/home/harry/ur3e_ws/install/ur3e_ros_action_cpp/share/colcon-core/packages/ur3e_ros_action_cpp)
[1.001s] Level 1:colcon.colcon_core.environment:checking '/home/harry/ur3e_ws/install/ur3e_ros_action' for CMake module files
[1.002s] DEBUG:colcon.colcon_core.event_handler.log_command:Invoked command in '/home/harry/ur3e_ws/src/ur3e_ros_action' returned '0': PYTHONPATH=/home/harry/ur3e_ws/build/ur3e_ros_action/prefix_override:/home/harry/ur3e_ws/install/ur3e_ros_action/lib/python3.10/site-packages:${PYTHONPATH} /usr/bin/python3 -W ignore:setup.py install is deprecated setup.py egg_info --egg-base ../../build/ur3e_ros_action build --build-base /home/harry/ur3e_ws/build/ur3e_ros_action/build install --record /home/harry/ur3e_ws/build/ur3e_ros_action/install.log --single-version-externally-managed install_data
[1.002s] Level 1:colcon.colcon_core.environment:checking '/home/harry/ur3e_ws/install/ur3e_ros_action' for CMake config files
[1.002s] Level 1:colcon.colcon_core.environment:checking '/home/harry/ur3e_ws/install/ur3e_ros_action/lib'
[1.002s] Level 1:colcon.colcon_core.environment:checking '/home/harry/ur3e_ws/install/ur3e_ros_action/bin'
[1.003s] Level 1:colcon.colcon_core.environment:checking '/home/harry/ur3e_ws/install/ur3e_ros_action/lib/pkgconfig/ur3e_ros_action.pc'
[1.003s] Level 1:colcon.colcon_core.environment:checking '/home/harry/ur3e_ws/install/ur3e_ros_action/lib/python3.10/site-packages'
[1.003s] Level 1:colcon.colcon_core.shell:create_environment_hook('ur3e_ros_action', 'pythonpath')
[1.003s] INFO:colcon.colcon_core.shell:Creating environment hook '/home/harry/ur3e_ws/install/ur3e_ros_action/share/ur3e_ros_action/hook/pythonpath.ps1'
[1.003s] INFO:colcon.colcon_core.shell:Creating environment descriptor '/home/harry/ur3e_ws/install/ur3e_ros_action/share/ur3e_ros_action/hook/pythonpath.dsv'
[1.003s] INFO:colcon.colcon_core.shell:Creating environment hook '/home/harry/ur3e_ws/install/ur3e_ros_action/share/ur3e_ros_action/hook/pythonpath.sh'
[1.004s] Level 1:colcon.colcon_core.environment:checking '/home/harry/ur3e_ws/install/ur3e_ros_action/bin'
[1.004s] Level 1:colcon.colcon_core.environment:create_environment_scripts_only(ur3e_ros_action)
[1.004s] INFO:colcon.colcon_core.shell:Creating package script '/home/harry/ur3e_ws/install/ur3e_ros_action/share/ur3e_ros_action/package.ps1'
[1.004s] INFO:colcon.colcon_core.shell:Creating package descriptor '/home/harry/ur3e_ws/install/ur3e_ros_action/share/ur3e_ros_action/package.dsv'
[1.005s] INFO:colcon.colcon_core.shell:Creating package script '/home/harry/ur3e_ws/install/ur3e_ros_action/share/ur3e_ros_action/package.sh'
[1.005s] INFO:colcon.colcon_core.shell:Creating package script '/home/harry/ur3e_ws/install/ur3e_ros_action/share/ur3e_ros_action/package.bash'
[1.005s] INFO:colcon.colcon_core.shell:Creating package script '/home/harry/ur3e_ws/install/ur3e_ros_action/share/ur3e_ros_action/package.zsh'
[1.005s] Level 1:colcon.colcon_core.environment:create_file_with_runtime_dependencies(/home/harry/ur3e_ws/install/ur3e_ros_action/share/colcon-core/packages/ur3e_ros_action)
[1.005s] DEBUG:colcon.colcon_parallel_executor.executor.parallel:closing loop
[1.006s] DEBUG:colcon.colcon_parallel_executor.executor.parallel:loop closed
[1.006s] DEBUG:colcon.colcon_parallel_executor.executor.parallel:run_until_complete finished with '0'
[1.006s] DEBUG:colcon.colcon_core.event_reactor:joining thread
[1.009s] INFO:colcon.colcon_core.plugin_system:Skipping extension 'colcon_notification.desktop_notification.terminal_notifier': Not used on non-Darwin systems
[1.009s] INFO:colcon.colcon_core.plugin_system:Skipping extension 'colcon_notification.desktop_notification.win32': Not used on non-Windows systems
[1.009s] INFO:colcon.colcon_notification.desktop_notification:Sending desktop notification using 'notify2'
[1.017s] DEBUG:colcon.colcon_core.event_reactor:joined thread
[1.017s] INFO:colcon.colcon_core.shell:Creating prefix script '/home/harry/ur3e_ws/install/local_setup.ps1'
[1.018s] INFO:colcon.colcon_core.shell:Creating prefix util module '/home/harry/ur3e_ws/install/_local_setup_util_ps1.py'
[1.019s] INFO:colcon.colcon_core.shell:Creating prefix chain script '/home/harry/ur3e_ws/install/setup.ps1'
[1.020s] INFO:colcon.colcon_core.shell:Creating prefix script '/home/harry/ur3e_ws/install/local_setup.sh'
[1.020s] INFO:colcon.colcon_core.shell:Creating prefix util module '/home/harry/ur3e_ws/install/_local_setup_util_sh.py'
[1.020s] INFO:colcon.colcon_core.shell:Creating prefix chain script '/home/harry/ur3e_ws/install/setup.sh'
[1.021s] INFO:colcon.colcon_core.shell:Creating prefix script '/home/harry/ur3e_ws/install/local_setup.bash'
[1.021s] INFO:colcon.colcon_core.shell:Creating prefix chain script '/home/harry/ur3e_ws/install/setup.bash'
[1.022s] INFO:colcon.colcon_core.shell:Creating prefix script '/home/harry/ur3e_ws/install/local_setup.zsh'
[1.022s] INFO:colcon.colcon_core.shell:Creating prefix chain script '/home/harry/ur3e_ws/install/setup.zsh'
