[0.069s] DEBUG:colcon:Command line arguments: ['/usr/bin/colcon', 'list', '-p', '--base-paths', '/home/harry/ur3e_ws']
[0.069s] DEBUG:colcon:Parsed command line arguments: Namespace(log_base=None, log_level=None, verb_name='list', build_base='build', ignore_user_meta=False, metas=['./colcon.meta'], base_paths=['/home/harry/ur3e_ws'], packages_ignore=None, packages_ignore_regex=None, paths=None, packages_up_to=None, packages_up_to_regex=None, packages_above=None, packages_above_and_dependencies=None, packages_above_depth=None, packages_select_by_dep=None, packages_skip_by_dep=None, packages_skip_up_to=None, packages_select_build_failed=False, packages_skip_build_finished=False, packages_select_test_failures=False, packages_skip_test_passed=False, packages_select=None, packages_skip=None, packages_select_regex=None, packages_skip_regex=None, packages_start=None, packages_end=None, allow_overriding=[], topological_order=False, names_only=False, paths_only=True, topological_graph=False, topological_graph_dot=False, topological_graph_density=False, topological_graph_legend=False, topological_graph_dot_cluster=False, topological_graph_dot_include_skipped=False, mixin_files=None, mixin=None, verb_parser=<colcon_mixin.mixin.mixin_argument.MixinArgumentDecorator object at 0x737897f43b50>, verb_extension=<colcon_package_information.verb.list.ListVerb object at 0x737898047b50>, main=<bound method ListVerb.main of <colcon_package_information.verb.list.ListVerb object at 0x737898047b50>>, mixin_verb=('list',))
[0.215s] Level 1:colcon.colcon_core.package_discovery:discover_packages(colcon_meta) check parameters
[0.215s] Level 1:colcon.colcon_core.package_discovery:discover_packages(recursive) check parameters
[0.215s] Level 1:colcon.colcon_core.package_discovery:discover_packages(ignore) check parameters
[0.215s] Level 1:colcon.colcon_core.package_discovery:discover_packages(path) check parameters
[0.215s] Level 1:colcon.colcon_core.package_discovery:discover_packages(recursive) discover
[0.216s] INFO:colcon.colcon_core.package_discovery:Crawling recursively for packages in '/home/harry/ur3e_ws'
[0.216s] Level 1:colcon.colcon_core.package_identification:_identify(/home/harry/ur3e_ws) by extensions ['ignore', 'ignore_ament_install']
[0.216s] Level 1:colcon.colcon_core.package_identification:_identify(/home/harry/ur3e_ws) by extension 'ignore'
[0.216s] Level 1:colcon.colcon_core.package_identification:_identify(/home/harry/ur3e_ws) by extension 'ignore_ament_install'
[0.216s] Level 1:colcon.colcon_core.package_identification:_identify(/home/harry/ur3e_ws) by extensions ['colcon_pkg']
[0.216s] Level 1:colcon.colcon_core.package_identification:_identify(/home/harry/ur3e_ws) by extension 'colcon_pkg'
[0.216s] Level 1:colcon.colcon_core.package_identification:_identify(/home/harry/ur3e_ws) by extensions ['colcon_meta']
[0.216s] Level 1:colcon.colcon_core.package_identification:_identify(/home/harry/ur3e_ws) by extension 'colcon_meta'
[0.216s] Level 1:colcon.colcon_core.package_identification:_identify(/home/harry/ur3e_ws) by extensions ['ros']
[0.216s] Level 1:colcon.colcon_core.package_identification:_identify(/home/harry/ur3e_ws) by extension 'ros'
[0.228s] Level 1:colcon.colcon_core.package_identification:_identify(/home/harry/ur3e_ws) by extensions ['cmake', 'python']
[0.228s] Level 1:colcon.colcon_core.package_identification:_identify(/home/harry/ur3e_ws) by extension 'cmake'
[0.228s] Level 1:colcon.colcon_core.package_identification:_identify(/home/harry/ur3e_ws) by extension 'python'
[0.228s] Level 1:colcon.colcon_core.package_identification:_identify(/home/harry/ur3e_ws) by extensions ['python_setup_py']
[0.228s] Level 1:colcon.colcon_core.package_identification:_identify(/home/harry/ur3e_ws) by extension 'python_setup_py'
[0.228s] Level 1:colcon.colcon_core.package_identification:_identify(/home/harry/ur3e_ws/build) by extensions ['ignore', 'ignore_ament_install']
[0.228s] Level 1:colcon.colcon_core.package_identification:_identify(/home/harry/ur3e_ws/build) by extension 'ignore'
[0.228s] Level 1:colcon.colcon_core.package_identification:_identify(/home/harry/ur3e_ws/build) ignored
[0.228s] Level 1:colcon.colcon_core.package_identification:_identify(/home/harry/ur3e_ws/include) by extensions ['ignore', 'ignore_ament_install']
[0.228s] Level 1:colcon.colcon_core.package_identification:_identify(/home/harry/ur3e_ws/include) by extension 'ignore'
[0.228s] Level 1:colcon.colcon_core.package_identification:_identify(/home/harry/ur3e_ws/include) by extension 'ignore_ament_install'
[0.228s] Level 1:colcon.colcon_core.package_identification:_identify(/home/harry/ur3e_ws/include) by extensions ['colcon_pkg']
[0.228s] Level 1:colcon.colcon_core.package_identification:_identify(/home/harry/ur3e_ws/include) by extension 'colcon_pkg'
[0.229s] Level 1:colcon.colcon_core.package_identification:_identify(/home/harry/ur3e_ws/include) by extensions ['colcon_meta']
[0.229s] Level 1:colcon.colcon_core.package_identification:_identify(/home/harry/ur3e_ws/include) by extension 'colcon_meta'
[0.229s] Level 1:colcon.colcon_core.package_identification:_identify(/home/harry/ur3e_ws/include) by extensions ['ros']
[0.229s] Level 1:colcon.colcon_core.package_identification:_identify(/home/harry/ur3e_ws/include) by extension 'ros'
[0.229s] Level 1:colcon.colcon_core.package_identification:_identify(/home/harry/ur3e_ws/include) by extensions ['cmake', 'python']
[0.229s] Level 1:colcon.colcon_core.package_identification:_identify(/home/harry/ur3e_ws/include) by extension 'cmake'
[0.229s] Level 1:colcon.colcon_core.package_identification:_identify(/home/harry/ur3e_ws/include) by extension 'python'
[0.229s] Level 1:colcon.colcon_core.package_identification:_identify(/home/harry/ur3e_ws/include) by extensions ['python_setup_py']
[0.229s] Level 1:colcon.colcon_core.package_identification:_identify(/home/harry/ur3e_ws/include) by extension 'python_setup_py'
[0.229s] Level 1:colcon.colcon_core.package_identification:_identify(/home/harry/ur3e_ws/install) by extensions ['ignore', 'ignore_ament_install']
[0.229s] Level 1:colcon.colcon_core.package_identification:_identify(/home/harry/ur3e_ws/install) by extension 'ignore'
[0.229s] Level 1:colcon.colcon_core.package_identification:_identify(/home/harry/ur3e_ws/install) ignored
[0.229s] Level 1:colcon.colcon_core.package_identification:_identify(/home/harry/ur3e_ws/log) by extensions ['ignore', 'ignore_ament_install']
[0.230s] Level 1:colcon.colcon_core.package_identification:_identify(/home/harry/ur3e_ws/log) by extension 'ignore'
[0.230s] Level 1:colcon.colcon_core.package_identification:_identify(/home/harry/ur3e_ws/log) ignored
[0.230s] Level 1:colcon.colcon_core.package_identification:_identify(/home/harry/ur3e_ws/src) by extensions ['ignore', 'ignore_ament_install']
[0.230s] Level 1:colcon.colcon_core.package_identification:_identify(/home/harry/ur3e_ws/src) by extension 'ignore'
[0.230s] Level 1:colcon.colcon_core.package_identification:_identify(/home/harry/ur3e_ws/src) by extension 'ignore_ament_install'
[0.230s] Level 1:colcon.colcon_core.package_identification:_identify(/home/harry/ur3e_ws/src) by extensions ['colcon_pkg']
[0.230s] Level 1:colcon.colcon_core.package_identification:_identify(/home/harry/ur3e_ws/src) by extension 'colcon_pkg'
[0.230s] Level 1:colcon.colcon_core.package_identification:_identify(/home/harry/ur3e_ws/src) by extensions ['colcon_meta']
[0.230s] Level 1:colcon.colcon_core.package_identification:_identify(/home/harry/ur3e_ws/src) by extension 'colcon_meta'
[0.230s] Level 1:colcon.colcon_core.package_identification:_identify(/home/harry/ur3e_ws/src) by extensions ['ros']
[0.230s] Level 1:colcon.colcon_core.package_identification:_identify(/home/harry/ur3e_ws/src) by extension 'ros'
[0.230s] Level 1:colcon.colcon_core.package_identification:_identify(/home/harry/ur3e_ws/src) by extensions ['cmake', 'python']
[0.230s] Level 1:colcon.colcon_core.package_identification:_identify(/home/harry/ur3e_ws/src) by extension 'cmake'
[0.230s] Level 1:colcon.colcon_core.package_identification:_identify(/home/harry/ur3e_ws/src) by extension 'python'
[0.230s] Level 1:colcon.colcon_core.package_identification:_identify(/home/harry/ur3e_ws/src) by extensions ['python_setup_py']
[0.230s] Level 1:colcon.colcon_core.package_identification:_identify(/home/harry/ur3e_ws/src) by extension 'python_setup_py'
[0.230s] Level 1:colcon.colcon_core.package_identification:_identify(/home/harry/ur3e_ws/src/build) by extensions ['ignore', 'ignore_ament_install']
[0.231s] Level 1:colcon.colcon_core.package_identification:_identify(/home/harry/ur3e_ws/src/build) by extension 'ignore'
[0.231s] Level 1:colcon.colcon_core.package_identification:_identify(/home/harry/ur3e_ws/src/build) ignored
[0.231s] Level 1:colcon.colcon_core.package_identification:_identify(/home/harry/ur3e_ws/src/install) by extensions ['ignore', 'ignore_ament_install']
[0.231s] Level 1:colcon.colcon_core.package_identification:_identify(/home/harry/ur3e_ws/src/install) by extension 'ignore'
[0.231s] Level 1:colcon.colcon_core.package_identification:_identify(/home/harry/ur3e_ws/src/install) ignored
[0.231s] Level 1:colcon.colcon_core.package_identification:_identify(/home/harry/ur3e_ws/src/log) by extensions ['ignore', 'ignore_ament_install']
[0.231s] Level 1:colcon.colcon_core.package_identification:_identify(/home/harry/ur3e_ws/src/log) by extension 'ignore'
[0.231s] Level 1:colcon.colcon_core.package_identification:_identify(/home/harry/ur3e_ws/src/log) ignored
[0.231s] Level 1:colcon.colcon_core.package_identification:_identify(/home/harry/ur3e_ws/src/ur3e_gazebo_sim) by extensions ['ignore', 'ignore_ament_install']
[0.231s] Level 1:colcon.colcon_core.package_identification:_identify(/home/harry/ur3e_ws/src/ur3e_gazebo_sim) by extension 'ignore'
[0.231s] Level 1:colcon.colcon_core.package_identification:_identify(/home/harry/ur3e_ws/src/ur3e_gazebo_sim) by extension 'ignore_ament_install'
[0.231s] Level 1:colcon.colcon_core.package_identification:_identify(/home/harry/ur3e_ws/src/ur3e_gazebo_sim) by extensions ['colcon_pkg']
[0.231s] Level 1:colcon.colcon_core.package_identification:_identify(/home/harry/ur3e_ws/src/ur3e_gazebo_sim) by extension 'colcon_pkg'
[0.231s] Level 1:colcon.colcon_core.package_identification:_identify(/home/harry/ur3e_ws/src/ur3e_gazebo_sim) by extensions ['colcon_meta']
[0.231s] Level 1:colcon.colcon_core.package_identification:_identify(/home/harry/ur3e_ws/src/ur3e_gazebo_sim) by extension 'colcon_meta'
[0.231s] Level 1:colcon.colcon_core.package_identification:_identify(/home/harry/ur3e_ws/src/ur3e_gazebo_sim) by extensions ['ros']
[0.232s] Level 1:colcon.colcon_core.package_identification:_identify(/home/harry/ur3e_ws/src/ur3e_gazebo_sim) by extension 'ros'
[0.234s] DEBUG:colcon.colcon_core.package_identification:Package '/home/harry/ur3e_ws/src/ur3e_gazebo_sim' with type 'ros.ament_cmake' and name 'ur3e_gazebo_sim'
[0.234s] Level 1:colcon.colcon_core.package_identification:_identify(/home/harry/ur3e_ws/src/ur3e_moveit) by extensions ['ignore', 'ignore_ament_install']
[0.234s] Level 1:colcon.colcon_core.package_identification:_identify(/home/harry/ur3e_ws/src/ur3e_moveit) by extension 'ignore'
[0.234s] Level 1:colcon.colcon_core.package_identification:_identify(/home/harry/ur3e_ws/src/ur3e_moveit) by extension 'ignore_ament_install'
[0.235s] Level 1:colcon.colcon_core.package_identification:_identify(/home/harry/ur3e_ws/src/ur3e_moveit) by extensions ['colcon_pkg']
[0.235s] Level 1:colcon.colcon_core.package_identification:_identify(/home/harry/ur3e_ws/src/ur3e_moveit) by extension 'colcon_pkg'
[0.235s] Level 1:colcon.colcon_core.package_identification:_identify(/home/harry/ur3e_ws/src/ur3e_moveit) by extensions ['colcon_meta']
[0.235s] Level 1:colcon.colcon_core.package_identification:_identify(/home/harry/ur3e_ws/src/ur3e_moveit) by extension 'colcon_meta'
[0.235s] Level 1:colcon.colcon_core.package_identification:_identify(/home/harry/ur3e_ws/src/ur3e_moveit) by extensions ['ros']
[0.235s] Level 1:colcon.colcon_core.package_identification:_identify(/home/harry/ur3e_ws/src/ur3e_moveit) by extension 'ros'
[0.236s] DEBUG:colcon.colcon_core.package_identification:Package '/home/harry/ur3e_ws/src/ur3e_moveit' with type 'ros.ament_cmake' and name 'ur3e_moveit'
[0.236s] Level 1:colcon.colcon_core.package_identification:_identify(/home/harry/ur3e_ws/src/ur3e_moveit_config) by extensions ['ignore', 'ignore_ament_install']
[0.236s] Level 1:colcon.colcon_core.package_identification:_identify(/home/harry/ur3e_ws/src/ur3e_moveit_config) by extension 'ignore'
[0.236s] Level 1:colcon.colcon_core.package_identification:_identify(/home/harry/ur3e_ws/src/ur3e_moveit_config) by extension 'ignore_ament_install'
[0.236s] Level 1:colcon.colcon_core.package_identification:_identify(/home/harry/ur3e_ws/src/ur3e_moveit_config) by extensions ['colcon_pkg']
[0.236s] Level 1:colcon.colcon_core.package_identification:_identify(/home/harry/ur3e_ws/src/ur3e_moveit_config) by extension 'colcon_pkg'
[0.236s] Level 1:colcon.colcon_core.package_identification:_identify(/home/harry/ur3e_ws/src/ur3e_moveit_config) by extensions ['colcon_meta']
[0.236s] Level 1:colcon.colcon_core.package_identification:_identify(/home/harry/ur3e_ws/src/ur3e_moveit_config) by extension 'colcon_meta'
[0.236s] Level 1:colcon.colcon_core.package_identification:_identify(/home/harry/ur3e_ws/src/ur3e_moveit_config) by extensions ['ros']
[0.236s] Level 1:colcon.colcon_core.package_identification:_identify(/home/harry/ur3e_ws/src/ur3e_moveit_config) by extension 'ros'
[0.237s] DEBUG:colcon.colcon_core.package_identification:Package '/home/harry/ur3e_ws/src/ur3e_moveit_config' with type 'ros.ament_cmake' and name 'ur3e_moveit_config'
[0.237s] Level 1:colcon.colcon_core.package_identification:_identify(/home/harry/ur3e_ws/src/ur3e_new_moveit_config) by extensions ['ignore', 'ignore_ament_install']
[0.237s] Level 1:colcon.colcon_core.package_identification:_identify(/home/harry/ur3e_ws/src/ur3e_new_moveit_config) by extension 'ignore'
[0.237s] Level 1:colcon.colcon_core.package_identification:_identify(/home/harry/ur3e_ws/src/ur3e_new_moveit_config) by extension 'ignore_ament_install'
[0.237s] Level 1:colcon.colcon_core.package_identification:_identify(/home/harry/ur3e_ws/src/ur3e_new_moveit_config) by extensions ['colcon_pkg']
[0.237s] Level 1:colcon.colcon_core.package_identification:_identify(/home/harry/ur3e_ws/src/ur3e_new_moveit_config) by extension 'colcon_pkg'
[0.237s] Level 1:colcon.colcon_core.package_identification:_identify(/home/harry/ur3e_ws/src/ur3e_new_moveit_config) by extensions ['colcon_meta']
[0.237s] Level 1:colcon.colcon_core.package_identification:_identify(/home/harry/ur3e_ws/src/ur3e_new_moveit_config) by extension 'colcon_meta'
[0.237s] Level 1:colcon.colcon_core.package_identification:_identify(/home/harry/ur3e_ws/src/ur3e_new_moveit_config) by extensions ['ros']
[0.237s] Level 1:colcon.colcon_core.package_identification:_identify(/home/harry/ur3e_ws/src/ur3e_new_moveit_config) by extension 'ros'
[0.238s] DEBUG:colcon.colcon_core.package_identification:Package '/home/harry/ur3e_ws/src/ur3e_new_moveit_config' with type 'ros.ament_cmake' and name 'ur3e_new_moveit_config'
[0.238s] Level 1:colcon.colcon_core.package_identification:_identify(/home/harry/ur3e_ws/src/ur3e_ros_action) by extensions ['ignore', 'ignore_ament_install']
[0.238s] Level 1:colcon.colcon_core.package_identification:_identify(/home/harry/ur3e_ws/src/ur3e_ros_action) by extension 'ignore'
[0.238s] Level 1:colcon.colcon_core.package_identification:_identify(/home/harry/ur3e_ws/src/ur3e_ros_action) by extension 'ignore_ament_install'
[0.238s] Level 1:colcon.colcon_core.package_identification:_identify(/home/harry/ur3e_ws/src/ur3e_ros_action) by extensions ['colcon_pkg']
[0.238s] Level 1:colcon.colcon_core.package_identification:_identify(/home/harry/ur3e_ws/src/ur3e_ros_action) by extension 'colcon_pkg'
[0.239s] Level 1:colcon.colcon_core.package_identification:_identify(/home/harry/ur3e_ws/src/ur3e_ros_action) by extensions ['colcon_meta']
[0.239s] Level 1:colcon.colcon_core.package_identification:_identify(/home/harry/ur3e_ws/src/ur3e_ros_action) by extension 'colcon_meta'
[0.239s] Level 1:colcon.colcon_core.package_identification:_identify(/home/harry/ur3e_ws/src/ur3e_ros_action) by extensions ['ros']
[0.239s] Level 1:colcon.colcon_core.package_identification:_identify(/home/harry/ur3e_ws/src/ur3e_ros_action) by extension 'ros'
[0.239s] DEBUG:colcon.colcon_core.package_identification:Package '/home/harry/ur3e_ws/src/ur3e_ros_action' with type 'ros.ament_python' and name 'ur3e_ros_action'
[0.239s] Level 1:colcon.colcon_core.package_identification:_identify(/home/harry/ur3e_ws/src/ur3e_ros_action_cpp) by extensions ['ignore', 'ignore_ament_install']
[0.239s] Level 1:colcon.colcon_core.package_identification:_identify(/home/harry/ur3e_ws/src/ur3e_ros_action_cpp) by extension 'ignore'
[0.239s] Level 1:colcon.colcon_core.package_identification:_identify(/home/harry/ur3e_ws/src/ur3e_ros_action_cpp) by extension 'ignore_ament_install'
[0.239s] Level 1:colcon.colcon_core.package_identification:_identify(/home/harry/ur3e_ws/src/ur3e_ros_action_cpp) by extensions ['colcon_pkg']
[0.239s] Level 1:colcon.colcon_core.package_identification:_identify(/home/harry/ur3e_ws/src/ur3e_ros_action_cpp) by extension 'colcon_pkg'
[0.239s] Level 1:colcon.colcon_core.package_identification:_identify(/home/harry/ur3e_ws/src/ur3e_ros_action_cpp) by extensions ['colcon_meta']
[0.239s] Level 1:colcon.colcon_core.package_identification:_identify(/home/harry/ur3e_ws/src/ur3e_ros_action_cpp) by extension 'colcon_meta'
[0.240s] Level 1:colcon.colcon_core.package_identification:_identify(/home/harry/ur3e_ws/src/ur3e_ros_action_cpp) by extensions ['ros']
[0.240s] Level 1:colcon.colcon_core.package_identification:_identify(/home/harry/ur3e_ws/src/ur3e_ros_action_cpp) by extension 'ros'
[0.240s] DEBUG:colcon.colcon_core.package_identification:Package '/home/harry/ur3e_ws/src/ur3e_ros_action_cpp' with type 'ros.ament_cmake' and name 'ur3e_ros_action_cpp'
[0.240s] Level 1:colcon.colcon_core.package_identification:_identify(/home/harry/ur3e_ws/src/ur3e_ros_data) by extensions ['ignore', 'ignore_ament_install']
[0.241s] Level 1:colcon.colcon_core.package_identification:_identify(/home/harry/ur3e_ws/src/ur3e_ros_data) by extension 'ignore'
[0.241s] Level 1:colcon.colcon_core.package_identification:_identify(/home/harry/ur3e_ws/src/ur3e_ros_data) by extension 'ignore_ament_install'
[0.241s] Level 1:colcon.colcon_core.package_identification:_identify(/home/harry/ur3e_ws/src/ur3e_ros_data) by extensions ['colcon_pkg']
[0.241s] Level 1:colcon.colcon_core.package_identification:_identify(/home/harry/ur3e_ws/src/ur3e_ros_data) by extension 'colcon_pkg'
[0.241s] Level 1:colcon.colcon_core.package_identification:_identify(/home/harry/ur3e_ws/src/ur3e_ros_data) by extensions ['colcon_meta']
[0.241s] Level 1:colcon.colcon_core.package_identification:_identify(/home/harry/ur3e_ws/src/ur3e_ros_data) by extension 'colcon_meta'
[0.241s] Level 1:colcon.colcon_core.package_identification:_identify(/home/harry/ur3e_ws/src/ur3e_ros_data) by extensions ['ros']
[0.241s] Level 1:colcon.colcon_core.package_identification:_identify(/home/harry/ur3e_ws/src/ur3e_ros_data) by extension 'ros'
[0.242s] DEBUG:colcon.colcon_core.package_identification:Package '/home/harry/ur3e_ws/src/ur3e_ros_data' with type 'ros.ament_cmake' and name 'ur3e_ros_data'
[0.242s] Level 1:colcon.colcon_core.package_identification:_identify(/home/harry/ur3e_ws/src/ur_description) by extensions ['ignore', 'ignore_ament_install']
[0.242s] Level 1:colcon.colcon_core.package_identification:_identify(/home/harry/ur3e_ws/src/ur_description) by extension 'ignore'
[0.242s] Level 1:colcon.colcon_core.package_identification:_identify(/home/harry/ur3e_ws/src/ur_description) by extension 'ignore_ament_install'
[0.242s] Level 1:colcon.colcon_core.package_identification:_identify(/home/harry/ur3e_ws/src/ur_description) by extensions ['colcon_pkg']
[0.242s] Level 1:colcon.colcon_core.package_identification:_identify(/home/harry/ur3e_ws/src/ur_description) by extension 'colcon_pkg'
[0.242s] Level 1:colcon.colcon_core.package_identification:_identify(/home/harry/ur3e_ws/src/ur_description) by extensions ['colcon_meta']
[0.242s] Level 1:colcon.colcon_core.package_identification:_identify(/home/harry/ur3e_ws/src/ur_description) by extension 'colcon_meta'
[0.242s] Level 1:colcon.colcon_core.package_identification:_identify(/home/harry/ur3e_ws/src/ur_description) by extensions ['ros']
[0.242s] Level 1:colcon.colcon_core.package_identification:_identify(/home/harry/ur3e_ws/src/ur_description) by extension 'ros'
[0.242s] Level 1:colcon.colcon_core.package_identification:_identify(/home/harry/ur3e_ws/src/ur_description) by extensions ['cmake', 'python']
[0.242s] Level 1:colcon.colcon_core.package_identification:_identify(/home/harry/ur3e_ws/src/ur_description) by extension 'cmake'
[0.242s] Level 1:colcon.colcon_core.package_identification:_identify(/home/harry/ur3e_ws/src/ur_description) by extension 'python'
[0.242s] Level 1:colcon.colcon_core.package_identification:_identify(/home/harry/ur3e_ws/src/ur_description) by extensions ['python_setup_py']
[0.242s] Level 1:colcon.colcon_core.package_identification:_identify(/home/harry/ur3e_ws/src/ur_description) by extension 'python_setup_py'
[0.243s] Level 1:colcon.colcon_core.package_identification:_identify(/home/harry/ur3e_ws/src/ur_description/Universal_Robots_ROS2_Description) by extensions ['ignore', 'ignore_ament_install']
[0.243s] Level 1:colcon.colcon_core.package_identification:_identify(/home/harry/ur3e_ws/src/ur_description/Universal_Robots_ROS2_Description) by extension 'ignore'
[0.243s] Level 1:colcon.colcon_core.package_identification:_identify(/home/harry/ur3e_ws/src/ur_description/Universal_Robots_ROS2_Description) by extension 'ignore_ament_install'
[0.243s] Level 1:colcon.colcon_core.package_identification:_identify(/home/harry/ur3e_ws/src/ur_description/Universal_Robots_ROS2_Description) by extensions ['colcon_pkg']
[0.243s] Level 1:colcon.colcon_core.package_identification:_identify(/home/harry/ur3e_ws/src/ur_description/Universal_Robots_ROS2_Description) by extension 'colcon_pkg'
[0.243s] Level 1:colcon.colcon_core.package_identification:_identify(/home/harry/ur3e_ws/src/ur_description/Universal_Robots_ROS2_Description) by extensions ['colcon_meta']
[0.243s] Level 1:colcon.colcon_core.package_identification:_identify(/home/harry/ur3e_ws/src/ur_description/Universal_Robots_ROS2_Description) by extension 'colcon_meta'
[0.243s] Level 1:colcon.colcon_core.package_identification:_identify(/home/harry/ur3e_ws/src/ur_description/Universal_Robots_ROS2_Description) by extensions ['ros']
[0.243s] Level 1:colcon.colcon_core.package_identification:_identify(/home/harry/ur3e_ws/src/ur_description/Universal_Robots_ROS2_Description) by extension 'ros'
[0.245s] DEBUG:colcon.colcon_core.package_identification:Package '/home/harry/ur3e_ws/src/ur_description/Universal_Robots_ROS2_Description' with type 'ros.ament_cmake' and name 'ur_description'
[0.245s] Level 1:colcon.colcon_core.package_discovery:discover_packages(recursive) using defaults
