[0.038s] Invoking command in '/home/harry/ur3e_ws/build/ur3e_ros_action_cpp': CMAKE_PREFIX_PATH=${CMAKE_PREFIX_PATH}:/home/harry/ur3e_ws/install/ur3e_ros_action:/home/harry/ur_ws/install/ur3e_ros_action:/opt/ros/iron /usr/bin/cmake --build /home/harry/ur3e_ws/build/ur3e_ros_action_cpp -- -j2 -l2
[0.251s] [35m[1mConsolidate compiler generated dependencies of target moveJ_action[0m
[0.361s] [ 50%] [32mBuilding CXX object CMakeFiles/moveJ_action.dir/src/moveJ_action.cpp.o[0m
[36.219s] [100%] [32m[1mLinking CXX executable moveJ_action[0m
[37.493s] [100%] Built target moveJ_action
[37.540s] Invoked command in '/home/harry/ur3e_ws/build/ur3e_ros_action_cpp' returned '0': CMAKE_PREFIX_PATH=${CMAKE_PREFIX_PATH}:/home/harry/ur3e_ws/install/ur3e_ros_action:/home/harry/ur_ws/install/ur3e_ros_action:/opt/ros/iron /usr/bin/cmake --build /home/harry/ur3e_ws/build/ur3e_ros_action_cpp -- -j2 -l2
[37.677s] Invoking command in '/home/harry/ur3e_ws/build/ur3e_ros_action_cpp': CMAKE_PREFIX_PATH=${CMAKE_PREFIX_PATH}:/home/harry/ur3e_ws/install/ur3e_ros_action:/home/harry/ur_ws/install/ur3e_ros_action:/opt/ros/iron /usr/bin/cmake --install /home/harry/ur3e_ws/build/ur3e_ros_action_cpp
[37.702s] -- Install configuration: ""
[37.704s] -- Installing: /home/harry/ur3e_ws/install/ur3e_ros_action_cpp/lib/ur3e_ros_action_cpp/moveJ_action
[37.706s] -- Set runtime path of "/home/harry/ur3e_ws/install/ur3e_ros_action_cpp/lib/ur3e_ros_action_cpp/moveJ_action" to ""
[37.707s] -- Up-to-date: /home/harry/ur3e_ws/install/ur3e_ros_action_cpp/share/ament_index/resource_index/package_run_dependencies/ur3e_ros_action_cpp
[37.708s] -- Up-to-date: /home/harry/ur3e_ws/install/ur3e_ros_action_cpp/share/ament_index/resource_index/parent_prefix_path/ur3e_ros_action_cpp
[37.708s] -- Up-to-date: /home/harry/ur3e_ws/install/ur3e_ros_action_cpp/share/ur3e_ros_action_cpp/environment/ament_prefix_path.sh
[37.709s] -- Up-to-date: /home/harry/ur3e_ws/install/ur3e_ros_action_cpp/share/ur3e_ros_action_cpp/environment/ament_prefix_path.dsv
[37.710s] -- Up-to-date: /home/harry/ur3e_ws/install/ur3e_ros_action_cpp/share/ur3e_ros_action_cpp/environment/path.sh
[37.710s] -- Up-to-date: /home/harry/ur3e_ws/install/ur3e_ros_action_cpp/share/ur3e_ros_action_cpp/environment/path.dsv
[37.711s] -- Up-to-date: /home/harry/ur3e_ws/install/ur3e_ros_action_cpp/share/ur3e_ros_action_cpp/local_setup.bash
[37.712s] -- Up-to-date: /home/harry/ur3e_ws/install/ur3e_ros_action_cpp/share/ur3e_ros_action_cpp/local_setup.sh
[37.712s] -- Up-to-date: /home/harry/ur3e_ws/install/ur3e_ros_action_cpp/share/ur3e_ros_action_cpp/local_setup.zsh
[37.713s] -- Up-to-date: /home/harry/ur3e_ws/install/ur3e_ros_action_cpp/share/ur3e_ros_action_cpp/local_setup.dsv
[37.713s] -- Installing: /home/harry/ur3e_ws/install/ur3e_ros_action_cpp/share/ur3e_ros_action_cpp/package.dsv
[37.714s] -- Up-to-date: /home/harry/ur3e_ws/install/ur3e_ros_action_cpp/share/ament_index/resource_index/packages/ur3e_ros_action_cpp
[37.715s] -- Up-to-date: /home/harry/ur3e_ws/install/ur3e_ros_action_cpp/share/ur3e_ros_action_cpp/cmake/ur3e_ros_action_cppConfig.cmake
[37.715s] -- Up-to-date: /home/harry/ur3e_ws/install/ur3e_ros_action_cpp/share/ur3e_ros_action_cpp/cmake/ur3e_ros_action_cppConfig-version.cmake
[37.717s] -- Up-to-date: /home/harry/ur3e_ws/install/ur3e_ros_action_cpp/share/ur3e_ros_action_cpp/package.xml
[37.726s] Invoked command in '/home/harry/ur3e_ws/build/ur3e_ros_action_cpp' returned '0': CMAKE_PREFIX_PATH=${CMAKE_PREFIX_PATH}:/home/harry/ur3e_ws/install/ur3e_ros_action:/home/harry/ur_ws/install/ur3e_ros_action:/opt/ros/iron /usr/bin/cmake --install /home/harry/ur3e_ws/build/ur3e_ros_action_cpp
