-- Found ament_cmake: 2.0.4 (/opt/ros/iron/share/ament_cmake/cmake)
-- Found rosidl_default_generators: 1.5.0 (/opt/ros/iron/share/rosidl_default_generators/cmake)
-- Using all available rosidl_typesupport_c: rosidl_typesupport_fastrtps_c;rosidl_typesupport_introspection_c
-- Using all available rosidl_typesupport_cpp: rosidl_typesupport_fastrtps_cpp;rosidl_typesupport_introspection_cpp
-- Found rosidl_adapter: 4.0.1 (/opt/ros/iron/share/rosidl_adapter/cmake)
-- Found ament_cmake_ros: 0.11.2 (/opt/ros/iron/share/ament_cmake_ros/cmake)
-- Using all available rosidl_typesupport_c: rosidl_typesupport_fastrtps_c;rosidl_typesupport_introspection_c
-- Using all available rosidl_typesupport_cpp: rosidl_typesupport_fastrtps_cpp;rosidl_typesupport_introspection_cpp
-- Found python_cmake_module: 0.10.2 (/opt/ros/iron/share/python_cmake_module/cmake)
-- Using PYTHON_EXECUTABLE: /usr/bin/python3
-- Using PYTHON_INCLUDE_DIRS: /usr/include/python3.10
-- Using PYTHON_LIBRARIES: /usr/lib/x86_64-linux-gnu/libpython3.10.so
-- Found ament_lint_auto: 0.14.3 (/opt/ros/iron/share/ament_lint_auto/cmake)
-- Added test 'lint_cmake' to check CMake code style
-- Added test 'xmllint' to check XML markup files
-- Configuring done
-- Generating done
-- Build files have been written to: /home/harry/ur_ws/build/ur3e_ros_data
[  2%] Built target ur3e_ros_data__rosidl_generator_type_description
[  2%] Built target ament_cmake_python_copy_ur3e_ros_data
[35m[1mConsolidate compiler generated dependencies of target ur3e_ros_data__rosidl_generator_c[0m
[  4%] Built target ur3e_ros_data__cpp
[ 22%] Built target ur3e_ros_data__rosidl_generator_c
[35m[1mConsolidate compiler generated dependencies of target ur3e_ros_data__rosidl_typesupport_cpp[0m
[ 31%] Built target ur3e_ros_data__rosidl_typesupport_cpp
[35m[1mConsolidate compiler generated dependencies of target ur3e_ros_data__rosidl_typesupport_fastrtps_c[0m
[ 40%] Built target ur3e_ros_data__rosidl_typesupport_fastrtps_c
[35m[1mConsolidate compiler generated dependencies of target ur3e_ros_data__rosidl_typesupport_introspection_c[0m
[ 50%] Built target ur3e_ros_data__rosidl_typesupport_introspection_c
[35m[1mConsolidate compiler generated dependencies of target ur3e_ros_data__rosidl_typesupport_c[0m
[ 59%] Built target ur3e_ros_data__rosidl_typesupport_c
[35m[1mConsolidate compiler generated dependencies of target ur3e_ros_data__rosidl_typesupport_fastrtps_cpp[0m
[ 68%] Built target ur3e_ros_data__rosidl_typesupport_fastrtps_cpp
[35m[1mConsolidate compiler generated dependencies of target ur3e_ros_data__rosidl_typesupport_introspection_cpp[0m
[ 77%] Built target ur3e_ros_data__rosidl_typesupport_introspection_cpp
[ 77%] Built target ur3e_ros_data
[ 79%] Built target ur3e_ros_data__py
[35m[1mConsolidate compiler generated dependencies of target ur3e_ros_data__rosidl_generator_py[0m
[ 86%] Built target ur3e_ros_data__rosidl_generator_py
[35m[1mConsolidate compiler generated dependencies of target ur3e_ros_data__rosidl_typesupport_fastrtps_c__pyext[0m
[ 90%] Built target ur3e_ros_data__rosidl_typesupport_fastrtps_c__pyext
[35m[1mConsolidate compiler generated dependencies of target ur3e_ros_data__rosidl_typesupport_introspection_c__pyext[0m
[ 95%] Built target ur3e_ros_data__rosidl_typesupport_introspection_c__pyext
[35m[1mConsolidate compiler generated dependencies of target ur3e_ros_data__rosidl_typesupport_c__pyext[0m
[100%] Built target ur3e_ros_data__rosidl_typesupport_c__pyext
running egg_info
writing ur3e_ros_data.egg-info/PKG-INFO
writing dependency_links to ur3e_ros_data.egg-info/dependency_links.txt
writing top-level names to ur3e_ros_data.egg-info/top_level.txt
reading manifest file 'ur3e_ros_data.egg-info/SOURCES.txt'
writing manifest file 'ur3e_ros_data.egg-info/SOURCES.txt'
[100%] Built target ament_cmake_python_build_ur3e_ros_data_egg
-- Install configuration: ""
-- Up-to-date: /home/harry/ur_ws/install/ur3e_ros_data/share/ament_index/resource_index/rosidl_interfaces/ur3e_ros_data
-- Up-to-date: /home/harry/ur_ws/install/ur3e_ros_data/share/ur3e_ros_data/msg/JointPose.json
-- Up-to-date: /home/harry/ur_ws/install/ur3e_ros_data/share/ur3e_ros_data/action/MoveJ.json
-- Up-to-date: /home/harry/ur_ws/install/ur3e_ros_data/include/ur3e_ros_data/ur3e_ros_data
-- Up-to-date: /home/harry/ur_ws/install/ur3e_ros_data/include/ur3e_ros_data/ur3e_ros_data/action
-- Up-to-date: /home/harry/ur_ws/install/ur3e_ros_data/include/ur3e_ros_data/ur3e_ros_data/action/detail
-- Up-to-date: /home/harry/ur_ws/install/ur3e_ros_data/include/ur3e_ros_data/ur3e_ros_data/action/detail/move_j__functions.c
-- Up-to-date: /home/harry/ur_ws/install/ur3e_ros_data/include/ur3e_ros_data/ur3e_ros_data/action/detail/move_j__functions.h
-- Up-to-date: /home/harry/ur_ws/install/ur3e_ros_data/include/ur3e_ros_data/ur3e_ros_data/action/detail/move_j__type_support.h
-- Up-to-date: /home/harry/ur_ws/install/ur3e_ros_data/include/ur3e_ros_data/ur3e_ros_data/action/detail/move_j__struct.h
-- Installing: /home/harry/ur_ws/install/ur3e_ros_data/include/ur3e_ros_data/ur3e_ros_data/action/detail/move_j__type_support.c
-- Up-to-date: /home/harry/ur_ws/install/ur3e_ros_data/include/ur3e_ros_data/ur3e_ros_data/action/detail/move_j__description.c
-- Up-to-date: /home/harry/ur_ws/install/ur3e_ros_data/include/ur3e_ros_data/ur3e_ros_data/action/move_j.h
-- Up-to-date: /home/harry/ur_ws/install/ur3e_ros_data/include/ur3e_ros_data/ur3e_ros_data/msg
-- Up-to-date: /home/harry/ur_ws/install/ur3e_ros_data/include/ur3e_ros_data/ur3e_ros_data/msg/detail
-- Up-to-date: /home/harry/ur_ws/install/ur3e_ros_data/include/ur3e_ros_data/ur3e_ros_data/msg/detail/joint_pose__struct.h
-- Up-to-date: /home/harry/ur_ws/install/ur3e_ros_data/include/ur3e_ros_data/ur3e_ros_data/msg/detail/joint_pose__functions.h
-- Up-to-date: /home/harry/ur_ws/install/ur3e_ros_data/include/ur3e_ros_data/ur3e_ros_data/msg/detail/joint_pose__type_support.h
-- Up-to-date: /home/harry/ur_ws/install/ur3e_ros_data/include/ur3e_ros_data/ur3e_ros_data/msg/detail/joint_pose__description.c
-- Installing: /home/harry/ur_ws/install/ur3e_ros_data/include/ur3e_ros_data/ur3e_ros_data/msg/detail/joint_pose__type_support.c
-- Up-to-date: /home/harry/ur_ws/install/ur3e_ros_data/include/ur3e_ros_data/ur3e_ros_data/msg/detail/joint_pose__functions.c
-- Up-to-date: /home/harry/ur_ws/install/ur3e_ros_data/include/ur3e_ros_data/ur3e_ros_data/msg/rosidl_generator_c__visibility_control.h
-- Up-to-date: /home/harry/ur_ws/install/ur3e_ros_data/include/ur3e_ros_data/ur3e_ros_data/msg/joint_pose.h
-- Up-to-date: /home/harry/ur_ws/install/ur3e_ros_data/share/ur3e_ros_data/environment/library_path.sh
-- Up-to-date: /home/harry/ur_ws/install/ur3e_ros_data/share/ur3e_ros_data/environment/library_path.dsv
-- Up-to-date: /home/harry/ur_ws/install/ur3e_ros_data/lib/libur3e_ros_data__rosidl_generator_c.so
-- Up-to-date: /home/harry/ur_ws/install/ur3e_ros_data/include/ur3e_ros_data/ur3e_ros_data
-- Up-to-date: /home/harry/ur_ws/install/ur3e_ros_data/include/ur3e_ros_data/ur3e_ros_data/action
-- Up-to-date: /home/harry/ur_ws/install/ur3e_ros_data/include/ur3e_ros_data/ur3e_ros_data/action/detail
-- Up-to-date: /home/harry/ur_ws/install/ur3e_ros_data/include/ur3e_ros_data/ur3e_ros_data/action/detail/move_j__rosidl_typesupport_fastrtps_c.h
-- Up-to-date: /home/harry/ur_ws/install/ur3e_ros_data/include/ur3e_ros_data/ur3e_ros_data/msg
-- Up-to-date: /home/harry/ur_ws/install/ur3e_ros_data/include/ur3e_ros_data/ur3e_ros_data/msg/detail
-- Up-to-date: /home/harry/ur_ws/install/ur3e_ros_data/include/ur3e_ros_data/ur3e_ros_data/msg/detail/joint_pose__rosidl_typesupport_fastrtps_c.h
-- Up-to-date: /home/harry/ur_ws/install/ur3e_ros_data/include/ur3e_ros_data/ur3e_ros_data/msg/rosidl_typesupport_fastrtps_c__visibility_control.h
-- Up-to-date: /home/harry/ur_ws/install/ur3e_ros_data/lib/libur3e_ros_data__rosidl_typesupport_fastrtps_c.so
-- Up-to-date: /home/harry/ur_ws/install/ur3e_ros_data/include/ur3e_ros_data/ur3e_ros_data
-- Up-to-date: /home/harry/ur_ws/install/ur3e_ros_data/include/ur3e_ros_data/ur3e_ros_data/action
-- Up-to-date: /home/harry/ur_ws/install/ur3e_ros_data/include/ur3e_ros_data/ur3e_ros_data/action/detail
-- Up-to-date: /home/harry/ur_ws/install/ur3e_ros_data/include/ur3e_ros_data/ur3e_ros_data/action/detail/move_j__rosidl_typesupport_introspection_c.h
-- Installing: /home/harry/ur_ws/install/ur3e_ros_data/include/ur3e_ros_data/ur3e_ros_data/action/detail/move_j__type_support.c
-- Up-to-date: /home/harry/ur_ws/install/ur3e_ros_data/include/ur3e_ros_data/ur3e_ros_data/msg
-- Up-to-date: /home/harry/ur_ws/install/ur3e_ros_data/include/ur3e_ros_data/ur3e_ros_data/msg/detail
-- Up-to-date: /home/harry/ur_ws/install/ur3e_ros_data/include/ur3e_ros_data/ur3e_ros_data/msg/detail/joint_pose__rosidl_typesupport_introspection_c.h
-- Installing: /home/harry/ur_ws/install/ur3e_ros_data/include/ur3e_ros_data/ur3e_ros_data/msg/detail/joint_pose__type_support.c
-- Up-to-date: /home/harry/ur_ws/install/ur3e_ros_data/include/ur3e_ros_data/ur3e_ros_data/msg/rosidl_typesupport_introspection_c__visibility_control.h
-- Up-to-date: /home/harry/ur_ws/install/ur3e_ros_data/lib/libur3e_ros_data__rosidl_typesupport_introspection_c.so
-- Up-to-date: /home/harry/ur_ws/install/ur3e_ros_data/lib/libur3e_ros_data__rosidl_typesupport_c.so
-- Up-to-date: /home/harry/ur_ws/install/ur3e_ros_data/include/ur3e_ros_data/ur3e_ros_data
-- Up-to-date: /home/harry/ur_ws/install/ur3e_ros_data/include/ur3e_ros_data/ur3e_ros_data/action
-- Up-to-date: /home/harry/ur_ws/install/ur3e_ros_data/include/ur3e_ros_data/ur3e_ros_data/action/detail
-- Up-to-date: /home/harry/ur_ws/install/ur3e_ros_data/include/ur3e_ros_data/ur3e_ros_data/action/detail/move_j__builder.hpp
-- Up-to-date: /home/harry/ur_ws/install/ur3e_ros_data/include/ur3e_ros_data/ur3e_ros_data/action/detail/move_j__struct.hpp
-- Up-to-date: /home/harry/ur_ws/install/ur3e_ros_data/include/ur3e_ros_data/ur3e_ros_data/action/detail/move_j__traits.hpp
-- Up-to-date: /home/harry/ur_ws/install/ur3e_ros_data/include/ur3e_ros_data/ur3e_ros_data/action/move_j.hpp
-- Up-to-date: /home/harry/ur_ws/install/ur3e_ros_data/include/ur3e_ros_data/ur3e_ros_data/msg
-- Up-to-date: /home/harry/ur_ws/install/ur3e_ros_data/include/ur3e_ros_data/ur3e_ros_data/msg/detail
-- Up-to-date: /home/harry/ur_ws/install/ur3e_ros_data/include/ur3e_ros_data/ur3e_ros_data/msg/detail/joint_pose__builder.hpp
-- Up-to-date: /home/harry/ur_ws/install/ur3e_ros_data/include/ur3e_ros_data/ur3e_ros_data/msg/detail/joint_pose__traits.hpp
-- Up-to-date: /home/harry/ur_ws/install/ur3e_ros_data/include/ur3e_ros_data/ur3e_ros_data/msg/detail/joint_pose__struct.hpp
-- Up-to-date: /home/harry/ur_ws/install/ur3e_ros_data/include/ur3e_ros_data/ur3e_ros_data/msg/joint_pose.hpp
-- Up-to-date: /home/harry/ur_ws/install/ur3e_ros_data/include/ur3e_ros_data/ur3e_ros_data
-- Up-to-date: /home/harry/ur_ws/install/ur3e_ros_data/include/ur3e_ros_data/ur3e_ros_data/action
-- Up-to-date: /home/harry/ur_ws/install/ur3e_ros_data/include/ur3e_ros_data/ur3e_ros_data/action/detail
-- Up-to-date: /home/harry/ur_ws/install/ur3e_ros_data/include/ur3e_ros_data/ur3e_ros_data/action/detail/dds_fastrtps
