[0.038s] Invoking command in '/home/harry/ur3e_ws/build/ur3e_ros_data': CMAKE_PREFIX_PATH=${CMAKE_PREFIX_PATH}:/home/harry/ur3e_ws/install/ur3e_ros_action:/home/harry/ur_ws/install/ur3e_ros_action:/opt/ros/iron /usr/bin/cmake --build /home/harry/ur3e_ws/build/ur3e_ros_data -- -j2 -l2
[0.151s] -- Found ament_cmake: 2.0.4 (/opt/ros/iron/share/ament_cmake/cmake)
[0.739s] -- Found rosidl_default_generators: 1.5.0 (/opt/ros/iron/share/rosidl_default_generators/cmake)
[0.749s] -- Using all available rosidl_typesupport_c: rosidl_typesupport_fastrtps_c;rosidl_typesupport_introspection_c
[0.895s] -- Using all available rosidl_typesupport_cpp: rosidl_typesupport_fastrtps_cpp;rosidl_typesupport_introspection_cpp
[1.006s] -- Found rosidl_adapter: 4.0.1 (/opt/ros/iron/share/rosidl_adapter/cmake)
[2.973s] -- Found ament_cmake_ros: 0.11.2 (/opt/ros/iron/share/ament_cmake_ros/cmake)
[3.626s] -- Using all available rosidl_typesupport_c: rosidl_typesupport_fastrtps_c;rosidl_typesupport_introspection_c
[4.609s] -- Using all available rosidl_typesupport_cpp: rosidl_typesupport_fastrtps_cpp;rosidl_typesupport_introspection_cpp
[4.685s] -- Found python_cmake_module: 0.10.2 (/opt/ros/iron/share/python_cmake_module/cmake)
[4.783s] -- Using PYTHON_EXECUTABLE: /usr/bin/python3
[4.783s] -- Using PYTHON_INCLUDE_DIRS: /usr/include/python3.10
[4.785s] -- Using PYTHON_LIBRARIES: /usr/lib/x86_64-linux-gnu/libpython3.10.so
[4.885s] -- Found ament_lint_auto: 0.14.3 (/opt/ros/iron/share/ament_lint_auto/cmake)
[4.958s] -- Added test 'lint_cmake' to check CMake code style
[4.960s] -- Added test 'xmllint' to check XML markup files
[4.965s] -- Configuring done
[5.099s] -- Generating done
[5.117s] -- Build files have been written to: /home/harry/ur_ws/build/ur3e_ros_data
[5.255s] [  2%] Built target ur3e_ros_data__rosidl_generator_type_description
[5.287s] [  2%] Built target ament_cmake_python_copy_ur3e_ros_data
[5.329s] [35m[1mConsolidate compiler generated dependencies of target ur3e_ros_data__rosidl_generator_c[0m
[5.340s] [  4%] Built target ur3e_ros_data__cpp
[5.382s] [ 22%] Built target ur3e_ros_data__rosidl_generator_c
[5.427s] [35m[1mConsolidate compiler generated dependencies of target ur3e_ros_data__rosidl_typesupport_cpp[0m
[5.480s] [ 31%] Built target ur3e_ros_data__rosidl_typesupport_cpp
[5.516s] [35m[1mConsolidate compiler generated dependencies of target ur3e_ros_data__rosidl_typesupport_fastrtps_c[0m
[5.573s] [ 40%] Built target ur3e_ros_data__rosidl_typesupport_fastrtps_c
[5.625s] [35m[1mConsolidate compiler generated dependencies of target ur3e_ros_data__rosidl_typesupport_introspection_c[0m
[5.666s] [ 50%] Built target ur3e_ros_data__rosidl_typesupport_introspection_c
[5.721s] [35m[1mConsolidate compiler generated dependencies of target ur3e_ros_data__rosidl_typesupport_c[0m
[5.764s] [ 59%] Built target ur3e_ros_data__rosidl_typesupport_c
[5.821s] [35m[1mConsolidate compiler generated dependencies of target ur3e_ros_data__rosidl_typesupport_fastrtps_cpp[0m
[5.875s] [ 68%] Built target ur3e_ros_data__rosidl_typesupport_fastrtps_cpp
[5.917s] [35m[1mConsolidate compiler generated dependencies of target ur3e_ros_data__rosidl_typesupport_introspection_cpp[0m
[5.962s] [ 77%] Built target ur3e_ros_data__rosidl_typesupport_introspection_cpp
[6.038s] [ 77%] Built target ur3e_ros_data
[6.114s] [ 79%] Built target ur3e_ros_data__py
[6.157s] [35m[1mConsolidate compiler generated dependencies of target ur3e_ros_data__rosidl_generator_py[0m
[6.214s] [ 86%] Built target ur3e_ros_data__rosidl_generator_py
[6.249s] [35m[1mConsolidate compiler generated dependencies of target ur3e_ros_data__rosidl_typesupport_fastrtps_c__pyext[0m
[6.295s] [ 90%] Built target ur3e_ros_data__rosidl_typesupport_fastrtps_c__pyext
[6.345s] [35m[1mConsolidate compiler generated dependencies of target ur3e_ros_data__rosidl_typesupport_introspection_c__pyext[0m
[6.388s] [ 95%] Built target ur3e_ros_data__rosidl_typesupport_introspection_c__pyext
[6.437s] [35m[1mConsolidate compiler generated dependencies of target ur3e_ros_data__rosidl_typesupport_c__pyext[0m
[6.482s] [100%] Built target ur3e_ros_data__rosidl_typesupport_c__pyext
[6.489s] running egg_info
[6.492s] writing ur3e_ros_data.egg-info/PKG-INFO
[6.493s] writing dependency_links to ur3e_ros_data.egg-info/dependency_links.txt
[6.494s] writing top-level names to ur3e_ros_data.egg-info/top_level.txt
[6.506s] reading manifest file 'ur3e_ros_data.egg-info/SOURCES.txt'
[6.507s] writing manifest file 'ur3e_ros_data.egg-info/SOURCES.txt'
[6.625s] [100%] Built target ament_cmake_python_build_ur3e_ros_data_egg
[6.662s] Invoked command in '/home/harry/ur3e_ws/build/ur3e_ros_data' returned '0': CMAKE_PREFIX_PATH=${CMAKE_PREFIX_PATH}:/home/harry/ur3e_ws/install/ur3e_ros_action:/home/harry/ur_ws/install/ur3e_ros_action:/opt/ros/iron /usr/bin/cmake --build /home/harry/ur3e_ws/build/ur3e_ros_data -- -j2 -l2
[7.104s] Invoking command in '/home/harry/ur3e_ws/build/ur3e_ros_data': CMAKE_PREFIX_PATH=${CMAKE_PREFIX_PATH}:/home/harry/ur3e_ws/install/ur3e_ros_action:/home/harry/ur_ws/install/ur3e_ros_action:/opt/ros/iron /usr/bin/cmake --install /home/harry/ur3e_ws/build/ur3e_ros_data
[7.147s] -- Install configuration: ""
[7.148s] -- Up-to-date: /home/harry/ur_ws/install/ur3e_ros_data/share/ament_index/resource_index/rosidl_interfaces/ur3e_ros_data
[7.148s] -- Up-to-date: /home/harry/ur_ws/install/ur3e_ros_data/share/ur3e_ros_data/msg/JointPose.json
[7.148s] -- Up-to-date: /home/harry/ur_ws/install/ur3e_ros_data/share/ur3e_ros_data/action/MoveJ.json
[7.148s] -- Up-to-date: /home/harry/ur_ws/install/ur3e_ros_data/include/ur3e_ros_data/ur3e_ros_data
[7.148s] -- Up-to-date: /home/harry/ur_ws/install/ur3e_ros_data/include/ur3e_ros_data/ur3e_ros_data/action
[7.148s] -- Up-to-date: /home/harry/ur_ws/install/ur3e_ros_data/include/ur3e_ros_data/ur3e_ros_data/action/detail
[7.148s] -- Up-to-date: /home/harry/ur_ws/install/ur3e_ros_data/include/ur3e_ros_data/ur3e_ros_data/action/detail/move_j__functions.c
[7.148s] -- Up-to-date: /home/harry/ur_ws/install/ur3e_ros_data/include/ur3e_ros_data/ur3e_ros_data/action/detail/move_j__functions.h
[7.148s] -- Up-to-date: /home/harry/ur_ws/install/ur3e_ros_data/include/ur3e_ros_data/ur3e_ros_data/action/detail/move_j__type_support.h
[7.148s] -- Up-to-date: /home/harry/ur_ws/install/ur3e_ros_data/include/ur3e_ros_data/ur3e_ros_data/action/detail/move_j__struct.h
[7.148s] -- Installing: /home/harry/ur_ws/install/ur3e_ros_data/include/ur3e_ros_data/ur3e_ros_data/action/detail/move_j__type_support.c
[7.148s] -- Up-to-date: /home/harry/ur_ws/install/ur3e_ros_data/include/ur3e_ros_data/ur3e_ros_data/action/detail/move_j__description.c
[7.148s] -- Up-to-date: /home/harry/ur_ws/install/ur3e_ros_data/include/ur3e_ros_data/ur3e_ros_data/action/move_j.h
[7.148s] -- Up-to-date: /home/harry/ur_ws/install/ur3e_ros_data/include/ur3e_ros_data/ur3e_ros_data/msg
[7.148s] -- Up-to-date: /home/harry/ur_ws/install/ur3e_ros_data/include/ur3e_ros_data/ur3e_ros_data/msg/detail
[7.149s] -- Up-to-date: /home/harry/ur_ws/install/ur3e_ros_data/include/ur3e_ros_data/ur3e_ros_data/msg/detail/joint_pose__struct.h
[7.149s] -- Up-to-date: /home/harry/ur_ws/install/ur3e_ros_data/include/ur3e_ros_data/ur3e_ros_data/msg/detail/joint_pose__functions.h
[7.149s] -- Up-to-date: /home/harry/ur_ws/install/ur3e_ros_data/include/ur3e_ros_data/ur3e_ros_data/msg/detail/joint_pose__type_support.h
[7.149s] -- Up-to-date: /home/harry/ur_ws/install/ur3e_ros_data/include/ur3e_ros_data/ur3e_ros_data/msg/detail/joint_pose__description.c
[7.150s] -- Installing: /home/harry/ur_ws/install/ur3e_ros_data/include/ur3e_ros_data/ur3e_ros_data/msg/detail/joint_pose__type_support.c
[7.150s] -- Up-to-date: /home/harry/ur_ws/install/ur3e_ros_data/include/ur3e_ros_data/ur3e_ros_data/msg/detail/joint_pose__functions.c
[7.150s] -- Up-to-date: /home/harry/ur_ws/install/ur3e_ros_data/include/ur3e_ros_data/ur3e_ros_data/msg/rosidl_generator_c__visibility_control.h
[7.150s] -- Up-to-date: /home/harry/ur_ws/install/ur3e_ros_data/include/ur3e_ros_data/ur3e_ros_data/msg/joint_pose.h
[7.151s] -- Up-to-date: /home/harry/ur_ws/install/ur3e_ros_data/share/ur3e_ros_data/environment/library_path.sh
[7.151s] -- Up-to-date: /home/harry/ur_ws/install/ur3e_ros_data/share/ur3e_ros_data/environment/library_path.dsv
[7.151s] -- Up-to-date: /home/harry/ur_ws/install/ur3e_ros_data/lib/libur3e_ros_data__rosidl_generator_c.so
[7.151s] -- Up-to-date: /home/harry/ur_ws/install/ur3e_ros_data/include/ur3e_ros_data/ur3e_ros_data
[7.152s] -- Up-to-date: /home/harry/ur_ws/install/ur3e_ros_data/include/ur3e_ros_data/ur3e_ros_data/action
[7.152s] -- Up-to-date: /home/harry/ur_ws/install/ur3e_ros_data/include/ur3e_ros_data/ur3e_ros_data/action/detail
[7.152s] -- Up-to-date: /home/harry/ur_ws/install/ur3e_ros_data/include/ur3e_ros_data/ur3e_ros_data/action/detail/move_j__rosidl_typesupport_fastrtps_c.h
[7.152s] -- Up-to-date: /home/harry/ur_ws/install/ur3e_ros_data/include/ur3e_ros_data/ur3e_ros_data/msg
[7.152s] -- Up-to-date: /home/harry/ur_ws/install/ur3e_ros_data/include/ur3e_ros_data/ur3e_ros_data/msg/detail
[7.153s] -- Up-to-date: /home/harry/ur_ws/install/ur3e_ros_data/include/ur3e_ros_data/ur3e_ros_data/msg/detail/joint_pose__rosidl_typesupport_fastrtps_c.h
[7.153s] -- Up-to-date: /home/harry/ur_ws/install/ur3e_ros_data/include/ur3e_ros_data/ur3e_ros_data/msg/rosidl_typesupport_fastrtps_c__visibility_control.h
[7.153s] -- Up-to-date: /home/harry/ur_ws/install/ur3e_ros_data/lib/libur3e_ros_data__rosidl_typesupport_fastrtps_c.so
[7.153s] -- Up-to-date: /home/harry/ur_ws/install/ur3e_ros_data/include/ur3e_ros_data/ur3e_ros_data
[7.153s] -- Up-to-date: /home/harry/ur_ws/install/ur3e_ros_data/include/ur3e_ros_data/ur3e_ros_data/action
[7.154s] -- Up-to-date: /home/harry/ur_ws/install/ur3e_ros_data/include/ur3e_ros_data/ur3e_ros_data/action/detail
[7.154s] -- Up-to-date: /home/harry/ur_ws/install/ur3e_ros_data/include/ur3e_ros_data/ur3e_ros_data/action/detail/move_j__rosidl_typesupport_introspection_c.h
[7.154s] -- Installing: /home/harry/ur_ws/install/ur3e_ros_data/include/ur3e_ros_data/ur3e_ros_data/action/detail/move_j__type_support.c
[7.154s] -- Up-to-date: /home/harry/ur_ws/install/ur3e_ros_data/include/ur3e_ros_data/ur3e_ros_data/msg
[7.155s] -- Up-to-date: /home/harry/ur_ws/install/ur3e_ros_data/include/ur3e_ros_data/ur3e_ros_data/msg/detail
[7.155s] -- Up-to-date: /home/harry/ur_ws/install/ur3e_ros_data/include/ur3e_ros_data/ur3e_ros_data/msg/detail/joint_pose__rosidl_typesupport_introspection_c.h
[7.155s] -- Installing: /home/harry/ur_ws/install/ur3e_ros_data/include/ur3e_ros_data/ur3e_ros_data/msg/detail/joint_pose__type_support.c
[7.155s] -- Up-to-date: /home/harry/ur_ws/install/ur3e_ros_data/include/ur3e_ros_data/ur3e_ros_data/msg/rosidl_typesupport_introspection_c__visibility_control.h
[7.155s] -- Up-to-date: /home/harry/ur_ws/install/ur3e_ros_data/lib/libur3e_ros_data__rosidl_typesupport_introspection_c.so
[7.156s] -- Up-to-date: /home/harry/ur_ws/install/ur3e_ros_data/lib/libur3e_ros_data__rosidl_typesupport_c.so
[7.156s] -- Up-to-date: /home/harry/ur_ws/install/ur3e_ros_data/include/ur3e_ros_data/ur3e_ros_data
[7.157s] -- Up-to-date: /home/harry/ur_ws/install/ur3e_ros_data/include/ur3e_ros_data/ur3e_ros_data/action
[7.158s] -- Up-to-date: /home/harry/ur_ws/install/ur3e_ros_data/include/ur3e_ros_data/ur3e_ros_data/action/detail
[7.158s] -- Up-to-date: /home/harry/ur_ws/install/ur3e_ros_data/include/ur3e_ros_data/ur3e_ros_data/action/detail/move_j__builder.hpp
[7.159s] -- Up-to-date: /home/harry/ur_ws/install/ur3e_ros_data/include/ur3e_ros_data/ur3e_ros_data/action/detail/move_j__struct.hpp
[7.159s] -- Up-to-date: /home/harry/ur_ws/install/ur3e_ros_data/include/ur3e_ros_data/ur3e_ros_data/action/detail/move_j__traits.hpp
[7.159s] -- Up-to-date: /home/harry/ur_ws/install/ur3e_ros_data/include/ur3e_ros_data/ur3e_ros_data/action/move_j.hpp
[7.160s] -- Up-to-date: /home/harry/ur_ws/install/ur3e_ros_data/include/ur3e_ros_data/ur3e_ros_data/msg
[7.161s] -- Up-to-date: /home/harry/ur_ws/install/ur3e_ros_data/include/ur3e_ros_data/ur3e_ros_data/msg/detail
[7.161s] -- Up-to-date: /home/harry/ur_ws/install/ur3e_ros_data/include/ur3e_ros_data/ur3e_ros_data/msg/detail/joint_pose__builder.hpp
[7.171s] -- Up-to-date: /home/harry/ur_ws/install/ur3e_ros_data/include/ur3e_ros_data/ur3e_ros_data/msg/detail/joint_pose__traits.hpp
[7.175s] -- Up-to-date: /home/harry/ur_ws/install/ur3e_ros_data/include/ur3e_ros_data/ur3e_ros_data/msg/detail/joint_pose__struct.hpp
[7.175s] -- Up-to-date: /home/harry/ur_ws/install/ur3e_ros_data/include/ur3e_ros_data/ur3e_ros_data/msg/joint_pose.hpp
[7.176s] -- Up-to-date: /home/harry/ur_ws/install/ur3e_ros_data/include/ur3e_ros_data/ur3e_ros_data
[7.176s] -- Up-to-date: /home/harry/ur_ws/install/ur3e_ros_data/include/ur3e_ros_data/ur3e_ros_data/action
[7.176s] -- Up-to-date: /home/harry/ur_ws/install/ur3e_ros_data/include/ur3e_ros_data/ur3e_ros_data/action/detail
[7.176s] -- Up-to-date: /home/harry/ur_ws/install/ur3e_ros_data/include/ur3e_ros_data/ur3e_ros_data/action/detail/dds_fastrtps
[7.176s] [31mCMake Error at cmake_install.cmake:174 (file):
[7.177s]   file INSTALL cannot set permissions on
[7.177s]   "/home/harry/ur_ws/install/ur3e_ros_data/include/ur3e_ros_data/ur3e_ros_data/action/detail/dds_fastrtps":
[7.177s]   Operation not permitted.
[7.177s] 
[7.178s] [0m
[7.178s] Invoked command in '/home/harry/ur3e_ws/build/ur3e_ros_data' returned '1': CMAKE_PREFIX_PATH=${CMAKE_PREFIX_PATH}:/home/harry/ur3e_ws/install/ur3e_ros_action:/home/harry/ur_ws/install/ur3e_ros_action:/opt/ros/iron /usr/bin/cmake --install /home/harry/ur3e_ws/build/ur3e_ros_data
