[0.539s] DEBUG:colcon:Command line arguments: ['/usr/bin/colcon', 'build']
[0.540s] DEBUG:colcon:Parsed command line arguments: Namespace(log_base=None, log_level=None, verb_name='build', build_base='build', install_base='install', merge_install=False, symlink_install=False, test_result_base=None, continue_on_error=False, executor='parallel', parallel_workers=2, event_handlers=None, ignore_user_meta=False, metas=['./colcon.meta'], base_paths=['.'], packages_ignore=None, packages_ignore_regex=None, paths=None, packages_up_to=None, packages_up_to_regex=None, packages_above=None, packages_above_and_dependencies=None, packages_above_depth=None, packages_select_by_dep=None, packages_skip_by_dep=None, packages_skip_up_to=None, packages_select_build_failed=False, packages_skip_build_finished=False, packages_select_test_failures=False, packages_skip_test_passed=False, packages_select=None, packages_skip=None, packages_select_regex=None, packages_skip_regex=None, packages_start=None, packages_end=None, allow_overriding=[], cmake_args=None, cmake_target=None, cmake_target_skip_unavailable=False, cmake_clean_cache=False, cmake_clean_first=False, cmake_force_configure=False, ament_cmake_args=None, catkin_cmake_args=None, catkin_skip_building_tests=False, verb_parser=<colcon_defaults.argument_parser.defaults.DefaultArgumentsDecorator object at 0x70255ad365f0>, verb_extension=<colcon_core.verb.build.BuildVerb object at 0x70255ae37040>, main=<bound method BuildVerb.main of <colcon_core.verb.build.BuildVerb object at 0x70255ae37040>>)
[1.374s] Level 1:colcon.colcon_core.package_discovery:discover_packages(colcon_meta) check parameters
[1.374s] Level 1:colcon.colcon_core.package_discovery:discover_packages(recursive) check parameters
[1.375s] Level 1:colcon.colcon_core.package_discovery:discover_packages(ignore) check parameters
[1.375s] Level 1:colcon.colcon_core.package_discovery:discover_packages(path) check parameters
[1.375s] Level 1:colcon.colcon_core.package_discovery:discover_packages(colcon_meta) discover
[1.375s] Level 1:colcon.colcon_core.package_discovery:discover_packages(recursive) discover
[1.375s] INFO:colcon.colcon_core.package_discovery:Crawling recursively for packages in '/home/harry/ur_ws'
[1.376s] Level 1:colcon.colcon_core.package_identification:_identify(.) by extensions ['ignore', 'ignore_ament_install']
[1.376s] Level 1:colcon.colcon_core.package_identification:_identify(.) by extension 'ignore'
[1.376s] Level 1:colcon.colcon_core.package_identification:_identify(.) by extension 'ignore_ament_install'
[1.376s] Level 1:colcon.colcon_core.package_identification:_identify(.) by extensions ['colcon_pkg']
[1.376s] Level 1:colcon.colcon_core.package_identification:_identify(.) by extension 'colcon_pkg'
[1.376s] Level 1:colcon.colcon_core.package_identification:_identify(.) by extensions ['colcon_meta']
[1.376s] Level 1:colcon.colcon_core.package_identification:_identify(.) by extension 'colcon_meta'
[1.377s] Level 1:colcon.colcon_core.package_identification:_identify(.) by extensions ['ros']
[1.377s] Level 1:colcon.colcon_core.package_identification:_identify(.) by extension 'ros'
[1.420s] Level 1:colcon.colcon_core.package_identification:_identify(.) by extensions ['cmake', 'python']
[1.420s] Level 1:colcon.colcon_core.package_identification:_identify(.) by extension 'cmake'
[1.420s] Level 1:colcon.colcon_core.package_identification:_identify(.) by extension 'python'
[1.420s] Level 1:colcon.colcon_core.package_identification:_identify(.) by extensions ['python_setup_py']
[1.420s] Level 1:colcon.colcon_core.package_identification:_identify(.) by extension 'python_setup_py'
[1.421s] Level 1:colcon.colcon_core.package_identification:_identify(build) by extensions ['ignore', 'ignore_ament_install']
[1.421s] Level 1:colcon.colcon_core.package_identification:_identify(build) by extension 'ignore'
[1.421s] Level 1:colcon.colcon_core.package_identification:_identify(build) ignored
[1.422s] Level 1:colcon.colcon_core.package_identification:_identify(install) by extensions ['ignore', 'ignore_ament_install']
[1.422s] Level 1:colcon.colcon_core.package_identification:_identify(install) by extension 'ignore'
[1.422s] Level 1:colcon.colcon_core.package_identification:_identify(install) ignored
[1.422s] Level 1:colcon.colcon_core.package_identification:_identify(log) by extensions ['ignore', 'ignore_ament_install']
[1.423s] Level 1:colcon.colcon_core.package_identification:_identify(log) by extension 'ignore'
[1.423s] Level 1:colcon.colcon_core.package_identification:_identify(log) ignored
[1.423s] Level 1:colcon.colcon_core.package_identification:_identify(src) by extensions ['ignore', 'ignore_ament_install']
[1.423s] Level 1:colcon.colcon_core.package_identification:_identify(src) by extension 'ignore'
[1.423s] Level 1:colcon.colcon_core.package_identification:_identify(src) by extension 'ignore_ament_install'
[1.424s] Level 1:colcon.colcon_core.package_identification:_identify(src) by extensions ['colcon_pkg']
[1.424s] Level 1:colcon.colcon_core.package_identification:_identify(src) by extension 'colcon_pkg'
[1.425s] Level 1:colcon.colcon_core.package_identification:_identify(src) by extensions ['colcon_meta']
[1.425s] Level 1:colcon.colcon_core.package_identification:_identify(src) by extension 'colcon_meta'
[1.425s] Level 1:colcon.colcon_core.package_identification:_identify(src) by extensions ['ros']
[1.425s] Level 1:colcon.colcon_core.package_identification:_identify(src) by extension 'ros'
[1.425s] Level 1:colcon.colcon_core.package_identification:_identify(src) by extensions ['cmake', 'python']
[1.425s] Level 1:colcon.colcon_core.package_identification:_identify(src) by extension 'cmake'
[1.426s] Level 1:colcon.colcon_core.package_identification:_identify(src) by extension 'python'
[1.426s] Level 1:colcon.colcon_core.package_identification:_identify(src) by extensions ['python_setup_py']
[1.426s] Level 1:colcon.colcon_core.package_identification:_identify(src) by extension 'python_setup_py'
[1.427s] Level 1:colcon.colcon_core.package_identification:_identify(src/ur3e_gazebo_sim) by extensions ['ignore', 'ignore_ament_install']
[1.427s] Level 1:colcon.colcon_core.package_identification:_identify(src/ur3e_gazebo_sim) by extension 'ignore'
[1.427s] Level 1:colcon.colcon_core.package_identification:_identify(src/ur3e_gazebo_sim) by extension 'ignore_ament_install'
[1.427s] Level 1:colcon.colcon_core.package_identification:_identify(src/ur3e_gazebo_sim) by extensions ['colcon_pkg']
[1.428s] Level 1:colcon.colcon_core.package_identification:_identify(src/ur3e_gazebo_sim) by extension 'colcon_pkg'
[1.428s] Level 1:colcon.colcon_core.package_identification:_identify(src/ur3e_gazebo_sim) by extensions ['colcon_meta']
[1.428s] Level 1:colcon.colcon_core.package_identification:_identify(src/ur3e_gazebo_sim) by extension 'colcon_meta'
[1.428s] Level 1:colcon.colcon_core.package_identification:_identify(src/ur3e_gazebo_sim) by extensions ['ros']
[1.428s] Level 1:colcon.colcon_core.package_identification:_identify(src/ur3e_gazebo_sim) by extension 'ros'
[1.441s] DEBUG:colcon.colcon_core.package_identification:Package 'src/ur3e_gazebo_sim' with type 'ros.ament_cmake' and name 'ur3e_gazebo_sim'
[1.441s] Level 1:colcon.colcon_core.package_discovery:discover_packages(recursive) using defaults
[1.441s] Level 1:colcon.colcon_core.package_discovery:discover_packages(ignore) discover
[1.441s] Level 1:colcon.colcon_core.package_discovery:discover_packages(ignore) using defaults
[1.442s] Level 1:colcon.colcon_core.package_discovery:discover_packages(path) discover
[1.442s] Level 1:colcon.colcon_core.package_discovery:discover_packages(path) using defaults
[1.585s] Level 1:colcon.colcon_core.package_discovery:discover_packages(prefix_path) check parameters
[1.586s] Level 1:colcon.colcon_core.package_discovery:discover_packages(prefix_path) discover
[1.603s] DEBUG:colcon.colcon_installed_package_information.package_discovery:Found 1 installed packages in /home/harry/ur_ws/install
[1.608s] DEBUG:colcon.colcon_installed_package_information.package_discovery:Found 32 installed packages in /home/harry/ros2_ws/install
[1.616s] DEBUG:colcon.colcon_installed_package_information.package_discovery:Found 304 installed packages in /opt/ros/iron
[1.626s] Level 1:colcon.colcon_core.package_discovery:discover_packages(prefix_path) using defaults
[1.848s] Level 5:colcon.colcon_core.verb:set package 'ur3e_gazebo_sim' build argument 'cmake_args' from command line to 'None'
[1.848s] Level 5:colcon.colcon_core.verb:set package 'ur3e_gazebo_sim' build argument 'cmake_target' from command line to 'None'
[1.848s] Level 5:colcon.colcon_core.verb:set package 'ur3e_gazebo_sim' build argument 'cmake_target_skip_unavailable' from command line to 'False'
[1.848s] Level 5:colcon.colcon_core.verb:set package 'ur3e_gazebo_sim' build argument 'cmake_clean_cache' from command line to 'False'
[1.849s] Level 5:colcon.colcon_core.verb:set package 'ur3e_gazebo_sim' build argument 'cmake_clean_first' from command line to 'False'
[1.849s] Level 5:colcon.colcon_core.verb:set package 'ur3e_gazebo_sim' build argument 'cmake_force_configure' from command line to 'False'
[1.849s] Level 5:colcon.colcon_core.verb:set package 'ur3e_gazebo_sim' build argument 'ament_cmake_args' from command line to 'None'
[1.849s] Level 5:colcon.colcon_core.verb:set package 'ur3e_gazebo_sim' build argument 'catkin_cmake_args' from command line to 'None'
[1.849s] Level 5:colcon.colcon_core.verb:set package 'ur3e_gazebo_sim' build argument 'catkin_skip_building_tests' from command line to 'False'
[1.849s] DEBUG:colcon.colcon_core.verb:Building package 'ur3e_gazebo_sim' with the following arguments: {'ament_cmake_args': None, 'build_base': '/home/harry/ur_ws/build/ur3e_gazebo_sim', 'catkin_cmake_args': None, 'catkin_skip_building_tests': False, 'cmake_args': None, 'cmake_clean_cache': False, 'cmake_clean_first': False, 'cmake_force_configure': False, 'cmake_target': None, 'cmake_target_skip_unavailable': False, 'install_base': '/home/harry/ur_ws/install/ur3e_gazebo_sim', 'merge_install': False, 'path': '/home/harry/ur_ws/src/ur3e_gazebo_sim', 'symlink_install': False, 'test_result_base': None}
[1.850s] INFO:colcon.colcon_core.executor:Executing jobs using 'parallel' executor
[1.853s] DEBUG:colcon.colcon_parallel_executor.executor.parallel:run_until_complete
[1.853s] INFO:colcon.colcon_ros.task.ament_cmake.build:Building ROS package in '/home/harry/ur_ws/src/ur3e_gazebo_sim' with build type 'ament_cmake'
[1.854s] INFO:colcon.colcon_cmake.task.cmake.build:Building CMake package in '/home/harry/ur_ws/src/ur3e_gazebo_sim'
[1.864s] INFO:colcon.colcon_core.plugin_system:Skipping extension 'colcon_core.shell.bat': Not used on non-Windows systems
[1.865s] INFO:colcon.colcon_core.shell:Skip shell extension 'powershell' for command environment: Not usable outside of PowerShell
[1.866s] DEBUG:colcon.colcon_core.shell:Skip shell extension 'dsv' for command environment
[1.922s] DEBUG:colcon.colcon_core.event_handler.log_command:Invoking command in '/home/harry/ur_ws/build/ur3e_gazebo_sim': CMAKE_PREFIX_PATH=${CMAKE_PREFIX_PATH}:/home/harry/ros2_ws/install/py_srvcli:/home/harry/ros2_ws/install/py_pubsub:/home/harry/ros2_ws/install/python_parameters:/home/harry/ros2_ws/install/py_example_package:/home/harry/ros2_ws/install/launch_testing_examples:/home/harry/ros2_ws/install/examples_rclpy_pointcloud_publisher:/home/harry/ros2_ws/install/examples_rclpy_minimal_subscriber:/home/harry/ros2_ws/install/examples_rclpy_minimal_service:/home/harry/ros2_ws/install/examples_rclpy_minimal_publisher:/home/harry/ros2_ws/install/examples_rclpy_minimal_client:/home/harry/ros2_ws/install/examples_rclpy_minimal_action_server:/home/harry/ros2_ws/install/examples_rclpy_minimal_action_client:/home/harry/ros2_ws/install/examples_rclpy_guard_conditions:/home/harry/ros2_ws/install/examples_rclpy_executors:/opt/ros/iron /usr/bin/cmake --build /home/harry/ur_ws/build/ur3e_gazebo_sim -- -j2 -l2
[2.139s] DEBUG:colcon.colcon_core.event_handler.log_command:Invoked command in '/home/harry/ur_ws/build/ur3e_gazebo_sim' returned '0': CMAKE_PREFIX_PATH=${CMAKE_PREFIX_PATH}:/home/harry/ros2_ws/install/py_srvcli:/home/harry/ros2_ws/install/py_pubsub:/home/harry/ros2_ws/install/python_parameters:/home/harry/ros2_ws/install/py_example_package:/home/harry/ros2_ws/install/launch_testing_examples:/home/harry/ros2_ws/install/examples_rclpy_pointcloud_publisher:/home/harry/ros2_ws/install/examples_rclpy_minimal_subscriber:/home/harry/ros2_ws/install/examples_rclpy_minimal_service:/home/harry/ros2_ws/install/examples_rclpy_minimal_publisher:/home/harry/ros2_ws/install/examples_rclpy_minimal_client:/home/harry/ros2_ws/install/examples_rclpy_minimal_action_server:/home/harry/ros2_ws/install/examples_rclpy_minimal_action_client:/home/harry/ros2_ws/install/examples_rclpy_guard_conditions:/home/harry/ros2_ws/install/examples_rclpy_executors:/opt/ros/iron /usr/bin/cmake --build /home/harry/ur_ws/build/ur3e_gazebo_sim -- -j2 -l2
[2.356s] DEBUG:colcon.colcon_core.event_handler.log_command:Invoking command in '/home/harry/ur_ws/build/ur3e_gazebo_sim': CMAKE_PREFIX_PATH=${CMAKE_PREFIX_PATH}:/home/harry/ros2_ws/install/py_srvcli:/home/harry/ros2_ws/install/py_pubsub:/home/harry/ros2_ws/install/python_parameters:/home/harry/ros2_ws/install/py_example_package:/home/harry/ros2_ws/install/launch_testing_examples:/home/harry/ros2_ws/install/examples_rclpy_pointcloud_publisher:/home/harry/ros2_ws/install/examples_rclpy_minimal_subscriber:/home/harry/ros2_ws/install/examples_rclpy_minimal_service:/home/harry/ros2_ws/install/examples_rclpy_minimal_publisher:/home/harry/ros2_ws/install/examples_rclpy_minimal_client:/home/harry/ros2_ws/install/examples_rclpy_minimal_action_server:/home/harry/ros2_ws/install/examples_rclpy_minimal_action_client:/home/harry/ros2_ws/install/examples_rclpy_guard_conditions:/home/harry/ros2_ws/install/examples_rclpy_executors:/opt/ros/iron /usr/bin/cmake --install /home/harry/ur_ws/build/ur3e_gazebo_sim
[2.467s] Level 1:colcon.colcon_core.environment:create_environment_scripts_only(ur3e_gazebo_sim)
[2.501s] Level 1:colcon.colcon_core.environment:checking '/home/harry/ur_ws/install/ur3e_gazebo_sim' for CMake module files
[2.501s] Level 1:colcon.colcon_core.environment:checking '/home/harry/ur_ws/install/ur3e_gazebo_sim' for CMake config files
[2.502s] Level 1:colcon.colcon_core.shell:create_environment_hook('ur3e_gazebo_sim', 'cmake_prefix_path')
[2.503s] INFO:colcon.colcon_core.shell:Creating environment hook '/home/harry/ur_ws/install/ur3e_gazebo_sim/share/ur3e_gazebo_sim/hook/cmake_prefix_path.ps1'
[2.509s] DEBUG:colcon.colcon_core.event_handler.log_command:Invoked command in '/home/harry/ur_ws/build/ur3e_gazebo_sim' returned '0': CMAKE_PREFIX_PATH=${CMAKE_PREFIX_PATH}:/home/harry/ros2_ws/install/py_srvcli:/home/harry/ros2_ws/install/py_pubsub:/home/harry/ros2_ws/install/python_parameters:/home/harry/ros2_ws/install/py_example_package:/home/harry/ros2_ws/install/launch_testing_examples:/home/harry/ros2_ws/install/examples_rclpy_pointcloud_publisher:/home/harry/ros2_ws/install/examples_rclpy_minimal_subscriber:/home/harry/ros2_ws/install/examples_rclpy_minimal_service:/home/harry/ros2_ws/install/examples_rclpy_minimal_publisher:/home/harry/ros2_ws/install/examples_rclpy_minimal_client:/home/harry/ros2_ws/install/examples_rclpy_minimal_action_server:/home/harry/ros2_ws/install/examples_rclpy_minimal_action_client:/home/harry/ros2_ws/install/examples_rclpy_guard_conditions:/home/harry/ros2_ws/install/examples_rclpy_executors:/opt/ros/iron /usr/bin/cmake --install /home/harry/ur_ws/build/ur3e_gazebo_sim
[2.512s] INFO:colcon.colcon_core.shell:Creating environment descriptor '/home/harry/ur_ws/install/ur3e_gazebo_sim/share/ur3e_gazebo_sim/hook/cmake_prefix_path.dsv'
[2.514s] INFO:colcon.colcon_core.shell:Creating environment hook '/home/harry/ur_ws/install/ur3e_gazebo_sim/share/ur3e_gazebo_sim/hook/cmake_prefix_path.sh'
[2.519s] Level 1:colcon.colcon_core.environment:checking '/home/harry/ur_ws/install/ur3e_gazebo_sim/bin'
[2.521s] Level 1:colcon.colcon_core.environment:checking '/home/harry/ur_ws/install/ur3e_gazebo_sim/lib/pkgconfig/ur3e_gazebo_sim.pc'
[2.522s] Level 1:colcon.colcon_core.environment:checking '/home/harry/ur_ws/install/ur3e_gazebo_sim/lib/python3.10/site-packages'
[2.522s] Level 1:colcon.colcon_core.environment:checking '/home/harry/ur_ws/install/ur3e_gazebo_sim/bin'
[2.532s] INFO:colcon.colcon_core.shell:Creating package script '/home/harry/ur_ws/install/ur3e_gazebo_sim/share/ur3e_gazebo_sim/package.ps1'
[2.540s] INFO:colcon.colcon_core.shell:Creating package descriptor '/home/harry/ur_ws/install/ur3e_gazebo_sim/share/ur3e_gazebo_sim/package.dsv'
[2.543s] INFO:colcon.colcon_core.shell:Creating package script '/home/harry/ur_ws/install/ur3e_gazebo_sim/share/ur3e_gazebo_sim/package.sh'
[2.546s] INFO:colcon.colcon_core.shell:Creating package script '/home/harry/ur_ws/install/ur3e_gazebo_sim/share/ur3e_gazebo_sim/package.bash'
[2.549s] INFO:colcon.colcon_core.shell:Creating package script '/home/harry/ur_ws/install/ur3e_gazebo_sim/share/ur3e_gazebo_sim/package.zsh'
[2.552s] Level 1:colcon.colcon_core.environment:create_file_with_runtime_dependencies(/home/harry/ur_ws/install/ur3e_gazebo_sim/share/colcon-core/packages/ur3e_gazebo_sim)
[2.721s] Level 1:colcon.colcon_core.environment:create_environment_scripts_only(ur3e_gazebo_sim)
[2.722s] Level 1:colcon.colcon_core.environment:checking '/home/harry/ur_ws/install/ur3e_gazebo_sim' for CMake module files
[2.725s] Level 1:colcon.colcon_core.environment:checking '/home/harry/ur_ws/install/ur3e_gazebo_sim' for CMake config files
[2.726s] Level 1:colcon.colcon_core.shell:create_environment_hook('ur3e_gazebo_sim', 'cmake_prefix_path')
[2.727s] INFO:colcon.colcon_core.shell:Creating environment hook '/home/harry/ur_ws/install/ur3e_gazebo_sim/share/ur3e_gazebo_sim/hook/cmake_prefix_path.ps1'
[2.729s] INFO:colcon.colcon_core.shell:Creating environment descriptor '/home/harry/ur_ws/install/ur3e_gazebo_sim/share/ur3e_gazebo_sim/hook/cmake_prefix_path.dsv'
[2.731s] INFO:colcon.colcon_core.shell:Creating environment hook '/home/harry/ur_ws/install/ur3e_gazebo_sim/share/ur3e_gazebo_sim/hook/cmake_prefix_path.sh'
[2.734s] Level 1:colcon.colcon_core.environment:checking '/home/harry/ur_ws/install/ur3e_gazebo_sim/bin'
[2.734s] Level 1:colcon.colcon_core.environment:checking '/home/harry/ur_ws/install/ur3e_gazebo_sim/lib/pkgconfig/ur3e_gazebo_sim.pc'
[2.734s] Level 1:colcon.colcon_core.environment:checking '/home/harry/ur_ws/install/ur3e_gazebo_sim/lib/python3.10/site-packages'
[2.734s] Level 1:colcon.colcon_core.environment:checking '/home/harry/ur_ws/install/ur3e_gazebo_sim/bin'
[2.735s] INFO:colcon.colcon_core.shell:Creating package script '/home/harry/ur_ws/install/ur3e_gazebo_sim/share/ur3e_gazebo_sim/package.ps1'
[2.737s] INFO:colcon.colcon_core.shell:Creating package descriptor '/home/harry/ur_ws/install/ur3e_gazebo_sim/share/ur3e_gazebo_sim/package.dsv'
[2.740s] INFO:colcon.colcon_core.shell:Creating package script '/home/harry/ur_ws/install/ur3e_gazebo_sim/share/ur3e_gazebo_sim/package.sh'
[2.745s] INFO:colcon.colcon_core.shell:Creating package script '/home/harry/ur_ws/install/ur3e_gazebo_sim/share/ur3e_gazebo_sim/package.bash'
[2.748s] INFO:colcon.colcon_core.shell:Creating package script '/home/harry/ur_ws/install/ur3e_gazebo_sim/share/ur3e_gazebo_sim/package.zsh'
[2.749s] Level 1:colcon.colcon_core.environment:create_file_with_runtime_dependencies(/home/harry/ur_ws/install/ur3e_gazebo_sim/share/colcon-core/packages/ur3e_gazebo_sim)
[2.752s] DEBUG:colcon.colcon_parallel_executor.executor.parallel:closing loop
[2.752s] DEBUG:colcon.colcon_parallel_executor.executor.parallel:loop closed
[2.752s] DEBUG:colcon.colcon_parallel_executor.executor.parallel:run_until_complete finished with '0'
[2.752s] DEBUG:colcon.colcon_core.event_reactor:joining thread
[2.791s] INFO:colcon.colcon_core.plugin_system:Skipping extension 'colcon_notification.desktop_notification.terminal_notifier': Not used on non-Darwin systems
[2.792s] INFO:colcon.colcon_core.plugin_system:Skipping extension 'colcon_notification.desktop_notification.win32': Not used on non-Windows systems
[2.792s] INFO:colcon.colcon_notification.desktop_notification:Sending desktop notification using 'notify2'
[2.872s] DEBUG:colcon.colcon_core.event_reactor:joined thread
[2.873s] INFO:colcon.colcon_core.shell:Creating prefix script '/home/harry/ur_ws/install/local_setup.ps1'
[2.877s] INFO:colcon.colcon_core.shell:Creating prefix util module '/home/harry/ur_ws/install/_local_setup_util_ps1.py'
[2.881s] INFO:colcon.colcon_core.shell:Creating prefix chain script '/home/harry/ur_ws/install/setup.ps1'
[2.897s] INFO:colcon.colcon_core.shell:Creating prefix script '/home/harry/ur_ws/install/local_setup.sh'
[2.906s] INFO:colcon.colcon_core.shell:Creating prefix util module '/home/harry/ur_ws/install/_local_setup_util_sh.py'
[2.909s] INFO:colcon.colcon_core.shell:Creating prefix chain script '/home/harry/ur_ws/install/setup.sh'
[2.925s] INFO:colcon.colcon_core.shell:Creating prefix script '/home/harry/ur_ws/install/local_setup.bash'
[2.928s] INFO:colcon.colcon_core.shell:Creating prefix chain script '/home/harry/ur_ws/install/setup.bash'
[2.937s] INFO:colcon.colcon_core.shell:Creating prefix script '/home/harry/ur_ws/install/local_setup.zsh'
[2.939s] INFO:colcon.colcon_core.shell:Creating prefix chain script '/home/harry/ur_ws/install/setup.zsh'
