[0.055s] Invoking command in '/home/harry/ur3e_ws/build/ur3e_gazebo_sim': CMAKE_PREFIX_PATH=${CMAKE_PREFIX_PATH}:/home/harry/ur3e_ws/install/ur3e_ros_action:/home/harry/ur_ws/install/ur3e_ros_action:/opt/ros/iron /usr/bin/cmake /home/harry/ur3e_ws/src/ur3e_gazebo_sim -DCMAKE_INSTALL_PREFIX=/home/harry/ur3e_ws/install/ur3e_gazebo_sim
[0.252s] -- The C compiler identification is GNU 11.4.0
[0.434s] -- The CXX compiler identification is GNU 11.4.0
[0.456s] -- Detecting C compiler ABI info
[0.689s] -- Detecting C compiler ABI info - done
[0.721s] -- Check for working C compiler: /usr/bin/cc - skipped
[0.723s] -- Detecting C compile features
[0.724s] -- Detecting C compile features - done
[0.733s] -- Detecting CXX compiler ABI info
[1.019s] -- Detecting CXX compiler ABI info - done
[1.045s] -- Check for working CXX compiler: /usr/bin/c++ - skipped
[1.046s] -- Detecting CXX compile features
[1.049s] -- Detecting CXX compile features - done
[1.063s] -- Found ament_cmake: 2.0.4 (/opt/ros/iron/share/ament_cmake/cmake)
[1.733s] -- Found Python3: /usr/bin/python3.10 (found version "3.10.12") found components: Interpreter 
[2.288s] -- Found ament_lint_auto: 0.14.3 (/opt/ros/iron/share/ament_lint_auto/cmake)
[2.696s] -- Added test 'flake8' to check Python code syntax and style conventions
[2.697s] -- Configured 'flake8' exclude dirs and/or files: 
[2.699s] -- Added test 'lint_cmake' to check CMake code style
[2.702s] -- Added test 'pep257' to check Python code against some of the docstring style conventions in PEP 257
[2.709s] -- Added test 'xmllint' to check XML markup files
[2.714s] -- Configuring done
[2.724s] -- Generating done
[2.728s] -- Build files have been written to: /home/harry/ur3e_ws/build/ur3e_gazebo_sim
[2.751s] Invoked command in '/home/harry/ur3e_ws/build/ur3e_gazebo_sim' returned '0': CMAKE_PREFIX_PATH=${CMAKE_PREFIX_PATH}:/home/harry/ur3e_ws/install/ur3e_ros_action:/home/harry/ur_ws/install/ur3e_ros_action:/opt/ros/iron /usr/bin/cmake /home/harry/ur3e_ws/src/ur3e_gazebo_sim -DCMAKE_INSTALL_PREFIX=/home/harry/ur3e_ws/install/ur3e_gazebo_sim
[2.752s] Invoking command in '/home/harry/ur3e_ws/build/ur3e_gazebo_sim': CMAKE_PREFIX_PATH=${CMAKE_PREFIX_PATH}:/home/harry/ur3e_ws/install/ur3e_ros_action:/home/harry/ur_ws/install/ur3e_ros_action:/opt/ros/iron /usr/bin/cmake --build /home/harry/ur3e_ws/build/ur3e_gazebo_sim -- -j2 -l2
[2.914s] Invoked command in '/home/harry/ur3e_ws/build/ur3e_gazebo_sim' returned '0': CMAKE_PREFIX_PATH=${CMAKE_PREFIX_PATH}:/home/harry/ur3e_ws/install/ur3e_ros_action:/home/harry/ur_ws/install/ur3e_ros_action:/opt/ros/iron /usr/bin/cmake --build /home/harry/ur3e_ws/build/ur3e_gazebo_sim -- -j2 -l2
[3.061s] Invoking command in '/home/harry/ur3e_ws/build/ur3e_gazebo_sim': CMAKE_PREFIX_PATH=${CMAKE_PREFIX_PATH}:/home/harry/ur3e_ws/install/ur3e_ros_action:/home/harry/ur_ws/install/ur3e_ros_action:/opt/ros/iron /usr/bin/cmake --install /home/harry/ur3e_ws/build/ur3e_gazebo_sim
[3.091s] -- Install configuration: ""
[3.092s] -- Up-to-date: /home/harry/ur3e_ws/install/ur3e_gazebo_sim/share/ur3e_gazebo_sim/config
[3.092s] -- Up-to-date: /home/harry/ur3e_ws/install/ur3e_gazebo_sim/share/ur3e_gazebo_sim/config/joint_limits.yaml
[3.092s] -- Up-to-date: /home/harry/ur3e_ws/install/ur3e_gazebo_sim/share/ur3e_gazebo_sim/config/visual_parameters.yaml
[3.093s] -- Up-to-date: /home/harry/ur3e_ws/install/ur3e_gazebo_sim/share/ur3e_gazebo_sim/config/default_kinematics.yaml
[3.093s] -- Up-to-date: /home/harry/ur3e_ws/install/ur3e_gazebo_sim/share/ur3e_gazebo_sim/config/physical_parameters.yaml
[3.093s] -- Up-to-date: /home/harry/ur3e_ws/install/ur3e_gazebo_sim/share/ur3e_gazebo_sim/config/ur3e_controller.yaml
[3.093s] -- Up-to-date: /home/harry/ur3e_ws/install/ur3e_gazebo_sim/share/ur3e_gazebo_sim/config/initial_positions.yaml
[3.094s] -- Up-to-date: /home/harry/ur3e_ws/install/ur3e_gazebo_sim/share/ur3e_gazebo_sim/launch
[3.094s] -- Up-to-date: /home/harry/ur3e_ws/install/ur3e_gazebo_sim/share/ur3e_gazebo_sim/launch/ur3e_sim.launch.py
[3.095s] -- Up-to-date: /home/harry/ur3e_ws/install/ur3e_gazebo_sim/share/ur3e_gazebo_sim/urdf
[3.095s] -- Up-to-date: /home/harry/ur3e_ws/install/ur3e_gazebo_sim/share/ur3e_gazebo_sim/urdf/ur3e_ros2_control.xacro
[3.095s] -- Up-to-date: /home/harry/ur3e_ws/install/ur3e_gazebo_sim/share/ur3e_gazebo_sim/urdf/ur3e.urdf.xacro
[3.095s] -- Up-to-date: /home/harry/ur3e_ws/install/ur3e_gazebo_sim/share/ur3e_gazebo_sim/urdf/ur3e_common.xacro
[3.095s] -- Up-to-date: /home/harry/ur3e_ws/install/ur3e_gazebo_sim/share/ur3e_gazebo_sim/urdf/ur3e_macro.urdf.xacro
[3.096s] -- Up-to-date: /home/harry/ur3e_ws/install/ur3e_gazebo_sim/share/ur3e_gazebo_sim/urdf/ur3e_transmission.xacro
[3.096s] -- Up-to-date: /home/harry/ur3e_ws/install/ur3e_gazebo_sim/share/ur3e_gazebo_sim/worlds
[3.096s] -- Up-to-date: /home/harry/ur3e_ws/install/ur3e_gazebo_sim/share/ur3e_gazebo_sim/worlds/ur3e.world
[3.096s] -- Up-to-date: /home/harry/ur3e_ws/install/ur3e_gazebo_sim/share/ur3e_gazebo_sim/worlds/ur3e_2.world
[3.096s] -- Up-to-date: /home/harry/ur3e_ws/install/ur3e_gazebo_sim/share/ur3e_gazebo_sim/meshes
[3.097s] -- Up-to-date: /home/harry/ur3e_ws/install/ur3e_gazebo_sim/share/ur3e_gazebo_sim/meshes/visual
[3.097s] -- Up-to-date: /home/harry/ur3e_ws/install/ur3e_gazebo_sim/share/ur3e_gazebo_sim/meshes/visual/wrist1.dae
[3.097s] -- Up-to-date: /home/harry/ur3e_ws/install/ur3e_gazebo_sim/share/ur3e_gazebo_sim/meshes/visual/base.dae
[3.097s] -- Up-to-date: /home/harry/ur3e_ws/install/ur3e_gazebo_sim/share/ur3e_gazebo_sim/meshes/visual/shoulder.dae
[3.097s] -- Up-to-date: /home/harry/ur3e_ws/install/ur3e_gazebo_sim/share/ur3e_gazebo_sim/meshes/visual/forearm.dae
[3.100s] -- Up-to-date: /home/harry/ur3e_ws/install/ur3e_gazebo_sim/share/ur3e_gazebo_sim/meshes/visual/upperarm.dae
[3.101s] -- Up-to-date: /home/harry/ur3e_ws/install/ur3e_gazebo_sim/share/ur3e_gazebo_sim/meshes/visual/wrist3.dae
[3.101s] -- Up-to-date: /home/harry/ur3e_ws/install/ur3e_gazebo_sim/share/ur3e_gazebo_sim/meshes/visual/wrist2.dae
[3.102s] -- Up-to-date: /home/harry/ur3e_ws/install/ur3e_gazebo_sim/share/ur3e_gazebo_sim/meshes/collision
[3.102s] -- Up-to-date: /home/harry/ur3e_ws/install/ur3e_gazebo_sim/share/ur3e_gazebo_sim/meshes/collision/shoulder.stl
[3.108s] -- Up-to-date: /home/harry/ur3e_ws/install/ur3e_gazebo_sim/share/ur3e_gazebo_sim/meshes/collision/wrist3.stl
[3.119s] -- Up-to-date: /home/harry/ur3e_ws/install/ur3e_gazebo_sim/share/ur3e_gazebo_sim/meshes/collision/wrist1.stl
[3.119s] -- Up-to-date: /home/harry/ur3e_ws/install/ur3e_gazebo_sim/share/ur3e_gazebo_sim/meshes/collision/forearm.stl
[3.120s] -- Up-to-date: /home/harry/ur3e_ws/install/ur3e_gazebo_sim/share/ur3e_gazebo_sim/meshes/collision/wrist2.stl
[3.120s] -- Up-to-date: /home/harry/ur3e_ws/install/ur3e_gazebo_sim/share/ur3e_gazebo_sim/meshes/collision/upperarm.stl
[3.120s] -- Up-to-date: /home/harry/ur3e_ws/install/ur3e_gazebo_sim/share/ur3e_gazebo_sim/meshes/collision/base.stl
[3.120s] -- Installing: /home/harry/ur3e_ws/install/ur3e_gazebo_sim/share/ament_index/resource_index/package_run_dependencies/ur3e_gazebo_sim
[3.121s] -- Installing: /home/harry/ur3e_ws/install/ur3e_gazebo_sim/share/ament_index/resource_index/parent_prefix_path/ur3e_gazebo_sim
[3.121s] -- Installing: /home/harry/ur3e_ws/install/ur3e_gazebo_sim/share/ur3e_gazebo_sim/environment/ament_prefix_path.sh
[3.121s] -- Installing: /home/harry/ur3e_ws/install/ur3e_gazebo_sim/share/ur3e_gazebo_sim/environment/ament_prefix_path.dsv
[3.121s] -- Installing: /home/harry/ur3e_ws/install/ur3e_gazebo_sim/share/ur3e_gazebo_sim/environment/path.sh
[3.122s] -- Installing: /home/harry/ur3e_ws/install/ur3e_gazebo_sim/share/ur3e_gazebo_sim/environment/path.dsv
[3.122s] -- Installing: /home/harry/ur3e_ws/install/ur3e_gazebo_sim/share/ur3e_gazebo_sim/local_setup.bash
[3.122s] -- Installing: /home/harry/ur3e_ws/install/ur3e_gazebo_sim/share/ur3e_gazebo_sim/local_setup.sh
[3.122s] -- Installing: /home/harry/ur3e_ws/install/ur3e_gazebo_sim/share/ur3e_gazebo_sim/local_setup.zsh
[3.122s] -- Installing: /home/harry/ur3e_ws/install/ur3e_gazebo_sim/share/ur3e_gazebo_sim/local_setup.dsv
[3.123s] -- Installing: /home/harry/ur3e_ws/install/ur3e_gazebo_sim/share/ur3e_gazebo_sim/package.dsv
[3.123s] -- Installing: /home/harry/ur3e_ws/install/ur3e_gazebo_sim/share/ament_index/resource_index/packages/ur3e_gazebo_sim
[3.123s] -- Installing: /home/harry/ur3e_ws/install/ur3e_gazebo_sim/share/ur3e_gazebo_sim/cmake/ur3e_gazebo_simConfig.cmake
[3.123s] -- Installing: /home/harry/ur3e_ws/install/ur3e_gazebo_sim/share/ur3e_gazebo_sim/cmake/ur3e_gazebo_simConfig-version.cmake
[3.123s] -- Up-to-date: /home/harry/ur3e_ws/install/ur3e_gazebo_sim/share/ur3e_gazebo_sim/package.xml
[3.124s] Invoked command in '/home/harry/ur3e_ws/build/ur3e_gazebo_sim' returned '0': CMAKE_PREFIX_PATH=${CMAKE_PREFIX_PATH}:/home/harry/ur3e_ws/install/ur3e_ros_action:/home/harry/ur_ws/install/ur3e_ros_action:/opt/ros/iron /usr/bin/cmake --install /home/harry/ur3e_ws/build/ur3e_gazebo_sim
