[0.007s] Invoking command in '/home/harry/ur3e_ws/src/build/ur3e_moveit': AMENT_PREFIX_PATH=/home/harry/ur3e_ws/src/install/ur3e_ros_data:${AMENT_PREFIX_PATH} CMAKE_PREFIX_PATH=/home/harry/ur3e_ws/src/install/ur3e_ros_data:/home/harry/ur3e_ws/install/ur_moveit_config:/home/harry/ur3e_ws/install/ur_dashboard_msgs:/home/harry/ur3e_ws/install/ur_description:/home/harry/ur3e_ws/install/ur3e_ros_action_cpp:/home/harry/ur3e_ws/install/ur3e_moveit:/home/harry/ur3e_ws/install/ur3e_ros_data:/home/harry/ur3e_ws/install/ur3e_gazebo_sim:/home/harry/ur3e_ws/install/ur3e_ros_action:/opt/ros/iron LD_LIBRARY_PATH=/home/harry/ur3e_ws/src/install/ur3e_ros_data/lib:${LD_LIBRARY_PATH} PYTHONPATH=/home/harry/ur3e_ws/src/install/ur3e_ros_data/lib/python3.10/site-packages:${PYTHONPATH} /usr/bin/cmake --build /home/harry/ur3e_ws/src/build/ur3e_moveit -- -j8 -l8
[0.022s] -- Found ament_cmake: 2.0.4 (/opt/ros/iron/share/ament_cmake/cmake)
[0.125s] -- Found ament_lint_auto: 0.14.3 (/opt/ros/iron/share/ament_lint_auto/cmake)
[0.171s] -- Added test 'flake8' to check Python code syntax and style conventions
[0.171s] -- Configured 'flake8' exclude dirs and/or files: 
[0.171s] -- Added test 'lint_cmake' to check CMake code style
[0.171s] -- Added test 'pep257' to check Python code against some of the docstring style conventions in PEP 257
[0.172s] -- Added test 'xmllint' to check XML markup files
[0.173s] -- Configuring done
[0.176s] -- Generating done
[0.176s] -- Build files have been written to: /home/harry/ur3e_ws/src/build/ur3e_moveit
[0.193s] Invoked command in '/home/harry/ur3e_ws/src/build/ur3e_moveit' returned '0': AMENT_PREFIX_PATH=/home/harry/ur3e_ws/src/install/ur3e_ros_data:${AMENT_PREFIX_PATH} CMAKE_PREFIX_PATH=/home/harry/ur3e_ws/src/install/ur3e_ros_data:/home/harry/ur3e_ws/install/ur_moveit_config:/home/harry/ur3e_ws/install/ur_dashboard_msgs:/home/harry/ur3e_ws/install/ur_description:/home/harry/ur3e_ws/install/ur3e_ros_action_cpp:/home/harry/ur3e_ws/install/ur3e_moveit:/home/harry/ur3e_ws/install/ur3e_ros_data:/home/harry/ur3e_ws/install/ur3e_gazebo_sim:/home/harry/ur3e_ws/install/ur3e_ros_action:/opt/ros/iron LD_LIBRARY_PATH=/home/harry/ur3e_ws/src/install/ur3e_ros_data/lib:${LD_LIBRARY_PATH} PYTHONPATH=/home/harry/ur3e_ws/src/install/ur3e_ros_data/lib/python3.10/site-packages:${PYTHONPATH} /usr/bin/cmake --build /home/harry/ur3e_ws/src/build/ur3e_moveit -- -j8 -l8
[0.209s] Invoking command in '/home/harry/ur3e_ws/src/build/ur3e_moveit': AMENT_PREFIX_PATH=/home/harry/ur3e_ws/src/install/ur3e_ros_data:${AMENT_PREFIX_PATH} CMAKE_PREFIX_PATH=/home/harry/ur3e_ws/src/install/ur3e_ros_data:/home/harry/ur3e_ws/install/ur_moveit_config:/home/harry/ur3e_ws/install/ur_dashboard_msgs:/home/harry/ur3e_ws/install/ur_description:/home/harry/ur3e_ws/install/ur3e_ros_action_cpp:/home/harry/ur3e_ws/install/ur3e_moveit:/home/harry/ur3e_ws/install/ur3e_ros_data:/home/harry/ur3e_ws/install/ur3e_gazebo_sim:/home/harry/ur3e_ws/install/ur3e_ros_action:/opt/ros/iron LD_LIBRARY_PATH=/home/harry/ur3e_ws/src/install/ur3e_ros_data/lib:${LD_LIBRARY_PATH} PYTHONPATH=/home/harry/ur3e_ws/src/install/ur3e_ros_data/lib/python3.10/site-packages:${PYTHONPATH} /usr/bin/cmake --install /home/harry/ur3e_ws/src/build/ur3e_moveit
[0.214s] -- Install configuration: ""
[0.214s] -- Up-to-date: /home/harry/ur3e_ws/src/install/ur3e_moveit/share/ur3e_moveit//launch
[0.214s] -- Up-to-date: /home/harry/ur3e_ws/src/install/ur3e_moveit/share/ur3e_moveit//launch/ur3e.launch.py
[0.214s] -- Installing: /home/harry/ur3e_ws/src/install/ur3e_moveit/share/ur3e_moveit//launch/ur3e_action_interface.launch.py
[0.214s] -- Installing: /home/harry/ur3e_ws/src/install/ur3e_moveit/share/ur3e_moveit//launch/test_launch.launch.py
[0.214s] -- Up-to-date: /home/harry/ur3e_ws/src/install/ur3e_moveit/share/ur3e_moveit//config
[0.214s] -- Installing: /home/harry/ur3e_ws/src/install/ur3e_moveit/share/ur3e_moveit//config/ur3e_controllers.yaml
[0.215s] -- Installing: /home/harry/ur3e_ws/src/install/ur3e_moveit/share/ur3e_moveit//config/ur3e_moveit2.rviz
[0.215s] -- Installing: /home/harry/ur3e_ws/src/install/ur3e_moveit/share/ur3e_moveit//config/chomp_planning.yaml
[0.215s] -- Installing: /home/harry/ur3e_ws/src/install/ur3e_moveit/share/ur3e_moveit//config/ur3e.srdf
[0.215s] -- Installing: /home/harry/ur3e_ws/src/install/ur3e_moveit/share/ur3e_moveit//config/ompl_planning.yaml
[0.215s] -- Installing: /home/harry/ur3e_ws/src/install/ur3e_moveit/share/ur3e_moveit//config/joint_limits.yaml
[0.215s] -- Installing: /home/harry/ur3e_ws/src/install/ur3e_moveit/share/ur3e_moveit//config/kinematics.yaml
[0.215s] -- Up-to-date: /home/harry/ur3e_ws/src/install/ur3e_moveit/share/ament_index/resource_index/package_run_dependencies/ur3e_moveit
[0.215s] -- Installing: /home/harry/ur3e_ws/src/install/ur3e_moveit/share/ament_index/resource_index/parent_prefix_path/ur3e_moveit
[0.215s] -- Installing: /home/harry/ur3e_ws/src/install/ur3e_moveit/share/ur3e_moveit/environment/ament_prefix_path.sh
[0.215s] -- Up-to-date: /home/harry/ur3e_ws/src/install/ur3e_moveit/share/ur3e_moveit/environment/ament_prefix_path.dsv
[0.215s] -- Installing: /home/harry/ur3e_ws/src/install/ur3e_moveit/share/ur3e_moveit/environment/path.sh
[0.215s] -- Up-to-date: /home/harry/ur3e_ws/src/install/ur3e_moveit/share/ur3e_moveit/environment/path.dsv
[0.215s] -- Up-to-date: /home/harry/ur3e_ws/src/install/ur3e_moveit/share/ur3e_moveit/local_setup.bash
[0.215s] -- Up-to-date: /home/harry/ur3e_ws/src/install/ur3e_moveit/share/ur3e_moveit/local_setup.sh
[0.215s] -- Up-to-date: /home/harry/ur3e_ws/src/install/ur3e_moveit/share/ur3e_moveit/local_setup.zsh
[0.216s] -- Up-to-date: /home/harry/ur3e_ws/src/install/ur3e_moveit/share/ur3e_moveit/local_setup.dsv
[0.216s] -- Up-to-date: /home/harry/ur3e_ws/src/install/ur3e_moveit/share/ur3e_moveit/package.dsv
[0.216s] -- Up-to-date: /home/harry/ur3e_ws/src/install/ur3e_moveit/share/ament_index/resource_index/packages/ur3e_moveit
[0.216s] -- Up-to-date: /home/harry/ur3e_ws/src/install/ur3e_moveit/share/ur3e_moveit/cmake/ur3e_moveitConfig.cmake
[0.216s] -- Up-to-date: /home/harry/ur3e_ws/src/install/ur3e_moveit/share/ur3e_moveit/cmake/ur3e_moveitConfig-version.cmake
[0.216s] -- Installing: /home/harry/ur3e_ws/src/install/ur3e_moveit/share/ur3e_moveit/package.xml
[0.217s] Invoked command in '/home/harry/ur3e_ws/src/build/ur3e_moveit' returned '0': AMENT_PREFIX_PATH=/home/harry/ur3e_ws/src/install/ur3e_ros_data:${AMENT_PREFIX_PATH} CMAKE_PREFIX_PATH=/home/harry/ur3e_ws/src/install/ur3e_ros_data:/home/harry/ur3e_ws/install/ur_moveit_config:/home/harry/ur3e_ws/install/ur_dashboard_msgs:/home/harry/ur3e_ws/install/ur_description:/home/harry/ur3e_ws/install/ur3e_ros_action_cpp:/home/harry/ur3e_ws/install/ur3e_moveit:/home/harry/ur3e_ws/install/ur3e_ros_data:/home/harry/ur3e_ws/install/ur3e_gazebo_sim:/home/harry/ur3e_ws/install/ur3e_ros_action:/opt/ros/iron LD_LIBRARY_PATH=/home/harry/ur3e_ws/src/install/ur3e_ros_data/lib:${LD_LIBRARY_PATH} PYTHONPATH=/home/harry/ur3e_ws/src/install/ur3e_ros_data/lib/python3.10/site-packages:${PYTHONPATH} /usr/bin/cmake --install /home/harry/ur3e_ws/src/build/ur3e_moveit
