[0.006s] Invoking command in '/home/harry/ur3e_ws/src/build/ur3e_new_moveit_config': CMAKE_PREFIX_PATH=${CMAKE_PREFIX_PATH}:/home/harry/ur3e_ws/src/install/ur3e_ros_action:/home/harry/ur3e_ws/install/ur3e_ros_action:/opt/ros/iron /usr/bin/cmake /home/harry/ur3e_ws/src/ur3e_new_moveit_config -DCMAKE_INSTALL_PREFIX=/home/harry/ur3e_ws/src/install/ur3e_new_moveit_config
[0.045s] -- The C compiler identification is GNU 11.4.0
[0.093s] -- The CXX compiler identification is GNU 11.4.0
[0.099s] -- Detecting C compiler ABI info
[0.153s] -- Detecting C compiler ABI info - done
[0.162s] -- Check for working C compiler: /usr/bin/cc - skipped
[0.163s] -- Detecting C compile features
[0.163s] -- Detecting C compile features - done
[0.166s] -- Detecting CXX compiler ABI info
[0.230s] -- Detecting CXX compiler ABI info - done
[0.239s] -- Check for working CXX compiler: /usr/bin/c++ - skipped
[0.239s] -- Detecting CXX compile features
[0.239s] -- Detecting CXX compile features - done
[0.239s] -- Found ament_cmake: 2.0.4 (/opt/ros/iron/share/ament_cmake/cmake)
[0.373s] -- Found Python3: /usr/bin/python3.10 (found version "3.10.12") found components: Interpreter 
[0.492s] -- Configuring done
[0.494s] -- Generating done
[0.494s] -- Build files have been written to: /home/harry/ur3e_ws/src/build/ur3e_new_moveit_config
[0.497s] Invoked command in '/home/harry/ur3e_ws/src/build/ur3e_new_moveit_config' returned '0': CMAKE_PREFIX_PATH=${CMAKE_PREFIX_PATH}:/home/harry/ur3e_ws/src/install/ur3e_ros_action:/home/harry/ur3e_ws/install/ur3e_ros_action:/opt/ros/iron /usr/bin/cmake /home/harry/ur3e_ws/src/ur3e_new_moveit_config -DCMAKE_INSTALL_PREFIX=/home/harry/ur3e_ws/src/install/ur3e_new_moveit_config
[0.498s] Invoking command in '/home/harry/ur3e_ws/src/build/ur3e_new_moveit_config': CMAKE_PREFIX_PATH=${CMAKE_PREFIX_PATH}:/home/harry/ur3e_ws/src/install/ur3e_ros_action:/home/harry/ur3e_ws/install/ur3e_ros_action:/opt/ros/iron /usr/bin/cmake --build /home/harry/ur3e_ws/src/build/ur3e_new_moveit_config -- -j8 -l8
[0.524s] Invoked command in '/home/harry/ur3e_ws/src/build/ur3e_new_moveit_config' returned '0': CMAKE_PREFIX_PATH=${CMAKE_PREFIX_PATH}:/home/harry/ur3e_ws/src/install/ur3e_ros_action:/home/harry/ur3e_ws/install/ur3e_ros_action:/opt/ros/iron /usr/bin/cmake --build /home/harry/ur3e_ws/src/build/ur3e_new_moveit_config -- -j8 -l8
[0.541s] Invoking command in '/home/harry/ur3e_ws/src/build/ur3e_new_moveit_config': CMAKE_PREFIX_PATH=${CMAKE_PREFIX_PATH}:/home/harry/ur3e_ws/src/install/ur3e_ros_action:/home/harry/ur3e_ws/install/ur3e_ros_action:/opt/ros/iron /usr/bin/cmake --install /home/harry/ur3e_ws/src/build/ur3e_new_moveit_config
[0.546s] -- Install configuration: ""
[0.546s] -- Installing: /home/harry/ur3e_ws/src/install/ur3e_new_moveit_config/share/ament_index/resource_index/package_run_dependencies/ur3e_new_moveit_config
[0.546s] -- Installing: /home/harry/ur3e_ws/src/install/ur3e_new_moveit_config/share/ament_index/resource_index/parent_prefix_path/ur3e_new_moveit_config
[0.546s] -- Installing: /home/harry/ur3e_ws/src/install/ur3e_new_moveit_config/share/ur3e_new_moveit_config/environment/ament_prefix_path.sh
[0.546s] -- Installing: /home/harry/ur3e_ws/src/install/ur3e_new_moveit_config/share/ur3e_new_moveit_config/environment/ament_prefix_path.dsv
[0.546s] -- Installing: /home/harry/ur3e_ws/src/install/ur3e_new_moveit_config/share/ur3e_new_moveit_config/environment/path.sh
[0.546s] -- Installing: /home/harry/ur3e_ws/src/install/ur3e_new_moveit_config/share/ur3e_new_moveit_config/environment/path.dsv
[0.546s] -- Installing: /home/harry/ur3e_ws/src/install/ur3e_new_moveit_config/share/ur3e_new_moveit_config/local_setup.bash
[0.546s] -- Installing: /home/harry/ur3e_ws/src/install/ur3e_new_moveit_config/share/ur3e_new_moveit_config/local_setup.sh
[0.546s] -- Installing: /home/harry/ur3e_ws/src/install/ur3e_new_moveit_config/share/ur3e_new_moveit_config/local_setup.zsh
[0.546s] -- Installing: /home/harry/ur3e_ws/src/install/ur3e_new_moveit_config/share/ur3e_new_moveit_config/local_setup.dsv
[0.546s] -- Installing: /home/harry/ur3e_ws/src/install/ur3e_new_moveit_config/share/ur3e_new_moveit_config/package.dsv
[0.547s] -- Installing: /home/harry/ur3e_ws/src/install/ur3e_new_moveit_config/share/ament_index/resource_index/packages/ur3e_new_moveit_config
[0.547s] -- Installing: /home/harry/ur3e_ws/src/install/ur3e_new_moveit_config/share/ur3e_new_moveit_config/cmake/ur3e_new_moveit_configConfig.cmake
[0.547s] -- Installing: /home/harry/ur3e_ws/src/install/ur3e_new_moveit_config/share/ur3e_new_moveit_config/cmake/ur3e_new_moveit_configConfig-version.cmake
[0.547s] -- Installing: /home/harry/ur3e_ws/src/install/ur3e_new_moveit_config/share/ur3e_new_moveit_config/package.xml
[0.547s] -- Installing: /home/harry/ur3e_ws/src/install/ur3e_new_moveit_config/share/ur3e_new_moveit_config/launch
[0.547s] -- Installing: /home/harry/ur3e_ws/src/install/ur3e_new_moveit_config/share/ur3e_new_moveit_config/launch/setup_assistant.launch.py
[0.547s] -- Installing: /home/harry/ur3e_ws/src/install/ur3e_new_moveit_config/share/ur3e_new_moveit_config/launch/spawn_controllers.launch.py
[0.547s] -- Installing: /home/harry/ur3e_ws/src/install/ur3e_new_moveit_config/share/ur3e_new_moveit_config/launch/warehouse_db.launch.py
[0.547s] -- Installing: /home/harry/ur3e_ws/src/install/ur3e_new_moveit_config/share/ur3e_new_moveit_config/launch/rsp.launch.py
[0.547s] -- Installing: /home/harry/ur3e_ws/src/install/ur3e_new_moveit_config/share/ur3e_new_moveit_config/launch/static_virtual_joint_tfs.launch.py
[0.547s] -- Installing: /home/harry/ur3e_ws/src/install/ur3e_new_moveit_config/share/ur3e_new_moveit_config/launch/move_group.launch.py
[0.547s] -- Installing: /home/harry/ur3e_ws/src/install/ur3e_new_moveit_config/share/ur3e_new_moveit_config/launch/demo.launch.py
[0.547s] -- Installing: /home/harry/ur3e_ws/src/install/ur3e_new_moveit_config/share/ur3e_new_moveit_config/launch/moveit_rviz.launch.py
[0.547s] -- Installing: /home/harry/ur3e_ws/src/install/ur3e_new_moveit_config/share/ur3e_new_moveit_config/config
[0.547s] -- Installing: /home/harry/ur3e_ws/src/install/ur3e_new_moveit_config/share/ur3e_new_moveit_config/config/initial_positions.yaml
[0.547s] -- Installing: /home/harry/ur3e_ws/src/install/ur3e_new_moveit_config/share/ur3e_new_moveit_config/config/ur3e.ros2_control.xacro
[0.547s] -- Installing: /home/harry/ur3e_ws/src/install/ur3e_new_moveit_config/share/ur3e_new_moveit_config/config/moveit_controllers.yaml
[0.547s] -- Installing: /home/harry/ur3e_ws/src/install/ur3e_new_moveit_config/share/ur3e_new_moveit_config/config/ros2_controllers.yaml
[0.548s] -- Installing: /home/harry/ur3e_ws/src/install/ur3e_new_moveit_config/share/ur3e_new_moveit_config/config/ur3e.srdf
[0.548s] -- Installing: /home/harry/ur3e_ws/src/install/ur3e_new_moveit_config/share/ur3e_new_moveit_config/config/moveit.rviz
[0.548s] -- Installing: /home/harry/ur3e_ws/src/install/ur3e_new_moveit_config/share/ur3e_new_moveit_config/config/ur3e.urdf.xacro
[0.548s] -- Installing: /home/harry/ur3e_ws/src/install/ur3e_new_moveit_config/share/ur3e_new_moveit_config/config/joint_limits.yaml
[0.548s] -- Installing: /home/harry/ur3e_ws/src/install/ur3e_new_moveit_config/share/ur3e_new_moveit_config/config/kinematics.yaml
[0.548s] -- Installing: /home/harry/ur3e_ws/src/install/ur3e_new_moveit_config/share/ur3e_new_moveit_config/config/pilz_cartesian_limits.yaml
[0.548s] -- Installing: /home/harry/ur3e_ws/src/install/ur3e_new_moveit_config/share/ur3e_new_moveit_config/.setup_assistant
[0.549s] Invoked command in '/home/harry/ur3e_ws/src/build/ur3e_new_moveit_config' returned '0': CMAKE_PREFIX_PATH=${CMAKE_PREFIX_PATH}:/home/harry/ur3e_ws/src/install/ur3e_ros_action:/home/harry/ur3e_ws/install/ur3e_ros_action:/opt/ros/iron /usr/bin/cmake --install /home/harry/ur3e_ws/src/build/ur3e_new_moveit_config
