[0.101s] Invoking command in '/home/harry/ur3e_ws/build/ur3e_ros_action_cpp': CMAKE_PREFIX_PATH=/home/harry/ur3e_ws/install/ur3e_ros_data:/home/harry/ur3e_ws/install/ur3e_ros_action_cpp:/home/harry/ur3e_ws/install/ur3e_moveit:/home/harry/ur3e_ws/install/ur3e_gazebo_sim:/home/harry/ur_ws/install/ur3e_ros_data:/home/harry/ur3e_ws/install/ur3e_ros_action:/home/harry/ur_ws/install/ur3e_ros_action:/home/harry/ur_ws/install/ur3e_gazebo_sim:/opt/ros/iron /usr/bin/cmake --build /home/harry/ur3e_ws/build/ur3e_ros_action_cpp -- -j2 -l2
[0.498s] [35m[1mConsolidate compiler generated dependencies of target moveJ_action[0m
[0.623s] [ 50%] [32mBuilding CXX object CMakeFiles/moveJ_action.dir/src/moveJ_action.cpp.o[0m
[51.393s] [100%] [32m[1mLinking CXX executable moveJ_action[0m
[53.464s] [100%] Built target moveJ_action
[53.512s] Invoked command in '/home/harry/ur3e_ws/build/ur3e_ros_action_cpp' returned '0': CMAKE_PREFIX_PATH=/home/harry/ur3e_ws/install/ur3e_ros_data:/home/harry/ur3e_ws/install/ur3e_ros_action_cpp:/home/harry/ur3e_ws/install/ur3e_moveit:/home/harry/ur3e_ws/install/ur3e_gazebo_sim:/home/harry/ur_ws/install/ur3e_ros_data:/home/harry/ur3e_ws/install/ur3e_ros_action:/home/harry/ur_ws/install/ur3e_ros_action:/home/harry/ur_ws/install/ur3e_gazebo_sim:/opt/ros/iron /usr/bin/cmake --build /home/harry/ur3e_ws/build/ur3e_ros_action_cpp -- -j2 -l2
[53.697s] Invoking command in '/home/harry/ur3e_ws/build/ur3e_ros_action_cpp': CMAKE_PREFIX_PATH=/home/harry/ur3e_ws/install/ur3e_ros_data:/home/harry/ur3e_ws/install/ur3e_ros_action_cpp:/home/harry/ur3e_ws/install/ur3e_moveit:/home/harry/ur3e_ws/install/ur3e_gazebo_sim:/home/harry/ur_ws/install/ur3e_ros_data:/home/harry/ur3e_ws/install/ur3e_ros_action:/home/harry/ur_ws/install/ur3e_ros_action:/home/harry/ur_ws/install/ur3e_gazebo_sim:/opt/ros/iron /usr/bin/cmake --install /home/harry/ur3e_ws/build/ur3e_ros_action_cpp
[53.759s] -- Install configuration: ""
[53.764s] -- Installing: /home/harry/ur3e_ws/install/ur3e_ros_action_cpp/lib/ur3e_ros_action_cpp/moveJ_action
[53.766s] -- Set runtime path of "/home/harry/ur3e_ws/install/ur3e_ros_action_cpp/lib/ur3e_ros_action_cpp/moveJ_action" to ""
[53.768s] -- Up-to-date: /home/harry/ur3e_ws/install/ur3e_ros_action_cpp/share/ament_index/resource_index/package_run_dependencies/ur3e_ros_action_cpp
[53.769s] -- Up-to-date: /home/harry/ur3e_ws/install/ur3e_ros_action_cpp/share/ament_index/resource_index/parent_prefix_path/ur3e_ros_action_cpp
[53.769s] -- Up-to-date: /home/harry/ur3e_ws/install/ur3e_ros_action_cpp/share/ur3e_ros_action_cpp/environment/ament_prefix_path.sh
[53.772s] -- Up-to-date: /home/harry/ur3e_ws/install/ur3e_ros_action_cpp/share/ur3e_ros_action_cpp/environment/ament_prefix_path.dsv
[53.773s] -- Up-to-date: /home/harry/ur3e_ws/install/ur3e_ros_action_cpp/share/ur3e_ros_action_cpp/environment/path.sh
[53.780s] -- Up-to-date: /home/harry/ur3e_ws/install/ur3e_ros_action_cpp/share/ur3e_ros_action_cpp/environment/path.dsv
[53.780s] -- Up-to-date: /home/harry/ur3e_ws/install/ur3e_ros_action_cpp/share/ur3e_ros_action_cpp/local_setup.bash
[53.780s] -- Up-to-date: /home/harry/ur3e_ws/install/ur3e_ros_action_cpp/share/ur3e_ros_action_cpp/local_setup.sh
[53.781s] -- Up-to-date: /home/harry/ur3e_ws/install/ur3e_ros_action_cpp/share/ur3e_ros_action_cpp/local_setup.zsh
[53.781s] -- Up-to-date: /home/harry/ur3e_ws/install/ur3e_ros_action_cpp/share/ur3e_ros_action_cpp/local_setup.dsv
[53.782s] -- Installing: /home/harry/ur3e_ws/install/ur3e_ros_action_cpp/share/ur3e_ros_action_cpp/package.dsv
[53.782s] -- Up-to-date: /home/harry/ur3e_ws/install/ur3e_ros_action_cpp/share/ament_index/resource_index/packages/ur3e_ros_action_cpp
[53.797s] -- Up-to-date: /home/harry/ur3e_ws/install/ur3e_ros_action_cpp/share/ur3e_ros_action_cpp/cmake/ur3e_ros_action_cppConfig.cmake
[53.797s] -- Up-to-date: /home/harry/ur3e_ws/install/ur3e_ros_action_cpp/share/ur3e_ros_action_cpp/cmake/ur3e_ros_action_cppConfig-version.cmake
[53.797s] -- Up-to-date: /home/harry/ur3e_ws/install/ur3e_ros_action_cpp/share/ur3e_ros_action_cpp/package.xml
[53.805s] Invoked command in '/home/harry/ur3e_ws/build/ur3e_ros_action_cpp' returned '0': CMAKE_PREFIX_PATH=/home/harry/ur3e_ws/install/ur3e_ros_data:/home/harry/ur3e_ws/install/ur3e_ros_action_cpp:/home/harry/ur3e_ws/install/ur3e_moveit:/home/harry/ur3e_ws/install/ur3e_gazebo_sim:/home/harry/ur_ws/install/ur3e_ros_data:/home/harry/ur3e_ws/install/ur3e_ros_action:/home/harry/ur_ws/install/ur3e_ros_action:/home/harry/ur_ws/install/ur3e_gazebo_sim:/opt/ros/iron /usr/bin/cmake --install /home/harry/ur3e_ws/build/ur3e_ros_action_cpp
