[0.029s] Invoking command in '/home/harry/ur_ws/build/ur3e_gazebo_sim': CMAKE_PREFIX_PATH=${CMAKE_PREFIX_PATH}:/home/harry/ros2_ws/install/py_srvcli:/home/harry/ros2_ws/install/py_pubsub:/home/harry/ros2_ws/install/python_parameters:/home/harry/ros2_ws/install/py_example_package:/home/harry/ros2_ws/install/launch_testing_examples:/home/harry/ros2_ws/install/examples_rclpy_pointcloud_publisher:/home/harry/ros2_ws/install/examples_rclpy_minimal_subscriber:/home/harry/ros2_ws/install/examples_rclpy_minimal_service:/home/harry/ros2_ws/install/examples_rclpy_minimal_publisher:/home/harry/ros2_ws/install/examples_rclpy_minimal_client:/home/harry/ros2_ws/install/examples_rclpy_minimal_action_server:/home/harry/ros2_ws/install/examples_rclpy_minimal_action_client:/home/harry/ros2_ws/install/examples_rclpy_guard_conditions:/home/harry/ros2_ws/install/examples_rclpy_executors:/opt/ros/iron /usr/bin/cmake /home/harry/ur_ws/src/ur3e_gazebo_sim -DCMAKE_INSTALL_PREFIX=/home/harry/ur_ws/install/ur3e_gazebo_sim
[0.275s] -- The C compiler identification is GNU 11.4.0
[0.501s] -- The CXX compiler identification is GNU 11.4.0
[0.531s] -- Detecting C compiler ABI info
[0.796s] -- Detecting C compiler ABI info - done
[0.817s] -- Check for working C compiler: /usr/bin/cc - skipped
[0.819s] -- Detecting C compile features
[0.821s] -- Detecting C compile features - done
[0.839s] -- Detecting CXX compiler ABI info
[1.174s] -- Detecting CXX compiler ABI info - done
[1.198s] -- Check for working CXX compiler: /usr/bin/c++ - skipped
[1.199s] -- Detecting CXX compile features
[1.201s] -- Detecting CXX compile features - done
[1.219s] -- Found ament_cmake: 2.0.4 (/opt/ros/iron/share/ament_cmake/cmake)
[1.986s] -- Found Python3: /usr/bin/python3.10 (found version "3.10.12") found components: Interpreter 
[2.547s] -- Found ament_lint_auto: 0.14.3 (/opt/ros/iron/share/ament_lint_auto/cmake)
[2.931s] -- Added test 'flake8' to check Python code syntax and style conventions
[2.931s] -- Configured 'flake8' exclude dirs and/or files: 
[2.934s] -- Added test 'lint_cmake' to check CMake code style
[2.937s] -- Added test 'pep257' to check Python code against some of the docstring style conventions in PEP 257
[2.945s] -- Added test 'xmllint' to check XML markup files
[2.951s] -- Configuring done
[2.965s] -- Generating done
[2.972s] -- Build files have been written to: /home/harry/ur_ws/build/ur3e_gazebo_sim
[2.998s] Invoked command in '/home/harry/ur_ws/build/ur3e_gazebo_sim' returned '0': CMAKE_PREFIX_PATH=${CMAKE_PREFIX_PATH}:/home/harry/ros2_ws/install/py_srvcli:/home/harry/ros2_ws/install/py_pubsub:/home/harry/ros2_ws/install/python_parameters:/home/harry/ros2_ws/install/py_example_package:/home/harry/ros2_ws/install/launch_testing_examples:/home/harry/ros2_ws/install/examples_rclpy_pointcloud_publisher:/home/harry/ros2_ws/install/examples_rclpy_minimal_subscriber:/home/harry/ros2_ws/install/examples_rclpy_minimal_service:/home/harry/ros2_ws/install/examples_rclpy_minimal_publisher:/home/harry/ros2_ws/install/examples_rclpy_minimal_client:/home/harry/ros2_ws/install/examples_rclpy_minimal_action_server:/home/harry/ros2_ws/install/examples_rclpy_minimal_action_client:/home/harry/ros2_ws/install/examples_rclpy_guard_conditions:/home/harry/ros2_ws/install/examples_rclpy_executors:/opt/ros/iron /usr/bin/cmake /home/harry/ur_ws/src/ur3e_gazebo_sim -DCMAKE_INSTALL_PREFIX=/home/harry/ur_ws/install/ur3e_gazebo_sim
[3.007s] Invoking command in '/home/harry/ur_ws/build/ur3e_gazebo_sim': CMAKE_PREFIX_PATH=${CMAKE_PREFIX_PATH}:/home/harry/ros2_ws/install/py_srvcli:/home/harry/ros2_ws/install/py_pubsub:/home/harry/ros2_ws/install/python_parameters:/home/harry/ros2_ws/install/py_example_package:/home/harry/ros2_ws/install/launch_testing_examples:/home/harry/ros2_ws/install/examples_rclpy_pointcloud_publisher:/home/harry/ros2_ws/install/examples_rclpy_minimal_subscriber:/home/harry/ros2_ws/install/examples_rclpy_minimal_service:/home/harry/ros2_ws/install/examples_rclpy_minimal_publisher:/home/harry/ros2_ws/install/examples_rclpy_minimal_client:/home/harry/ros2_ws/install/examples_rclpy_minimal_action_server:/home/harry/ros2_ws/install/examples_rclpy_minimal_action_client:/home/harry/ros2_ws/install/examples_rclpy_guard_conditions:/home/harry/ros2_ws/install/examples_rclpy_executors:/opt/ros/iron /usr/bin/cmake --build /home/harry/ur_ws/build/ur3e_gazebo_sim -- -j2 -l2
[3.156s] Invoked command in '/home/harry/ur_ws/build/ur3e_gazebo_sim' returned '0': CMAKE_PREFIX_PATH=${CMAKE_PREFIX_PATH}:/home/harry/ros2_ws/install/py_srvcli:/home/harry/ros2_ws/install/py_pubsub:/home/harry/ros2_ws/install/python_parameters:/home/harry/ros2_ws/install/py_example_package:/home/harry/ros2_ws/install/launch_testing_examples:/home/harry/ros2_ws/install/examples_rclpy_pointcloud_publisher:/home/harry/ros2_ws/install/examples_rclpy_minimal_subscriber:/home/harry/ros2_ws/install/examples_rclpy_minimal_service:/home/harry/ros2_ws/install/examples_rclpy_minimal_publisher:/home/harry/ros2_ws/install/examples_rclpy_minimal_client:/home/harry/ros2_ws/install/examples_rclpy_minimal_action_server:/home/harry/ros2_ws/install/examples_rclpy_minimal_action_client:/home/harry/ros2_ws/install/examples_rclpy_guard_conditions:/home/harry/ros2_ws/install/examples_rclpy_executors:/opt/ros/iron /usr/bin/cmake --build /home/harry/ur_ws/build/ur3e_gazebo_sim -- -j2 -l2
[3.306s] Invoking command in '/home/harry/ur_ws/build/ur3e_gazebo_sim': CMAKE_PREFIX_PATH=${CMAKE_PREFIX_PATH}:/home/harry/ros2_ws/install/py_srvcli:/home/harry/ros2_ws/install/py_pubsub:/home/harry/ros2_ws/install/python_parameters:/home/harry/ros2_ws/install/py_example_package:/home/harry/ros2_ws/install/launch_testing_examples:/home/harry/ros2_ws/install/examples_rclpy_pointcloud_publisher:/home/harry/ros2_ws/install/examples_rclpy_minimal_subscriber:/home/harry/ros2_ws/install/examples_rclpy_minimal_service:/home/harry/ros2_ws/install/examples_rclpy_minimal_publisher:/home/harry/ros2_ws/install/examples_rclpy_minimal_client:/home/harry/ros2_ws/install/examples_rclpy_minimal_action_server:/home/harry/ros2_ws/install/examples_rclpy_minimal_action_client:/home/harry/ros2_ws/install/examples_rclpy_guard_conditions:/home/harry/ros2_ws/install/examples_rclpy_executors:/opt/ros/iron /usr/bin/cmake --install /home/harry/ur_ws/build/ur3e_gazebo_sim
[3.337s] -- Install configuration: ""
[3.338s] -- Installing: /home/harry/ur_ws/install/ur3e_gazebo_sim/share/ament_index/resource_index/package_run_dependencies/ur3e_gazebo_sim
[3.339s] -- Installing: /home/harry/ur_ws/install/ur3e_gazebo_sim/share/ament_index/resource_index/parent_prefix_path/ur3e_gazebo_sim
[3.340s] -- Installing: /home/harry/ur_ws/install/ur3e_gazebo_sim/share/ur3e_gazebo_sim/environment/ament_prefix_path.sh
[3.342s] -- Installing: /home/harry/ur_ws/install/ur3e_gazebo_sim/share/ur3e_gazebo_sim/environment/ament_prefix_path.dsv
[3.360s] -- Installing: /home/harry/ur_ws/install/ur3e_gazebo_sim/share/ur3e_gazebo_sim/environment/path.sh
[3.360s] -- Installing: /home/harry/ur_ws/install/ur3e_gazebo_sim/share/ur3e_gazebo_sim/environment/path.dsv
[3.361s] -- Installing: /home/harry/ur_ws/install/ur3e_gazebo_sim/share/ur3e_gazebo_sim/local_setup.bash
[3.361s] -- Installing: /home/harry/ur_ws/install/ur3e_gazebo_sim/share/ur3e_gazebo_sim/local_setup.sh
[3.361s] -- Installing: /home/harry/ur_ws/install/ur3e_gazebo_sim/share/ur3e_gazebo_sim/local_setup.zsh
[3.361s] -- Installing: /home/harry/ur_ws/install/ur3e_gazebo_sim/share/ur3e_gazebo_sim/local_setup.dsv
[3.361s] -- Installing: /home/harry/ur_ws/install/ur3e_gazebo_sim/share/ur3e_gazebo_sim/package.dsv
[3.361s] -- Installing: /home/harry/ur_ws/install/ur3e_gazebo_sim/share/ament_index/resource_index/packages/ur3e_gazebo_sim
[3.361s] -- Installing: /home/harry/ur_ws/install/ur3e_gazebo_sim/share/ur3e_gazebo_sim/cmake/ur3e_gazebo_simConfig.cmake
[3.361s] -- Installing: /home/harry/ur_ws/install/ur3e_gazebo_sim/share/ur3e_gazebo_sim/cmake/ur3e_gazebo_simConfig-version.cmake
[3.362s] -- Installing: /home/harry/ur_ws/install/ur3e_gazebo_sim/share/ur3e_gazebo_sim/package.xml
[3.362s] Invoked command in '/home/harry/ur_ws/build/ur3e_gazebo_sim' returned '0': CMAKE_PREFIX_PATH=${CMAKE_PREFIX_PATH}:/home/harry/ros2_ws/install/py_srvcli:/home/harry/ros2_ws/install/py_pubsub:/home/harry/ros2_ws/install/python_parameters:/home/harry/ros2_ws/install/py_example_package:/home/harry/ros2_ws/install/launch_testing_examples:/home/harry/ros2_ws/install/examples_rclpy_pointcloud_publisher:/home/harry/ros2_ws/install/examples_rclpy_minimal_subscriber:/home/harry/ros2_ws/install/examples_rclpy_minimal_service:/home/harry/ros2_ws/install/examples_rclpy_minimal_publisher:/home/harry/ros2_ws/install/examples_rclpy_minimal_client:/home/harry/ros2_ws/install/examples_rclpy_minimal_action_server:/home/harry/ros2_ws/install/examples_rclpy_minimal_action_client:/home/harry/ros2_ws/install/examples_rclpy_guard_conditions:/home/harry/ros2_ws/install/examples_rclpy_executors:/opt/ros/iron /usr/bin/cmake --install /home/harry/ur_ws/build/ur3e_gazebo_sim
