[0.012s] Invoking command in '/home/harry/ur3e_ws/build/ur3e_ros_data': CMAKE_PREFIX_PATH=${CMAKE_PREFIX_PATH}:/home/harry/ur3e_ws/install/ur3e_ros_action:/opt/ros/iron /usr/bin/cmake --build /home/harry/ur3e_ws/build/ur3e_ros_data -- -j8 -l8
[0.032s] -- Found ament_cmake: 2.0.4 (/opt/ros/iron/share/ament_cmake/cmake)
[0.121s] -- Found rosidl_default_generators: 1.5.0 (/opt/ros/iron/share/rosidl_default_generators/cmake)
[0.123s] -- Using all available rosidl_typesupport_c: rosidl_typesupport_fastrtps_c;rosidl_typesupport_introspection_c
[0.144s] -- Using all available rosidl_typesupport_cpp: rosidl_typesupport_fastrtps_cpp;rosidl_typesupport_introspection_cpp
[0.161s] -- Found rosidl_adapter: 4.0.1 (/opt/ros/iron/share/rosidl_adapter/cmake)
[0.509s] -- Found ament_cmake_ros: 0.11.2 (/opt/ros/iron/share/ament_cmake_ros/cmake)
[0.634s] -- Using all available rosidl_typesupport_c: rosidl_typesupport_fastrtps_c;rosidl_typesupport_introspection_c
[0.792s] -- Using all available rosidl_typesupport_cpp: rosidl_typesupport_fastrtps_cpp;rosidl_typesupport_introspection_cpp
[0.806s] -- Found python_cmake_module: 0.10.2 (/opt/ros/iron/share/python_cmake_module/cmake)
[0.820s] -- Using PYTHON_EXECUTABLE: /usr/bin/python3
[0.820s] -- Using PYTHON_INCLUDE_DIRS: /usr/include/python3.10
[0.820s] -- Using PYTHON_LIBRARIES: /usr/lib/x86_64-linux-gnu/libpython3.10.so
[0.835s] -- Found ament_lint_auto: 0.14.3 (/opt/ros/iron/share/ament_lint_auto/cmake)
[0.839s] -- Added test 'lint_cmake' to check CMake code style
[0.839s] -- Added test 'xmllint' to check XML markup files
[0.840s] -- Configuring done
[0.865s] -- Generating done
[0.867s] -- Build files have been written to: /home/harry/ur3e_ws/build/ur3e_ros_data
[0.890s] [  1%] [34m[1mGenerating type hashes for ROS interfaces[0m
[0.897s] [  1%] Built target ament_cmake_python_copy_ur3e_ros_data
[1.060s] running egg_info
[1.061s] writing ur3e_ros_data.egg-info/PKG-INFO
[1.061s] writing dependency_links to ur3e_ros_data.egg-info/dependency_links.txt
[1.061s] writing top-level names to ur3e_ros_data.egg-info/top_level.txt
[1.063s] reading manifest file 'ur3e_ros_data.egg-info/SOURCES.txt'
[1.064s] writing manifest file 'ur3e_ros_data.egg-info/SOURCES.txt'
[1.080s] [  1%] Built target ur3e_ros_data__rosidl_generator_type_description
[1.084s] [  1%] Built target ament_cmake_python_build_ur3e_ros_data_egg
[1.087s] [  2%] [34m[1mGenerating C code for ROS interfaces[0m
[1.093s] [  4%] [34m[1mGenerating C++ code for ROS interfaces[0m
[1.971s] [  4%] Built target ur3e_ros_data__cpp
[2.110s] [35m[1mConsolidate compiler generated dependencies of target ur3e_ros_data__rosidl_generator_c[0m
[2.121s] [  8%] [32mBuilding C object CMakeFiles/ur3e_ros_data__rosidl_generator_c.dir/rosidl_generator_c/ur3e_ros_data/msg/detail/joint_pose__functions.c.o[0m
[2.121s] [  8%] [32mBuilding C object CMakeFiles/ur3e_ros_data__rosidl_generator_c.dir/rosidl_generator_c/ur3e_ros_data/msg/detail/joint_pose__description.c.o[0m
[2.122s] [ 10%] [32mBuilding C object CMakeFiles/ur3e_ros_data__rosidl_generator_c.dir/rosidl_generator_c/ur3e_ros_data/msg/detail/joint_pose__type_support.c.o[0m
[2.122s] [ 10%] [32mBuilding C object CMakeFiles/ur3e_ros_data__rosidl_generator_c.dir/rosidl_generator_c/ur3e_ros_data/action/detail/move_j__description.c.o[0m
[2.122s] [ 12%] [32mBuilding C object CMakeFiles/ur3e_ros_data__rosidl_generator_c.dir/rosidl_generator_c/ur3e_ros_data/action/detail/move_j__type_support.c.o[0m
[2.122s] [ 14%] [32mBuilding C object CMakeFiles/ur3e_ros_data__rosidl_generator_c.dir/rosidl_generator_c/ur3e_ros_data/action/detail/move_l__functions.c.o[0m
[2.122s] [ 14%] [32mBuilding C object CMakeFiles/ur3e_ros_data__rosidl_generator_c.dir/rosidl_generator_c/ur3e_ros_data/action/detail/move_j__functions.c.o[0m
[2.122s] [ 10%] [32mBuilding C object CMakeFiles/ur3e_ros_data__rosidl_generator_c.dir/rosidl_generator_c/ur3e_ros_data/action/detail/move_l__description.c.o[0m
[2.154s] [ 16%] [32mBuilding C object CMakeFiles/ur3e_ros_data__rosidl_generator_c.dir/rosidl_generator_c/ur3e_ros_data/action/detail/move_l__type_support.c.o[0m
[2.161s] [ 17%] [32mBuilding C object CMakeFiles/ur3e_ros_data__rosidl_generator_c.dir/rosidl_generator_c/ur3e_ros_data/action/detail/move_xyzw__description.c.o[0m
[2.169s] [ 18%] [32mBuilding C object CMakeFiles/ur3e_ros_data__rosidl_generator_c.dir/rosidl_generator_c/ur3e_ros_data/action/detail/move_xyzw__functions.c.o[0m
[2.170s] [ 20%] [32mBuilding C object CMakeFiles/ur3e_ros_data__rosidl_generator_c.dir/rosidl_generator_c/ur3e_ros_data/action/detail/move_xyzw__type_support.c.o[0m
[2.196s] [ 21%] [32mBuilding C object CMakeFiles/ur3e_ros_data__rosidl_generator_c.dir/rosidl_generator_c/ur3e_ros_data/action/detail/move_xyz__description.c.o[0m
[2.208s] [ 22%] [32mBuilding C object CMakeFiles/ur3e_ros_data__rosidl_generator_c.dir/rosidl_generator_c/ur3e_ros_data/action/detail/move_xyz__functions.c.o[0m
[2.213s] [ 24%] [32mBuilding C object CMakeFiles/ur3e_ros_data__rosidl_generator_c.dir/rosidl_generator_c/ur3e_ros_data/action/detail/move_xyz__type_support.c.o[0m
[2.322s] [ 25%] [32m[1mLinking C shared library libur3e_ros_data__rosidl_generator_c.so[0m
[2.365s] [ 25%] Built target ur3e_ros_data__rosidl_generator_c
[2.376s] [ 28%] [34m[1mGenerating C type support for eProsima Fast-RTPS[0m
[2.376s] [ 28%] [34m[1mGenerating C introspection for ROS interfaces[0m
[2.377s] [ 29%] [34m[1mGenerating C++ type support dispatch for ROS interfaces[0m
[2.379s] [ 31%] [34m[1mGenerating C type support dispatch for ROS interfaces[0m
[2.379s] [ 33%] [34m[1mGenerating C++ type support for eProsima Fast-RTPS[0m
[2.379s] [ 33%] [34m[1mGenerating C++ introspection for ROS interfaces[0m
[3.016s] [35m[1mConsolidate compiler generated dependencies of target ur3e_ros_data__rosidl_typesupport_c[0m
[3.036s] [ 35%] [32mBuilding CXX object CMakeFiles/ur3e_ros_data__rosidl_typesupport_c.dir/rosidl_typesupport_c/ur3e_ros_data/action/move_j__type_support.cpp.o[0m
[3.037s] [ 36%] [32mBuilding CXX object CMakeFiles/ur3e_ros_data__rosidl_typesupport_c.dir/rosidl_typesupport_c/ur3e_ros_data/msg/joint_pose__type_support.cpp.o[0m
[3.047s] [ 37%] [32mBuilding CXX object CMakeFiles/ur3e_ros_data__rosidl_typesupport_c.dir/rosidl_typesupport_c/ur3e_ros_data/action/move_l__type_support.cpp.o[0m
[3.081s] [ 39%] [32mBuilding CXX object CMakeFiles/ur3e_ros_data__rosidl_typesupport_c.dir/rosidl_typesupport_c/ur3e_ros_data/action/move_xyzw__type_support.cpp.o[0m
[3.109s] [ 40%] [32mBuilding CXX object CMakeFiles/ur3e_ros_data__rosidl_typesupport_c.dir/rosidl_typesupport_c/ur3e_ros_data/action/move_xyz__type_support.cpp.o[0m
[3.169s] [ 41%] [32m[1mLinking CXX shared library libur3e_ros_data__rosidl_typesupport_c.so[0m
[3.215s] [ 41%] Built target ur3e_ros_data__rosidl_typesupport_c
[3.271s] [35m[1mConsolidate compiler generated dependencies of target ur3e_ros_data__rosidl_typesupport_cpp[0m
[3.288s] [ 43%] [32mBuilding CXX object CMakeFiles/ur3e_ros_data__rosidl_typesupport_cpp.dir/rosidl_typesupport_cpp/ur3e_ros_data/msg/joint_pose__type_support.cpp.o[0m
[3.288s] [ 44%] [32mBuilding CXX object CMakeFiles/ur3e_ros_data__rosidl_typesupport_cpp.dir/rosidl_typesupport_cpp/ur3e_ros_data/action/move_j__type_support.cpp.o[0m
[3.289s] [ 45%] [32mBuilding CXX object CMakeFiles/ur3e_ros_data__rosidl_typesupport_cpp.dir/rosidl_typesupport_cpp/ur3e_ros_data/action/move_xyzw__type_support.cpp.o[0m
[3.297s] [ 47%] [32mBuilding CXX object CMakeFiles/ur3e_ros_data__rosidl_typesupport_cpp.dir/rosidl_typesupport_cpp/ur3e_ros_data/action/move_l__type_support.cpp.o[0m
[3.717s] [35m[1mConsolidate compiler generated dependencies of target ur3e_ros_data__rosidl_typesupport_introspection_cpp[0m
[3.750s] [ 48%] [32mBuilding CXX object CMakeFiles/ur3e_ros_data__rosidl_typesupport_introspection_cpp.dir/rosidl_typesupport_introspection_cpp/ur3e_ros_data/msg/detail/joint_pose__type_support.cpp.o[0m
[3.765s] [35m[1mConsolidate compiler generated dependencies of target ur3e_ros_data__rosidl_typesupport_fastrtps_c[0m
[3.766s] [ 50%] [32mBuilding CXX object CMakeFiles/ur3e_ros_data__rosidl_typesupport_cpp.dir/rosidl_typesupport_cpp/ur3e_ros_data/action/move_xyz__type_support.cpp.o[0m
[3.804s] [ 51%] [32mBuilding CXX object CMakeFiles/ur3e_ros_data__rosidl_typesupport_fastrtps_c.dir/rosidl_typesupport_fastrtps_c/ur3e_ros_data/msg/detail/joint_pose__type_support_c.cpp.o[0m
[3.808s] [35m[1mConsolidate compiler generated dependencies of target ur3e_ros_data__rosidl_typesupport_introspection_c[0m
[3.827s] [ 52%] [32mBuilding C object CMakeFiles/ur3e_ros_data__rosidl_typesupport_introspection_c.dir/rosidl_typesupport_introspection_c/ur3e_ros_data/msg/detail/joint_pose__type_support.c.o[0m
[3.858s] [35m[1mConsolidate compiler generated dependencies of target ur3e_ros_data__rosidl_typesupport_fastrtps_cpp[0m
[3.881s] [ 54%] [32mBuilding C object CMakeFiles/ur3e_ros_data__rosidl_typesupport_introspection_c.dir/rosidl_typesupport_introspection_c/ur3e_ros_data/action/detail/move_j__type_support.c.o[0m
[3.929s] [ 55%] [32mBuilding CXX object CMakeFiles/ur3e_ros_data__rosidl_typesupport_fastrtps_cpp.dir/rosidl_typesupport_fastrtps_cpp/ur3e_ros_data/msg/detail/dds_fastrtps/joint_pose__type_support.cpp.o[0m
[3.993s] [ 56%] [32mBuilding C object CMakeFiles/ur3e_ros_data__rosidl_typesupport_introspection_c.dir/rosidl_typesupport_introspection_c/ur3e_ros_data/action/detail/move_l__type_support.c.o[0m
[4.133s] [ 58%] [32mBuilding C object CMakeFiles/ur3e_ros_data__rosidl_typesupport_introspection_c.dir/rosidl_typesupport_introspection_c/ur3e_ros_data/action/detail/move_xyzw__type_support.c.o[0m
[4.192s] [ 59%] [32mBuilding CXX object CMakeFiles/ur3e_ros_data__rosidl_typesupport_fastrtps_cpp.dir/rosidl_typesupport_fastrtps_cpp/ur3e_ros_data/action/detail/dds_fastrtps/move_j__type_support.cpp.o[0m
[4.193s] [ 60%] [32mBuilding CXX object CMakeFiles/ur3e_ros_data__rosidl_typesupport_introspection_cpp.dir/rosidl_typesupport_introspection_cpp/ur3e_ros_data/action/detail/move_j__type_support.cpp.o[0m
[4.219s] [ 62%] [32mBuilding CXX object CMakeFiles/ur3e_ros_data__rosidl_typesupport_fastrtps_c.dir/rosidl_typesupport_fastrtps_c/ur3e_ros_data/action/detail/move_j__type_support_c.cpp.o[0m
[4.226s] [ 63%] [32mBuilding C object CMakeFiles/ur3e_ros_data__rosidl_typesupport_introspection_c.dir/rosidl_typesupport_introspection_c/ur3e_ros_data/action/detail/move_xyz__type_support.c.o[0m
[4.230s] [ 64%] [32mBuilding CXX object CMakeFiles/ur3e_ros_data__rosidl_typesupport_fastrtps_cpp.dir/rosidl_typesupport_fastrtps_cpp/ur3e_ros_data/action/detail/dds_fastrtps/move_l__type_support.cpp.o[0m
[4.237s] [ 66%] [32mBuilding CXX object CMakeFiles/ur3e_ros_data__rosidl_typesupport_fastrtps_cpp.dir/rosidl_typesupport_fastrtps_cpp/ur3e_ros_data/action/detail/dds_fastrtps/move_xyzw__type_support.cpp.o[0m
[4.338s] [ 67%] [32m[1mLinking C shared library libur3e_ros_data__rosidl_typesupport_introspection_c.so[0m
[4.425s] [ 67%] Built target ur3e_ros_data__rosidl_typesupport_introspection_c
[4.469s] [ 68%] [32mBuilding CXX object CMakeFiles/ur3e_ros_data__rosidl_typesupport_fastrtps_cpp.dir/rosidl_typesupport_fastrtps_cpp/ur3e_ros_data/action/detail/dds_fastrtps/move_xyz__type_support.cpp.o[0m
[4.513s] [ 70%] [32mBuilding CXX object CMakeFiles/ur3e_ros_data__rosidl_typesupport_introspection_cpp.dir/rosidl_typesupport_introspection_cpp/ur3e_ros_data/action/detail/move_l__type_support.cpp.o[0m
[4.631s] [ 71%] [32m[1mLinking CXX shared library libur3e_ros_data__rosidl_typesupport_cpp.so[0m
[4.829s] [ 72%] [32mBuilding CXX object CMakeFiles/ur3e_ros_data__rosidl_typesupport_fastrtps_c.dir/rosidl_typesupport_fastrtps_c/ur3e_ros_data/action/detail/move_l__type_support_c.cpp.o[0m
[4.837s] [ 72%] Built target ur3e_ros_data__rosidl_typesupport_cpp
[4.848s] [ 74%] [32mBuilding CXX object CMakeFiles/ur3e_ros_data__rosidl_typesupport_introspection_cpp.dir/rosidl_typesupport_introspection_cpp/ur3e_ros_data/action/detail/move_xyzw__type_support.cpp.o[0m
[5.162s] [ 75%] [32mBuilding CXX object CMakeFiles/ur3e_ros_data__rosidl_typesupport_fastrtps_c.dir/rosidl_typesupport_fastrtps_c/ur3e_ros_data/action/detail/move_xyzw__type_support_c.cpp.o[0m
[5.337s] [ 77%] [32mBuilding CXX object CMakeFiles/ur3e_ros_data__rosidl_typesupport_fastrtps_c.dir/rosidl_typesupport_fastrtps_c/ur3e_ros_data/action/detail/move_xyz__type_support_c.cpp.o[0m
[5.352s] [ 78%] [32mBuilding CXX object CMakeFiles/ur3e_ros_data__rosidl_typesupport_introspection_cpp.dir/rosidl_typesupport_introspection_cpp/ur3e_ros_data/action/detail/move_xyz__type_support.cpp.o[0m
[5.541s] [ 79%] [32m[1mLinking CXX shared library libur3e_ros_data__rosidl_typesupport_fastrtps_cpp.so[0m
[5.648s] [ 79%] Built target ur3e_ros_data__rosidl_typesupport_fastrtps_cpp
[5.755s] [ 81%] [32m[1mLinking CXX shared library libur3e_ros_data__rosidl_typesupport_fastrtps_c.so[0m
[5.809s] [ 81%] Built target ur3e_ros_data__rosidl_typesupport_fastrtps_c
[5.958s] [ 82%] [32m[1mLinking CXX shared library libur3e_ros_data__rosidl_typesupport_introspection_cpp.so[0m
[6.022s] [ 82%] Built target ur3e_ros_data__rosidl_typesupport_introspection_cpp
[6.035s] [ 82%] Built target ur3e_ros_data
[6.048s] [ 83%] [34m[1mGenerating Python code for ROS interfaces[0m
[7.773s] [ 83%] Built target ur3e_ros_data__py
[7.781s] [35m[1mConsolidate compiler generated dependencies of target ur3e_ros_data__rosidl_generator_py[0m
[7.792s] [ 85%] [32mBuilding C object CMakeFiles/ur3e_ros_data__rosidl_generator_py.dir/rosidl_generator_py/ur3e_ros_data/msg/_joint_pose_s.c.o[0m
[7.792s] [ 86%] [32mBuilding C object CMakeFiles/ur3e_ros_data__rosidl_generator_py.dir/rosidl_generator_py/ur3e_ros_data/action/_move_xyzw_s.c.o[0m
[7.794s] [ 89%] [32mBuilding C object CMakeFiles/ur3e_ros_data__rosidl_generator_py.dir/rosidl_generator_py/ur3e_ros_data/action/_move_xyz_s.c.o[0m
[7.794s] [ 89%] [32mBuilding C object CMakeFiles/ur3e_ros_data__rosidl_generator_py.dir/rosidl_generator_py/ur3e_ros_data/action/_move_l_s.c.o[0m
[7.794s] [ 90%] [32mBuilding C object CMakeFiles/ur3e_ros_data__rosidl_generator_py.dir/rosidl_generator_py/ur3e_ros_data/action/_move_j_s.c.o[0m
[7.971s] [ 91%] [32m[1mLinking C shared library rosidl_generator_py/ur3e_ros_data/libur3e_ros_data__rosidl_generator_py.so[0m
[8.000s] [ 91%] Built target ur3e_ros_data__rosidl_generator_py
[8.007s] [35m[1mConsolidate compiler generated dependencies of target ur3e_ros_data__rosidl_typesupport_introspection_c__pyext[0m
[8.007s] [35m[1mConsolidate compiler generated dependencies of target ur3e_ros_data__rosidl_typesupport_c__pyext[0m
[8.007s] [35m[1mConsolidate compiler generated dependencies of target ur3e_ros_data__rosidl_typesupport_fastrtps_c__pyext[0m
[8.016s] [ 95%] [32mBuilding C object CMakeFiles/ur3e_ros_data__rosidl_typesupport_introspection_c__pyext.dir/rosidl_generator_py/ur3e_ros_data/_ur3e_ros_data_s.ep.rosidl_typesupport_introspection_c.c.o[0m
[8.016s] [ 95%] [32mBuilding C object CMakeFiles/ur3e_ros_data__rosidl_typesupport_fastrtps_c__pyext.dir/rosidl_generator_py/ur3e_ros_data/_ur3e_ros_data_s.ep.rosidl_typesupport_fastrtps_c.c.o[0m
[8.016s] [ 95%] [32mBuilding C object CMakeFiles/ur3e_ros_data__rosidl_typesupport_c__pyext.dir/rosidl_generator_py/ur3e_ros_data/_ur3e_ros_data_s.ep.rosidl_typesupport_c.c.o[0m
[8.165s] [ 97%] [32m[1mLinking C shared library rosidl_generator_py/ur3e_ros_data/ur3e_ros_data_s__rosidl_typesupport_c.cpython-310-x86_64-linux-gnu.so[0m
[8.165s] [ 98%] [32m[1mLinking C shared library rosidl_generator_py/ur3e_ros_data/ur3e_ros_data_s__rosidl_typesupport_introspection_c.cpython-310-x86_64-linux-gnu.so[0m
[8.169s] [100%] [32m[1mLinking C shared library rosidl_generator_py/ur3e_ros_data/ur3e_ros_data_s__rosidl_typesupport_fastrtps_c.cpython-310-x86_64-linux-gnu.so[0m
[8.194s] [100%] Built target ur3e_ros_data__rosidl_typesupport_introspection_c__pyext
[8.194s] [100%] Built target ur3e_ros_data__rosidl_typesupport_c__pyext
[8.199s] [100%] Built target ur3e_ros_data__rosidl_typesupport_fastrtps_c__pyext
[8.207s] Invoked command in '/home/harry/ur3e_ws/build/ur3e_ros_data' returned '0': CMAKE_PREFIX_PATH=${CMAKE_PREFIX_PATH}:/home/harry/ur3e_ws/install/ur3e_ros_action:/opt/ros/iron /usr/bin/cmake --build /home/harry/ur3e_ws/build/ur3e_ros_data -- -j8 -l8
[8.302s] Invoking command in '/home/harry/ur3e_ws/build/ur3e_ros_data': CMAKE_PREFIX_PATH=${CMAKE_PREFIX_PATH}:/home/harry/ur3e_ws/install/ur3e_ros_action:/opt/ros/iron /usr/bin/cmake --install /home/harry/ur3e_ws/build/ur3e_ros_data
[8.308s] -- Install configuration: ""
[8.308s] -- Installing: /home/harry/ur3e_ws/install/ur3e_ros_data/share/ament_index/resource_index/rosidl_interfaces/ur3e_ros_data
[8.308s] -- Installing: /home/harry/ur3e_ws/install/ur3e_ros_data/share/ur3e_ros_data/msg/JointPose.json
[8.308s] -- Installing: /home/harry/ur3e_ws/install/ur3e_ros_data/share/ur3e_ros_data/action/MoveJ.json
[8.308s] -- Installing: /home/harry/ur3e_ws/install/ur3e_ros_data/share/ur3e_ros_data/action/MoveL.json
[8.308s] -- Installing: /home/harry/ur3e_ws/install/ur3e_ros_data/share/ur3e_ros_data/action/MoveXYZW.json
[8.308s] -- Installing: /home/harry/ur3e_ws/install/ur3e_ros_data/share/ur3e_ros_data/action/MoveXYZ.json
[8.309s] -- Up-to-date: /home/harry/ur3e_ws/install/ur3e_ros_data/include/ur3e_ros_data/ur3e_ros_data
[8.309s] -- Up-to-date: /home/harry/ur3e_ws/install/ur3e_ros_data/include/ur3e_ros_data/ur3e_ros_data/action
[8.309s] -- Installing: /home/harry/ur3e_ws/install/ur3e_ros_data/include/ur3e_ros_data/ur3e_ros_data/action/move_xyzw.h
[8.309s] -- Up-to-date: /home/harry/ur3e_ws/install/ur3e_ros_data/include/ur3e_ros_data/ur3e_ros_data/action/detail
[8.309s] -- Installing: /home/harry/ur3e_ws/install/ur3e_ros_data/include/ur3e_ros_data/ur3e_ros_data/action/detail/move_j__functions.c
[8.310s] -- Installing: /home/harry/ur3e_ws/install/ur3e_ros_data/include/ur3e_ros_data/ur3e_ros_data/action/detail/move_l__functions.h
[8.310s] -- Installing: /home/harry/ur3e_ws/install/ur3e_ros_data/include/ur3e_ros_data/ur3e_ros_data/action/detail/move_xyz__description.c
[8.310s] -- Installing: /home/harry/ur3e_ws/install/ur3e_ros_data/include/ur3e_ros_data/ur3e_ros_data/action/detail/move_xyz__functions.c
[8.310s] -- Installing: /home/harry/ur3e_ws/install/ur3e_ros_data/include/ur3e_ros_data/ur3e_ros_data/action/detail/move_xyz__functions.h
[8.310s] -- Installing: /home/harry/ur3e_ws/install/ur3e_ros_data/include/ur3e_ros_data/ur3e_ros_data/action/detail/move_xyz__type_support.c
[8.310s] -- Installing: /home/harry/ur3e_ws/install/ur3e_ros_data/include/ur3e_ros_data/ur3e_ros_data/action/detail/move_j__struct.h
[8.311s] -- Installing: /home/harry/ur3e_ws/install/ur3e_ros_data/include/ur3e_ros_data/ur3e_ros_data/action/detail/move_xyzw__functions.h
[8.311s] -- Installing: /home/harry/ur3e_ws/install/ur3e_ros_data/include/ur3e_ros_data/ur3e_ros_data/action/detail/move_xyzw__type_support.h
[8.311s] -- Installing: /home/harry/ur3e_ws/install/ur3e_ros_data/include/ur3e_ros_data/ur3e_ros_data/action/detail/move_xyzw__type_support.c
[8.311s] -- Installing: /home/harry/ur3e_ws/install/ur3e_ros_data/include/ur3e_ros_data/ur3e_ros_data/action/detail/move_l__struct.h
[8.311s] -- Installing: /home/harry/ur3e_ws/install/ur3e_ros_data/include/ur3e_ros_data/ur3e_ros_data/action/detail/move_xyzw__description.c
[8.311s] -- Installing: /home/harry/ur3e_ws/install/ur3e_ros_data/include/ur3e_ros_data/ur3e_ros_data/action/detail/move_xyz__struct.h
[8.311s] -- Installing: /home/harry/ur3e_ws/install/ur3e_ros_data/include/ur3e_ros_data/ur3e_ros_data/action/detail/move_xyzw__functions.c
[8.311s] -- Installing: /home/harry/ur3e_ws/install/ur3e_ros_data/include/ur3e_ros_data/ur3e_ros_data/action/detail/move_j__description.c
[8.311s] -- Installing: /home/harry/ur3e_ws/install/ur3e_ros_data/include/ur3e_ros_data/ur3e_ros_data/action/detail/move_j__type_support.h
[8.311s] -- Installing: /home/harry/ur3e_ws/install/ur3e_ros_data/include/ur3e_ros_data/ur3e_ros_data/action/detail/move_l__description.c
[8.311s] -- Installing: /home/harry/ur3e_ws/install/ur3e_ros_data/include/ur3e_ros_data/ur3e_ros_data/action/detail/move_l__type_support.h
[8.311s] -- Installing: /home/harry/ur3e_ws/install/ur3e_ros_data/include/ur3e_ros_data/ur3e_ros_data/action/detail/move_j__functions.h
[8.311s] -- Installing: /home/harry/ur3e_ws/install/ur3e_ros_data/include/ur3e_ros_data/ur3e_ros_data/action/detail/move_l__type_support.c
[8.311s] -- Installing: /home/harry/ur3e_ws/install/ur3e_ros_data/include/ur3e_ros_data/ur3e_ros_data/action/detail/move_xyz__type_support.h
[8.312s] -- Installing: /home/harry/ur3e_ws/install/ur3e_ros_data/include/ur3e_ros_data/ur3e_ros_data/action/detail/move_xyzw__struct.h
[8.312s] -- Installing: /home/harry/ur3e_ws/install/ur3e_ros_data/include/ur3e_ros_data/ur3e_ros_data/action/detail/move_j__type_support.c
[8.312s] -- Installing: /home/harry/ur3e_ws/install/ur3e_ros_data/include/ur3e_ros_data/ur3e_ros_data/action/detail/move_l__functions.c
[8.312s] -- Installing: /home/harry/ur3e_ws/install/ur3e_ros_data/include/ur3e_ros_data/ur3e_ros_data/action/move_j.h
[8.312s] -- Installing: /home/harry/ur3e_ws/install/ur3e_ros_data/include/ur3e_ros_data/ur3e_ros_data/action/move_xyz.h
[8.312s] -- Installing: /home/harry/ur3e_ws/install/ur3e_ros_data/include/ur3e_ros_data/ur3e_ros_data/action/move_l.h
[8.312s] -- Up-to-date: /home/harry/ur3e_ws/install/ur3e_ros_data/include/ur3e_ros_data/ur3e_ros_data/msg
[8.312s] -- Up-to-date: /home/harry/ur3e_ws/install/ur3e_ros_data/include/ur3e_ros_data/ur3e_ros_data/msg/detail
[8.312s] -- Installing: /home/harry/ur3e_ws/install/ur3e_ros_data/include/ur3e_ros_data/ur3e_ros_data/msg/detail/joint_pose__type_support.c
[8.312s] -- Installing: /home/harry/ur3e_ws/install/ur3e_ros_data/include/ur3e_ros_data/ur3e_ros_data/msg/detail/joint_pose__struct.h
[8.312s] -- Installing: /home/harry/ur3e_ws/install/ur3e_ros_data/include/ur3e_ros_data/ur3e_ros_data/msg/detail/joint_pose__functions.h
[8.312s] -- Installing: /home/harry/ur3e_ws/install/ur3e_ros_data/include/ur3e_ros_data/ur3e_ros_data/msg/detail/joint_pose__type_support.h
[8.313s] -- Installing: /home/harry/ur3e_ws/install/ur3e_ros_data/include/ur3e_ros_data/ur3e_ros_data/msg/detail/joint_pose__functions.c
[8.313s] -- Installing: /home/harry/ur3e_ws/install/ur3e_ros_data/include/ur3e_ros_data/ur3e_ros_data/msg/detail/joint_pose__description.c
[8.313s] -- Installing: /home/harry/ur3e_ws/install/ur3e_ros_data/include/ur3e_ros_data/ur3e_ros_data/msg/joint_pose.h
[8.313s] -- Up-to-date: /home/harry/ur3e_ws/install/ur3e_ros_data/include/ur3e_ros_data/ur3e_ros_data/msg/rosidl_generator_c__visibility_control.h
[8.313s] -- Up-to-date: /home/harry/ur3e_ws/install/ur3e_ros_data/share/ur3e_ros_data/environment/library_path.sh
[8.313s] -- Up-to-date: /home/harry/ur3e_ws/install/ur3e_ros_data/share/ur3e_ros_data/environment/library_path.dsv
[8.314s] -- Installing: /home/harry/ur3e_ws/install/ur3e_ros_data/lib/libur3e_ros_data__rosidl_generator_c.so
[8.314s] -- Set runtime path of "/home/harry/ur3e_ws/install/ur3e_ros_data/lib/libur3e_ros_data__rosidl_generator_c.so" to ""
[8.314s] -- Up-to-date: /home/harry/ur3e_ws/install/ur3e_ros_data/include/ur3e_ros_data/ur3e_ros_data
[8.314s] -- Up-to-date: /home/harry/ur3e_ws/install/ur3e_ros_data/include/ur3e_ros_data/ur3e_ros_data/action
[8.314s] -- Up-to-date: /home/harry/ur3e_ws/install/ur3e_ros_data/include/ur3e_ros_data/ur3e_ros_data/action/detail
[8.314s] -- Installing: /home/harry/ur3e_ws/install/ur3e_ros_data/include/ur3e_ros_data/ur3e_ros_data/action/detail/move_xyz__rosidl_typesupport_fastrtps_c.h
[8.314s] -- Installing: /home/harry/ur3e_ws/install/ur3e_ros_data/include/ur3e_ros_data/ur3e_ros_data/action/detail/move_j__rosidl_typesupport_fastrtps_c.h
[8.314s] -- Installing: /home/harry/ur3e_ws/install/ur3e_ros_data/include/ur3e_ros_data/ur3e_ros_data/action/detail/move_l__rosidl_typesupport_fastrtps_c.h
[8.314s] -- Installing: /home/harry/ur3e_ws/install/ur3e_ros_data/include/ur3e_ros_data/ur3e_ros_data/action/detail/move_xyzw__rosidl_typesupport_fastrtps_c.h
[8.314s] -- Up-to-date: /home/harry/ur3e_ws/install/ur3e_ros_data/include/ur3e_ros_data/ur3e_ros_data/msg
[8.314s] -- Up-to-date: /home/harry/ur3e_ws/install/ur3e_ros_data/include/ur3e_ros_data/ur3e_ros_data/msg/rosidl_typesupport_fastrtps_c__visibility_control.h
[8.314s] -- Up-to-date: /home/harry/ur3e_ws/install/ur3e_ros_data/include/ur3e_ros_data/ur3e_ros_data/msg/detail
[8.315s] -- Installing: /home/harry/ur3e_ws/install/ur3e_ros_data/include/ur3e_ros_data/ur3e_ros_data/msg/detail/joint_pose__rosidl_typesupport_fastrtps_c.h
[8.315s] -- Installing: /home/harry/ur3e_ws/install/ur3e_ros_data/lib/libur3e_ros_data__rosidl_typesupport_fastrtps_c.so
[8.315s] -- Set runtime path of "/home/harry/ur3e_ws/install/ur3e_ros_data/lib/libur3e_ros_data__rosidl_typesupport_fastrtps_c.so" to ""
[8.315s] -- Up-to-date: /home/harry/ur3e_ws/install/ur3e_ros_data/include/ur3e_ros_data/ur3e_ros_data
[8.315s] -- Up-to-date: /home/harry/ur3e_ws/install/ur3e_ros_data/include/ur3e_ros_data/ur3e_ros_data/action
[8.315s] -- Up-to-date: /home/harry/ur3e_ws/install/ur3e_ros_data/include/ur3e_ros_data/ur3e_ros_data/action/detail
[8.315s] -- Installing: /home/harry/ur3e_ws/install/ur3e_ros_data/include/ur3e_ros_data/ur3e_ros_data/action/detail/move_xyzw__rosidl_typesupport_introspection_c.h
[8.315s] -- Installing: /home/harry/ur3e_ws/install/ur3e_ros_data/include/ur3e_ros_data/ur3e_ros_data/action/detail/move_j__rosidl_typesupport_introspection_c.h
[8.315s] -- Installing: /home/harry/ur3e_ws/install/ur3e_ros_data/include/ur3e_ros_data/ur3e_ros_data/action/detail/move_l__rosidl_typesupport_introspection_c.h
[8.316s] -- Installing: /home/harry/ur3e_ws/install/ur3e_ros_data/include/ur3e_ros_data/ur3e_ros_data/action/detail/move_xyz__type_support.c
[8.316s] -- Installing: /home/harry/ur3e_ws/install/ur3e_ros_data/include/ur3e_ros_data/ur3e_ros_data/action/detail/move_xyzw__type_support.c
[8.316s] -- Installing: /home/harry/ur3e_ws/install/ur3e_ros_data/include/ur3e_ros_data/ur3e_ros_data/action/detail/move_xyz__rosidl_typesupport_introspection_c.h
[8.316s] -- Installing: /home/harry/ur3e_ws/install/ur3e_ros_data/include/ur3e_ros_data/ur3e_ros_data/action/detail/move_l__type_support.c
[8.316s] -- Installing: /home/harry/ur3e_ws/install/ur3e_ros_data/include/ur3e_ros_data/ur3e_ros_data/action/detail/move_j__type_support.c
[8.316s] -- Up-to-date: /home/harry/ur3e_ws/install/ur3e_ros_data/include/ur3e_ros_data/ur3e_ros_data/msg
[8.316s] -- Up-to-date: /home/harry/ur3e_ws/install/ur3e_ros_data/include/ur3e_ros_data/ur3e_ros_data/msg/rosidl_typesupport_introspection_c__visibility_control.h
[8.316s] -- Up-to-date: /home/harry/ur3e_ws/install/ur3e_ros_data/include/ur3e_ros_data/ur3e_ros_data/msg/detail
[8.316s] -- Installing: /home/harry/ur3e_ws/install/ur3e_ros_data/include/ur3e_ros_data/ur3e_ros_data/msg/detail/joint_pose__type_support.c
[8.316s] -- Installing: /home/harry/ur3e_ws/install/ur3e_ros_data/include/ur3e_ros_data/ur3e_ros_data/msg/detail/joint_pose__rosidl_typesupport_introspection_c.h
[8.316s] -- Installing: /home/harry/ur3e_ws/install/ur3e_ros_data/lib/libur3e_ros_data__rosidl_typesupport_introspection_c.so
[8.317s] -- Set runtime path of "/home/harry/ur3e_ws/install/ur3e_ros_data/lib/libur3e_ros_data__rosidl_typesupport_introspection_c.so" to ""
[8.317s] -- Installing: /home/harry/ur3e_ws/install/ur3e_ros_data/lib/libur3e_ros_data__rosidl_typesupport_c.so
[8.317s] -- Set runtime path of "/home/harry/ur3e_ws/install/ur3e_ros_data/lib/libur3e_ros_data__rosidl_typesupport_c.so" to ""
[8.318s] -- Up-to-date: /home/harry/ur3e_ws/install/ur3e_ros_data/include/ur3e_ros_data/ur3e_ros_data
[8.318s] -- Up-to-date: /home/harry/ur3e_ws/install/ur3e_ros_data/include/ur3e_ros_data/ur3e_ros_data/action
[8.318s] -- Installing: /home/harry/ur3e_ws/install/ur3e_ros_data/include/ur3e_ros_data/ur3e_ros_data/action/move_xyz.hpp
[8.318s] -- Installing: /home/harry/ur3e_ws/install/ur3e_ros_data/include/ur3e_ros_data/ur3e_ros_data/action/move_j.hpp
[8.318s] -- Installing: /home/harry/ur3e_ws/install/ur3e_ros_data/include/ur3e_ros_data/ur3e_ros_data/action/move_xyzw.hpp
[8.318s] -- Installing: /home/harry/ur3e_ws/install/ur3e_ros_data/include/ur3e_ros_data/ur3e_ros_data/action/move_l.hpp
[8.318s] -- Up-to-date: /home/harry/ur3e_ws/install/ur3e_ros_data/include/ur3e_ros_data/ur3e_ros_data/action/detail
[8.318s] -- Installing: /home/harry/ur3e_ws/install/ur3e_ros_data/include/ur3e_ros_data/ur3e_ros_data/action/detail/move_l__traits.hpp
[8.318s] -- Installing: /home/harry/ur3e_ws/install/ur3e_ros_data/include/ur3e_ros_data/ur3e_ros_data/action/detail/move_l__struct.hpp
[8.318s] -- Installing: /home/harry/ur3e_ws/install/ur3e_ros_data/include/ur3e_ros_data/ur3e_ros_data/action/detail/move_j__builder.hpp
[8.318s] -- Installing: /home/harry/ur3e_ws/install/ur3e_ros_data/include/ur3e_ros_data/ur3e_ros_data/action/detail/move_xyzw__builder.hpp
[8.318s] -- Installing: /home/harry/ur3e_ws/install/ur3e_ros_data/include/ur3e_ros_data/ur3e_ros_data/action/detail/move_xyz__traits.hpp
[8.318s] -- Installing: /home/harry/ur3e_ws/install/ur3e_ros_data/include/ur3e_ros_data/ur3e_ros_data/action/detail/move_xyz__struct.hpp
[8.319s] -- Installing: /home/harry/ur3e_ws/install/ur3e_ros_data/include/ur3e_ros_data/ur3e_ros_data/action/detail/move_j__traits.hpp
[8.319s] -- Installing: /home/harry/ur3e_ws/install/ur3e_ros_data/include/ur3e_ros_data/ur3e_ros_data/action/detail/move_xyzw__traits.hpp
[8.319s] -- Installing: /home/harry/ur3e_ws/install/ur3e_ros_data/include/ur3e_ros_data/ur3e_ros_data/action/detail/move_xyzw__struct.hpp
[8.319s] -- Installing: /home/harry/ur3e_ws/install/ur3e_ros_data/include/ur3e_ros_data/ur3e_ros_data/action/detail/move_j__struct.hpp
[8.319s] -- Installing: /home/harry/ur3e_ws/install/ur3e_ros_data/include/ur3e_ros_data/ur3e_ros_data/action/detail/move_xyz__builder.hpp
[8.319s] -- Installing: /home/harry/ur3e_ws/install/ur3e_ros_data/include/ur3e_ros_data/ur3e_ros_data/action/detail/move_l__builder.hpp
[8.319s] -- Up-to-date: /home/harry/ur3e_ws/install/ur3e_ros_data/include/ur3e_ros_data/ur3e_ros_data/msg
[8.319s] -- Up-to-date: /home/harry/ur3e_ws/install/ur3e_ros_data/include/ur3e_ros_data/ur3e_ros_data/msg/detail
[8.319s] -- Installing: /home/harry/ur3e_ws/install/ur3e_ros_data/include/ur3e_ros_data/ur3e_ros_data/msg/detail/joint_pose__traits.hpp
[8.319s] -- Installing: /home/harry/ur3e_ws/install/ur3e_ros_data/include/ur3e_ros_data/ur3e_ros_data/msg/detail/joint_pose__builder.hpp
[8.320s] -- Installing: /home/harry/ur3e_ws/install/ur3e_ros_data/include/ur3e_ros_data/ur3e_ros_data/msg/detail/joint_pose__struct.hpp
[8.320s] -- Installing: /home/harry/ur3e_ws/install/ur3e_ros_data/include/ur3e_ros_data/ur3e_ros_data/msg/joint_pose.hpp
[8.320s] -- Up-to-date: /home/harry/ur3e_ws/install/ur3e_ros_data/include/ur3e_ros_data/ur3e_ros_data
[8.320s] -- Up-to-date: /home/harry/ur3e_ws/install/ur3e_ros_data/include/ur3e_ros_data/ur3e_ros_data/action
[8.320s] -- Up-to-date: /home/harry/ur3e_ws/install/ur3e_ros_data/include/ur3e_ros_data/ur3e_ros_data/action/detail
[8.320s] -- Installing: /home/harry/ur3e_ws/install/ur3e_ros_data/include/ur3e_ros_data/ur3e_ros_data/action/detail/move_xyzw__rosidl_typesupport_fastrtps_cpp.hpp
[8.320s] -- Installing: /home/harry/ur3e_ws/install/ur3e_ros_data/include/ur3e_ros_data/ur3e_ros_data/action/detail/move_j__rosidl_typesupport_fastrtps_cpp.hpp
[8.320s] -- Installing: /home/harry/ur3e_ws/install/ur3e_ros_data/include/ur3e_ros_data/ur3e_ros_data/action/detail/move_l__rosidl_typesupport_fastrtps_cpp.hpp
[8.320s] -- Installing: /home/harry/ur3e_ws/install/ur3e_ros_data/include/ur3e_ros_data/ur3e_ros_data/action/detail/move_xyz__rosidl_typesupport_fastrtps_cpp.hpp
[8.320s] -- Up-to-date: /home/harry/ur3e_ws/install/ur3e_ros_data/include/ur3e_ros_data/ur3e_ros_data/action/detail/dds_fastrtps
[8.320s] -- Up-to-date: /home/harry/ur3e_ws/install/ur3e_ros_data/include/ur3e_ros_data/ur3e_ros_data/msg
[8.320s] -- Up-to-date: /home/harry/ur3e_ws/install/ur3e_ros_data/include/ur3e_ros_data/ur3e_ros_data/msg/rosidl_typesupport_fastrtps_cpp__visibility_control.h
[8.321s] -- Up-to-date: /home/harry/ur3e_ws/install/ur3e_ros_data/include/ur3e_ros_data/ur3e_ros_data/msg/detail
[8.321s] -- Installing: /home/harry/ur3e_ws/install/ur3e_ros_data/include/ur3e_ros_data/ur3e_ros_data/msg/detail/joint_pose__rosidl_typesupport_fastrtps_cpp.hpp
[8.321s] -- Up-to-date: /home/harry/ur3e_ws/install/ur3e_ros_data/include/ur3e_ros_data/ur3e_ros_data/msg/detail/dds_fastrtps
[8.321s] -- Installing: /home/harry/ur3e_ws/install/ur3e_ros_data/lib/libur3e_ros_data__rosidl_typesupport_fastrtps_cpp.so
[8.322s] -- Set runtime path of "/home/harry/ur3e_ws/install/ur3e_ros_data/lib/libur3e_ros_data__rosidl_typesupport_fastrtps_cpp.so" to ""
[8.322s] -- Up-to-date: /home/harry/ur3e_ws/install/ur3e_ros_data/include/ur3e_ros_data/ur3e_ros_data
[8.322s] -- Up-to-date: /home/harry/ur3e_ws/install/ur3e_ros_data/include/ur3e_ros_data/ur3e_ros_data/action
[8.322s] -- Up-to-date: /home/harry/ur3e_ws/install/ur3e_ros_data/include/ur3e_ros_data/ur3e_ros_data/action/detail
[8.322s] -- Installing: /home/harry/ur3e_ws/install/ur3e_ros_data/include/ur3e_ros_data/ur3e_ros_data/action/detail/move_l__type_support.cpp
[8.322s] -- Installing: /home/harry/ur3e_ws/install/ur3e_ros_data/include/ur3e_ros_data/ur3e_ros_data/action/detail/move_xyzw__type_support.cpp
[8.322s] -- Installing: /home/harry/ur3e_ws/install/ur3e_ros_data/include/ur3e_ros_data/ur3e_ros_data/action/detail/move_xyz__type_support.cpp
[8.322s] -- Installing: /home/harry/ur3e_ws/install/ur3e_ros_data/include/ur3e_ros_data/ur3e_ros_data/action/detail/move_j__rosidl_typesupport_introspection_cpp.hpp
[8.323s] -- Installing: /home/harry/ur3e_ws/install/ur3e_ros_data/include/ur3e_ros_data/ur3e_ros_data/action/detail/move_l__rosidl_typesupport_introspection_cpp.hpp
[8.323s] -- Installing: /home/harry/ur3e_ws/install/ur3e_ros_data/include/ur3e_ros_data/ur3e_ros_data/action/detail/move_xyz__rosidl_typesupport_introspection_cpp.hpp
[8.323s] -- Installing: /home/harry/ur3e_ws/install/ur3e_ros_data/include/ur3e_ros_data/ur3e_ros_data/action/detail/move_xyzw__rosidl_typesupport_introspection_cpp.hpp
[8.323s] -- Installing: /home/harry/ur3e_ws/install/ur3e_ros_data/include/ur3e_ros_data/ur3e_ros_data/action/detail/move_j__type_support.cpp
[8.323s] -- Up-to-date: /home/harry/ur3e_ws/install/ur3e_ros_data/include/ur3e_ros_data/ur3e_ros_data/msg
[8.323s] -- Up-to-date: /home/harry/ur3e_ws/install/ur3e_ros_data/include/ur3e_ros_data/ur3e_ros_data/msg/detail
[8.323s] -- Installing: /home/harry/ur3e_ws/install/ur3e_ros_data/include/ur3e_ros_data/ur3e_ros_data/msg/detail/joint_pose__type_support.cpp
[8.323s] -- Installing: /home/harry/ur3e_ws/install/ur3e_ros_data/include/ur3e_ros_data/ur3e_ros_data/msg/detail/joint_pose__rosidl_typesupport_introspection_cpp.hpp
[8.323s] -- Installing: /home/harry/ur3e_ws/install/ur3e_ros_data/lib/libur3e_ros_data__rosidl_typesupport_introspection_cpp.so
[8.324s] -- Set runtime path of "/home/harry/ur3e_ws/install/ur3e_ros_data/lib/libur3e_ros_data__rosidl_typesupport_introspection_cpp.so" to ""
[8.324s] -- Installing: /home/harry/ur3e_ws/install/ur3e_ros_data/lib/libur3e_ros_data__rosidl_typesupport_cpp.so
[8.325s] -- Set runtime path of "/home/harry/ur3e_ws/install/ur3e_ros_data/lib/libur3e_ros_data__rosidl_typesupport_cpp.so" to ""
[8.325s] -- Up-to-date: /home/harry/ur3e_ws/install/ur3e_ros_data/share/ur3e_ros_data/environment/pythonpath.sh
[8.325s] -- Up-to-date: /home/harry/ur3e_ws/install/ur3e_ros_data/share/ur3e_ros_data/environment/pythonpath.dsv
[8.325s] -- Up-to-date: /home/harry/ur3e_ws/install/ur3e_ros_data/lib/python3.10/site-packages/ur3e_ros_data-0.0.0-py3.10.egg-info
[8.325s] -- Installing: /home/harry/ur3e_ws/install/ur3e_ros_data/lib/python3.10/site-packages/ur3e_ros_data-0.0.0-py3.10.egg-info/PKG-INFO
[8.325s] -- Installing: /home/harry/ur3e_ws/install/ur3e_ros_data/lib/python3.10/site-packages/ur3e_ros_data-0.0.0-py3.10.egg-info/top_level.txt
[8.326s] -- Installing: /home/harry/ur3e_ws/install/ur3e_ros_data/lib/python3.10/site-packages/ur3e_ros_data-0.0.0-py3.10.egg-info/SOURCES.txt
[8.326s] -- Installing: /home/harry/ur3e_ws/install/ur3e_ros_data/lib/python3.10/site-packages/ur3e_ros_data-0.0.0-py3.10.egg-info/dependency_links.txt
[8.326s] -- Up-to-date: /home/harry/ur3e_ws/install/ur3e_ros_data/lib/python3.10/site-packages/ur3e_ros_data
[8.326s] -- Installing: /home/harry/ur3e_ws/install/ur3e_ros_data/lib/python3.10/site-packages/ur3e_ros_data/_ur3e_ros_data_s.ep.rosidl_typesupport_introspection_c.c
[8.326s] -- Installing: /home/harry/ur3e_ws/install/ur3e_ros_data/lib/python3.10/site-packages/ur3e_ros_data/_ur3e_ros_data_s.ep.rosidl_typesupport_fastrtps_c.c
[8.326s] -- Installing: /home/harry/ur3e_ws/install/ur3e_ros_data/lib/python3.10/site-packages/ur3e_ros_data/__init__.py
[8.326s] -- Installing: /home/harry/ur3e_ws/install/ur3e_ros_data/lib/python3.10/site-packages/ur3e_ros_data/ur3e_ros_data_s__rosidl_typesupport_introspection_c.cpython-310-x86_64-linux-gnu.so
[8.326s] -- Installing: /home/harry/ur3e_ws/install/ur3e_ros_data/lib/python3.10/site-packages/ur3e_ros_data/ur3e_ros_data_s__rosidl_typesupport_fastrtps_c.cpython-310-x86_64-linux-gnu.so
[8.327s] -- Installing: /home/harry/ur3e_ws/install/ur3e_ros_data/lib/python3.10/site-packages/ur3e_ros_data/ur3e_ros_data_s__rosidl_typesupport_c.cpython-310-x86_64-linux-gnu.so
[8.327s] -- Up-to-date: /home/harry/ur3e_ws/install/ur3e_ros_data/lib/python3.10/site-packages/ur3e_ros_data/action
[8.327s] -- Installing: /home/harry/ur3e_ws/install/ur3e_ros_data/lib/python3.10/site-packages/ur3e_ros_data/action/_move_xyz.py
[8.327s] -- Installing: /home/harry/ur3e_ws/install/ur3e_ros_data/lib/python3.10/site-packages/ur3e_ros_data/action/_move_l_s.c
[8.327s] -- Installing: /home/harry/ur3e_ws/install/ur3e_ros_data/lib/python3.10/site-packages/ur3e_ros_data/action/__init__.py
[8.327s] -- Installing: /home/harry/ur3e_ws/install/ur3e_ros_data/lib/python3.10/site-packages/ur3e_ros_data/action/_move_xyzw.py
[8.327s] -- Installing: /home/harry/ur3e_ws/install/ur3e_ros_data/lib/python3.10/site-packages/ur3e_ros_data/action/_move_xyz_s.c
[8.327s] -- Installing: /home/harry/ur3e_ws/install/ur3e_ros_data/lib/python3.10/site-packages/ur3e_ros_data/action/_move_j_s.c
[8.328s] -- Installing: /home/harry/ur3e_ws/install/ur3e_ros_data/lib/python3.10/site-packages/ur3e_ros_data/action/_move_j.py
[8.328s] -- Installing: /home/harry/ur3e_ws/install/ur3e_ros_data/lib/python3.10/site-packages/ur3e_ros_data/action/_move_xyzw_s.c
[8.328s] -- Installing: /home/harry/ur3e_ws/install/ur3e_ros_data/lib/python3.10/site-packages/ur3e_ros_data/action/_move_l.py
[8.328s] -- Up-to-date: /home/harry/ur3e_ws/install/ur3e_ros_data/lib/python3.10/site-packages/ur3e_ros_data/msg
[8.328s] -- Installing: /home/harry/ur3e_ws/install/ur3e_ros_data/lib/python3.10/site-packages/ur3e_ros_data/msg/_joint_pose.py
[8.328s] -- Installing: /home/harry/ur3e_ws/install/ur3e_ros_data/lib/python3.10/site-packages/ur3e_ros_data/msg/__init__.py
[8.328s] -- Installing: /home/harry/ur3e_ws/install/ur3e_ros_data/lib/python3.10/site-packages/ur3e_ros_data/msg/_joint_pose_s.c
[8.328s] -- Installing: /home/harry/ur3e_ws/install/ur3e_ros_data/lib/python3.10/site-packages/ur3e_ros_data/_ur3e_ros_data_s.ep.rosidl_typesupport_c.c
[8.329s] -- Installing: /home/harry/ur3e_ws/install/ur3e_ros_data/lib/python3.10/site-packages/ur3e_ros_data/libur3e_ros_data__rosidl_generator_py.so
[8.376s] Listing '/home/harry/ur3e_ws/install/ur3e_ros_data/lib/python3.10/site-packages/ur3e_ros_data'...
[8.376s] Compiling '/home/harry/ur3e_ws/install/ur3e_ros_data/lib/python3.10/site-packages/ur3e_ros_data/__init__.py'...
[8.376s] Listing '/home/harry/ur3e_ws/install/ur3e_ros_data/lib/python3.10/site-packages/ur3e_ros_data/action'...
[8.376s] Compiling '/home/harry/ur3e_ws/install/ur3e_ros_data/lib/python3.10/site-packages/ur3e_ros_data/action/__init__.py'...
[8.376s] Compiling '/home/harry/ur3e_ws/install/ur3e_ros_data/lib/python3.10/site-packages/ur3e_ros_data/action/_move_j.py'...
[8.376s] Compiling '/home/harry/ur3e_ws/install/ur3e_ros_data/lib/python3.10/site-packages/ur3e_ros_data/action/_move_l.py'...
[8.376s] Compiling '/home/harry/ur3e_ws/install/ur3e_ros_data/lib/python3.10/site-packages/ur3e_ros_data/action/_move_xyz.py'...
[8.376s] Compiling '/home/harry/ur3e_ws/install/ur3e_ros_data/lib/python3.10/site-packages/ur3e_ros_data/action/_move_xyzw.py'...
[8.376s] Listing '/home/harry/ur3e_ws/install/ur3e_ros_data/lib/python3.10/site-packages/ur3e_ros_data/msg'...
[8.376s] Compiling '/home/harry/ur3e_ws/install/ur3e_ros_data/lib/python3.10/site-packages/ur3e_ros_data/msg/__init__.py'...
[8.376s] Compiling '/home/harry/ur3e_ws/install/ur3e_ros_data/lib/python3.10/site-packages/ur3e_ros_data/msg/_joint_pose.py'...
[8.379s] -- Installing: /home/harry/ur3e_ws/install/ur3e_ros_data/lib/python3.10/site-packages/ur3e_ros_data/ur3e_ros_data_s__rosidl_typesupport_fastrtps_c.cpython-310-x86_64-linux-gnu.so
[8.380s] -- Set runtime path of "/home/harry/ur3e_ws/install/ur3e_ros_data/lib/python3.10/site-packages/ur3e_ros_data/ur3e_ros_data_s__rosidl_typesupport_fastrtps_c.cpython-310-x86_64-linux-gnu.so" to ""
[8.380s] -- Installing: /home/harry/ur3e_ws/install/ur3e_ros_data/lib/python3.10/site-packages/ur3e_ros_data/ur3e_ros_data_s__rosidl_typesupport_introspection_c.cpython-310-x86_64-linux-gnu.so
[8.380s] -- Set runtime path of "/home/harry/ur3e_ws/install/ur3e_ros_data/lib/python3.10/site-packages/ur3e_ros_data/ur3e_ros_data_s__rosidl_typesupport_introspection_c.cpython-310-x86_64-linux-gnu.so" to ""
[8.380s] -- Installing: /home/harry/ur3e_ws/install/ur3e_ros_data/lib/python3.10/site-packages/ur3e_ros_data/ur3e_ros_data_s__rosidl_typesupport_c.cpython-310-x86_64-linux-gnu.so
[8.380s] -- Set runtime path of "/home/harry/ur3e_ws/install/ur3e_ros_data/lib/python3.10/site-packages/ur3e_ros_data/ur3e_ros_data_s__rosidl_typesupport_c.cpython-310-x86_64-linux-gnu.so" to ""
[8.380s] -- Installing: /home/harry/ur3e_ws/install/ur3e_ros_data/lib/libur3e_ros_data__rosidl_generator_py.so
[8.381s] -- Set runtime path of "/home/harry/ur3e_ws/install/ur3e_ros_data/lib/libur3e_ros_data__rosidl_generator_py.so" to ""
[8.381s] -- Up-to-date: /home/harry/ur3e_ws/install/ur3e_ros_data/share/ur3e_ros_data/msg/JointPose.idl
[8.381s] -- Up-to-date: /home/harry/ur3e_ws/install/ur3e_ros_data/share/ur3e_ros_data/action/MoveJ.idl
[8.381s] -- Up-to-date: /home/harry/ur3e_ws/install/ur3e_ros_data/share/ur3e_ros_data/action/MoveL.idl
[8.381s] -- Installing: /home/harry/ur3e_ws/install/ur3e_ros_data/share/ur3e_ros_data/action/MoveXYZW.idl
[8.381s] -- Installing: /home/harry/ur3e_ws/install/ur3e_ros_data/share/ur3e_ros_data/action/MoveXYZ.idl
[8.381s] -- Up-to-date: /home/harry/ur3e_ws/install/ur3e_ros_data/share/ur3e_ros_data/msg/JointPose.msg
[8.381s] -- Up-to-date: /home/harry/ur3e_ws/install/ur3e_ros_data/share/ur3e_ros_data/action/MoveJ.action
[8.381s] -- Up-to-date: /home/harry/ur3e_ws/install/ur3e_ros_data/share/ur3e_ros_data/action/MoveL.action
[8.381s] -- Installing: /home/harry/ur3e_ws/install/ur3e_ros_data/share/ur3e_ros_data/action/MoveXYZW.action
[8.381s] -- Installing: /home/harry/ur3e_ws/install/ur3e_ros_data/share/ur3e_ros_data/action/MoveXYZ.action
[8.381s] -- Up-to-date: /home/harry/ur3e_ws/install/ur3e_ros_data/share/ament_index/resource_index/package_run_dependencies/ur3e_ros_data
[8.382s] -- Up-to-date: /home/harry/ur3e_ws/install/ur3e_ros_data/share/ament_index/resource_index/parent_prefix_path/ur3e_ros_data
[8.382s] -- Up-to-date: /home/harry/ur3e_ws/install/ur3e_ros_data/share/ur3e_ros_data/environment/ament_prefix_path.sh
[8.382s] -- Up-to-date: /home/harry/ur3e_ws/install/ur3e_ros_data/share/ur3e_ros_data/environment/ament_prefix_path.dsv
[8.382s] -- Up-to-date: /home/harry/ur3e_ws/install/ur3e_ros_data/share/ur3e_ros_data/environment/path.sh
[8.382s] -- Up-to-date: /home/harry/ur3e_ws/install/ur3e_ros_data/share/ur3e_ros_data/environment/path.dsv
[8.382s] -- Up-to-date: /home/harry/ur3e_ws/install/ur3e_ros_data/share/ur3e_ros_data/local_setup.bash
[8.382s] -- Up-to-date: /home/harry/ur3e_ws/install/ur3e_ros_data/share/ur3e_ros_data/local_setup.sh
[8.382s] -- Up-to-date: /home/harry/ur3e_ws/install/ur3e_ros_data/share/ur3e_ros_data/local_setup.zsh
[8.382s] -- Up-to-date: /home/harry/ur3e_ws/install/ur3e_ros_data/share/ur3e_ros_data/local_setup.dsv
[8.382s] -- Installing: /home/harry/ur3e_ws/install/ur3e_ros_data/share/ur3e_ros_data/package.dsv
[8.382s] -- Up-to-date: /home/harry/ur3e_ws/install/ur3e_ros_data/share/ament_index/resource_index/packages/ur3e_ros_data
[8.382s] -- Up-to-date: /home/harry/ur3e_ws/install/ur3e_ros_data/share/ur3e_ros_data/cmake/export_ur3e_ros_data__rosidl_generator_cExport.cmake
[8.382s] -- Up-to-date: /home/harry/ur3e_ws/install/ur3e_ros_data/share/ur3e_ros_data/cmake/export_ur3e_ros_data__rosidl_generator_cExport-noconfig.cmake
[8.382s] -- Up-to-date: /home/harry/ur3e_ws/install/ur3e_ros_data/share/ur3e_ros_data/cmake/export_ur3e_ros_data__rosidl_typesupport_fastrtps_cExport.cmake
[8.382s] -- Up-to-date: /home/harry/ur3e_ws/install/ur3e_ros_data/share/ur3e_ros_data/cmake/export_ur3e_ros_data__rosidl_typesupport_fastrtps_cExport-noconfig.cmake
[8.382s] -- Up-to-date: /home/harry/ur3e_ws/install/ur3e_ros_data/share/ur3e_ros_data/cmake/ur3e_ros_data__rosidl_typesupport_introspection_cExport.cmake
[8.382s] -- Up-to-date: /home/harry/ur3e_ws/install/ur3e_ros_data/share/ur3e_ros_data/cmake/ur3e_ros_data__rosidl_typesupport_introspection_cExport-noconfig.cmake
[8.382s] -- Up-to-date: /home/harry/ur3e_ws/install/ur3e_ros_data/share/ur3e_ros_data/cmake/ur3e_ros_data__rosidl_typesupport_cExport.cmake
[8.382s] -- Up-to-date: /home/harry/ur3e_ws/install/ur3e_ros_data/share/ur3e_ros_data/cmake/ur3e_ros_data__rosidl_typesupport_cExport-noconfig.cmake
[8.382s] -- Up-to-date: /home/harry/ur3e_ws/install/ur3e_ros_data/share/ur3e_ros_data/cmake/export_ur3e_ros_data__rosidl_generator_cppExport.cmake
[8.382s] -- Up-to-date: /home/harry/ur3e_ws/install/ur3e_ros_data/share/ur3e_ros_data/cmake/export_ur3e_ros_data__rosidl_typesupport_fastrtps_cppExport.cmake
[8.382s] -- Up-to-date: /home/harry/ur3e_ws/install/ur3e_ros_data/share/ur3e_ros_data/cmake/export_ur3e_ros_data__rosidl_typesupport_fastrtps_cppExport-noconfig.cmake
[8.383s] -- Up-to-date: /home/harry/ur3e_ws/install/ur3e_ros_data/share/ur3e_ros_data/cmake/ur3e_ros_data__rosidl_typesupport_introspection_cppExport.cmake
[8.383s] -- Up-to-date: /home/harry/ur3e_ws/install/ur3e_ros_data/share/ur3e_ros_data/cmake/ur3e_ros_data__rosidl_typesupport_introspection_cppExport-noconfig.cmake
[8.383s] -- Up-to-date: /home/harry/ur3e_ws/install/ur3e_ros_data/share/ur3e_ros_data/cmake/ur3e_ros_data__rosidl_typesupport_cppExport.cmake
[8.383s] -- Up-to-date: /home/harry/ur3e_ws/install/ur3e_ros_data/share/ur3e_ros_data/cmake/ur3e_ros_data__rosidl_typesupport_cppExport-noconfig.cmake
[8.383s] -- Up-to-date: /home/harry/ur3e_ws/install/ur3e_ros_data/share/ur3e_ros_data/cmake/export_ur3e_ros_data__rosidl_generator_pyExport.cmake
[8.383s] -- Up-to-date: /home/harry/ur3e_ws/install/ur3e_ros_data/share/ur3e_ros_data/cmake/export_ur3e_ros_data__rosidl_generator_pyExport-noconfig.cmake
[8.383s] -- Installing: /home/harry/ur3e_ws/install/ur3e_ros_data/share/ur3e_ros_data/cmake/rosidl_cmake-extras.cmake
[8.383s] -- Up-to-date: /home/harry/ur3e_ws/install/ur3e_ros_data/share/ur3e_ros_data/cmake/ament_cmake_export_dependencies-extras.cmake
[8.383s] -- Up-to-date: /home/harry/ur3e_ws/install/ur3e_ros_data/share/ur3e_ros_data/cmake/ament_cmake_export_include_directories-extras.cmake
[8.383s] -- Up-to-date: /home/harry/ur3e_ws/install/ur3e_ros_data/share/ur3e_ros_data/cmake/ament_cmake_export_libraries-extras.cmake
[8.383s] -- Up-to-date: /home/harry/ur3e_ws/install/ur3e_ros_data/share/ur3e_ros_data/cmake/ament_cmake_export_targets-extras.cmake
[8.383s] -- Up-to-date: /home/harry/ur3e_ws/install/ur3e_ros_data/share/ur3e_ros_data/cmake/rosidl_cmake_export_typesupport_targets-extras.cmake
[8.383s] -- Up-to-date: /home/harry/ur3e_ws/install/ur3e_ros_data/share/ur3e_ros_data/cmake/rosidl_cmake_export_typesupport_libraries-extras.cmake
[8.383s] -- Up-to-date: /home/harry/ur3e_ws/install/ur3e_ros_data/share/ur3e_ros_data/cmake/ur3e_ros_dataConfig.cmake
[8.383s] -- Up-to-date: /home/harry/ur3e_ws/install/ur3e_ros_data/share/ur3e_ros_data/cmake/ur3e_ros_dataConfig-version.cmake
[8.383s] -- Installing: /home/harry/ur3e_ws/install/ur3e_ros_data/share/ur3e_ros_data/package.xml
[8.384s] Invoked command in '/home/harry/ur3e_ws/build/ur3e_ros_data' returned '0': CMAKE_PREFIX_PATH=${CMAKE_PREFIX_PATH}:/home/harry/ur3e_ws/install/ur3e_ros_action:/opt/ros/iron /usr/bin/cmake --install /home/harry/ur3e_ws/build/ur3e_ros_data
