[0.487s] Invoking command in '/home/harry/ur3e_ws/src/ur3e_ros_action': PYTHONPATH=/home/harry/ur3e_ws/src/build/ur3e_ros_action/prefix_override:/home/harry/ur3e_ws/src/install/ur3e_ros_action/lib/python3.10/site-packages:${PYTHONPATH} /usr/bin/python3 -W ignore:setup.py install is deprecated setup.py egg_info --egg-base ../build/ur3e_ros_action build --build-base /home/harry/ur3e_ws/src/build/ur3e_ros_action/build install --record /home/harry/ur3e_ws/src/build/ur3e_ros_action/install.log --single-version-externally-managed install_data
[0.684s] running egg_info
[0.685s] creating ../build/ur3e_ros_action/ur3e_ros_action.egg-info
[0.685s] writing ../build/ur3e_ros_action/ur3e_ros_action.egg-info/PKG-INFO
[0.685s] writing dependency_links to ../build/ur3e_ros_action/ur3e_ros_action.egg-info/dependency_links.txt
[0.685s] writing entry points to ../build/ur3e_ros_action/ur3e_ros_action.egg-info/entry_points.txt
[0.685s] writing requirements to ../build/ur3e_ros_action/ur3e_ros_action.egg-info/requires.txt
[0.685s] writing top-level names to ../build/ur3e_ros_action/ur3e_ros_action.egg-info/top_level.txt
[0.685s] writing manifest file '../build/ur3e_ros_action/ur3e_ros_action.egg-info/SOURCES.txt'
[0.686s] reading manifest file '../build/ur3e_ros_action/ur3e_ros_action.egg-info/SOURCES.txt'
[0.687s] writing manifest file '../build/ur3e_ros_action/ur3e_ros_action.egg-info/SOURCES.txt'
[0.687s] running build
[0.687s] running build_py
[0.687s] creating /home/harry/ur3e_ws/src/build/ur3e_ros_action/build
[0.687s] creating /home/harry/ur3e_ws/src/build/ur3e_ros_action/build/lib
[0.687s] creating /home/harry/ur3e_ws/src/build/ur3e_ros_action/build/lib/ur3e_ros_action
[0.687s] copying ur3e_ros_action/moveJ_action.py -> /home/harry/ur3e_ws/src/build/ur3e_ros_action/build/lib/ur3e_ros_action
[0.687s] copying ur3e_ros_action/__init__.py -> /home/harry/ur3e_ws/src/build/ur3e_ros_action/build/lib/ur3e_ros_action
[0.688s] running install
[0.688s] running install_lib
[0.688s] creating /home/harry/ur3e_ws/src/install/ur3e_ros_action/lib/python3.10/site-packages/ur3e_ros_action
[0.689s] copying /home/harry/ur3e_ws/src/build/ur3e_ros_action/build/lib/ur3e_ros_action/moveJ_action.py -> /home/harry/ur3e_ws/src/install/ur3e_ros_action/lib/python3.10/site-packages/ur3e_ros_action
[0.689s] copying /home/harry/ur3e_ws/src/build/ur3e_ros_action/build/lib/ur3e_ros_action/__init__.py -> /home/harry/ur3e_ws/src/install/ur3e_ros_action/lib/python3.10/site-packages/ur3e_ros_action
[0.689s] byte-compiling /home/harry/ur3e_ws/src/install/ur3e_ros_action/lib/python3.10/site-packages/ur3e_ros_action/moveJ_action.py to moveJ_action.cpython-310.pyc
[0.690s] byte-compiling /home/harry/ur3e_ws/src/install/ur3e_ros_action/lib/python3.10/site-packages/ur3e_ros_action/__init__.py to __init__.cpython-310.pyc
[0.690s] running install_data
[0.690s] creating /home/harry/ur3e_ws/src/install/ur3e_ros_action/share/ament_index
[0.690s] creating /home/harry/ur3e_ws/src/install/ur3e_ros_action/share/ament_index/resource_index
[0.690s] creating /home/harry/ur3e_ws/src/install/ur3e_ros_action/share/ament_index/resource_index/packages
[0.690s] copying resource/ur3e_ros_action -> /home/harry/ur3e_ws/src/install/ur3e_ros_action/share/ament_index/resource_index/packages
[0.690s] copying package.xml -> /home/harry/ur3e_ws/src/install/ur3e_ros_action/share/ur3e_ros_action
[0.690s] running install_egg_info
[0.692s] Copying ../build/ur3e_ros_action/ur3e_ros_action.egg-info to /home/harry/ur3e_ws/src/install/ur3e_ros_action/lib/python3.10/site-packages/ur3e_ros_action-0.0.0-py3.10.egg-info
[0.692s] running install_scripts
[0.706s] Installing moveJ script to /home/harry/ur3e_ws/src/install/ur3e_ros_action/lib/ur3e_ros_action
[0.706s] writing list of installed files to '/home/harry/ur3e_ws/src/build/ur3e_ros_action/install.log'
[0.727s] Invoked command in '/home/harry/ur3e_ws/src/ur3e_ros_action' returned '0': PYTHONPATH=/home/harry/ur3e_ws/src/build/ur3e_ros_action/prefix_override:/home/harry/ur3e_ws/src/install/ur3e_ros_action/lib/python3.10/site-packages:${PYTHONPATH} /usr/bin/python3 -W ignore:setup.py install is deprecated setup.py egg_info --egg-base ../build/ur3e_ros_action build --build-base /home/harry/ur3e_ws/src/build/ur3e_ros_action/build install --record /home/harry/ur3e_ws/src/build/ur3e_ros_action/install.log --single-version-externally-managed install_data
