[0.420s] DEBUG:colcon:Command line arguments: ['/usr/bin/colcon', 'build']
[0.420s] DEBUG:colcon:Parsed command line arguments: Namespace(log_base=None, log_level=None, verb_name='build', build_base='build', install_base='install', merge_install=False, symlink_install=False, test_result_base=None, continue_on_error=False, executor='parallel', parallel_workers=2, event_handlers=None, ignore_user_meta=False, metas=['./colcon.meta'], base_paths=['.'], packages_ignore=None, packages_ignore_regex=None, paths=None, packages_up_to=None, packages_up_to_regex=None, packages_above=None, packages_above_and_dependencies=None, packages_above_depth=None, packages_select_by_dep=None, packages_skip_by_dep=None, packages_skip_up_to=None, packages_select_build_failed=False, packages_skip_build_finished=False, packages_select_test_failures=False, packages_skip_test_passed=False, packages_select=None, packages_skip=None, packages_select_regex=None, packages_skip_regex=None, packages_start=None, packages_end=None, allow_overriding=[], cmake_args=None, cmake_target=None, cmake_target_skip_unavailable=False, cmake_clean_cache=False, cmake_clean_first=False, cmake_force_configure=False, ament_cmake_args=None, catkin_cmake_args=None, catkin_skip_building_tests=False, mixin_files=None, mixin=None, verb_parser=<colcon_mixin.mixin.mixin_argument.MixinArgumentDecorator object at 0x7ac9186471f0>, verb_extension=<colcon_core.verb.build.BuildVerb object at 0x7ac918747820>, main=<bound method BuildVerb.main of <colcon_core.verb.build.BuildVerb object at 0x7ac918747820>>, mixin_verb=('build',))
[1.138s] Level 1:colcon.colcon_core.package_discovery:discover_packages(colcon_meta) check parameters
[1.138s] Level 1:colcon.colcon_core.package_discovery:discover_packages(recursive) check parameters
[1.138s] Level 1:colcon.colcon_core.package_discovery:discover_packages(ignore) check parameters
[1.138s] Level 1:colcon.colcon_core.package_discovery:discover_packages(path) check parameters
[1.138s] Level 1:colcon.colcon_core.package_discovery:discover_packages(colcon_meta) discover
[1.139s] Level 1:colcon.colcon_core.package_discovery:discover_packages(recursive) discover
[1.139s] INFO:colcon.colcon_core.package_discovery:Crawling recursively for packages in '/home/harry/ur3e_ws'
[1.139s] Level 1:colcon.colcon_core.package_identification:_identify(.) by extensions ['ignore', 'ignore_ament_install']
[1.139s] Level 1:colcon.colcon_core.package_identification:_identify(.) by extension 'ignore'
[1.140s] Level 1:colcon.colcon_core.package_identification:_identify(.) by extension 'ignore_ament_install'
[1.140s] Level 1:colcon.colcon_core.package_identification:_identify(.) by extensions ['colcon_pkg']
[1.140s] Level 1:colcon.colcon_core.package_identification:_identify(.) by extension 'colcon_pkg'
[1.140s] Level 1:colcon.colcon_core.package_identification:_identify(.) by extensions ['colcon_meta']
[1.140s] Level 1:colcon.colcon_core.package_identification:_identify(.) by extension 'colcon_meta'
[1.140s] Level 1:colcon.colcon_core.package_identification:_identify(.) by extensions ['ros']
[1.140s] Level 1:colcon.colcon_core.package_identification:_identify(.) by extension 'ros'
[1.180s] Level 1:colcon.colcon_core.package_identification:_identify(.) by extensions ['cmake', 'python']
[1.181s] Level 1:colcon.colcon_core.package_identification:_identify(.) by extension 'cmake'
[1.181s] Level 1:colcon.colcon_core.package_identification:_identify(.) by extension 'python'
[1.181s] Level 1:colcon.colcon_core.package_identification:_identify(.) by extensions ['python_setup_py']
[1.181s] Level 1:colcon.colcon_core.package_identification:_identify(.) by extension 'python_setup_py'
[1.182s] Level 1:colcon.colcon_core.package_identification:_identify(build) by extensions ['ignore', 'ignore_ament_install']
[1.182s] Level 1:colcon.colcon_core.package_identification:_identify(build) by extension 'ignore'
[1.182s] Level 1:colcon.colcon_core.package_identification:_identify(build) ignored
[1.182s] Level 1:colcon.colcon_core.package_identification:_identify(install) by extensions ['ignore', 'ignore_ament_install']
[1.183s] Level 1:colcon.colcon_core.package_identification:_identify(install) by extension 'ignore'
[1.183s] Level 1:colcon.colcon_core.package_identification:_identify(install) ignored
[1.183s] Level 1:colcon.colcon_core.package_identification:_identify(log) by extensions ['ignore', 'ignore_ament_install']
[1.183s] Level 1:colcon.colcon_core.package_identification:_identify(log) by extension 'ignore'
[1.184s] Level 1:colcon.colcon_core.package_identification:_identify(log) ignored
[1.184s] Level 1:colcon.colcon_core.package_identification:_identify(src) by extensions ['ignore', 'ignore_ament_install']
[1.184s] Level 1:colcon.colcon_core.package_identification:_identify(src) by extension 'ignore'
[1.184s] Level 1:colcon.colcon_core.package_identification:_identify(src) by extension 'ignore_ament_install'
[1.186s] Level 1:colcon.colcon_core.package_identification:_identify(src) by extensions ['colcon_pkg']
[1.186s] Level 1:colcon.colcon_core.package_identification:_identify(src) by extension 'colcon_pkg'
[1.186s] Level 1:colcon.colcon_core.package_identification:_identify(src) by extensions ['colcon_meta']
[1.186s] Level 1:colcon.colcon_core.package_identification:_identify(src) by extension 'colcon_meta'
[1.187s] Level 1:colcon.colcon_core.package_identification:_identify(src) by extensions ['ros']
[1.187s] Level 1:colcon.colcon_core.package_identification:_identify(src) by extension 'ros'
[1.187s] Level 1:colcon.colcon_core.package_identification:_identify(src) by extensions ['cmake', 'python']
[1.187s] Level 1:colcon.colcon_core.package_identification:_identify(src) by extension 'cmake'
[1.187s] Level 1:colcon.colcon_core.package_identification:_identify(src) by extension 'python'
[1.187s] Level 1:colcon.colcon_core.package_identification:_identify(src) by extensions ['python_setup_py']
[1.187s] Level 1:colcon.colcon_core.package_identification:_identify(src) by extension 'python_setup_py'
[1.188s] Level 1:colcon.colcon_core.package_identification:_identify(src/ur3e_gazebo_sim) by extensions ['ignore', 'ignore_ament_install']
[1.188s] Level 1:colcon.colcon_core.package_identification:_identify(src/ur3e_gazebo_sim) by extension 'ignore'
[1.188s] Level 1:colcon.colcon_core.package_identification:_identify(src/ur3e_gazebo_sim) by extension 'ignore_ament_install'
[1.188s] Level 1:colcon.colcon_core.package_identification:_identify(src/ur3e_gazebo_sim) by extensions ['colcon_pkg']
[1.189s] Level 1:colcon.colcon_core.package_identification:_identify(src/ur3e_gazebo_sim) by extension 'colcon_pkg'
[1.189s] Level 1:colcon.colcon_core.package_identification:_identify(src/ur3e_gazebo_sim) by extensions ['colcon_meta']
[1.189s] Level 1:colcon.colcon_core.package_identification:_identify(src/ur3e_gazebo_sim) by extension 'colcon_meta'
[1.189s] Level 1:colcon.colcon_core.package_identification:_identify(src/ur3e_gazebo_sim) by extensions ['ros']
[1.189s] Level 1:colcon.colcon_core.package_identification:_identify(src/ur3e_gazebo_sim) by extension 'ros'
[1.204s] DEBUG:colcon.colcon_core.package_identification:Package 'src/ur3e_gazebo_sim' with type 'ros.ament_cmake' and name 'ur3e_gazebo_sim'
[1.204s] Level 1:colcon.colcon_core.package_identification:_identify(src/ur3e_ros_action) by extensions ['ignore', 'ignore_ament_install']
[1.205s] Level 1:colcon.colcon_core.package_identification:_identify(src/ur3e_ros_action) by extension 'ignore'
[1.205s] Level 1:colcon.colcon_core.package_identification:_identify(src/ur3e_ros_action) by extension 'ignore_ament_install'
[1.205s] Level 1:colcon.colcon_core.package_identification:_identify(src/ur3e_ros_action) by extensions ['colcon_pkg']
[1.205s] Level 1:colcon.colcon_core.package_identification:_identify(src/ur3e_ros_action) by extension 'colcon_pkg'
[1.205s] Level 1:colcon.colcon_core.package_identification:_identify(src/ur3e_ros_action) by extensions ['colcon_meta']
[1.206s] Level 1:colcon.colcon_core.package_identification:_identify(src/ur3e_ros_action) by extension 'colcon_meta'
[1.206s] Level 1:colcon.colcon_core.package_identification:_identify(src/ur3e_ros_action) by extensions ['ros']
[1.206s] Level 1:colcon.colcon_core.package_identification:_identify(src/ur3e_ros_action) by extension 'ros'
[1.207s] DEBUG:colcon.colcon_core.package_identification:Package 'src/ur3e_ros_action' with type 'ros.ament_python' and name 'ur3e_ros_action'
[1.208s] Level 1:colcon.colcon_core.package_identification:_identify(src/ur3e_ros_action_cpp) by extensions ['ignore', 'ignore_ament_install']
[1.208s] Level 1:colcon.colcon_core.package_identification:_identify(src/ur3e_ros_action_cpp) by extension 'ignore'
[1.208s] Level 1:colcon.colcon_core.package_identification:_identify(src/ur3e_ros_action_cpp) by extension 'ignore_ament_install'
[1.208s] Level 1:colcon.colcon_core.package_identification:_identify(src/ur3e_ros_action_cpp) by extensions ['colcon_pkg']
[1.208s] Level 1:colcon.colcon_core.package_identification:_identify(src/ur3e_ros_action_cpp) by extension 'colcon_pkg'
[1.209s] Level 1:colcon.colcon_core.package_identification:_identify(src/ur3e_ros_action_cpp) by extensions ['colcon_meta']
[1.209s] Level 1:colcon.colcon_core.package_identification:_identify(src/ur3e_ros_action_cpp) by extension 'colcon_meta'
[1.209s] Level 1:colcon.colcon_core.package_identification:_identify(src/ur3e_ros_action_cpp) by extensions ['ros']
[1.209s] Level 1:colcon.colcon_core.package_identification:_identify(src/ur3e_ros_action_cpp) by extension 'ros'
[1.212s] DEBUG:colcon.colcon_core.package_identification:Package 'src/ur3e_ros_action_cpp' with type 'ros.ament_cmake' and name 'ur3e_ros_action_cpp'
[1.212s] Level 1:colcon.colcon_core.package_identification:_identify(src/ur3e_ros_data) by extensions ['ignore', 'ignore_ament_install']
[1.212s] Level 1:colcon.colcon_core.package_identification:_identify(src/ur3e_ros_data) by extension 'ignore'
[1.212s] Level 1:colcon.colcon_core.package_identification:_identify(src/ur3e_ros_data) by extension 'ignore_ament_install'
[1.213s] Level 1:colcon.colcon_core.package_identification:_identify(src/ur3e_ros_data) by extensions ['colcon_pkg']
[1.213s] Level 1:colcon.colcon_core.package_identification:_identify(src/ur3e_ros_data) by extension 'colcon_pkg'
[1.213s] Level 1:colcon.colcon_core.package_identification:_identify(src/ur3e_ros_data) by extensions ['colcon_meta']
[1.213s] Level 1:colcon.colcon_core.package_identification:_identify(src/ur3e_ros_data) by extension 'colcon_meta'
[1.213s] Level 1:colcon.colcon_core.package_identification:_identify(src/ur3e_ros_data) by extensions ['ros']
[1.213s] Level 1:colcon.colcon_core.package_identification:_identify(src/ur3e_ros_data) by extension 'ros'
[1.240s] DEBUG:colcon.colcon_core.package_identification:Package 'src/ur3e_ros_data' with type 'ros.ament_cmake' and name 'ur3e_ros_data'
[1.240s] Level 1:colcon.colcon_core.package_discovery:discover_packages(recursive) using defaults
[1.240s] Level 1:colcon.colcon_core.package_discovery:discover_packages(ignore) discover
[1.240s] Level 1:colcon.colcon_core.package_discovery:discover_packages(ignore) using defaults
[1.240s] Level 1:colcon.colcon_core.package_discovery:discover_packages(path) discover
[1.240s] Level 1:colcon.colcon_core.package_discovery:discover_packages(path) using defaults
[1.324s] Level 1:colcon.colcon_core.package_discovery:discover_packages(prefix_path) check parameters
[1.324s] Level 1:colcon.colcon_core.package_discovery:discover_packages(prefix_path) discover
[1.331s] DEBUG:colcon.colcon_installed_package_information.package_discovery:Found 3 installed packages in /home/harry/ur3e_ws/install
[1.336s] DEBUG:colcon.colcon_installed_package_information.package_discovery:Found 3 installed packages in /home/harry/ur_ws/install
[1.354s] DEBUG:colcon.colcon_installed_package_information.package_discovery:Found 395 installed packages in /opt/ros/iron
[1.364s] Level 1:colcon.colcon_core.package_discovery:discover_packages(prefix_path) using defaults
[1.555s] Level 5:colcon.colcon_core.verb:set package 'ur3e_gazebo_sim' build argument 'cmake_args' from command line to 'None'
[1.556s] Level 5:colcon.colcon_core.verb:set package 'ur3e_gazebo_sim' build argument 'cmake_target' from command line to 'None'
[1.556s] Level 5:colcon.colcon_core.verb:set package 'ur3e_gazebo_sim' build argument 'cmake_target_skip_unavailable' from command line to 'False'
[1.556s] Level 5:colcon.colcon_core.verb:set package 'ur3e_gazebo_sim' build argument 'cmake_clean_cache' from command line to 'False'
[1.556s] Level 5:colcon.colcon_core.verb:set package 'ur3e_gazebo_sim' build argument 'cmake_clean_first' from command line to 'False'
[1.556s] Level 5:colcon.colcon_core.verb:set package 'ur3e_gazebo_sim' build argument 'cmake_force_configure' from command line to 'False'
[1.556s] Level 5:colcon.colcon_core.verb:set package 'ur3e_gazebo_sim' build argument 'ament_cmake_args' from command line to 'None'
[1.556s] Level 5:colcon.colcon_core.verb:set package 'ur3e_gazebo_sim' build argument 'catkin_cmake_args' from command line to 'None'
[1.556s] Level 5:colcon.colcon_core.verb:set package 'ur3e_gazebo_sim' build argument 'catkin_skip_building_tests' from command line to 'False'
[1.556s] DEBUG:colcon.colcon_core.verb:Building package 'ur3e_gazebo_sim' with the following arguments: {'ament_cmake_args': None, 'build_base': '/home/harry/ur3e_ws/build/ur3e_gazebo_sim', 'catkin_cmake_args': None, 'catkin_skip_building_tests': False, 'cmake_args': None, 'cmake_clean_cache': False, 'cmake_clean_first': False, 'cmake_force_configure': False, 'cmake_target': None, 'cmake_target_skip_unavailable': False, 'install_base': '/home/harry/ur3e_ws/install/ur3e_gazebo_sim', 'merge_install': False, 'path': '/home/harry/ur3e_ws/src/ur3e_gazebo_sim', 'symlink_install': False, 'test_result_base': None}
[1.557s] Level 5:colcon.colcon_core.verb:set package 'ur3e_ros_action' build argument 'cmake_args' from command line to 'None'
[1.558s] Level 5:colcon.colcon_core.verb:set package 'ur3e_ros_action' build argument 'cmake_target' from command line to 'None'
[1.558s] Level 5:colcon.colcon_core.verb:set package 'ur3e_ros_action' build argument 'cmake_target_skip_unavailable' from command line to 'False'
[1.558s] Level 5:colcon.colcon_core.verb:set package 'ur3e_ros_action' build argument 'cmake_clean_cache' from command line to 'False'
[1.558s] Level 5:colcon.colcon_core.verb:set package 'ur3e_ros_action' build argument 'cmake_clean_first' from command line to 'False'
[1.558s] Level 5:colcon.colcon_core.verb:set package 'ur3e_ros_action' build argument 'cmake_force_configure' from command line to 'False'
[1.558s] Level 5:colcon.colcon_core.verb:set package 'ur3e_ros_action' build argument 'ament_cmake_args' from command line to 'None'
[1.558s] Level 5:colcon.colcon_core.verb:set package 'ur3e_ros_action' build argument 'catkin_cmake_args' from command line to 'None'
[1.558s] Level 5:colcon.colcon_core.verb:set package 'ur3e_ros_action' build argument 'catkin_skip_building_tests' from command line to 'False'
[1.558s] DEBUG:colcon.colcon_core.verb:Building package 'ur3e_ros_action' with the following arguments: {'ament_cmake_args': None, 'build_base': '/home/harry/ur3e_ws/build/ur3e_ros_action', 'catkin_cmake_args': None, 'catkin_skip_building_tests': False, 'cmake_args': None, 'cmake_clean_cache': False, 'cmake_clean_first': False, 'cmake_force_configure': False, 'cmake_target': None, 'cmake_target_skip_unavailable': False, 'install_base': '/home/harry/ur3e_ws/install/ur3e_ros_action', 'merge_install': False, 'path': '/home/harry/ur3e_ws/src/ur3e_ros_action', 'symlink_install': False, 'test_result_base': None}
[1.559s] Level 5:colcon.colcon_core.verb:set package 'ur3e_ros_data' build argument 'cmake_args' from command line to 'None'
[1.559s] Level 5:colcon.colcon_core.verb:set package 'ur3e_ros_data' build argument 'cmake_target' from command line to 'None'
[1.559s] Level 5:colcon.colcon_core.verb:set package 'ur3e_ros_data' build argument 'cmake_target_skip_unavailable' from command line to 'False'
[1.560s] Level 5:colcon.colcon_core.verb:set package 'ur3e_ros_data' build argument 'cmake_clean_cache' from command line to 'False'
[1.560s] Level 5:colcon.colcon_core.verb:set package 'ur3e_ros_data' build argument 'cmake_clean_first' from command line to 'False'
[1.560s] Level 5:colcon.colcon_core.verb:set package 'ur3e_ros_data' build argument 'cmake_force_configure' from command line to 'False'
[1.560s] Level 5:colcon.colcon_core.verb:set package 'ur3e_ros_data' build argument 'ament_cmake_args' from command line to 'None'
[1.560s] Level 5:colcon.colcon_core.verb:set package 'ur3e_ros_data' build argument 'catkin_cmake_args' from command line to 'None'
[1.560s] Level 5:colcon.colcon_core.verb:set package 'ur3e_ros_data' build argument 'catkin_skip_building_tests' from command line to 'False'
[1.560s] DEBUG:colcon.colcon_core.verb:Building package 'ur3e_ros_data' with the following arguments: {'ament_cmake_args': None, 'build_base': '/home/harry/ur3e_ws/build/ur3e_ros_data', 'catkin_cmake_args': None, 'catkin_skip_building_tests': False, 'cmake_args': None, 'cmake_clean_cache': False, 'cmake_clean_first': False, 'cmake_force_configure': False, 'cmake_target': None, 'cmake_target_skip_unavailable': False, 'install_base': '/home/harry/ur3e_ws/install/ur3e_ros_data', 'merge_install': False, 'path': '/home/harry/ur3e_ws/src/ur3e_ros_data', 'symlink_install': False, 'test_result_base': None}
[1.561s] Level 5:colcon.colcon_core.verb:set package 'ur3e_ros_action_cpp' build argument 'cmake_args' from command line to 'None'
[1.561s] Level 5:colcon.colcon_core.verb:set package 'ur3e_ros_action_cpp' build argument 'cmake_target' from command line to 'None'
[1.561s] Level 5:colcon.colcon_core.verb:set package 'ur3e_ros_action_cpp' build argument 'cmake_target_skip_unavailable' from command line to 'False'
[1.562s] Level 5:colcon.colcon_core.verb:set package 'ur3e_ros_action_cpp' build argument 'cmake_clean_cache' from command line to 'False'
[1.562s] Level 5:colcon.colcon_core.verb:set package 'ur3e_ros_action_cpp' build argument 'cmake_clean_first' from command line to 'False'
[1.562s] Level 5:colcon.colcon_core.verb:set package 'ur3e_ros_action_cpp' build argument 'cmake_force_configure' from command line to 'False'
[1.562s] Level 5:colcon.colcon_core.verb:set package 'ur3e_ros_action_cpp' build argument 'ament_cmake_args' from command line to 'None'
[1.562s] Level 5:colcon.colcon_core.verb:set package 'ur3e_ros_action_cpp' build argument 'catkin_cmake_args' from command line to 'None'
[1.562s] Level 5:colcon.colcon_core.verb:set package 'ur3e_ros_action_cpp' build argument 'catkin_skip_building_tests' from command line to 'False'
[1.562s] DEBUG:colcon.colcon_core.verb:Building package 'ur3e_ros_action_cpp' with the following arguments: {'ament_cmake_args': None, 'build_base': '/home/harry/ur3e_ws/build/ur3e_ros_action_cpp', 'catkin_cmake_args': None, 'catkin_skip_building_tests': False, 'cmake_args': None, 'cmake_clean_cache': False, 'cmake_clean_first': False, 'cmake_force_configure': False, 'cmake_target': None, 'cmake_target_skip_unavailable': False, 'install_base': '/home/harry/ur3e_ws/install/ur3e_ros_action_cpp', 'merge_install': False, 'path': '/home/harry/ur3e_ws/src/ur3e_ros_action_cpp', 'symlink_install': False, 'test_result_base': None}
[1.562s] INFO:colcon.colcon_core.executor:Executing jobs using 'parallel' executor
[1.566s] DEBUG:colcon.colcon_parallel_executor.executor.parallel:run_until_complete
[1.566s] INFO:colcon.colcon_ros.task.ament_cmake.build:Building ROS package in '/home/harry/ur3e_ws/src/ur3e_ros_data' with build type 'ament_cmake'
[1.567s] INFO:colcon.colcon_cmake.task.cmake.build:Building CMake package in '/home/harry/ur3e_ws/src/ur3e_ros_data'
[1.572s] INFO:colcon.colcon_core.plugin_system:Skipping extension 'colcon_core.shell.bat': Not used on non-Windows systems
[1.573s] INFO:colcon.colcon_core.shell:Skip shell extension 'powershell' for command environment: Not usable outside of PowerShell
[1.573s] DEBUG:colcon.colcon_core.shell:Skip shell extension 'dsv' for command environment
[1.593s] INFO:colcon.colcon_ros.task.ament_cmake.build:Building ROS package in '/home/harry/ur3e_ws/src/ur3e_gazebo_sim' with build type 'ament_cmake'
[1.593s] INFO:colcon.colcon_cmake.task.cmake.build:Building CMake package in '/home/harry/ur3e_ws/src/ur3e_gazebo_sim'
[1.594s] INFO:colcon.colcon_core.shell:Skip shell extension 'powershell' for command environment: Not usable outside of PowerShell
[1.594s] DEBUG:colcon.colcon_core.shell:Skip shell extension 'dsv' for command environment
[1.646s] DEBUG:colcon.colcon_core.event_handler.log_command:Invoking command in '/home/harry/ur3e_ws/build/ur3e_ros_data': CMAKE_PREFIX_PATH=${CMAKE_PREFIX_PATH}:/home/harry/ur3e_ws/install/ur3e_ros_action:/home/harry/ur_ws/install/ur3e_ros_action:/opt/ros/iron /usr/bin/cmake --build /home/harry/ur3e_ws/build/ur3e_ros_data -- -j2 -l2
[1.669s] DEBUG:colcon.colcon_core.event_handler.log_command:Invoking command in '/home/harry/ur3e_ws/build/ur3e_gazebo_sim': CMAKE_PREFIX_PATH=${CMAKE_PREFIX_PATH}:/home/harry/ur3e_ws/install/ur3e_ros_action:/home/harry/ur_ws/install/ur3e_ros_action:/opt/ros/iron /usr/bin/cmake --build /home/harry/ur3e_ws/build/ur3e_gazebo_sim -- -j2 -l2
[1.836s] DEBUG:colcon.colcon_core.event_handler.log_command:Invoked command in '/home/harry/ur3e_ws/build/ur3e_gazebo_sim' returned '0': CMAKE_PREFIX_PATH=${CMAKE_PREFIX_PATH}:/home/harry/ur3e_ws/install/ur3e_ros_action:/home/harry/ur_ws/install/ur3e_ros_action:/opt/ros/iron /usr/bin/cmake --build /home/harry/ur3e_ws/build/ur3e_gazebo_sim -- -j2 -l2
[2.080s] DEBUG:colcon.colcon_core.event_handler.log_command:Invoking command in '/home/harry/ur3e_ws/build/ur3e_gazebo_sim': CMAKE_PREFIX_PATH=${CMAKE_PREFIX_PATH}:/home/harry/ur3e_ws/install/ur3e_ros_action:/home/harry/ur_ws/install/ur3e_ros_action:/opt/ros/iron /usr/bin/cmake --install /home/harry/ur3e_ws/build/ur3e_gazebo_sim
[2.180s] Level 1:colcon.colcon_core.environment:create_environment_scripts_only(ur3e_gazebo_sim)
[2.188s] Level 1:colcon.colcon_core.environment:checking '/home/harry/ur3e_ws/install/ur3e_gazebo_sim' for CMake module files
[2.193s] DEBUG:colcon.colcon_core.event_handler.log_command:Invoked command in '/home/harry/ur3e_ws/build/ur3e_gazebo_sim' returned '0': CMAKE_PREFIX_PATH=${CMAKE_PREFIX_PATH}:/home/harry/ur3e_ws/install/ur3e_ros_action:/home/harry/ur_ws/install/ur3e_ros_action:/opt/ros/iron /usr/bin/cmake --install /home/harry/ur3e_ws/build/ur3e_gazebo_sim
[2.194s] Level 1:colcon.colcon_core.environment:checking '/home/harry/ur3e_ws/install/ur3e_gazebo_sim' for CMake config files
[2.195s] Level 1:colcon.colcon_core.shell:create_environment_hook('ur3e_gazebo_sim', 'cmake_prefix_path')
[2.196s] INFO:colcon.colcon_core.shell:Creating environment hook '/home/harry/ur3e_ws/install/ur3e_gazebo_sim/share/ur3e_gazebo_sim/hook/cmake_prefix_path.ps1'
[2.199s] INFO:colcon.colcon_core.shell:Creating environment descriptor '/home/harry/ur3e_ws/install/ur3e_gazebo_sim/share/ur3e_gazebo_sim/hook/cmake_prefix_path.dsv'
[2.209s] INFO:colcon.colcon_core.shell:Creating environment hook '/home/harry/ur3e_ws/install/ur3e_gazebo_sim/share/ur3e_gazebo_sim/hook/cmake_prefix_path.sh'
[2.213s] Level 1:colcon.colcon_core.environment:checking '/home/harry/ur3e_ws/install/ur3e_gazebo_sim/bin'
[2.213s] Level 1:colcon.colcon_core.environment:checking '/home/harry/ur3e_ws/install/ur3e_gazebo_sim/lib/pkgconfig/ur3e_gazebo_sim.pc'
[2.214s] Level 1:colcon.colcon_core.environment:checking '/home/harry/ur3e_ws/install/ur3e_gazebo_sim/lib/python3.10/site-packages'
[2.215s] Level 1:colcon.colcon_core.environment:checking '/home/harry/ur3e_ws/install/ur3e_gazebo_sim/bin'
[2.216s] INFO:colcon.colcon_core.shell:Creating package script '/home/harry/ur3e_ws/install/ur3e_gazebo_sim/share/ur3e_gazebo_sim/package.ps1'
[2.219s] INFO:colcon.colcon_core.shell:Creating package descriptor '/home/harry/ur3e_ws/install/ur3e_gazebo_sim/share/ur3e_gazebo_sim/package.dsv'
[2.228s] INFO:colcon.colcon_core.shell:Creating package script '/home/harry/ur3e_ws/install/ur3e_gazebo_sim/share/ur3e_gazebo_sim/package.sh'
[2.231s] INFO:colcon.colcon_core.shell:Creating package script '/home/harry/ur3e_ws/install/ur3e_gazebo_sim/share/ur3e_gazebo_sim/package.bash'
[2.234s] INFO:colcon.colcon_core.shell:Creating package script '/home/harry/ur3e_ws/install/ur3e_gazebo_sim/share/ur3e_gazebo_sim/package.zsh'
[2.250s] Level 1:colcon.colcon_core.environment:create_file_with_runtime_dependencies(/home/harry/ur3e_ws/install/ur3e_gazebo_sim/share/colcon-core/packages/ur3e_gazebo_sim)
[2.380s] Level 1:colcon.colcon_core.environment:create_environment_scripts_only(ur3e_gazebo_sim)
[2.381s] Level 1:colcon.colcon_core.environment:checking '/home/harry/ur3e_ws/install/ur3e_gazebo_sim' for CMake module files
[2.383s] Level 1:colcon.colcon_core.environment:checking '/home/harry/ur3e_ws/install/ur3e_gazebo_sim' for CMake config files
[2.384s] Level 1:colcon.colcon_core.shell:create_environment_hook('ur3e_gazebo_sim', 'cmake_prefix_path')
[2.385s] INFO:colcon.colcon_core.shell:Creating environment hook '/home/harry/ur3e_ws/install/ur3e_gazebo_sim/share/ur3e_gazebo_sim/hook/cmake_prefix_path.ps1'
[2.394s] INFO:colcon.colcon_core.shell:Creating environment descriptor '/home/harry/ur3e_ws/install/ur3e_gazebo_sim/share/ur3e_gazebo_sim/hook/cmake_prefix_path.dsv'
[2.395s] INFO:colcon.colcon_core.shell:Creating environment hook '/home/harry/ur3e_ws/install/ur3e_gazebo_sim/share/ur3e_gazebo_sim/hook/cmake_prefix_path.sh'
[2.397s] Level 1:colcon.colcon_core.environment:checking '/home/harry/ur3e_ws/install/ur3e_gazebo_sim/bin'
[2.398s] Level 1:colcon.colcon_core.environment:checking '/home/harry/ur3e_ws/install/ur3e_gazebo_sim/lib/pkgconfig/ur3e_gazebo_sim.pc'
[2.398s] Level 1:colcon.colcon_core.environment:checking '/home/harry/ur3e_ws/install/ur3e_gazebo_sim/lib/python3.10/site-packages'
[2.399s] Level 1:colcon.colcon_core.environment:checking '/home/harry/ur3e_ws/install/ur3e_gazebo_sim/bin'
[2.400s] INFO:colcon.colcon_core.shell:Creating package script '/home/harry/ur3e_ws/install/ur3e_gazebo_sim/share/ur3e_gazebo_sim/package.ps1'
[2.402s] INFO:colcon.colcon_core.shell:Creating package descriptor '/home/harry/ur3e_ws/install/ur3e_gazebo_sim/share/ur3e_gazebo_sim/package.dsv'
[2.403s] INFO:colcon.colcon_core.shell:Creating package script '/home/harry/ur3e_ws/install/ur3e_gazebo_sim/share/ur3e_gazebo_sim/package.sh'
[2.410s] INFO:colcon.colcon_core.shell:Creating package script '/home/harry/ur3e_ws/install/ur3e_gazebo_sim/share/ur3e_gazebo_sim/package.bash'
[2.412s] INFO:colcon.colcon_core.shell:Creating package script '/home/harry/ur3e_ws/install/ur3e_gazebo_sim/share/ur3e_gazebo_sim/package.zsh'
[2.413s] Level 1:colcon.colcon_core.environment:create_file_with_runtime_dependencies(/home/harry/ur3e_ws/install/ur3e_gazebo_sim/share/colcon-core/packages/ur3e_gazebo_sim)
[2.416s] INFO:colcon.colcon_ros.task.ament_python.build:Building ROS package in '/home/harry/ur3e_ws/src/ur3e_ros_action' with build type 'ament_python'
[2.417s] Level 1:colcon.colcon_core.shell:create_environment_hook('ur3e_ros_action', 'ament_prefix_path')
[2.417s] INFO:colcon.colcon_core.shell:Creating environment hook '/home/harry/ur3e_ws/install/ur3e_ros_action/share/ur3e_ros_action/hook/ament_prefix_path.ps1'
[2.419s] INFO:colcon.colcon_core.shell:Creating environment descriptor '/home/harry/ur3e_ws/install/ur3e_ros_action/share/ur3e_ros_action/hook/ament_prefix_path.dsv'
[2.420s] INFO:colcon.colcon_core.shell:Creating environment hook '/home/harry/ur3e_ws/install/ur3e_ros_action/share/ur3e_ros_action/hook/ament_prefix_path.sh'
[2.422s] INFO:colcon.colcon_core.shell:Skip shell extension 'powershell' for command environment: Not usable outside of PowerShell
[2.422s] DEBUG:colcon.colcon_core.shell:Skip shell extension 'dsv' for command environment
[3.900s] INFO:colcon.colcon_core.task.python.build:Building Python package in '/home/harry/ur3e_ws/src/ur3e_ros_action'
[3.901s] INFO:colcon.colcon_core.shell:Skip shell extension 'powershell' for command environment: Not usable outside of PowerShell
[3.901s] DEBUG:colcon.colcon_core.shell:Skip shell extension 'dsv' for command environment
[3.936s] DEBUG:colcon.colcon_core.event_handler.log_command:Invoked command in '/home/harry/ur3e_ws/build/ur3e_ros_data' returned '0': CMAKE_PREFIX_PATH=${CMAKE_PREFIX_PATH}:/home/harry/ur3e_ws/install/ur3e_ros_action:/home/harry/ur_ws/install/ur3e_ros_action:/opt/ros/iron /usr/bin/cmake --build /home/harry/ur3e_ws/build/ur3e_ros_data -- -j2 -l2
[4.294s] DEBUG:colcon.colcon_core.event_handler.log_command:Invoking command in '/home/harry/ur3e_ws/build/ur3e_ros_data': CMAKE_PREFIX_PATH=${CMAKE_PREFIX_PATH}:/home/harry/ur3e_ws/install/ur3e_ros_action:/home/harry/ur_ws/install/ur3e_ros_action:/opt/ros/iron /usr/bin/cmake --install /home/harry/ur3e_ws/build/ur3e_ros_data
[4.597s] Level 1:colcon.colcon_core.environment:create_environment_scripts_only(ur3e_ros_data)
[4.598s] Level 1:colcon.colcon_core.environment:checking '/home/harry/ur3e_ws/install/ur3e_ros_data' for CMake module files
[4.600s] Level 1:colcon.colcon_core.environment:checking '/home/harry/ur3e_ws/install/ur3e_ros_data' for CMake config files
[4.601s] Level 1:colcon.colcon_core.shell:create_environment_hook('ur3e_ros_data', 'cmake_prefix_path')
[4.602s] INFO:colcon.colcon_core.shell:Creating environment hook '/home/harry/ur3e_ws/install/ur3e_ros_data/share/ur3e_ros_data/hook/cmake_prefix_path.ps1'
[4.606s] DEBUG:colcon.colcon_core.event_handler.log_command:Invoked command in '/home/harry/ur3e_ws/build/ur3e_ros_data' returned '0': CMAKE_PREFIX_PATH=${CMAKE_PREFIX_PATH}:/home/harry/ur3e_ws/install/ur3e_ros_action:/home/harry/ur_ws/install/ur3e_ros_action:/opt/ros/iron /usr/bin/cmake --install /home/harry/ur3e_ws/build/ur3e_ros_data
[4.608s] INFO:colcon.colcon_core.shell:Creating environment descriptor '/home/harry/ur3e_ws/install/ur3e_ros_data/share/ur3e_ros_data/hook/cmake_prefix_path.dsv'
[4.609s] INFO:colcon.colcon_core.shell:Creating environment hook '/home/harry/ur3e_ws/install/ur3e_ros_data/share/ur3e_ros_data/hook/cmake_prefix_path.sh'
[4.611s] Level 1:colcon.colcon_core.environment:checking '/home/harry/ur3e_ws/install/ur3e_ros_data/lib'
[4.612s] Level 1:colcon.colcon_core.shell:create_environment_hook('ur3e_ros_data', 'ld_library_path_lib')
[4.613s] INFO:colcon.colcon_core.shell:Creating environment hook '/home/harry/ur3e_ws/install/ur3e_ros_data/share/ur3e_ros_data/hook/ld_library_path_lib.ps1'
[4.614s] INFO:colcon.colcon_core.shell:Creating environment descriptor '/home/harry/ur3e_ws/install/ur3e_ros_data/share/ur3e_ros_data/hook/ld_library_path_lib.dsv'
[4.616s] INFO:colcon.colcon_core.shell:Creating environment hook '/home/harry/ur3e_ws/install/ur3e_ros_data/share/ur3e_ros_data/hook/ld_library_path_lib.sh'
[4.617s] Level 1:colcon.colcon_core.environment:checking '/home/harry/ur3e_ws/install/ur3e_ros_data/bin'
[4.618s] Level 1:colcon.colcon_core.environment:checking '/home/harry/ur3e_ws/install/ur3e_ros_data/lib/pkgconfig/ur3e_ros_data.pc'
[4.618s] Level 1:colcon.colcon_core.environment:checking '/home/harry/ur3e_ws/install/ur3e_ros_data/lib/python3.10/site-packages'
[4.618s] Level 1:colcon.colcon_core.shell:create_environment_hook('ur3e_ros_data', 'pythonpath')
[4.619s] INFO:colcon.colcon_core.shell:Creating environment hook '/home/harry/ur3e_ws/install/ur3e_ros_data/share/ur3e_ros_data/hook/pythonpath.ps1'
[4.621s] INFO:colcon.colcon_core.shell:Creating environment descriptor '/home/harry/ur3e_ws/install/ur3e_ros_data/share/ur3e_ros_data/hook/pythonpath.dsv'
[4.622s] INFO:colcon.colcon_core.shell:Creating environment hook '/home/harry/ur3e_ws/install/ur3e_ros_data/share/ur3e_ros_data/hook/pythonpath.sh'
[4.624s] Level 1:colcon.colcon_core.environment:checking '/home/harry/ur3e_ws/install/ur3e_ros_data/bin'
[4.625s] INFO:colcon.colcon_core.shell:Creating package script '/home/harry/ur3e_ws/install/ur3e_ros_data/share/ur3e_ros_data/package.ps1'
[4.627s] INFO:colcon.colcon_core.shell:Creating package descriptor '/home/harry/ur3e_ws/install/ur3e_ros_data/share/ur3e_ros_data/package.dsv'
[4.630s] INFO:colcon.colcon_core.shell:Creating package script '/home/harry/ur3e_ws/install/ur3e_ros_data/share/ur3e_ros_data/package.sh'
[4.632s] INFO:colcon.colcon_core.shell:Creating package script '/home/harry/ur3e_ws/install/ur3e_ros_data/share/ur3e_ros_data/package.bash'
[4.633s] INFO:colcon.colcon_core.shell:Creating package script '/home/harry/ur3e_ws/install/ur3e_ros_data/share/ur3e_ros_data/package.zsh'
[4.634s] Level 1:colcon.colcon_core.environment:create_file_with_runtime_dependencies(/home/harry/ur3e_ws/install/ur3e_ros_data/share/colcon-core/packages/ur3e_ros_data)
[4.961s] Level 1:colcon.colcon_core.environment:create_environment_scripts_only(ur3e_ros_data)
[4.961s] Level 1:colcon.colcon_core.environment:checking '/home/harry/ur3e_ws/install/ur3e_ros_data' for CMake module files
[4.963s] Level 1:colcon.colcon_core.environment:checking '/home/harry/ur3e_ws/install/ur3e_ros_data' for CMake config files
[4.963s] Level 1:colcon.colcon_core.shell:create_environment_hook('ur3e_ros_data', 'cmake_prefix_path')
[4.964s] INFO:colcon.colcon_core.shell:Creating environment hook '/home/harry/ur3e_ws/install/ur3e_ros_data/share/ur3e_ros_data/hook/cmake_prefix_path.ps1'
[4.965s] INFO:colcon.colcon_core.shell:Creating environment descriptor '/home/harry/ur3e_ws/install/ur3e_ros_data/share/ur3e_ros_data/hook/cmake_prefix_path.dsv'
[4.966s] INFO:colcon.colcon_core.shell:Creating environment hook '/home/harry/ur3e_ws/install/ur3e_ros_data/share/ur3e_ros_data/hook/cmake_prefix_path.sh'
[4.968s] Level 1:colcon.colcon_core.environment:checking '/home/harry/ur3e_ws/install/ur3e_ros_data/lib'
[4.968s] Level 1:colcon.colcon_core.shell:create_environment_hook('ur3e_ros_data', 'ld_library_path_lib')
[4.968s] INFO:colcon.colcon_core.shell:Creating environment hook '/home/harry/ur3e_ws/install/ur3e_ros_data/share/ur3e_ros_data/hook/ld_library_path_lib.ps1'
[4.969s] INFO:colcon.colcon_core.shell:Creating environment descriptor '/home/harry/ur3e_ws/install/ur3e_ros_data/share/ur3e_ros_data/hook/ld_library_path_lib.dsv'
[4.970s] INFO:colcon.colcon_core.shell:Creating environment hook '/home/harry/ur3e_ws/install/ur3e_ros_data/share/ur3e_ros_data/hook/ld_library_path_lib.sh'
[4.972s] Level 1:colcon.colcon_core.environment:checking '/home/harry/ur3e_ws/install/ur3e_ros_data/bin'
[4.972s] Level 1:colcon.colcon_core.environment:checking '/home/harry/ur3e_ws/install/ur3e_ros_data/lib/pkgconfig/ur3e_ros_data.pc'
[4.973s] Level 1:colcon.colcon_core.environment:checking '/home/harry/ur3e_ws/install/ur3e_ros_data/lib/python3.10/site-packages'
[4.973s] Level 1:colcon.colcon_core.shell:create_environment_hook('ur3e_ros_data', 'pythonpath')
[4.973s] INFO:colcon.colcon_core.shell:Creating environment hook '/home/harry/ur3e_ws/install/ur3e_ros_data/share/ur3e_ros_data/hook/pythonpath.ps1'
[4.974s] INFO:colcon.colcon_core.shell:Creating environment descriptor '/home/harry/ur3e_ws/install/ur3e_ros_data/share/ur3e_ros_data/hook/pythonpath.dsv'
[4.975s] INFO:colcon.colcon_core.shell:Creating environment hook '/home/harry/ur3e_ws/install/ur3e_ros_data/share/ur3e_ros_data/hook/pythonpath.sh'
[4.976s] Level 1:colcon.colcon_core.environment:checking '/home/harry/ur3e_ws/install/ur3e_ros_data/bin'
[4.977s] INFO:colcon.colcon_core.shell:Creating package script '/home/harry/ur3e_ws/install/ur3e_ros_data/share/ur3e_ros_data/package.ps1'
[4.978s] INFO:colcon.colcon_core.shell:Creating package descriptor '/home/harry/ur3e_ws/install/ur3e_ros_data/share/ur3e_ros_data/package.dsv'
[4.980s] INFO:colcon.colcon_core.shell:Creating package script '/home/harry/ur3e_ws/install/ur3e_ros_data/share/ur3e_ros_data/package.sh'
[4.981s] INFO:colcon.colcon_core.shell:Creating package script '/home/harry/ur3e_ws/install/ur3e_ros_data/share/ur3e_ros_data/package.bash'
[4.982s] INFO:colcon.colcon_core.shell:Creating package script '/home/harry/ur3e_ws/install/ur3e_ros_data/share/ur3e_ros_data/package.zsh'
[4.983s] Level 1:colcon.colcon_core.environment:create_file_with_runtime_dependencies(/home/harry/ur3e_ws/install/ur3e_ros_data/share/colcon-core/packages/ur3e_ros_data)
[4.985s] INFO:colcon.colcon_ros.task.ament_cmake.build:Building ROS package in '/home/harry/ur3e_ws/src/ur3e_ros_action_cpp' with build type 'ament_cmake'
[4.995s] INFO:colcon.colcon_cmake.task.cmake.build:Building CMake package in '/home/harry/ur3e_ws/src/ur3e_ros_action_cpp'
[4.996s] INFO:colcon.colcon_core.shell:Skip shell extension 'powershell' for command environment: Not usable outside of PowerShell
[4.997s] DEBUG:colcon.colcon_core.shell:Skip shell extension 'dsv' for command environment
[5.041s] DEBUG:colcon.colcon_core.event_handler.log_command:Invoking command in '/home/harry/ur3e_ws/build/ur3e_ros_action_cpp': CMAKE_PREFIX_PATH=${CMAKE_PREFIX_PATH}:/home/harry/ur3e_ws/install/ur3e_ros_action:/home/harry/ur_ws/install/ur3e_ros_action:/opt/ros/iron /usr/bin/cmake /home/harry/ur3e_ws/src/ur3e_ros_action_cpp -DCMAKE_INSTALL_PREFIX=/home/harry/ur3e_ws/install/ur3e_ros_action_cpp
[5.326s] DEBUG:colcon.colcon_core.event_handler.log_command:Invoking command in '/home/harry/ur3e_ws/src/ur3e_ros_action': PYTHONPATH=/home/harry/ur3e_ws/build/ur3e_ros_action/prefix_override:/home/harry/ur3e_ws/install/ur3e_ros_action/lib/python3.10/site-packages:${PYTHONPATH} /usr/bin/python3 -W ignore:setup.py install is deprecated setup.py egg_info --egg-base ../../build/ur3e_ros_action build --build-base /home/harry/ur3e_ws/build/ur3e_ros_action/build install --record /home/harry/ur3e_ws/build/ur3e_ros_action/install.log --single-version-externally-managed install_data
[6.500s] Level 1:colcon.colcon_core.environment:checking '/home/harry/ur3e_ws/install/ur3e_ros_action' for CMake module files
[6.501s] Level 1:colcon.colcon_core.environment:checking '/home/harry/ur3e_ws/install/ur3e_ros_action' for CMake config files
[6.504s] DEBUG:colcon.colcon_core.event_handler.log_command:Invoked command in '/home/harry/ur3e_ws/src/ur3e_ros_action' returned '0': PYTHONPATH=/home/harry/ur3e_ws/build/ur3e_ros_action/prefix_override:/home/harry/ur3e_ws/install/ur3e_ros_action/lib/python3.10/site-packages:${PYTHONPATH} /usr/bin/python3 -W ignore:setup.py install is deprecated setup.py egg_info --egg-base ../../build/ur3e_ros_action build --build-base /home/harry/ur3e_ws/build/ur3e_ros_action/build install --record /home/harry/ur3e_ws/build/ur3e_ros_action/install.log --single-version-externally-managed install_data
[6.505s] Level 1:colcon.colcon_core.environment:checking '/home/harry/ur3e_ws/install/ur3e_ros_action/lib'
[6.505s] Level 1:colcon.colcon_core.environment:checking '/home/harry/ur3e_ws/install/ur3e_ros_action/bin'
[6.505s] Level 1:colcon.colcon_core.environment:checking '/home/harry/ur3e_ws/install/ur3e_ros_action/lib/pkgconfig/ur3e_ros_action.pc'
[6.506s] Level 1:colcon.colcon_core.environment:checking '/home/harry/ur3e_ws/install/ur3e_ros_action/lib/python3.10/site-packages'
[6.506s] Level 1:colcon.colcon_core.shell:create_environment_hook('ur3e_ros_action', 'pythonpath')
[6.507s] INFO:colcon.colcon_core.shell:Creating environment hook '/home/harry/ur3e_ws/install/ur3e_ros_action/share/ur3e_ros_action/hook/pythonpath.ps1'
[6.509s] INFO:colcon.colcon_core.shell:Creating environment descriptor '/home/harry/ur3e_ws/install/ur3e_ros_action/share/ur3e_ros_action/hook/pythonpath.dsv'
[6.510s] INFO:colcon.colcon_core.shell:Creating environment hook '/home/harry/ur3e_ws/install/ur3e_ros_action/share/ur3e_ros_action/hook/pythonpath.sh'
[6.512s] Level 1:colcon.colcon_core.environment:checking '/home/harry/ur3e_ws/install/ur3e_ros_action/bin'
[6.513s] Level 1:colcon.colcon_core.environment:create_environment_scripts_only(ur3e_ros_action)
[6.514s] INFO:colcon.colcon_core.shell:Creating package script '/home/harry/ur3e_ws/install/ur3e_ros_action/share/ur3e_ros_action/package.ps1'
[6.518s] INFO:colcon.colcon_core.shell:Creating package descriptor '/home/harry/ur3e_ws/install/ur3e_ros_action/share/ur3e_ros_action/package.dsv'
[6.520s] INFO:colcon.colcon_core.shell:Creating package script '/home/harry/ur3e_ws/install/ur3e_ros_action/share/ur3e_ros_action/package.sh'
[6.522s] INFO:colcon.colcon_core.shell:Creating package script '/home/harry/ur3e_ws/install/ur3e_ros_action/share/ur3e_ros_action/package.bash'
[6.525s] INFO:colcon.colcon_core.shell:Creating package script '/home/harry/ur3e_ws/install/ur3e_ros_action/share/ur3e_ros_action/package.zsh'
[6.526s] Level 1:colcon.colcon_core.environment:create_file_with_runtime_dependencies(/home/harry/ur3e_ws/install/ur3e_ros_action/share/colcon-core/packages/ur3e_ros_action)
[10.900s] DEBUG:colcon.colcon_core.event_handler.log_command:Invoked command in '/home/harry/ur3e_ws/build/ur3e_ros_action_cpp' returned '0': CMAKE_PREFIX_PATH=${CMAKE_PREFIX_PATH}:/home/harry/ur3e_ws/install/ur3e_ros_action:/home/harry/ur_ws/install/ur3e_ros_action:/opt/ros/iron /usr/bin/cmake /home/harry/ur3e_ws/src/ur3e_ros_action_cpp -DCMAKE_INSTALL_PREFIX=/home/harry/ur3e_ws/install/ur3e_ros_action_cpp
[10.901s] DEBUG:colcon.colcon_core.event_handler.log_command:Invoking command in '/home/harry/ur3e_ws/build/ur3e_ros_action_cpp': CMAKE_PREFIX_PATH=${CMAKE_PREFIX_PATH}:/home/harry/ur3e_ws/install/ur3e_ros_action:/home/harry/ur_ws/install/ur3e_ros_action:/opt/ros/iron /usr/bin/cmake --build /home/harry/ur3e_ws/build/ur3e_ros_action_cpp -- -j2 -l2
[11.061s] DEBUG:colcon.colcon_core.event_handler.log_command:Invoked command in '/home/harry/ur3e_ws/build/ur3e_ros_action_cpp' returned '0': CMAKE_PREFIX_PATH=${CMAKE_PREFIX_PATH}:/home/harry/ur3e_ws/install/ur3e_ros_action:/home/harry/ur_ws/install/ur3e_ros_action:/opt/ros/iron /usr/bin/cmake --build /home/harry/ur3e_ws/build/ur3e_ros_action_cpp -- -j2 -l2
[11.211s] DEBUG:colcon.colcon_core.event_handler.log_command:Invoking command in '/home/harry/ur3e_ws/build/ur3e_ros_action_cpp': CMAKE_PREFIX_PATH=${CMAKE_PREFIX_PATH}:/home/harry/ur3e_ws/install/ur3e_ros_action:/home/harry/ur_ws/install/ur3e_ros_action:/opt/ros/iron /usr/bin/cmake --install /home/harry/ur3e_ws/build/ur3e_ros_action_cpp
[11.241s] Level 1:colcon.colcon_core.environment:create_environment_scripts_only(ur3e_ros_action_cpp)
[11.242s] Level 1:colcon.colcon_core.environment:checking '/home/harry/ur3e_ws/install/ur3e_ros_action_cpp' for CMake module files
[11.243s] Level 1:colcon.colcon_core.environment:checking '/home/harry/ur3e_ws/install/ur3e_ros_action_cpp' for CMake config files
[11.244s] Level 1:colcon.colcon_core.shell:create_environment_hook('ur3e_ros_action_cpp', 'cmake_prefix_path')
[11.245s] INFO:colcon.colcon_core.shell:Creating environment hook '/home/harry/ur3e_ws/install/ur3e_ros_action_cpp/share/ur3e_ros_action_cpp/hook/cmake_prefix_path.ps1'
[11.247s] DEBUG:colcon.colcon_core.event_handler.log_command:Invoked command in '/home/harry/ur3e_ws/build/ur3e_ros_action_cpp' returned '0': CMAKE_PREFIX_PATH=${CMAKE_PREFIX_PATH}:/home/harry/ur3e_ws/install/ur3e_ros_action:/home/harry/ur_ws/install/ur3e_ros_action:/opt/ros/iron /usr/bin/cmake --install /home/harry/ur3e_ws/build/ur3e_ros_action_cpp
[11.248s] INFO:colcon.colcon_core.shell:Creating environment descriptor '/home/harry/ur3e_ws/install/ur3e_ros_action_cpp/share/ur3e_ros_action_cpp/hook/cmake_prefix_path.dsv'
[11.249s] INFO:colcon.colcon_core.shell:Creating environment hook '/home/harry/ur3e_ws/install/ur3e_ros_action_cpp/share/ur3e_ros_action_cpp/hook/cmake_prefix_path.sh'
[11.251s] Level 1:colcon.colcon_core.environment:checking '/home/harry/ur3e_ws/install/ur3e_ros_action_cpp/bin'
[11.251s] Level 1:colcon.colcon_core.environment:checking '/home/harry/ur3e_ws/install/ur3e_ros_action_cpp/lib/pkgconfig/ur3e_ros_action_cpp.pc'
[11.252s] Level 1:colcon.colcon_core.environment:checking '/home/harry/ur3e_ws/install/ur3e_ros_action_cpp/lib/python3.10/site-packages'
[11.252s] Level 1:colcon.colcon_core.environment:checking '/home/harry/ur3e_ws/install/ur3e_ros_action_cpp/bin'
[11.253s] INFO:colcon.colcon_core.shell:Creating package script '/home/harry/ur3e_ws/install/ur3e_ros_action_cpp/share/ur3e_ros_action_cpp/package.ps1'
[11.255s] INFO:colcon.colcon_core.shell:Creating package descriptor '/home/harry/ur3e_ws/install/ur3e_ros_action_cpp/share/ur3e_ros_action_cpp/package.dsv'
[11.257s] INFO:colcon.colcon_core.shell:Creating package script '/home/harry/ur3e_ws/install/ur3e_ros_action_cpp/share/ur3e_ros_action_cpp/package.sh'
[11.260s] INFO:colcon.colcon_core.shell:Creating package script '/home/harry/ur3e_ws/install/ur3e_ros_action_cpp/share/ur3e_ros_action_cpp/package.bash'
[11.261s] INFO:colcon.colcon_core.shell:Creating package script '/home/harry/ur3e_ws/install/ur3e_ros_action_cpp/share/ur3e_ros_action_cpp/package.zsh'
[11.262s] Level 1:colcon.colcon_core.environment:create_file_with_runtime_dependencies(/home/harry/ur3e_ws/install/ur3e_ros_action_cpp/share/colcon-core/packages/ur3e_ros_action_cpp)
[11.395s] Level 1:colcon.colcon_core.environment:create_environment_scripts_only(ur3e_ros_action_cpp)
[11.397s] Level 1:colcon.colcon_core.environment:checking '/home/harry/ur3e_ws/install/ur3e_ros_action_cpp' for CMake module files
[11.398s] Level 1:colcon.colcon_core.environment:checking '/home/harry/ur3e_ws/install/ur3e_ros_action_cpp' for CMake config files
[11.399s] Level 1:colcon.colcon_core.shell:create_environment_hook('ur3e_ros_action_cpp', 'cmake_prefix_path')
[11.400s] INFO:colcon.colcon_core.shell:Creating environment hook '/home/harry/ur3e_ws/install/ur3e_ros_action_cpp/share/ur3e_ros_action_cpp/hook/cmake_prefix_path.ps1'
[11.409s] INFO:colcon.colcon_core.shell:Creating environment descriptor '/home/harry/ur3e_ws/install/ur3e_ros_action_cpp/share/ur3e_ros_action_cpp/hook/cmake_prefix_path.dsv'
[11.412s] INFO:colcon.colcon_core.shell:Creating environment hook '/home/harry/ur3e_ws/install/ur3e_ros_action_cpp/share/ur3e_ros_action_cpp/hook/cmake_prefix_path.sh'
[11.414s] Level 1:colcon.colcon_core.environment:checking '/home/harry/ur3e_ws/install/ur3e_ros_action_cpp/bin'
[11.414s] Level 1:colcon.colcon_core.environment:checking '/home/harry/ur3e_ws/install/ur3e_ros_action_cpp/lib/pkgconfig/ur3e_ros_action_cpp.pc'
[11.415s] Level 1:colcon.colcon_core.environment:checking '/home/harry/ur3e_ws/install/ur3e_ros_action_cpp/lib/python3.10/site-packages'
[11.415s] Level 1:colcon.colcon_core.environment:checking '/home/harry/ur3e_ws/install/ur3e_ros_action_cpp/bin'
[11.416s] INFO:colcon.colcon_core.shell:Creating package script '/home/harry/ur3e_ws/install/ur3e_ros_action_cpp/share/ur3e_ros_action_cpp/package.ps1'
[11.418s] INFO:colcon.colcon_core.shell:Creating package descriptor '/home/harry/ur3e_ws/install/ur3e_ros_action_cpp/share/ur3e_ros_action_cpp/package.dsv'
[11.420s] INFO:colcon.colcon_core.shell:Creating package script '/home/harry/ur3e_ws/install/ur3e_ros_action_cpp/share/ur3e_ros_action_cpp/package.sh'
[11.421s] INFO:colcon.colcon_core.shell:Creating package script '/home/harry/ur3e_ws/install/ur3e_ros_action_cpp/share/ur3e_ros_action_cpp/package.bash'
[11.423s] INFO:colcon.colcon_core.shell:Creating package script '/home/harry/ur3e_ws/install/ur3e_ros_action_cpp/share/ur3e_ros_action_cpp/package.zsh'
[11.424s] Level 1:colcon.colcon_core.environment:create_file_with_runtime_dependencies(/home/harry/ur3e_ws/install/ur3e_ros_action_cpp/share/colcon-core/packages/ur3e_ros_action_cpp)
[11.426s] DEBUG:colcon.colcon_parallel_executor.executor.parallel:closing loop
[11.426s] DEBUG:colcon.colcon_parallel_executor.executor.parallel:loop closed
[11.426s] DEBUG:colcon.colcon_parallel_executor.executor.parallel:run_until_complete finished with '0'
[11.426s] DEBUG:colcon.colcon_core.event_reactor:joining thread
[11.458s] INFO:colcon.colcon_core.plugin_system:Skipping extension 'colcon_notification.desktop_notification.terminal_notifier': Not used on non-Darwin systems
[11.458s] INFO:colcon.colcon_core.plugin_system:Skipping extension 'colcon_notification.desktop_notification.win32': Not used on non-Windows systems
[11.458s] INFO:colcon.colcon_notification.desktop_notification:Sending desktop notification using 'notify2'
[11.526s] DEBUG:colcon.colcon_core.event_reactor:joined thread
[11.527s] INFO:colcon.colcon_core.shell:Creating prefix script '/home/harry/ur3e_ws/install/local_setup.ps1'
[11.531s] INFO:colcon.colcon_core.shell:Creating prefix util module '/home/harry/ur3e_ws/install/_local_setup_util_ps1.py'
[11.537s] INFO:colcon.colcon_core.shell:Creating prefix chain script '/home/harry/ur3e_ws/install/setup.ps1'
[11.541s] INFO:colcon.colcon_core.shell:Creating prefix script '/home/harry/ur3e_ws/install/local_setup.sh'
[11.544s] INFO:colcon.colcon_core.shell:Creating prefix util module '/home/harry/ur3e_ws/install/_local_setup_util_sh.py'
[11.546s] INFO:colcon.colcon_core.shell:Creating prefix chain script '/home/harry/ur3e_ws/install/setup.sh'
[11.551s] INFO:colcon.colcon_core.shell:Creating prefix script '/home/harry/ur3e_ws/install/local_setup.bash'
[11.553s] INFO:colcon.colcon_core.shell:Creating prefix chain script '/home/harry/ur3e_ws/install/setup.bash'
[11.558s] INFO:colcon.colcon_core.shell:Creating prefix script '/home/harry/ur3e_ws/install/local_setup.zsh'
[11.561s] INFO:colcon.colcon_core.shell:Creating prefix chain script '/home/harry/ur3e_ws/install/setup.zsh'
