[0.012s] Invoking command in '/home/harry/ur3e_ws/build/ur3e_ros_data': CMAKE_PREFIX_PATH=${CMAKE_PREFIX_PATH}:/home/harry/ur3e_ws/install/ur3e_ros_action:/opt/ros/iron /usr/bin/cmake --build /home/harry/ur3e_ws/build/ur3e_ros_data -- -j8 -l8
[0.045s] [  1%] Built target ur3e_ros_data__rosidl_generator_type_description
[0.055s] [  1%] Built target ament_cmake_python_copy_ur3e_ros_data
[0.058s] [  3%] Built target ur3e_ros_data__cpp
[0.061s] [ 24%] Built target ur3e_ros_data__rosidl_generator_c
[0.081s] [ 33%] Built target ur3e_ros_data__rosidl_typesupport_introspection_c
[0.083s] [ 42%] Built target ur3e_ros_data__rosidl_typesupport_introspection_cpp
[0.084s] [ 51%] Built target ur3e_ros_data__rosidl_typesupport_fastrtps_cpp
[0.090s] [ 68%] Built target ur3e_ros_data__rosidl_typesupport_fastrtps_c
[0.090s] [ 70%] Built target ur3e_ros_data__rosidl_typesupport_cpp
[0.092s] [ 79%] Built target ur3e_ros_data__rosidl_typesupport_c
[0.107s] [ 79%] Built target ur3e_ros_data
[0.122s] [ 81%] Built target ur3e_ros_data__py
[0.139s] [ 88%] Built target ur3e_ros_data__rosidl_generator_py
[0.158s] [ 94%] Built target ur3e_ros_data__rosidl_typesupport_c__pyext
[0.158s] [ 96%] Built target ur3e_ros_data__rosidl_typesupport_fastrtps_c__pyext
[0.159s] [100%] Built target ur3e_ros_data__rosidl_typesupport_introspection_c__pyext
[0.270s] running egg_info
[0.270s] writing ur3e_ros_data.egg-info/PKG-INFO
[0.270s] writing dependency_links to ur3e_ros_data.egg-info/dependency_links.txt
[0.270s] writing top-level names to ur3e_ros_data.egg-info/top_level.txt
[0.271s] reading manifest file 'ur3e_ros_data.egg-info/SOURCES.txt'
[0.271s] writing manifest file 'ur3e_ros_data.egg-info/SOURCES.txt'
[0.288s] [100%] Built target ament_cmake_python_build_ur3e_ros_data_egg
[0.296s] Invoked command in '/home/harry/ur3e_ws/build/ur3e_ros_data' returned '0': CMAKE_PREFIX_PATH=${CMAKE_PREFIX_PATH}:/home/harry/ur3e_ws/install/ur3e_ros_action:/opt/ros/iron /usr/bin/cmake --build /home/harry/ur3e_ws/build/ur3e_ros_data -- -j8 -l8
[0.365s] Invoking command in '/home/harry/ur3e_ws/build/ur3e_ros_data': CMAKE_PREFIX_PATH=${CMAKE_PREFIX_PATH}:/home/harry/ur3e_ws/install/ur3e_ros_action:/opt/ros/iron /usr/bin/cmake --install /home/harry/ur3e_ws/build/ur3e_ros_data
[0.371s] -- Install configuration: ""
[0.371s] -- Up-to-date: /home/harry/ur3e_ws/install/ur3e_ros_data/share/ament_index/resource_index/rosidl_interfaces/ur3e_ros_data
[0.371s] -- Up-to-date: /home/harry/ur3e_ws/install/ur3e_ros_data/share/ur3e_ros_data/msg/JointPose.json
[0.371s] -- Up-to-date: /home/harry/ur3e_ws/install/ur3e_ros_data/share/ur3e_ros_data/action/MoveJ.json
[0.371s] -- Up-to-date: /home/harry/ur3e_ws/install/ur3e_ros_data/share/ur3e_ros_data/action/MoveL.json
[0.371s] -- Up-to-date: /home/harry/ur3e_ws/install/ur3e_ros_data/include/ur3e_ros_data/ur3e_ros_data
[0.371s] -- Up-to-date: /home/harry/ur3e_ws/install/ur3e_ros_data/include/ur3e_ros_data/ur3e_ros_data/action
[0.372s] -- Up-to-date: /home/harry/ur3e_ws/install/ur3e_ros_data/include/ur3e_ros_data/ur3e_ros_data/action/detail
[0.372s] -- Up-to-date: /home/harry/ur3e_ws/install/ur3e_ros_data/include/ur3e_ros_data/ur3e_ros_data/action/detail/move_j__functions.c
[0.372s] -- Up-to-date: /home/harry/ur3e_ws/install/ur3e_ros_data/include/ur3e_ros_data/ur3e_ros_data/action/detail/move_l__functions.h
[0.372s] -- Up-to-date: /home/harry/ur3e_ws/install/ur3e_ros_data/include/ur3e_ros_data/ur3e_ros_data/action/detail/move_j__struct.h
[0.372s] -- Up-to-date: /home/harry/ur3e_ws/install/ur3e_ros_data/include/ur3e_ros_data/ur3e_ros_data/action/detail/move_l__struct.h
[0.372s] -- Up-to-date: /home/harry/ur3e_ws/install/ur3e_ros_data/include/ur3e_ros_data/ur3e_ros_data/action/detail/move_j__description.c
[0.372s] -- Up-to-date: /home/harry/ur3e_ws/install/ur3e_ros_data/include/ur3e_ros_data/ur3e_ros_data/action/detail/move_j__type_support.h
[0.372s] -- Up-to-date: /home/harry/ur3e_ws/install/ur3e_ros_data/include/ur3e_ros_data/ur3e_ros_data/action/detail/move_l__description.c
[0.372s] -- Up-to-date: /home/harry/ur3e_ws/install/ur3e_ros_data/include/ur3e_ros_data/ur3e_ros_data/action/detail/move_l__type_support.h
[0.372s] -- Up-to-date: /home/harry/ur3e_ws/install/ur3e_ros_data/include/ur3e_ros_data/ur3e_ros_data/action/detail/move_j__functions.h
[0.372s] -- Up-to-date: /home/harry/ur3e_ws/install/ur3e_ros_data/include/ur3e_ros_data/ur3e_ros_data/action/detail/move_l__type_support.c
[0.372s] -- Up-to-date: /home/harry/ur3e_ws/install/ur3e_ros_data/include/ur3e_ros_data/ur3e_ros_data/action/detail/move_j__type_support.c
[0.372s] -- Up-to-date: /home/harry/ur3e_ws/install/ur3e_ros_data/include/ur3e_ros_data/ur3e_ros_data/action/detail/move_l__functions.c
[0.372s] -- Up-to-date: /home/harry/ur3e_ws/install/ur3e_ros_data/include/ur3e_ros_data/ur3e_ros_data/action/move_j.h
[0.372s] -- Up-to-date: /home/harry/ur3e_ws/install/ur3e_ros_data/include/ur3e_ros_data/ur3e_ros_data/action/move_l.h
[0.372s] -- Up-to-date: /home/harry/ur3e_ws/install/ur3e_ros_data/include/ur3e_ros_data/ur3e_ros_data/msg
[0.373s] -- Up-to-date: /home/harry/ur3e_ws/install/ur3e_ros_data/include/ur3e_ros_data/ur3e_ros_data/msg/detail
[0.373s] -- Up-to-date: /home/harry/ur3e_ws/install/ur3e_ros_data/include/ur3e_ros_data/ur3e_ros_data/msg/detail/joint_pose__type_support.c
[0.373s] -- Up-to-date: /home/harry/ur3e_ws/install/ur3e_ros_data/include/ur3e_ros_data/ur3e_ros_data/msg/detail/joint_pose__struct.h
[0.373s] -- Up-to-date: /home/harry/ur3e_ws/install/ur3e_ros_data/include/ur3e_ros_data/ur3e_ros_data/msg/detail/joint_pose__functions.h
[0.373s] -- Up-to-date: /home/harry/ur3e_ws/install/ur3e_ros_data/include/ur3e_ros_data/ur3e_ros_data/msg/detail/joint_pose__type_support.h
[0.373s] -- Up-to-date: /home/harry/ur3e_ws/install/ur3e_ros_data/include/ur3e_ros_data/ur3e_ros_data/msg/detail/joint_pose__functions.c
[0.373s] -- Up-to-date: /home/harry/ur3e_ws/install/ur3e_ros_data/include/ur3e_ros_data/ur3e_ros_data/msg/detail/joint_pose__description.c
[0.373s] -- Up-to-date: /home/harry/ur3e_ws/install/ur3e_ros_data/include/ur3e_ros_data/ur3e_ros_data/msg/joint_pose.h
[0.373s] -- Up-to-date: /home/harry/ur3e_ws/install/ur3e_ros_data/include/ur3e_ros_data/ur3e_ros_data/msg/rosidl_generator_c__visibility_control.h
[0.373s] -- Up-to-date: /home/harry/ur3e_ws/install/ur3e_ros_data/share/ur3e_ros_data/environment/library_path.sh
[0.373s] -- Up-to-date: /home/harry/ur3e_ws/install/ur3e_ros_data/share/ur3e_ros_data/environment/library_path.dsv
[0.373s] -- Up-to-date: /home/harry/ur3e_ws/install/ur3e_ros_data/lib/libur3e_ros_data__rosidl_generator_c.so
[0.373s] -- Up-to-date: /home/harry/ur3e_ws/install/ur3e_ros_data/include/ur3e_ros_data/ur3e_ros_data
[0.374s] -- Up-to-date: /home/harry/ur3e_ws/install/ur3e_ros_data/include/ur3e_ros_data/ur3e_ros_data/action
[0.374s] -- Up-to-date: /home/harry/ur3e_ws/install/ur3e_ros_data/include/ur3e_ros_data/ur3e_ros_data/action/detail
[0.374s] -- Up-to-date: /home/harry/ur3e_ws/install/ur3e_ros_data/include/ur3e_ros_data/ur3e_ros_data/action/detail/move_j__rosidl_typesupport_fastrtps_c.h
[0.374s] -- Up-to-date: /home/harry/ur3e_ws/install/ur3e_ros_data/include/ur3e_ros_data/ur3e_ros_data/action/detail/move_l__rosidl_typesupport_fastrtps_c.h
[0.374s] -- Up-to-date: /home/harry/ur3e_ws/install/ur3e_ros_data/include/ur3e_ros_data/ur3e_ros_data/msg
[0.374s] -- Up-to-date: /home/harry/ur3e_ws/install/ur3e_ros_data/include/ur3e_ros_data/ur3e_ros_data/msg/rosidl_typesupport_fastrtps_c__visibility_control.h
[0.374s] -- Up-to-date: /home/harry/ur3e_ws/install/ur3e_ros_data/include/ur3e_ros_data/ur3e_ros_data/msg/detail
[0.374s] -- Up-to-date: /home/harry/ur3e_ws/install/ur3e_ros_data/include/ur3e_ros_data/ur3e_ros_data/msg/detail/joint_pose__rosidl_typesupport_fastrtps_c.h
[0.374s] -- Up-to-date: /home/harry/ur3e_ws/install/ur3e_ros_data/lib/libur3e_ros_data__rosidl_typesupport_fastrtps_c.so
[0.374s] -- Up-to-date: /home/harry/ur3e_ws/install/ur3e_ros_data/include/ur3e_ros_data/ur3e_ros_data
[0.374s] -- Up-to-date: /home/harry/ur3e_ws/install/ur3e_ros_data/include/ur3e_ros_data/ur3e_ros_data/action
[0.374s] -- Up-to-date: /home/harry/ur3e_ws/install/ur3e_ros_data/include/ur3e_ros_data/ur3e_ros_data/action/detail
[0.375s] -- Up-to-date: /home/harry/ur3e_ws/install/ur3e_ros_data/include/ur3e_ros_data/ur3e_ros_data/action/detail/move_j__rosidl_typesupport_introspection_c.h
[0.375s] -- Up-to-date: /home/harry/ur3e_ws/install/ur3e_ros_data/include/ur3e_ros_data/ur3e_ros_data/action/detail/move_l__rosidl_typesupport_introspection_c.h
[0.375s] -- Up-to-date: /home/harry/ur3e_ws/install/ur3e_ros_data/include/ur3e_ros_data/ur3e_ros_data/action/detail/move_l__type_support.c
[0.375s] -- Up-to-date: /home/harry/ur3e_ws/install/ur3e_ros_data/include/ur3e_ros_data/ur3e_ros_data/action/detail/move_j__type_support.c
[0.375s] -- Up-to-date: /home/harry/ur3e_ws/install/ur3e_ros_data/include/ur3e_ros_data/ur3e_ros_data/msg
[0.375s] -- Up-to-date: /home/harry/ur3e_ws/install/ur3e_ros_data/include/ur3e_ros_data/ur3e_ros_data/msg/rosidl_typesupport_introspection_c__visibility_control.h
[0.375s] -- Up-to-date: /home/harry/ur3e_ws/install/ur3e_ros_data/include/ur3e_ros_data/ur3e_ros_data/msg/detail
[0.375s] -- Up-to-date: /home/harry/ur3e_ws/install/ur3e_ros_data/include/ur3e_ros_data/ur3e_ros_data/msg/detail/joint_pose__type_support.c
[0.375s] -- Up-to-date: /home/harry/ur3e_ws/install/ur3e_ros_data/include/ur3e_ros_data/ur3e_ros_data/msg/detail/joint_pose__rosidl_typesupport_introspection_c.h
[0.375s] -- Up-to-date: /home/harry/ur3e_ws/install/ur3e_ros_data/lib/libur3e_ros_data__rosidl_typesupport_introspection_c.so
[0.375s] -- Up-to-date: /home/harry/ur3e_ws/install/ur3e_ros_data/lib/libur3e_ros_data__rosidl_typesupport_c.so
[0.375s] -- Up-to-date: /home/harry/ur3e_ws/install/ur3e_ros_data/include/ur3e_ros_data/ur3e_ros_data
[0.375s] -- Up-to-date: /home/harry/ur3e_ws/install/ur3e_ros_data/include/ur3e_ros_data/ur3e_ros_data/action
[0.375s] -- Up-to-date: /home/harry/ur3e_ws/install/ur3e_ros_data/include/ur3e_ros_data/ur3e_ros_data/action/move_j.hpp
[0.376s] -- Up-to-date: /home/harry/ur3e_ws/install/ur3e_ros_data/include/ur3e_ros_data/ur3e_ros_data/action/move_l.hpp
[0.376s] -- Up-to-date: /home/harry/ur3e_ws/install/ur3e_ros_data/include/ur3e_ros_data/ur3e_ros_data/action/detail
[0.376s] -- Up-to-date: /home/harry/ur3e_ws/install/ur3e_ros_data/include/ur3e_ros_data/ur3e_ros_data/action/detail/move_l__traits.hpp
[0.376s] -- Up-to-date: /home/harry/ur3e_ws/install/ur3e_ros_data/include/ur3e_ros_data/ur3e_ros_data/action/detail/move_l__struct.hpp
[0.376s] -- Up-to-date: /home/harry/ur3e_ws/install/ur3e_ros_data/include/ur3e_ros_data/ur3e_ros_data/action/detail/move_j__builder.hpp
[0.376s] -- Up-to-date: /home/harry/ur3e_ws/install/ur3e_ros_data/include/ur3e_ros_data/ur3e_ros_data/action/detail/move_j__traits.hpp
[0.376s] -- Up-to-date: /home/harry/ur3e_ws/install/ur3e_ros_data/include/ur3e_ros_data/ur3e_ros_data/action/detail/move_j__struct.hpp
[0.376s] -- Up-to-date: /home/harry/ur3e_ws/install/ur3e_ros_data/include/ur3e_ros_data/ur3e_ros_data/action/detail/move_l__builder.hpp
[0.376s] -- Up-to-date: /home/harry/ur3e_ws/install/ur3e_ros_data/include/ur3e_ros_data/ur3e_ros_data/msg
[0.376s] -- Up-to-date: /home/harry/ur3e_ws/install/ur3e_ros_data/include/ur3e_ros_data/ur3e_ros_data/msg/detail
[0.376s] -- Up-to-date: /home/harry/ur3e_ws/install/ur3e_ros_data/include/ur3e_ros_data/ur3e_ros_data/msg/detail/joint_pose__traits.hpp
[0.376s] -- Up-to-date: /home/harry/ur3e_ws/install/ur3e_ros_data/include/ur3e_ros_data/ur3e_ros_data/msg/detail/joint_pose__builder.hpp
[0.376s] -- Up-to-date: /home/harry/ur3e_ws/install/ur3e_ros_data/include/ur3e_ros_data/ur3e_ros_data/msg/detail/joint_pose__struct.hpp
[0.376s] -- Up-to-date: /home/harry/ur3e_ws/install/ur3e_ros_data/include/ur3e_ros_data/ur3e_ros_data/msg/joint_pose.hpp
[0.377s] -- Up-to-date: /home/harry/ur3e_ws/install/ur3e_ros_data/include/ur3e_ros_data/ur3e_ros_data
[0.377s] -- Up-to-date: /home/harry/ur3e_ws/install/ur3e_ros_data/include/ur3e_ros_data/ur3e_ros_data/action
[0.377s] -- Up-to-date: /home/harry/ur3e_ws/install/ur3e_ros_data/include/ur3e_ros_data/ur3e_ros_data/action/detail
[0.377s] -- Up-to-date: /home/harry/ur3e_ws/install/ur3e_ros_data/include/ur3e_ros_data/ur3e_ros_data/action/detail/move_j__rosidl_typesupport_fastrtps_cpp.hpp
[0.377s] -- Up-to-date: /home/harry/ur3e_ws/install/ur3e_ros_data/include/ur3e_ros_data/ur3e_ros_data/action/detail/move_l__rosidl_typesupport_fastrtps_cpp.hpp
[0.377s] -- Up-to-date: /home/harry/ur3e_ws/install/ur3e_ros_data/include/ur3e_ros_data/ur3e_ros_data/action/detail/dds_fastrtps
[0.377s] -- Up-to-date: /home/harry/ur3e_ws/install/ur3e_ros_data/include/ur3e_ros_data/ur3e_ros_data/msg
[0.377s] -- Up-to-date: /home/harry/ur3e_ws/install/ur3e_ros_data/include/ur3e_ros_data/ur3e_ros_data/msg/rosidl_typesupport_fastrtps_cpp__visibility_control.h
[0.377s] -- Up-to-date: /home/harry/ur3e_ws/install/ur3e_ros_data/include/ur3e_ros_data/ur3e_ros_data/msg/detail
[0.377s] -- Up-to-date: /home/harry/ur3e_ws/install/ur3e_ros_data/include/ur3e_ros_data/ur3e_ros_data/msg/detail/joint_pose__rosidl_typesupport_fastrtps_cpp.hpp
[0.377s] -- Up-to-date: /home/harry/ur3e_ws/install/ur3e_ros_data/include/ur3e_ros_data/ur3e_ros_data/msg/detail/dds_fastrtps
[0.377s] -- Up-to-date: /home/harry/ur3e_ws/install/ur3e_ros_data/lib/libur3e_ros_data__rosidl_typesupport_fastrtps_cpp.so
[0.377s] -- Up-to-date: /home/harry/ur3e_ws/install/ur3e_ros_data/include/ur3e_ros_data/ur3e_ros_data
[0.377s] -- Up-to-date: /home/harry/ur3e_ws/install/ur3e_ros_data/include/ur3e_ros_data/ur3e_ros_data/action
[0.377s] -- Up-to-date: /home/harry/ur3e_ws/install/ur3e_ros_data/include/ur3e_ros_data/ur3e_ros_data/action/detail
[0.377s] -- Up-to-date: /home/harry/ur3e_ws/install/ur3e_ros_data/include/ur3e_ros_data/ur3e_ros_data/action/detail/move_l__type_support.cpp
[0.377s] -- Up-to-date: /home/harry/ur3e_ws/install/ur3e_ros_data/include/ur3e_ros_data/ur3e_ros_data/action/detail/move_j__rosidl_typesupport_introspection_cpp.hpp
[0.377s] -- Up-to-date: /home/harry/ur3e_ws/install/ur3e_ros_data/include/ur3e_ros_data/ur3e_ros_data/action/detail/move_l__rosidl_typesupport_introspection_cpp.hpp
[0.377s] -- Up-to-date: /home/harry/ur3e_ws/install/ur3e_ros_data/include/ur3e_ros_data/ur3e_ros_data/action/detail/move_j__type_support.cpp
[0.377s] -- Up-to-date: /home/harry/ur3e_ws/install/ur3e_ros_data/include/ur3e_ros_data/ur3e_ros_data/msg
[0.377s] -- Up-to-date: /home/harry/ur3e_ws/install/ur3e_ros_data/include/ur3e_ros_data/ur3e_ros_data/msg/detail
[0.377s] -- Up-to-date: /home/harry/ur3e_ws/install/ur3e_ros_data/include/ur3e_ros_data/ur3e_ros_data/msg/detail/joint_pose__type_support.cpp
[0.377s] -- Up-to-date: /home/harry/ur3e_ws/install/ur3e_ros_data/include/ur3e_ros_data/ur3e_ros_data/msg/detail/joint_pose__rosidl_typesupport_introspection_cpp.hpp
[0.377s] -- Up-to-date: /home/harry/ur3e_ws/install/ur3e_ros_data/lib/libur3e_ros_data__rosidl_typesupport_introspection_cpp.so
[0.377s] -- Up-to-date: /home/harry/ur3e_ws/install/ur3e_ros_data/lib/libur3e_ros_data__rosidl_typesupport_cpp.so
[0.377s] -- Up-to-date: /home/harry/ur3e_ws/install/ur3e_ros_data/share/ur3e_ros_data/environment/pythonpath.sh
[0.378s] -- Up-to-date: /home/harry/ur3e_ws/install/ur3e_ros_data/share/ur3e_ros_data/environment/pythonpath.dsv
[0.378s] -- Up-to-date: /home/harry/ur3e_ws/install/ur3e_ros_data/lib/python3.10/site-packages/ur3e_ros_data-0.0.0-py3.10.egg-info
[0.378s] -- Installing: /home/harry/ur3e_ws/install/ur3e_ros_data/lib/python3.10/site-packages/ur3e_ros_data-0.0.0-py3.10.egg-info/PKG-INFO
[0.378s] -- Installing: /home/harry/ur3e_ws/install/ur3e_ros_data/lib/python3.10/site-packages/ur3e_ros_data-0.0.0-py3.10.egg-info/top_level.txt
[0.378s] -- Installing: /home/harry/ur3e_ws/install/ur3e_ros_data/lib/python3.10/site-packages/ur3e_ros_data-0.0.0-py3.10.egg-info/SOURCES.txt
[0.378s] -- Installing: /home/harry/ur3e_ws/install/ur3e_ros_data/lib/python3.10/site-packages/ur3e_ros_data-0.0.0-py3.10.egg-info/dependency_links.txt
[0.378s] -- Up-to-date: /home/harry/ur3e_ws/install/ur3e_ros_data/lib/python3.10/site-packages/ur3e_ros_data
[0.378s] -- Up-to-date: /home/harry/ur3e_ws/install/ur3e_ros_data/lib/python3.10/site-packages/ur3e_ros_data/_ur3e_ros_data_s.ep.rosidl_typesupport_introspection_c.c
[0.378s] -- Up-to-date: /home/harry/ur3e_ws/install/ur3e_ros_data/lib/python3.10/site-packages/ur3e_ros_data/_ur3e_ros_data_s.ep.rosidl_typesupport_fastrtps_c.c
[0.378s] -- Up-to-date: /home/harry/ur3e_ws/install/ur3e_ros_data/lib/python3.10/site-packages/ur3e_ros_data/__init__.py
[0.378s] -- Up-to-date: /home/harry/ur3e_ws/install/ur3e_ros_data/lib/python3.10/site-packages/ur3e_ros_data/ur3e_ros_data_s__rosidl_typesupport_introspection_c.cpython-310-x86_64-linux-gnu.so
[0.378s] -- Up-to-date: /home/harry/ur3e_ws/install/ur3e_ros_data/lib/python3.10/site-packages/ur3e_ros_data/ur3e_ros_data_s__rosidl_typesupport_fastrtps_c.cpython-310-x86_64-linux-gnu.so
[0.378s] -- Up-to-date: /home/harry/ur3e_ws/install/ur3e_ros_data/lib/python3.10/site-packages/ur3e_ros_data/ur3e_ros_data_s__rosidl_typesupport_c.cpython-310-x86_64-linux-gnu.so
[0.378s] -- Up-to-date: /home/harry/ur3e_ws/install/ur3e_ros_data/lib/python3.10/site-packages/ur3e_ros_data/action
[0.378s] -- Up-to-date: /home/harry/ur3e_ws/install/ur3e_ros_data/lib/python3.10/site-packages/ur3e_ros_data/action/_move_l_s.c
[0.378s] -- Up-to-date: /home/harry/ur3e_ws/install/ur3e_ros_data/lib/python3.10/site-packages/ur3e_ros_data/action/__init__.py
[0.378s] -- Up-to-date: /home/harry/ur3e_ws/install/ur3e_ros_data/lib/python3.10/site-packages/ur3e_ros_data/action/_move_j_s.c
[0.378s] -- Up-to-date: /home/harry/ur3e_ws/install/ur3e_ros_data/lib/python3.10/site-packages/ur3e_ros_data/action/_move_j.py
[0.378s] -- Up-to-date: /home/harry/ur3e_ws/install/ur3e_ros_data/lib/python3.10/site-packages/ur3e_ros_data/action/_move_l.py
[0.378s] -- Up-to-date: /home/harry/ur3e_ws/install/ur3e_ros_data/lib/python3.10/site-packages/ur3e_ros_data/msg
[0.378s] -- Up-to-date: /home/harry/ur3e_ws/install/ur3e_ros_data/lib/python3.10/site-packages/ur3e_ros_data/msg/_joint_pose.py
[0.378s] -- Up-to-date: /home/harry/ur3e_ws/install/ur3e_ros_data/lib/python3.10/site-packages/ur3e_ros_data/msg/__init__.py
[0.378s] -- Up-to-date: /home/harry/ur3e_ws/install/ur3e_ros_data/lib/python3.10/site-packages/ur3e_ros_data/msg/_joint_pose_s.c
[0.378s] -- Up-to-date: /home/harry/ur3e_ws/install/ur3e_ros_data/lib/python3.10/site-packages/ur3e_ros_data/_ur3e_ros_data_s.ep.rosidl_typesupport_c.c
[0.378s] -- Up-to-date: /home/harry/ur3e_ws/install/ur3e_ros_data/lib/python3.10/site-packages/ur3e_ros_data/libur3e_ros_data__rosidl_generator_py.so
[0.397s] Listing '/home/harry/ur3e_ws/install/ur3e_ros_data/lib/python3.10/site-packages/ur3e_ros_data'...
[0.397s] Listing '/home/harry/ur3e_ws/install/ur3e_ros_data/lib/python3.10/site-packages/ur3e_ros_data/action'...
[0.397s] Listing '/home/harry/ur3e_ws/install/ur3e_ros_data/lib/python3.10/site-packages/ur3e_ros_data/msg'...
[0.401s] -- Up-to-date: /home/harry/ur3e_ws/install/ur3e_ros_data/lib/python3.10/site-packages/ur3e_ros_data/ur3e_ros_data_s__rosidl_typesupport_fastrtps_c.cpython-310-x86_64-linux-gnu.so
[0.401s] -- Up-to-date: /home/harry/ur3e_ws/install/ur3e_ros_data/lib/python3.10/site-packages/ur3e_ros_data/ur3e_ros_data_s__rosidl_typesupport_introspection_c.cpython-310-x86_64-linux-gnu.so
[0.401s] -- Up-to-date: /home/harry/ur3e_ws/install/ur3e_ros_data/lib/python3.10/site-packages/ur3e_ros_data/ur3e_ros_data_s__rosidl_typesupport_c.cpython-310-x86_64-linux-gnu.so
[0.401s] -- Up-to-date: /home/harry/ur3e_ws/install/ur3e_ros_data/lib/libur3e_ros_data__rosidl_generator_py.so
[0.401s] -- Up-to-date: /home/harry/ur3e_ws/install/ur3e_ros_data/share/ur3e_ros_data/msg/JointPose.idl
[0.401s] -- Up-to-date: /home/harry/ur3e_ws/install/ur3e_ros_data/share/ur3e_ros_data/action/MoveJ.idl
[0.401s] -- Up-to-date: /home/harry/ur3e_ws/install/ur3e_ros_data/share/ur3e_ros_data/action/MoveL.idl
[0.402s] -- Up-to-date: /home/harry/ur3e_ws/install/ur3e_ros_data/share/ur3e_ros_data/msg/JointPose.msg
[0.402s] -- Up-to-date: /home/harry/ur3e_ws/install/ur3e_ros_data/share/ur3e_ros_data/action/MoveJ.action
[0.402s] -- Up-to-date: /home/harry/ur3e_ws/install/ur3e_ros_data/share/ur3e_ros_data/action/MoveL.action
[0.402s] -- Up-to-date: /home/harry/ur3e_ws/install/ur3e_ros_data/share/ament_index/resource_index/package_run_dependencies/ur3e_ros_data
[0.402s] -- Up-to-date: /home/harry/ur3e_ws/install/ur3e_ros_data/share/ament_index/resource_index/parent_prefix_path/ur3e_ros_data
[0.402s] -- Up-to-date: /home/harry/ur3e_ws/install/ur3e_ros_data/share/ur3e_ros_data/environment/ament_prefix_path.sh
[0.402s] -- Up-to-date: /home/harry/ur3e_ws/install/ur3e_ros_data/share/ur3e_ros_data/environment/ament_prefix_path.dsv
[0.402s] -- Up-to-date: /home/harry/ur3e_ws/install/ur3e_ros_data/share/ur3e_ros_data/environment/path.sh
[0.402s] -- Up-to-date: /home/harry/ur3e_ws/install/ur3e_ros_data/share/ur3e_ros_data/environment/path.dsv
[0.402s] -- Up-to-date: /home/harry/ur3e_ws/install/ur3e_ros_data/share/ur3e_ros_data/local_setup.bash
[0.402s] -- Up-to-date: /home/harry/ur3e_ws/install/ur3e_ros_data/share/ur3e_ros_data/local_setup.sh
[0.402s] -- Up-to-date: /home/harry/ur3e_ws/install/ur3e_ros_data/share/ur3e_ros_data/local_setup.zsh
[0.403s] -- Up-to-date: /home/harry/ur3e_ws/install/ur3e_ros_data/share/ur3e_ros_data/local_setup.dsv
[0.403s] -- Installing: /home/harry/ur3e_ws/install/ur3e_ros_data/share/ur3e_ros_data/package.dsv
[0.403s] -- Up-to-date: /home/harry/ur3e_ws/install/ur3e_ros_data/share/ament_index/resource_index/packages/ur3e_ros_data
[0.403s] -- Up-to-date: /home/harry/ur3e_ws/install/ur3e_ros_data/share/ur3e_ros_data/cmake/export_ur3e_ros_data__rosidl_generator_cExport.cmake
[0.403s] -- Up-to-date: /home/harry/ur3e_ws/install/ur3e_ros_data/share/ur3e_ros_data/cmake/export_ur3e_ros_data__rosidl_generator_cExport-noconfig.cmake
[0.403s] -- Up-to-date: /home/harry/ur3e_ws/install/ur3e_ros_data/share/ur3e_ros_data/cmake/export_ur3e_ros_data__rosidl_typesupport_fastrtps_cExport.cmake
[0.403s] -- Up-to-date: /home/harry/ur3e_ws/install/ur3e_ros_data/share/ur3e_ros_data/cmake/export_ur3e_ros_data__rosidl_typesupport_fastrtps_cExport-noconfig.cmake
[0.403s] -- Up-to-date: /home/harry/ur3e_ws/install/ur3e_ros_data/share/ur3e_ros_data/cmake/ur3e_ros_data__rosidl_typesupport_introspection_cExport.cmake
[0.403s] -- Up-to-date: /home/harry/ur3e_ws/install/ur3e_ros_data/share/ur3e_ros_data/cmake/ur3e_ros_data__rosidl_typesupport_introspection_cExport-noconfig.cmake
[0.403s] -- Up-to-date: /home/harry/ur3e_ws/install/ur3e_ros_data/share/ur3e_ros_data/cmake/ur3e_ros_data__rosidl_typesupport_cExport.cmake
[0.403s] -- Up-to-date: /home/harry/ur3e_ws/install/ur3e_ros_data/share/ur3e_ros_data/cmake/ur3e_ros_data__rosidl_typesupport_cExport-noconfig.cmake
[0.404s] -- Up-to-date: /home/harry/ur3e_ws/install/ur3e_ros_data/share/ur3e_ros_data/cmake/export_ur3e_ros_data__rosidl_generator_cppExport.cmake
[0.404s] -- Up-to-date: /home/harry/ur3e_ws/install/ur3e_ros_data/share/ur3e_ros_data/cmake/export_ur3e_ros_data__rosidl_typesupport_fastrtps_cppExport.cmake
[0.404s] -- Up-to-date: /home/harry/ur3e_ws/install/ur3e_ros_data/share/ur3e_ros_data/cmake/export_ur3e_ros_data__rosidl_typesupport_fastrtps_cppExport-noconfig.cmake
[0.404s] -- Up-to-date: /home/harry/ur3e_ws/install/ur3e_ros_data/share/ur3e_ros_data/cmake/ur3e_ros_data__rosidl_typesupport_introspection_cppExport.cmake
[0.404s] -- Up-to-date: /home/harry/ur3e_ws/install/ur3e_ros_data/share/ur3e_ros_data/cmake/ur3e_ros_data__rosidl_typesupport_introspection_cppExport-noconfig.cmake
[0.404s] -- Up-to-date: /home/harry/ur3e_ws/install/ur3e_ros_data/share/ur3e_ros_data/cmake/ur3e_ros_data__rosidl_typesupport_cppExport.cmake
[0.404s] -- Up-to-date: /home/harry/ur3e_ws/install/ur3e_ros_data/share/ur3e_ros_data/cmake/ur3e_ros_data__rosidl_typesupport_cppExport-noconfig.cmake
[0.404s] -- Up-to-date: /home/harry/ur3e_ws/install/ur3e_ros_data/share/ur3e_ros_data/cmake/export_ur3e_ros_data__rosidl_generator_pyExport.cmake
[0.404s] -- Up-to-date: /home/harry/ur3e_ws/install/ur3e_ros_data/share/ur3e_ros_data/cmake/export_ur3e_ros_data__rosidl_generator_pyExport-noconfig.cmake
[0.404s] -- Up-to-date: /home/harry/ur3e_ws/install/ur3e_ros_data/share/ur3e_ros_data/cmake/rosidl_cmake-extras.cmake
[0.404s] -- Up-to-date: /home/harry/ur3e_ws/install/ur3e_ros_data/share/ur3e_ros_data/cmake/ament_cmake_export_dependencies-extras.cmake
[0.404s] -- Up-to-date: /home/harry/ur3e_ws/install/ur3e_ros_data/share/ur3e_ros_data/cmake/ament_cmake_export_include_directories-extras.cmake
[0.404s] -- Up-to-date: /home/harry/ur3e_ws/install/ur3e_ros_data/share/ur3e_ros_data/cmake/ament_cmake_export_libraries-extras.cmake
[0.404s] -- Up-to-date: /home/harry/ur3e_ws/install/ur3e_ros_data/share/ur3e_ros_data/cmake/ament_cmake_export_targets-extras.cmake
[0.404s] -- Up-to-date: /home/harry/ur3e_ws/install/ur3e_ros_data/share/ur3e_ros_data/cmake/rosidl_cmake_export_typesupport_targets-extras.cmake
[0.404s] -- Up-to-date: /home/harry/ur3e_ws/install/ur3e_ros_data/share/ur3e_ros_data/cmake/rosidl_cmake_export_typesupport_libraries-extras.cmake
[0.404s] -- Up-to-date: /home/harry/ur3e_ws/install/ur3e_ros_data/share/ur3e_ros_data/cmake/ur3e_ros_dataConfig.cmake
[0.404s] -- Up-to-date: /home/harry/ur3e_ws/install/ur3e_ros_data/share/ur3e_ros_data/cmake/ur3e_ros_dataConfig-version.cmake
[0.404s] -- Up-to-date: /home/harry/ur3e_ws/install/ur3e_ros_data/share/ur3e_ros_data/package.xml
[0.406s] Invoked command in '/home/harry/ur3e_ws/build/ur3e_ros_data' returned '0': CMAKE_PREFIX_PATH=${CMAKE_PREFIX_PATH}:/home/harry/ur3e_ws/install/ur3e_ros_action:/opt/ros/iron /usr/bin/cmake --install /home/harry/ur3e_ws/build/ur3e_ros_data
