[2.850s] Invoking command in '/home/harry/ur3e_ws/src/ur3e_ros_action': PYTHONPATH=/home/harry/ur3e_ws/build/ur3e_ros_action/prefix_override:/home/harry/ur3e_ws/install/ur3e_ros_action/lib/python3.10/site-packages:${PYTHONPATH} /usr/bin/python3 -W ignore:setup.py install is deprecated setup.py egg_info --egg-base ../../build/ur3e_ros_action build --build-base /home/harry/ur3e_ws/build/ur3e_ros_action/build install --record /home/harry/ur3e_ws/build/ur3e_ros_action/install.log --single-version-externally-managed install_data
[3.874s] running egg_info
[3.875s] creating ../../build/ur3e_ros_action/ur3e_ros_action.egg-info
[3.876s] writing ../../build/ur3e_ros_action/ur3e_ros_action.egg-info/PKG-INFO
[3.877s] writing dependency_links to ../../build/ur3e_ros_action/ur3e_ros_action.egg-info/dependency_links.txt
[3.878s] writing entry points to ../../build/ur3e_ros_action/ur3e_ros_action.egg-info/entry_points.txt
[3.878s] writing requirements to ../../build/ur3e_ros_action/ur3e_ros_action.egg-info/requires.txt
[3.878s] writing top-level names to ../../build/ur3e_ros_action/ur3e_ros_action.egg-info/top_level.txt
[3.879s] writing manifest file '../../build/ur3e_ros_action/ur3e_ros_action.egg-info/SOURCES.txt'
[3.884s] reading manifest file '../../build/ur3e_ros_action/ur3e_ros_action.egg-info/SOURCES.txt'
[3.887s] writing manifest file '../../build/ur3e_ros_action/ur3e_ros_action.egg-info/SOURCES.txt'
[3.887s] running build
[3.888s] running build_py
[3.888s] creating /home/harry/ur3e_ws/build/ur3e_ros_action/build
[3.888s] creating /home/harry/ur3e_ws/build/ur3e_ros_action/build/lib
[3.889s] creating /home/harry/ur3e_ws/build/ur3e_ros_action/build/lib/ur3e_ros_action
[3.889s] copying ur3e_ros_action/moveJ_action.py -> /home/harry/ur3e_ws/build/ur3e_ros_action/build/lib/ur3e_ros_action
[3.889s] copying ur3e_ros_action/__init__.py -> /home/harry/ur3e_ws/build/ur3e_ros_action/build/lib/ur3e_ros_action
[3.890s] running install
[3.891s] running install_lib
[3.895s] running install_data
[3.895s] running install_egg_info
[3.900s] removing '/home/harry/ur3e_ws/install/ur3e_ros_action/lib/python3.10/site-packages/ur3e_ros_action-0.0.0-py3.10.egg-info' (and everything under it)
[3.901s] Copying ../../build/ur3e_ros_action/ur3e_ros_action.egg-info to /home/harry/ur3e_ws/install/ur3e_ros_action/lib/python3.10/site-packages/ur3e_ros_action-0.0.0-py3.10.egg-info
[3.903s] running install_scripts
[3.969s] Installing moveJ script to /home/harry/ur3e_ws/install/ur3e_ros_action/lib/ur3e_ros_action
[3.970s] writing list of installed files to '/home/harry/ur3e_ws/build/ur3e_ros_action/install.log'
[4.026s] Invoked command in '/home/harry/ur3e_ws/src/ur3e_ros_action' returned '0': PYTHONPATH=/home/harry/ur3e_ws/build/ur3e_ros_action/prefix_override:/home/harry/ur3e_ws/install/ur3e_ros_action/lib/python3.10/site-packages:${PYTHONPATH} /usr/bin/python3 -W ignore:setup.py install is deprecated setup.py egg_info --egg-base ../../build/ur3e_ros_action build --build-base /home/harry/ur3e_ws/build/ur3e_ros_action/build install --record /home/harry/ur3e_ws/build/ur3e_ros_action/install.log --single-version-externally-managed install_data
