-- Install configuration: ""
-- Up-to-date: /home/harry/ur3e_ws/install/ur3e_moveit_config/share/ur3e_moveit_config//urdf
-- Up-to-date: /home/harry/ur3e_ws/install/ur3e_moveit_config/share/ur3e_moveit_config//urdf/ur3e_common.xacro
-- Up-to-date: /home/harry/ur3e_ws/install/ur3e_moveit_config/share/ur3e_moveit_config//urdf/ur3e_ros2_control.xacro
-- Up-to-date: /home/harry/ur3e_ws/install/ur3e_moveit_config/share/ur3e_moveit_config//urdf/ur3e_macro.urdf.xacro
-- Up-to-date: /home/harry/ur3e_ws/install/ur3e_moveit_config/share/ur3e_moveit_config//urdf/ur3e_transmission.xacro
-- Up-to-date: /home/harry/ur3e_ws/install/ur3e_moveit_config/share/ur3e_moveit_config//urdf/ur3e.urdf.xacro
-- Up-to-date: /home/harry/ur3e_ws/install/ur3e_moveit_config/share/ament_index/resource_index/package_run_dependencies/ur3e_moveit_config
-- Up-to-date: /home/harry/ur3e_ws/install/ur3e_moveit_config/share/ament_index/resource_index/parent_prefix_path/ur3e_moveit_config
-- Up-to-date: /home/harry/ur3e_ws/install/ur3e_moveit_config/share/ur3e_moveit_config/environment/ament_prefix_path.sh
-- Up-to-date: /home/harry/ur3e_ws/install/ur3e_moveit_config/share/ur3e_moveit_config/environment/ament_prefix_path.dsv
-- Up-to-date: /home/harry/ur3e_ws/install/ur3e_moveit_config/share/ur3e_moveit_config/environment/path.sh
-- Up-to-date: /home/harry/ur3e_ws/install/ur3e_moveit_config/share/ur3e_moveit_config/environment/path.dsv
-- Up-to-date: /home/harry/ur3e_ws/install/ur3e_moveit_config/share/ur3e_moveit_config/local_setup.bash
-- Up-to-date: /home/harry/ur3e_ws/install/ur3e_moveit_config/share/ur3e_moveit_config/local_setup.sh
-- Up-to-date: /home/harry/ur3e_ws/install/ur3e_moveit_config/share/ur3e_moveit_config/local_setup.zsh
-- Up-to-date: /home/harry/ur3e_ws/install/ur3e_moveit_config/share/ur3e_moveit_config/local_setup.dsv
-- Installing: /home/harry/ur3e_ws/install/ur3e_moveit_config/share/ur3e_moveit_config/package.dsv
-- Up-to-date: /home/harry/ur3e_ws/install/ur3e_moveit_config/share/ament_index/resource_index/packages/ur3e_moveit_config
-- Up-to-date: /home/harry/ur3e_ws/install/ur3e_moveit_config/share/ur3e_moveit_config/cmake/ur3e_moveit_configConfig.cmake
-- Up-to-date: /home/harry/ur3e_ws/install/ur3e_moveit_config/share/ur3e_moveit_config/cmake/ur3e_moveit_configConfig-version.cmake
-- Up-to-date: /home/harry/ur3e_ws/install/ur3e_moveit_config/share/ur3e_moveit_config/package.xml
