[0.062s] DEBUG:colcon:Command line arguments: ['/usr/bin/colcon', 'build']
[0.062s] DEBUG:colcon:Parsed command line arguments: Namespace(log_base=None, log_level=None, verb_name='build', build_base='build', install_base='install', merge_install=False, symlink_install=False, test_result_base=None, continue_on_error=False, executor='parallel', parallel_workers=8, event_handlers=None, ignore_user_meta=False, metas=['./colcon.meta'], base_paths=['.'], packages_ignore=None, packages_ignore_regex=None, paths=None, packages_up_to=None, packages_up_to_regex=None, packages_above=None, packages_above_and_dependencies=None, packages_above_depth=None, packages_select_by_dep=None, packages_skip_by_dep=None, packages_skip_up_to=None, packages_select_build_failed=False, packages_skip_build_finished=False, packages_select_test_failures=False, packages_skip_test_passed=False, packages_select=None, packages_skip=None, packages_select_regex=None, packages_skip_regex=None, packages_start=None, packages_end=None, allow_overriding=[], cmake_args=None, cmake_target=None, cmake_target_skip_unavailable=False, cmake_clean_cache=False, cmake_clean_first=False, cmake_force_configure=False, ament_cmake_args=None, catkin_cmake_args=None, catkin_skip_building_tests=False, verb_parser=<colcon_defaults.argument_parser.defaults.DefaultArgumentsDecorator object at 0x785f99a38f40>, verb_extension=<colcon_core.verb.build.BuildVerb object at 0x785f99a38af0>, main=<bound method BuildVerb.main of <colcon_core.verb.build.BuildVerb object at 0x785f99a38af0>>)
[0.159s] Level 1:colcon.colcon_core.package_discovery:discover_packages(colcon_meta) check parameters
[0.159s] Level 1:colcon.colcon_core.package_discovery:discover_packages(recursive) check parameters
[0.159s] Level 1:colcon.colcon_core.package_discovery:discover_packages(ignore) check parameters
[0.159s] Level 1:colcon.colcon_core.package_discovery:discover_packages(path) check parameters
[0.159s] Level 1:colcon.colcon_core.package_discovery:discover_packages(colcon_meta) discover
[0.159s] Level 1:colcon.colcon_core.package_discovery:discover_packages(recursive) discover
[0.159s] INFO:colcon.colcon_core.package_discovery:Crawling recursively for packages in '/home/harry/ur3e_ws/src'
[0.159s] Level 1:colcon.colcon_core.package_identification:_identify(.) by extensions ['ignore', 'ignore_ament_install']
[0.159s] Level 1:colcon.colcon_core.package_identification:_identify(.) by extension 'ignore'
[0.159s] Level 1:colcon.colcon_core.package_identification:_identify(.) by extension 'ignore_ament_install'
[0.159s] Level 1:colcon.colcon_core.package_identification:_identify(.) by extensions ['colcon_pkg']
[0.160s] Level 1:colcon.colcon_core.package_identification:_identify(.) by extension 'colcon_pkg'
[0.160s] Level 1:colcon.colcon_core.package_identification:_identify(.) by extensions ['colcon_meta']
[0.160s] Level 1:colcon.colcon_core.package_identification:_identify(.) by extension 'colcon_meta'
[0.160s] Level 1:colcon.colcon_core.package_identification:_identify(.) by extensions ['ros']
[0.160s] Level 1:colcon.colcon_core.package_identification:_identify(.) by extension 'ros'
[0.166s] Level 1:colcon.colcon_core.package_identification:_identify(.) by extensions ['cmake', 'python']
[0.166s] Level 1:colcon.colcon_core.package_identification:_identify(.) by extension 'cmake'
[0.166s] Level 1:colcon.colcon_core.package_identification:_identify(.) by extension 'python'
[0.166s] Level 1:colcon.colcon_core.package_identification:_identify(.) by extensions ['python_setup_py']
[0.166s] Level 1:colcon.colcon_core.package_identification:_identify(.) by extension 'python_setup_py'
[0.166s] Level 1:colcon.colcon_core.package_identification:_identify(build) by extensions ['ignore', 'ignore_ament_install']
[0.166s] Level 1:colcon.colcon_core.package_identification:_identify(build) by extension 'ignore'
[0.166s] Level 1:colcon.colcon_core.package_identification:_identify(build) ignored
[0.166s] Level 1:colcon.colcon_core.package_identification:_identify(install) by extensions ['ignore', 'ignore_ament_install']
[0.167s] Level 1:colcon.colcon_core.package_identification:_identify(install) by extension 'ignore'
[0.167s] Level 1:colcon.colcon_core.package_identification:_identify(install) ignored
[0.167s] Level 1:colcon.colcon_core.package_identification:_identify(log) by extensions ['ignore', 'ignore_ament_install']
[0.167s] Level 1:colcon.colcon_core.package_identification:_identify(log) by extension 'ignore'
[0.167s] Level 1:colcon.colcon_core.package_identification:_identify(log) ignored
[0.167s] Level 1:colcon.colcon_core.package_identification:_identify(ur3e_gazebo_sim) by extensions ['ignore', 'ignore_ament_install']
[0.167s] Level 1:colcon.colcon_core.package_identification:_identify(ur3e_gazebo_sim) by extension 'ignore'
[0.167s] Level 1:colcon.colcon_core.package_identification:_identify(ur3e_gazebo_sim) by extension 'ignore_ament_install'
[0.167s] Level 1:colcon.colcon_core.package_identification:_identify(ur3e_gazebo_sim) by extensions ['colcon_pkg']
[0.167s] Level 1:colcon.colcon_core.package_identification:_identify(ur3e_gazebo_sim) by extension 'colcon_pkg'
[0.167s] Level 1:colcon.colcon_core.package_identification:_identify(ur3e_gazebo_sim) by extensions ['colcon_meta']
[0.167s] Level 1:colcon.colcon_core.package_identification:_identify(ur3e_gazebo_sim) by extension 'colcon_meta'
[0.167s] Level 1:colcon.colcon_core.package_identification:_identify(ur3e_gazebo_sim) by extensions ['ros']
[0.167s] Level 1:colcon.colcon_core.package_identification:_identify(ur3e_gazebo_sim) by extension 'ros'
[0.168s] DEBUG:colcon.colcon_core.package_identification:Package 'ur3e_gazebo_sim' with type 'ros.ament_cmake' and name 'ur3e_gazebo_sim'
[0.168s] Level 1:colcon.colcon_core.package_identification:_identify(ur3e_moveit) by extensions ['ignore', 'ignore_ament_install']
[0.168s] Level 1:colcon.colcon_core.package_identification:_identify(ur3e_moveit) by extension 'ignore'
[0.168s] Level 1:colcon.colcon_core.package_identification:_identify(ur3e_moveit) by extension 'ignore_ament_install'
[0.168s] Level 1:colcon.colcon_core.package_identification:_identify(ur3e_moveit) by extensions ['colcon_pkg']
[0.168s] Level 1:colcon.colcon_core.package_identification:_identify(ur3e_moveit) by extension 'colcon_pkg'
[0.168s] Level 1:colcon.colcon_core.package_identification:_identify(ur3e_moveit) by extensions ['colcon_meta']
[0.168s] Level 1:colcon.colcon_core.package_identification:_identify(ur3e_moveit) by extension 'colcon_meta'
[0.168s] Level 1:colcon.colcon_core.package_identification:_identify(ur3e_moveit) by extensions ['ros']
[0.169s] Level 1:colcon.colcon_core.package_identification:_identify(ur3e_moveit) by extension 'ros'
[0.169s] DEBUG:colcon.colcon_core.package_identification:Package 'ur3e_moveit' with type 'ros.ament_cmake' and name 'ur3e_moveit'
[0.169s] Level 1:colcon.colcon_core.package_identification:_identify(ur3e_moveit_config) by extensions ['ignore', 'ignore_ament_install']
[0.169s] Level 1:colcon.colcon_core.package_identification:_identify(ur3e_moveit_config) by extension 'ignore'
[0.169s] Level 1:colcon.colcon_core.package_identification:_identify(ur3e_moveit_config) by extension 'ignore_ament_install'
[0.169s] Level 1:colcon.colcon_core.package_identification:_identify(ur3e_moveit_config) by extensions ['colcon_pkg']
[0.169s] Level 1:colcon.colcon_core.package_identification:_identify(ur3e_moveit_config) by extension 'colcon_pkg'
[0.169s] Level 1:colcon.colcon_core.package_identification:_identify(ur3e_moveit_config) by extensions ['colcon_meta']
[0.169s] Level 1:colcon.colcon_core.package_identification:_identify(ur3e_moveit_config) by extension 'colcon_meta'
[0.169s] Level 1:colcon.colcon_core.package_identification:_identify(ur3e_moveit_config) by extensions ['ros']
[0.169s] Level 1:colcon.colcon_core.package_identification:_identify(ur3e_moveit_config) by extension 'ros'
[0.169s] DEBUG:colcon.colcon_core.package_identification:Package 'ur3e_moveit_config' with type 'ros.ament_cmake' and name 'ur3e_moveit_config'
[0.169s] Level 1:colcon.colcon_core.package_identification:_identify(ur3e_new_moveit_config) by extensions ['ignore', 'ignore_ament_install']
[0.170s] Level 1:colcon.colcon_core.package_identification:_identify(ur3e_new_moveit_config) by extension 'ignore'
[0.170s] Level 1:colcon.colcon_core.package_identification:_identify(ur3e_new_moveit_config) by extension 'ignore_ament_install'
[0.170s] Level 1:colcon.colcon_core.package_identification:_identify(ur3e_new_moveit_config) by extensions ['colcon_pkg']
[0.170s] Level 1:colcon.colcon_core.package_identification:_identify(ur3e_new_moveit_config) by extension 'colcon_pkg'
[0.170s] Level 1:colcon.colcon_core.package_identification:_identify(ur3e_new_moveit_config) by extensions ['colcon_meta']
[0.170s] Level 1:colcon.colcon_core.package_identification:_identify(ur3e_new_moveit_config) by extension 'colcon_meta'
[0.170s] Level 1:colcon.colcon_core.package_identification:_identify(ur3e_new_moveit_config) by extensions ['ros']
[0.170s] Level 1:colcon.colcon_core.package_identification:_identify(ur3e_new_moveit_config) by extension 'ros'
[0.170s] DEBUG:colcon.colcon_core.package_identification:Package 'ur3e_new_moveit_config' with type 'ros.ament_cmake' and name 'ur3e_new_moveit_config'
[0.170s] Level 1:colcon.colcon_core.package_identification:_identify(ur3e_ros_action) by extensions ['ignore', 'ignore_ament_install']
[0.170s] Level 1:colcon.colcon_core.package_identification:_identify(ur3e_ros_action) by extension 'ignore'
[0.170s] Level 1:colcon.colcon_core.package_identification:_identify(ur3e_ros_action) by extension 'ignore_ament_install'
[0.170s] Level 1:colcon.colcon_core.package_identification:_identify(ur3e_ros_action) by extensions ['colcon_pkg']
[0.170s] Level 1:colcon.colcon_core.package_identification:_identify(ur3e_ros_action) by extension 'colcon_pkg'
[0.170s] Level 1:colcon.colcon_core.package_identification:_identify(ur3e_ros_action) by extensions ['colcon_meta']
[0.170s] Level 1:colcon.colcon_core.package_identification:_identify(ur3e_ros_action) by extension 'colcon_meta'
[0.170s] Level 1:colcon.colcon_core.package_identification:_identify(ur3e_ros_action) by extensions ['ros']
[0.170s] Level 1:colcon.colcon_core.package_identification:_identify(ur3e_ros_action) by extension 'ros'
[0.171s] DEBUG:colcon.colcon_core.package_identification:Package 'ur3e_ros_action' with type 'ros.ament_python' and name 'ur3e_ros_action'
[0.171s] Level 1:colcon.colcon_core.package_identification:_identify(ur3e_ros_action_cpp) by extensions ['ignore', 'ignore_ament_install']
[0.171s] Level 1:colcon.colcon_core.package_identification:_identify(ur3e_ros_action_cpp) by extension 'ignore'
[0.171s] Level 1:colcon.colcon_core.package_identification:_identify(ur3e_ros_action_cpp) by extension 'ignore_ament_install'
[0.171s] Level 1:colcon.colcon_core.package_identification:_identify(ur3e_ros_action_cpp) by extensions ['colcon_pkg']
[0.171s] Level 1:colcon.colcon_core.package_identification:_identify(ur3e_ros_action_cpp) by extension 'colcon_pkg'
[0.171s] Level 1:colcon.colcon_core.package_identification:_identify(ur3e_ros_action_cpp) by extensions ['colcon_meta']
[0.171s] Level 1:colcon.colcon_core.package_identification:_identify(ur3e_ros_action_cpp) by extension 'colcon_meta'
[0.171s] Level 1:colcon.colcon_core.package_identification:_identify(ur3e_ros_action_cpp) by extensions ['ros']
[0.171s] Level 1:colcon.colcon_core.package_identification:_identify(ur3e_ros_action_cpp) by extension 'ros'
[0.171s] DEBUG:colcon.colcon_core.package_identification:Package 'ur3e_ros_action_cpp' with type 'ros.ament_cmake' and name 'ur3e_ros_action_cpp'
[0.171s] Level 1:colcon.colcon_core.package_identification:_identify(ur3e_ros_data) by extensions ['ignore', 'ignore_ament_install']
[0.171s] Level 1:colcon.colcon_core.package_identification:_identify(ur3e_ros_data) by extension 'ignore'
[0.171s] Level 1:colcon.colcon_core.package_identification:_identify(ur3e_ros_data) by extension 'ignore_ament_install'
[0.171s] Level 1:colcon.colcon_core.package_identification:_identify(ur3e_ros_data) by extensions ['colcon_pkg']
[0.172s] Level 1:colcon.colcon_core.package_identification:_identify(ur3e_ros_data) by extension 'colcon_pkg'
[0.172s] Level 1:colcon.colcon_core.package_identification:_identify(ur3e_ros_data) by extensions ['colcon_meta']
[0.172s] Level 1:colcon.colcon_core.package_identification:_identify(ur3e_ros_data) by extension 'colcon_meta'
[0.172s] Level 1:colcon.colcon_core.package_identification:_identify(ur3e_ros_data) by extensions ['ros']
[0.172s] Level 1:colcon.colcon_core.package_identification:_identify(ur3e_ros_data) by extension 'ros'
[0.172s] DEBUG:colcon.colcon_core.package_identification:Package 'ur3e_ros_data' with type 'ros.ament_cmake' and name 'ur3e_ros_data'
[0.172s] Level 1:colcon.colcon_core.package_identification:_identify(ur_description) by extensions ['ignore', 'ignore_ament_install']
[0.172s] Level 1:colcon.colcon_core.package_identification:_identify(ur_description) by extension 'ignore'
[0.172s] Level 1:colcon.colcon_core.package_identification:_identify(ur_description) by extension 'ignore_ament_install'
[0.172s] Level 1:colcon.colcon_core.package_identification:_identify(ur_description) by extensions ['colcon_pkg']
[0.172s] Level 1:colcon.colcon_core.package_identification:_identify(ur_description) by extension 'colcon_pkg'
[0.172s] Level 1:colcon.colcon_core.package_identification:_identify(ur_description) by extensions ['colcon_meta']
[0.172s] Level 1:colcon.colcon_core.package_identification:_identify(ur_description) by extension 'colcon_meta'
[0.172s] Level 1:colcon.colcon_core.package_identification:_identify(ur_description) by extensions ['ros']
[0.172s] Level 1:colcon.colcon_core.package_identification:_identify(ur_description) by extension 'ros'
[0.172s] Level 1:colcon.colcon_core.package_identification:_identify(ur_description) by extensions ['cmake', 'python']
[0.172s] Level 1:colcon.colcon_core.package_identification:_identify(ur_description) by extension 'cmake'
[0.172s] Level 1:colcon.colcon_core.package_identification:_identify(ur_description) by extension 'python'
[0.172s] Level 1:colcon.colcon_core.package_identification:_identify(ur_description) by extensions ['python_setup_py']
[0.172s] Level 1:colcon.colcon_core.package_identification:_identify(ur_description) by extension 'python_setup_py'
[0.173s] Level 1:colcon.colcon_core.package_identification:_identify(ur_description/Universal_Robots_ROS2_Description) by extensions ['ignore', 'ignore_ament_install']
[0.173s] Level 1:colcon.colcon_core.package_identification:_identify(ur_description/Universal_Robots_ROS2_Description) by extension 'ignore'
[0.173s] Level 1:colcon.colcon_core.package_identification:_identify(ur_description/Universal_Robots_ROS2_Description) by extension 'ignore_ament_install'
[0.173s] Level 1:colcon.colcon_core.package_identification:_identify(ur_description/Universal_Robots_ROS2_Description) by extensions ['colcon_pkg']
[0.173s] Level 1:colcon.colcon_core.package_identification:_identify(ur_description/Universal_Robots_ROS2_Description) by extension 'colcon_pkg'
[0.173s] Level 1:colcon.colcon_core.package_identification:_identify(ur_description/Universal_Robots_ROS2_Description) by extensions ['colcon_meta']
[0.173s] Level 1:colcon.colcon_core.package_identification:_identify(ur_description/Universal_Robots_ROS2_Description) by extension 'colcon_meta'
[0.173s] Level 1:colcon.colcon_core.package_identification:_identify(ur_description/Universal_Robots_ROS2_Description) by extensions ['ros']
[0.173s] Level 1:colcon.colcon_core.package_identification:_identify(ur_description/Universal_Robots_ROS2_Description) by extension 'ros'
[0.173s] DEBUG:colcon.colcon_core.package_identification:Package 'ur_description/Universal_Robots_ROS2_Description' with type 'ros.ament_cmake' and name 'ur_description'
[0.173s] Level 1:colcon.colcon_core.package_discovery:discover_packages(recursive) using defaults
[0.173s] Level 1:colcon.colcon_core.package_discovery:discover_packages(ignore) discover
[0.173s] Level 1:colcon.colcon_core.package_discovery:discover_packages(ignore) using defaults
[0.173s] Level 1:colcon.colcon_core.package_discovery:discover_packages(path) discover
[0.173s] Level 1:colcon.colcon_core.package_discovery:discover_packages(path) using defaults
[0.193s] Level 1:colcon.colcon_core.package_discovery:discover_packages(prefix_path) check parameters
[0.193s] Level 1:colcon.colcon_core.package_discovery:discover_packages(prefix_path) discover
[0.194s] DEBUG:colcon.colcon_installed_package_information.package_discovery:Found 7 installed packages in /home/harry/ur3e_ws/src/install
[0.194s] DEBUG:colcon.colcon_installed_package_information.package_discovery:Found 9 installed packages in /home/harry/ur3e_ws/install
[0.195s] DEBUG:colcon.colcon_installed_package_information.package_discovery:Found 371 installed packages in /opt/ros/iron
[0.197s] Level 1:colcon.colcon_core.package_discovery:discover_packages(prefix_path) using defaults
[0.225s] WARNING:colcon.colcon_core.package_selection:Some selected packages are already built in one or more underlay workspaces:
	'ur_description' is in: /home/harry/ur3e_ws/install/ur_description, /home/harry/ur3e_ws/src/install/ur_description
If a package in a merged underlay workspace is overridden and it installs headers, then all packages in the overlay must sort their include directories by workspace order. Failure to do so may result in build failures or undefined behavior at run time.
If the overridden package is used by another package in any underlay, then the overriding package in the overlay must be API and ABI compatible or undefined behavior at run time may occur.

If you understand the risks and want to override a package anyways, add the following to the command line:
	--allow-overriding ur_description

This may be promoted to an error in a future release of colcon-override-check.
[0.225s] Level 5:colcon.colcon_core.verb:set package 'ur3e_gazebo_sim' build argument 'cmake_args' from command line to 'None'
[0.225s] Level 5:colcon.colcon_core.verb:set package 'ur3e_gazebo_sim' build argument 'cmake_target' from command line to 'None'
[0.225s] Level 5:colcon.colcon_core.verb:set package 'ur3e_gazebo_sim' build argument 'cmake_target_skip_unavailable' from command line to 'False'
[0.225s] Level 5:colcon.colcon_core.verb:set package 'ur3e_gazebo_sim' build argument 'cmake_clean_cache' from command line to 'False'
[0.225s] Level 5:colcon.colcon_core.verb:set package 'ur3e_gazebo_sim' build argument 'cmake_clean_first' from command line to 'False'
[0.225s] Level 5:colcon.colcon_core.verb:set package 'ur3e_gazebo_sim' build argument 'cmake_force_configure' from command line to 'False'
[0.225s] Level 5:colcon.colcon_core.verb:set package 'ur3e_gazebo_sim' build argument 'ament_cmake_args' from command line to 'None'
[0.225s] Level 5:colcon.colcon_core.verb:set package 'ur3e_gazebo_sim' build argument 'catkin_cmake_args' from command line to 'None'
[0.225s] Level 5:colcon.colcon_core.verb:set package 'ur3e_gazebo_sim' build argument 'catkin_skip_building_tests' from command line to 'False'
[0.225s] DEBUG:colcon.colcon_core.verb:Building package 'ur3e_gazebo_sim' with the following arguments: {'ament_cmake_args': None, 'build_base': '/home/harry/ur3e_ws/src/build/ur3e_gazebo_sim', 'catkin_cmake_args': None, 'catkin_skip_building_tests': False, 'cmake_args': None, 'cmake_clean_cache': False, 'cmake_clean_first': False, 'cmake_force_configure': False, 'cmake_target': None, 'cmake_target_skip_unavailable': False, 'install_base': '/home/harry/ur3e_ws/src/install/ur3e_gazebo_sim', 'merge_install': False, 'path': '/home/harry/ur3e_ws/src/ur3e_gazebo_sim', 'symlink_install': False, 'test_result_base': None}
[0.226s] Level 5:colcon.colcon_core.verb:set package 'ur3e_moveit_config' build argument 'cmake_args' from command line to 'None'
[0.226s] Level 5:colcon.colcon_core.verb:set package 'ur3e_moveit_config' build argument 'cmake_target' from command line to 'None'
[0.226s] Level 5:colcon.colcon_core.verb:set package 'ur3e_moveit_config' build argument 'cmake_target_skip_unavailable' from command line to 'False'
[0.226s] Level 5:colcon.colcon_core.verb:set package 'ur3e_moveit_config' build argument 'cmake_clean_cache' from command line to 'False'
[0.226s] Level 5:colcon.colcon_core.verb:set package 'ur3e_moveit_config' build argument 'cmake_clean_first' from command line to 'False'
[0.226s] Level 5:colcon.colcon_core.verb:set package 'ur3e_moveit_config' build argument 'cmake_force_configure' from command line to 'False'
[0.226s] Level 5:colcon.colcon_core.verb:set package 'ur3e_moveit_config' build argument 'ament_cmake_args' from command line to 'None'
[0.226s] Level 5:colcon.colcon_core.verb:set package 'ur3e_moveit_config' build argument 'catkin_cmake_args' from command line to 'None'
[0.226s] Level 5:colcon.colcon_core.verb:set package 'ur3e_moveit_config' build argument 'catkin_skip_building_tests' from command line to 'False'
[0.226s] DEBUG:colcon.colcon_core.verb:Building package 'ur3e_moveit_config' with the following arguments: {'ament_cmake_args': None, 'build_base': '/home/harry/ur3e_ws/src/build/ur3e_moveit_config', 'catkin_cmake_args': None, 'catkin_skip_building_tests': False, 'cmake_args': None, 'cmake_clean_cache': False, 'cmake_clean_first': False, 'cmake_force_configure': False, 'cmake_target': None, 'cmake_target_skip_unavailable': False, 'install_base': '/home/harry/ur3e_ws/src/install/ur3e_moveit_config', 'merge_install': False, 'path': '/home/harry/ur3e_ws/src/ur3e_moveit_config', 'symlink_install': False, 'test_result_base': None}
[0.226s] Level 5:colcon.colcon_core.verb:set package 'ur3e_ros_action' build argument 'cmake_args' from command line to 'None'
[0.226s] Level 5:colcon.colcon_core.verb:set package 'ur3e_ros_action' build argument 'cmake_target' from command line to 'None'
[0.226s] Level 5:colcon.colcon_core.verb:set package 'ur3e_ros_action' build argument 'cmake_target_skip_unavailable' from command line to 'False'
[0.226s] Level 5:colcon.colcon_core.verb:set package 'ur3e_ros_action' build argument 'cmake_clean_cache' from command line to 'False'
[0.226s] Level 5:colcon.colcon_core.verb:set package 'ur3e_ros_action' build argument 'cmake_clean_first' from command line to 'False'
[0.226s] Level 5:colcon.colcon_core.verb:set package 'ur3e_ros_action' build argument 'cmake_force_configure' from command line to 'False'
[0.226s] Level 5:colcon.colcon_core.verb:set package 'ur3e_ros_action' build argument 'ament_cmake_args' from command line to 'None'
[0.226s] Level 5:colcon.colcon_core.verb:set package 'ur3e_ros_action' build argument 'catkin_cmake_args' from command line to 'None'
[0.226s] Level 5:colcon.colcon_core.verb:set package 'ur3e_ros_action' build argument 'catkin_skip_building_tests' from command line to 'False'
[0.226s] DEBUG:colcon.colcon_core.verb:Building package 'ur3e_ros_action' with the following arguments: {'ament_cmake_args': None, 'build_base': '/home/harry/ur3e_ws/src/build/ur3e_ros_action', 'catkin_cmake_args': None, 'catkin_skip_building_tests': False, 'cmake_args': None, 'cmake_clean_cache': False, 'cmake_clean_first': False, 'cmake_force_configure': False, 'cmake_target': None, 'cmake_target_skip_unavailable': False, 'install_base': '/home/harry/ur3e_ws/src/install/ur3e_ros_action', 'merge_install': False, 'path': '/home/harry/ur3e_ws/src/ur3e_ros_action', 'symlink_install': False, 'test_result_base': None}
[0.226s] Level 5:colcon.colcon_core.verb:set package 'ur3e_ros_data' build argument 'cmake_args' from command line to 'None'
[0.226s] Level 5:colcon.colcon_core.verb:set package 'ur3e_ros_data' build argument 'cmake_target' from command line to 'None'
[0.226s] Level 5:colcon.colcon_core.verb:set package 'ur3e_ros_data' build argument 'cmake_target_skip_unavailable' from command line to 'False'
[0.226s] Level 5:colcon.colcon_core.verb:set package 'ur3e_ros_data' build argument 'cmake_clean_cache' from command line to 'False'
[0.226s] Level 5:colcon.colcon_core.verb:set package 'ur3e_ros_data' build argument 'cmake_clean_first' from command line to 'False'
[0.226s] Level 5:colcon.colcon_core.verb:set package 'ur3e_ros_data' build argument 'cmake_force_configure' from command line to 'False'
[0.226s] Level 5:colcon.colcon_core.verb:set package 'ur3e_ros_data' build argument 'ament_cmake_args' from command line to 'None'
[0.226s] Level 5:colcon.colcon_core.verb:set package 'ur3e_ros_data' build argument 'catkin_cmake_args' from command line to 'None'
[0.226s] Level 5:colcon.colcon_core.verb:set package 'ur3e_ros_data' build argument 'catkin_skip_building_tests' from command line to 'False'
[0.226s] DEBUG:colcon.colcon_core.verb:Building package 'ur3e_ros_data' with the following arguments: {'ament_cmake_args': None, 'build_base': '/home/harry/ur3e_ws/src/build/ur3e_ros_data', 'catkin_cmake_args': None, 'catkin_skip_building_tests': False, 'cmake_args': None, 'cmake_clean_cache': False, 'cmake_clean_first': False, 'cmake_force_configure': False, 'cmake_target': None, 'cmake_target_skip_unavailable': False, 'install_base': '/home/harry/ur3e_ws/src/install/ur3e_ros_data', 'merge_install': False, 'path': '/home/harry/ur3e_ws/src/ur3e_ros_data', 'symlink_install': False, 'test_result_base': None}
[0.227s] Level 5:colcon.colcon_core.verb:set package 'ur_description' build argument 'cmake_args' from command line to 'None'
[0.227s] Level 5:colcon.colcon_core.verb:set package 'ur_description' build argument 'cmake_target' from command line to 'None'
[0.227s] Level 5:colcon.colcon_core.verb:set package 'ur_description' build argument 'cmake_target_skip_unavailable' from command line to 'False'
[0.227s] Level 5:colcon.colcon_core.verb:set package 'ur_description' build argument 'cmake_clean_cache' from command line to 'False'
[0.227s] Level 5:colcon.colcon_core.verb:set package 'ur_description' build argument 'cmake_clean_first' from command line to 'False'
[0.227s] Level 5:colcon.colcon_core.verb:set package 'ur_description' build argument 'cmake_force_configure' from command line to 'False'
[0.227s] Level 5:colcon.colcon_core.verb:set package 'ur_description' build argument 'ament_cmake_args' from command line to 'None'
[0.227s] Level 5:colcon.colcon_core.verb:set package 'ur_description' build argument 'catkin_cmake_args' from command line to 'None'
[0.227s] Level 5:colcon.colcon_core.verb:set package 'ur_description' build argument 'catkin_skip_building_tests' from command line to 'False'
[0.227s] DEBUG:colcon.colcon_core.verb:Building package 'ur_description' with the following arguments: {'ament_cmake_args': None, 'build_base': '/home/harry/ur3e_ws/src/build/ur_description', 'catkin_cmake_args': None, 'catkin_skip_building_tests': False, 'cmake_args': None, 'cmake_clean_cache': False, 'cmake_clean_first': False, 'cmake_force_configure': False, 'cmake_target': None, 'cmake_target_skip_unavailable': False, 'install_base': '/home/harry/ur3e_ws/src/install/ur_description', 'merge_install': False, 'path': '/home/harry/ur3e_ws/src/ur_description/Universal_Robots_ROS2_Description', 'symlink_install': False, 'test_result_base': None}
[0.227s] Level 5:colcon.colcon_core.verb:set package 'ur3e_moveit' build argument 'cmake_args' from command line to 'None'
[0.227s] Level 5:colcon.colcon_core.verb:set package 'ur3e_moveit' build argument 'cmake_target' from command line to 'None'
[0.227s] Level 5:colcon.colcon_core.verb:set package 'ur3e_moveit' build argument 'cmake_target_skip_unavailable' from command line to 'False'
[0.227s] Level 5:colcon.colcon_core.verb:set package 'ur3e_moveit' build argument 'cmake_clean_cache' from command line to 'False'
[0.227s] Level 5:colcon.colcon_core.verb:set package 'ur3e_moveit' build argument 'cmake_clean_first' from command line to 'False'
[0.227s] Level 5:colcon.colcon_core.verb:set package 'ur3e_moveit' build argument 'cmake_force_configure' from command line to 'False'
[0.227s] Level 5:colcon.colcon_core.verb:set package 'ur3e_moveit' build argument 'ament_cmake_args' from command line to 'None'
[0.227s] Level 5:colcon.colcon_core.verb:set package 'ur3e_moveit' build argument 'catkin_cmake_args' from command line to 'None'
[0.227s] Level 5:colcon.colcon_core.verb:set package 'ur3e_moveit' build argument 'catkin_skip_building_tests' from command line to 'False'
[0.227s] DEBUG:colcon.colcon_core.verb:Building package 'ur3e_moveit' with the following arguments: {'ament_cmake_args': None, 'build_base': '/home/harry/ur3e_ws/src/build/ur3e_moveit', 'catkin_cmake_args': None, 'catkin_skip_building_tests': False, 'cmake_args': None, 'cmake_clean_cache': False, 'cmake_clean_first': False, 'cmake_force_configure': False, 'cmake_target': None, 'cmake_target_skip_unavailable': False, 'install_base': '/home/harry/ur3e_ws/src/install/ur3e_moveit', 'merge_install': False, 'path': '/home/harry/ur3e_ws/src/ur3e_moveit', 'symlink_install': False, 'test_result_base': None}
[0.227s] Level 5:colcon.colcon_core.verb:set package 'ur3e_new_moveit_config' build argument 'cmake_args' from command line to 'None'
[0.227s] Level 5:colcon.colcon_core.verb:set package 'ur3e_new_moveit_config' build argument 'cmake_target' from command line to 'None'
[0.227s] Level 5:colcon.colcon_core.verb:set package 'ur3e_new_moveit_config' build argument 'cmake_target_skip_unavailable' from command line to 'False'
[0.227s] Level 5:colcon.colcon_core.verb:set package 'ur3e_new_moveit_config' build argument 'cmake_clean_cache' from command line to 'False'
[0.227s] Level 5:colcon.colcon_core.verb:set package 'ur3e_new_moveit_config' build argument 'cmake_clean_first' from command line to 'False'
[0.227s] Level 5:colcon.colcon_core.verb:set package 'ur3e_new_moveit_config' build argument 'cmake_force_configure' from command line to 'False'
[0.227s] Level 5:colcon.colcon_core.verb:set package 'ur3e_new_moveit_config' build argument 'ament_cmake_args' from command line to 'None'
[0.227s] Level 5:colcon.colcon_core.verb:set package 'ur3e_new_moveit_config' build argument 'catkin_cmake_args' from command line to 'None'
[0.227s] Level 5:colcon.colcon_core.verb:set package 'ur3e_new_moveit_config' build argument 'catkin_skip_building_tests' from command line to 'False'
[0.227s] DEBUG:colcon.colcon_core.verb:Building package 'ur3e_new_moveit_config' with the following arguments: {'ament_cmake_args': None, 'build_base': '/home/harry/ur3e_ws/src/build/ur3e_new_moveit_config', 'catkin_cmake_args': None, 'catkin_skip_building_tests': False, 'cmake_args': None, 'cmake_clean_cache': False, 'cmake_clean_first': False, 'cmake_force_configure': False, 'cmake_target': None, 'cmake_target_skip_unavailable': False, 'install_base': '/home/harry/ur3e_ws/src/install/ur3e_new_moveit_config', 'merge_install': False, 'path': '/home/harry/ur3e_ws/src/ur3e_new_moveit_config', 'symlink_install': False, 'test_result_base': None}
[0.227s] Level 5:colcon.colcon_core.verb:set package 'ur3e_ros_action_cpp' build argument 'cmake_args' from command line to 'None'
[0.228s] Level 5:colcon.colcon_core.verb:set package 'ur3e_ros_action_cpp' build argument 'cmake_target' from command line to 'None'
[0.228s] Level 5:colcon.colcon_core.verb:set package 'ur3e_ros_action_cpp' build argument 'cmake_target_skip_unavailable' from command line to 'False'
[0.228s] Level 5:colcon.colcon_core.verb:set package 'ur3e_ros_action_cpp' build argument 'cmake_clean_cache' from command line to 'False'
[0.228s] Level 5:colcon.colcon_core.verb:set package 'ur3e_ros_action_cpp' build argument 'cmake_clean_first' from command line to 'False'
[0.228s] Level 5:colcon.colcon_core.verb:set package 'ur3e_ros_action_cpp' build argument 'cmake_force_configure' from command line to 'False'
[0.228s] Level 5:colcon.colcon_core.verb:set package 'ur3e_ros_action_cpp' build argument 'ament_cmake_args' from command line to 'None'
[0.228s] Level 5:colcon.colcon_core.verb:set package 'ur3e_ros_action_cpp' build argument 'catkin_cmake_args' from command line to 'None'
[0.228s] Level 5:colcon.colcon_core.verb:set package 'ur3e_ros_action_cpp' build argument 'catkin_skip_building_tests' from command line to 'False'
[0.228s] DEBUG:colcon.colcon_core.verb:Building package 'ur3e_ros_action_cpp' with the following arguments: {'ament_cmake_args': None, 'build_base': '/home/harry/ur3e_ws/src/build/ur3e_ros_action_cpp', 'catkin_cmake_args': None, 'catkin_skip_building_tests': False, 'cmake_args': None, 'cmake_clean_cache': False, 'cmake_clean_first': False, 'cmake_force_configure': False, 'cmake_target': None, 'cmake_target_skip_unavailable': False, 'install_base': '/home/harry/ur3e_ws/src/install/ur3e_ros_action_cpp', 'merge_install': False, 'path': '/home/harry/ur3e_ws/src/ur3e_ros_action_cpp', 'symlink_install': False, 'test_result_base': None}
[0.228s] INFO:colcon.colcon_core.executor:Executing jobs using 'parallel' executor
[0.229s] DEBUG:colcon.colcon_parallel_executor.executor.parallel:run_until_complete
[0.229s] INFO:colcon.colcon_ros.task.ament_cmake.build:Building ROS package in '/home/harry/ur3e_ws/src/ur3e_ros_data' with build type 'ament_cmake'
[0.229s] INFO:colcon.colcon_cmake.task.cmake.build:Building CMake package in '/home/harry/ur3e_ws/src/ur3e_ros_data'
[0.230s] INFO:colcon.colcon_core.plugin_system:Skipping extension 'colcon_core.shell.bat': Not used on non-Windows systems
[0.230s] INFO:colcon.colcon_core.shell:Skip shell extension 'powershell' for command environment: Not usable outside of PowerShell
[0.230s] DEBUG:colcon.colcon_core.shell:Skip shell extension 'dsv' for command environment
[0.233s] INFO:colcon.colcon_ros.task.ament_cmake.build:Building ROS package in '/home/harry/ur3e_ws/src/ur3e_moveit_config' with build type 'ament_cmake'
[0.233s] INFO:colcon.colcon_cmake.task.cmake.build:Building CMake package in '/home/harry/ur3e_ws/src/ur3e_moveit_config'
[0.233s] INFO:colcon.colcon_core.shell:Skip shell extension 'powershell' for command environment: Not usable outside of PowerShell
[0.233s] DEBUG:colcon.colcon_core.shell:Skip shell extension 'dsv' for command environment
[0.236s] INFO:colcon.colcon_ros.task.ament_cmake.build:Building ROS package in '/home/harry/ur3e_ws/src/ur3e_gazebo_sim' with build type 'ament_cmake'
[0.236s] INFO:colcon.colcon_cmake.task.cmake.build:Building CMake package in '/home/harry/ur3e_ws/src/ur3e_gazebo_sim'
[0.236s] INFO:colcon.colcon_core.shell:Skip shell extension 'powershell' for command environment: Not usable outside of PowerShell
[0.236s] DEBUG:colcon.colcon_core.shell:Skip shell extension 'dsv' for command environment
[0.239s] INFO:colcon.colcon_ros.task.ament_python.build:Building ROS package in '/home/harry/ur3e_ws/src/ur3e_ros_action' with build type 'ament_python'
[0.239s] Level 1:colcon.colcon_core.shell:create_environment_hook('ur3e_ros_action', 'ament_prefix_path')
[0.239s] INFO:colcon.colcon_core.shell:Creating environment hook '/home/harry/ur3e_ws/src/install/ur3e_ros_action/share/ur3e_ros_action/hook/ament_prefix_path.ps1'
[0.240s] INFO:colcon.colcon_core.shell:Creating environment descriptor '/home/harry/ur3e_ws/src/install/ur3e_ros_action/share/ur3e_ros_action/hook/ament_prefix_path.dsv'
[0.240s] INFO:colcon.colcon_core.shell:Creating environment hook '/home/harry/ur3e_ws/src/install/ur3e_ros_action/share/ur3e_ros_action/hook/ament_prefix_path.sh'
[0.241s] INFO:colcon.colcon_core.shell:Skip shell extension 'powershell' for command environment: Not usable outside of PowerShell
[0.241s] DEBUG:colcon.colcon_core.shell:Skip shell extension 'dsv' for command environment
[0.243s] INFO:colcon.colcon_ros.task.ament_cmake.build:Building ROS package in '/home/harry/ur3e_ws/src/ur_description/Universal_Robots_ROS2_Description' with build type 'ament_cmake'
[0.243s] INFO:colcon.colcon_cmake.task.cmake.build:Building CMake package in '/home/harry/ur3e_ws/src/ur_description/Universal_Robots_ROS2_Description'
[0.243s] INFO:colcon.colcon_core.shell:Skip shell extension 'powershell' for command environment: Not usable outside of PowerShell
[0.243s] DEBUG:colcon.colcon_core.shell:Skip shell extension 'dsv' for command environment
[0.249s] DEBUG:colcon.colcon_core.event_handler.log_command:Invoking command in '/home/harry/ur3e_ws/src/build/ur3e_ros_data': CMAKE_PREFIX_PATH=${CMAKE_PREFIX_PATH}:/home/harry/ur3e_ws/src/install/ur3e_ros_action:/home/harry/ur3e_ws/install/ur3e_ros_action:/opt/ros/iron /usr/bin/cmake --build /home/harry/ur3e_ws/src/build/ur3e_ros_data -- -j8 -l8
[0.252s] DEBUG:colcon.colcon_core.event_handler.log_command:Invoking command in '/home/harry/ur3e_ws/src/build/ur3e_moveit_config': CMAKE_PREFIX_PATH=${CMAKE_PREFIX_PATH}:/home/harry/ur3e_ws/src/install/ur3e_ros_action:/home/harry/ur3e_ws/install/ur3e_ros_action:/opt/ros/iron /usr/bin/cmake --build /home/harry/ur3e_ws/src/build/ur3e_moveit_config -- -j8 -l8
[0.255s] DEBUG:colcon.colcon_core.event_handler.log_command:Invoking command in '/home/harry/ur3e_ws/src/build/ur3e_gazebo_sim': CMAKE_PREFIX_PATH=${CMAKE_PREFIX_PATH}:/home/harry/ur3e_ws/src/install/ur3e_ros_action:/home/harry/ur3e_ws/install/ur3e_ros_action:/opt/ros/iron /usr/bin/cmake --build /home/harry/ur3e_ws/src/build/ur3e_gazebo_sim -- -j8 -l8
[0.440s] INFO:colcon.colcon_core.task.python.build:Building Python package in '/home/harry/ur3e_ws/src/ur3e_ros_action'
[0.440s] INFO:colcon.colcon_core.shell:Skip shell extension 'powershell' for command environment: Not usable outside of PowerShell
[0.440s] DEBUG:colcon.colcon_core.shell:Skip shell extension 'dsv' for command environment
[0.446s] DEBUG:colcon.colcon_core.event_handler.log_command:Invoked command in '/home/harry/ur3e_ws/src/build/ur3e_gazebo_sim' returned '0': CMAKE_PREFIX_PATH=${CMAKE_PREFIX_PATH}:/home/harry/ur3e_ws/src/install/ur3e_ros_action:/home/harry/ur3e_ws/install/ur3e_ros_action:/opt/ros/iron /usr/bin/cmake --build /home/harry/ur3e_ws/src/build/ur3e_gazebo_sim -- -j8 -l8
[0.449s] DEBUG:colcon.colcon_core.event_handler.log_command:Invoking command in '/home/harry/ur3e_ws/src/build/ur_description': CMAKE_PREFIX_PATH=${CMAKE_PREFIX_PATH}:/home/harry/ur3e_ws/src/install/ur3e_ros_action:/home/harry/ur3e_ws/install/ur3e_ros_action:/opt/ros/iron /usr/bin/cmake --build /home/harry/ur3e_ws/src/build/ur_description -- -j8 -l8
[0.450s] DEBUG:colcon.colcon_core.event_handler.log_command:Invoked command in '/home/harry/ur3e_ws/src/build/ur3e_moveit_config' returned '0': CMAKE_PREFIX_PATH=${CMAKE_PREFIX_PATH}:/home/harry/ur3e_ws/src/install/ur3e_ros_action:/home/harry/ur3e_ws/install/ur3e_ros_action:/opt/ros/iron /usr/bin/cmake --build /home/harry/ur3e_ws/src/build/ur3e_moveit_config -- -j8 -l8
[0.470s] DEBUG:colcon.colcon_core.event_handler.log_command:Invoking command in '/home/harry/ur3e_ws/src/build/ur3e_gazebo_sim': CMAKE_PREFIX_PATH=${CMAKE_PREFIX_PATH}:/home/harry/ur3e_ws/src/install/ur3e_ros_action:/home/harry/ur3e_ws/install/ur3e_ros_action:/opt/ros/iron /usr/bin/cmake --install /home/harry/ur3e_ws/src/build/ur3e_gazebo_sim
[0.473s] DEBUG:colcon.colcon_core.event_handler.log_command:Invoking command in '/home/harry/ur3e_ws/src/build/ur3e_moveit_config': CMAKE_PREFIX_PATH=${CMAKE_PREFIX_PATH}:/home/harry/ur3e_ws/src/install/ur3e_ros_action:/home/harry/ur3e_ws/install/ur3e_ros_action:/opt/ros/iron /usr/bin/cmake --install /home/harry/ur3e_ws/src/build/ur3e_moveit_config
[0.482s] DEBUG:colcon.colcon_core.event_handler.log_command:Invoked command in '/home/harry/ur3e_ws/src/build/ur_description' returned '0': CMAKE_PREFIX_PATH=${CMAKE_PREFIX_PATH}:/home/harry/ur3e_ws/src/install/ur3e_ros_action:/home/harry/ur3e_ws/install/ur3e_ros_action:/opt/ros/iron /usr/bin/cmake --build /home/harry/ur3e_ws/src/build/ur_description -- -j8 -l8
[0.483s] Level 1:colcon.colcon_core.environment:create_environment_scripts_only(ur3e_gazebo_sim)
[0.484s] DEBUG:colcon.colcon_core.event_handler.log_command:Invoked command in '/home/harry/ur3e_ws/src/build/ur3e_gazebo_sim' returned '0': CMAKE_PREFIX_PATH=${CMAKE_PREFIX_PATH}:/home/harry/ur3e_ws/src/install/ur3e_ros_action:/home/harry/ur3e_ws/install/ur3e_ros_action:/opt/ros/iron /usr/bin/cmake --install /home/harry/ur3e_ws/src/build/ur3e_gazebo_sim
[0.486s] Level 1:colcon.colcon_core.environment:checking '/home/harry/ur3e_ws/src/install/ur3e_gazebo_sim' for CMake module files
[0.486s] Level 1:colcon.colcon_core.environment:checking '/home/harry/ur3e_ws/src/install/ur3e_gazebo_sim' for CMake config files
[0.487s] Level 1:colcon.colcon_core.shell:create_environment_hook('ur3e_gazebo_sim', 'cmake_prefix_path')
[0.487s] INFO:colcon.colcon_core.shell:Creating environment hook '/home/harry/ur3e_ws/src/install/ur3e_gazebo_sim/share/ur3e_gazebo_sim/hook/cmake_prefix_path.ps1'
[0.487s] INFO:colcon.colcon_core.shell:Creating environment descriptor '/home/harry/ur3e_ws/src/install/ur3e_gazebo_sim/share/ur3e_gazebo_sim/hook/cmake_prefix_path.dsv'
[0.488s] INFO:colcon.colcon_core.shell:Creating environment hook '/home/harry/ur3e_ws/src/install/ur3e_gazebo_sim/share/ur3e_gazebo_sim/hook/cmake_prefix_path.sh'
[0.488s] Level 1:colcon.colcon_core.environment:checking '/home/harry/ur3e_ws/src/install/ur3e_gazebo_sim/bin'
[0.488s] Level 1:colcon.colcon_core.environment:checking '/home/harry/ur3e_ws/src/install/ur3e_gazebo_sim/lib/pkgconfig/ur3e_gazebo_sim.pc'
[0.489s] Level 1:colcon.colcon_core.environment:checking '/home/harry/ur3e_ws/src/install/ur3e_gazebo_sim/lib/python3.10/site-packages'
[0.489s] Level 1:colcon.colcon_core.environment:checking '/home/harry/ur3e_ws/src/install/ur3e_gazebo_sim/bin'
[0.489s] INFO:colcon.colcon_core.shell:Creating package script '/home/harry/ur3e_ws/src/install/ur3e_gazebo_sim/share/ur3e_gazebo_sim/package.ps1'
[0.491s] INFO:colcon.colcon_core.shell:Creating package descriptor '/home/harry/ur3e_ws/src/install/ur3e_gazebo_sim/share/ur3e_gazebo_sim/package.dsv'
[0.491s] INFO:colcon.colcon_core.shell:Creating package script '/home/harry/ur3e_ws/src/install/ur3e_gazebo_sim/share/ur3e_gazebo_sim/package.sh'
[0.492s] INFO:colcon.colcon_core.shell:Creating package script '/home/harry/ur3e_ws/src/install/ur3e_gazebo_sim/share/ur3e_gazebo_sim/package.bash'
[0.493s] INFO:colcon.colcon_core.shell:Creating package script '/home/harry/ur3e_ws/src/install/ur3e_gazebo_sim/share/ur3e_gazebo_sim/package.zsh'
[0.493s] Level 1:colcon.colcon_core.environment:create_file_with_runtime_dependencies(/home/harry/ur3e_ws/src/install/ur3e_gazebo_sim/share/colcon-core/packages/ur3e_gazebo_sim)
[0.495s] Level 1:colcon.colcon_core.environment:create_environment_scripts_only(ur3e_moveit_config)
[0.495s] Level 1:colcon.colcon_core.environment:checking '/home/harry/ur3e_ws/src/install/ur3e_moveit_config' for CMake module files
[0.495s] DEBUG:colcon.colcon_core.event_handler.log_command:Invoked command in '/home/harry/ur3e_ws/src/build/ur3e_moveit_config' returned '0': CMAKE_PREFIX_PATH=${CMAKE_PREFIX_PATH}:/home/harry/ur3e_ws/src/install/ur3e_ros_action:/home/harry/ur3e_ws/install/ur3e_ros_action:/opt/ros/iron /usr/bin/cmake --install /home/harry/ur3e_ws/src/build/ur3e_moveit_config
[0.496s] Level 1:colcon.colcon_core.environment:checking '/home/harry/ur3e_ws/src/install/ur3e_moveit_config' for CMake config files
[0.496s] Level 1:colcon.colcon_core.shell:create_environment_hook('ur3e_moveit_config', 'cmake_prefix_path')
[0.496s] INFO:colcon.colcon_core.shell:Creating environment hook '/home/harry/ur3e_ws/src/install/ur3e_moveit_config/share/ur3e_moveit_config/hook/cmake_prefix_path.ps1'
[0.496s] INFO:colcon.colcon_core.shell:Creating environment descriptor '/home/harry/ur3e_ws/src/install/ur3e_moveit_config/share/ur3e_moveit_config/hook/cmake_prefix_path.dsv'
[0.497s] INFO:colcon.colcon_core.shell:Creating environment hook '/home/harry/ur3e_ws/src/install/ur3e_moveit_config/share/ur3e_moveit_config/hook/cmake_prefix_path.sh'
[0.497s] Level 1:colcon.colcon_core.environment:checking '/home/harry/ur3e_ws/src/install/ur3e_moveit_config/bin'
[0.497s] Level 1:colcon.colcon_core.environment:checking '/home/harry/ur3e_ws/src/install/ur3e_moveit_config/lib/pkgconfig/ur3e_moveit_config.pc'
[0.497s] Level 1:colcon.colcon_core.environment:checking '/home/harry/ur3e_ws/src/install/ur3e_moveit_config/lib/python3.10/site-packages'
[0.498s] Level 1:colcon.colcon_core.environment:checking '/home/harry/ur3e_ws/src/install/ur3e_moveit_config/bin'
[0.498s] INFO:colcon.colcon_core.shell:Creating package script '/home/harry/ur3e_ws/src/install/ur3e_moveit_config/share/ur3e_moveit_config/package.ps1'
[0.498s] INFO:colcon.colcon_core.shell:Creating package descriptor '/home/harry/ur3e_ws/src/install/ur3e_moveit_config/share/ur3e_moveit_config/package.dsv'
[0.499s] INFO:colcon.colcon_core.shell:Creating package script '/home/harry/ur3e_ws/src/install/ur3e_moveit_config/share/ur3e_moveit_config/package.sh'
[0.499s] INFO:colcon.colcon_core.shell:Creating package script '/home/harry/ur3e_ws/src/install/ur3e_moveit_config/share/ur3e_moveit_config/package.bash'
[0.499s] INFO:colcon.colcon_core.shell:Creating package script '/home/harry/ur3e_ws/src/install/ur3e_moveit_config/share/ur3e_moveit_config/package.zsh'
[0.499s] Level 1:colcon.colcon_core.environment:create_file_with_runtime_dependencies(/home/harry/ur3e_ws/src/install/ur3e_moveit_config/share/colcon-core/packages/ur3e_moveit_config)
[0.502s] DEBUG:colcon.colcon_core.event_handler.log_command:Invoking command in '/home/harry/ur3e_ws/src/build/ur_description': CMAKE_PREFIX_PATH=${CMAKE_PREFIX_PATH}:/home/harry/ur3e_ws/src/install/ur3e_ros_action:/home/harry/ur3e_ws/install/ur3e_ros_action:/opt/ros/iron /usr/bin/cmake --install /home/harry/ur3e_ws/src/build/ur_description
[0.510s] Level 1:colcon.colcon_core.environment:create_environment_scripts_only(ur3e_gazebo_sim)
[0.510s] Level 1:colcon.colcon_core.environment:checking '/home/harry/ur3e_ws/src/install/ur3e_gazebo_sim' for CMake module files
[0.512s] Level 1:colcon.colcon_core.environment:checking '/home/harry/ur3e_ws/src/install/ur3e_gazebo_sim' for CMake config files
[0.513s] Level 1:colcon.colcon_core.shell:create_environment_hook('ur3e_gazebo_sim', 'cmake_prefix_path')
[0.514s] INFO:colcon.colcon_core.shell:Creating environment hook '/home/harry/ur3e_ws/src/install/ur3e_gazebo_sim/share/ur3e_gazebo_sim/hook/cmake_prefix_path.ps1'
[0.514s] INFO:colcon.colcon_core.shell:Creating environment descriptor '/home/harry/ur3e_ws/src/install/ur3e_gazebo_sim/share/ur3e_gazebo_sim/hook/cmake_prefix_path.dsv'
[0.514s] INFO:colcon.colcon_core.shell:Creating environment hook '/home/harry/ur3e_ws/src/install/ur3e_gazebo_sim/share/ur3e_gazebo_sim/hook/cmake_prefix_path.sh'
[0.515s] Level 1:colcon.colcon_core.environment:checking '/home/harry/ur3e_ws/src/install/ur3e_gazebo_sim/bin'
[0.515s] Level 1:colcon.colcon_core.environment:checking '/home/harry/ur3e_ws/src/install/ur3e_gazebo_sim/lib/pkgconfig/ur3e_gazebo_sim.pc'
[0.515s] Level 1:colcon.colcon_core.environment:checking '/home/harry/ur3e_ws/src/install/ur3e_gazebo_sim/lib/python3.10/site-packages'
[0.515s] Level 1:colcon.colcon_core.environment:checking '/home/harry/ur3e_ws/src/install/ur3e_gazebo_sim/bin'
[0.516s] INFO:colcon.colcon_core.shell:Creating package script '/home/harry/ur3e_ws/src/install/ur3e_gazebo_sim/share/ur3e_gazebo_sim/package.ps1'
[0.516s] INFO:colcon.colcon_core.shell:Creating package descriptor '/home/harry/ur3e_ws/src/install/ur3e_gazebo_sim/share/ur3e_gazebo_sim/package.dsv'
[0.517s] INFO:colcon.colcon_core.shell:Creating package script '/home/harry/ur3e_ws/src/install/ur3e_gazebo_sim/share/ur3e_gazebo_sim/package.sh'
[0.517s] INFO:colcon.colcon_core.shell:Creating package script '/home/harry/ur3e_ws/src/install/ur3e_gazebo_sim/share/ur3e_gazebo_sim/package.bash'
[0.517s] INFO:colcon.colcon_core.shell:Creating package script '/home/harry/ur3e_ws/src/install/ur3e_gazebo_sim/share/ur3e_gazebo_sim/package.zsh'
[0.518s] Level 1:colcon.colcon_core.environment:create_file_with_runtime_dependencies(/home/harry/ur3e_ws/src/install/ur3e_gazebo_sim/share/colcon-core/packages/ur3e_gazebo_sim)
[0.519s] Level 1:colcon.colcon_core.environment:create_environment_scripts_only(ur3e_moveit_config)
[0.519s] Level 1:colcon.colcon_core.environment:checking '/home/harry/ur3e_ws/src/install/ur3e_moveit_config' for CMake module files
[0.520s] Level 1:colcon.colcon_core.environment:checking '/home/harry/ur3e_ws/src/install/ur3e_moveit_config' for CMake config files
[0.520s] Level 1:colcon.colcon_core.shell:create_environment_hook('ur3e_moveit_config', 'cmake_prefix_path')
[0.520s] INFO:colcon.colcon_core.shell:Creating environment hook '/home/harry/ur3e_ws/src/install/ur3e_moveit_config/share/ur3e_moveit_config/hook/cmake_prefix_path.ps1'
[0.521s] INFO:colcon.colcon_core.shell:Creating environment descriptor '/home/harry/ur3e_ws/src/install/ur3e_moveit_config/share/ur3e_moveit_config/hook/cmake_prefix_path.dsv'
[0.521s] INFO:colcon.colcon_core.shell:Creating environment hook '/home/harry/ur3e_ws/src/install/ur3e_moveit_config/share/ur3e_moveit_config/hook/cmake_prefix_path.sh'
[0.522s] Level 1:colcon.colcon_core.environment:checking '/home/harry/ur3e_ws/src/install/ur3e_moveit_config/bin'
[0.522s] Level 1:colcon.colcon_core.environment:checking '/home/harry/ur3e_ws/src/install/ur3e_moveit_config/lib/pkgconfig/ur3e_moveit_config.pc'
[0.522s] Level 1:colcon.colcon_core.environment:checking '/home/harry/ur3e_ws/src/install/ur3e_moveit_config/lib/python3.10/site-packages'
[0.522s] Level 1:colcon.colcon_core.environment:checking '/home/harry/ur3e_ws/src/install/ur3e_moveit_config/bin'
[0.522s] INFO:colcon.colcon_core.shell:Creating package script '/home/harry/ur3e_ws/src/install/ur3e_moveit_config/share/ur3e_moveit_config/package.ps1'
[0.523s] INFO:colcon.colcon_core.shell:Creating package descriptor '/home/harry/ur3e_ws/src/install/ur3e_moveit_config/share/ur3e_moveit_config/package.dsv'
[0.523s] INFO:colcon.colcon_core.shell:Creating package script '/home/harry/ur3e_ws/src/install/ur3e_moveit_config/share/ur3e_moveit_config/package.sh'
[0.524s] INFO:colcon.colcon_core.shell:Creating package script '/home/harry/ur3e_ws/src/install/ur3e_moveit_config/share/ur3e_moveit_config/package.bash'
[0.524s] INFO:colcon.colcon_core.shell:Creating package script '/home/harry/ur3e_ws/src/install/ur3e_moveit_config/share/ur3e_moveit_config/package.zsh'
[0.524s] Level 1:colcon.colcon_core.environment:create_file_with_runtime_dependencies(/home/harry/ur3e_ws/src/install/ur3e_moveit_config/share/colcon-core/packages/ur3e_moveit_config)
[0.525s] INFO:colcon.colcon_ros.task.ament_cmake.build:Building ROS package in '/home/harry/ur3e_ws/src/ur3e_new_moveit_config' with build type 'ament_cmake'
[0.525s] INFO:colcon.colcon_cmake.task.cmake.build:Building CMake package in '/home/harry/ur3e_ws/src/ur3e_new_moveit_config'
[0.526s] INFO:colcon.colcon_core.shell:Skip shell extension 'powershell' for command environment: Not usable outside of PowerShell
[0.526s] DEBUG:colcon.colcon_core.shell:Skip shell extension 'dsv' for command environment
[0.537s] Level 1:colcon.colcon_core.environment:create_environment_scripts_only(ur_description)
[0.537s] Level 1:colcon.colcon_core.environment:checking '/home/harry/ur3e_ws/src/install/ur_description' for CMake module files
[0.538s] Level 1:colcon.colcon_core.environment:checking '/home/harry/ur3e_ws/src/install/ur_description' for CMake config files
[0.538s] Level 1:colcon.colcon_core.shell:create_environment_hook('ur_description', 'cmake_prefix_path')
[0.539s] INFO:colcon.colcon_core.shell:Creating environment hook '/home/harry/ur3e_ws/src/install/ur_description/share/ur_description/hook/cmake_prefix_path.ps1'
[0.541s] INFO:colcon.colcon_core.shell:Creating environment descriptor '/home/harry/ur3e_ws/src/install/ur_description/share/ur_description/hook/cmake_prefix_path.dsv'
[0.542s] DEBUG:colcon.colcon_core.event_handler.log_command:Invoked command in '/home/harry/ur3e_ws/src/build/ur3e_ros_data' returned '0': CMAKE_PREFIX_PATH=${CMAKE_PREFIX_PATH}:/home/harry/ur3e_ws/src/install/ur3e_ros_action:/home/harry/ur3e_ws/install/ur3e_ros_action:/opt/ros/iron /usr/bin/cmake --build /home/harry/ur3e_ws/src/build/ur3e_ros_data -- -j8 -l8
[0.542s] DEBUG:colcon.colcon_core.event_handler.log_command:Invoked command in '/home/harry/ur3e_ws/src/build/ur_description' returned '0': CMAKE_PREFIX_PATH=${CMAKE_PREFIX_PATH}:/home/harry/ur3e_ws/src/install/ur3e_ros_action:/home/harry/ur3e_ws/install/ur3e_ros_action:/opt/ros/iron /usr/bin/cmake --install /home/harry/ur3e_ws/src/build/ur_description
[0.542s] INFO:colcon.colcon_core.shell:Creating environment hook '/home/harry/ur3e_ws/src/install/ur_description/share/ur_description/hook/cmake_prefix_path.sh'
[0.543s] Level 1:colcon.colcon_core.environment:checking '/home/harry/ur3e_ws/src/install/ur_description/bin'
[0.543s] Level 1:colcon.colcon_core.environment:checking '/home/harry/ur3e_ws/src/install/ur_description/lib/pkgconfig/ur_description.pc'
[0.543s] Level 1:colcon.colcon_core.environment:checking '/home/harry/ur3e_ws/src/install/ur_description/lib/python3.10/site-packages'
[0.543s] Level 1:colcon.colcon_core.environment:checking '/home/harry/ur3e_ws/src/install/ur_description/bin'
[0.544s] INFO:colcon.colcon_core.shell:Creating package script '/home/harry/ur3e_ws/src/install/ur_description/share/ur_description/package.ps1'
[0.544s] INFO:colcon.colcon_core.shell:Creating package descriptor '/home/harry/ur3e_ws/src/install/ur_description/share/ur_description/package.dsv'
[0.544s] INFO:colcon.colcon_core.shell:Creating package script '/home/harry/ur3e_ws/src/install/ur_description/share/ur_description/package.sh'
[0.545s] INFO:colcon.colcon_core.shell:Creating package script '/home/harry/ur3e_ws/src/install/ur_description/share/ur_description/package.bash'
[0.545s] INFO:colcon.colcon_core.shell:Creating package script '/home/harry/ur3e_ws/src/install/ur_description/share/ur_description/package.zsh'
[0.545s] Level 1:colcon.colcon_core.environment:create_file_with_runtime_dependencies(/home/harry/ur3e_ws/src/install/ur_description/share/colcon-core/packages/ur_description)
[0.548s] DEBUG:colcon.colcon_core.event_handler.log_command:Invoking command in '/home/harry/ur3e_ws/src/build/ur3e_new_moveit_config': CMAKE_PREFIX_PATH=${CMAKE_PREFIX_PATH}:/home/harry/ur3e_ws/src/install/ur3e_ros_action:/home/harry/ur3e_ws/install/ur3e_ros_action:/opt/ros/iron /usr/bin/cmake /home/harry/ur3e_ws/src/ur3e_new_moveit_config -DCMAKE_INSTALL_PREFIX=/home/harry/ur3e_ws/src/install/ur3e_new_moveit_config
[0.564s] Level 1:colcon.colcon_core.environment:create_environment_scripts_only(ur_description)
[0.564s] Level 1:colcon.colcon_core.environment:checking '/home/harry/ur3e_ws/src/install/ur_description' for CMake module files
[0.564s] Level 1:colcon.colcon_core.environment:checking '/home/harry/ur3e_ws/src/install/ur_description' for CMake config files
[0.565s] Level 1:colcon.colcon_core.shell:create_environment_hook('ur_description', 'cmake_prefix_path')
[0.565s] INFO:colcon.colcon_core.shell:Creating environment hook '/home/harry/ur3e_ws/src/install/ur_description/share/ur_description/hook/cmake_prefix_path.ps1'
[0.565s] INFO:colcon.colcon_core.shell:Creating environment descriptor '/home/harry/ur3e_ws/src/install/ur_description/share/ur_description/hook/cmake_prefix_path.dsv'
[0.565s] INFO:colcon.colcon_core.shell:Creating environment hook '/home/harry/ur3e_ws/src/install/ur_description/share/ur_description/hook/cmake_prefix_path.sh'
[0.566s] Level 1:colcon.colcon_core.environment:checking '/home/harry/ur3e_ws/src/install/ur_description/bin'
[0.566s] Level 1:colcon.colcon_core.environment:checking '/home/harry/ur3e_ws/src/install/ur_description/lib/pkgconfig/ur_description.pc'
[0.566s] Level 1:colcon.colcon_core.environment:checking '/home/harry/ur3e_ws/src/install/ur_description/lib/python3.10/site-packages'
[0.566s] Level 1:colcon.colcon_core.environment:checking '/home/harry/ur3e_ws/src/install/ur_description/bin'
[0.566s] INFO:colcon.colcon_core.shell:Creating package script '/home/harry/ur3e_ws/src/install/ur_description/share/ur_description/package.ps1'
[0.567s] INFO:colcon.colcon_core.shell:Creating package descriptor '/home/harry/ur3e_ws/src/install/ur_description/share/ur_description/package.dsv'
[0.567s] INFO:colcon.colcon_core.shell:Creating package script '/home/harry/ur3e_ws/src/install/ur_description/share/ur_description/package.sh'
[0.567s] INFO:colcon.colcon_core.shell:Creating package script '/home/harry/ur3e_ws/src/install/ur_description/share/ur_description/package.bash'
[0.568s] INFO:colcon.colcon_core.shell:Creating package script '/home/harry/ur3e_ws/src/install/ur_description/share/ur_description/package.zsh'
[0.568s] Level 1:colcon.colcon_core.environment:create_file_with_runtime_dependencies(/home/harry/ur3e_ws/src/install/ur_description/share/colcon-core/packages/ur_description)
[0.590s] DEBUG:colcon.colcon_core.event_handler.log_command:Invoking command in '/home/harry/ur3e_ws/src/build/ur3e_ros_data': CMAKE_PREFIX_PATH=${CMAKE_PREFIX_PATH}:/home/harry/ur3e_ws/src/install/ur3e_ros_action:/home/harry/ur3e_ws/install/ur3e_ros_action:/opt/ros/iron /usr/bin/cmake --install /home/harry/ur3e_ws/src/build/ur3e_ros_data
[0.630s] Level 1:colcon.colcon_core.environment:create_environment_scripts_only(ur3e_ros_data)
[0.630s] Level 1:colcon.colcon_core.environment:checking '/home/harry/ur3e_ws/src/install/ur3e_ros_data' for CMake module files
[0.631s] DEBUG:colcon.colcon_core.event_handler.log_command:Invoked command in '/home/harry/ur3e_ws/src/build/ur3e_ros_data' returned '0': CMAKE_PREFIX_PATH=${CMAKE_PREFIX_PATH}:/home/harry/ur3e_ws/src/install/ur3e_ros_action:/home/harry/ur3e_ws/install/ur3e_ros_action:/opt/ros/iron /usr/bin/cmake --install /home/harry/ur3e_ws/src/build/ur3e_ros_data
[0.631s] Level 1:colcon.colcon_core.environment:checking '/home/harry/ur3e_ws/src/install/ur3e_ros_data' for CMake config files
[0.631s] Level 1:colcon.colcon_core.shell:create_environment_hook('ur3e_ros_data', 'cmake_prefix_path')
[0.631s] INFO:colcon.colcon_core.shell:Creating environment hook '/home/harry/ur3e_ws/src/install/ur3e_ros_data/share/ur3e_ros_data/hook/cmake_prefix_path.ps1'
[0.632s] INFO:colcon.colcon_core.shell:Creating environment descriptor '/home/harry/ur3e_ws/src/install/ur3e_ros_data/share/ur3e_ros_data/hook/cmake_prefix_path.dsv'
[0.632s] INFO:colcon.colcon_core.shell:Creating environment hook '/home/harry/ur3e_ws/src/install/ur3e_ros_data/share/ur3e_ros_data/hook/cmake_prefix_path.sh'
[0.632s] Level 1:colcon.colcon_core.environment:checking '/home/harry/ur3e_ws/src/install/ur3e_ros_data/lib'
[0.632s] Level 1:colcon.colcon_core.shell:create_environment_hook('ur3e_ros_data', 'ld_library_path_lib')
[0.632s] INFO:colcon.colcon_core.shell:Creating environment hook '/home/harry/ur3e_ws/src/install/ur3e_ros_data/share/ur3e_ros_data/hook/ld_library_path_lib.ps1'
[0.633s] INFO:colcon.colcon_core.shell:Creating environment descriptor '/home/harry/ur3e_ws/src/install/ur3e_ros_data/share/ur3e_ros_data/hook/ld_library_path_lib.dsv'
[0.633s] INFO:colcon.colcon_core.shell:Creating environment hook '/home/harry/ur3e_ws/src/install/ur3e_ros_data/share/ur3e_ros_data/hook/ld_library_path_lib.sh'
[0.633s] Level 1:colcon.colcon_core.environment:checking '/home/harry/ur3e_ws/src/install/ur3e_ros_data/bin'
[0.633s] Level 1:colcon.colcon_core.environment:checking '/home/harry/ur3e_ws/src/install/ur3e_ros_data/lib/pkgconfig/ur3e_ros_data.pc'
[0.633s] Level 1:colcon.colcon_core.environment:checking '/home/harry/ur3e_ws/src/install/ur3e_ros_data/lib/python3.10/site-packages'
[0.633s] Level 1:colcon.colcon_core.shell:create_environment_hook('ur3e_ros_data', 'pythonpath')
[0.633s] INFO:colcon.colcon_core.shell:Creating environment hook '/home/harry/ur3e_ws/src/install/ur3e_ros_data/share/ur3e_ros_data/hook/pythonpath.ps1'
[0.634s] INFO:colcon.colcon_core.shell:Creating environment descriptor '/home/harry/ur3e_ws/src/install/ur3e_ros_data/share/ur3e_ros_data/hook/pythonpath.dsv'
[0.634s] INFO:colcon.colcon_core.shell:Creating environment hook '/home/harry/ur3e_ws/src/install/ur3e_ros_data/share/ur3e_ros_data/hook/pythonpath.sh'
[0.634s] Level 1:colcon.colcon_core.environment:checking '/home/harry/ur3e_ws/src/install/ur3e_ros_data/bin'
[0.634s] INFO:colcon.colcon_core.shell:Creating package script '/home/harry/ur3e_ws/src/install/ur3e_ros_data/share/ur3e_ros_data/package.ps1'
[0.635s] INFO:colcon.colcon_core.shell:Creating package descriptor '/home/harry/ur3e_ws/src/install/ur3e_ros_data/share/ur3e_ros_data/package.dsv'
[0.635s] INFO:colcon.colcon_core.shell:Creating package script '/home/harry/ur3e_ws/src/install/ur3e_ros_data/share/ur3e_ros_data/package.sh'
[0.636s] INFO:colcon.colcon_core.shell:Creating package script '/home/harry/ur3e_ws/src/install/ur3e_ros_data/share/ur3e_ros_data/package.bash'
[0.636s] INFO:colcon.colcon_core.shell:Creating package script '/home/harry/ur3e_ws/src/install/ur3e_ros_data/share/ur3e_ros_data/package.zsh'
[0.636s] Level 1:colcon.colcon_core.environment:create_file_with_runtime_dependencies(/home/harry/ur3e_ws/src/install/ur3e_ros_data/share/colcon-core/packages/ur3e_ros_data)
[0.705s] Level 1:colcon.colcon_core.environment:create_environment_scripts_only(ur3e_ros_data)
[0.705s] Level 1:colcon.colcon_core.environment:checking '/home/harry/ur3e_ws/src/install/ur3e_ros_data' for CMake module files
[0.705s] Level 1:colcon.colcon_core.environment:checking '/home/harry/ur3e_ws/src/install/ur3e_ros_data' for CMake config files
[0.706s] Level 1:colcon.colcon_core.shell:create_environment_hook('ur3e_ros_data', 'cmake_prefix_path')
[0.706s] INFO:colcon.colcon_core.shell:Creating environment hook '/home/harry/ur3e_ws/src/install/ur3e_ros_data/share/ur3e_ros_data/hook/cmake_prefix_path.ps1'
[0.706s] INFO:colcon.colcon_core.shell:Creating environment descriptor '/home/harry/ur3e_ws/src/install/ur3e_ros_data/share/ur3e_ros_data/hook/cmake_prefix_path.dsv'
[0.706s] INFO:colcon.colcon_core.shell:Creating environment hook '/home/harry/ur3e_ws/src/install/ur3e_ros_data/share/ur3e_ros_data/hook/cmake_prefix_path.sh'
[0.707s] Level 1:colcon.colcon_core.environment:checking '/home/harry/ur3e_ws/src/install/ur3e_ros_data/lib'
[0.707s] Level 1:colcon.colcon_core.shell:create_environment_hook('ur3e_ros_data', 'ld_library_path_lib')
[0.707s] INFO:colcon.colcon_core.shell:Creating environment hook '/home/harry/ur3e_ws/src/install/ur3e_ros_data/share/ur3e_ros_data/hook/ld_library_path_lib.ps1'
[0.707s] INFO:colcon.colcon_core.shell:Creating environment descriptor '/home/harry/ur3e_ws/src/install/ur3e_ros_data/share/ur3e_ros_data/hook/ld_library_path_lib.dsv'
[0.707s] INFO:colcon.colcon_core.shell:Creating environment hook '/home/harry/ur3e_ws/src/install/ur3e_ros_data/share/ur3e_ros_data/hook/ld_library_path_lib.sh'
[0.708s] Level 1:colcon.colcon_core.environment:checking '/home/harry/ur3e_ws/src/install/ur3e_ros_data/bin'
[0.708s] Level 1:colcon.colcon_core.environment:checking '/home/harry/ur3e_ws/src/install/ur3e_ros_data/lib/pkgconfig/ur3e_ros_data.pc'
[0.708s] Level 1:colcon.colcon_core.environment:checking '/home/harry/ur3e_ws/src/install/ur3e_ros_data/lib/python3.10/site-packages'
[0.708s] Level 1:colcon.colcon_core.shell:create_environment_hook('ur3e_ros_data', 'pythonpath')
[0.708s] INFO:colcon.colcon_core.shell:Creating environment hook '/home/harry/ur3e_ws/src/install/ur3e_ros_data/share/ur3e_ros_data/hook/pythonpath.ps1'
[0.709s] INFO:colcon.colcon_core.shell:Creating environment descriptor '/home/harry/ur3e_ws/src/install/ur3e_ros_data/share/ur3e_ros_data/hook/pythonpath.dsv'
[0.709s] INFO:colcon.colcon_core.shell:Creating environment hook '/home/harry/ur3e_ws/src/install/ur3e_ros_data/share/ur3e_ros_data/hook/pythonpath.sh'
[0.709s] Level 1:colcon.colcon_core.environment:checking '/home/harry/ur3e_ws/src/install/ur3e_ros_data/bin'
[0.709s] INFO:colcon.colcon_core.shell:Creating package script '/home/harry/ur3e_ws/src/install/ur3e_ros_data/share/ur3e_ros_data/package.ps1'
[0.710s] INFO:colcon.colcon_core.shell:Creating package descriptor '/home/harry/ur3e_ws/src/install/ur3e_ros_data/share/ur3e_ros_data/package.dsv'
[0.710s] INFO:colcon.colcon_core.shell:Creating package script '/home/harry/ur3e_ws/src/install/ur3e_ros_data/share/ur3e_ros_data/package.sh'
[0.710s] INFO:colcon.colcon_core.shell:Creating package script '/home/harry/ur3e_ws/src/install/ur3e_ros_data/share/ur3e_ros_data/package.bash'
[0.710s] INFO:colcon.colcon_core.shell:Creating package script '/home/harry/ur3e_ws/src/install/ur3e_ros_data/share/ur3e_ros_data/package.zsh'
[0.711s] Level 1:colcon.colcon_core.environment:create_file_with_runtime_dependencies(/home/harry/ur3e_ws/src/install/ur3e_ros_data/share/colcon-core/packages/ur3e_ros_data)
[0.711s] INFO:colcon.colcon_ros.task.ament_cmake.build:Building ROS package in '/home/harry/ur3e_ws/src/ur3e_moveit' with build type 'ament_cmake'
[0.711s] INFO:colcon.colcon_cmake.task.cmake.build:Building CMake package in '/home/harry/ur3e_ws/src/ur3e_moveit'
[0.711s] INFO:colcon.colcon_core.shell:Skip shell extension 'powershell' for command environment: Not usable outside of PowerShell
[0.711s] DEBUG:colcon.colcon_core.shell:Skip shell extension 'dsv' for command environment
[0.714s] INFO:colcon.colcon_ros.task.ament_cmake.build:Building ROS package in '/home/harry/ur3e_ws/src/ur3e_ros_action_cpp' with build type 'ament_cmake'
[0.715s] INFO:colcon.colcon_cmake.task.cmake.build:Building CMake package in '/home/harry/ur3e_ws/src/ur3e_ros_action_cpp'
[0.715s] INFO:colcon.colcon_core.shell:Skip shell extension 'powershell' for command environment: Not usable outside of PowerShell
[0.715s] DEBUG:colcon.colcon_core.shell:Skip shell extension 'dsv' for command environment
[0.723s] DEBUG:colcon.colcon_core.event_handler.log_command:Invoking command in '/home/harry/ur3e_ws/src/build/ur3e_moveit': CMAKE_PREFIX_PATH=/home/harry/ur3e_ws/src/install/ur3e_ros_data:/home/harry/ur3e_ws/src/install/ur3e_moveit_config:/home/harry/ur3e_ws/src/install/ur_description:/home/harry/ur3e_ws/src/install/ur3e_ros_action_cpp:/home/harry/ur3e_ws/src/install/ur3e_moveit:/home/harry/ur3e_ws/src/install/ur3e_gazebo_sim:/home/harry/ur3e_ws/install/ur_moveit_config:/home/harry/ur3e_ws/install/ur_dashboard_msgs:/home/harry/ur3e_ws/install/ur_description:/home/harry/ur3e_ws/install/ur3e_ros_action_cpp:/home/harry/ur3e_ws/install/ur3e_moveit:/home/harry/ur3e_ws/install/ur3e_ros_data:/home/harry/ur3e_ws/install/ur3e_gazebo_sim:/home/harry/ur3e_ws/src/install/ur3e_ros_action:/home/harry/ur3e_ws/install/ur3e_ros_action:/opt/ros/iron /usr/bin/cmake --build /home/harry/ur3e_ws/src/build/ur3e_moveit -- -j8 -l8
[0.725s] DEBUG:colcon.colcon_core.event_handler.log_command:Invoking command in '/home/harry/ur3e_ws/src/build/ur3e_ros_action_cpp': CMAKE_PREFIX_PATH=/home/harry/ur3e_ws/src/install/ur3e_ros_data:/home/harry/ur3e_ws/src/install/ur3e_moveit_config:/home/harry/ur3e_ws/src/install/ur_description:/home/harry/ur3e_ws/src/install/ur3e_ros_action_cpp:/home/harry/ur3e_ws/src/install/ur3e_moveit:/home/harry/ur3e_ws/src/install/ur3e_gazebo_sim:/home/harry/ur3e_ws/install/ur_moveit_config:/home/harry/ur3e_ws/install/ur_dashboard_msgs:/home/harry/ur3e_ws/install/ur_description:/home/harry/ur3e_ws/install/ur3e_ros_action_cpp:/home/harry/ur3e_ws/install/ur3e_moveit:/home/harry/ur3e_ws/install/ur3e_ros_data:/home/harry/ur3e_ws/install/ur3e_gazebo_sim:/home/harry/ur3e_ws/src/install/ur3e_ros_action:/home/harry/ur3e_ws/install/ur3e_ros_action:/opt/ros/iron /usr/bin/cmake --build /home/harry/ur3e_ws/src/build/ur3e_ros_action_cpp -- -j8 -l8
[0.753s] DEBUG:colcon.colcon_core.event_handler.log_command:Invoking command in '/home/harry/ur3e_ws/src/ur3e_ros_action': PYTHONPATH=/home/harry/ur3e_ws/src/build/ur3e_ros_action/prefix_override:/home/harry/ur3e_ws/src/install/ur3e_ros_action/lib/python3.10/site-packages:${PYTHONPATH} /usr/bin/python3 -W ignore:setup.py install is deprecated setup.py egg_info --egg-base ../build/ur3e_ros_action build --build-base /home/harry/ur3e_ws/src/build/ur3e_ros_action/build install --record /home/harry/ur3e_ws/src/build/ur3e_ros_action/install.log --single-version-externally-managed install_data
[0.753s] DEBUG:colcon.colcon_core.event_handler.log_command:Invoked command in '/home/harry/ur3e_ws/src/build/ur3e_moveit' returned '0': CMAKE_PREFIX_PATH=/home/harry/ur3e_ws/src/install/ur3e_ros_data:/home/harry/ur3e_ws/src/install/ur3e_moveit_config:/home/harry/ur3e_ws/src/install/ur_description:/home/harry/ur3e_ws/src/install/ur3e_ros_action_cpp:/home/harry/ur3e_ws/src/install/ur3e_moveit:/home/harry/ur3e_ws/src/install/ur3e_gazebo_sim:/home/harry/ur3e_ws/install/ur_moveit_config:/home/harry/ur3e_ws/install/ur_dashboard_msgs:/home/harry/ur3e_ws/install/ur_description:/home/harry/ur3e_ws/install/ur3e_ros_action_cpp:/home/harry/ur3e_ws/install/ur3e_moveit:/home/harry/ur3e_ws/install/ur3e_ros_data:/home/harry/ur3e_ws/install/ur3e_gazebo_sim:/home/harry/ur3e_ws/src/install/ur3e_ros_action:/home/harry/ur3e_ws/install/ur3e_ros_action:/opt/ros/iron /usr/bin/cmake --build /home/harry/ur3e_ws/src/build/ur3e_moveit -- -j8 -l8
[0.771s] DEBUG:colcon.colcon_core.event_handler.log_command:Invoking command in '/home/harry/ur3e_ws/src/build/ur3e_moveit': CMAKE_PREFIX_PATH=/home/harry/ur3e_ws/src/install/ur3e_ros_data:/home/harry/ur3e_ws/src/install/ur3e_moveit_config:/home/harry/ur3e_ws/src/install/ur_description:/home/harry/ur3e_ws/src/install/ur3e_ros_action_cpp:/home/harry/ur3e_ws/src/install/ur3e_moveit:/home/harry/ur3e_ws/src/install/ur3e_gazebo_sim:/home/harry/ur3e_ws/install/ur_moveit_config:/home/harry/ur3e_ws/install/ur_dashboard_msgs:/home/harry/ur3e_ws/install/ur_description:/home/harry/ur3e_ws/install/ur3e_ros_action_cpp:/home/harry/ur3e_ws/install/ur3e_moveit:/home/harry/ur3e_ws/install/ur3e_ros_data:/home/harry/ur3e_ws/install/ur3e_gazebo_sim:/home/harry/ur3e_ws/src/install/ur3e_ros_action:/home/harry/ur3e_ws/install/ur3e_ros_action:/opt/ros/iron /usr/bin/cmake --install /home/harry/ur3e_ws/src/build/ur3e_moveit
[0.778s] Level 1:colcon.colcon_core.environment:create_environment_scripts_only(ur3e_moveit)
[0.779s] Level 1:colcon.colcon_core.environment:checking '/home/harry/ur3e_ws/src/install/ur3e_moveit' for CMake module files
[0.779s] Level 1:colcon.colcon_core.environment:checking '/home/harry/ur3e_ws/src/install/ur3e_moveit' for CMake config files
[0.780s] Level 1:colcon.colcon_core.shell:create_environment_hook('ur3e_moveit', 'cmake_prefix_path')
[0.780s] INFO:colcon.colcon_core.shell:Creating environment hook '/home/harry/ur3e_ws/src/install/ur3e_moveit/share/ur3e_moveit/hook/cmake_prefix_path.ps1'
[0.781s] DEBUG:colcon.colcon_core.event_handler.log_command:Invoked command in '/home/harry/ur3e_ws/src/build/ur3e_moveit' returned '0': CMAKE_PREFIX_PATH=/home/harry/ur3e_ws/src/install/ur3e_ros_data:/home/harry/ur3e_ws/src/install/ur3e_moveit_config:/home/harry/ur3e_ws/src/install/ur_description:/home/harry/ur3e_ws/src/install/ur3e_ros_action_cpp:/home/harry/ur3e_ws/src/install/ur3e_moveit:/home/harry/ur3e_ws/src/install/ur3e_gazebo_sim:/home/harry/ur3e_ws/install/ur_moveit_config:/home/harry/ur3e_ws/install/ur_dashboard_msgs:/home/harry/ur3e_ws/install/ur_description:/home/harry/ur3e_ws/install/ur3e_ros_action_cpp:/home/harry/ur3e_ws/install/ur3e_moveit:/home/harry/ur3e_ws/install/ur3e_ros_data:/home/harry/ur3e_ws/install/ur3e_gazebo_sim:/home/harry/ur3e_ws/src/install/ur3e_ros_action:/home/harry/ur3e_ws/install/ur3e_ros_action:/opt/ros/iron /usr/bin/cmake --install /home/harry/ur3e_ws/src/build/ur3e_moveit
[0.781s] INFO:colcon.colcon_core.shell:Creating environment descriptor '/home/harry/ur3e_ws/src/install/ur3e_moveit/share/ur3e_moveit/hook/cmake_prefix_path.dsv'
[0.782s] INFO:colcon.colcon_core.shell:Creating environment hook '/home/harry/ur3e_ws/src/install/ur3e_moveit/share/ur3e_moveit/hook/cmake_prefix_path.sh'
[0.782s] Level 1:colcon.colcon_core.environment:checking '/home/harry/ur3e_ws/src/install/ur3e_moveit/bin'
[0.782s] Level 1:colcon.colcon_core.environment:checking '/home/harry/ur3e_ws/src/install/ur3e_moveit/lib/pkgconfig/ur3e_moveit.pc'
[0.782s] Level 1:colcon.colcon_core.environment:checking '/home/harry/ur3e_ws/src/install/ur3e_moveit/lib/python3.10/site-packages'
[0.783s] Level 1:colcon.colcon_core.environment:checking '/home/harry/ur3e_ws/src/install/ur3e_moveit/bin'
[0.783s] INFO:colcon.colcon_core.shell:Creating package script '/home/harry/ur3e_ws/src/install/ur3e_moveit/share/ur3e_moveit/package.ps1'
[0.783s] INFO:colcon.colcon_core.shell:Creating package descriptor '/home/harry/ur3e_ws/src/install/ur3e_moveit/share/ur3e_moveit/package.dsv'
[0.784s] INFO:colcon.colcon_core.shell:Creating package script '/home/harry/ur3e_ws/src/install/ur3e_moveit/share/ur3e_moveit/package.sh'
[0.784s] INFO:colcon.colcon_core.shell:Creating package script '/home/harry/ur3e_ws/src/install/ur3e_moveit/share/ur3e_moveit/package.bash'
[0.784s] INFO:colcon.colcon_core.shell:Creating package script '/home/harry/ur3e_ws/src/install/ur3e_moveit/share/ur3e_moveit/package.zsh'
[0.784s] Level 1:colcon.colcon_core.environment:create_file_with_runtime_dependencies(/home/harry/ur3e_ws/src/install/ur3e_moveit/share/colcon-core/packages/ur3e_moveit)
[0.789s] DEBUG:colcon.colcon_core.event_handler.log_command:Invoked command in '/home/harry/ur3e_ws/src/build/ur3e_ros_action_cpp' returned '0': CMAKE_PREFIX_PATH=/home/harry/ur3e_ws/src/install/ur3e_ros_data:/home/harry/ur3e_ws/src/install/ur3e_moveit_config:/home/harry/ur3e_ws/src/install/ur_description:/home/harry/ur3e_ws/src/install/ur3e_ros_action_cpp:/home/harry/ur3e_ws/src/install/ur3e_moveit:/home/harry/ur3e_ws/src/install/ur3e_gazebo_sim:/home/harry/ur3e_ws/install/ur_moveit_config:/home/harry/ur3e_ws/install/ur_dashboard_msgs:/home/harry/ur3e_ws/install/ur_description:/home/harry/ur3e_ws/install/ur3e_ros_action_cpp:/home/harry/ur3e_ws/install/ur3e_moveit:/home/harry/ur3e_ws/install/ur3e_ros_data:/home/harry/ur3e_ws/install/ur3e_gazebo_sim:/home/harry/ur3e_ws/src/install/ur3e_ros_action:/home/harry/ur3e_ws/install/ur3e_ros_action:/opt/ros/iron /usr/bin/cmake --build /home/harry/ur3e_ws/src/build/ur3e_ros_action_cpp -- -j8 -l8
[0.801s] Level 1:colcon.colcon_core.environment:create_environment_scripts_only(ur3e_moveit)
[0.801s] Level 1:colcon.colcon_core.environment:checking '/home/harry/ur3e_ws/src/install/ur3e_moveit' for CMake module files
[0.801s] Level 1:colcon.colcon_core.environment:checking '/home/harry/ur3e_ws/src/install/ur3e_moveit' for CMake config files
[0.801s] Level 1:colcon.colcon_core.shell:create_environment_hook('ur3e_moveit', 'cmake_prefix_path')
[0.801s] INFO:colcon.colcon_core.shell:Creating environment hook '/home/harry/ur3e_ws/src/install/ur3e_moveit/share/ur3e_moveit/hook/cmake_prefix_path.ps1'
[0.802s] INFO:colcon.colcon_core.shell:Creating environment descriptor '/home/harry/ur3e_ws/src/install/ur3e_moveit/share/ur3e_moveit/hook/cmake_prefix_path.dsv'
[0.802s] INFO:colcon.colcon_core.shell:Creating environment hook '/home/harry/ur3e_ws/src/install/ur3e_moveit/share/ur3e_moveit/hook/cmake_prefix_path.sh'
[0.803s] Level 1:colcon.colcon_core.environment:checking '/home/harry/ur3e_ws/src/install/ur3e_moveit/bin'
[0.803s] Level 1:colcon.colcon_core.environment:checking '/home/harry/ur3e_ws/src/install/ur3e_moveit/lib/pkgconfig/ur3e_moveit.pc'
[0.803s] Level 1:colcon.colcon_core.environment:checking '/home/harry/ur3e_ws/src/install/ur3e_moveit/lib/python3.10/site-packages'
[0.803s] Level 1:colcon.colcon_core.environment:checking '/home/harry/ur3e_ws/src/install/ur3e_moveit/bin'
[0.803s] INFO:colcon.colcon_core.shell:Creating package script '/home/harry/ur3e_ws/src/install/ur3e_moveit/share/ur3e_moveit/package.ps1'
[0.803s] INFO:colcon.colcon_core.shell:Creating package descriptor '/home/harry/ur3e_ws/src/install/ur3e_moveit/share/ur3e_moveit/package.dsv'
[0.804s] INFO:colcon.colcon_core.shell:Creating package script '/home/harry/ur3e_ws/src/install/ur3e_moveit/share/ur3e_moveit/package.sh'
[0.804s] INFO:colcon.colcon_core.shell:Creating package script '/home/harry/ur3e_ws/src/install/ur3e_moveit/share/ur3e_moveit/package.bash'
[0.804s] INFO:colcon.colcon_core.shell:Creating package script '/home/harry/ur3e_ws/src/install/ur3e_moveit/share/ur3e_moveit/package.zsh'
[0.805s] Level 1:colcon.colcon_core.environment:create_file_with_runtime_dependencies(/home/harry/ur3e_ws/src/install/ur3e_moveit/share/colcon-core/packages/ur3e_moveit)
[0.807s] DEBUG:colcon.colcon_core.event_handler.log_command:Invoking command in '/home/harry/ur3e_ws/src/build/ur3e_ros_action_cpp': CMAKE_PREFIX_PATH=/home/harry/ur3e_ws/src/install/ur3e_ros_data:/home/harry/ur3e_ws/src/install/ur3e_moveit_config:/home/harry/ur3e_ws/src/install/ur_description:/home/harry/ur3e_ws/src/install/ur3e_ros_action_cpp:/home/harry/ur3e_ws/src/install/ur3e_moveit:/home/harry/ur3e_ws/src/install/ur3e_gazebo_sim:/home/harry/ur3e_ws/install/ur_moveit_config:/home/harry/ur3e_ws/install/ur_dashboard_msgs:/home/harry/ur3e_ws/install/ur_description:/home/harry/ur3e_ws/install/ur3e_ros_action_cpp:/home/harry/ur3e_ws/install/ur3e_moveit:/home/harry/ur3e_ws/install/ur3e_ros_data:/home/harry/ur3e_ws/install/ur3e_gazebo_sim:/home/harry/ur3e_ws/src/install/ur3e_ros_action:/home/harry/ur3e_ws/install/ur3e_ros_action:/opt/ros/iron /usr/bin/cmake --install /home/harry/ur3e_ws/src/build/ur3e_ros_action_cpp
[0.814s] Level 1:colcon.colcon_core.environment:create_environment_scripts_only(ur3e_ros_action_cpp)
[0.815s] Level 1:colcon.colcon_core.environment:checking '/home/harry/ur3e_ws/src/install/ur3e_ros_action_cpp' for CMake module files
[0.815s] DEBUG:colcon.colcon_core.event_handler.log_command:Invoked command in '/home/harry/ur3e_ws/src/build/ur3e_ros_action_cpp' returned '0': CMAKE_PREFIX_PATH=/home/harry/ur3e_ws/src/install/ur3e_ros_data:/home/harry/ur3e_ws/src/install/ur3e_moveit_config:/home/harry/ur3e_ws/src/install/ur_description:/home/harry/ur3e_ws/src/install/ur3e_ros_action_cpp:/home/harry/ur3e_ws/src/install/ur3e_moveit:/home/harry/ur3e_ws/src/install/ur3e_gazebo_sim:/home/harry/ur3e_ws/install/ur_moveit_config:/home/harry/ur3e_ws/install/ur_dashboard_msgs:/home/harry/ur3e_ws/install/ur_description:/home/harry/ur3e_ws/install/ur3e_ros_action_cpp:/home/harry/ur3e_ws/install/ur3e_moveit:/home/harry/ur3e_ws/install/ur3e_ros_data:/home/harry/ur3e_ws/install/ur3e_gazebo_sim:/home/harry/ur3e_ws/src/install/ur3e_ros_action:/home/harry/ur3e_ws/install/ur3e_ros_action:/opt/ros/iron /usr/bin/cmake --install /home/harry/ur3e_ws/src/build/ur3e_ros_action_cpp
[0.815s] Level 1:colcon.colcon_core.environment:checking '/home/harry/ur3e_ws/src/install/ur3e_ros_action_cpp' for CMake config files
[0.816s] Level 1:colcon.colcon_core.shell:create_environment_hook('ur3e_ros_action_cpp', 'cmake_prefix_path')
[0.816s] INFO:colcon.colcon_core.shell:Creating environment hook '/home/harry/ur3e_ws/src/install/ur3e_ros_action_cpp/share/ur3e_ros_action_cpp/hook/cmake_prefix_path.ps1'
[0.816s] INFO:colcon.colcon_core.shell:Creating environment descriptor '/home/harry/ur3e_ws/src/install/ur3e_ros_action_cpp/share/ur3e_ros_action_cpp/hook/cmake_prefix_path.dsv'
[0.816s] INFO:colcon.colcon_core.shell:Creating environment hook '/home/harry/ur3e_ws/src/install/ur3e_ros_action_cpp/share/ur3e_ros_action_cpp/hook/cmake_prefix_path.sh'
[0.817s] Level 1:colcon.colcon_core.environment:checking '/home/harry/ur3e_ws/src/install/ur3e_ros_action_cpp/lib'
[0.817s] Level 1:colcon.colcon_core.environment:checking '/home/harry/ur3e_ws/src/install/ur3e_ros_action_cpp/bin'
[0.817s] Level 1:colcon.colcon_core.environment:checking '/home/harry/ur3e_ws/src/install/ur3e_ros_action_cpp/lib/pkgconfig/ur3e_ros_action_cpp.pc'
[0.817s] Level 1:colcon.colcon_core.environment:checking '/home/harry/ur3e_ws/src/install/ur3e_ros_action_cpp/lib/python3.10/site-packages'
[0.817s] Level 1:colcon.colcon_core.environment:checking '/home/harry/ur3e_ws/src/install/ur3e_ros_action_cpp/bin'
[0.818s] INFO:colcon.colcon_core.shell:Creating package script '/home/harry/ur3e_ws/src/install/ur3e_ros_action_cpp/share/ur3e_ros_action_cpp/package.ps1'
[0.818s] INFO:colcon.colcon_core.shell:Creating package descriptor '/home/harry/ur3e_ws/src/install/ur3e_ros_action_cpp/share/ur3e_ros_action_cpp/package.dsv'
[0.819s] INFO:colcon.colcon_core.shell:Creating package script '/home/harry/ur3e_ws/src/install/ur3e_ros_action_cpp/share/ur3e_ros_action_cpp/package.sh'
[0.819s] INFO:colcon.colcon_core.shell:Creating package script '/home/harry/ur3e_ws/src/install/ur3e_ros_action_cpp/share/ur3e_ros_action_cpp/package.bash'
[0.819s] INFO:colcon.colcon_core.shell:Creating package script '/home/harry/ur3e_ws/src/install/ur3e_ros_action_cpp/share/ur3e_ros_action_cpp/package.zsh'
[0.819s] Level 1:colcon.colcon_core.environment:create_file_with_runtime_dependencies(/home/harry/ur3e_ws/src/install/ur3e_ros_action_cpp/share/colcon-core/packages/ur3e_ros_action_cpp)
[0.838s] Level 1:colcon.colcon_core.environment:create_environment_scripts_only(ur3e_ros_action_cpp)
[0.838s] Level 1:colcon.colcon_core.environment:checking '/home/harry/ur3e_ws/src/install/ur3e_ros_action_cpp' for CMake module files
[0.839s] Level 1:colcon.colcon_core.environment:checking '/home/harry/ur3e_ws/src/install/ur3e_ros_action_cpp' for CMake config files
[0.839s] Level 1:colcon.colcon_core.shell:create_environment_hook('ur3e_ros_action_cpp', 'cmake_prefix_path')
[0.839s] INFO:colcon.colcon_core.shell:Creating environment hook '/home/harry/ur3e_ws/src/install/ur3e_ros_action_cpp/share/ur3e_ros_action_cpp/hook/cmake_prefix_path.ps1'
[0.840s] INFO:colcon.colcon_core.shell:Creating environment descriptor '/home/harry/ur3e_ws/src/install/ur3e_ros_action_cpp/share/ur3e_ros_action_cpp/hook/cmake_prefix_path.dsv'
[0.840s] INFO:colcon.colcon_core.shell:Creating environment hook '/home/harry/ur3e_ws/src/install/ur3e_ros_action_cpp/share/ur3e_ros_action_cpp/hook/cmake_prefix_path.sh'
[0.840s] Level 1:colcon.colcon_core.environment:checking '/home/harry/ur3e_ws/src/install/ur3e_ros_action_cpp/lib'
[0.840s] Level 1:colcon.colcon_core.environment:checking '/home/harry/ur3e_ws/src/install/ur3e_ros_action_cpp/bin'
[0.840s] Level 1:colcon.colcon_core.environment:checking '/home/harry/ur3e_ws/src/install/ur3e_ros_action_cpp/lib/pkgconfig/ur3e_ros_action_cpp.pc'
[0.841s] Level 1:colcon.colcon_core.environment:checking '/home/harry/ur3e_ws/src/install/ur3e_ros_action_cpp/lib/python3.10/site-packages'
[0.841s] Level 1:colcon.colcon_core.environment:checking '/home/harry/ur3e_ws/src/install/ur3e_ros_action_cpp/bin'
[0.841s] INFO:colcon.colcon_core.shell:Creating package script '/home/harry/ur3e_ws/src/install/ur3e_ros_action_cpp/share/ur3e_ros_action_cpp/package.ps1'
[0.841s] INFO:colcon.colcon_core.shell:Creating package descriptor '/home/harry/ur3e_ws/src/install/ur3e_ros_action_cpp/share/ur3e_ros_action_cpp/package.dsv'
[0.842s] INFO:colcon.colcon_core.shell:Creating package script '/home/harry/ur3e_ws/src/install/ur3e_ros_action_cpp/share/ur3e_ros_action_cpp/package.sh'
[0.842s] INFO:colcon.colcon_core.shell:Creating package script '/home/harry/ur3e_ws/src/install/ur3e_ros_action_cpp/share/ur3e_ros_action_cpp/package.bash'
[0.842s] INFO:colcon.colcon_core.shell:Creating package script '/home/harry/ur3e_ws/src/install/ur3e_ros_action_cpp/share/ur3e_ros_action_cpp/package.zsh'
[0.842s] Level 1:colcon.colcon_core.environment:create_file_with_runtime_dependencies(/home/harry/ur3e_ws/src/install/ur3e_ros_action_cpp/share/colcon-core/packages/ur3e_ros_action_cpp)
[0.965s] Level 1:colcon.colcon_core.environment:checking '/home/harry/ur3e_ws/src/install/ur3e_ros_action' for CMake module files
[0.965s] DEBUG:colcon.colcon_core.event_handler.log_command:Invoked command in '/home/harry/ur3e_ws/src/ur3e_ros_action' returned '0': PYTHONPATH=/home/harry/ur3e_ws/src/build/ur3e_ros_action/prefix_override:/home/harry/ur3e_ws/src/install/ur3e_ros_action/lib/python3.10/site-packages:${PYTHONPATH} /usr/bin/python3 -W ignore:setup.py install is deprecated setup.py egg_info --egg-base ../build/ur3e_ros_action build --build-base /home/harry/ur3e_ws/src/build/ur3e_ros_action/build install --record /home/harry/ur3e_ws/src/build/ur3e_ros_action/install.log --single-version-externally-managed install_data
[0.965s] Level 1:colcon.colcon_core.environment:checking '/home/harry/ur3e_ws/src/install/ur3e_ros_action' for CMake config files
[0.966s] Level 1:colcon.colcon_core.environment:checking '/home/harry/ur3e_ws/src/install/ur3e_ros_action/lib'
[0.966s] Level 1:colcon.colcon_core.environment:checking '/home/harry/ur3e_ws/src/install/ur3e_ros_action/bin'
[0.966s] Level 1:colcon.colcon_core.environment:checking '/home/harry/ur3e_ws/src/install/ur3e_ros_action/lib/pkgconfig/ur3e_ros_action.pc'
[0.966s] Level 1:colcon.colcon_core.environment:checking '/home/harry/ur3e_ws/src/install/ur3e_ros_action/lib/python3.10/site-packages'
[0.966s] Level 1:colcon.colcon_core.shell:create_environment_hook('ur3e_ros_action', 'pythonpath')
[0.966s] INFO:colcon.colcon_core.shell:Creating environment hook '/home/harry/ur3e_ws/src/install/ur3e_ros_action/share/ur3e_ros_action/hook/pythonpath.ps1'
[0.966s] INFO:colcon.colcon_core.shell:Creating environment descriptor '/home/harry/ur3e_ws/src/install/ur3e_ros_action/share/ur3e_ros_action/hook/pythonpath.dsv'
[0.967s] INFO:colcon.colcon_core.shell:Creating environment hook '/home/harry/ur3e_ws/src/install/ur3e_ros_action/share/ur3e_ros_action/hook/pythonpath.sh'
[0.967s] Level 1:colcon.colcon_core.environment:checking '/home/harry/ur3e_ws/src/install/ur3e_ros_action/bin'
[0.967s] Level 1:colcon.colcon_core.environment:create_environment_scripts_only(ur3e_ros_action)
[0.967s] INFO:colcon.colcon_core.shell:Creating package script '/home/harry/ur3e_ws/src/install/ur3e_ros_action/share/ur3e_ros_action/package.ps1'
[0.967s] INFO:colcon.colcon_core.shell:Creating package descriptor '/home/harry/ur3e_ws/src/install/ur3e_ros_action/share/ur3e_ros_action/package.dsv'
[0.968s] INFO:colcon.colcon_core.shell:Creating package script '/home/harry/ur3e_ws/src/install/ur3e_ros_action/share/ur3e_ros_action/package.sh'
[0.968s] INFO:colcon.colcon_core.shell:Creating package script '/home/harry/ur3e_ws/src/install/ur3e_ros_action/share/ur3e_ros_action/package.bash'
[0.968s] INFO:colcon.colcon_core.shell:Creating package script '/home/harry/ur3e_ws/src/install/ur3e_ros_action/share/ur3e_ros_action/package.zsh'
[0.968s] Level 1:colcon.colcon_core.environment:create_file_with_runtime_dependencies(/home/harry/ur3e_ws/src/install/ur3e_ros_action/share/colcon-core/packages/ur3e_ros_action)
[1.038s] DEBUG:colcon.colcon_parallel_executor.executor.parallel:run_until_complete was interrupted
[1.038s] DEBUG:colcon.colcon_parallel_executor.executor.parallel:run_until_complete again
[1.039s] DEBUG:colcon.colcon_core.event_handler.log_command:Invoked command in '/home/harry/ur3e_ws/src/build/ur3e_new_moveit_config' returned '0': CMAKE_PREFIX_PATH=${CMAKE_PREFIX_PATH}:/home/harry/ur3e_ws/src/install/ur3e_ros_action:/home/harry/ur3e_ws/install/ur3e_ros_action:/opt/ros/iron /usr/bin/cmake /home/harry/ur3e_ws/src/ur3e_new_moveit_config -DCMAKE_INSTALL_PREFIX=/home/harry/ur3e_ws/src/install/ur3e_new_moveit_config
[1.040s] DEBUG:colcon.colcon_core.event_handler.log_command:Invoking command in '/home/harry/ur3e_ws/src/build/ur3e_new_moveit_config': CMAKE_PREFIX_PATH=${CMAKE_PREFIX_PATH}:/home/harry/ur3e_ws/src/install/ur3e_ros_action:/home/harry/ur3e_ws/install/ur3e_ros_action:/opt/ros/iron /usr/bin/cmake --build /home/harry/ur3e_ws/src/build/ur3e_new_moveit_config -- -j8 -l8
[1.066s] DEBUG:colcon.colcon_core.event_handler.log_command:Invoked command in '/home/harry/ur3e_ws/src/build/ur3e_new_moveit_config' returned '0': CMAKE_PREFIX_PATH=${CMAKE_PREFIX_PATH}:/home/harry/ur3e_ws/src/install/ur3e_ros_action:/home/harry/ur3e_ws/install/ur3e_ros_action:/opt/ros/iron /usr/bin/cmake --build /home/harry/ur3e_ws/src/build/ur3e_new_moveit_config -- -j8 -l8
[1.083s] DEBUG:colcon.colcon_core.event_handler.log_command:Invoking command in '/home/harry/ur3e_ws/src/build/ur3e_new_moveit_config': CMAKE_PREFIX_PATH=${CMAKE_PREFIX_PATH}:/home/harry/ur3e_ws/src/install/ur3e_ros_action:/home/harry/ur3e_ws/install/ur3e_ros_action:/opt/ros/iron /usr/bin/cmake --install /home/harry/ur3e_ws/src/build/ur3e_new_moveit_config
[1.091s] Level 1:colcon.colcon_core.environment:create_environment_scripts_only(ur3e_new_moveit_config)
[1.091s] Level 1:colcon.colcon_core.environment:checking '/home/harry/ur3e_ws/src/install/ur3e_new_moveit_config' for CMake module files
[1.091s] DEBUG:colcon.colcon_core.event_handler.log_command:Invoked command in '/home/harry/ur3e_ws/src/build/ur3e_new_moveit_config' returned '0': CMAKE_PREFIX_PATH=${CMAKE_PREFIX_PATH}:/home/harry/ur3e_ws/src/install/ur3e_ros_action:/home/harry/ur3e_ws/install/ur3e_ros_action:/opt/ros/iron /usr/bin/cmake --install /home/harry/ur3e_ws/src/build/ur3e_new_moveit_config
[1.091s] Level 1:colcon.colcon_core.environment:checking '/home/harry/ur3e_ws/src/install/ur3e_new_moveit_config' for CMake config files
[1.091s] Level 1:colcon.colcon_core.shell:create_environment_hook('ur3e_new_moveit_config', 'cmake_prefix_path')
[1.092s] INFO:colcon.colcon_core.shell:Creating environment hook '/home/harry/ur3e_ws/src/install/ur3e_new_moveit_config/share/ur3e_new_moveit_config/hook/cmake_prefix_path.ps1'
[1.092s] INFO:colcon.colcon_core.shell:Creating environment descriptor '/home/harry/ur3e_ws/src/install/ur3e_new_moveit_config/share/ur3e_new_moveit_config/hook/cmake_prefix_path.dsv'
[1.092s] INFO:colcon.colcon_core.shell:Creating environment hook '/home/harry/ur3e_ws/src/install/ur3e_new_moveit_config/share/ur3e_new_moveit_config/hook/cmake_prefix_path.sh'
[1.092s] Level 1:colcon.colcon_core.environment:checking '/home/harry/ur3e_ws/src/install/ur3e_new_moveit_config/bin'
[1.092s] Level 1:colcon.colcon_core.environment:checking '/home/harry/ur3e_ws/src/install/ur3e_new_moveit_config/lib/pkgconfig/ur3e_new_moveit_config.pc'
[1.093s] Level 1:colcon.colcon_core.environment:checking '/home/harry/ur3e_ws/src/install/ur3e_new_moveit_config/lib/python3.10/site-packages'
[1.093s] Level 1:colcon.colcon_core.environment:checking '/home/harry/ur3e_ws/src/install/ur3e_new_moveit_config/bin'
[1.093s] INFO:colcon.colcon_core.shell:Creating package script '/home/harry/ur3e_ws/src/install/ur3e_new_moveit_config/share/ur3e_new_moveit_config/package.ps1'
[1.093s] INFO:colcon.colcon_core.shell:Creating package descriptor '/home/harry/ur3e_ws/src/install/ur3e_new_moveit_config/share/ur3e_new_moveit_config/package.dsv'
[1.093s] INFO:colcon.colcon_core.shell:Creating package script '/home/harry/ur3e_ws/src/install/ur3e_new_moveit_config/share/ur3e_new_moveit_config/package.sh'
[1.094s] INFO:colcon.colcon_core.shell:Creating package script '/home/harry/ur3e_ws/src/install/ur3e_new_moveit_config/share/ur3e_new_moveit_config/package.bash'
[1.094s] INFO:colcon.colcon_core.shell:Creating package script '/home/harry/ur3e_ws/src/install/ur3e_new_moveit_config/share/ur3e_new_moveit_config/package.zsh'
[1.094s] Level 1:colcon.colcon_core.environment:create_file_with_runtime_dependencies(/home/harry/ur3e_ws/src/install/ur3e_new_moveit_config/share/colcon-core/packages/ur3e_new_moveit_config)
[1.109s] Level 1:colcon.colcon_core.environment:create_environment_scripts_only(ur3e_new_moveit_config)
[1.109s] Level 1:colcon.colcon_core.environment:checking '/home/harry/ur3e_ws/src/install/ur3e_new_moveit_config' for CMake module files
[1.110s] Level 1:colcon.colcon_core.environment:checking '/home/harry/ur3e_ws/src/install/ur3e_new_moveit_config' for CMake config files
[1.110s] Level 1:colcon.colcon_core.shell:create_environment_hook('ur3e_new_moveit_config', 'cmake_prefix_path')
[1.110s] INFO:colcon.colcon_core.shell:Creating environment hook '/home/harry/ur3e_ws/src/install/ur3e_new_moveit_config/share/ur3e_new_moveit_config/hook/cmake_prefix_path.ps1'
[1.110s] INFO:colcon.colcon_core.shell:Creating environment descriptor '/home/harry/ur3e_ws/src/install/ur3e_new_moveit_config/share/ur3e_new_moveit_config/hook/cmake_prefix_path.dsv'
[1.110s] INFO:colcon.colcon_core.shell:Creating environment hook '/home/harry/ur3e_ws/src/install/ur3e_new_moveit_config/share/ur3e_new_moveit_config/hook/cmake_prefix_path.sh'
[1.111s] Level 1:colcon.colcon_core.environment:checking '/home/harry/ur3e_ws/src/install/ur3e_new_moveit_config/bin'
[1.111s] Level 1:colcon.colcon_core.environment:checking '/home/harry/ur3e_ws/src/install/ur3e_new_moveit_config/lib/pkgconfig/ur3e_new_moveit_config.pc'
[1.111s] Level 1:colcon.colcon_core.environment:checking '/home/harry/ur3e_ws/src/install/ur3e_new_moveit_config/lib/python3.10/site-packages'
[1.111s] Level 1:colcon.colcon_core.environment:checking '/home/harry/ur3e_ws/src/install/ur3e_new_moveit_config/bin'
[1.111s] INFO:colcon.colcon_core.shell:Creating package script '/home/harry/ur3e_ws/src/install/ur3e_new_moveit_config/share/ur3e_new_moveit_config/package.ps1'
[1.111s] INFO:colcon.colcon_core.shell:Creating package descriptor '/home/harry/ur3e_ws/src/install/ur3e_new_moveit_config/share/ur3e_new_moveit_config/package.dsv'
[1.112s] INFO:colcon.colcon_core.shell:Creating package script '/home/harry/ur3e_ws/src/install/ur3e_new_moveit_config/share/ur3e_new_moveit_config/package.sh'
[1.112s] INFO:colcon.colcon_core.shell:Creating package script '/home/harry/ur3e_ws/src/install/ur3e_new_moveit_config/share/ur3e_new_moveit_config/package.bash'
[1.112s] INFO:colcon.colcon_core.shell:Creating package script '/home/harry/ur3e_ws/src/install/ur3e_new_moveit_config/share/ur3e_new_moveit_config/package.zsh'
[1.112s] Level 1:colcon.colcon_core.environment:create_file_with_runtime_dependencies(/home/harry/ur3e_ws/src/install/ur3e_new_moveit_config/share/colcon-core/packages/ur3e_new_moveit_config)
[1.123s] DEBUG:colcon.colcon_parallel_executor.executor.parallel:run_until_complete finished
[1.123s] DEBUG:colcon.colcon_parallel_executor.executor.parallel:closing loop
[1.123s] DEBUG:colcon.colcon_parallel_executor.executor.parallel:loop closed
[1.123s] DEBUG:colcon.colcon_core.event_reactor:joining thread
[1.129s] INFO:colcon.colcon_core.plugin_system:Skipping extension 'colcon_notification.desktop_notification.terminal_notifier': Not used on non-Darwin systems
[1.130s] INFO:colcon.colcon_core.plugin_system:Skipping extension 'colcon_notification.desktop_notification.win32': Not used on non-Windows systems
[1.130s] INFO:colcon.colcon_notification.desktop_notification:Sending desktop notification using 'notify2'
[1.142s] DEBUG:colcon.colcon_core.event_reactor:joined thread
[1.143s] INFO:colcon.colcon_core.shell:Creating prefix script '/home/harry/ur3e_ws/src/install/local_setup.ps1'
[1.144s] INFO:colcon.colcon_core.shell:Creating prefix util module '/home/harry/ur3e_ws/src/install/_local_setup_util_ps1.py'
[1.145s] INFO:colcon.colcon_core.shell:Creating prefix chain script '/home/harry/ur3e_ws/src/install/setup.ps1'
[1.147s] INFO:colcon.colcon_core.shell:Creating prefix script '/home/harry/ur3e_ws/src/install/local_setup.sh'
[1.148s] INFO:colcon.colcon_core.shell:Creating prefix util module '/home/harry/ur3e_ws/src/install/_local_setup_util_sh.py'
[1.148s] INFO:colcon.colcon_core.shell:Creating prefix chain script '/home/harry/ur3e_ws/src/install/setup.sh'
[1.149s] INFO:colcon.colcon_core.shell:Creating prefix script '/home/harry/ur3e_ws/src/install/local_setup.bash'
[1.150s] INFO:colcon.colcon_core.shell:Creating prefix chain script '/home/harry/ur3e_ws/src/install/setup.bash'
[1.151s] INFO:colcon.colcon_core.shell:Creating prefix script '/home/harry/ur3e_ws/src/install/local_setup.zsh'
[1.151s] INFO:colcon.colcon_core.shell:Creating prefix chain script '/home/harry/ur3e_ws/src/install/setup.zsh'
