[0.031s] Invoking command in '/home/harry/ur3e_ws/build/ur3e_ros_data': CMAKE_PREFIX_PATH=${CMAKE_PREFIX_PATH}:/home/harry/ur3e_ws/install/ur3e_ros_action:/opt/ros/iron /usr/bin/cmake --build /home/harry/ur3e_ws/build/ur3e_ros_data -- -j8 -l8
[0.227s] [  2%] Built target ur3e_ros_data__rosidl_generator_type_description
[0.227s] [  2%] Built target ament_cmake_python_copy_ur3e_ros_data
[0.227s] [  4%] Built target ur3e_ros_data__cpp
[0.227s] [ 22%] Built target ur3e_ros_data__rosidl_generator_c
[0.227s] [ 38%] Built target ur3e_ros_data__rosidl_typesupport_cpp
[0.227s] [ 40%] Built target ur3e_ros_data__rosidl_typesupport_c
[0.227s] [ 50%] Built target ur3e_ros_data__rosidl_typesupport_fastrtps_cpp
[0.227s] [ 59%] Built target ur3e_ros_data__rosidl_typesupport_introspection_cpp
[0.227s] [ 68%] Built target ur3e_ros_data__rosidl_typesupport_introspection_c
[0.227s] [ 77%] Built target ur3e_ros_data__rosidl_typesupport_fastrtps_c
[0.227s] [ 77%] Built target ur3e_ros_data
[0.227s] [ 79%] Built target ur3e_ros_data__py
[0.227s] [ 86%] Built target ur3e_ros_data__rosidl_generator_py
[0.227s] [ 90%] Built target ur3e_ros_data__rosidl_typesupport_c__pyext
[0.227s] [ 95%] Built target ur3e_ros_data__rosidl_typesupport_introspection_c__pyext
[0.227s] [100%] Built target ur3e_ros_data__rosidl_typesupport_fastrtps_c__pyext
[0.241s] running egg_info
[0.242s] writing ur3e_ros_data.egg-info/PKG-INFO
[0.242s] writing dependency_links to ur3e_ros_data.egg-info/dependency_links.txt
[0.242s] writing top-level names to ur3e_ros_data.egg-info/top_level.txt
[0.244s] reading manifest file 'ur3e_ros_data.egg-info/SOURCES.txt'
[0.244s] writing manifest file 'ur3e_ros_data.egg-info/SOURCES.txt'
[0.267s] [100%] Built target ament_cmake_python_build_ur3e_ros_data_egg
