-- The C compiler identification is GNU 11.4.0
-- The CXX compiler identification is GNU 11.4.0
-- Detecting C compiler ABI info
-- Detecting C compiler ABI info - done
-- Check for working C compiler: /usr/bin/cc - skipped
-- Detecting C compile features
-- Detecting C compile features - done
-- Detecting CXX compiler ABI info
-- Detecting CXX compiler ABI info - done
-- Check for working CXX compiler: /usr/bin/c++ - skipped
-- Detecting CXX compile features
-- Detecting CXX compile features - done
-- Found ament_cmake: 2.0.4 (/opt/ros/iron/share/ament_cmake/cmake)
-- Found Python3: /usr/bin/python3.10 (found version "3.10.12") found components: Interpreter 
-- Found rosidl_default_generators: 1.5.0 (/opt/ros/iron/share/rosidl_default_generators/cmake)
-- Using all available rosidl_typesupport_c: rosidl_typesupport_fastrtps_c;rosidl_typesupport_introspection_c
-- Using all available rosidl_typesupport_cpp: rosidl_typesupport_fastrtps_cpp;rosidl_typesupport_introspection_cpp
-- Found rosidl_adapter: 4.0.1 (/opt/ros/iron/share/rosidl_adapter/cmake)
-- Found ament_cmake_ros: 0.11.2 (/opt/ros/iron/share/ament_cmake_ros/cmake)
-- Using all available rosidl_typesupport_c: rosidl_typesupport_fastrtps_c;rosidl_typesupport_introspection_c
-- Using all available rosidl_typesupport_cpp: rosidl_typesupport_fastrtps_cpp;rosidl_typesupport_introspection_cpp
-- Found PythonInterp: /usr/bin/python3 (found suitable version "3.10.12", minimum required is "3.6") 
-- Found python_cmake_module: 0.10.2 (/opt/ros/iron/share/python_cmake_module/cmake)
-- Found PythonLibs: /usr/lib/x86_64-linux-gnu/libpython3.10.so (found suitable version "3.10.12", minimum required is "3.5") 
-- Using PYTHON_EXECUTABLE: /usr/bin/python3
-- Using PYTHON_INCLUDE_DIRS: /usr/include/python3.10
-- Using PYTHON_LIBRARIES: /usr/lib/x86_64-linux-gnu/libpython3.10.so
-- Found PythonExtra: .so  
-- Found ament_lint_auto: 0.14.3 (/opt/ros/iron/share/ament_lint_auto/cmake)
-- Added test 'lint_cmake' to check CMake code style
-- Added test 'xmllint' to check XML markup files
-- Configuring done
-- Generating done
-- Build files have been written to: /home/harry/ur3e_ws/build/ur3e_ros_data
[  1%] [34m[1mGenerating type hashes for ROS interfaces[0m
[  1%] Built target ament_cmake_python_copy_ur3e_ros_data
[  1%] Built target ur3e_ros_data__rosidl_generator_type_description
running egg_info
creating ur3e_ros_data.egg-info
writing ur3e_ros_data.egg-info/PKG-INFO
writing dependency_links to ur3e_ros_data.egg-info/dependency_links.txt
writing top-level names to ur3e_ros_data.egg-info/top_level.txt
writing manifest file 'ur3e_ros_data.egg-info/SOURCES.txt'
reading manifest file 'ur3e_ros_data.egg-info/SOURCES.txt'
writing manifest file 'ur3e_ros_data.egg-info/SOURCES.txt'
[  3%] [34m[1mGenerating C code for ROS interfaces[0m
[  5%] [34m[1mGenerating C++ code for ROS interfaces[0m
[  5%] Built target ament_cmake_python_build_ur3e_ros_data_egg
[  5%] Built target ur3e_ros_data__cpp
[ 11%] [32mBuilding C object CMakeFiles/ur3e_ros_data__rosidl_generator_c.dir/rosidl_generator_c/ur3e_ros_data/msg/detail/joint_pose__functions.c.o[0m
[ 11%] [32mBuilding C object CMakeFiles/ur3e_ros_data__rosidl_generator_c.dir/rosidl_generator_c/ur3e_ros_data/msg/detail/joint_pose__type_support.c.o[0m
[ 11%] [32mBuilding C object CMakeFiles/ur3e_ros_data__rosidl_generator_c.dir/rosidl_generator_c/ur3e_ros_data/action/detail/move_j__description.c.o[0m
[ 12%] [32mBuilding C object CMakeFiles/ur3e_ros_data__rosidl_generator_c.dir/rosidl_generator_c/ur3e_ros_data/action/detail/move_j__functions.c.o[0m
[ 16%] [32mBuilding C object CMakeFiles/ur3e_ros_data__rosidl_generator_c.dir/rosidl_generator_c/ur3e_ros_data/action/detail/move_l__description.c.o[0m
[ 18%] [32mBuilding C object CMakeFiles/ur3e_ros_data__rosidl_generator_c.dir/rosidl_generator_c/ur3e_ros_data/action/detail/move_l__functions.c.o[0m
[ 16%] [32mBuilding C object CMakeFiles/ur3e_ros_data__rosidl_generator_c.dir/rosidl_generator_c/ur3e_ros_data/action/detail/move_j__type_support.c.o[0m
[ 20%] [32mBuilding C object CMakeFiles/ur3e_ros_data__rosidl_generator_c.dir/rosidl_generator_c/ur3e_ros_data/msg/detail/joint_pose__description.c.o[0m
[ 22%] [32mBuilding C object CMakeFiles/ur3e_ros_data__rosidl_generator_c.dir/rosidl_generator_c/ur3e_ros_data/action/detail/move_l__type_support.c.o[0m
[ 24%] [32m[1mLinking C shared library libur3e_ros_data__rosidl_generator_c.so[0m
[ 24%] Built target ur3e_ros_data__rosidl_generator_c
[ 25%] [34m[1mGenerating C++ type support dispatch for ROS interfaces[0m
[ 27%] [34m[1mGenerating C type support for eProsima Fast-RTPS[0m
[ 31%] [34m[1mGenerating C introspection for ROS interfaces[0m
[ 35%] [34m[1mGenerating C++ introspection for ROS interfaces[0m
[ 35%] [34m[1mGenerating C++ type support for eProsima Fast-RTPS[0m
[ 35%] [34m[1mGenerating C type support dispatch for ROS interfaces[0m
[ 37%] [32mBuilding CXX object CMakeFiles/ur3e_ros_data__rosidl_typesupport_introspection_cpp.dir/rosidl_typesupport_introspection_cpp/ur3e_ros_data/msg/detail/joint_pose__type_support.cpp.o[0m
[ 38%] [32mBuilding CXX object CMakeFiles/ur3e_ros_data__rosidl_typesupport_introspection_cpp.dir/rosidl_typesupport_introspection_cpp/ur3e_ros_data/action/detail/move_j__type_support.cpp.o[0m
[ 40%] [32mBuilding CXX object CMakeFiles/ur3e_ros_data__rosidl_typesupport_introspection_cpp.dir/rosidl_typesupport_introspection_cpp/ur3e_ros_data/action/detail/move_l__type_support.cpp.o[0m
[ 42%] [32mBuilding CXX object CMakeFiles/ur3e_ros_data__rosidl_typesupport_c.dir/rosidl_typesupport_c/ur3e_ros_data/msg/joint_pose__type_support.cpp.o[0m
[ 44%] [32mBuilding CXX object CMakeFiles/ur3e_ros_data__rosidl_typesupport_cpp.dir/rosidl_typesupport_cpp/ur3e_ros_data/msg/joint_pose__type_support.cpp.o[0m
[ 46%] [32mBuilding CXX object CMakeFiles/ur3e_ros_data__rosidl_typesupport_c.dir/rosidl_typesupport_c/ur3e_ros_data/action/move_j__type_support.cpp.o[0m
[ 48%] [32mBuilding CXX object CMakeFiles/ur3e_ros_data__rosidl_typesupport_c.dir/rosidl_typesupport_c/ur3e_ros_data/action/move_l__type_support.cpp.o[0m
[ 50%] [32mBuilding CXX object CMakeFiles/ur3e_ros_data__rosidl_typesupport_fastrtps_c.dir/rosidl_typesupport_fastrtps_c/ur3e_ros_data/msg/detail/joint_pose__type_support_c.cpp.o[0m
[ 51%] [32m[1mLinking CXX shared library libur3e_ros_data__rosidl_typesupport_c.so[0m
[ 53%] [32mBuilding C object CMakeFiles/ur3e_ros_data__rosidl_typesupport_introspection_c.dir/rosidl_typesupport_introspection_c/ur3e_ros_data/msg/detail/joint_pose__type_support.c.o[0m
[ 55%] [32mBuilding C object CMakeFiles/ur3e_ros_data__rosidl_typesupport_introspection_c.dir/rosidl_typesupport_introspection_c/ur3e_ros_data/action/detail/move_j__type_support.c.o[0m
[ 57%] [32mBuilding CXX object CMakeFiles/ur3e_ros_data__rosidl_typesupport_fastrtps_c.dir/rosidl_typesupport_fastrtps_c/ur3e_ros_data/action/detail/move_j__type_support_c.cpp.o[0m
[ 57%] Built target ur3e_ros_data__rosidl_typesupport_c
[ 59%] [32mBuilding CXX object CMakeFiles/ur3e_ros_data__rosidl_typesupport_fastrtps_c.dir/rosidl_typesupport_fastrtps_c/ur3e_ros_data/action/detail/move_l__type_support_c.cpp.o[0m
[ 61%] [32mBuilding C object CMakeFiles/ur3e_ros_data__rosidl_typesupport_introspection_c.dir/rosidl_typesupport_introspection_c/ur3e_ros_data/action/detail/move_l__type_support.c.o[0m
[ 62%] [32mBuilding CXX object CMakeFiles/ur3e_ros_data__rosidl_typesupport_cpp.dir/rosidl_typesupport_cpp/ur3e_ros_data/action/move_j__type_support.cpp.o[0m
[ 64%] [32mBuilding CXX object CMakeFiles/ur3e_ros_data__rosidl_typesupport_fastrtps_cpp.dir/rosidl_typesupport_fastrtps_cpp/ur3e_ros_data/msg/detail/dds_fastrtps/joint_pose__type_support.cpp.o[0m
[ 66%] [32m[1mLinking C shared library libur3e_ros_data__rosidl_typesupport_introspection_c.so[0m
[ 68%] [32mBuilding CXX object CMakeFiles/ur3e_ros_data__rosidl_typesupport_fastrtps_cpp.dir/rosidl_typesupport_fastrtps_cpp/ur3e_ros_data/action/detail/dds_fastrtps/move_j__type_support.cpp.o[0m
[ 68%] Built target ur3e_ros_data__rosidl_typesupport_introspection_c
[ 70%] [32mBuilding CXX object CMakeFiles/ur3e_ros_data__rosidl_typesupport_cpp.dir/rosidl_typesupport_cpp/ur3e_ros_data/action/move_l__type_support.cpp.o[0m
[ 72%] [32mBuilding CXX object CMakeFiles/ur3e_ros_data__rosidl_typesupport_fastrtps_cpp.dir/rosidl_typesupport_fastrtps_cpp/ur3e_ros_data/action/detail/dds_fastrtps/move_l__type_support.cpp.o[0m
[ 74%] [32m[1mLinking CXX shared library libur3e_ros_data__rosidl_typesupport_introspection_cpp.so[0m
[ 75%] [32m[1mLinking CXX shared library libur3e_ros_data__rosidl_typesupport_fastrtps_c.so[0m
[ 75%] Built target ur3e_ros_data__rosidl_typesupport_introspection_cpp
[ 75%] Built target ur3e_ros_data__rosidl_typesupport_fastrtps_c
[ 77%] [32m[1mLinking CXX shared library libur3e_ros_data__rosidl_typesupport_cpp.so[0m
[ 77%] Built target ur3e_ros_data__rosidl_typesupport_cpp
[ 79%] [32m[1mLinking CXX shared library libur3e_ros_data__rosidl_typesupport_fastrtps_cpp.so[0m
[ 79%] Built target ur3e_ros_data__rosidl_typesupport_fastrtps_cpp
[ 79%] Built target ur3e_ros_data
[ 81%] [34m[1mGenerating Python code for ROS interfaces[0m
[ 81%] Built target ur3e_ros_data__py
[ 85%] [32mBuilding C object CMakeFiles/ur3e_ros_data__rosidl_generator_py.dir/rosidl_generator_py/ur3e_ros_data/action/_move_j_s.c.o[0m
[ 87%] [32mBuilding C object CMakeFiles/ur3e_ros_data__rosidl_generator_py.dir/rosidl_generator_py/ur3e_ros_data/msg/_joint_pose_s.c.o[0m
[ 87%] [32mBuilding C object CMakeFiles/ur3e_ros_data__rosidl_generator_py.dir/rosidl_generator_py/ur3e_ros_data/action/_move_l_s.c.o[0m
[ 88%] [32m[1mLinking C shared library rosidl_generator_py/ur3e_ros_data/libur3e_ros_data__rosidl_generator_py.so[0m
[ 88%] Built target ur3e_ros_data__rosidl_generator_py
[ 94%] [32mBuilding C object CMakeFiles/ur3e_ros_data__rosidl_typesupport_fastrtps_c__pyext.dir/rosidl_generator_py/ur3e_ros_data/_ur3e_ros_data_s.ep.rosidl_typesupport_fastrtps_c.c.o[0m
[ 94%] [32mBuilding C object CMakeFiles/ur3e_ros_data__rosidl_typesupport_introspection_c__pyext.dir/rosidl_generator_py/ur3e_ros_data/_ur3e_ros_data_s.ep.rosidl_typesupport_introspection_c.c.o[0m
[ 94%] [32mBuilding C object CMakeFiles/ur3e_ros_data__rosidl_typesupport_c__pyext.dir/rosidl_generator_py/ur3e_ros_data/_ur3e_ros_data_s.ep.rosidl_typesupport_c.c.o[0m
[100%] [32m[1mLinking C shared library rosidl_generator_py/ur3e_ros_data/ur3e_ros_data_s__rosidl_typesupport_c.cpython-310-x86_64-linux-gnu.so[0m
[100%] [32m[1mLinking C shared library rosidl_generator_py/ur3e_ros_data/ur3e_ros_data_s__rosidl_typesupport_fastrtps_c.cpython-310-x86_64-linux-gnu.so[0m
[100%] [32m[1mLinking C shared library rosidl_generator_py/ur3e_ros_data/ur3e_ros_data_s__rosidl_typesupport_introspection_c.cpython-310-x86_64-linux-gnu.so[0m
[100%] Built target ur3e_ros_data__rosidl_typesupport_introspection_c__pyext
[100%] Built target ur3e_ros_data__rosidl_typesupport_fastrtps_c__pyext
[100%] Built target ur3e_ros_data__rosidl_typesupport_c__pyext
-- Install configuration: ""
-- Installing: /home/harry/ur3e_ws/install/ur3e_ros_data/share/ament_index/resource_index/rosidl_interfaces/ur3e_ros_data
-- Installing: /home/harry/ur3e_ws/install/ur3e_ros_data/share/ur3e_ros_data/msg/JointPose.json
-- Installing: /home/harry/ur3e_ws/install/ur3e_ros_data/share/ur3e_ros_data/action/MoveJ.json
-- Installing: /home/harry/ur3e_ws/install/ur3e_ros_data/share/ur3e_ros_data/action/MoveL.json
-- Up-to-date: /home/harry/ur3e_ws/install/ur3e_ros_data/include/ur3e_ros_data/ur3e_ros_data
-- Up-to-date: /home/harry/ur3e_ws/install/ur3e_ros_data/include/ur3e_ros_data/ur3e_ros_data/action
-- Up-to-date: /home/harry/ur3e_ws/install/ur3e_ros_data/include/ur3e_ros_data/ur3e_ros_data/action/detail
-- Installing: /home/harry/ur3e_ws/install/ur3e_ros_data/include/ur3e_ros_data/ur3e_ros_data/action/detail/move_j__functions.c
-- Installing: /home/harry/ur3e_ws/install/ur3e_ros_data/include/ur3e_ros_data/ur3e_ros_data/action/detail/move_l__functions.h
-- Installing: /home/harry/ur3e_ws/install/ur3e_ros_data/include/ur3e_ros_data/ur3e_ros_data/action/detail/move_j__struct.h
-- Installing: /home/harry/ur3e_ws/install/ur3e_ros_data/include/ur3e_ros_data/ur3e_ros_data/action/detail/move_l__struct.h
-- Installing: /home/harry/ur3e_ws/install/ur3e_ros_data/include/ur3e_ros_data/ur3e_ros_data/action/detail/move_j__description.c
-- Installing: /home/harry/ur3e_ws/install/ur3e_ros_data/include/ur3e_ros_data/ur3e_ros_data/action/detail/move_j__type_support.h
-- Installing: /home/harry/ur3e_ws/install/ur3e_ros_data/include/ur3e_ros_data/ur3e_ros_data/action/detail/move_l__description.c
-- Installing: /home/harry/ur3e_ws/install/ur3e_ros_data/include/ur3e_ros_data/ur3e_ros_data/action/detail/move_l__type_support.h
-- Installing: /home/harry/ur3e_ws/install/ur3e_ros_data/include/ur3e_ros_data/ur3e_ros_data/action/detail/move_j__functions.h
-- Installing: /home/harry/ur3e_ws/install/ur3e_ros_data/include/ur3e_ros_data/ur3e_ros_data/action/detail/move_l__type_support.c
-- Installing: /home/harry/ur3e_ws/install/ur3e_ros_data/include/ur3e_ros_data/ur3e_ros_data/action/detail/move_j__type_support.c
-- Installing: /home/harry/ur3e_ws/install/ur3e_ros_data/include/ur3e_ros_data/ur3e_ros_data/action/detail/move_l__functions.c
-- Installing: /home/harry/ur3e_ws/install/ur3e_ros_data/include/ur3e_ros_data/ur3e_ros_data/action/move_j.h
-- Installing: /home/harry/ur3e_ws/install/ur3e_ros_data/include/ur3e_ros_data/ur3e_ros_data/action/move_l.h
-- Up-to-date: /home/harry/ur3e_ws/install/ur3e_ros_data/include/ur3e_ros_data/ur3e_ros_data/msg
-- Up-to-date: /home/harry/ur3e_ws/install/ur3e_ros_data/include/ur3e_ros_data/ur3e_ros_data/msg/detail
-- Installing: /home/harry/ur3e_ws/install/ur3e_ros_data/include/ur3e_ros_data/ur3e_ros_data/msg/detail/joint_pose__type_support.c
-- Installing: /home/harry/ur3e_ws/install/ur3e_ros_data/include/ur3e_ros_data/ur3e_ros_data/msg/detail/joint_pose__struct.h
-- Installing: /home/harry/ur3e_ws/install/ur3e_ros_data/include/ur3e_ros_data/ur3e_ros_data/msg/detail/joint_pose__functions.h
-- Installing: /home/harry/ur3e_ws/install/ur3e_ros_data/include/ur3e_ros_data/ur3e_ros_data/msg/detail/joint_pose__type_support.h
-- Installing: /home/harry/ur3e_ws/install/ur3e_ros_data/include/ur3e_ros_data/ur3e_ros_data/msg/detail/joint_pose__functions.c
-- Installing: /home/harry/ur3e_ws/install/ur3e_ros_data/include/ur3e_ros_data/ur3e_ros_data/msg/detail/joint_pose__description.c
-- Installing: /home/harry/ur3e_ws/install/ur3e_ros_data/include/ur3e_ros_data/ur3e_ros_data/msg/joint_pose.h
-- Installing: /home/harry/ur3e_ws/install/ur3e_ros_data/include/ur3e_ros_data/ur3e_ros_data/msg/rosidl_generator_c__visibility_control.h
-- Up-to-date: /home/harry/ur3e_ws/install/ur3e_ros_data/share/ur3e_ros_data/environment/library_path.sh
-- Installing: /home/harry/ur3e_ws/install/ur3e_ros_data/share/ur3e_ros_data/environment/library_path.dsv
-- Installing: /home/harry/ur3e_ws/install/ur3e_ros_data/lib/libur3e_ros_data__rosidl_generator_c.so
-- Set runtime path of "/home/harry/ur3e_ws/install/ur3e_ros_data/lib/libur3e_ros_data__rosidl_generator_c.so" to ""
-- Up-to-date: /home/harry/ur3e_ws/install/ur3e_ros_data/include/ur3e_ros_data/ur3e_ros_data
-- Up-to-date: /home/harry/ur3e_ws/install/ur3e_ros_data/include/ur3e_ros_data/ur3e_ros_data/action
-- Up-to-date: /home/harry/ur3e_ws/install/ur3e_ros_data/include/ur3e_ros_data/ur3e_ros_data/action/detail
-- Installing: /home/harry/ur3e_ws/install/ur3e_ros_data/include/ur3e_ros_data/ur3e_ros_data/action/detail/move_j__rosidl_typesupport_fastrtps_c.h
-- Installing: /home/harry/ur3e_ws/install/ur3e_ros_data/include/ur3e_ros_data/ur3e_ros_data/action/detail/move_l__rosidl_typesupport_fastrtps_c.h
-- Up-to-date: /home/harry/ur3e_ws/install/ur3e_ros_data/include/ur3e_ros_data/ur3e_ros_data/msg
-- Installing: /home/harry/ur3e_ws/install/ur3e_ros_data/include/ur3e_ros_data/ur3e_ros_data/msg/rosidl_typesupport_fastrtps_c__visibility_control.h
-- Up-to-date: /home/harry/ur3e_ws/install/ur3e_ros_data/include/ur3e_ros_data/ur3e_ros_data/msg/detail
-- Installing: /home/harry/ur3e_ws/install/ur3e_ros_data/include/ur3e_ros_data/ur3e_ros_data/msg/detail/joint_pose__rosidl_typesupport_fastrtps_c.h
-- Installing: /home/harry/ur3e_ws/install/ur3e_ros_data/lib/libur3e_ros_data__rosidl_typesupport_fastrtps_c.so
-- Set runtime path of "/home/harry/ur3e_ws/install/ur3e_ros_data/lib/libur3e_ros_data__rosidl_typesupport_fastrtps_c.so" to ""
-- Up-to-date: /home/harry/ur3e_ws/install/ur3e_ros_data/include/ur3e_ros_data/ur3e_ros_data
-- Up-to-date: /home/harry/ur3e_ws/install/ur3e_ros_data/include/ur3e_ros_data/ur3e_ros_data/action
-- Up-to-date: /home/harry/ur3e_ws/install/ur3e_ros_data/include/ur3e_ros_data/ur3e_ros_data/action/detail
-- Installing: /home/harry/ur3e_ws/install/ur3e_ros_data/include/ur3e_ros_data/ur3e_ros_data/action/detail/move_j__rosidl_typesupport_introspection_c.h
-- Installing: /home/harry/ur3e_ws/install/ur3e_ros_data/include/ur3e_ros_data/ur3e_ros_data/action/detail/move_l__rosidl_typesupport_introspection_c.h
-- Installing: /home/harry/ur3e_ws/install/ur3e_ros_data/include/ur3e_ros_data/ur3e_ros_data/action/detail/move_l__type_support.c
-- Installing: /home/harry/ur3e_ws/install/ur3e_ros_data/include/ur3e_ros_data/ur3e_ros_data/action/detail/move_j__type_support.c
-- Up-to-date: /home/harry/ur3e_ws/install/ur3e_ros_data/include/ur3e_ros_data/ur3e_ros_data/msg
-- Installing: /home/harry/ur3e_ws/install/ur3e_ros_data/include/ur3e_ros_data/ur3e_ros_data/msg/rosidl_typesupport_introspection_c__visibility_control.h
-- Up-to-date: /home/harry/ur3e_ws/install/ur3e_ros_data/include/ur3e_ros_data/ur3e_ros_data/msg/detail
-- Installing: /home/harry/ur3e_ws/install/ur3e_ros_data/include/ur3e_ros_data/ur3e_ros_data/msg/detail/joint_pose__type_support.c
-- Installing: /home/harry/ur3e_ws/install/ur3e_ros_data/include/ur3e_ros_data/ur3e_ros_data/msg/detail/joint_pose__rosidl_typesupport_introspection_c.h
-- Installing: /home/harry/ur3e_ws/install/ur3e_ros_data/lib/libur3e_ros_data__rosidl_typesupport_introspection_c.so
-- Set runtime path of "/home/harry/ur3e_ws/install/ur3e_ros_data/lib/libur3e_ros_data__rosidl_typesupport_introspection_c.so" to ""
-- Installing: /home/harry/ur3e_ws/install/ur3e_ros_data/lib/libur3e_ros_data__rosidl_typesupport_c.so
-- Set runtime path of "/home/harry/ur3e_ws/install/ur3e_ros_data/lib/libur3e_ros_data__rosidl_typesupport_c.so" to ""
-- Up-to-date: /home/harry/ur3e_ws/install/ur3e_ros_data/include/ur3e_ros_data/ur3e_ros_data
-- Up-to-date: /home/harry/ur3e_ws/install/ur3e_ros_data/include/ur3e_ros_data/ur3e_ros_data/action
-- Installing: /home/harry/ur3e_ws/install/ur3e_ros_data/include/ur3e_ros_data/ur3e_ros_data/action/move_j.hpp
-- Installing: /home/harry/ur3e_ws/install/ur3e_ros_data/include/ur3e_ros_data/ur3e_ros_data/action/move_l.hpp
-- Up-to-date: /home/harry/ur3e_ws/install/ur3e_ros_data/include/ur3e_ros_data/ur3e_ros_data/action/detail
-- Installing: /home/harry/ur3e_ws/install/ur3e_ros_data/include/ur3e_ros_data/ur3e_ros_data/action/detail/move_l__traits.hpp
-- Installing: /home/harry/ur3e_ws/install/ur3e_ros_data/include/ur3e_ros_data/ur3e_ros_data/action/detail/move_l__struct.hpp
-- Installing: /home/harry/ur3e_ws/install/ur3e_ros_data/include/ur3e_ros_data/ur3e_ros_data/action/detail/move_j__builder.hpp
-- Installing: /home/harry/ur3e_ws/install/ur3e_ros_data/include/ur3e_ros_data/ur3e_ros_data/action/detail/move_j__traits.hpp
-- Installing: /home/harry/ur3e_ws/install/ur3e_ros_data/include/ur3e_ros_data/ur3e_ros_data/action/detail/move_j__struct.hpp
-- Installing: /home/harry/ur3e_ws/install/ur3e_ros_data/include/ur3e_ros_data/ur3e_ros_data/action/detail/move_l__builder.hpp
-- Up-to-date: /home/harry/ur3e_ws/install/ur3e_ros_data/include/ur3e_ros_data/ur3e_ros_data/msg
-- Up-to-date: /home/harry/ur3e_ws/install/ur3e_ros_data/include/ur3e_ros_data/ur3e_ros_data/msg/detail
-- Installing: /home/harry/ur3e_ws/install/ur3e_ros_data/include/ur3e_ros_data/ur3e_ros_data/msg/detail/joint_pose__traits.hpp
-- Installing: /home/harry/ur3e_ws/install/ur3e_ros_data/include/ur3e_ros_data/ur3e_ros_data/msg/detail/joint_pose__builder.hpp
-- Installing: /home/harry/ur3e_ws/install/ur3e_ros_data/include/ur3e_ros_data/ur3e_ros_data/msg/detail/joint_pose__struct.hpp
-- Installing: /home/harry/ur3e_ws/install/ur3e_ros_data/include/ur3e_ros_data/ur3e_ros_data/msg/joint_pose.hpp
-- Up-to-date: /home/harry/ur3e_ws/install/ur3e_ros_data/include/ur3e_ros_data/ur3e_ros_data
-- Up-to-date: /home/harry/ur3e_ws/install/ur3e_ros_data/include/ur3e_ros_data/ur3e_ros_data/action
-- Up-to-date: /home/harry/ur3e_ws/install/ur3e_ros_data/include/ur3e_ros_data/ur3e_ros_data/action/detail
-- Installing: /home/harry/ur3e_ws/install/ur3e_ros_data/include/ur3e_ros_data/ur3e_ros_data/action/detail/move_j__rosidl_typesupport_fastrtps_cpp.hpp
-- Installing: /home/harry/ur3e_ws/install/ur3e_ros_data/include/ur3e_ros_data/ur3e_ros_data/action/detail/move_l__rosidl_typesupport_fastrtps_cpp.hpp
-- Up-to-date: /home/harry/ur3e_ws/install/ur3e_ros_data/include/ur3e_ros_data/ur3e_ros_data/action/detail/dds_fastrtps
-- Up-to-date: /home/harry/ur3e_ws/install/ur3e_ros_data/include/ur3e_ros_data/ur3e_ros_data/msg
-- Installing: /home/harry/ur3e_ws/install/ur3e_ros_data/include/ur3e_ros_data/ur3e_ros_data/msg/rosidl_typesupport_fastrtps_cpp__visibility_control.h
-- Up-to-date: /home/harry/ur3e_ws/install/ur3e_ros_data/include/ur3e_ros_data/ur3e_ros_data/msg/detail
-- Installing: /home/harry/ur3e_ws/install/ur3e_ros_data/include/ur3e_ros_data/ur3e_ros_data/msg/detail/joint_pose__rosidl_typesupport_fastrtps_cpp.hpp
-- Up-to-date: /home/harry/ur3e_ws/install/ur3e_ros_data/include/ur3e_ros_data/ur3e_ros_data/msg/detail/dds_fastrtps
-- Installing: /home/harry/ur3e_ws/install/ur3e_ros_data/lib/libur3e_ros_data__rosidl_typesupport_fastrtps_cpp.so
-- Set runtime path of "/home/harry/ur3e_ws/install/ur3e_ros_data/lib/libur3e_ros_data__rosidl_typesupport_fastrtps_cpp.so" to ""
-- Up-to-date: /home/harry/ur3e_ws/install/ur3e_ros_data/include/ur3e_ros_data/ur3e_ros_data
-- Up-to-date: /home/harry/ur3e_ws/install/ur3e_ros_data/include/ur3e_ros_data/ur3e_ros_data/action
-- Up-to-date: /home/harry/ur3e_ws/install/ur3e_ros_data/include/ur3e_ros_data/ur3e_ros_data/action/detail
-- Installing: /home/harry/ur3e_ws/install/ur3e_ros_data/include/ur3e_ros_data/ur3e_ros_data/action/detail/move_l__type_support.cpp
-- Installing: /home/harry/ur3e_ws/install/ur3e_ros_data/include/ur3e_ros_data/ur3e_ros_data/action/detail/move_j__rosidl_typesupport_introspection_cpp.hpp
-- Installing: /home/harry/ur3e_ws/install/ur3e_ros_data/include/ur3e_ros_data/ur3e_ros_data/action/detail/move_l__rosidl_typesupport_introspection_cpp.hpp
-- Installing: /home/harry/ur3e_ws/install/ur3e_ros_data/include/ur3e_ros_data/ur3e_ros_data/action/detail/move_j__type_support.cpp
-- Up-to-date: /home/harry/ur3e_ws/install/ur3e_ros_data/include/ur3e_ros_data/ur3e_ros_data/msg
-- Up-to-date: /home/harry/ur3e_ws/install/ur3e_ros_data/include/ur3e_ros_data/ur3e_ros_data/msg/detail
-- Installing: /home/harry/ur3e_ws/install/ur3e_ros_data/include/ur3e_ros_data/ur3e_ros_data/msg/detail/joint_pose__type_support.cpp
-- Installing: /home/harry/ur3e_ws/install/ur3e_ros_data/include/ur3e_ros_data/ur3e_ros_data/msg/detail/joint_pose__rosidl_typesupport_introspection_cpp.hpp
-- Installing: /home/harry/ur3e_ws/install/ur3e_ros_data/lib/libur3e_ros_data__rosidl_typesupport_introspection_cpp.so
-- Set runtime path of "/home/harry/ur3e_ws/install/ur3e_ros_data/lib/libur3e_ros_data__rosidl_typesupport_introspection_cpp.so" to ""
-- Installing: /home/harry/ur3e_ws/install/ur3e_ros_data/lib/libur3e_ros_data__rosidl_typesupport_cpp.so
-- Set runtime path of "/home/harry/ur3e_ws/install/ur3e_ros_data/lib/libur3e_ros_data__rosidl_typesupport_cpp.so" to ""
-- Installing: /home/harry/ur3e_ws/install/ur3e_ros_data/share/ur3e_ros_data/environment/pythonpath.sh
-- Installing: /home/harry/ur3e_ws/install/ur3e_ros_data/share/ur3e_ros_data/environment/pythonpath.dsv
-- Up-to-date: /home/harry/ur3e_ws/install/ur3e_ros_data/lib/python3.10/site-packages/ur3e_ros_data-0.0.0-py3.10.egg-info
-- Installing: /home/harry/ur3e_ws/install/ur3e_ros_data/lib/python3.10/site-packages/ur3e_ros_data-0.0.0-py3.10.egg-info/PKG-INFO
-- Installing: /home/harry/ur3e_ws/install/ur3e_ros_data/lib/python3.10/site-packages/ur3e_ros_data-0.0.0-py3.10.egg-info/top_level.txt
-- Installing: /home/harry/ur3e_ws/install/ur3e_ros_data/lib/python3.10/site-packages/ur3e_ros_data-0.0.0-py3.10.egg-info/SOURCES.txt
-- Installing: /home/harry/ur3e_ws/install/ur3e_ros_data/lib/python3.10/site-packages/ur3e_ros_data-0.0.0-py3.10.egg-info/dependency_links.txt
-- Up-to-date: /home/harry/ur3e_ws/install/ur3e_ros_data/lib/python3.10/site-packages/ur3e_ros_data
-- Installing: /home/harry/ur3e_ws/install/ur3e_ros_data/lib/python3.10/site-packages/ur3e_ros_data/_ur3e_ros_data_s.ep.rosidl_typesupport_introspection_c.c
-- Installing: /home/harry/ur3e_ws/install/ur3e_ros_data/lib/python3.10/site-packages/ur3e_ros_data/_ur3e_ros_data_s.ep.rosidl_typesupport_fastrtps_c.c
-- Installing: /home/harry/ur3e_ws/install/ur3e_ros_data/lib/python3.10/site-packages/ur3e_ros_data/__init__.py
-- Installing: /home/harry/ur3e_ws/install/ur3e_ros_data/lib/python3.10/site-packages/ur3e_ros_data/ur3e_ros_data_s__rosidl_typesupport_introspection_c.cpython-310-x86_64-linux-gnu.so
-- Installing: /home/harry/ur3e_ws/install/ur3e_ros_data/lib/python3.10/site-packages/ur3e_ros_data/ur3e_ros_data_s__rosidl_typesupport_fastrtps_c.cpython-310-x86_64-linux-gnu.so
-- Installing: /home/harry/ur3e_ws/install/ur3e_ros_data/lib/python3.10/site-packages/ur3e_ros_data/ur3e_ros_data_s__rosidl_typesupport_c.cpython-310-x86_64-linux-gnu.so
-- Up-to-date: /home/harry/ur3e_ws/install/ur3e_ros_data/lib/python3.10/site-packages/ur3e_ros_data/action
-- Installing: /home/harry/ur3e_ws/install/ur3e_ros_data/lib/python3.10/site-packages/ur3e_ros_data/action/_move_l_s.c
-- Installing: /home/harry/ur3e_ws/install/ur3e_ros_data/lib/python3.10/site-packages/ur3e_ros_data/action/__init__.py
-- Installing: /home/harry/ur3e_ws/install/ur3e_ros_data/lib/python3.10/site-packages/ur3e_ros_data/action/_move_j_s.c
-- Installing: /home/harry/ur3e_ws/install/ur3e_ros_data/lib/python3.10/site-packages/ur3e_ros_data/action/_move_j.py
-- Installing: /home/harry/ur3e_ws/install/ur3e_ros_data/lib/python3.10/site-packages/ur3e_ros_data/action/_move_l.py
-- Up-to-date: /home/harry/ur3e_ws/install/ur3e_ros_data/lib/python3.10/site-packages/ur3e_ros_data/msg
-- Installing: /home/harry/ur3e_ws/install/ur3e_ros_data/lib/python3.10/site-packages/ur3e_ros_data/msg/_joint_pose.py
-- Installing: /home/harry/ur3e_ws/install/ur3e_ros_data/lib/python3.10/site-packages/ur3e_ros_data/msg/__init__.py
-- Installing: /home/harry/ur3e_ws/install/ur3e_ros_data/lib/python3.10/site-packages/ur3e_ros_data/msg/_joint_pose_s.c
-- Installing: /home/harry/ur3e_ws/install/ur3e_ros_data/lib/python3.10/site-packages/ur3e_ros_data/_ur3e_ros_data_s.ep.rosidl_typesupport_c.c
-- Installing: /home/harry/ur3e_ws/install/ur3e_ros_data/lib/python3.10/site-packages/ur3e_ros_data/libur3e_ros_data__rosidl_generator_py.so
Listing '/home/harry/ur3e_ws/install/ur3e_ros_data/lib/python3.10/site-packages/ur3e_ros_data'...
Compiling '/home/harry/ur3e_ws/install/ur3e_ros_data/lib/python3.10/site-packages/ur3e_ros_data/__init__.py'...
Listing '/home/harry/ur3e_ws/install/ur3e_ros_data/lib/python3.10/site-packages/ur3e_ros_data/action'...
Compiling '/home/harry/ur3e_ws/install/ur3e_ros_data/lib/python3.10/site-packages/ur3e_ros_data/action/__init__.py'...
Compiling '/home/harry/ur3e_ws/install/ur3e_ros_data/lib/python3.10/site-packages/ur3e_ros_data/action/_move_j.py'...
Compiling '/home/harry/ur3e_ws/install/ur3e_ros_data/lib/python3.10/site-packages/ur3e_ros_data/action/_move_l.py'...
Listing '/home/harry/ur3e_ws/install/ur3e_ros_data/lib/python3.10/site-packages/ur3e_ros_data/msg'...
Compiling '/home/harry/ur3e_ws/install/ur3e_ros_data/lib/python3.10/site-packages/ur3e_ros_data/msg/__init__.py'...
Compiling '/home/harry/ur3e_ws/install/ur3e_ros_data/lib/python3.10/site-packages/ur3e_ros_data/msg/_joint_pose.py'...
-- Installing: /home/harry/ur3e_ws/install/ur3e_ros_data/lib/python3.10/site-packages/ur3e_ros_data/ur3e_ros_data_s__rosidl_typesupport_fastrtps_c.cpython-310-x86_64-linux-gnu.so
-- Set runtime path of "/home/harry/ur3e_ws/install/ur3e_ros_data/lib/python3.10/site-packages/ur3e_ros_data/ur3e_ros_data_s__rosidl_typesupport_fastrtps_c.cpython-310-x86_64-linux-gnu.so" to ""
-- Installing: /home/harry/ur3e_ws/install/ur3e_ros_data/lib/python3.10/site-packages/ur3e_ros_data/ur3e_ros_data_s__rosidl_typesupport_introspection_c.cpython-310-x86_64-linux-gnu.so
-- Set runtime path of "/home/harry/ur3e_ws/install/ur3e_ros_data/lib/python3.10/site-packages/ur3e_ros_data/ur3e_ros_data_s__rosidl_typesupport_introspection_c.cpython-310-x86_64-linux-gnu.so" to ""
-- Installing: /home/harry/ur3e_ws/install/ur3e_ros_data/lib/python3.10/site-packages/ur3e_ros_data/ur3e_ros_data_s__rosidl_typesupport_c.cpython-310-x86_64-linux-gnu.so
-- Set runtime path of "/home/harry/ur3e_ws/install/ur3e_ros_data/lib/python3.10/site-packages/ur3e_ros_data/ur3e_ros_data_s__rosidl_typesupport_c.cpython-310-x86_64-linux-gnu.so" to ""
-- Installing: /home/harry/ur3e_ws/install/ur3e_ros_data/lib/libur3e_ros_data__rosidl_generator_py.so
-- Set runtime path of "/home/harry/ur3e_ws/install/ur3e_ros_data/lib/libur3e_ros_data__rosidl_generator_py.so" to ""
-- Installing: /home/harry/ur3e_ws/install/ur3e_ros_data/share/ur3e_ros_data/msg/JointPose.idl
-- Installing: /home/harry/ur3e_ws/install/ur3e_ros_data/share/ur3e_ros_data/action/MoveJ.idl
-- Installing: /home/harry/ur3e_ws/install/ur3e_ros_data/share/ur3e_ros_data/action/MoveL.idl
-- Up-to-date: /home/harry/ur3e_ws/install/ur3e_ros_data/share/ur3e_ros_data/msg/JointPose.msg
-- Up-to-date: /home/harry/ur3e_ws/install/ur3e_ros_data/share/ur3e_ros_data/action/MoveJ.action
-- Up-to-date: /home/harry/ur3e_ws/install/ur3e_ros_data/share/ur3e_ros_data/action/MoveL.action
-- Installing: /home/harry/ur3e_ws/install/ur3e_ros_data/share/ament_index/resource_index/package_run_dependencies/ur3e_ros_data
-- Installing: /home/harry/ur3e_ws/install/ur3e_ros_data/share/ament_index/resource_index/parent_prefix_path/ur3e_ros_data
-- Up-to-date: /home/harry/ur3e_ws/install/ur3e_ros_data/share/ur3e_ros_data/environment/ament_prefix_path.sh
-- Installing: /home/harry/ur3e_ws/install/ur3e_ros_data/share/ur3e_ros_data/environment/ament_prefix_path.dsv
-- Up-to-date: /home/harry/ur3e_ws/install/ur3e_ros_data/share/ur3e_ros_data/environment/path.sh
-- Installing: /home/harry/ur3e_ws/install/ur3e_ros_data/share/ur3e_ros_data/environment/path.dsv
-- Installing: /home/harry/ur3e_ws/install/ur3e_ros_data/share/ur3e_ros_data/local_setup.bash
-- Installing: /home/harry/ur3e_ws/install/ur3e_ros_data/share/ur3e_ros_data/local_setup.sh
-- Installing: /home/harry/ur3e_ws/install/ur3e_ros_data/share/ur3e_ros_data/local_setup.zsh
-- Installing: /home/harry/ur3e_ws/install/ur3e_ros_data/share/ur3e_ros_data/local_setup.dsv
-- Installing: /home/harry/ur3e_ws/install/ur3e_ros_data/share/ur3e_ros_data/package.dsv
-- Installing: /home/harry/ur3e_ws/install/ur3e_ros_data/share/ament_index/resource_index/packages/ur3e_ros_data
-- Installing: /home/harry/ur3e_ws/install/ur3e_ros_data/share/ur3e_ros_data/cmake/export_ur3e_ros_data__rosidl_generator_cExport.cmake
-- Installing: /home/harry/ur3e_ws/install/ur3e_ros_data/share/ur3e_ros_data/cmake/export_ur3e_ros_data__rosidl_generator_cExport-noconfig.cmake
-- Installing: /home/harry/ur3e_ws/install/ur3e_ros_data/share/ur3e_ros_data/cmake/export_ur3e_ros_data__rosidl_typesupport_fastrtps_cExport.cmake
-- Installing: /home/harry/ur3e_ws/install/ur3e_ros_data/share/ur3e_ros_data/cmake/export_ur3e_ros_data__rosidl_typesupport_fastrtps_cExport-noconfig.cmake
-- Installing: /home/harry/ur3e_ws/install/ur3e_ros_data/share/ur3e_ros_data/cmake/ur3e_ros_data__rosidl_typesupport_introspection_cExport.cmake
-- Installing: /home/harry/ur3e_ws/install/ur3e_ros_data/share/ur3e_ros_data/cmake/ur3e_ros_data__rosidl_typesupport_introspection_cExport-noconfig.cmake
-- Installing: /home/harry/ur3e_ws/install/ur3e_ros_data/share/ur3e_ros_data/cmake/ur3e_ros_data__rosidl_typesupport_cExport.cmake
-- Installing: /home/harry/ur3e_ws/install/ur3e_ros_data/share/ur3e_ros_data/cmake/ur3e_ros_data__rosidl_typesupport_cExport-noconfig.cmake
-- Installing: /home/harry/ur3e_ws/install/ur3e_ros_data/share/ur3e_ros_data/cmake/export_ur3e_ros_data__rosidl_generator_cppExport.cmake
-- Installing: /home/harry/ur3e_ws/install/ur3e_ros_data/share/ur3e_ros_data/cmake/export_ur3e_ros_data__rosidl_typesupport_fastrtps_cppExport.cmake
-- Installing: /home/harry/ur3e_ws/install/ur3e_ros_data/share/ur3e_ros_data/cmake/export_ur3e_ros_data__rosidl_typesupport_fastrtps_cppExport-noconfig.cmake
-- Installing: /home/harry/ur3e_ws/install/ur3e_ros_data/share/ur3e_ros_data/cmake/ur3e_ros_data__rosidl_typesupport_introspection_cppExport.cmake
-- Installing: /home/harry/ur3e_ws/install/ur3e_ros_data/share/ur3e_ros_data/cmake/ur3e_ros_data__rosidl_typesupport_introspection_cppExport-noconfig.cmake
-- Installing: /home/harry/ur3e_ws/install/ur3e_ros_data/share/ur3e_ros_data/cmake/ur3e_ros_data__rosidl_typesupport_cppExport.cmake
-- Installing: /home/harry/ur3e_ws/install/ur3e_ros_data/share/ur3e_ros_data/cmake/ur3e_ros_data__rosidl_typesupport_cppExport-noconfig.cmake
-- Installing: /home/harry/ur3e_ws/install/ur3e_ros_data/share/ur3e_ros_data/cmake/export_ur3e_ros_data__rosidl_generator_pyExport.cmake
-- Installing: /home/harry/ur3e_ws/install/ur3e_ros_data/share/ur3e_ros_data/cmake/export_ur3e_ros_data__rosidl_generator_pyExport-noconfig.cmake
-- Installing: /home/harry/ur3e_ws/install/ur3e_ros_data/share/ur3e_ros_data/cmake/rosidl_cmake-extras.cmake
-- Installing: /home/harry/ur3e_ws/install/ur3e_ros_data/share/ur3e_ros_data/cmake/ament_cmake_export_dependencies-extras.cmake
-- Installing: /home/harry/ur3e_ws/install/ur3e_ros_data/share/ur3e_ros_data/cmake/ament_cmake_export_include_directories-extras.cmake
-- Installing: /home/harry/ur3e_ws/install/ur3e_ros_data/share/ur3e_ros_data/cmake/ament_cmake_export_libraries-extras.cmake
-- Installing: /home/harry/ur3e_ws/install/ur3e_ros_data/share/ur3e_ros_data/cmake/ament_cmake_export_targets-extras.cmake
-- Installing: /home/harry/ur3e_ws/install/ur3e_ros_data/share/ur3e_ros_data/cmake/rosidl_cmake_export_typesupport_targets-extras.cmake
-- Installing: /home/harry/ur3e_ws/install/ur3e_ros_data/share/ur3e_ros_data/cmake/rosidl_cmake_export_typesupport_libraries-extras.cmake
-- Installing: /home/harry/ur3e_ws/install/ur3e_ros_data/share/ur3e_ros_data/cmake/ur3e_ros_dataConfig.cmake
-- Installing: /home/harry/ur3e_ws/install/ur3e_ros_data/share/ur3e_ros_data/cmake/ur3e_ros_dataConfig-version.cmake
-- Up-to-date: /home/harry/ur3e_ws/install/ur3e_ros_data/share/ur3e_ros_data/package.xml
