[5.659s] Invoking command in '/home/harry/ur3e_ws/src/ur3e_ros_action': PYTHONPATH=/home/harry/ur3e_ws/build/ur3e_ros_action/prefix_override:/home/harry/ur3e_ws/install/ur3e_ros_action/lib/python3.10/site-packages:${PYTHONPATH} /usr/bin/python3 -W ignore:setup.py install is deprecated setup.py egg_info --egg-base ../../build/ur3e_ros_action build --build-base /home/harry/ur3e_ws/build/ur3e_ros_action/build install --record /home/harry/ur3e_ws/build/ur3e_ros_action/install.log --single-version-externally-managed install_data
[7.625s] running egg_info
[7.627s] writing ../../build/ur3e_ros_action/ur3e_ros_action.egg-info/PKG-INFO
[7.629s] writing dependency_links to ../../build/ur3e_ros_action/ur3e_ros_action.egg-info/dependency_links.txt
[7.630s] writing entry points to ../../build/ur3e_ros_action/ur3e_ros_action.egg-info/entry_points.txt
[7.639s] writing requirements to ../../build/ur3e_ros_action/ur3e_ros_action.egg-info/requires.txt
[7.640s] writing top-level names to ../../build/ur3e_ros_action/ur3e_ros_action.egg-info/top_level.txt
[7.657s] reading manifest file '../../build/ur3e_ros_action/ur3e_ros_action.egg-info/SOURCES.txt'
[7.666s] writing manifest file '../../build/ur3e_ros_action/ur3e_ros_action.egg-info/SOURCES.txt'
[7.667s] running build
[7.667s] running build_py
[7.668s] running install
[7.669s] running install_lib
[7.682s] running install_data
[7.682s] running install_egg_info
[7.689s] removing '/home/harry/ur3e_ws/install/ur3e_ros_action/lib/python3.10/site-packages/ur3e_ros_action-0.0.0-py3.10.egg-info' (and everything under it)
[7.696s] Copying ../../build/ur3e_ros_action/ur3e_ros_action.egg-info to /home/harry/ur3e_ws/install/ur3e_ros_action/lib/python3.10/site-packages/ur3e_ros_action-0.0.0-py3.10.egg-info
[7.699s] running install_scripts
[7.865s] Installing moveJ script to /home/harry/ur3e_ws/install/ur3e_ros_action/lib/ur3e_ros_action
[7.876s] writing list of installed files to '/home/harry/ur3e_ws/build/ur3e_ros_action/install.log'
[8.046s] Invoked command in '/home/harry/ur3e_ws/src/ur3e_ros_action' returned '0': PYTHONPATH=/home/harry/ur3e_ws/build/ur3e_ros_action/prefix_override:/home/harry/ur3e_ws/install/ur3e_ros_action/lib/python3.10/site-packages:${PYTHONPATH} /usr/bin/python3 -W ignore:setup.py install is deprecated setup.py egg_info --egg-base ../../build/ur3e_ros_action build --build-base /home/harry/ur3e_ws/build/ur3e_ros_action/build install --record /home/harry/ur3e_ws/build/ur3e_ros_action/install.log --single-version-externally-managed install_data
