[0.015s] Invoking command in '/home/harry/ur3e_ws/build/ur_moveit_config': CMAKE_PREFIX_PATH=/home/harry/ur3e_ws/install/ur_description:/home/harry/ur3e_ws/install/ur_moveit_config:/home/harry/ur3e_ws/install/ur_dashboard_msgs:/home/harry/ur3e_ws/install/ur3e_ros_action_cpp:/home/harry/ur3e_ws/install/ur3e_moveit:/home/harry/ur3e_ws/install/ur3e_ros_data:/home/harry/ur3e_ws/install/ur3e_gazebo_sim:/home/harry/ur3e_ws/install/ur3e_ros_action:/opt/ros/iron /usr/bin/cmake --build /home/harry/ur3e_ws/build/ur_moveit_config -- -j8 -l8
[0.061s] Built target ament_cmake_python_copy_ur_moveit_config
[0.259s] running egg_info
[0.260s] writing ur_moveit_config.egg-info/PKG-INFO
[0.260s] writing dependency_links to ur_moveit_config.egg-info/dependency_links.txt
[0.260s] writing top-level names to ur_moveit_config.egg-info/top_level.txt
[0.262s] reading manifest file 'ur_moveit_config.egg-info/SOURCES.txt'
[0.263s] writing manifest file 'ur_moveit_config.egg-info/SOURCES.txt'
[0.288s] Built target ament_cmake_python_build_ur_moveit_config_egg
[0.295s] Invoked command in '/home/harry/ur3e_ws/build/ur_moveit_config' returned '0': CMAKE_PREFIX_PATH=/home/harry/ur3e_ws/install/ur_description:/home/harry/ur3e_ws/install/ur_moveit_config:/home/harry/ur3e_ws/install/ur_dashboard_msgs:/home/harry/ur3e_ws/install/ur3e_ros_action_cpp:/home/harry/ur3e_ws/install/ur3e_moveit:/home/harry/ur3e_ws/install/ur3e_ros_data:/home/harry/ur3e_ws/install/ur3e_gazebo_sim:/home/harry/ur3e_ws/install/ur3e_ros_action:/opt/ros/iron /usr/bin/cmake --build /home/harry/ur3e_ws/build/ur_moveit_config -- -j8 -l8
[0.314s] Invoking command in '/home/harry/ur3e_ws/build/ur_moveit_config': CMAKE_PREFIX_PATH=/home/harry/ur3e_ws/install/ur_description:/home/harry/ur3e_ws/install/ur_moveit_config:/home/harry/ur3e_ws/install/ur_dashboard_msgs:/home/harry/ur3e_ws/install/ur3e_ros_action_cpp:/home/harry/ur3e_ws/install/ur3e_moveit:/home/harry/ur3e_ws/install/ur3e_ros_data:/home/harry/ur3e_ws/install/ur3e_gazebo_sim:/home/harry/ur3e_ws/install/ur3e_ros_action:/opt/ros/iron /usr/bin/cmake --install /home/harry/ur3e_ws/build/ur_moveit_config
[0.320s] -- Install configuration: ""
[0.321s] -- Up-to-date: /home/harry/ur3e_ws/install/ur_moveit_config/share/ur_moveit_config/config
[0.321s] -- Up-to-date: /home/harry/ur3e_ws/install/ur_moveit_config/share/ur_moveit_config/config/controllers.yaml
[0.321s] -- Up-to-date: /home/harry/ur3e_ws/install/ur_moveit_config/share/ur_moveit_config/config/ur_servo.yaml
[0.321s] -- Up-to-date: /home/harry/ur3e_ws/install/ur_moveit_config/share/ur_moveit_config/config/ompl_planning.yaml
[0.321s] -- Up-to-date: /home/harry/ur3e_ws/install/ur_moveit_config/share/ur_moveit_config/config/joint_limits.yaml
[0.321s] -- Up-to-date: /home/harry/ur3e_ws/install/ur_moveit_config/share/ur_moveit_config/config/kinematics.yaml
[0.322s] -- Up-to-date: /home/harry/ur3e_ws/install/ur_moveit_config/share/ur_moveit_config/launch
[0.322s] -- Up-to-date: /home/harry/ur3e_ws/install/ur_moveit_config/share/ur_moveit_config/launch/ur_moveit.launch.py
[0.323s] -- Up-to-date: /home/harry/ur3e_ws/install/ur_moveit_config/share/ur_moveit_config/rviz
[0.323s] -- Up-to-date: /home/harry/ur3e_ws/install/ur_moveit_config/share/ur_moveit_config/rviz/view_robot.rviz
[0.323s] -- Up-to-date: /home/harry/ur3e_ws/install/ur_moveit_config/share/ur_moveit_config/srdf
[0.323s] -- Up-to-date: /home/harry/ur3e_ws/install/ur_moveit_config/share/ur_moveit_config/srdf/ur_macro.srdf.xacro
[0.323s] -- Up-to-date: /home/harry/ur3e_ws/install/ur_moveit_config/share/ur_moveit_config/srdf/ur.srdf.xacro
[0.323s] -- Up-to-date: /home/harry/ur3e_ws/install/ur_moveit_config/share/ur_moveit_config/environment/pythonpath.sh
[0.323s] -- Up-to-date: /home/harry/ur3e_ws/install/ur_moveit_config/share/ur_moveit_config/environment/pythonpath.dsv
[0.323s] -- Up-to-date: /home/harry/ur3e_ws/install/ur_moveit_config/lib/python3.10/site-packages/ur_moveit_config-2.4.4-py3.10.egg-info
[0.323s] -- Installing: /home/harry/ur3e_ws/install/ur_moveit_config/lib/python3.10/site-packages/ur_moveit_config-2.4.4-py3.10.egg-info/PKG-INFO
[0.323s] -- Installing: /home/harry/ur3e_ws/install/ur_moveit_config/lib/python3.10/site-packages/ur_moveit_config-2.4.4-py3.10.egg-info/top_level.txt
[0.323s] -- Installing: /home/harry/ur3e_ws/install/ur_moveit_config/lib/python3.10/site-packages/ur_moveit_config-2.4.4-py3.10.egg-info/SOURCES.txt
[0.323s] -- Installing: /home/harry/ur3e_ws/install/ur_moveit_config/lib/python3.10/site-packages/ur_moveit_config-2.4.4-py3.10.egg-info/dependency_links.txt
[0.323s] -- Up-to-date: /home/harry/ur3e_ws/install/ur_moveit_config/lib/python3.10/site-packages/ur_moveit_config
[0.324s] -- Up-to-date: /home/harry/ur3e_ws/install/ur_moveit_config/lib/python3.10/site-packages/ur_moveit_config/launch_common.py
[0.324s] -- Up-to-date: /home/harry/ur3e_ws/install/ur_moveit_config/lib/python3.10/site-packages/ur_moveit_config/__init__.py
[0.346s] Listing '/home/harry/ur3e_ws/install/ur_moveit_config/lib/python3.10/site-packages/ur_moveit_config'...
[0.352s] -- Up-to-date: /home/harry/ur3e_ws/install/ur_moveit_config/lib/python3.10/site-packages/launch_common.py
[0.379s] -- Up-to-date: /home/harry/ur3e_ws/install/ur_moveit_config/share/ament_index/resource_index/package_run_dependencies/ur_moveit_config
[0.379s] -- Up-to-date: /home/harry/ur3e_ws/install/ur_moveit_config/share/ament_index/resource_index/parent_prefix_path/ur_moveit_config
[0.379s] -- Up-to-date: /home/harry/ur3e_ws/install/ur_moveit_config/share/ur_moveit_config/environment/ament_prefix_path.sh
[0.379s] -- Up-to-date: /home/harry/ur3e_ws/install/ur_moveit_config/share/ur_moveit_config/environment/ament_prefix_path.dsv
[0.379s] -- Up-to-date: /home/harry/ur3e_ws/install/ur_moveit_config/share/ur_moveit_config/environment/path.sh
[0.379s] -- Up-to-date: /home/harry/ur3e_ws/install/ur_moveit_config/share/ur_moveit_config/environment/path.dsv
[0.379s] -- Up-to-date: /home/harry/ur3e_ws/install/ur_moveit_config/share/ur_moveit_config/local_setup.bash
[0.379s] -- Up-to-date: /home/harry/ur3e_ws/install/ur_moveit_config/share/ur_moveit_config/local_setup.sh
[0.379s] -- Up-to-date: /home/harry/ur3e_ws/install/ur_moveit_config/share/ur_moveit_config/local_setup.zsh
[0.379s] -- Up-to-date: /home/harry/ur3e_ws/install/ur_moveit_config/share/ur_moveit_config/local_setup.dsv
[0.380s] -- Up-to-date: /home/harry/ur3e_ws/install/ur_moveit_config/share/ur_moveit_config/package.dsv
[0.380s] -- Up-to-date: /home/harry/ur3e_ws/install/ur_moveit_config/share/ament_index/resource_index/packages/ur_moveit_config
[0.380s] -- Up-to-date: /home/harry/ur3e_ws/install/ur_moveit_config/share/ur_moveit_config/cmake/ur_moveit_configConfig.cmake
[0.380s] -- Up-to-date: /home/harry/ur3e_ws/install/ur_moveit_config/share/ur_moveit_config/cmake/ur_moveit_configConfig-version.cmake
[0.380s] -- Up-to-date: /home/harry/ur3e_ws/install/ur_moveit_config/share/ur_moveit_config/package.xml
[0.381s] Invoked command in '/home/harry/ur3e_ws/build/ur_moveit_config' returned '0': CMAKE_PREFIX_PATH=/home/harry/ur3e_ws/install/ur_description:/home/harry/ur3e_ws/install/ur_moveit_config:/home/harry/ur3e_ws/install/ur_dashboard_msgs:/home/harry/ur3e_ws/install/ur3e_ros_action_cpp:/home/harry/ur3e_ws/install/ur3e_moveit:/home/harry/ur3e_ws/install/ur3e_ros_data:/home/harry/ur3e_ws/install/ur3e_gazebo_sim:/home/harry/ur3e_ws/install/ur3e_ros_action:/opt/ros/iron /usr/bin/cmake --install /home/harry/ur3e_ws/build/ur_moveit_config
