[0.006s] Invoking command in '/home/harry/ur3e_ws/src/build/ur3e_ros_action_cpp': AMENT_PREFIX_PATH=/home/harry/ur3e_ws/src/install/ur3e_ros_data:${AMENT_PREFIX_PATH} CMAKE_PREFIX_PATH=/home/harry/ur3e_ws/src/install/ur3e_ros_data:/home/harry/ur3e_ws/install/ur_moveit_config:/home/harry/ur3e_ws/install/ur_dashboard_msgs:/home/harry/ur3e_ws/install/ur_description:/home/harry/ur3e_ws/install/ur3e_ros_action_cpp:/home/harry/ur3e_ws/install/ur3e_moveit:/home/harry/ur3e_ws/install/ur3e_ros_data:/home/harry/ur3e_ws/install/ur3e_gazebo_sim:/home/harry/ur3e_ws/install/ur3e_ros_action:/opt/ros/iron LD_LIBRARY_PATH=/home/harry/ur3e_ws/src/install/ur3e_ros_data/lib:${LD_LIBRARY_PATH} PYTHONPATH=/home/harry/ur3e_ws/src/install/ur3e_ros_data/lib/python3.10/site-packages:${PYTHONPATH} /usr/bin/cmake /home/harry/ur3e_ws/src/ur3e_ros_action_cpp -DCMAKE_INSTALL_PREFIX=/home/harry/ur3e_ws/src/install/ur3e_ros_action_cpp
[0.041s] -- The C compiler identification is GNU 11.4.0
[0.080s] -- The CXX compiler identification is GNU 11.4.0
[0.085s] -- Detecting C compiler ABI info
[0.132s] -- Detecting C compiler ABI info - done
[0.136s] -- Check for working C compiler: /usr/bin/cc - skipped
[0.137s] -- Detecting C compile features
[0.137s] -- Detecting C compile features - done
[0.139s] -- Detecting CXX compiler ABI info
[0.196s] -- Detecting CXX compiler ABI info - done
[0.203s] -- Check for working CXX compiler: /usr/bin/c++ - skipped
[0.203s] -- Detecting CXX compile features
[0.203s] -- Detecting CXX compile features - done
[0.207s] -- Found ament_cmake: 2.0.4 (/opt/ros/iron/share/ament_cmake/cmake)
[0.329s] -- Found Python3: /usr/bin/python3.10 (found version "3.10.12") found components: Interpreter 
[0.393s] -- Found ur3e_ros_data: 0.0.0 (/home/harry/ur3e_ws/src/install/ur3e_ros_data/share/ur3e_ros_data/cmake)
[0.420s] -- Found rosidl_generator_c: 4.0.1 (/opt/ros/iron/share/rosidl_generator_c/cmake)
[0.429s] -- Found rosidl_generator_cpp: 4.0.1 (/opt/ros/iron/share/rosidl_generator_cpp/cmake)
[0.440s] -- Using all available rosidl_typesupport_c: rosidl_typesupport_fastrtps_c;rosidl_typesupport_introspection_c
[0.454s] -- Using all available rosidl_typesupport_cpp: rosidl_typesupport_fastrtps_cpp;rosidl_typesupport_introspection_cpp
[0.608s] -- Found std_msgs: 5.0.0 (/opt/ros/iron/share/std_msgs/cmake)
[0.629s] -- Found rclcpp: 21.0.5 (/opt/ros/iron/share/rclcpp/cmake)
[0.699s] -- Found rmw_implementation_cmake: 7.1.0 (/opt/ros/iron/share/rmw_implementation_cmake/cmake)
[0.701s] -- Found rmw_fastrtps_cpp: 7.1.3 (/opt/ros/iron/share/rmw_fastrtps_cpp/cmake)
[0.768s] -- Found OpenSSL: /usr/lib/x86_64-linux-gnu/libcrypto.so (found version "3.0.2")  
[0.787s] -- Found FastRTPS: /opt/ros/iron/include  
[0.816s] -- Using RMW implementation 'rmw_fastrtps_cpp' as default
[0.925s] -- Found rclcpp_action: 21.0.5 (/opt/ros/iron/share/rclcpp_action/cmake)
[0.949s] -- Found rclcpp_components: 21.0.5 (/opt/ros/iron/share/rclcpp_components/cmake)
[1.029s] -- Found moveit_ros_planning_interface: 2.8.0 (/opt/ros/iron/share/moveit_ros_planning_interface/cmake)
[1.147s] -- Found Boost: /usr/lib/x86_64-linux-gnu/cmake/Boost-1.74.0/BoostConfig.cmake (found version "1.74.0") found components: date_time filesystem program_options system thread 
[1.820s] -- Found Boost: /usr/lib/x86_64-linux-gnu/cmake/Boost-1.74.0/BoostConfig.cmake (found version "1.74.0") found components: chrono date_time filesystem iostreams program_options regex serialization system thread 
[1.845s] -- Found parameter_traits: 0.3.7 (/opt/ros/iron/share/parameter_traits/cmake)
[1.856s] -- Found Eigen3: TRUE (found version "3.4.0") 
[1.858s] -- Found rclcpp_lifecycle: 21.0.5 (/opt/ros/iron/share/rclcpp_lifecycle/cmake)
[1.927s] -- Found Boost: /usr/lib/x86_64-linux-gnu/cmake/Boost-1.74.0/BoostConfig.cmake (found version "1.74.0") found components: filesystem 
[1.988s] -- library: /usr/lib/x86_64-linux-gnu/libcurl.so
[2.117s] -- Ensuring Eigen3 include directory is part of orocos-kdl CMake target
[2.413s] -- Found Boost: /usr/lib/x86_64-linux-gnu/cmake/Boost-1.74.0/BoostConfig.cmake (found version "1.74.0") found components: system filesystem date_time program_options thread chrono 
[2.780s] -- Found Boost: /usr/lib/x86_64-linux-gnu/cmake/Boost-1.74.0/BoostConfig.cmake (found version "1.74.0") found components: thread system filesystem regex date_time program_options 
[2.935s] -- Found Boost: /usr/lib/x86_64-linux-gnu/cmake/Boost-1.74.0/BoostConfig.cmake (found version "1.74.0") found components: system filesystem date_time program_options thread 
[3.146s] -- Found ament_lint_auto: 0.14.3 (/opt/ros/iron/share/ament_lint_auto/cmake)
[3.200s] -- Added test 'cppcheck' to perform static code analysis on C / C++ code
[3.200s] -- Configured cppcheck include dirs: 
[3.200s] -- Configured cppcheck exclude dirs and/or files: 
[3.200s] -- Added test 'lint_cmake' to check CMake code style
[3.201s] -- Added test 'uncrustify' to check C / C++ code style
[3.201s] -- Configured uncrustify additional arguments: 
[3.201s] -- Added test 'xmllint' to check XML markup files
[3.202s] -- Configuring done
[3.219s] -- Generating done
[3.221s] -- Build files have been written to: /home/harry/ur3e_ws/src/build/ur3e_ros_action_cpp
[3.230s] Invoked command in '/home/harry/ur3e_ws/src/build/ur3e_ros_action_cpp' returned '0': AMENT_PREFIX_PATH=/home/harry/ur3e_ws/src/install/ur3e_ros_data:${AMENT_PREFIX_PATH} CMAKE_PREFIX_PATH=/home/harry/ur3e_ws/src/install/ur3e_ros_data:/home/harry/ur3e_ws/install/ur_moveit_config:/home/harry/ur3e_ws/install/ur_dashboard_msgs:/home/harry/ur3e_ws/install/ur_description:/home/harry/ur3e_ws/install/ur3e_ros_action_cpp:/home/harry/ur3e_ws/install/ur3e_moveit:/home/harry/ur3e_ws/install/ur3e_ros_data:/home/harry/ur3e_ws/install/ur3e_gazebo_sim:/home/harry/ur3e_ws/install/ur3e_ros_action:/opt/ros/iron LD_LIBRARY_PATH=/home/harry/ur3e_ws/src/install/ur3e_ros_data/lib:${LD_LIBRARY_PATH} PYTHONPATH=/home/harry/ur3e_ws/src/install/ur3e_ros_data/lib/python3.10/site-packages:${PYTHONPATH} /usr/bin/cmake /home/harry/ur3e_ws/src/ur3e_ros_action_cpp -DCMAKE_INSTALL_PREFIX=/home/harry/ur3e_ws/src/install/ur3e_ros_action_cpp
[3.231s] Invoking command in '/home/harry/ur3e_ws/src/build/ur3e_ros_action_cpp': AMENT_PREFIX_PATH=/home/harry/ur3e_ws/src/install/ur3e_ros_data:${AMENT_PREFIX_PATH} CMAKE_PREFIX_PATH=/home/harry/ur3e_ws/src/install/ur3e_ros_data:/home/harry/ur3e_ws/install/ur_moveit_config:/home/harry/ur3e_ws/install/ur_dashboard_msgs:/home/harry/ur3e_ws/install/ur_description:/home/harry/ur3e_ws/install/ur3e_ros_action_cpp:/home/harry/ur3e_ws/install/ur3e_moveit:/home/harry/ur3e_ws/install/ur3e_ros_data:/home/harry/ur3e_ws/install/ur3e_gazebo_sim:/home/harry/ur3e_ws/install/ur3e_ros_action:/opt/ros/iron LD_LIBRARY_PATH=/home/harry/ur3e_ws/src/install/ur3e_ros_data/lib:${LD_LIBRARY_PATH} PYTHONPATH=/home/harry/ur3e_ws/src/install/ur3e_ros_data/lib/python3.10/site-packages:${PYTHONPATH} /usr/bin/cmake --build /home/harry/ur3e_ws/src/build/ur3e_ros_action_cpp -- -j8 -l8
[3.264s] [ 50%] [32mBuilding CXX object CMakeFiles/moveJ_action.dir/src/moveJ_action.cpp.o[0m
[8.868s] [100%] [32m[1mLinking CXX executable moveJ_action[0m
[9.137s] [100%] Built target moveJ_action
[9.147s] Invoked command in '/home/harry/ur3e_ws/src/build/ur3e_ros_action_cpp' returned '0': AMENT_PREFIX_PATH=/home/harry/ur3e_ws/src/install/ur3e_ros_data:${AMENT_PREFIX_PATH} CMAKE_PREFIX_PATH=/home/harry/ur3e_ws/src/install/ur3e_ros_data:/home/harry/ur3e_ws/install/ur_moveit_config:/home/harry/ur3e_ws/install/ur_dashboard_msgs:/home/harry/ur3e_ws/install/ur_description:/home/harry/ur3e_ws/install/ur3e_ros_action_cpp:/home/harry/ur3e_ws/install/ur3e_moveit:/home/harry/ur3e_ws/install/ur3e_ros_data:/home/harry/ur3e_ws/install/ur3e_gazebo_sim:/home/harry/ur3e_ws/install/ur3e_ros_action:/opt/ros/iron LD_LIBRARY_PATH=/home/harry/ur3e_ws/src/install/ur3e_ros_data/lib:${LD_LIBRARY_PATH} PYTHONPATH=/home/harry/ur3e_ws/src/install/ur3e_ros_data/lib/python3.10/site-packages:${PYTHONPATH} /usr/bin/cmake --build /home/harry/ur3e_ws/src/build/ur3e_ros_action_cpp -- -j8 -l8
[9.174s] Invoking command in '/home/harry/ur3e_ws/src/build/ur3e_ros_action_cpp': AMENT_PREFIX_PATH=/home/harry/ur3e_ws/src/install/ur3e_ros_data:${AMENT_PREFIX_PATH} CMAKE_PREFIX_PATH=/home/harry/ur3e_ws/src/install/ur3e_ros_data:/home/harry/ur3e_ws/install/ur_moveit_config:/home/harry/ur3e_ws/install/ur_dashboard_msgs:/home/harry/ur3e_ws/install/ur_description:/home/harry/ur3e_ws/install/ur3e_ros_action_cpp:/home/harry/ur3e_ws/install/ur3e_moveit:/home/harry/ur3e_ws/install/ur3e_ros_data:/home/harry/ur3e_ws/install/ur3e_gazebo_sim:/home/harry/ur3e_ws/install/ur3e_ros_action:/opt/ros/iron LD_LIBRARY_PATH=/home/harry/ur3e_ws/src/install/ur3e_ros_data/lib:${LD_LIBRARY_PATH} PYTHONPATH=/home/harry/ur3e_ws/src/install/ur3e_ros_data/lib/python3.10/site-packages:${PYTHONPATH} /usr/bin/cmake --install /home/harry/ur3e_ws/src/build/ur3e_ros_action_cpp
[9.185s] -- Install configuration: ""
[9.185s] -- Installing: /home/harry/ur3e_ws/src/install/ur3e_ros_action_cpp/lib/ur3e_ros_action_cpp/moveJ_action
[9.186s] -- Set runtime path of "/home/harry/ur3e_ws/src/install/ur3e_ros_action_cpp/lib/ur3e_ros_action_cpp/moveJ_action" to ""
[9.186s] -- Installing: /home/harry/ur3e_ws/src/install/ur3e_ros_action_cpp/share/ament_index/resource_index/package_run_dependencies/ur3e_ros_action_cpp
[9.186s] -- Installing: /home/harry/ur3e_ws/src/install/ur3e_ros_action_cpp/share/ament_index/resource_index/parent_prefix_path/ur3e_ros_action_cpp
[9.186s] -- Installing: /home/harry/ur3e_ws/src/install/ur3e_ros_action_cpp/share/ur3e_ros_action_cpp/environment/ament_prefix_path.sh
[9.187s] -- Installing: /home/harry/ur3e_ws/src/install/ur3e_ros_action_cpp/share/ur3e_ros_action_cpp/environment/ament_prefix_path.dsv
[9.187s] -- Installing: /home/harry/ur3e_ws/src/install/ur3e_ros_action_cpp/share/ur3e_ros_action_cpp/environment/path.sh
[9.187s] -- Installing: /home/harry/ur3e_ws/src/install/ur3e_ros_action_cpp/share/ur3e_ros_action_cpp/environment/path.dsv
[9.187s] -- Installing: /home/harry/ur3e_ws/src/install/ur3e_ros_action_cpp/share/ur3e_ros_action_cpp/local_setup.bash
[9.187s] -- Installing: /home/harry/ur3e_ws/src/install/ur3e_ros_action_cpp/share/ur3e_ros_action_cpp/local_setup.sh
[9.187s] -- Installing: /home/harry/ur3e_ws/src/install/ur3e_ros_action_cpp/share/ur3e_ros_action_cpp/local_setup.zsh
[9.187s] -- Installing: /home/harry/ur3e_ws/src/install/ur3e_ros_action_cpp/share/ur3e_ros_action_cpp/local_setup.dsv
[9.187s] -- Installing: /home/harry/ur3e_ws/src/install/ur3e_ros_action_cpp/share/ur3e_ros_action_cpp/package.dsv
[9.187s] -- Installing: /home/harry/ur3e_ws/src/install/ur3e_ros_action_cpp/share/ament_index/resource_index/packages/ur3e_ros_action_cpp
[9.187s] -- Installing: /home/harry/ur3e_ws/src/install/ur3e_ros_action_cpp/share/ur3e_ros_action_cpp/cmake/ur3e_ros_action_cppConfig.cmake
[9.187s] -- Installing: /home/harry/ur3e_ws/src/install/ur3e_ros_action_cpp/share/ur3e_ros_action_cpp/cmake/ur3e_ros_action_cppConfig-version.cmake
[9.187s] -- Installing: /home/harry/ur3e_ws/src/install/ur3e_ros_action_cpp/share/ur3e_ros_action_cpp/package.xml
[9.189s] Invoked command in '/home/harry/ur3e_ws/src/build/ur3e_ros_action_cpp' returned '0': AMENT_PREFIX_PATH=/home/harry/ur3e_ws/src/install/ur3e_ros_data:${AMENT_PREFIX_PATH} CMAKE_PREFIX_PATH=/home/harry/ur3e_ws/src/install/ur3e_ros_data:/home/harry/ur3e_ws/install/ur_moveit_config:/home/harry/ur3e_ws/install/ur_dashboard_msgs:/home/harry/ur3e_ws/install/ur_description:/home/harry/ur3e_ws/install/ur3e_ros_action_cpp:/home/harry/ur3e_ws/install/ur3e_moveit:/home/harry/ur3e_ws/install/ur3e_ros_data:/home/harry/ur3e_ws/install/ur3e_gazebo_sim:/home/harry/ur3e_ws/install/ur3e_ros_action:/opt/ros/iron LD_LIBRARY_PATH=/home/harry/ur3e_ws/src/install/ur3e_ros_data/lib:${LD_LIBRARY_PATH} PYTHONPATH=/home/harry/ur3e_ws/src/install/ur3e_ros_data/lib/python3.10/site-packages:${PYTHONPATH} /usr/bin/cmake --install /home/harry/ur3e_ws/src/build/ur3e_ros_action_cpp
