[0.014s] Invoking command in '/home/harry/ur3e_ws/src/build/ur3e_gazebo_sim': CMAKE_PREFIX_PATH=${CMAKE_PREFIX_PATH}:/home/harry/ur3e_ws/install/ur3e_ros_action:/opt/ros/iron /usr/bin/cmake /home/harry/ur3e_ws/src/ur3e_gazebo_sim -DCMAKE_INSTALL_PREFIX=/home/harry/ur3e_ws/src/install/ur3e_gazebo_sim
[0.218s] -- The C compiler identification is GNU 11.4.0
[0.218s] -- The CXX compiler identification is GNU 11.4.0
[0.218s] -- Detecting C compiler ABI info
[0.219s] -- Detecting C compiler ABI info - done
[0.219s] -- Check for working C compiler: /usr/bin/cc - skipped
[0.219s] -- Detecting C compile features
[0.219s] -- Detecting C compile features - done
[0.219s] -- Detecting CXX compiler ABI info
[0.219s] -- Detecting CXX compiler ABI info - done
[0.219s] -- Check for working CXX compiler: /usr/bin/c++ - skipped
[0.219s] -- Detecting CXX compile features
[0.219s] -- Detecting CXX compile features - done
[0.219s] -- Found ament_cmake: 2.0.4 (/opt/ros/iron/share/ament_cmake/cmake)
[0.340s] -- Found Python3: /usr/bin/python3.10 (found version "3.10.12") found components: Interpreter 
[0.426s] -- Found ament_lint_auto: 0.14.3 (/opt/ros/iron/share/ament_lint_auto/cmake)
[0.513s] -- Added test 'flake8' to check Python code syntax and style conventions
[0.513s] -- Configured 'flake8' exclude dirs and/or files: 
[0.513s] -- Added test 'lint_cmake' to check CMake code style
[0.514s] -- Added test 'pep257' to check Python code against some of the docstring style conventions in PEP 257
[0.516s] -- Added test 'xmllint' to check XML markup files
[0.518s] -- Configuring done
[0.520s] -- Generating done
[0.520s] -- Build files have been written to: /home/harry/ur3e_ws/src/build/ur3e_gazebo_sim
[0.524s] Invoked command in '/home/harry/ur3e_ws/src/build/ur3e_gazebo_sim' returned '0': CMAKE_PREFIX_PATH=${CMAKE_PREFIX_PATH}:/home/harry/ur3e_ws/install/ur3e_ros_action:/opt/ros/iron /usr/bin/cmake /home/harry/ur3e_ws/src/ur3e_gazebo_sim -DCMAKE_INSTALL_PREFIX=/home/harry/ur3e_ws/src/install/ur3e_gazebo_sim
[0.526s] Invoking command in '/home/harry/ur3e_ws/src/build/ur3e_gazebo_sim': CMAKE_PREFIX_PATH=${CMAKE_PREFIX_PATH}:/home/harry/ur3e_ws/install/ur3e_ros_action:/opt/ros/iron /usr/bin/cmake --build /home/harry/ur3e_ws/src/build/ur3e_gazebo_sim -- -j8 -l8
[0.558s] Invoked command in '/home/harry/ur3e_ws/src/build/ur3e_gazebo_sim' returned '0': CMAKE_PREFIX_PATH=${CMAKE_PREFIX_PATH}:/home/harry/ur3e_ws/install/ur3e_ros_action:/opt/ros/iron /usr/bin/cmake --build /home/harry/ur3e_ws/src/build/ur3e_gazebo_sim -- -j8 -l8
[0.580s] Invoking command in '/home/harry/ur3e_ws/src/build/ur3e_gazebo_sim': CMAKE_PREFIX_PATH=${CMAKE_PREFIX_PATH}:/home/harry/ur3e_ws/install/ur3e_ros_action:/opt/ros/iron /usr/bin/cmake --install /home/harry/ur3e_ws/src/build/ur3e_gazebo_sim
[0.585s] -- Install configuration: ""
[0.586s] -- Installing: /home/harry/ur3e_ws/src/install/ur3e_gazebo_sim/share/ur3e_gazebo_sim/config
[0.586s] -- Installing: /home/harry/ur3e_ws/src/install/ur3e_gazebo_sim/share/ur3e_gazebo_sim/config/initial_positions.yaml
[0.587s] -- Installing: /home/harry/ur3e_ws/src/install/ur3e_gazebo_sim/share/ur3e_gazebo_sim/config/visual_parameters.yaml
[0.587s] -- Installing: /home/harry/ur3e_ws/src/install/ur3e_gazebo_sim/share/ur3e_gazebo_sim/config/default_kinematics.yaml
[0.587s] -- Installing: /home/harry/ur3e_ws/src/install/ur3e_gazebo_sim/share/ur3e_gazebo_sim/config/ur3e_controller.yaml
[0.587s] -- Installing: /home/harry/ur3e_ws/src/install/ur3e_gazebo_sim/share/ur3e_gazebo_sim/config/physical_parameters.yaml
[0.587s] -- Installing: /home/harry/ur3e_ws/src/install/ur3e_gazebo_sim/share/ur3e_gazebo_sim/config/joint_limits.yaml
[0.587s] -- Installing: /home/harry/ur3e_ws/src/install/ur3e_gazebo_sim/share/ur3e_gazebo_sim/launch
[0.588s] -- Installing: /home/harry/ur3e_ws/src/install/ur3e_gazebo_sim/share/ur3e_gazebo_sim/launch/ur3e_sim.launch.py
[0.588s] -- Installing: /home/harry/ur3e_ws/src/install/ur3e_gazebo_sim/share/ur3e_gazebo_sim/urdf
[0.588s] -- Installing: /home/harry/ur3e_ws/src/install/ur3e_gazebo_sim/share/ur3e_gazebo_sim/urdf/temp.xacro
[0.588s] -- Installing: /home/harry/ur3e_ws/src/install/ur3e_gazebo_sim/share/ur3e_gazebo_sim/urdf/ur3e_common.xacro
[0.588s] -- Installing: /home/harry/ur3e_ws/src/install/ur3e_gazebo_sim/share/ur3e_gazebo_sim/urdf/ur3e_ros2_control.xacro
[0.588s] -- Installing: /home/harry/ur3e_ws/src/install/ur3e_gazebo_sim/share/ur3e_gazebo_sim/urdf/ur3e_macro.urdf.xacro
[0.588s] -- Installing: /home/harry/ur3e_ws/src/install/ur3e_gazebo_sim/share/ur3e_gazebo_sim/urdf/ur.urdf.xacro
[0.588s] -- Installing: /home/harry/ur3e_ws/src/install/ur3e_gazebo_sim/share/ur3e_gazebo_sim/urdf/ur3e_transmission.xacro
[0.588s] -- Installing: /home/harry/ur3e_ws/src/install/ur3e_gazebo_sim/share/ur3e_gazebo_sim/urdf/ur.ros2_control.xacro
[0.588s] -- Installing: /home/harry/ur3e_ws/src/install/ur3e_gazebo_sim/share/ur3e_gazebo_sim/urdf/ur3e.urdf.xacro
[0.588s] -- Installing: /home/harry/ur3e_ws/src/install/ur3e_gazebo_sim/share/ur3e_gazebo_sim/worlds
[0.589s] -- Installing: /home/harry/ur3e_ws/src/install/ur3e_gazebo_sim/share/ur3e_gazebo_sim/worlds/ur3e.world
[0.589s] -- Installing: /home/harry/ur3e_ws/src/install/ur3e_gazebo_sim/share/ur3e_gazebo_sim/worlds/ur3e_2.world
[0.589s] -- Installing: /home/harry/ur3e_ws/src/install/ur3e_gazebo_sim/share/ur3e_gazebo_sim/meshes
[0.589s] -- Installing: /home/harry/ur3e_ws/src/install/ur3e_gazebo_sim/share/ur3e_gazebo_sim/meshes/visual
[0.589s] -- Installing: /home/harry/ur3e_ws/src/install/ur3e_gazebo_sim/share/ur3e_gazebo_sim/meshes/visual/wrist2.dae
[0.590s] -- Installing: /home/harry/ur3e_ws/src/install/ur3e_gazebo_sim/share/ur3e_gazebo_sim/meshes/visual/wrist3.dae
[0.590s] -- Installing: /home/harry/ur3e_ws/src/install/ur3e_gazebo_sim/share/ur3e_gazebo_sim/meshes/visual/base.dae
[0.591s] -- Installing: /home/harry/ur3e_ws/src/install/ur3e_gazebo_sim/share/ur3e_gazebo_sim/meshes/visual/wrist1.dae
[0.592s] -- Installing: /home/harry/ur3e_ws/src/install/ur3e_gazebo_sim/share/ur3e_gazebo_sim/meshes/visual/shoulder.dae
[0.595s] -- Installing: /home/harry/ur3e_ws/src/install/ur3e_gazebo_sim/share/ur3e_gazebo_sim/meshes/visual/forearm.dae
[0.596s] -- Installing: /home/harry/ur3e_ws/src/install/ur3e_gazebo_sim/share/ur3e_gazebo_sim/meshes/visual/upperarm.dae
[0.598s] -- Installing: /home/harry/ur3e_ws/src/install/ur3e_gazebo_sim/share/ur3e_gazebo_sim/meshes/collision
[0.598s] -- Installing: /home/harry/ur3e_ws/src/install/ur3e_gazebo_sim/share/ur3e_gazebo_sim/meshes/collision/upperarm.stl
[0.599s] -- Installing: /home/harry/ur3e_ws/src/install/ur3e_gazebo_sim/share/ur3e_gazebo_sim/meshes/collision/base.stl
[0.600s] -- Installing: /home/harry/ur3e_ws/src/install/ur3e_gazebo_sim/share/ur3e_gazebo_sim/meshes/collision/wrist2.stl
[0.600s] -- Installing: /home/harry/ur3e_ws/src/install/ur3e_gazebo_sim/share/ur3e_gazebo_sim/meshes/collision/wrist1.stl
[0.601s] -- Installing: /home/harry/ur3e_ws/src/install/ur3e_gazebo_sim/share/ur3e_gazebo_sim/meshes/collision/wrist3.stl
[0.601s] -- Installing: /home/harry/ur3e_ws/src/install/ur3e_gazebo_sim/share/ur3e_gazebo_sim/meshes/collision/shoulder.stl
[0.602s] -- Installing: /home/harry/ur3e_ws/src/install/ur3e_gazebo_sim/share/ur3e_gazebo_sim/meshes/collision/forearm.stl
[0.602s] -- Installing: /home/harry/ur3e_ws/src/install/ur3e_gazebo_sim/share/ament_index/resource_index/package_run_dependencies/ur3e_gazebo_sim
[0.603s] -- Installing: /home/harry/ur3e_ws/src/install/ur3e_gazebo_sim/share/ament_index/resource_index/parent_prefix_path/ur3e_gazebo_sim
[0.603s] -- Installing: /home/harry/ur3e_ws/src/install/ur3e_gazebo_sim/share/ur3e_gazebo_sim/environment/ament_prefix_path.sh
[0.603s] -- Installing: /home/harry/ur3e_ws/src/install/ur3e_gazebo_sim/share/ur3e_gazebo_sim/environment/ament_prefix_path.dsv
[0.603s] -- Installing: /home/harry/ur3e_ws/src/install/ur3e_gazebo_sim/share/ur3e_gazebo_sim/environment/path.sh
[0.603s] -- Installing: /home/harry/ur3e_ws/src/install/ur3e_gazebo_sim/share/ur3e_gazebo_sim/environment/path.dsv
[0.603s] -- Installing: /home/harry/ur3e_ws/src/install/ur3e_gazebo_sim/share/ur3e_gazebo_sim/local_setup.bash
[0.603s] -- Installing: /home/harry/ur3e_ws/src/install/ur3e_gazebo_sim/share/ur3e_gazebo_sim/local_setup.sh
[0.603s] -- Installing: /home/harry/ur3e_ws/src/install/ur3e_gazebo_sim/share/ur3e_gazebo_sim/local_setup.zsh
[0.604s] -- Installing: /home/harry/ur3e_ws/src/install/ur3e_gazebo_sim/share/ur3e_gazebo_sim/local_setup.dsv
[0.604s] -- Installing: /home/harry/ur3e_ws/src/install/ur3e_gazebo_sim/share/ur3e_gazebo_sim/package.dsv
[0.604s] -- Installing: /home/harry/ur3e_ws/src/install/ur3e_gazebo_sim/share/ament_index/resource_index/packages/ur3e_gazebo_sim
[0.604s] -- Installing: /home/harry/ur3e_ws/src/install/ur3e_gazebo_sim/share/ur3e_gazebo_sim/cmake/ur3e_gazebo_simConfig.cmake
[0.604s] -- Installing: /home/harry/ur3e_ws/src/install/ur3e_gazebo_sim/share/ur3e_gazebo_sim/cmake/ur3e_gazebo_simConfig-version.cmake
[0.604s] -- Installing: /home/harry/ur3e_ws/src/install/ur3e_gazebo_sim/share/ur3e_gazebo_sim/package.xml
[0.608s] Invoked command in '/home/harry/ur3e_ws/src/build/ur3e_gazebo_sim' returned '0': CMAKE_PREFIX_PATH=${CMAKE_PREFIX_PATH}:/home/harry/ur3e_ws/install/ur3e_ros_action:/opt/ros/iron /usr/bin/cmake --install /home/harry/ur3e_ws/src/build/ur3e_gazebo_sim
