[0.007s] Invoking command in '/home/harry/ur3e_ws/build/ur_moveit_config': CMAKE_PREFIX_PATH=${CMAKE_PREFIX_PATH}:/home/harry/ur3e_ws/install/ur3e_ros_action:/opt/ros/iron /usr/bin/cmake /home/harry/ur3e_ws/src/ur_robot_driver/Universal_Robots_ROS2_Driver/ur_moveit_config -DCMAKE_INSTALL_PREFIX=/home/harry/ur3e_ws/install/ur_moveit_config
[0.058s] -- The C compiler identification is GNU 11.4.0
[0.099s] -- The CXX compiler identification is GNU 11.4.0
[0.106s] -- Detecting C compiler ABI info
[0.160s] -- Detecting C compiler ABI info - done
[0.170s] -- Check for working C compiler: /usr/bin/cc - skipped
[0.170s] -- Detecting C compile features
[0.171s] -- Detecting C compile features - done
[0.173s] -- Detecting CXX compiler ABI info
[0.238s] -- Detecting CXX compiler ABI info - done
[0.245s] -- Check for working CXX compiler: /usr/bin/c++ - skipped
[0.245s] -- Detecting CXX compile features
[0.245s] -- Detecting CXX compile features - done
[0.249s] -- Found ament_cmake: 2.0.4 (/opt/ros/iron/share/ament_cmake/cmake)
[0.410s] -- Found Python3: /usr/bin/python3.10 (found version "3.10.12") found components: Interpreter 
[0.578s] -- Configuring done
[0.582s] -- Generating done
[0.583s] -- Build files have been written to: /home/harry/ur3e_ws/build/ur_moveit_config
[0.587s] Invoked command in '/home/harry/ur3e_ws/build/ur_moveit_config' returned '0': CMAKE_PREFIX_PATH=${CMAKE_PREFIX_PATH}:/home/harry/ur3e_ws/install/ur3e_ros_action:/opt/ros/iron /usr/bin/cmake /home/harry/ur3e_ws/src/ur_robot_driver/Universal_Robots_ROS2_Driver/ur_moveit_config -DCMAKE_INSTALL_PREFIX=/home/harry/ur3e_ws/install/ur_moveit_config
[0.587s] Invoking command in '/home/harry/ur3e_ws/build/ur_moveit_config': CMAKE_PREFIX_PATH=${CMAKE_PREFIX_PATH}:/home/harry/ur3e_ws/install/ur3e_ros_action:/opt/ros/iron /usr/bin/cmake --build /home/harry/ur3e_ws/build/ur_moveit_config -- -j8 -l8
[0.623s] Built target ament_cmake_python_copy_ur_moveit_config
[0.802s] running egg_info
[0.803s] creating ur_moveit_config.egg-info
[0.803s] writing ur_moveit_config.egg-info/PKG-INFO
[0.803s] writing dependency_links to ur_moveit_config.egg-info/dependency_links.txt
[0.803s] writing top-level names to ur_moveit_config.egg-info/top_level.txt
[0.803s] writing manifest file 'ur_moveit_config.egg-info/SOURCES.txt'
[0.805s] reading manifest file 'ur_moveit_config.egg-info/SOURCES.txt'
[0.805s] writing manifest file 'ur_moveit_config.egg-info/SOURCES.txt'
[0.824s] Built target ament_cmake_python_build_ur_moveit_config_egg
[0.831s] Invoked command in '/home/harry/ur3e_ws/build/ur_moveit_config' returned '0': CMAKE_PREFIX_PATH=${CMAKE_PREFIX_PATH}:/home/harry/ur3e_ws/install/ur3e_ros_action:/opt/ros/iron /usr/bin/cmake --build /home/harry/ur3e_ws/build/ur_moveit_config -- -j8 -l8
[0.847s] Invoking command in '/home/harry/ur3e_ws/build/ur_moveit_config': CMAKE_PREFIX_PATH=${CMAKE_PREFIX_PATH}:/home/harry/ur3e_ws/install/ur3e_ros_action:/opt/ros/iron /usr/bin/cmake --install /home/harry/ur3e_ws/build/ur_moveit_config
[0.852s] -- Install configuration: ""
[0.852s] -- Installing: /home/harry/ur3e_ws/install/ur_moveit_config/share/ur_moveit_config/config
[0.852s] -- Installing: /home/harry/ur3e_ws/install/ur_moveit_config/share/ur_moveit_config/config/controllers.yaml
[0.853s] -- Installing: /home/harry/ur3e_ws/install/ur_moveit_config/share/ur_moveit_config/config/ur_servo.yaml
[0.853s] -- Installing: /home/harry/ur3e_ws/install/ur_moveit_config/share/ur_moveit_config/config/ompl_planning.yaml
[0.853s] -- Installing: /home/harry/ur3e_ws/install/ur_moveit_config/share/ur_moveit_config/config/joint_limits.yaml
[0.853s] -- Installing: /home/harry/ur3e_ws/install/ur_moveit_config/share/ur_moveit_config/config/kinematics.yaml
[0.853s] -- Installing: /home/harry/ur3e_ws/install/ur_moveit_config/share/ur_moveit_config/launch
[0.853s] -- Installing: /home/harry/ur3e_ws/install/ur_moveit_config/share/ur_moveit_config/launch/ur_moveit.launch.py
[0.853s] -- Installing: /home/harry/ur3e_ws/install/ur_moveit_config/share/ur_moveit_config/rviz
[0.853s] -- Installing: /home/harry/ur3e_ws/install/ur_moveit_config/share/ur_moveit_config/rviz/view_robot.rviz
[0.853s] -- Installing: /home/harry/ur3e_ws/install/ur_moveit_config/share/ur_moveit_config/srdf
[0.853s] -- Installing: /home/harry/ur3e_ws/install/ur_moveit_config/share/ur_moveit_config/srdf/ur_macro.srdf.xacro
[0.853s] -- Installing: /home/harry/ur3e_ws/install/ur_moveit_config/share/ur_moveit_config/srdf/ur.srdf.xacro
[0.853s] -- Installing: /home/harry/ur3e_ws/install/ur_moveit_config/share/ur_moveit_config/environment/pythonpath.sh
[0.853s] -- Installing: /home/harry/ur3e_ws/install/ur_moveit_config/share/ur_moveit_config/environment/pythonpath.dsv
[0.853s] -- Installing: /home/harry/ur3e_ws/install/ur_moveit_config/lib/python3.10/site-packages/ur_moveit_config-2.4.4-py3.10.egg-info
[0.853s] -- Installing: /home/harry/ur3e_ws/install/ur_moveit_config/lib/python3.10/site-packages/ur_moveit_config-2.4.4-py3.10.egg-info/PKG-INFO
[0.853s] -- Installing: /home/harry/ur3e_ws/install/ur_moveit_config/lib/python3.10/site-packages/ur_moveit_config-2.4.4-py3.10.egg-info/top_level.txt
[0.854s] -- Installing: /home/harry/ur3e_ws/install/ur_moveit_config/lib/python3.10/site-packages/ur_moveit_config-2.4.4-py3.10.egg-info/SOURCES.txt
[0.854s] -- Installing: /home/harry/ur3e_ws/install/ur_moveit_config/lib/python3.10/site-packages/ur_moveit_config-2.4.4-py3.10.egg-info/dependency_links.txt
[0.854s] -- Installing: /home/harry/ur3e_ws/install/ur_moveit_config/lib/python3.10/site-packages/ur_moveit_config
[0.854s] -- Installing: /home/harry/ur3e_ws/install/ur_moveit_config/lib/python3.10/site-packages/ur_moveit_config/launch_common.py
[0.854s] -- Installing: /home/harry/ur3e_ws/install/ur_moveit_config/lib/python3.10/site-packages/ur_moveit_config/__init__.py
[0.876s] Listing '/home/harry/ur3e_ws/install/ur_moveit_config/lib/python3.10/site-packages/ur_moveit_config'...
[0.876s] Compiling '/home/harry/ur3e_ws/install/ur_moveit_config/lib/python3.10/site-packages/ur_moveit_config/__init__.py'...
[0.876s] Compiling '/home/harry/ur3e_ws/install/ur_moveit_config/lib/python3.10/site-packages/ur_moveit_config/launch_common.py'...
[0.879s] -- Installing: /home/harry/ur3e_ws/install/ur_moveit_config/lib/python3.10/site-packages/launch_common.py
[0.900s] Compiling '/home/harry/ur3e_ws/install/ur_moveit_config/lib/python3.10/site-packages/launch_common.py'...
[0.903s] -- Installing: /home/harry/ur3e_ws/install/ur_moveit_config/share/ament_index/resource_index/package_run_dependencies/ur_moveit_config
[0.903s] -- Installing: /home/harry/ur3e_ws/install/ur_moveit_config/share/ament_index/resource_index/parent_prefix_path/ur_moveit_config
[0.904s] -- Installing: /home/harry/ur3e_ws/install/ur_moveit_config/share/ur_moveit_config/environment/ament_prefix_path.sh
[0.904s] -- Installing: /home/harry/ur3e_ws/install/ur_moveit_config/share/ur_moveit_config/environment/ament_prefix_path.dsv
[0.904s] -- Installing: /home/harry/ur3e_ws/install/ur_moveit_config/share/ur_moveit_config/environment/path.sh
[0.904s] -- Installing: /home/harry/ur3e_ws/install/ur_moveit_config/share/ur_moveit_config/environment/path.dsv
[0.904s] -- Installing: /home/harry/ur3e_ws/install/ur_moveit_config/share/ur_moveit_config/local_setup.bash
[0.904s] -- Installing: /home/harry/ur3e_ws/install/ur_moveit_config/share/ur_moveit_config/local_setup.sh
[0.904s] -- Installing: /home/harry/ur3e_ws/install/ur_moveit_config/share/ur_moveit_config/local_setup.zsh
[0.904s] -- Installing: /home/harry/ur3e_ws/install/ur_moveit_config/share/ur_moveit_config/local_setup.dsv
[0.904s] -- Installing: /home/harry/ur3e_ws/install/ur_moveit_config/share/ur_moveit_config/package.dsv
[0.904s] -- Installing: /home/harry/ur3e_ws/install/ur_moveit_config/share/ament_index/resource_index/packages/ur_moveit_config
[0.904s] -- Installing: /home/harry/ur3e_ws/install/ur_moveit_config/share/ur_moveit_config/cmake/ur_moveit_configConfig.cmake
[0.904s] -- Installing: /home/harry/ur3e_ws/install/ur_moveit_config/share/ur_moveit_config/cmake/ur_moveit_configConfig-version.cmake
[0.904s] -- Installing: /home/harry/ur3e_ws/install/ur_moveit_config/share/ur_moveit_config/package.xml
[0.906s] Invoked command in '/home/harry/ur3e_ws/build/ur_moveit_config' returned '0': CMAKE_PREFIX_PATH=${CMAKE_PREFIX_PATH}:/home/harry/ur3e_ws/install/ur3e_ros_action:/opt/ros/iron /usr/bin/cmake --install /home/harry/ur3e_ws/build/ur_moveit_config
