[0.043s] Invoking command in '/home/harry/ur3e_ws/build/ur3e_ros_action_cpp': CMAKE_PREFIX_PATH=/home/harry/ur3e_ws/install/ur3e_ros_data:/home/harry/ur3e_ws/install/ur3e_ros_action_cpp:/home/harry/ur3e_ws/install/ur3e_moveit:/home/harry/ur3e_ws/install/ur3e_gazebo_sim:/home/harry/ur_ws/install/ur3e_ros_data:/home/harry/ur3e_ws/install/ur3e_ros_action:/home/harry/ur_ws/install/ur3e_ros_action:/home/harry/ur_ws/install/ur3e_gazebo_sim:/opt/ros/iron /usr/bin/cmake --build /home/harry/ur3e_ws/build/ur3e_ros_action_cpp -- -j2 -l2
[0.355s] [35m[1mConsolidate compiler generated dependencies of target moveJ_action[0m
[0.498s] [ 50%] [32mBuilding CXX object CMakeFiles/moveJ_action.dir/src/moveJ_action.cpp.o[0m
[37.079s] [100%] [32m[1mLinking CXX executable moveJ_action[0m
[38.460s] [100%] Built target moveJ_action
[38.473s] Invoked command in '/home/harry/ur3e_ws/build/ur3e_ros_action_cpp' returned '0': CMAKE_PREFIX_PATH=/home/harry/ur3e_ws/install/ur3e_ros_data:/home/harry/ur3e_ws/install/ur3e_ros_action_cpp:/home/harry/ur3e_ws/install/ur3e_moveit:/home/harry/ur3e_ws/install/ur3e_gazebo_sim:/home/harry/ur_ws/install/ur3e_ros_data:/home/harry/ur3e_ws/install/ur3e_ros_action:/home/harry/ur_ws/install/ur3e_ros_action:/home/harry/ur_ws/install/ur3e_gazebo_sim:/opt/ros/iron /usr/bin/cmake --build /home/harry/ur3e_ws/build/ur3e_ros_action_cpp -- -j2 -l2
[38.524s] Invoking command in '/home/harry/ur3e_ws/build/ur3e_ros_action_cpp': CMAKE_PREFIX_PATH=/home/harry/ur3e_ws/install/ur3e_ros_data:/home/harry/ur3e_ws/install/ur3e_ros_action_cpp:/home/harry/ur3e_ws/install/ur3e_moveit:/home/harry/ur3e_ws/install/ur3e_gazebo_sim:/home/harry/ur_ws/install/ur3e_ros_data:/home/harry/ur3e_ws/install/ur3e_ros_action:/home/harry/ur_ws/install/ur3e_ros_action:/home/harry/ur_ws/install/ur3e_gazebo_sim:/opt/ros/iron /usr/bin/cmake --install /home/harry/ur3e_ws/build/ur3e_ros_action_cpp
[38.546s] -- Install configuration: ""
[38.546s] -- Installing: /home/harry/ur3e_ws/install/ur3e_ros_action_cpp/lib/ur3e_ros_action_cpp/moveJ_action
[38.548s] -- Set runtime path of "/home/harry/ur3e_ws/install/ur3e_ros_action_cpp/lib/ur3e_ros_action_cpp/moveJ_action" to ""
[38.549s] -- Up-to-date: /home/harry/ur3e_ws/install/ur3e_ros_action_cpp/share/ament_index/resource_index/package_run_dependencies/ur3e_ros_action_cpp
[38.549s] -- Up-to-date: /home/harry/ur3e_ws/install/ur3e_ros_action_cpp/share/ament_index/resource_index/parent_prefix_path/ur3e_ros_action_cpp
[38.549s] -- Up-to-date: /home/harry/ur3e_ws/install/ur3e_ros_action_cpp/share/ur3e_ros_action_cpp/environment/ament_prefix_path.sh
[38.549s] -- Up-to-date: /home/harry/ur3e_ws/install/ur3e_ros_action_cpp/share/ur3e_ros_action_cpp/environment/ament_prefix_path.dsv
[38.549s] -- Up-to-date: /home/harry/ur3e_ws/install/ur3e_ros_action_cpp/share/ur3e_ros_action_cpp/environment/path.sh
[38.550s] -- Up-to-date: /home/harry/ur3e_ws/install/ur3e_ros_action_cpp/share/ur3e_ros_action_cpp/environment/path.dsv
[38.550s] -- Up-to-date: /home/harry/ur3e_ws/install/ur3e_ros_action_cpp/share/ur3e_ros_action_cpp/local_setup.bash
[38.550s] -- Up-to-date: /home/harry/ur3e_ws/install/ur3e_ros_action_cpp/share/ur3e_ros_action_cpp/local_setup.sh
[38.550s] -- Up-to-date: /home/harry/ur3e_ws/install/ur3e_ros_action_cpp/share/ur3e_ros_action_cpp/local_setup.zsh
[38.550s] -- Up-to-date: /home/harry/ur3e_ws/install/ur3e_ros_action_cpp/share/ur3e_ros_action_cpp/local_setup.dsv
[38.551s] -- Installing: /home/harry/ur3e_ws/install/ur3e_ros_action_cpp/share/ur3e_ros_action_cpp/package.dsv
[38.551s] -- Up-to-date: /home/harry/ur3e_ws/install/ur3e_ros_action_cpp/share/ament_index/resource_index/packages/ur3e_ros_action_cpp
[38.551s] -- Up-to-date: /home/harry/ur3e_ws/install/ur3e_ros_action_cpp/share/ur3e_ros_action_cpp/cmake/ur3e_ros_action_cppConfig.cmake
[38.551s] -- Up-to-date: /home/harry/ur3e_ws/install/ur3e_ros_action_cpp/share/ur3e_ros_action_cpp/cmake/ur3e_ros_action_cppConfig-version.cmake
[38.551s] -- Up-to-date: /home/harry/ur3e_ws/install/ur3e_ros_action_cpp/share/ur3e_ros_action_cpp/package.xml
[38.555s] Invoked command in '/home/harry/ur3e_ws/build/ur3e_ros_action_cpp' returned '0': CMAKE_PREFIX_PATH=/home/harry/ur3e_ws/install/ur3e_ros_data:/home/harry/ur3e_ws/install/ur3e_ros_action_cpp:/home/harry/ur3e_ws/install/ur3e_moveit:/home/harry/ur3e_ws/install/ur3e_gazebo_sim:/home/harry/ur_ws/install/ur3e_ros_data:/home/harry/ur3e_ws/install/ur3e_ros_action:/home/harry/ur_ws/install/ur3e_ros_action:/home/harry/ur_ws/install/ur3e_gazebo_sim:/opt/ros/iron /usr/bin/cmake --install /home/harry/ur3e_ws/build/ur3e_ros_action_cpp
