[0.195s] Invoking command in '/home/harry/ur3e_ws/build/ur_description': CMAKE_PREFIX_PATH=${CMAKE_PREFIX_PATH}:/home/harry/ur3e_ws/install/ur3e_ros_action:/opt/ros/iron /usr/bin/cmake /home/harry/ur3e_ws/src/ur_description/Universal_Robots_ROS2_Description -DCMAKE_INSTALL_PREFIX=/home/harry/ur3e_ws/install/ur_description
[0.236s] -- The C compiler identification is GNU 11.4.0
[0.277s] -- The CXX compiler identification is GNU 11.4.0
[0.284s] -- Detecting C compiler ABI info
[0.331s] -- Detecting C compiler ABI info - done
[0.336s] -- Check for working C compiler: /usr/bin/cc - skipped
[0.336s] -- Detecting C compile features
[0.336s] -- Detecting C compile features - done
[0.338s] -- Detecting CXX compiler ABI info
[0.391s] -- Detecting CXX compiler ABI info - done
[0.396s] -- Check for working CXX compiler: /usr/bin/c++ - skipped
[0.396s] -- Detecting CXX compile features
[0.397s] -- Detecting CXX compile features - done
[0.399s] -- Found ament_cmake: 2.0.4 (/opt/ros/iron/share/ament_cmake/cmake)
[0.525s] -- Found Python3: /usr/bin/python3.10 (found version "3.10.12") found components: Interpreter 
[0.612s] -- Found ament_cmake_pytest: 2.0.4 (/opt/ros/iron/share/ament_cmake_pytest/cmake)
[1.060s] -- Configuring done
[1.062s] -- Generating done
[1.062s] -- Build files have been written to: /home/harry/ur3e_ws/build/ur_description
[1.066s] Invoked command in '/home/harry/ur3e_ws/build/ur_description' returned '0': CMAKE_PREFIX_PATH=${CMAKE_PREFIX_PATH}:/home/harry/ur3e_ws/install/ur3e_ros_action:/opt/ros/iron /usr/bin/cmake /home/harry/ur3e_ws/src/ur_description/Universal_Robots_ROS2_Description -DCMAKE_INSTALL_PREFIX=/home/harry/ur3e_ws/install/ur_description
[1.066s] Invoking command in '/home/harry/ur3e_ws/build/ur_description': CMAKE_PREFIX_PATH=${CMAKE_PREFIX_PATH}:/home/harry/ur3e_ws/install/ur3e_ros_action:/opt/ros/iron /usr/bin/cmake --build /home/harry/ur3e_ws/build/ur_description -- -j8 -l8
[1.090s] Invoked command in '/home/harry/ur3e_ws/build/ur_description' returned '0': CMAKE_PREFIX_PATH=${CMAKE_PREFIX_PATH}:/home/harry/ur3e_ws/install/ur3e_ros_action:/opt/ros/iron /usr/bin/cmake --build /home/harry/ur3e_ws/build/ur_description -- -j8 -l8
[1.105s] Invoking command in '/home/harry/ur3e_ws/build/ur_description': CMAKE_PREFIX_PATH=${CMAKE_PREFIX_PATH}:/home/harry/ur3e_ws/install/ur3e_ros_action:/opt/ros/iron /usr/bin/cmake --install /home/harry/ur3e_ws/build/ur_description
[1.110s] -- Install configuration: ""
[1.110s] -- Up-to-date: /home/harry/ur3e_ws/install/ur_description/share/ur_description/config
[1.110s] -- Up-to-date: /home/harry/ur3e_ws/install/ur_description/share/ur_description/config/ur5e
[1.110s] -- Installing: /home/harry/ur3e_ws/install/ur_description/share/ur_description/config/ur5e/visual_parameters.yaml
[1.110s] -- Installing: /home/harry/ur3e_ws/install/ur_description/share/ur_description/config/ur5e/default_kinematics.yaml
[1.110s] -- Installing: /home/harry/ur3e_ws/install/ur_description/share/ur_description/config/ur5e/physical_parameters.yaml
[1.110s] -- Installing: /home/harry/ur3e_ws/install/ur_description/share/ur_description/config/ur5e/joint_limits.yaml
[1.110s] -- Up-to-date: /home/harry/ur3e_ws/install/ur_description/share/ur_description/config/ur30
[1.110s] -- Installing: /home/harry/ur3e_ws/install/ur_description/share/ur_description/config/ur30/visual_parameters.yaml
[1.110s] -- Installing: /home/harry/ur3e_ws/install/ur_description/share/ur_description/config/ur30/default_kinematics.yaml
[1.110s] -- Installing: /home/harry/ur3e_ws/install/ur_description/share/ur_description/config/ur30/physical_parameters.yaml
[1.110s] -- Installing: /home/harry/ur3e_ws/install/ur_description/share/ur_description/config/ur30/joint_limits.yaml
[1.111s] -- Installing: /home/harry/ur3e_ws/install/ur_description/share/ur_description/config/initial_positions.yaml
[1.111s] -- Up-to-date: /home/harry/ur3e_ws/install/ur_description/share/ur_description/config/ur10e
[1.111s] -- Installing: /home/harry/ur3e_ws/install/ur_description/share/ur_description/config/ur10e/visual_parameters.yaml
[1.111s] -- Installing: /home/harry/ur3e_ws/install/ur_description/share/ur_description/config/ur10e/default_kinematics.yaml
[1.111s] -- Installing: /home/harry/ur3e_ws/install/ur_description/share/ur_description/config/ur10e/physical_parameters.yaml
[1.111s] -- Installing: /home/harry/ur3e_ws/install/ur_description/share/ur_description/config/ur10e/joint_limits.yaml
[1.111s] -- Up-to-date: /home/harry/ur3e_ws/install/ur_description/share/ur_description/config/ur3
[1.111s] -- Installing: /home/harry/ur3e_ws/install/ur_description/share/ur_description/config/ur3/visual_parameters.yaml
[1.111s] -- Installing: /home/harry/ur3e_ws/install/ur_description/share/ur_description/config/ur3/default_kinematics.yaml
[1.111s] -- Installing: /home/harry/ur3e_ws/install/ur_description/share/ur_description/config/ur3/physical_parameters.yaml
[1.111s] -- Installing: /home/harry/ur3e_ws/install/ur_description/share/ur_description/config/ur3/joint_limits.yaml
[1.111s] -- Up-to-date: /home/harry/ur3e_ws/install/ur_description/share/ur_description/config/ur10
[1.111s] -- Installing: /home/harry/ur3e_ws/install/ur_description/share/ur_description/config/ur10/visual_parameters.yaml
[1.111s] -- Installing: /home/harry/ur3e_ws/install/ur_description/share/ur_description/config/ur10/default_kinematics.yaml
[1.111s] -- Installing: /home/harry/ur3e_ws/install/ur_description/share/ur_description/config/ur10/physical_parameters.yaml
[1.111s] -- Installing: /home/harry/ur3e_ws/install/ur_description/share/ur_description/config/ur10/joint_limits.yaml
[1.111s] -- Up-to-date: /home/harry/ur3e_ws/install/ur_description/share/ur_description/config/ur16e
[1.112s] -- Installing: /home/harry/ur3e_ws/install/ur_description/share/ur_description/config/ur16e/visual_parameters.yaml
[1.112s] -- Installing: /home/harry/ur3e_ws/install/ur_description/share/ur_description/config/ur16e/default_kinematics.yaml
[1.112s] -- Installing: /home/harry/ur3e_ws/install/ur_description/share/ur_description/config/ur16e/physical_parameters.yaml
[1.112s] -- Installing: /home/harry/ur3e_ws/install/ur_description/share/ur_description/config/ur16e/joint_limits.yaml
[1.112s] -- Up-to-date: /home/harry/ur3e_ws/install/ur_description/share/ur_description/config/ur3e
[1.112s] -- Installing: /home/harry/ur3e_ws/install/ur_description/share/ur_description/config/ur3e/visual_parameters.yaml
[1.112s] -- Installing: /home/harry/ur3e_ws/install/ur_description/share/ur_description/config/ur3e/default_kinematics.yaml
[1.112s] -- Installing: /home/harry/ur3e_ws/install/ur_description/share/ur_description/config/ur3e/physical_parameters.yaml
[1.112s] -- Installing: /home/harry/ur3e_ws/install/ur_description/share/ur_description/config/ur3e/joint_limits.yaml
[1.112s] -- Up-to-date: /home/harry/ur3e_ws/install/ur_description/share/ur_description/config/ur5
[1.112s] -- Installing: /home/harry/ur3e_ws/install/ur_description/share/ur_description/config/ur5/visual_parameters.yaml
[1.112s] -- Installing: /home/harry/ur3e_ws/install/ur_description/share/ur_description/config/ur5/default_kinematics.yaml
[1.112s] -- Installing: /home/harry/ur3e_ws/install/ur_description/share/ur_description/config/ur5/physical_parameters.yaml
[1.112s] -- Installing: /home/harry/ur3e_ws/install/ur_description/share/ur_description/config/ur5/joint_limits.yaml
[1.112s] -- Up-to-date: /home/harry/ur3e_ws/install/ur_description/share/ur_description/config/ur20
[1.112s] -- Installing: /home/harry/ur3e_ws/install/ur_description/share/ur_description/config/ur20/visual_parameters.yaml
[1.113s] -- Installing: /home/harry/ur3e_ws/install/ur_description/share/ur_description/config/ur20/default_kinematics.yaml
[1.113s] -- Installing: /home/harry/ur3e_ws/install/ur_description/share/ur_description/config/ur20/physical_parameters.yaml
[1.113s] -- Installing: /home/harry/ur3e_ws/install/ur_description/share/ur_description/config/ur20/joint_limits.yaml
[1.113s] -- Up-to-date: /home/harry/ur3e_ws/install/ur_description/share/ur_description/launch
[1.113s] -- Installing: /home/harry/ur3e_ws/install/ur_description/share/ur_description/launch/view_ur.launch.py
[1.113s] -- Up-to-date: /home/harry/ur3e_ws/install/ur_description/share/ur_description/meshes
[1.113s] -- Up-to-date: /home/harry/ur3e_ws/install/ur_description/share/ur_description/meshes/ur5e
[1.113s] -- Up-to-date: /home/harry/ur3e_ws/install/ur_description/share/ur_description/meshes/ur5e/visual
[1.113s] -- Installing: /home/harry/ur3e_ws/install/ur_description/share/ur_description/meshes/ur5e/visual/wrist2.dae
[1.114s] -- Installing: /home/harry/ur3e_ws/install/ur_description/share/ur_description/meshes/ur5e/visual/wrist3.dae
[1.114s] -- Installing: /home/harry/ur3e_ws/install/ur_description/share/ur_description/meshes/ur5e/visual/base.dae
[1.114s] -- Installing: /home/harry/ur3e_ws/install/ur_description/share/ur_description/meshes/ur5e/visual/wrist1.dae
[1.115s] -- Installing: /home/harry/ur3e_ws/install/ur_description/share/ur_description/meshes/ur5e/visual/shoulder.dae
[1.117s] -- Installing: /home/harry/ur3e_ws/install/ur_description/share/ur_description/meshes/ur5e/visual/forearm.dae
[1.117s] -- Installing: /home/harry/ur3e_ws/install/ur_description/share/ur_description/meshes/ur5e/visual/upperarm.dae
[1.120s] -- Up-to-date: /home/harry/ur3e_ws/install/ur_description/share/ur_description/meshes/ur5e/collision
[1.120s] -- Installing: /home/harry/ur3e_ws/install/ur_description/share/ur_description/meshes/ur5e/collision/upperarm.stl
[1.120s] -- Installing: /home/harry/ur3e_ws/install/ur_description/share/ur_description/meshes/ur5e/collision/base.stl
[1.120s] -- Installing: /home/harry/ur3e_ws/install/ur_description/share/ur_description/meshes/ur5e/collision/wrist2.stl
[1.120s] -- Installing: /home/harry/ur3e_ws/install/ur_description/share/ur_description/meshes/ur5e/collision/wrist1.stl
[1.120s] -- Installing: /home/harry/ur3e_ws/install/ur_description/share/ur_description/meshes/ur5e/collision/wrist3.stl
[1.120s] -- Installing: /home/harry/ur3e_ws/install/ur_description/share/ur_description/meshes/ur5e/collision/shoulder.stl
[1.121s] -- Installing: /home/harry/ur3e_ws/install/ur_description/share/ur_description/meshes/ur5e/collision/forearm.stl
[1.121s] -- Up-to-date: /home/harry/ur3e_ws/install/ur_description/share/ur_description/meshes/ur30
[1.121s] -- Up-to-date: /home/harry/ur3e_ws/install/ur_description/share/ur_description/meshes/ur30/visual
[1.121s] -- Installing: /home/harry/ur3e_ws/install/ur_description/share/ur_description/meshes/ur30/visual/forearm.dae
[1.121s] -- Installing: /home/harry/ur3e_ws/install/ur_description/share/ur_description/meshes/ur30/visual/upperarm.dae
[1.122s] -- Installing: /home/harry/ur3e_ws/install/ur_description/share/ur_description/meshes/ur30/visual/UR30_DIFF_8bit_2K.png
[1.123s] -- Up-to-date: /home/harry/ur3e_ws/install/ur_description/share/ur_description/meshes/ur30/collision
[1.123s] -- Installing: /home/harry/ur3e_ws/install/ur_description/share/ur_description/meshes/ur30/collision/upperarm.stl
[1.123s] -- Installing: /home/harry/ur3e_ws/install/ur_description/share/ur_description/meshes/ur30/collision/forearm.stl
[1.123s] -- Installing: /home/harry/ur3e_ws/install/ur_description/share/ur_description/meshes/ur30/LICENSE.txt
[1.124s] -- Up-to-date: /home/harry/ur3e_ws/install/ur_description/share/ur_description/meshes/ur10e
[1.124s] -- Up-to-date: /home/harry/ur3e_ws/install/ur_description/share/ur_description/meshes/ur10e/visual
[1.124s] -- Installing: /home/harry/ur3e_ws/install/ur_description/share/ur_description/meshes/ur10e/visual/wrist2.dae
[1.125s] -- Installing: /home/harry/ur3e_ws/install/ur_description/share/ur_description/meshes/ur10e/visual/wrist3.dae
[1.125s] -- Installing: /home/harry/ur3e_ws/install/ur_description/share/ur_description/meshes/ur10e/visual/base.dae
[1.125s] -- Installing: /home/harry/ur3e_ws/install/ur_description/share/ur_description/meshes/ur10e/visual/wrist1.dae
[1.126s] -- Installing: /home/harry/ur3e_ws/install/ur_description/share/ur_description/meshes/ur10e/visual/shoulder.dae
[1.128s] -- Installing: /home/harry/ur3e_ws/install/ur_description/share/ur_description/meshes/ur10e/visual/forearm.dae
[1.129s] -- Installing: /home/harry/ur3e_ws/install/ur_description/share/ur_description/meshes/ur10e/visual/upperarm.dae
[1.131s] -- Up-to-date: /home/harry/ur3e_ws/install/ur_description/share/ur_description/meshes/ur10e/collision
[1.132s] -- Installing: /home/harry/ur3e_ws/install/ur_description/share/ur_description/meshes/ur10e/collision/upperarm.stl
[1.132s] -- Installing: /home/harry/ur3e_ws/install/ur_description/share/ur_description/meshes/ur10e/collision/base.stl
[1.132s] -- Installing: /home/harry/ur3e_ws/install/ur_description/share/ur_description/meshes/ur10e/collision/wrist2.stl
[1.132s] -- Installing: /home/harry/ur3e_ws/install/ur_description/share/ur_description/meshes/ur10e/collision/wrist1.stl
[1.132s] -- Installing: /home/harry/ur3e_ws/install/ur_description/share/ur_description/meshes/ur10e/collision/wrist3.stl
[1.132s] -- Installing: /home/harry/ur3e_ws/install/ur_description/share/ur_description/meshes/ur10e/collision/shoulder.stl
[1.132s] -- Installing: /home/harry/ur3e_ws/install/ur_description/share/ur_description/meshes/ur10e/collision/forearm.stl
[1.132s] -- Up-to-date: /home/harry/ur3e_ws/install/ur_description/share/ur_description/meshes/ur3
[1.132s] -- Up-to-date: /home/harry/ur3e_ws/install/ur_description/share/ur_description/meshes/ur3/visual
[1.132s] -- Installing: /home/harry/ur3e_ws/install/ur_description/share/ur_description/meshes/ur3/visual/wrist2.dae
[1.133s] -- Installing: /home/harry/ur3e_ws/install/ur_description/share/ur_description/meshes/ur3/visual/wrist3.dae
[1.133s] -- Installing: /home/harry/ur3e_ws/install/ur_description/share/ur_description/meshes/ur3/visual/base.dae
[1.133s] -- Installing: /home/harry/ur3e_ws/install/ur_description/share/ur_description/meshes/ur3/visual/wrist1.dae
[1.134s] -- Installing: /home/harry/ur3e_ws/install/ur_description/share/ur_description/meshes/ur3/visual/shoulder.dae
[1.135s] -- Installing: /home/harry/ur3e_ws/install/ur_description/share/ur_description/meshes/ur3/visual/forearm.dae
[1.136s] -- Installing: /home/harry/ur3e_ws/install/ur_description/share/ur_description/meshes/ur3/visual/upperarm.dae
[1.137s] -- Up-to-date: /home/harry/ur3e_ws/install/ur_description/share/ur_description/meshes/ur3/collision
[1.137s] -- Installing: /home/harry/ur3e_ws/install/ur_description/share/ur_description/meshes/ur3/collision/upperarm.stl
[1.138s] -- Installing: /home/harry/ur3e_ws/install/ur_description/share/ur_description/meshes/ur3/collision/base.stl
[1.138s] -- Installing: /home/harry/ur3e_ws/install/ur_description/share/ur_description/meshes/ur3/collision/wrist2.stl
[1.138s] -- Installing: /home/harry/ur3e_ws/install/ur_description/share/ur_description/meshes/ur3/collision/wrist1.stl
[1.138s] -- Installing: /home/harry/ur3e_ws/install/ur_description/share/ur_description/meshes/ur3/collision/wrist3.stl
[1.139s] -- Installing: /home/harry/ur3e_ws/install/ur_description/share/ur_description/meshes/ur3/collision/shoulder.stl
[1.139s] -- Installing: /home/harry/ur3e_ws/install/ur_description/share/ur_description/meshes/ur3/collision/forearm.stl
[1.139s] -- Up-to-date: /home/harry/ur3e_ws/install/ur_description/share/ur_description/meshes/ur10
[1.139s] -- Up-to-date: /home/harry/ur3e_ws/install/ur_description/share/ur_description/meshes/ur10/visual
[1.139s] -- Installing: /home/harry/ur3e_ws/install/ur_description/share/ur_description/meshes/ur10/visual/wrist2.dae
[1.141s] -- Installing: /home/harry/ur3e_ws/install/ur_description/share/ur_description/meshes/ur10/visual/wrist3.dae
[1.141s] -- Installing: /home/harry/ur3e_ws/install/ur_description/share/ur_description/meshes/ur10/visual/base.dae
[1.141s] -- Installing: /home/harry/ur3e_ws/install/ur_description/share/ur_description/meshes/ur10/visual/wrist1.dae
[1.142s] -- Installing: /home/harry/ur3e_ws/install/ur_description/share/ur_description/meshes/ur10/visual/shoulder.dae
[1.143s] -- Installing: /home/harry/ur3e_ws/install/ur_description/share/ur_description/meshes/ur10/visual/forearm.dae
[1.145s] -- Installing: /home/harry/ur3e_ws/install/ur_description/share/ur_description/meshes/ur10/visual/upperarm.dae
[1.147s] -- Up-to-date: /home/harry/ur3e_ws/install/ur_description/share/ur_description/meshes/ur10/collision
[1.147s] -- Installing: /home/harry/ur3e_ws/install/ur_description/share/ur_description/meshes/ur10/collision/upperarm.stl
[1.147s] -- Installing: /home/harry/ur3e_ws/install/ur_description/share/ur_description/meshes/ur10/collision/base.stl
[1.147s] -- Installing: /home/harry/ur3e_ws/install/ur_description/share/ur_description/meshes/ur10/collision/wrist2.stl
[1.147s] -- Installing: /home/harry/ur3e_ws/install/ur_description/share/ur_description/meshes/ur10/collision/wrist1.stl
[1.147s] -- Installing: /home/harry/ur3e_ws/install/ur_description/share/ur_description/meshes/ur10/collision/wrist3.stl
[1.147s] -- Installing: /home/harry/ur3e_ws/install/ur_description/share/ur_description/meshes/ur10/collision/shoulder.stl
[1.147s] -- Installing: /home/harry/ur3e_ws/install/ur_description/share/ur_description/meshes/ur10/collision/forearm.stl
[1.147s] -- Up-to-date: /home/harry/ur3e_ws/install/ur_description/share/ur_description/meshes/ur16e
[1.147s] -- Up-to-date: /home/harry/ur3e_ws/install/ur_description/share/ur_description/meshes/ur16e/visual
[1.147s] -- Installing: /home/harry/ur3e_ws/install/ur_description/share/ur_description/meshes/ur16e/visual/forearm.dae
[1.149s] -- Installing: /home/harry/ur3e_ws/install/ur_description/share/ur_description/meshes/ur16e/visual/upperarm.dae
[1.151s] -- Up-to-date: /home/harry/ur3e_ws/install/ur_description/share/ur_description/meshes/ur16e/collision
[1.152s] -- Installing: /home/harry/ur3e_ws/install/ur_description/share/ur_description/meshes/ur16e/collision/upperarm.stl
[1.152s] -- Installing: /home/harry/ur3e_ws/install/ur_description/share/ur_description/meshes/ur16e/collision/forearm.stl
[1.152s] -- Up-to-date: /home/harry/ur3e_ws/install/ur_description/share/ur_description/meshes/ur3e
[1.152s] -- Up-to-date: /home/harry/ur3e_ws/install/ur_description/share/ur_description/meshes/ur3e/visual
[1.152s] -- Installing: /home/harry/ur3e_ws/install/ur_description/share/ur_description/meshes/ur3e/visual/wrist2.dae
[1.153s] -- Installing: /home/harry/ur3e_ws/install/ur_description/share/ur_description/meshes/ur3e/visual/wrist3.dae
[1.153s] -- Installing: /home/harry/ur3e_ws/install/ur_description/share/ur_description/meshes/ur3e/visual/base.dae
[1.153s] -- Installing: /home/harry/ur3e_ws/install/ur_description/share/ur_description/meshes/ur3e/visual/wrist1.dae
[1.154s] -- Installing: /home/harry/ur3e_ws/install/ur_description/share/ur_description/meshes/ur3e/visual/shoulder.dae
[1.155s] -- Installing: /home/harry/ur3e_ws/install/ur_description/share/ur_description/meshes/ur3e/visual/forearm.dae
[1.156s] -- Installing: /home/harry/ur3e_ws/install/ur_description/share/ur_description/meshes/ur3e/visual/upperarm.dae
[1.159s] -- Up-to-date: /home/harry/ur3e_ws/install/ur_description/share/ur_description/meshes/ur3e/collision
[1.159s] -- Installing: /home/harry/ur3e_ws/install/ur_description/share/ur_description/meshes/ur3e/collision/upperarm.stl
[1.159s] -- Installing: /home/harry/ur3e_ws/install/ur_description/share/ur_description/meshes/ur3e/collision/base.stl
[1.159s] -- Installing: /home/harry/ur3e_ws/install/ur_description/share/ur_description/meshes/ur3e/collision/wrist2.stl
[1.159s] -- Installing: /home/harry/ur3e_ws/install/ur_description/share/ur_description/meshes/ur3e/collision/wrist1.stl
[1.159s] -- Installing: /home/harry/ur3e_ws/install/ur_description/share/ur_description/meshes/ur3e/collision/wrist3.stl
[1.159s] -- Installing: /home/harry/ur3e_ws/install/ur_description/share/ur_description/meshes/ur3e/collision/shoulder.stl
[1.159s] -- Installing: /home/harry/ur3e_ws/install/ur_description/share/ur_description/meshes/ur3e/collision/forearm.stl
[1.159s] -- Up-to-date: /home/harry/ur3e_ws/install/ur_description/share/ur_description/meshes/ur5
[1.159s] -- Up-to-date: /home/harry/ur3e_ws/install/ur_description/share/ur_description/meshes/ur5/visual
[1.160s] -- Installing: /home/harry/ur3e_ws/install/ur_description/share/ur_description/meshes/ur5/visual/wrist2.dae
[1.160s] -- Installing: /home/harry/ur3e_ws/install/ur_description/share/ur_description/meshes/ur5/visual/wrist3.dae
[1.160s] -- Installing: /home/harry/ur3e_ws/install/ur_description/share/ur_description/meshes/ur5/visual/base.dae
[1.161s] -- Installing: /home/harry/ur3e_ws/install/ur_description/share/ur_description/meshes/ur5/visual/wrist1.dae
[1.161s] -- Installing: /home/harry/ur3e_ws/install/ur_description/share/ur_description/meshes/ur5/visual/shoulder.dae
[1.162s] -- Installing: /home/harry/ur3e_ws/install/ur_description/share/ur_description/meshes/ur5/visual/forearm.dae
[1.163s] -- Installing: /home/harry/ur3e_ws/install/ur_description/share/ur_description/meshes/ur5/visual/upperarm.dae
[1.166s] -- Up-to-date: /home/harry/ur3e_ws/install/ur_description/share/ur_description/meshes/ur5/collision
[1.166s] -- Installing: /home/harry/ur3e_ws/install/ur_description/share/ur_description/meshes/ur5/collision/upperarm.stl
[1.166s] -- Installing: /home/harry/ur3e_ws/install/ur_description/share/ur_description/meshes/ur5/collision/base.stl
[1.166s] -- Installing: /home/harry/ur3e_ws/install/ur_description/share/ur_description/meshes/ur5/collision/wrist2.stl
[1.166s] -- Installing: /home/harry/ur3e_ws/install/ur_description/share/ur_description/meshes/ur5/collision/wrist1.stl
[1.166s] -- Installing: /home/harry/ur3e_ws/install/ur_description/share/ur_description/meshes/ur5/collision/wrist3.stl
[1.166s] -- Installing: /home/harry/ur3e_ws/install/ur_description/share/ur_description/meshes/ur5/collision/shoulder.stl
[1.166s] -- Installing: /home/harry/ur3e_ws/install/ur_description/share/ur_description/meshes/ur5/collision/forearm.stl
[1.166s] -- Up-to-date: /home/harry/ur3e_ws/install/ur_description/share/ur_description/meshes/ur20
[1.166s] -- Up-to-date: /home/harry/ur3e_ws/install/ur_description/share/ur_description/meshes/ur20/visual
[1.166s] -- Installing: /home/harry/ur3e_ws/install/ur_description/share/ur_description/meshes/ur20/visual/wrist2.dae
[1.166s] -- Installing: /home/harry/ur3e_ws/install/ur_description/share/ur_description/meshes/ur20/visual/wrist3.dae
[1.167s] -- Installing: /home/harry/ur3e_ws/install/ur_description/share/ur_description/meshes/ur20/visual/UR20_DIFF_8bit_2K.png
[1.168s] -- Installing: /home/harry/ur3e_ws/install/ur_description/share/ur_description/meshes/ur20/visual/base.dae
[1.169s] -- Installing: /home/harry/ur3e_ws/install/ur_description/share/ur_description/meshes/ur20/visual/wrist1.dae
[1.169s] -- Installing: /home/harry/ur3e_ws/install/ur_description/share/ur_description/meshes/ur20/visual/shoulder.dae
[1.169s] -- Installing: /home/harry/ur3e_ws/install/ur_description/share/ur_description/meshes/ur20/visual/forearm.dae
[1.170s] -- Installing: /home/harry/ur3e_ws/install/ur_description/share/ur_description/meshes/ur20/visual/upperarm.dae
[1.171s] -- Up-to-date: /home/harry/ur3e_ws/install/ur_description/share/ur_description/meshes/ur20/collision
[1.171s] -- Installing: /home/harry/ur3e_ws/install/ur_description/share/ur_description/meshes/ur20/collision/upperarm.stl
[1.171s] -- Installing: /home/harry/ur3e_ws/install/ur_description/share/ur_description/meshes/ur20/collision/base.stl
[1.171s] -- Installing: /home/harry/ur3e_ws/install/ur_description/share/ur_description/meshes/ur20/collision/wrist2.stl
[1.171s] -- Installing: /home/harry/ur3e_ws/install/ur_description/share/ur_description/meshes/ur20/collision/wrist1.stl
[1.171s] -- Installing: /home/harry/ur3e_ws/install/ur_description/share/ur_description/meshes/ur20/collision/wrist3.stl
[1.171s] -- Installing: /home/harry/ur3e_ws/install/ur_description/share/ur_description/meshes/ur20/collision/shoulder.stl
[1.172s] -- Installing: /home/harry/ur3e_ws/install/ur_description/share/ur_description/meshes/ur20/collision/forearm.stl
[1.172s] -- Installing: /home/harry/ur3e_ws/install/ur_description/share/ur_description/meshes/ur20/LICENSE.txt
[1.172s] -- Up-to-date: /home/harry/ur3e_ws/install/ur_description/share/ur_description/rviz
[1.172s] -- Installing: /home/harry/ur3e_ws/install/ur_description/share/ur_description/rviz/view_robot.rviz
[1.172s] -- Up-to-date: /home/harry/ur3e_ws/install/ur_description/share/ur_description/urdf
[1.172s] -- Installing: /home/harry/ur3e_ws/install/ur_description/share/ur_description/urdf/ur_mocked.urdf.xacro
[1.172s] -- Installing: /home/harry/ur3e_ws/install/ur_description/share/ur_description/urdf/ur_macro.xacro
[1.172s] -- Installing: /home/harry/ur3e_ws/install/ur_description/share/ur_description/urdf/ros2_control_mock_hardware.xacro
[1.172s] -- Up-to-date: /home/harry/ur3e_ws/install/ur_description/share/ur_description/urdf/inc
[1.172s] -- Installing: /home/harry/ur3e_ws/install/ur_description/share/ur_description/urdf/inc/ur_joint_control.xacro
[1.173s] -- Installing: /home/harry/ur3e_ws/install/ur_description/share/ur_description/urdf/inc/ur_transmissions.xacro
[1.173s] -- Installing: /home/harry/ur3e_ws/install/ur_description/share/ur_description/urdf/inc/ur_common.xacro
[1.173s] -- Installing: /home/harry/ur3e_ws/install/ur_description/share/ur_description/urdf/inc/ur_sensors.xacro
[1.173s] -- Installing: /home/harry/ur3e_ws/install/ur_description/share/ur_description/urdf/ur.urdf.xacro
[1.173s] -- Up-to-date: /home/harry/ur3e_ws/install/ur_description/share/ur_description/test
[1.173s] -- Installing: /home/harry/ur3e_ws/install/ur_description/share/ur_description/test/test_ur_urdf_xacro.py
[1.173s] -- Installing: /home/harry/ur3e_ws/install/ur_description/share/ur_description/test/test_view_ur_launch.py
[1.173s] -- Installing: /home/harry/ur3e_ws/install/ur_description/share/ament_index/resource_index/package_run_dependencies/ur_description
[1.173s] -- Installing: /home/harry/ur3e_ws/install/ur_description/share/ament_index/resource_index/parent_prefix_path/ur_description
[1.174s] -- Up-to-date: /home/harry/ur3e_ws/install/ur_description/share/ur_description/environment/ament_prefix_path.sh
[1.174s] -- Installing: /home/harry/ur3e_ws/install/ur_description/share/ur_description/environment/ament_prefix_path.dsv
[1.174s] -- Up-to-date: /home/harry/ur3e_ws/install/ur_description/share/ur_description/environment/path.sh
[1.174s] -- Installing: /home/harry/ur3e_ws/install/ur_description/share/ur_description/environment/path.dsv
[1.174s] -- Installing: /home/harry/ur3e_ws/install/ur_description/share/ur_description/local_setup.bash
[1.174s] -- Installing: /home/harry/ur3e_ws/install/ur_description/share/ur_description/local_setup.sh
[1.174s] -- Installing: /home/harry/ur3e_ws/install/ur_description/share/ur_description/local_setup.zsh
[1.174s] -- Installing: /home/harry/ur3e_ws/install/ur_description/share/ur_description/local_setup.dsv
[1.174s] -- Installing: /home/harry/ur3e_ws/install/ur_description/share/ur_description/package.dsv
[1.174s] -- Installing: /home/harry/ur3e_ws/install/ur_description/share/ament_index/resource_index/packages/ur_description
[1.174s] -- Installing: /home/harry/ur3e_ws/install/ur_description/share/ur_description/cmake/ur_descriptionConfig.cmake
[1.175s] -- Installing: /home/harry/ur3e_ws/install/ur_description/share/ur_description/cmake/ur_descriptionConfig-version.cmake
[1.175s] -- Installing: /home/harry/ur3e_ws/install/ur_description/share/ur_description/package.xml
[1.177s] Invoked command in '/home/harry/ur3e_ws/build/ur_description' returned '0': CMAKE_PREFIX_PATH=${CMAKE_PREFIX_PATH}:/home/harry/ur3e_ws/install/ur3e_ros_action:/opt/ros/iron /usr/bin/cmake --install /home/harry/ur3e_ws/build/ur_description
