[4.211s] DEBUG:colcon:Command line arguments: ['/usr/bin/colcon', 'list', '-p', '--base-paths', '/home/harry/ur_ws']
[4.212s] DEBUG:colcon:Parsed command line arguments: Namespace(log_base=None, log_level=None, verb_name='list', build_base='build', ignore_user_meta=False, metas=['./colcon.meta'], base_paths=['/home/harry/ur_ws'], packages_ignore=None, packages_ignore_regex=None, paths=None, packages_up_to=None, packages_up_to_regex=None, packages_above=None, packages_above_and_dependencies=None, packages_above_depth=None, packages_select_by_dep=None, packages_skip_by_dep=None, packages_skip_up_to=None, packages_select_build_failed=False, packages_skip_build_finished=False, packages_select_test_failures=False, packages_skip_test_passed=False, packages_select=None, packages_skip=None, packages_select_regex=None, packages_skip_regex=None, packages_start=None, packages_end=None, allow_overriding=[], topological_order=False, names_only=False, paths_only=True, topological_graph=False, topological_graph_dot=False, topological_graph_density=False, topological_graph_legend=False, topological_graph_dot_cluster=False, topological_graph_dot_include_skipped=False, verb_parser=<colcon_defaults.argument_parser.defaults.DefaultArgumentsDecorator object at 0x728facbef370>, verb_extension=<colcon_package_information.verb.list.ListVerb object at 0x728facbee470>, main=<bound method ListVerb.main of <colcon_package_information.verb.list.ListVerb object at 0x728facbee470>>)
[11.546s] Level 1:colcon.colcon_core.package_discovery:discover_packages(colcon_meta) check parameters
[11.546s] Level 1:colcon.colcon_core.package_discovery:discover_packages(recursive) check parameters
[11.546s] Level 1:colcon.colcon_core.package_discovery:discover_packages(ignore) check parameters
[11.546s] Level 1:colcon.colcon_core.package_discovery:discover_packages(path) check parameters
[11.546s] Level 1:colcon.colcon_core.package_discovery:discover_packages(recursive) discover
[11.547s] INFO:colcon.colcon_core.package_discovery:Crawling recursively for packages in '/home/harry/ur_ws'
[11.567s] Level 1:colcon.colcon_core.package_identification:_identify(/home/harry/ur_ws) by extensions ['ignore', 'ignore_ament_install']
[11.567s] Level 1:colcon.colcon_core.package_identification:_identify(/home/harry/ur_ws) by extension 'ignore'
[11.568s] Level 1:colcon.colcon_core.package_identification:_identify(/home/harry/ur_ws) by extension 'ignore_ament_install'
[11.568s] Level 1:colcon.colcon_core.package_identification:_identify(/home/harry/ur_ws) by extensions ['colcon_pkg']
[11.568s] Level 1:colcon.colcon_core.package_identification:_identify(/home/harry/ur_ws) by extension 'colcon_pkg'
[11.568s] Level 1:colcon.colcon_core.package_identification:_identify(/home/harry/ur_ws) by extensions ['colcon_meta']
[11.568s] Level 1:colcon.colcon_core.package_identification:_identify(/home/harry/ur_ws) by extension 'colcon_meta'
[11.568s] Level 1:colcon.colcon_core.package_identification:_identify(/home/harry/ur_ws) by extensions ['ros']
[11.568s] Level 1:colcon.colcon_core.package_identification:_identify(/home/harry/ur_ws) by extension 'ros'
[12.429s] Level 1:colcon.colcon_core.package_identification:_identify(/home/harry/ur_ws) by extensions ['cmake', 'python']
[12.430s] Level 1:colcon.colcon_core.package_identification:_identify(/home/harry/ur_ws) by extension 'cmake'
[12.460s] Level 1:colcon.colcon_core.package_identification:_identify(/home/harry/ur_ws) by extension 'python'
[12.461s] Level 1:colcon.colcon_core.package_identification:_identify(/home/harry/ur_ws) by extensions ['python_setup_py']
[12.461s] Level 1:colcon.colcon_core.package_identification:_identify(/home/harry/ur_ws) by extension 'python_setup_py'
[12.462s] Level 1:colcon.colcon_core.package_identification:_identify(/home/harry/ur_ws/log) by extensions ['ignore', 'ignore_ament_install']
[12.462s] Level 1:colcon.colcon_core.package_identification:_identify(/home/harry/ur_ws/log) by extension 'ignore'
[12.462s] Level 1:colcon.colcon_core.package_identification:_identify(/home/harry/ur_ws/log) ignored
[12.462s] Level 1:colcon.colcon_core.package_identification:_identify(/home/harry/ur_ws/src) by extensions ['ignore', 'ignore_ament_install']
[12.511s] Level 1:colcon.colcon_core.package_identification:_identify(/home/harry/ur_ws/src) by extension 'ignore'
[12.512s] Level 1:colcon.colcon_core.package_identification:_identify(/home/harry/ur_ws/src) by extension 'ignore_ament_install'
[12.512s] Level 1:colcon.colcon_core.package_identification:_identify(/home/harry/ur_ws/src) by extensions ['colcon_pkg']
[12.512s] Level 1:colcon.colcon_core.package_identification:_identify(/home/harry/ur_ws/src) by extension 'colcon_pkg'
[12.512s] Level 1:colcon.colcon_core.package_identification:_identify(/home/harry/ur_ws/src) by extensions ['colcon_meta']
[12.512s] Level 1:colcon.colcon_core.package_identification:_identify(/home/harry/ur_ws/src) by extension 'colcon_meta'
[12.512s] Level 1:colcon.colcon_core.package_identification:_identify(/home/harry/ur_ws/src) by extensions ['ros']
[12.513s] Level 1:colcon.colcon_core.package_identification:_identify(/home/harry/ur_ws/src) by extension 'ros'
[12.513s] Level 1:colcon.colcon_core.package_identification:_identify(/home/harry/ur_ws/src) by extensions ['cmake', 'python']
[12.513s] Level 1:colcon.colcon_core.package_identification:_identify(/home/harry/ur_ws/src) by extension 'cmake'
[12.513s] Level 1:colcon.colcon_core.package_identification:_identify(/home/harry/ur_ws/src) by extension 'python'
[12.513s] Level 1:colcon.colcon_core.package_identification:_identify(/home/harry/ur_ws/src) by extensions ['python_setup_py']
[12.513s] Level 1:colcon.colcon_core.package_identification:_identify(/home/harry/ur_ws/src) by extension 'python_setup_py'
[12.514s] Level 1:colcon.colcon_core.package_identification:_identify(/home/harry/ur_ws/src/ur3e_gazebo_sim) by extensions ['ignore', 'ignore_ament_install']
[12.514s] Level 1:colcon.colcon_core.package_identification:_identify(/home/harry/ur_ws/src/ur3e_gazebo_sim) by extension 'ignore'
[12.514s] Level 1:colcon.colcon_core.package_identification:_identify(/home/harry/ur_ws/src/ur3e_gazebo_sim) by extension 'ignore_ament_install'
[12.514s] Level 1:colcon.colcon_core.package_identification:_identify(/home/harry/ur_ws/src/ur3e_gazebo_sim) by extensions ['colcon_pkg']
[12.514s] Level 1:colcon.colcon_core.package_identification:_identify(/home/harry/ur_ws/src/ur3e_gazebo_sim) by extension 'colcon_pkg'
[12.515s] Level 1:colcon.colcon_core.package_identification:_identify(/home/harry/ur_ws/src/ur3e_gazebo_sim) by extensions ['colcon_meta']
[12.515s] Level 1:colcon.colcon_core.package_identification:_identify(/home/harry/ur_ws/src/ur3e_gazebo_sim) by extension 'colcon_meta'
[12.638s] Level 1:colcon.colcon_core.package_identification:_identify(/home/harry/ur_ws/src/ur3e_gazebo_sim) by extensions ['ros']
[12.638s] Level 1:colcon.colcon_core.package_identification:_identify(/home/harry/ur_ws/src/ur3e_gazebo_sim) by extension 'ros'
[12.767s] DEBUG:colcon.colcon_core.package_identification:Package '/home/harry/ur_ws/src/ur3e_gazebo_sim' with type 'ros.ament_cmake' and name 'ur3e_gazebo_sim'
[12.804s] Level 1:colcon.colcon_core.package_discovery:discover_packages(recursive) using defaults
