[0.075s] Invoking command in '/home/harry/ur3e_ws/build/ur3e_gazebo_sim': CMAKE_PREFIX_PATH=${CMAKE_PREFIX_PATH}:/home/harry/ur3e_ws/install/ur3e_ros_action:/home/harry/ur_ws/install/ur3e_ros_action:/opt/ros/iron /usr/bin/cmake --build /home/harry/ur3e_ws/build/ur3e_gazebo_sim -- -j2 -l2
[0.263s] -- Found ament_cmake: 2.0.4 (/opt/ros/iron/share/ament_cmake/cmake)
[1.644s] -- Found ament_lint_auto: 0.14.3 (/opt/ros/iron/share/ament_lint_auto/cmake)
[2.449s] -- Added test 'flake8' to check Python code syntax and style conventions
[2.449s] -- Configured 'flake8' exclude dirs and/or files: 
[2.452s] -- Added test 'lint_cmake' to check CMake code style
[2.454s] -- Added test 'pep257' to check Python code against some of the docstring style conventions in PEP 257
[2.468s] -- Added test 'xmllint' to check XML markup files
[2.483s] -- Configuring done
[2.515s] -- Generating done
[2.521s] -- Build files have been written to: /home/harry/ur3e_ws/build/ur3e_gazebo_sim
[2.712s] Invoked command in '/home/harry/ur3e_ws/build/ur3e_gazebo_sim' returned '0': CMAKE_PREFIX_PATH=${CMAKE_PREFIX_PATH}:/home/harry/ur3e_ws/install/ur3e_ros_action:/home/harry/ur_ws/install/ur3e_ros_action:/opt/ros/iron /usr/bin/cmake --build /home/harry/ur3e_ws/build/ur3e_gazebo_sim -- -j2 -l2
[3.027s] Invoking command in '/home/harry/ur3e_ws/build/ur3e_gazebo_sim': CMAKE_PREFIX_PATH=${CMAKE_PREFIX_PATH}:/home/harry/ur3e_ws/install/ur3e_ros_action:/home/harry/ur_ws/install/ur3e_ros_action:/opt/ros/iron /usr/bin/cmake --install /home/harry/ur3e_ws/build/ur3e_gazebo_sim
[3.129s] -- Install configuration: ""
[3.130s] -- Up-to-date: /home/harry/ur3e_ws/install/ur3e_gazebo_sim/share/ur3e_gazebo_sim/config
[3.130s] -- Up-to-date: /home/harry/ur3e_ws/install/ur3e_gazebo_sim/share/ur3e_gazebo_sim/config/joint_limits.yaml
[3.130s] -- Up-to-date: /home/harry/ur3e_ws/install/ur3e_gazebo_sim/share/ur3e_gazebo_sim/config/visual_parameters.yaml
[3.130s] -- Up-to-date: /home/harry/ur3e_ws/install/ur3e_gazebo_sim/share/ur3e_gazebo_sim/config/default_kinematics.yaml
[3.131s] -- Up-to-date: /home/harry/ur3e_ws/install/ur3e_gazebo_sim/share/ur3e_gazebo_sim/config/physical_parameters.yaml
[3.131s] -- Up-to-date: /home/harry/ur3e_ws/install/ur3e_gazebo_sim/share/ur3e_gazebo_sim/config/ur3e_controller.yaml
[3.131s] -- Up-to-date: /home/harry/ur3e_ws/install/ur3e_gazebo_sim/share/ur3e_gazebo_sim/config/initial_positions.yaml
[3.131s] -- Up-to-date: /home/harry/ur3e_ws/install/ur3e_gazebo_sim/share/ur3e_gazebo_sim/launch
[3.131s] -- Up-to-date: /home/harry/ur3e_ws/install/ur3e_gazebo_sim/share/ur3e_gazebo_sim/launch/ur3e_sim.launch.py
[3.132s] -- Up-to-date: /home/harry/ur3e_ws/install/ur3e_gazebo_sim/share/ur3e_gazebo_sim/urdf
[3.132s] -- Up-to-date: /home/harry/ur3e_ws/install/ur3e_gazebo_sim/share/ur3e_gazebo_sim/urdf/ur3e_ros2_control.xacro
[3.132s] -- Up-to-date: /home/harry/ur3e_ws/install/ur3e_gazebo_sim/share/ur3e_gazebo_sim/urdf/ur3e.urdf.xacro
[3.132s] -- Up-to-date: /home/harry/ur3e_ws/install/ur3e_gazebo_sim/share/ur3e_gazebo_sim/urdf/ur3e_common.xacro
[3.133s] -- Up-to-date: /home/harry/ur3e_ws/install/ur3e_gazebo_sim/share/ur3e_gazebo_sim/urdf/ur3e_macro.urdf.xacro
[3.137s] -- Up-to-date: /home/harry/ur3e_ws/install/ur3e_gazebo_sim/share/ur3e_gazebo_sim/urdf/ur3e_transmission.xacro
[3.138s] -- Up-to-date: /home/harry/ur3e_ws/install/ur3e_gazebo_sim/share/ur3e_gazebo_sim/worlds
[3.138s] -- Up-to-date: /home/harry/ur3e_ws/install/ur3e_gazebo_sim/share/ur3e_gazebo_sim/worlds/ur3e.world
[3.138s] -- Up-to-date: /home/harry/ur3e_ws/install/ur3e_gazebo_sim/share/ur3e_gazebo_sim/worlds/ur3e_2.world
[3.139s] -- Up-to-date: /home/harry/ur3e_ws/install/ur3e_gazebo_sim/share/ur3e_gazebo_sim/meshes
[3.139s] -- Up-to-date: /home/harry/ur3e_ws/install/ur3e_gazebo_sim/share/ur3e_gazebo_sim/meshes/visual
[3.139s] -- Up-to-date: /home/harry/ur3e_ws/install/ur3e_gazebo_sim/share/ur3e_gazebo_sim/meshes/visual/wrist1.dae
[3.139s] -- Up-to-date: /home/harry/ur3e_ws/install/ur3e_gazebo_sim/share/ur3e_gazebo_sim/meshes/visual/base.dae
[3.140s] -- Up-to-date: /home/harry/ur3e_ws/install/ur3e_gazebo_sim/share/ur3e_gazebo_sim/meshes/visual/shoulder.dae
[3.140s] -- Up-to-date: /home/harry/ur3e_ws/install/ur3e_gazebo_sim/share/ur3e_gazebo_sim/meshes/visual/forearm.dae
[3.140s] -- Up-to-date: /home/harry/ur3e_ws/install/ur3e_gazebo_sim/share/ur3e_gazebo_sim/meshes/visual/upperarm.dae
[3.140s] -- Up-to-date: /home/harry/ur3e_ws/install/ur3e_gazebo_sim/share/ur3e_gazebo_sim/meshes/visual/wrist3.dae
[3.141s] -- Up-to-date: /home/harry/ur3e_ws/install/ur3e_gazebo_sim/share/ur3e_gazebo_sim/meshes/visual/wrist2.dae
[3.141s] -- Up-to-date: /home/harry/ur3e_ws/install/ur3e_gazebo_sim/share/ur3e_gazebo_sim/meshes/collision
[3.141s] -- Up-to-date: /home/harry/ur3e_ws/install/ur3e_gazebo_sim/share/ur3e_gazebo_sim/meshes/collision/shoulder.stl
[3.189s] -- Up-to-date: /home/harry/ur3e_ws/install/ur3e_gazebo_sim/share/ur3e_gazebo_sim/meshes/collision/wrist3.stl
[3.189s] -- Up-to-date: /home/harry/ur3e_ws/install/ur3e_gazebo_sim/share/ur3e_gazebo_sim/meshes/collision/wrist1.stl
[3.190s] -- Up-to-date: /home/harry/ur3e_ws/install/ur3e_gazebo_sim/share/ur3e_gazebo_sim/meshes/collision/forearm.stl
[3.190s] -- Up-to-date: /home/harry/ur3e_ws/install/ur3e_gazebo_sim/share/ur3e_gazebo_sim/meshes/collision/wrist2.stl
[3.190s] -- Up-to-date: /home/harry/ur3e_ws/install/ur3e_gazebo_sim/share/ur3e_gazebo_sim/meshes/collision/upperarm.stl
[3.190s] -- Up-to-date: /home/harry/ur3e_ws/install/ur3e_gazebo_sim/share/ur3e_gazebo_sim/meshes/collision/base.stl
[3.191s] -- Up-to-date: /home/harry/ur3e_ws/install/ur3e_gazebo_sim/share/ament_index/resource_index/package_run_dependencies/ur3e_gazebo_sim
[3.191s] -- Up-to-date: /home/harry/ur3e_ws/install/ur3e_gazebo_sim/share/ament_index/resource_index/parent_prefix_path/ur3e_gazebo_sim
[3.191s] -- Up-to-date: /home/harry/ur3e_ws/install/ur3e_gazebo_sim/share/ur3e_gazebo_sim/environment/ament_prefix_path.sh
[3.191s] -- Up-to-date: /home/harry/ur3e_ws/install/ur3e_gazebo_sim/share/ur3e_gazebo_sim/environment/ament_prefix_path.dsv
[3.191s] -- Up-to-date: /home/harry/ur3e_ws/install/ur3e_gazebo_sim/share/ur3e_gazebo_sim/environment/path.sh
[3.192s] -- Up-to-date: /home/harry/ur3e_ws/install/ur3e_gazebo_sim/share/ur3e_gazebo_sim/environment/path.dsv
[3.197s] -- Up-to-date: /home/harry/ur3e_ws/install/ur3e_gazebo_sim/share/ur3e_gazebo_sim/local_setup.bash
[3.198s] -- Up-to-date: /home/harry/ur3e_ws/install/ur3e_gazebo_sim/share/ur3e_gazebo_sim/local_setup.sh
[3.198s] -- Up-to-date: /home/harry/ur3e_ws/install/ur3e_gazebo_sim/share/ur3e_gazebo_sim/local_setup.zsh
[3.198s] -- Up-to-date: /home/harry/ur3e_ws/install/ur3e_gazebo_sim/share/ur3e_gazebo_sim/local_setup.dsv
[3.198s] -- Installing: /home/harry/ur3e_ws/install/ur3e_gazebo_sim/share/ur3e_gazebo_sim/package.dsv
[3.198s] -- Up-to-date: /home/harry/ur3e_ws/install/ur3e_gazebo_sim/share/ament_index/resource_index/packages/ur3e_gazebo_sim
[3.198s] -- Up-to-date: /home/harry/ur3e_ws/install/ur3e_gazebo_sim/share/ur3e_gazebo_sim/cmake/ur3e_gazebo_simConfig.cmake
[3.199s] -- Up-to-date: /home/harry/ur3e_ws/install/ur3e_gazebo_sim/share/ur3e_gazebo_sim/cmake/ur3e_gazebo_simConfig-version.cmake
[3.199s] -- Up-to-date: /home/harry/ur3e_ws/install/ur3e_gazebo_sim/share/ur3e_gazebo_sim/package.xml
[3.199s] Invoked command in '/home/harry/ur3e_ws/build/ur3e_gazebo_sim' returned '0': CMAKE_PREFIX_PATH=${CMAKE_PREFIX_PATH}:/home/harry/ur3e_ws/install/ur3e_ros_action:/home/harry/ur_ws/install/ur3e_ros_action:/opt/ros/iron /usr/bin/cmake --install /home/harry/ur3e_ws/build/ur3e_gazebo_sim
