[0.028s] Invoking command in '/home/harry/ur3e_ws/build/ur3e_moveit_config': CMAKE_PREFIX_PATH=${CMAKE_PREFIX_PATH}:/home/harry/ur3e_ws/install/ur3e_ros_action:/opt/ros/iron /usr/bin/cmake --build /home/harry/ur3e_ws/build/ur3e_moveit_config -- -j8 -l8
[0.244s] Invoked command in '/home/harry/ur3e_ws/build/ur3e_moveit_config' returned '0': CMAKE_PREFIX_PATH=${CMAKE_PREFIX_PATH}:/home/harry/ur3e_ws/install/ur3e_ros_action:/opt/ros/iron /usr/bin/cmake --build /home/harry/ur3e_ws/build/ur3e_moveit_config -- -j8 -l8
[0.272s] Invoking command in '/home/harry/ur3e_ws/build/ur3e_moveit_config': CMAKE_PREFIX_PATH=${CMAKE_PREFIX_PATH}:/home/harry/ur3e_ws/install/ur3e_ros_action:/opt/ros/iron /usr/bin/cmake --install /home/harry/ur3e_ws/build/ur3e_moveit_config
[0.293s] -- Install configuration: ""
[0.293s] -- Up-to-date: /home/harry/ur3e_ws/install/ur3e_moveit_config/share/ur3e_moveit_config//urdf
[0.293s] -- Up-to-date: /home/harry/ur3e_ws/install/ur3e_moveit_config/share/ur3e_moveit_config//urdf/ur3e_common.xacro
[0.293s] -- Up-to-date: /home/harry/ur3e_ws/install/ur3e_moveit_config/share/ur3e_moveit_config//urdf/ur3e_ros2_control.xacro
[0.293s] -- Up-to-date: /home/harry/ur3e_ws/install/ur3e_moveit_config/share/ur3e_moveit_config//urdf/ur3e_macro.urdf.xacro
[0.293s] -- Up-to-date: /home/harry/ur3e_ws/install/ur3e_moveit_config/share/ur3e_moveit_config//urdf/ur3e_transmission.xacro
[0.293s] -- Up-to-date: /home/harry/ur3e_ws/install/ur3e_moveit_config/share/ur3e_moveit_config//urdf/ur3e.urdf.xacro
[0.293s] -- Up-to-date: /home/harry/ur3e_ws/install/ur3e_moveit_config/share/ament_index/resource_index/package_run_dependencies/ur3e_moveit_config
[0.293s] -- Up-to-date: /home/harry/ur3e_ws/install/ur3e_moveit_config/share/ament_index/resource_index/parent_prefix_path/ur3e_moveit_config
[0.293s] -- Up-to-date: /home/harry/ur3e_ws/install/ur3e_moveit_config/share/ur3e_moveit_config/environment/ament_prefix_path.sh
[0.294s] -- Up-to-date: /home/harry/ur3e_ws/install/ur3e_moveit_config/share/ur3e_moveit_config/environment/ament_prefix_path.dsv
[0.294s] -- Up-to-date: /home/harry/ur3e_ws/install/ur3e_moveit_config/share/ur3e_moveit_config/environment/path.sh
[0.294s] -- Up-to-date: /home/harry/ur3e_ws/install/ur3e_moveit_config/share/ur3e_moveit_config/environment/path.dsv
[0.294s] -- Up-to-date: /home/harry/ur3e_ws/install/ur3e_moveit_config/share/ur3e_moveit_config/local_setup.bash
[0.294s] -- Up-to-date: /home/harry/ur3e_ws/install/ur3e_moveit_config/share/ur3e_moveit_config/local_setup.sh
[0.294s] -- Up-to-date: /home/harry/ur3e_ws/install/ur3e_moveit_config/share/ur3e_moveit_config/local_setup.zsh
[0.294s] -- Up-to-date: /home/harry/ur3e_ws/install/ur3e_moveit_config/share/ur3e_moveit_config/local_setup.dsv
[0.294s] -- Installing: /home/harry/ur3e_ws/install/ur3e_moveit_config/share/ur3e_moveit_config/package.dsv
[0.294s] -- Up-to-date: /home/harry/ur3e_ws/install/ur3e_moveit_config/share/ament_index/resource_index/packages/ur3e_moveit_config
[0.294s] -- Up-to-date: /home/harry/ur3e_ws/install/ur3e_moveit_config/share/ur3e_moveit_config/cmake/ur3e_moveit_configConfig.cmake
[0.294s] -- Up-to-date: /home/harry/ur3e_ws/install/ur3e_moveit_config/share/ur3e_moveit_config/cmake/ur3e_moveit_configConfig-version.cmake
[0.294s] -- Up-to-date: /home/harry/ur3e_ws/install/ur3e_moveit_config/share/ur3e_moveit_config/package.xml
[0.303s] Invoked command in '/home/harry/ur3e_ws/build/ur3e_moveit_config' returned '0': CMAKE_PREFIX_PATH=${CMAKE_PREFIX_PATH}:/home/harry/ur3e_ws/install/ur3e_ros_action:/opt/ros/iron /usr/bin/cmake --install /home/harry/ur3e_ws/build/ur3e_moveit_config
